[  0%] Built target xarm_msgs__rosidl_generator_type_description
[  0%] Built target xarm_msgs__rs
[  0%] Built target xarm_msgs__cpp
[  0%] Built target ament_cmake_python_copy_xarm_msgs
[ 29%] Built target xarm_msgs__rosidl_generator_c
[ 39%] Built target xarm_msgs__rosidl_typesupport_c
[ 49%] Built target xarm_msgs__rosidl_typesupport_introspection_c
[ 58%] Built target xarm_msgs__rosidl_typesupport_fastrtps_cpp
[ 68%] Built target xarm_msgs__rosidl_typesupport_fastrtps_c
[ 78%] Built target xarm_msgs__rosidl_typesupport_introspection_cpp
[ 88%] Built target xarm_msgs__rosidl_typesupport_cpp
[ 88%] Built target xarm_msgs
[ 88%] Built target xarm_msgs__py
running egg_info
writing xarm_msgs.egg-info/PKG-INFO
writing dependency_links to xarm_msgs.egg-info/dependency_links.txt
writing top-level names to xarm_msgs.egg-info/top_level.txt
[ 98%] Built target xarm_msgs__rosidl_generator_py
[ 99%] Built target xarm_msgs_s__rosidl_typesupport_fastrtps_c
[ 99%] Built target xarm_msgs_s__rosidl_typesupport_c
[100%] Built target xarm_msgs_s__rosidl_typesupport_introspection_c
reading manifest file 'xarm_msgs.egg-info/SOURCES.txt'
writing manifest file 'xarm_msgs.egg-info/SOURCES.txt'
[100%] Built target ament_cmake_python_build_xarm_msgs_egg
