[0.046s] Invoking command in '/home/rob/project/csci5551-s26-team-pointbot/build/xarm_msgs': CMAKE_PREFIX_PATH=${CMAKE_PREFIX_PATH}:/home/rob/project/csci5551-s26-team-pointbot/install/pointbot_rviz:/home/rob/project/csci5551-s26-team-pointbot/install/uf_ros_lib:/home/rob/project/csci5551-s26-team-pointbot/install/planning:/home/rob/project/csci5551-s26-team-pointbot/install/perception:/opt/ros/jazzy DEBUGINFOD_URLS=https://debuginfod.ubuntu.com /usr/bin/cmake --build /home/rob/project/csci5551-s26-team-pointbot/build/xarm_msgs -- -j16 -l16
[0.386s] [  0%] Built target xarm_msgs__rosidl_generator_type_description
[0.388s] [  0%] Built target xarm_msgs__rs
[0.389s] [  0%] Built target xarm_msgs__cpp
[0.389s] [  0%] Built target ament_cmake_python_copy_xarm_msgs
[0.389s] [ 29%] Built target xarm_msgs__rosidl_generator_c
[0.423s] [ 39%] Built target xarm_msgs__rosidl_typesupport_c
[0.436s] [ 49%] Built target xarm_msgs__rosidl_typesupport_introspection_c
[0.533s] [ 58%] Built target xarm_msgs__rosidl_typesupport_fastrtps_cpp
[0.533s] [ 68%] Built target xarm_msgs__rosidl_typesupport_fastrtps_c
[0.533s] [ 78%] Built target xarm_msgs__rosidl_typesupport_introspection_cpp
[0.533s] [ 88%] Built target xarm_msgs__rosidl_typesupport_cpp
[0.534s] [ 88%] Built target xarm_msgs
[0.596s] [ 88%] Built target xarm_msgs__py
[0.712s] running egg_info
[0.740s] writing xarm_msgs.egg-info/PKG-INFO
[0.741s] writing dependency_links to xarm_msgs.egg-info/dependency_links.txt
[0.741s] writing top-level names to xarm_msgs.egg-info/top_level.txt
[0.761s] [ 98%] Built target xarm_msgs__rosidl_generator_py
[0.808s] [ 99%] Built target xarm_msgs_s__rosidl_typesupport_fastrtps_c
[0.808s] [ 99%] Built target xarm_msgs_s__rosidl_typesupport_c
[0.809s] [100%] Built target xarm_msgs_s__rosidl_typesupport_introspection_c
[0.826s] reading manifest file 'xarm_msgs.egg-info/SOURCES.txt'
[0.827s] writing manifest file 'xarm_msgs.egg-info/SOURCES.txt'
[0.876s] [100%] Built target ament_cmake_python_build_xarm_msgs_egg
