[0.034s] Invoking command in '/home/rob/project/csci5551-s26-team-pointbot/build/xarm_moveit_config': CMAKE_PREFIX_PATH=${CMAKE_PREFIX_PATH}:/opt/ros/jazzy CONDA_PROMPT_MODIFIER=(base) DEBUGINFOD_URLS=https://debuginfod.ubuntu.com LD_LIBRARY_PATH=/home/rob/project/csci5551-s26-team-pointbot/install/lib:/opt/ros/jazzy/opt/sdformat_vendor/lib:/opt/ros/jazzy/opt/rviz_ogre_vendor/lib:/opt/ros/jazzy/lib/x86_64-linux-gnu:/opt/ros/jazzy/opt/gz_math_vendor/lib:/opt/ros/jazzy/opt/gz_utils_vendor/lib:/opt/ros/jazzy/opt/gz_tools_vendor/lib:/opt/ros/jazzy/opt/gz_cmake_vendor/lib:/opt/ros/jazzy/lib:/usr/local/cuda-12.8/lib64’ PYTHONPATH=/home/rob/project/csci5551-s26-team-pointbot/install/lib/python3.12/site-packages:/home/rob/project/csci5551-s26-team-pointbot/install/lib/python3.13/site-packages:/opt/ros/jazzy/lib/python3.12/site-packages:/home/rob/robotics5551:/home/rob/robotics5551 /usr/bin/cmake --build /home/rob/project/csci5551-s26-team-pointbot/build/xarm_moveit_config -- -j16 -l16
[0.098s] Invoked command in '/home/rob/project/csci5551-s26-team-pointbot/build/xarm_moveit_config' returned '0': CMAKE_PREFIX_PATH=${CMAKE_PREFIX_PATH}:/opt/ros/jazzy CONDA_PROMPT_MODIFIER=(base) DEBUGINFOD_URLS=https://debuginfod.ubuntu.com LD_LIBRARY_PATH=/home/rob/project/csci5551-s26-team-pointbot/install/lib:/opt/ros/jazzy/opt/sdformat_vendor/lib:/opt/ros/jazzy/opt/rviz_ogre_vendor/lib:/opt/ros/jazzy/lib/x86_64-linux-gnu:/opt/ros/jazzy/opt/gz_math_vendor/lib:/opt/ros/jazzy/opt/gz_utils_vendor/lib:/opt/ros/jazzy/opt/gz_tools_vendor/lib:/opt/ros/jazzy/opt/gz_cmake_vendor/lib:/opt/ros/jazzy/lib:/usr/local/cuda-12.8/lib64’ PYTHONPATH=/home/rob/project/csci5551-s26-team-pointbot/install/lib/python3.12/site-packages:/home/rob/project/csci5551-s26-team-pointbot/install/lib/python3.13/site-packages:/opt/ros/jazzy/lib/python3.12/site-packages:/home/rob/robotics5551:/home/rob/robotics5551 /usr/bin/cmake --build /home/rob/project/csci5551-s26-team-pointbot/build/xarm_moveit_config -- -j16 -l16
[0.100s] Invoking command in '/home/rob/project/csci5551-s26-team-pointbot/build/xarm_moveit_config': CMAKE_PREFIX_PATH=${CMAKE_PREFIX_PATH}:/opt/ros/jazzy CONDA_PROMPT_MODIFIER=(base) DEBUGINFOD_URLS=https://debuginfod.ubuntu.com LD_LIBRARY_PATH=/home/rob/project/csci5551-s26-team-pointbot/install/lib:/opt/ros/jazzy/opt/sdformat_vendor/lib:/opt/ros/jazzy/opt/rviz_ogre_vendor/lib:/opt/ros/jazzy/lib/x86_64-linux-gnu:/opt/ros/jazzy/opt/gz_math_vendor/lib:/opt/ros/jazzy/opt/gz_utils_vendor/lib:/opt/ros/jazzy/opt/gz_tools_vendor/lib:/opt/ros/jazzy/opt/gz_cmake_vendor/lib:/opt/ros/jazzy/lib:/usr/local/cuda-12.8/lib64’ PYTHONPATH=/home/rob/project/csci5551-s26-team-pointbot/install/lib/python3.12/site-packages:/home/rob/project/csci5551-s26-team-pointbot/install/lib/python3.13/site-packages:/opt/ros/jazzy/lib/python3.12/site-packages:/home/rob/robotics5551:/home/rob/robotics5551 /usr/bin/cmake --install /home/rob/project/csci5551-s26-team-pointbot/build/xarm_moveit_config
[0.114s] -- Install configuration: ""
[0.115s] -- Up-to-date: /home/rob/project/csci5551-s26-team-pointbot/install/share/xarm_moveit_config//config
[0.115s] -- Up-to-date: /home/rob/project/csci5551-s26-team-pointbot/install/share/xarm_moveit_config//config/xarm7
[0.115s] -- Up-to-date: /home/rob/project/csci5551-s26-team-pointbot/install/share/xarm_moveit_config//config/xarm7/kinematics.yaml
[0.115s] -- Up-to-date: /home/rob/project/csci5551-s26-team-pointbot/install/share/xarm_moveit_config//config/xarm7/joint_limits.yaml
[0.115s] -- Up-to-date: /home/rob/project/csci5551-s26-team-pointbot/install/share/xarm_moveit_config//config/xarm7/controllers.yaml
[0.115s] -- Up-to-date: /home/rob/project/csci5551-s26-team-pointbot/install/share/xarm_moveit_config//config/xarm7/ompl_planning.yaml
[0.115s] -- Up-to-date: /home/rob/project/csci5551-s26-team-pointbot/install/share/xarm_moveit_config//config/xarm7/fake_controllers.yaml
[0.116s] -- Up-to-date: /home/rob/project/csci5551-s26-team-pointbot/install/share/xarm_moveit_config//config/xarm6
[0.116s] -- Up-to-date: /home/rob/project/csci5551-s26-team-pointbot/install/share/xarm_moveit_config//config/xarm6/kinematics.yaml
[0.116s] -- Up-to-date: /home/rob/project/csci5551-s26-team-pointbot/install/share/xarm_moveit_config//config/xarm6/joint_limits.yaml
[0.116s] -- Up-to-date: /home/rob/project/csci5551-s26-team-pointbot/install/share/xarm_moveit_config//config/xarm6/controllers.yaml
[0.116s] -- Up-to-date: /home/rob/project/csci5551-s26-team-pointbot/install/share/xarm_moveit_config//config/xarm6/ompl_planning.yaml
[0.116s] -- Up-to-date: /home/rob/project/csci5551-s26-team-pointbot/install/share/xarm_moveit_config//config/xarm6/fake_controllers.yaml
[0.116s] -- Up-to-date: /home/rob/project/csci5551-s26-team-pointbot/install/share/xarm_moveit_config//config/lite6
[0.116s] -- Up-to-date: /home/rob/project/csci5551-s26-team-pointbot/install/share/xarm_moveit_config//config/lite6/kinematics.yaml
[0.116s] -- Up-to-date: /home/rob/project/csci5551-s26-team-pointbot/install/share/xarm_moveit_config//config/lite6/joint_limits.yaml
[0.117s] -- Up-to-date: /home/rob/project/csci5551-s26-team-pointbot/install/share/xarm_moveit_config//config/lite6/controllers.yaml
[0.117s] -- Up-to-date: /home/rob/project/csci5551-s26-team-pointbot/install/share/xarm_moveit_config//config/lite6/ompl_planning.yaml
[0.117s] -- Up-to-date: /home/rob/project/csci5551-s26-team-pointbot/install/share/xarm_moveit_config//config/lite6/fake_controllers.yaml
[0.117s] -- Up-to-date: /home/rob/project/csci5551-s26-team-pointbot/install/share/xarm_moveit_config//config/xarm7_mirror
[0.117s] -- Up-to-date: /home/rob/project/csci5551-s26-team-pointbot/install/share/xarm_moveit_config//config/xarm7_mirror/kinematics.yaml
[0.117s] -- Up-to-date: /home/rob/project/csci5551-s26-team-pointbot/install/share/xarm_moveit_config//config/xarm7_mirror/joint_limits.yaml
[0.117s] -- Up-to-date: /home/rob/project/csci5551-s26-team-pointbot/install/share/xarm_moveit_config//config/xarm7_mirror/controllers.yaml
[0.117s] -- Up-to-date: /home/rob/project/csci5551-s26-team-pointbot/install/share/xarm_moveit_config//config/xarm7_mirror/ompl_planning.yaml
[0.117s] -- Up-to-date: /home/rob/project/csci5551-s26-team-pointbot/install/share/xarm_moveit_config//config/xarm7_mirror/fake_controllers.yaml
[0.118s] -- Up-to-date: /home/rob/project/csci5551-s26-team-pointbot/install/share/xarm_moveit_config//config/moveit_configs
[0.118s] -- Up-to-date: /home/rob/project/csci5551-s26-team-pointbot/install/share/xarm_moveit_config//config/moveit_configs/stomp_planning.yaml
[0.118s] -- Up-to-date: /home/rob/project/csci5551-s26-team-pointbot/install/share/xarm_moveit_config//config/moveit_configs/ompl_planning.yaml
[0.118s] -- Up-to-date: /home/rob/project/csci5551-s26-team-pointbot/install/share/xarm_moveit_config//config/moveit_configs/pilz_cartesian_limits.yaml
[0.118s] -- Up-to-date: /home/rob/project/csci5551-s26-team-pointbot/install/share/xarm_moveit_config//config/moveit_configs/ompl_defaults.yaml
[0.118s] -- Up-to-date: /home/rob/project/csci5551-s26-team-pointbot/install/share/xarm_moveit_config//config/moveit_configs/pilz_industrial_motion_planner_planning.yaml
[0.118s] -- Up-to-date: /home/rob/project/csci5551-s26-team-pointbot/install/share/xarm_moveit_config//config/moveit_configs/chomp_planning.yaml
[0.118s] -- Up-to-date: /home/rob/project/csci5551-s26-team-pointbot/install/share/xarm_moveit_config//config/uf850_gripper
[0.118s] -- Up-to-date: /home/rob/project/csci5551-s26-team-pointbot/install/share/xarm_moveit_config//config/uf850_gripper/joint_limits.yaml
[0.118s] -- Up-to-date: /home/rob/project/csci5551-s26-team-pointbot/install/share/xarm_moveit_config//config/uf850_gripper/controllers.yaml
[0.118s] -- Up-to-date: /home/rob/project/csci5551-s26-team-pointbot/install/share/xarm_moveit_config//config/uf850_gripper/ompl_planning.yaml
[0.118s] -- Up-to-date: /home/rob/project/csci5551-s26-team-pointbot/install/share/xarm_moveit_config//config/uf850_gripper/fake_controllers.yaml
[0.119s] -- Up-to-date: /home/rob/project/csci5551-s26-team-pointbot/install/share/xarm_moveit_config//config/uf850
[0.119s] -- Up-to-date: /home/rob/project/csci5551-s26-team-pointbot/install/share/xarm_moveit_config//config/uf850/kinematics.yaml
[0.119s] -- Up-to-date: /home/rob/project/csci5551-s26-team-pointbot/install/share/xarm_moveit_config//config/uf850/joint_limits.yaml
[0.119s] -- Up-to-date: /home/rob/project/csci5551-s26-team-pointbot/install/share/xarm_moveit_config//config/uf850/controllers.yaml
[0.119s] -- Up-to-date: /home/rob/project/csci5551-s26-team-pointbot/install/share/xarm_moveit_config//config/uf850/ompl_planning.yaml
[0.119s] -- Up-to-date: /home/rob/project/csci5551-s26-team-pointbot/install/share/xarm_moveit_config//config/uf850/fake_controllers.yaml
[0.119s] -- Up-to-date: /home/rob/project/csci5551-s26-team-pointbot/install/share/xarm_moveit_config//config/xarm_gripper
[0.119s] -- Up-to-date: /home/rob/project/csci5551-s26-team-pointbot/install/share/xarm_moveit_config//config/xarm_gripper/joint_limits.yaml
[0.119s] -- Up-to-date: /home/rob/project/csci5551-s26-team-pointbot/install/share/xarm_moveit_config//config/xarm_gripper/controllers.yaml
[0.119s] -- Up-to-date: /home/rob/project/csci5551-s26-team-pointbot/install/share/xarm_moveit_config//config/xarm_gripper/ompl_planning.yaml
[0.119s] -- Up-to-date: /home/rob/project/csci5551-s26-team-pointbot/install/share/xarm_moveit_config//config/xarm_gripper/fake_controllers.yaml
[0.119s] -- Up-to-date: /home/rob/project/csci5551-s26-team-pointbot/install/share/xarm_moveit_config//config/xarm5
[0.119s] -- Up-to-date: /home/rob/project/csci5551-s26-team-pointbot/install/share/xarm_moveit_config//config/xarm5/kinematics.yaml
[0.120s] -- Up-to-date: /home/rob/project/csci5551-s26-team-pointbot/install/share/xarm_moveit_config//config/xarm5/joint_limits.yaml
[0.120s] -- Up-to-date: /home/rob/project/csci5551-s26-team-pointbot/install/share/xarm_moveit_config//config/xarm5/controllers.yaml
[0.120s] -- Up-to-date: /home/rob/project/csci5551-s26-team-pointbot/install/share/xarm_moveit_config//config/xarm5/ompl_planning.yaml
[0.120s] -- Up-to-date: /home/rob/project/csci5551-s26-team-pointbot/install/share/xarm_moveit_config//config/xarm5/fake_controllers.yaml
[0.120s] -- Up-to-date: /home/rob/project/csci5551-s26-team-pointbot/install/share/xarm_moveit_config//config/xarm7_mirror_gripper
[0.120s] -- Up-to-date: /home/rob/project/csci5551-s26-team-pointbot/install/share/xarm_moveit_config//config/xarm7_mirror_gripper/joint_limits.yaml
[0.120s] -- Up-to-date: /home/rob/project/csci5551-s26-team-pointbot/install/share/xarm_moveit_config//config/xarm7_mirror_gripper/controllers.yaml
[0.120s] -- Up-to-date: /home/rob/project/csci5551-s26-team-pointbot/install/share/xarm_moveit_config//config/xarm7_mirror_gripper/ompl_planning.yaml
[0.120s] -- Up-to-date: /home/rob/project/csci5551-s26-team-pointbot/install/share/xarm_moveit_config//config/xarm7_mirror_gripper/fake_controllers.yaml
[0.120s] -- Up-to-date: /home/rob/project/csci5551-s26-team-pointbot/install/share/xarm_moveit_config//config/bio_gripper
[0.120s] -- Up-to-date: /home/rob/project/csci5551-s26-team-pointbot/install/share/xarm_moveit_config//config/bio_gripper/joint_limits.yaml
[0.120s] -- Up-to-date: /home/rob/project/csci5551-s26-team-pointbot/install/share/xarm_moveit_config//config/bio_gripper/controllers.yaml
[0.120s] -- Up-to-date: /home/rob/project/csci5551-s26-team-pointbot/install/share/xarm_moveit_config//config/bio_gripper/ompl_planning.yaml
[0.120s] -- Up-to-date: /home/rob/project/csci5551-s26-team-pointbot/install/share/xarm_moveit_config//config/bio_gripper/fake_controllers.yaml
[0.120s] -- Up-to-date: /home/rob/project/csci5551-s26-team-pointbot/install/share/xarm_moveit_config//rviz
[0.120s] -- Up-to-date: /home/rob/project/csci5551-s26-team-pointbot/install/share/xarm_moveit_config//rviz/dual_moveit.rviz
[0.120s] -- Up-to-date: /home/rob/project/csci5551-s26-team-pointbot/install/share/xarm_moveit_config//rviz/moveit.rviz
[0.121s] -- Up-to-date: /home/rob/project/csci5551-s26-team-pointbot/install/share/xarm_moveit_config//rviz/dual_planner.rviz
[0.121s] -- Up-to-date: /home/rob/project/csci5551-s26-team-pointbot/install/share/xarm_moveit_config//rviz/planner.rviz
[0.121s] -- Up-to-date: /home/rob/project/csci5551-s26-team-pointbot/install/share/xarm_moveit_config//srdf
[0.121s] -- Up-to-date: /home/rob/project/csci5551-s26-team-pointbot/install/share/xarm_moveit_config//srdf/_xarm7_macro.srdf.xacro
[0.121s] -- Up-to-date: /home/rob/project/csci5551-s26-team-pointbot/install/share/xarm_moveit_config//srdf/_xarm5_macro.srdf.xacro
[0.121s] -- Up-to-date: /home/rob/project/csci5551-s26-team-pointbot/install/share/xarm_moveit_config//srdf/_xarm7_mirror_macro.srdf.xacro
[0.121s] -- Up-to-date: /home/rob/project/csci5551-s26-team-pointbot/install/share/xarm_moveit_config//srdf/xarm_macro.srdf.xacro
[0.121s] -- Up-to-date: /home/rob/project/csci5551-s26-team-pointbot/install/share/xarm_moveit_config//srdf/xarm.srdf.xacro
[0.121s] -- Up-to-date: /home/rob/project/csci5551-s26-team-pointbot/install/share/xarm_moveit_config//srdf/_uf850_macro.srdf.xacro
[0.121s] -- Up-to-date: /home/rob/project/csci5551-s26-team-pointbot/install/share/xarm_moveit_config//srdf/dual_xarm.srdf.xacro
[0.121s] -- Up-to-date: /home/rob/project/csci5551-s26-team-pointbot/install/share/xarm_moveit_config//srdf/_xarm6_macro.srdf.xacro
[0.121s] -- Up-to-date: /home/rob/project/csci5551-s26-team-pointbot/install/share/xarm_moveit_config//srdf/_lite6_macro.srdf.xacro
[0.121s] -- Up-to-date: /home/rob/project/csci5551-s26-team-pointbot/install/share/xarm_moveit_config//launch
[0.121s] -- Up-to-date: /home/rob/project/csci5551-s26-team-pointbot/install/share/xarm_moveit_config//launch/_dual_robot_moveit_gz.launch.py
[0.122s] -- Up-to-date: /home/rob/project/csci5551-s26-team-pointbot/install/share/xarm_moveit_config//launch/_robot_moveit_common.launch.py
[0.122s] -- Up-to-date: /home/rob/project/csci5551-s26-team-pointbot/install/share/xarm_moveit_config//launch/_dual_robot_moveit_fake.launch.py
[0.122s] -- Up-to-date: /home/rob/project/csci5551-s26-team-pointbot/install/share/xarm_moveit_config//launch/lite6_moveit_realmove.launch.py
[0.122s] -- Up-to-date: /home/rob/project/csci5551-s26-team-pointbot/install/share/xarm_moveit_config//launch/uf850_moveit_fake.launch.py
[0.122s] -- Up-to-date: /home/rob/project/csci5551-s26-team-pointbot/install/share/xarm_moveit_config//launch/_robot_moveit_fake.launch.py
[0.122s] -- Up-to-date: /home/rob/project/csci5551-s26-team-pointbot/install/share/xarm_moveit_config//launch/lite6_moveit_fake.launch.py
[0.122s] -- Up-to-date: /home/rob/project/csci5551-s26-team-pointbot/install/share/xarm_moveit_config//launch/_robot_moveit_common2.launch.py
[0.122s] -- Up-to-date: /home/rob/project/csci5551-s26-team-pointbot/install/share/xarm_moveit_config//launch/_dual_robot_moveit_gazebo.launch.py
[0.122s] -- Up-to-date: /home/rob/project/csci5551-s26-team-pointbot/install/share/xarm_moveit_config//launch/_dual_robot_moveit_common2.launch.py
[0.122s] -- Up-to-date: /home/rob/project/csci5551-s26-team-pointbot/install/share/xarm_moveit_config//launch/dual_xarm5_moveit_fake.launch.py
[0.122s] -- Up-to-date: /home/rob/project/csci5551-s26-team-pointbot/install/share/xarm_moveit_config//launch/xarm5_moveit_gazebo.launch.py
[0.122s] -- Up-to-date: /home/rob/project/csci5551-s26-team-pointbot/install/share/xarm_moveit_config//launch/uf850_moveit_gazebo.launch.py
[0.122s] -- Up-to-date: /home/rob/project/csci5551-s26-team-pointbot/install/share/xarm_moveit_config//launch/xarm6_moveit_realmove.launch.py
[0.122s] -- Up-to-date: /home/rob/project/csci5551-s26-team-pointbot/install/share/xarm_moveit_config//launch/_robot_moveit_gazebo.launch.py
[0.122s] -- Up-to-date: /home/rob/project/csci5551-s26-team-pointbot/install/share/xarm_moveit_config//launch/dual_xarm7_moveit_realmove.launch.py
[0.122s] -- Up-to-date: /home/rob/project/csci5551-s26-team-pointbot/install/share/xarm_moveit_config//launch/xarm5_moveit_realmove.launch.py
[0.123s] -- Up-to-date: /home/rob/project/csci5551-s26-team-pointbot/install/share/xarm_moveit_config//launch/dual_lite6_moveit_realmove.launch.py
[0.123s] -- Up-to-date: /home/rob/project/csci5551-s26-team-pointbot/install/share/xarm_moveit_config//launch/xarm7_moveit_fake.launch.py
[0.123s] -- Up-to-date: /home/rob/project/csci5551-s26-team-pointbot/install/share/xarm_moveit_config//launch/_robot_moveit_realmove.launch.py
[0.123s] -- Up-to-date: /home/rob/project/csci5551-s26-team-pointbot/install/share/xarm_moveit_config//launch/lite6_moveit_gazebo.launch.py
[0.123s] -- Up-to-date: /home/rob/project/csci5551-s26-team-pointbot/install/share/xarm_moveit_config//launch/dual_uf850_moveit_realmove.launch.py
[0.123s] -- Up-to-date: /home/rob/project/csci5551-s26-team-pointbot/install/share/xarm_moveit_config//launch/dual_xarm6_moveit_fake.launch.py
[0.123s] -- Up-to-date: /home/rob/project/csci5551-s26-team-pointbot/install/share/xarm_moveit_config//launch/lib
[0.123s] -- Up-to-date: /home/rob/project/csci5551-s26-team-pointbot/install/share/xarm_moveit_config//launch/lib/robot_moveit_config_lib.py
[0.123s] -- Up-to-date: /home/rob/project/csci5551-s26-team-pointbot/install/share/xarm_moveit_config//launch/dual_xarm6_moveit_realmove.launch.py
[0.123s] -- Up-to-date: /home/rob/project/csci5551-s26-team-pointbot/install/share/xarm_moveit_config//launch/xarm7_moveit_gazebo.launch.py
[0.123s] -- Up-to-date: /home/rob/project/csci5551-s26-team-pointbot/install/share/xarm_moveit_config//launch/xarm6_moveit_gazebo.launch.py
[0.123s] -- Up-to-date: /home/rob/project/csci5551-s26-team-pointbot/install/share/xarm_moveit_config//launch/demo
[0.123s] -- Up-to-date: /home/rob/project/csci5551-s26-team-pointbot/install/share/xarm_moveit_config//launch/demo/demo_realmove.launch.py
[0.123s] -- Up-to-date: /home/rob/project/csci5551-s26-team-pointbot/install/share/xarm_moveit_config//launch/demo/demo_fake.launch.py
[0.123s] -- Up-to-date: /home/rob/project/csci5551-s26-team-pointbot/install/share/xarm_moveit_config//launch/demo/demo_dual_realmove.launch.py
[0.124s] -- Up-to-date: /home/rob/project/csci5551-s26-team-pointbot/install/share/xarm_moveit_config//launch/demo/demo_dual_fake.launch.py
[0.124s] -- Up-to-date: /home/rob/project/csci5551-s26-team-pointbot/install/share/xarm_moveit_config//launch/uf850_moveit_realmove.launch.py
[0.124s] -- Up-to-date: /home/rob/project/csci5551-s26-team-pointbot/install/share/xarm_moveit_config//launch/xarm7_mirror_moveit_fake.launch.py
[0.124s] -- Up-to-date: /home/rob/project/csci5551-s26-team-pointbot/install/share/xarm_moveit_config//launch/_dual_robot_moveit_realmove.launch.py
[0.124s] -- Up-to-date: /home/rob/project/csci5551-s26-team-pointbot/install/share/xarm_moveit_config//launch/xarm7_mirror_moveit_realmove.launch.py
[0.124s] -- Up-to-date: /home/rob/project/csci5551-s26-team-pointbot/install/share/xarm_moveit_config//launch/dual_lite6_moveit_fake.launch.py
[0.124s] -- Up-to-date: /home/rob/project/csci5551-s26-team-pointbot/install/share/xarm_moveit_config//launch/dual_uf850_moveit_fake.launch.py
[0.124s] -- Up-to-date: /home/rob/project/csci5551-s26-team-pointbot/install/share/xarm_moveit_config//launch/xarm5_moveit_fake.launch.py
[0.124s] -- Up-to-date: /home/rob/project/csci5551-s26-team-pointbot/install/share/xarm_moveit_config//launch/xarm6_moveit_fake.launch.py
[0.124s] -- Up-to-date: /home/rob/project/csci5551-s26-team-pointbot/install/share/xarm_moveit_config//launch/xarm7_moveit_realmove.launch.py
[0.124s] -- Up-to-date: /home/rob/project/csci5551-s26-team-pointbot/install/share/xarm_moveit_config//launch/_dual_robot_moveit_common.launch.py
[0.124s] -- Up-to-date: /home/rob/project/csci5551-s26-team-pointbot/install/share/xarm_moveit_config//launch/dual_xarm5_moveit_realmove.launch.py
[0.124s] -- Up-to-date: /home/rob/project/csci5551-s26-team-pointbot/install/share/xarm_moveit_config//launch/xarm7_mirror_moveit_gazebo.launch.py
[0.124s] -- Up-to-date: /home/rob/project/csci5551-s26-team-pointbot/install/share/xarm_moveit_config//launch/dual_xarm7_moveit_fake.launch.py
[0.124s] -- Up-to-date: /home/rob/project/csci5551-s26-team-pointbot/install/share/ament_index/resource_index/package_run_dependencies/xarm_moveit_config
[0.125s] -- Up-to-date: /home/rob/project/csci5551-s26-team-pointbot/install/share/ament_index/resource_index/parent_prefix_path/xarm_moveit_config
[0.125s] -- Up-to-date: /home/rob/project/csci5551-s26-team-pointbot/install/share/xarm_moveit_config/environment/ament_prefix_path.sh
[0.125s] -- Up-to-date: /home/rob/project/csci5551-s26-team-pointbot/install/share/xarm_moveit_config/environment/ament_prefix_path.dsv
[0.125s] -- Up-to-date: /home/rob/project/csci5551-s26-team-pointbot/install/share/xarm_moveit_config/environment/path.sh
[0.125s] -- Up-to-date: /home/rob/project/csci5551-s26-team-pointbot/install/share/xarm_moveit_config/environment/path.dsv
[0.125s] -- Up-to-date: /home/rob/project/csci5551-s26-team-pointbot/install/share/xarm_moveit_config/local_setup.bash
[0.125s] -- Up-to-date: /home/rob/project/csci5551-s26-team-pointbot/install/share/xarm_moveit_config/local_setup.sh
[0.125s] -- Up-to-date: /home/rob/project/csci5551-s26-team-pointbot/install/share/xarm_moveit_config/local_setup.zsh
[0.125s] -- Up-to-date: /home/rob/project/csci5551-s26-team-pointbot/install/share/xarm_moveit_config/local_setup.dsv
[0.125s] -- Up-to-date: /home/rob/project/csci5551-s26-team-pointbot/install/share/xarm_moveit_config/package.dsv
[0.125s] -- Up-to-date: /home/rob/project/csci5551-s26-team-pointbot/install/share/ament_index/resource_index/packages/xarm_moveit_config
[0.125s] -- Up-to-date: /home/rob/project/csci5551-s26-team-pointbot/install/share/xarm_moveit_config/cmake/xarm_moveit_configConfig.cmake
[0.126s] -- Up-to-date: /home/rob/project/csci5551-s26-team-pointbot/install/share/xarm_moveit_config/cmake/xarm_moveit_configConfig-version.cmake
[0.126s] -- Up-to-date: /home/rob/project/csci5551-s26-team-pointbot/install/share/xarm_moveit_config/package.xml
[0.127s] Invoked command in '/home/rob/project/csci5551-s26-team-pointbot/build/xarm_moveit_config' returned '0': CMAKE_PREFIX_PATH=${CMAKE_PREFIX_PATH}:/opt/ros/jazzy CONDA_PROMPT_MODIFIER=(base) DEBUGINFOD_URLS=https://debuginfod.ubuntu.com LD_LIBRARY_PATH=/home/rob/project/csci5551-s26-team-pointbot/install/lib:/opt/ros/jazzy/opt/sdformat_vendor/lib:/opt/ros/jazzy/opt/rviz_ogre_vendor/lib:/opt/ros/jazzy/lib/x86_64-linux-gnu:/opt/ros/jazzy/opt/gz_math_vendor/lib:/opt/ros/jazzy/opt/gz_utils_vendor/lib:/opt/ros/jazzy/opt/gz_tools_vendor/lib:/opt/ros/jazzy/opt/gz_cmake_vendor/lib:/opt/ros/jazzy/lib:/usr/local/cuda-12.8/lib64’ PYTHONPATH=/home/rob/project/csci5551-s26-team-pointbot/install/lib/python3.12/site-packages:/home/rob/project/csci5551-s26-team-pointbot/install/lib/python3.13/site-packages:/opt/ros/jazzy/lib/python3.12/site-packages:/home/rob/robotics5551:/home/rob/robotics5551 /usr/bin/cmake --install /home/rob/project/csci5551-s26-team-pointbot/build/xarm_moveit_config
