[0.091s] Invoking command in '/home/rob/project/csci5551-s26-team-pointbot/build/point_bot_interfaces': CMAKE_PREFIX_PATH=${CMAKE_PREFIX_PATH}:/home/rob/project/csci5551-s26-team-pointbot/install/pointbot_rviz:/home/rob/project/csci5551-s26-team-pointbot/install/uf_ros_lib:/home/rob/project/csci5551-s26-team-pointbot/install/planning:/home/rob/project/csci5551-s26-team-pointbot/install/perception:/opt/ros/jazzy DEBUGINFOD_URLS=https://debuginfod.ubuntu.com /usr/bin/cmake --build /home/rob/project/csci5551-s26-team-pointbot/build/point_bot_interfaces -- -j16 -l16
[0.492s] [  2%] Built target point_bot_interfaces__rs
[0.492s] [  4%] Built target point_bot_interfaces__rosidl_generator_type_description
[0.492s] [  4%] Built target ament_cmake_python_copy_point_bot_interfaces
[0.492s] [  6%] Built target point_bot_interfaces__cpp
[0.492s] [ 24%] Built target point_bot_interfaces__rosidl_generator_c
[0.493s] [ 33%] Built target point_bot_interfaces__rosidl_typesupport_c
[0.494s] [ 42%] Built target point_bot_interfaces__rosidl_typesupport_introspection_cpp
[0.494s] [ 51%] Built target point_bot_interfaces__rosidl_typesupport_introspection_c
[0.494s] [ 60%] Built target point_bot_interfaces__rosidl_typesupport_fastrtps_cpp
[0.495s] [ 68%] Built target point_bot_interfaces__rosidl_typesupport_fastrtps_c
[0.495s] [ 77%] Built target point_bot_interfaces__rosidl_typesupport_cpp
[0.495s] [ 77%] Built target point_bot_interfaces
[0.496s] [ 80%] Built target point_bot_interfaces__py
[0.508s] [ 86%] Built target point_bot_interfaces__rosidl_generator_py
[0.629s] [ 91%] Built target point_bot_interfaces_s__rosidl_typesupport_fastrtps_c
[0.720s] [ 95%] Built target point_bot_interfaces_s__rosidl_typesupport_introspection_c
[0.720s] [100%] Built target point_bot_interfaces_s__rosidl_typesupport_c
[0.758s] running egg_info
[0.800s] writing point_bot_interfaces.egg-info/PKG-INFO
[0.800s] writing dependency_links to point_bot_interfaces.egg-info/dependency_links.txt
[0.801s] writing top-level names to point_bot_interfaces.egg-info/top_level.txt
[0.913s] reading manifest file 'point_bot_interfaces.egg-info/SOURCES.txt'
[0.914s] writing manifest file 'point_bot_interfaces.egg-info/SOURCES.txt'
[0.991s] [100%] Built target ament_cmake_python_build_point_bot_interfaces_egg
[1.030s] Invoked command in '/home/rob/project/csci5551-s26-team-pointbot/build/point_bot_interfaces' returned '0': CMAKE_PREFIX_PATH=${CMAKE_PREFIX_PATH}:/home/rob/project/csci5551-s26-team-pointbot/install/pointbot_rviz:/home/rob/project/csci5551-s26-team-pointbot/install/uf_ros_lib:/home/rob/project/csci5551-s26-team-pointbot/install/planning:/home/rob/project/csci5551-s26-team-pointbot/install/perception:/opt/ros/jazzy DEBUGINFOD_URLS=https://debuginfod.ubuntu.com /usr/bin/cmake --build /home/rob/project/csci5551-s26-team-pointbot/build/point_bot_interfaces -- -j16 -l16
[1.036s] Invoking command in '/home/rob/project/csci5551-s26-team-pointbot/build/point_bot_interfaces': CMAKE_PREFIX_PATH=${CMAKE_PREFIX_PATH}:/home/rob/project/csci5551-s26-team-pointbot/install/pointbot_rviz:/home/rob/project/csci5551-s26-team-pointbot/install/uf_ros_lib:/home/rob/project/csci5551-s26-team-pointbot/install/planning:/home/rob/project/csci5551-s26-team-pointbot/install/perception:/opt/ros/jazzy DEBUGINFOD_URLS=https://debuginfod.ubuntu.com /usr/bin/cmake --install /home/rob/project/csci5551-s26-team-pointbot/build/point_bot_interfaces
[1.069s] -- Install configuration: ""
[1.070s] -- Up-to-date: /home/rob/project/csci5551-s26-team-pointbot/install/point_bot_interfaces/share/ament_index/resource_index/rosidl_interfaces/point_bot_interfaces
[1.071s] -- Up-to-date: /home/rob/project/csci5551-s26-team-pointbot/install/point_bot_interfaces/share/point_bot_interfaces/action/Perception.json
[1.071s] -- Up-to-date: /home/rob/project/csci5551-s26-team-pointbot/install/point_bot_interfaces/share/point_bot_interfaces/action/MoveObject.json
[1.072s] -- Up-to-date: /home/rob/project/csci5551-s26-team-pointbot/install/point_bot_interfaces/include/point_bot_interfaces/point_bot_interfaces
[1.072s] -- Up-to-date: /home/rob/project/csci5551-s26-team-pointbot/install/point_bot_interfaces/include/point_bot_interfaces/point_bot_interfaces/action
[1.073s] -- Up-to-date: /home/rob/project/csci5551-s26-team-pointbot/install/point_bot_interfaces/include/point_bot_interfaces/point_bot_interfaces/action/perception.h
[1.073s] -- Up-to-date: /home/rob/project/csci5551-s26-team-pointbot/install/point_bot_interfaces/include/point_bot_interfaces/point_bot_interfaces/action/move_object.h
[1.074s] -- Up-to-date: /home/rob/project/csci5551-s26-team-pointbot/install/point_bot_interfaces/include/point_bot_interfaces/point_bot_interfaces/action/detail
[1.074s] -- Up-to-date: /home/rob/project/csci5551-s26-team-pointbot/install/point_bot_interfaces/include/point_bot_interfaces/point_bot_interfaces/action/detail/perception__functions.h
[1.074s] -- Up-to-date: /home/rob/project/csci5551-s26-team-pointbot/install/point_bot_interfaces/include/point_bot_interfaces/point_bot_interfaces/action/detail/move_object__type_support.c
[1.074s] -- Up-to-date: /home/rob/project/csci5551-s26-team-pointbot/install/point_bot_interfaces/include/point_bot_interfaces/point_bot_interfaces/action/detail/move_object__description.c
[1.074s] -- Up-to-date: /home/rob/project/csci5551-s26-team-pointbot/install/point_bot_interfaces/include/point_bot_interfaces/point_bot_interfaces/action/detail/perception__functions.c
[1.075s] -- Up-to-date: /home/rob/project/csci5551-s26-team-pointbot/install/point_bot_interfaces/include/point_bot_interfaces/point_bot_interfaces/action/detail/perception__description.c
[1.075s] -- Up-to-date: /home/rob/project/csci5551-s26-team-pointbot/install/point_bot_interfaces/include/point_bot_interfaces/point_bot_interfaces/action/detail/perception__type_support.h
[1.075s] -- Up-to-date: /home/rob/project/csci5551-s26-team-pointbot/install/point_bot_interfaces/include/point_bot_interfaces/point_bot_interfaces/action/detail/move_object__type_support.h
[1.075s] -- Up-to-date: /home/rob/project/csci5551-s26-team-pointbot/install/point_bot_interfaces/include/point_bot_interfaces/point_bot_interfaces/action/detail/perception__type_support.c
[1.076s] -- Up-to-date: /home/rob/project/csci5551-s26-team-pointbot/install/point_bot_interfaces/include/point_bot_interfaces/point_bot_interfaces/action/detail/move_object__functions.h
[1.076s] -- Up-to-date: /home/rob/project/csci5551-s26-team-pointbot/install/point_bot_interfaces/include/point_bot_interfaces/point_bot_interfaces/action/detail/move_object__functions.c
[1.076s] -- Up-to-date: /home/rob/project/csci5551-s26-team-pointbot/install/point_bot_interfaces/include/point_bot_interfaces/point_bot_interfaces/action/detail/perception__struct.h
[1.076s] -- Up-to-date: /home/rob/project/csci5551-s26-team-pointbot/install/point_bot_interfaces/include/point_bot_interfaces/point_bot_interfaces/action/detail/move_object__struct.h
[1.078s] -- Up-to-date: /home/rob/project/csci5551-s26-team-pointbot/install/point_bot_interfaces/include/point_bot_interfaces/point_bot_interfaces/msg
[1.078s] -- Up-to-date: /home/rob/project/csci5551-s26-team-pointbot/install/point_bot_interfaces/include/point_bot_interfaces/point_bot_interfaces/msg/rosidl_generator_c__visibility_control.h
[1.078s] -- Up-to-date: /home/rob/project/csci5551-s26-team-pointbot/install/point_bot_interfaces/share/point_bot_interfaces/environment/library_path.sh
[1.079s] -- Up-to-date: /home/rob/project/csci5551-s26-team-pointbot/install/point_bot_interfaces/share/point_bot_interfaces/environment/library_path.dsv
[1.081s] -- Up-to-date: /home/rob/project/csci5551-s26-team-pointbot/install/point_bot_interfaces/lib/libpoint_bot_interfaces__rosidl_generator_c.so
[1.081s] -- Up-to-date: /home/rob/project/csci5551-s26-team-pointbot/install/point_bot_interfaces/include/point_bot_interfaces/point_bot_interfaces
[1.081s] -- Up-to-date: /home/rob/project/csci5551-s26-team-pointbot/install/point_bot_interfaces/include/point_bot_interfaces/point_bot_interfaces/action
[1.082s] -- Up-to-date: /home/rob/project/csci5551-s26-team-pointbot/install/point_bot_interfaces/include/point_bot_interfaces/point_bot_interfaces/action/detail
[1.082s] -- Up-to-date: /home/rob/project/csci5551-s26-team-pointbot/install/point_bot_interfaces/include/point_bot_interfaces/point_bot_interfaces/action/detail/move_object__rosidl_typesupport_fastrtps_c.h
[1.082s] -- Up-to-date: /home/rob/project/csci5551-s26-team-pointbot/install/point_bot_interfaces/include/point_bot_interfaces/point_bot_interfaces/action/detail/perception__rosidl_typesupport_fastrtps_c.h
[1.082s] -- Up-to-date: /home/rob/project/csci5551-s26-team-pointbot/install/point_bot_interfaces/include/point_bot_interfaces/point_bot_interfaces/msg
[1.082s] -- Up-to-date: /home/rob/project/csci5551-s26-team-pointbot/install/point_bot_interfaces/include/point_bot_interfaces/point_bot_interfaces/msg/rosidl_typesupport_fastrtps_c__visibility_control.h
[1.082s] -- Up-to-date: /home/rob/project/csci5551-s26-team-pointbot/install/point_bot_interfaces/lib/libpoint_bot_interfaces__rosidl_typesupport_fastrtps_c.so
[1.083s] -- Up-to-date: /home/rob/project/csci5551-s26-team-pointbot/install/point_bot_interfaces/include/point_bot_interfaces/point_bot_interfaces
[1.083s] -- Up-to-date: /home/rob/project/csci5551-s26-team-pointbot/install/point_bot_interfaces/include/point_bot_interfaces/point_bot_interfaces/action
[1.083s] -- Up-to-date: /home/rob/project/csci5551-s26-team-pointbot/install/point_bot_interfaces/include/point_bot_interfaces/point_bot_interfaces/action/perception.hpp
[1.083s] -- Up-to-date: /home/rob/project/csci5551-s26-team-pointbot/install/point_bot_interfaces/include/point_bot_interfaces/point_bot_interfaces/action/move_object.hpp
[1.083s] -- Up-to-date: /home/rob/project/csci5551-s26-team-pointbot/install/point_bot_interfaces/include/point_bot_interfaces/point_bot_interfaces/action/detail
[1.083s] -- Up-to-date: /home/rob/project/csci5551-s26-team-pointbot/install/point_bot_interfaces/include/point_bot_interfaces/point_bot_interfaces/action/detail/move_object__builder.hpp
[1.083s] -- Up-to-date: /home/rob/project/csci5551-s26-team-pointbot/install/point_bot_interfaces/include/point_bot_interfaces/point_bot_interfaces/action/detail/perception__type_support.hpp
[1.084s] -- Up-to-date: /home/rob/project/csci5551-s26-team-pointbot/install/point_bot_interfaces/include/point_bot_interfaces/point_bot_interfaces/action/detail/move_object__type_support.hpp
[1.084s] -- Up-to-date: /home/rob/project/csci5551-s26-team-pointbot/install/point_bot_interfaces/include/point_bot_interfaces/point_bot_interfaces/action/detail/move_object__struct.hpp
[1.084s] -- Up-to-date: /home/rob/project/csci5551-s26-team-pointbot/install/point_bot_interfaces/include/point_bot_interfaces/point_bot_interfaces/action/detail/perception__traits.hpp
[1.084s] -- Up-to-date: /home/rob/project/csci5551-s26-team-pointbot/install/point_bot_interfaces/include/point_bot_interfaces/point_bot_interfaces/action/detail/perception__struct.hpp
[1.087s] -- Up-to-date: /home/rob/project/csci5551-s26-team-pointbot/install/point_bot_interfaces/include/point_bot_interfaces/point_bot_interfaces/action/detail/perception__builder.hpp
[1.087s] -- Up-to-date: /home/rob/project/csci5551-s26-team-pointbot/install/point_bot_interfaces/include/point_bot_interfaces/point_bot_interfaces/action/detail/move_object__traits.hpp
[1.087s] -- Up-to-date: /home/rob/project/csci5551-s26-team-pointbot/install/point_bot_interfaces/include/point_bot_interfaces/point_bot_interfaces/msg
[1.088s] -- Up-to-date: /home/rob/project/csci5551-s26-team-pointbot/install/point_bot_interfaces/include/point_bot_interfaces/point_bot_interfaces/msg/rosidl_generator_cpp__visibility_control.hpp
[1.088s] -- Up-to-date: /home/rob/project/csci5551-s26-team-pointbot/install/point_bot_interfaces/include/point_bot_interfaces/point_bot_interfaces
[1.088s] -- Up-to-date: /home/rob/project/csci5551-s26-team-pointbot/install/point_bot_interfaces/include/point_bot_interfaces/point_bot_interfaces/action
[1.088s] -- Up-to-date: /home/rob/project/csci5551-s26-team-pointbot/install/point_bot_interfaces/include/point_bot_interfaces/point_bot_interfaces/action/detail
[1.089s] -- Up-to-date: /home/rob/project/csci5551-s26-team-pointbot/install/point_bot_interfaces/include/point_bot_interfaces/point_bot_interfaces/action/detail/dds_fastrtps
[1.089s] -- Up-to-date: /home/rob/project/csci5551-s26-team-pointbot/install/point_bot_interfaces/include/point_bot_interfaces/point_bot_interfaces/action/detail/move_object__rosidl_typesupport_fastrtps_cpp.hpp
[1.089s] -- Up-to-date: /home/rob/project/csci5551-s26-team-pointbot/install/point_bot_interfaces/include/point_bot_interfaces/point_bot_interfaces/action/detail/perception__rosidl_typesupport_fastrtps_cpp.hpp
[1.089s] -- Up-to-date: /home/rob/project/csci5551-s26-team-pointbot/install/point_bot_interfaces/include/point_bot_interfaces/point_bot_interfaces/msg
[1.089s] -- Up-to-date: /home/rob/project/csci5551-s26-team-pointbot/install/point_bot_interfaces/include/point_bot_interfaces/point_bot_interfaces/msg/rosidl_typesupport_fastrtps_cpp__visibility_control.h
[1.089s] -- Up-to-date: /home/rob/project/csci5551-s26-team-pointbot/install/point_bot_interfaces/lib/libpoint_bot_interfaces__rosidl_typesupport_fastrtps_cpp.so
[1.090s] -- Up-to-date: /home/rob/project/csci5551-s26-team-pointbot/install/point_bot_interfaces/include/point_bot_interfaces/point_bot_interfaces
[1.090s] -- Up-to-date: /home/rob/project/csci5551-s26-team-pointbot/install/point_bot_interfaces/include/point_bot_interfaces/point_bot_interfaces/action
[1.090s] -- Up-to-date: /home/rob/project/csci5551-s26-team-pointbot/install/point_bot_interfaces/include/point_bot_interfaces/point_bot_interfaces/action/detail
[1.090s] -- Up-to-date: /home/rob/project/csci5551-s26-team-pointbot/install/point_bot_interfaces/include/point_bot_interfaces/point_bot_interfaces/action/detail/move_object__type_support.c
[1.090s] -- Up-to-date: /home/rob/project/csci5551-s26-team-pointbot/install/point_bot_interfaces/include/point_bot_interfaces/point_bot_interfaces/action/detail/move_object__rosidl_typesupport_introspection_c.h
[1.091s] -- Up-to-date: /home/rob/project/csci5551-s26-team-pointbot/install/point_bot_interfaces/include/point_bot_interfaces/point_bot_interfaces/action/detail/perception__type_support.c
[1.091s] -- Up-to-date: /home/rob/project/csci5551-s26-team-pointbot/install/point_bot_interfaces/include/point_bot_interfaces/point_bot_interfaces/action/detail/perception__rosidl_typesupport_introspection_c.h
[1.091s] -- Up-to-date: /home/rob/project/csci5551-s26-team-pointbot/install/point_bot_interfaces/include/point_bot_interfaces/point_bot_interfaces/msg
[1.091s] -- Up-to-date: /home/rob/project/csci5551-s26-team-pointbot/install/point_bot_interfaces/include/point_bot_interfaces/point_bot_interfaces/msg/rosidl_typesupport_introspection_c__visibility_control.h
[1.091s] -- Up-to-date: /home/rob/project/csci5551-s26-team-pointbot/install/point_bot_interfaces/lib/libpoint_bot_interfaces__rosidl_typesupport_introspection_c.so
[1.091s] -- Up-to-date: /home/rob/project/csci5551-s26-team-pointbot/install/point_bot_interfaces/lib/libpoint_bot_interfaces__rosidl_typesupport_c.so
[1.092s] -- Up-to-date: /home/rob/project/csci5551-s26-team-pointbot/install/point_bot_interfaces/include/point_bot_interfaces/point_bot_interfaces
[1.092s] -- Up-to-date: /home/rob/project/csci5551-s26-team-pointbot/install/point_bot_interfaces/include/point_bot_interfaces/point_bot_interfaces/action
[1.092s] -- Up-to-date: /home/rob/project/csci5551-s26-team-pointbot/install/point_bot_interfaces/include/point_bot_interfaces/point_bot_interfaces/action/detail
[1.092s] -- Up-to-date: /home/rob/project/csci5551-s26-team-pointbot/install/point_bot_interfaces/include/point_bot_interfaces/point_bot_interfaces/action/detail/move_object__type_support.cpp
[1.092s] -- Up-to-date: /home/rob/project/csci5551-s26-team-pointbot/install/point_bot_interfaces/include/point_bot_interfaces/point_bot_interfaces/action/detail/move_object__rosidl_typesupport_introspection_cpp.hpp
[1.092s] -- Up-to-date: /home/rob/project/csci5551-s26-team-pointbot/install/point_bot_interfaces/include/point_bot_interfaces/point_bot_interfaces/action/detail/perception__rosidl_typesupport_introspection_cpp.hpp
[1.093s] -- Up-to-date: /home/rob/project/csci5551-s26-team-pointbot/install/point_bot_interfaces/include/point_bot_interfaces/point_bot_interfaces/action/detail/perception__type_support.cpp
[1.093s] -- Up-to-date: /home/rob/project/csci5551-s26-team-pointbot/install/point_bot_interfaces/lib/libpoint_bot_interfaces__rosidl_typesupport_introspection_cpp.so
[1.093s] -- Up-to-date: /home/rob/project/csci5551-s26-team-pointbot/install/point_bot_interfaces/lib/libpoint_bot_interfaces__rosidl_typesupport_cpp.so
[1.093s] -- Up-to-date: /home/rob/project/csci5551-s26-team-pointbot/install/point_bot_interfaces/share/point_bot_interfaces/environment/pythonpath.sh
[1.093s] -- Up-to-date: /home/rob/project/csci5551-s26-team-pointbot/install/point_bot_interfaces/share/point_bot_interfaces/environment/pythonpath.dsv
[1.094s] -- Up-to-date: /home/rob/project/csci5551-s26-team-pointbot/install/point_bot_interfaces/lib/python3.12/site-packages/point_bot_interfaces-0.0.0-py3.12.egg-info
[1.094s] -- Installing: /home/rob/project/csci5551-s26-team-pointbot/install/point_bot_interfaces/lib/python3.12/site-packages/point_bot_interfaces-0.0.0-py3.12.egg-info/PKG-INFO
[1.094s] -- Installing: /home/rob/project/csci5551-s26-team-pointbot/install/point_bot_interfaces/lib/python3.12/site-packages/point_bot_interfaces-0.0.0-py3.12.egg-info/dependency_links.txt
[1.094s] -- Installing: /home/rob/project/csci5551-s26-team-pointbot/install/point_bot_interfaces/lib/python3.12/site-packages/point_bot_interfaces-0.0.0-py3.12.egg-info/SOURCES.txt
[1.094s] -- Installing: /home/rob/project/csci5551-s26-team-pointbot/install/point_bot_interfaces/lib/python3.12/site-packages/point_bot_interfaces-0.0.0-py3.12.egg-info/top_level.txt
[1.094s] -- Up-to-date: /home/rob/project/csci5551-s26-team-pointbot/install/point_bot_interfaces/lib/python3.12/site-packages/point_bot_interfaces
[1.094s] -- Up-to-date: /home/rob/project/csci5551-s26-team-pointbot/install/point_bot_interfaces/lib/python3.12/site-packages/point_bot_interfaces/point_bot_interfaces_s__rosidl_typesupport_fastrtps_c.so
[1.095s] -- Up-to-date: /home/rob/project/csci5551-s26-team-pointbot/install/point_bot_interfaces/lib/python3.12/site-packages/point_bot_interfaces/_point_bot_interfaces_s.ep.rosidl_typesupport_fastrtps_c.c
[1.095s] -- Up-to-date: /home/rob/project/csci5551-s26-team-pointbot/install/point_bot_interfaces/lib/python3.12/site-packages/point_bot_interfaces/point_bot_interfaces_s__rosidl_typesupport_introspection_c.so
[1.095s] -- Up-to-date: /home/rob/project/csci5551-s26-team-pointbot/install/point_bot_interfaces/lib/python3.12/site-packages/point_bot_interfaces/__init__.py
[1.095s] -- Up-to-date: /home/rob/project/csci5551-s26-team-pointbot/install/point_bot_interfaces/lib/python3.12/site-packages/point_bot_interfaces/_point_bot_interfaces_s.ep.rosidl_typesupport_c.c
[1.095s] -- Up-to-date: /home/rob/project/csci5551-s26-team-pointbot/install/point_bot_interfaces/lib/python3.12/site-packages/point_bot_interfaces/action
[1.095s] -- Up-to-date: /home/rob/project/csci5551-s26-team-pointbot/install/point_bot_interfaces/lib/python3.12/site-packages/point_bot_interfaces/action/_move_object_s.c
[1.096s] -- Up-to-date: /home/rob/project/csci5551-s26-team-pointbot/install/point_bot_interfaces/lib/python3.12/site-packages/point_bot_interfaces/action/__init__.py
[1.096s] -- Up-to-date: /home/rob/project/csci5551-s26-team-pointbot/install/point_bot_interfaces/lib/python3.12/site-packages/point_bot_interfaces/action/_perception.py
[1.096s] -- Up-to-date: /home/rob/project/csci5551-s26-team-pointbot/install/point_bot_interfaces/lib/python3.12/site-packages/point_bot_interfaces/action/_perception_s.c
[1.096s] -- Up-to-date: /home/rob/project/csci5551-s26-team-pointbot/install/point_bot_interfaces/lib/python3.12/site-packages/point_bot_interfaces/action/_move_object.py
[1.096s] -- Up-to-date: /home/rob/project/csci5551-s26-team-pointbot/install/point_bot_interfaces/lib/python3.12/site-packages/point_bot_interfaces/point_bot_interfaces_s__rosidl_typesupport_c.so
[1.096s] -- Up-to-date: /home/rob/project/csci5551-s26-team-pointbot/install/point_bot_interfaces/lib/python3.12/site-packages/point_bot_interfaces/_point_bot_interfaces_s.ep.rosidl_typesupport_introspection_c.c
[1.220s] Listing '/home/rob/project/csci5551-s26-team-pointbot/install/point_bot_interfaces/lib/python3.12/site-packages/point_bot_interfaces'...
[1.220s] Listing '/home/rob/project/csci5551-s26-team-pointbot/install/point_bot_interfaces/lib/python3.12/site-packages/point_bot_interfaces/action'...
[1.237s] -- Up-to-date: /home/rob/project/csci5551-s26-team-pointbot/install/point_bot_interfaces/lib/python3.12/site-packages/point_bot_interfaces/point_bot_interfaces_s__rosidl_typesupport_fastrtps_c.so
[1.237s] -- Up-to-date: /home/rob/project/csci5551-s26-team-pointbot/install/point_bot_interfaces/lib/python3.12/site-packages/point_bot_interfaces/point_bot_interfaces_s__rosidl_typesupport_introspection_c.so
[1.241s] -- Up-to-date: /home/rob/project/csci5551-s26-team-pointbot/install/point_bot_interfaces/lib/python3.12/site-packages/point_bot_interfaces/point_bot_interfaces_s__rosidl_typesupport_c.so
[1.241s] -- Up-to-date: /home/rob/project/csci5551-s26-team-pointbot/install/point_bot_interfaces/lib/libpoint_bot_interfaces__rosidl_generator_py.so
[1.241s] -- Up-to-date: /home/rob/project/csci5551-s26-team-pointbot/install/point_bot_interfaces/share/ament_index/resource_index/rust_packages/point_bot_interfaces
[1.241s] -- Up-to-date: /home/rob/project/csci5551-s26-team-pointbot/install/point_bot_interfaces/share/point_bot_interfaces/rust
[1.241s] -- Up-to-date: /home/rob/project/csci5551-s26-team-pointbot/install/point_bot_interfaces/share/point_bot_interfaces/rust/Cargo.toml
[1.242s] -- Up-to-date: /home/rob/project/csci5551-s26-team-pointbot/install/point_bot_interfaces/share/point_bot_interfaces/rust/src
[1.242s] -- Up-to-date: /home/rob/project/csci5551-s26-team-pointbot/install/point_bot_interfaces/share/point_bot_interfaces/rust/src/lib.rs
[1.242s] -- Up-to-date: /home/rob/project/csci5551-s26-team-pointbot/install/point_bot_interfaces/share/point_bot_interfaces/rust/src/action
[1.242s] -- Up-to-date: /home/rob/project/csci5551-s26-team-pointbot/install/point_bot_interfaces/share/point_bot_interfaces/rust/src/action/rmw.rs
[1.242s] -- Up-to-date: /home/rob/project/csci5551-s26-team-pointbot/install/point_bot_interfaces/share/point_bot_interfaces/rust/src/action.rs
[1.242s] -- Up-to-date: /home/rob/project/csci5551-s26-team-pointbot/install/point_bot_interfaces/share/point_bot_interfaces/rust/build.rs
[1.242s] -- Up-to-date: /home/rob/project/csci5551-s26-team-pointbot/install/point_bot_interfaces/share/point_bot_interfaces/action/Perception.idl
[1.243s] -- Up-to-date: /home/rob/project/csci5551-s26-team-pointbot/install/point_bot_interfaces/share/point_bot_interfaces/action/MoveObject.idl
[1.243s] -- Up-to-date: /home/rob/project/csci5551-s26-team-pointbot/install/point_bot_interfaces/share/point_bot_interfaces/action/Perception.action
[1.243s] -- Up-to-date: /home/rob/project/csci5551-s26-team-pointbot/install/point_bot_interfaces/share/point_bot_interfaces/action/MoveObject.action
[1.243s] -- Up-to-date: /home/rob/project/csci5551-s26-team-pointbot/install/point_bot_interfaces/share/ament_index/resource_index/package_run_dependencies/point_bot_interfaces
[1.243s] -- Up-to-date: /home/rob/project/csci5551-s26-team-pointbot/install/point_bot_interfaces/share/ament_index/resource_index/parent_prefix_path/point_bot_interfaces
[1.243s] -- Up-to-date: /home/rob/project/csci5551-s26-team-pointbot/install/point_bot_interfaces/share/point_bot_interfaces/environment/ament_prefix_path.sh
[1.244s] -- Up-to-date: /home/rob/project/csci5551-s26-team-pointbot/install/point_bot_interfaces/share/point_bot_interfaces/environment/ament_prefix_path.dsv
[1.244s] -- Up-to-date: /home/rob/project/csci5551-s26-team-pointbot/install/point_bot_interfaces/share/point_bot_interfaces/environment/path.sh
[1.244s] -- Up-to-date: /home/rob/project/csci5551-s26-team-pointbot/install/point_bot_interfaces/share/point_bot_interfaces/environment/path.dsv
[1.244s] -- Up-to-date: /home/rob/project/csci5551-s26-team-pointbot/install/point_bot_interfaces/share/point_bot_interfaces/local_setup.bash
[1.244s] -- Up-to-date: /home/rob/project/csci5551-s26-team-pointbot/install/point_bot_interfaces/share/point_bot_interfaces/local_setup.sh
[1.248s] -- Up-to-date: /home/rob/project/csci5551-s26-team-pointbot/install/point_bot_interfaces/share/point_bot_interfaces/local_setup.zsh
[1.249s] -- Up-to-date: /home/rob/project/csci5551-s26-team-pointbot/install/point_bot_interfaces/share/point_bot_interfaces/local_setup.dsv
[1.253s] -- Installing: /home/rob/project/csci5551-s26-team-pointbot/install/point_bot_interfaces/share/point_bot_interfaces/package.dsv
[1.253s] -- Up-to-date: /home/rob/project/csci5551-s26-team-pointbot/install/point_bot_interfaces/share/ament_index/resource_index/packages/point_bot_interfaces
[1.253s] -- Up-to-date: /home/rob/project/csci5551-s26-team-pointbot/install/point_bot_interfaces/share/point_bot_interfaces/cmake/export_point_bot_interfaces__rosidl_generator_cExport.cmake
[1.253s] -- Up-to-date: /home/rob/project/csci5551-s26-team-pointbot/install/point_bot_interfaces/share/point_bot_interfaces/cmake/export_point_bot_interfaces__rosidl_generator_cExport-noconfig.cmake
[1.253s] -- Up-to-date: /home/rob/project/csci5551-s26-team-pointbot/install/point_bot_interfaces/share/point_bot_interfaces/cmake/export_point_bot_interfaces__rosidl_typesupport_fastrtps_cExport.cmake
[1.253s] -- Up-to-date: /home/rob/project/csci5551-s26-team-pointbot/install/point_bot_interfaces/share/point_bot_interfaces/cmake/export_point_bot_interfaces__rosidl_typesupport_fastrtps_cExport-noconfig.cmake
[1.254s] -- Up-to-date: /home/rob/project/csci5551-s26-team-pointbot/install/point_bot_interfaces/share/point_bot_interfaces/cmake/export_point_bot_interfaces__rosidl_generator_cppExport.cmake
[1.254s] -- Up-to-date: /home/rob/project/csci5551-s26-team-pointbot/install/point_bot_interfaces/share/point_bot_interfaces/cmake/export_point_bot_interfaces__rosidl_typesupport_fastrtps_cppExport.cmake
[1.254s] -- Up-to-date: /home/rob/project/csci5551-s26-team-pointbot/install/point_bot_interfaces/share/point_bot_interfaces/cmake/export_point_bot_interfaces__rosidl_typesupport_fastrtps_cppExport-noconfig.cmake
[1.254s] -- Up-to-date: /home/rob/project/csci5551-s26-team-pointbot/install/point_bot_interfaces/share/point_bot_interfaces/cmake/point_bot_interfaces__rosidl_typesupport_introspection_cExport.cmake
[1.254s] -- Up-to-date: /home/rob/project/csci5551-s26-team-pointbot/install/point_bot_interfaces/share/point_bot_interfaces/cmake/point_bot_interfaces__rosidl_typesupport_introspection_cExport-noconfig.cmake
[1.254s] -- Up-to-date: /home/rob/project/csci5551-s26-team-pointbot/install/point_bot_interfaces/share/point_bot_interfaces/cmake/point_bot_interfaces__rosidl_typesupport_cExport.cmake
[1.255s] -- Up-to-date: /home/rob/project/csci5551-s26-team-pointbot/install/point_bot_interfaces/share/point_bot_interfaces/cmake/point_bot_interfaces__rosidl_typesupport_cExport-noconfig.cmake
[1.255s] -- Up-to-date: /home/rob/project/csci5551-s26-team-pointbot/install/point_bot_interfaces/share/point_bot_interfaces/cmake/point_bot_interfaces__rosidl_typesupport_introspection_cppExport.cmake
[1.255s] -- Up-to-date: /home/rob/project/csci5551-s26-team-pointbot/install/point_bot_interfaces/share/point_bot_interfaces/cmake/point_bot_interfaces__rosidl_typesupport_introspection_cppExport-noconfig.cmake
[1.255s] -- Up-to-date: /home/rob/project/csci5551-s26-team-pointbot/install/point_bot_interfaces/share/point_bot_interfaces/cmake/point_bot_interfaces__rosidl_typesupport_cppExport.cmake
[1.255s] -- Up-to-date: /home/rob/project/csci5551-s26-team-pointbot/install/point_bot_interfaces/share/point_bot_interfaces/cmake/point_bot_interfaces__rosidl_typesupport_cppExport-noconfig.cmake
[1.255s] -- Up-to-date: /home/rob/project/csci5551-s26-team-pointbot/install/point_bot_interfaces/share/point_bot_interfaces/cmake/export_point_bot_interfaces__rosidl_generator_pyExport.cmake
[1.256s] -- Up-to-date: /home/rob/project/csci5551-s26-team-pointbot/install/point_bot_interfaces/share/point_bot_interfaces/cmake/export_point_bot_interfaces__rosidl_generator_pyExport-noconfig.cmake
[1.256s] -- Up-to-date: /home/rob/project/csci5551-s26-team-pointbot/install/point_bot_interfaces/share/point_bot_interfaces/cmake/rosidl_cmake-extras.cmake
[1.256s] -- Up-to-date: /home/rob/project/csci5551-s26-team-pointbot/install/point_bot_interfaces/share/point_bot_interfaces/cmake/ament_cmake_export_dependencies-extras.cmake
[1.256s] -- Up-to-date: /home/rob/project/csci5551-s26-team-pointbot/install/point_bot_interfaces/share/point_bot_interfaces/cmake/ament_cmake_export_include_directories-extras.cmake
[1.256s] -- Up-to-date: /home/rob/project/csci5551-s26-team-pointbot/install/point_bot_interfaces/share/point_bot_interfaces/cmake/ament_cmake_export_libraries-extras.cmake
[1.256s] -- Up-to-date: /home/rob/project/csci5551-s26-team-pointbot/install/point_bot_interfaces/share/point_bot_interfaces/cmake/ament_cmake_export_targets-extras.cmake
[1.257s] -- Up-to-date: /home/rob/project/csci5551-s26-team-pointbot/install/point_bot_interfaces/share/point_bot_interfaces/cmake/rosidl_cmake_export_typesupport_targets-extras.cmake
[1.257s] -- Up-to-date: /home/rob/project/csci5551-s26-team-pointbot/install/point_bot_interfaces/share/point_bot_interfaces/cmake/rosidl_cmake_export_typesupport_libraries-extras.cmake
[1.257s] -- Up-to-date: /home/rob/project/csci5551-s26-team-pointbot/install/point_bot_interfaces/share/point_bot_interfaces/cmake/point_bot_interfacesConfig.cmake
[1.257s] -- Up-to-date: /home/rob/project/csci5551-s26-team-pointbot/install/point_bot_interfaces/share/point_bot_interfaces/cmake/point_bot_interfacesConfig-version.cmake
[1.257s] -- Up-to-date: /home/rob/project/csci5551-s26-team-pointbot/install/point_bot_interfaces/share/point_bot_interfaces/package.xml
[1.258s] Invoked command in '/home/rob/project/csci5551-s26-team-pointbot/build/point_bot_interfaces' returned '0': CMAKE_PREFIX_PATH=${CMAKE_PREFIX_PATH}:/home/rob/project/csci5551-s26-team-pointbot/install/pointbot_rviz:/home/rob/project/csci5551-s26-team-pointbot/install/uf_ros_lib:/home/rob/project/csci5551-s26-team-pointbot/install/planning:/home/rob/project/csci5551-s26-team-pointbot/install/perception:/opt/ros/jazzy DEBUGINFOD_URLS=https://debuginfod.ubuntu.com /usr/bin/cmake --install /home/rob/project/csci5551-s26-team-pointbot/build/point_bot_interfaces
