[0.013s] Invoking command in '/home/rob/project/csci5551-s26-team-pointbot/build/xarm_sdk': CMAKE_PREFIX_PATH=${CMAKE_PREFIX_PATH}:/opt/ros/jazzy CONDA_PROMPT_MODIFIER=(base) DEBUGINFOD_URLS=https://debuginfod.ubuntu.com /usr/bin/cmake /home/rob/project/csci5551-s26-team-pointbot/src/xarm_ros2/xarm_sdk -DCMAKE_INSTALL_PREFIX=/home/rob/project/csci5551-s26-team-pointbot/install
[0.222s] -- The C compiler identification is GNU 13.3.0
[0.223s] -- The CXX compiler identification is GNU 13.3.0
[0.223s] -- Detecting C compiler ABI info
[0.223s] -- Detecting C compiler ABI info - done
[0.228s] -- Check for working C compiler: /usr/bin/cc - skipped
[0.228s] -- Detecting C compile features
[0.228s] -- Detecting C compile features - done
[0.238s] -- Detecting CXX compiler ABI info
[0.320s] -- Detecting CXX compiler ABI info - done
[0.334s] -- Check for working CXX compiler: /usr/bin/c++ - skipped
[0.334s] -- Detecting CXX compile features
[0.335s] -- Detecting CXX compile features - done
[0.339s] -- Found ament_cmake: 2.5.5 (/opt/ros/jazzy/share/ament_cmake/cmake)
[0.444s] -- Found Python3: /home/rob/miniforge3/bin/python3 (found version "3.13.12") found components: Interpreter 
[0.540s] -- Found ament_lint_auto: 0.17.4 (/opt/ros/jazzy/share/ament_lint_auto/cmake)
[0.636s] -- Added test 'copyright' to check source files copyright and LICENSE
[0.645s] -- Added test 'cppcheck' to perform static code analysis on C / C++ code
[0.645s] -- Configured cppcheck include dirs: /home/rob/project/csci5551-s26-team-pointbot/src/xarm_ros2/xarm_sdk/cxx/include
[0.645s] -- Configured cppcheck exclude dirs and/or files: 
[0.650s] -- Added test 'cpplint' to check C / C++ code against the Google style
[0.650s] -- Configured cpplint exclude dirs and/or files: 
[0.653s] -- Added test 'lint_cmake' to check CMake code style
[0.660s] -- Added test 'uncrustify' to check C / C++ code style
[0.660s] -- Configured uncrustify additional arguments: 
[0.661s] -- Added test 'xmllint' to check XML markup files
[0.663s] -- Configuring done (0.6s)
[0.668s] -- Generating done (0.0s)
[0.670s] -- Build files have been written to: /home/rob/project/csci5551-s26-team-pointbot/build/xarm_sdk
[0.677s] Invoked command in '/home/rob/project/csci5551-s26-team-pointbot/build/xarm_sdk' returned '0': CMAKE_PREFIX_PATH=${CMAKE_PREFIX_PATH}:/opt/ros/jazzy CONDA_PROMPT_MODIFIER=(base) DEBUGINFOD_URLS=https://debuginfod.ubuntu.com /usr/bin/cmake /home/rob/project/csci5551-s26-team-pointbot/src/xarm_ros2/xarm_sdk -DCMAKE_INSTALL_PREFIX=/home/rob/project/csci5551-s26-team-pointbot/install
[0.680s] Invoking command in '/home/rob/project/csci5551-s26-team-pointbot/build/xarm_sdk': CMAKE_PREFIX_PATH=${CMAKE_PREFIX_PATH}:/opt/ros/jazzy CONDA_PROMPT_MODIFIER=(base) DEBUGINFOD_URLS=https://debuginfod.ubuntu.com /usr/bin/cmake --build /home/rob/project/csci5551-s26-team-pointbot/build/xarm_sdk -- -j16 -l16
[0.725s] [  9%] [32mBuilding CXX object CMakeFiles/xarm_cxx_sdk.dir/cxx/src/serial/impl/list_ports/list_ports_osx.cc.o[0m
[0.725s] [  9%] [32mBuilding CXX object CMakeFiles/xarm_cxx_sdk.dir/cxx/src/serial/impl/list_ports/list_ports_win.cc.o[0m
[0.725s] [  9%] [32mBuilding CXX object CMakeFiles/xarm_cxx_sdk.dir/cxx/src/serial/impl/list_ports/list_ports_linux.cc.o[0m
[0.734s] [ 12%] [32mBuilding CXX object CMakeFiles/xarm_cxx_sdk.dir/cxx/src/serial/impl/unix.cc.o[0m
[0.734s] [ 15%] [32mBuilding CXX object CMakeFiles/xarm_cxx_sdk.dir/cxx/src/xarm/core/common/crc16.cc.o[0m
[0.734s] [ 18%] [32mBuilding CXX object CMakeFiles/xarm_cxx_sdk.dir/cxx/src/serial/impl/win.cc.o[0m
[0.739s] [ 21%] [32mBuilding CXX object CMakeFiles/xarm_cxx_sdk.dir/cxx/src/serial/serial.cc.o[0m
[0.739s] [ 25%] [32mBuilding CXX object CMakeFiles/xarm_cxx_sdk.dir/cxx/src/xarm/core/common/queue_memcpy.cc.o[0m
[0.739s] [ 28%] [32mBuilding CXX object CMakeFiles/xarm_cxx_sdk.dir/cxx/src/xarm/core/debug/debug_print.cc.o[0m
[0.744s] [ 31%] [32mBuilding CXX object CMakeFiles/xarm_cxx_sdk.dir/cxx/src/xarm/core/instruction/uxbus_cmd.cc.o[0m
[0.744s] [ 34%] [32mBuilding CXX object CMakeFiles/xarm_cxx_sdk.dir/cxx/src/xarm/core/connect.cc.o[0m
[0.744s] [ 37%] [32mBuilding CXX object CMakeFiles/xarm_cxx_sdk.dir/cxx/src/xarm/core/port/ser.cc.o[0m
[0.744s] [ 40%] [32mBuilding CXX object CMakeFiles/xarm_cxx_sdk.dir/cxx/src/xarm/core/os/network.cc.o[0m
[0.751s] [ 43%] [32mBuilding CXX object CMakeFiles/xarm_cxx_sdk.dir/cxx/src/xarm/core/instruction/uxbus_cmd_ser.cc.o[0m
[0.754s] [ 46%] [32mBuilding CXX object CMakeFiles/xarm_cxx_sdk.dir/cxx/src/xarm/core/report_data.cc.o[0m
[0.754s] [ 50%] [32mBuilding CXX object CMakeFiles/xarm_cxx_sdk.dir/cxx/src/xarm/core/instruction/uxbus_cmd_tcp.cc.o[0m
[0.754s] [ 53%] [32mBuilding CXX object CMakeFiles/xarm_cxx_sdk.dir/cxx/src/xarm/core/port/socket.cc.o[0m
[0.764s] [ 56%] [32mBuilding CXX object CMakeFiles/xarm_cxx_sdk.dir/cxx/src/xarm/wrapper/xarm_bio.cc.o[0m
[0.776s] [ 59%] [32mBuilding CXX object CMakeFiles/xarm_cxx_sdk.dir/cxx/src/xarm/wrapper/xarm_events.cc.o[0m
[0.780s] [ 62%] [32mBuilding CXX object CMakeFiles/xarm_cxx_sdk.dir/cxx/src/xarm/wrapper/xarm_api.cc.o[0m
[0.806s] [ 65%] [32mBuilding CXX object CMakeFiles/xarm_cxx_sdk.dir/cxx/src/xarm/wrapper/xarm_ft_sensor.cc.o[0m
[0.882s] [ 68%] [32mBuilding CXX object CMakeFiles/xarm_cxx_sdk.dir/cxx/src/xarm/wrapper/xarm_gpio.cc.o[0m
[0.923s] [ 71%] [32mBuilding CXX object CMakeFiles/xarm_cxx_sdk.dir/cxx/src/xarm/wrapper/xarm_gripper.cc.o[0m
[1.154s] [ 75%] [32mBuilding CXX object CMakeFiles/xarm_cxx_sdk.dir/cxx/src/xarm/wrapper/xarm_linear_motor.cc.o[0m
[1.202s] [ 78%] [32mBuilding CXX object CMakeFiles/xarm_cxx_sdk.dir/cxx/src/xarm/wrapper/xarm_modbus_tcp.cc.o[0m
[1.244s] [ 81%] [32mBuilding CXX object CMakeFiles/xarm_cxx_sdk.dir/cxx/src/xarm/wrapper/xarm_motion.cc.o[0m
[1.288s] [ 84%] [32mBuilding CXX object CMakeFiles/xarm_cxx_sdk.dir/cxx/src/xarm/wrapper/xarm_params.cc.o[0m
[1.390s] [ 87%] [32mBuilding CXX object CMakeFiles/xarm_cxx_sdk.dir/cxx/src/xarm/wrapper/xarm_record.cc.o[0m
[1.567s] [ 90%] [32mBuilding CXX object CMakeFiles/xarm_cxx_sdk.dir/cxx/src/xarm/wrapper/xarm_report.cc.o[0m
[1.599s] [ 93%] [32mBuilding CXX object CMakeFiles/xarm_cxx_sdk.dir/cxx/src/xarm/wrapper/xarm_robotiq.cc.o[0m
[1.693s] [ 96%] [32mBuilding CXX object CMakeFiles/xarm_cxx_sdk.dir/cxx/src/xarm/wrapper/xarm_servo.cc.o[0m
[4.154s] [100%] [32m[1mLinking CXX shared library libxarm_cxx_sdk.so[0m
[4.302s] [100%] Built target xarm_cxx_sdk
[4.316s] Invoked command in '/home/rob/project/csci5551-s26-team-pointbot/build/xarm_sdk' returned '0': CMAKE_PREFIX_PATH=${CMAKE_PREFIX_PATH}:/opt/ros/jazzy CONDA_PROMPT_MODIFIER=(base) DEBUGINFOD_URLS=https://debuginfod.ubuntu.com /usr/bin/cmake --build /home/rob/project/csci5551-s26-team-pointbot/build/xarm_sdk -- -j16 -l16
[4.319s] Invoking command in '/home/rob/project/csci5551-s26-team-pointbot/build/xarm_sdk': CMAKE_PREFIX_PATH=${CMAKE_PREFIX_PATH}:/opt/ros/jazzy CONDA_PROMPT_MODIFIER=(base) DEBUGINFOD_URLS=https://debuginfod.ubuntu.com /usr/bin/cmake --install /home/rob/project/csci5551-s26-team-pointbot/build/xarm_sdk
[4.333s] -- Install configuration: ""
[4.333s] -- Installing: /home/rob/project/csci5551-s26-team-pointbot/install/share/xarm_sdk/environment/library_path.sh
[4.333s] -- Installing: /home/rob/project/csci5551-s26-team-pointbot/install/share/xarm_sdk/environment/library_path.dsv
[4.333s] -- Installing: /home/rob/project/csci5551-s26-team-pointbot/install/cxx/include
[4.334s] -- Installing: /home/rob/project/csci5551-s26-team-pointbot/install/cxx/include/xarm
[4.335s] -- Installing: /home/rob/project/csci5551-s26-team-pointbot/install/cxx/include/xarm/wrapper
[4.335s] -- Installing: /home/rob/project/csci5551-s26-team-pointbot/install/cxx/include/xarm/wrapper/xarm_api.h
[4.335s] -- Installing: /home/rob/project/csci5551-s26-team-pointbot/install/cxx/include/xarm/wrapper/common
[4.336s] -- Installing: /home/rob/project/csci5551-s26-team-pointbot/install/cxx/include/xarm/wrapper/common/utils.h
[4.336s] -- Installing: /home/rob/project/csci5551-s26-team-pointbot/install/cxx/include/xarm/wrapper/common/timer.h
[4.336s] -- Installing: /home/rob/project/csci5551-s26-team-pointbot/install/cxx/include/xarm/core
[4.336s] -- Installing: /home/rob/project/csci5551-s26-team-pointbot/install/cxx/include/xarm/core/connect.h
[4.336s] -- Installing: /home/rob/project/csci5551-s26-team-pointbot/install/cxx/include/xarm/core/report_data.h
[4.337s] -- Installing: /home/rob/project/csci5551-s26-team-pointbot/install/cxx/include/xarm/core/xarm_config.h
[4.337s] -- Installing: /home/rob/project/csci5551-s26-team-pointbot/install/cxx/include/xarm/core/instruction
[4.337s] -- Installing: /home/rob/project/csci5551-s26-team-pointbot/install/cxx/include/xarm/core/instruction/servo3_config.h
[4.337s] -- Installing: /home/rob/project/csci5551-s26-team-pointbot/install/cxx/include/xarm/core/instruction/uxbus_cmd_tcp.h
[4.337s] -- Installing: /home/rob/project/csci5551-s26-team-pointbot/install/cxx/include/xarm/core/instruction/uxbus_cmd.h
[4.337s] -- Installing: /home/rob/project/csci5551-s26-team-pointbot/install/cxx/include/xarm/core/instruction/uxbus_cmd_ser.h
[4.338s] -- Installing: /home/rob/project/csci5551-s26-team-pointbot/install/cxx/include/xarm/core/instruction/uxbus_cmd_config.h
[4.338s] -- Installing: /home/rob/project/csci5551-s26-team-pointbot/install/cxx/include/xarm/core/common
[4.338s] -- Installing: /home/rob/project/csci5551-s26-team-pointbot/install/cxx/include/xarm/core/common/data_type.h
[4.338s] -- Installing: /home/rob/project/csci5551-s26-team-pointbot/install/cxx/include/xarm/core/common/queue_memcpy.h
[4.338s] -- Installing: /home/rob/project/csci5551-s26-team-pointbot/install/cxx/include/xarm/core/common/crc16.h
[4.338s] -- Installing: /home/rob/project/csci5551-s26-team-pointbot/install/cxx/include/xarm/core/debug
[4.339s] -- Installing: /home/rob/project/csci5551-s26-team-pointbot/install/cxx/include/xarm/core/debug/debug_print.h
[4.339s] -- Installing: /home/rob/project/csci5551-s26-team-pointbot/install/cxx/include/xarm/core/os
[4.339s] -- Installing: /home/rob/project/csci5551-s26-team-pointbot/install/cxx/include/xarm/core/os/network.h
[4.340s] -- Installing: /home/rob/project/csci5551-s26-team-pointbot/install/cxx/include/xarm/core/os/bak
[4.340s] -- Installing: /home/rob/project/csci5551-s26-team-pointbot/install/cxx/include/xarm/core/os/bak/thread.h
[4.340s] -- Installing: /home/rob/project/csci5551-s26-team-pointbot/install/cxx/include/xarm/core/port
[4.340s] -- Installing: /home/rob/project/csci5551-s26-team-pointbot/install/cxx/include/xarm/core/port/ser.h
[4.340s] -- Installing: /home/rob/project/csci5551-s26-team-pointbot/install/cxx/include/xarm/core/port/socket.h
[4.341s] -- Installing: /home/rob/project/csci5551-s26-team-pointbot/install/cxx/include/serial
[4.341s] -- Installing: /home/rob/project/csci5551-s26-team-pointbot/install/cxx/include/serial/serial.h
[4.341s] -- Installing: /home/rob/project/csci5551-s26-team-pointbot/install/cxx/include/serial/v8stdint.h
[4.341s] -- Installing: /home/rob/project/csci5551-s26-team-pointbot/install/cxx/include/serial/impl
[4.341s] -- Installing: /home/rob/project/csci5551-s26-team-pointbot/install/cxx/include/serial/impl/win.h
[4.341s] -- Installing: /home/rob/project/csci5551-s26-team-pointbot/install/cxx/include/serial/impl/unix.h
[4.342s] -- Installing: /home/rob/project/csci5551-s26-team-pointbot/install/lib/libxarm_cxx_sdk.so
[4.342s] -- Installing: /home/rob/project/csci5551-s26-team-pointbot/install/share/ament_index/resource_index/package_run_dependencies/xarm_sdk
[4.342s] -- Installing: /home/rob/project/csci5551-s26-team-pointbot/install/share/ament_index/resource_index/parent_prefix_path/xarm_sdk
[4.343s] -- Installing: /home/rob/project/csci5551-s26-team-pointbot/install/share/xarm_sdk/environment/ament_prefix_path.sh
[4.343s] -- Installing: /home/rob/project/csci5551-s26-team-pointbot/install/share/xarm_sdk/environment/ament_prefix_path.dsv
[4.343s] -- Installing: /home/rob/project/csci5551-s26-team-pointbot/install/share/xarm_sdk/environment/path.sh
[4.344s] -- Installing: /home/rob/project/csci5551-s26-team-pointbot/install/share/xarm_sdk/environment/path.dsv
[4.344s] -- Installing: /home/rob/project/csci5551-s26-team-pointbot/install/share/xarm_sdk/local_setup.bash
[4.345s] -- Installing: /home/rob/project/csci5551-s26-team-pointbot/install/share/xarm_sdk/local_setup.sh
[4.345s] -- Installing: /home/rob/project/csci5551-s26-team-pointbot/install/share/xarm_sdk/local_setup.zsh
[4.345s] -- Installing: /home/rob/project/csci5551-s26-team-pointbot/install/share/xarm_sdk/local_setup.dsv
[4.346s] -- Installing: /home/rob/project/csci5551-s26-team-pointbot/install/share/xarm_sdk/package.dsv
[4.346s] -- Installing: /home/rob/project/csci5551-s26-team-pointbot/install/share/ament_index/resource_index/packages/xarm_sdk
[4.346s] -- Installing: /home/rob/project/csci5551-s26-team-pointbot/install/share/xarm_sdk/cmake/ament_cmake_export_libraries-extras.cmake
[4.346s] -- Installing: /home/rob/project/csci5551-s26-team-pointbot/install/share/xarm_sdk/cmake/ament_cmake_export_include_directories-extras.cmake
[4.346s] -- Installing: /home/rob/project/csci5551-s26-team-pointbot/install/share/xarm_sdk/cmake/xarm_sdkConfig.cmake
[4.346s] -- Installing: /home/rob/project/csci5551-s26-team-pointbot/install/share/xarm_sdk/cmake/xarm_sdkConfig-version.cmake
[4.347s] -- Installing: /home/rob/project/csci5551-s26-team-pointbot/install/share/xarm_sdk/package.xml
[4.347s] Invoked command in '/home/rob/project/csci5551-s26-team-pointbot/build/xarm_sdk' returned '0': CMAKE_PREFIX_PATH=${CMAKE_PREFIX_PATH}:/opt/ros/jazzy CONDA_PROMPT_MODIFIER=(base) DEBUGINFOD_URLS=https://debuginfod.ubuntu.com /usr/bin/cmake --install /home/rob/project/csci5551-s26-team-pointbot/build/xarm_sdk
