[0.022s] Invoking command in '/home/rob/project/csci5551-s26-team-pointbot/build/xarm_description': CMAKE_PREFIX_PATH=${CMAKE_PREFIX_PATH}:/opt/ros/jazzy CONDA_PROMPT_MODIFIER=(base) DEBUGINFOD_URLS=https://debuginfod.ubuntu.com /usr/bin/cmake --build /home/rob/project/csci5551-s26-team-pointbot/build/xarm_description -- -j16 -l16
[0.343s] Invoked command in '/home/rob/project/csci5551-s26-team-pointbot/build/xarm_description' returned '0': CMAKE_PREFIX_PATH=${CMAKE_PREFIX_PATH}:/opt/ros/jazzy CONDA_PROMPT_MODIFIER=(base) DEBUGINFOD_URLS=https://debuginfod.ubuntu.com /usr/bin/cmake --build /home/rob/project/csci5551-s26-team-pointbot/build/xarm_description -- -j16 -l16
[0.351s] Invoking command in '/home/rob/project/csci5551-s26-team-pointbot/build/xarm_description': CMAKE_PREFIX_PATH=${CMAKE_PREFIX_PATH}:/opt/ros/jazzy CONDA_PROMPT_MODIFIER=(base) DEBUGINFOD_URLS=https://debuginfod.ubuntu.com /usr/bin/cmake --install /home/rob/project/csci5551-s26-team-pointbot/build/xarm_description
[0.360s] -- Install configuration: ""
[0.368s] -- Up-to-date: /home/rob/project/csci5551-s26-team-pointbot/install/share/xarm_description//rviz
[0.368s] -- Up-to-date: /home/rob/project/csci5551-s26-team-pointbot/install/share/xarm_description//rviz/display.rviz
[0.368s] -- Up-to-date: /home/rob/project/csci5551-s26-team-pointbot/install/share/xarm_description//urdf
[0.368s] -- Up-to-date: /home/rob/project/csci5551-s26-team-pointbot/install/share/xarm_description//urdf/xarm7
[0.368s] -- Up-to-date: /home/rob/project/csci5551-s26-team-pointbot/install/share/xarm_description//urdf/xarm7/xarm7_robot_macro.xacro
[0.368s] -- Up-to-date: /home/rob/project/csci5551-s26-team-pointbot/install/share/xarm_description//urdf/xarm7/xarm7.urdf.xacro
[0.368s] -- Up-to-date: /home/rob/project/csci5551-s26-team-pointbot/install/share/xarm_description//urdf/xarm7/xarm7.gazebo.xacro
[0.368s] -- Up-to-date: /home/rob/project/csci5551-s26-team-pointbot/install/share/xarm_description//urdf/xarm7/xarm7.ros2_control.xacro
[0.368s] -- Up-to-date: /home/rob/project/csci5551-s26-team-pointbot/install/share/xarm_description//urdf/xarm7/xarm7.transmission.xacro
[0.368s] -- Up-to-date: /home/rob/project/csci5551-s26-team-pointbot/install/share/xarm_description//urdf/xarm6
[0.368s] -- Up-to-date: /home/rob/project/csci5551-s26-team-pointbot/install/share/xarm_description//urdf/xarm6/xarm6.transmission.xacro
[0.369s] -- Up-to-date: /home/rob/project/csci5551-s26-team-pointbot/install/share/xarm_description//urdf/xarm6/xarm6_robot_macro.xacro
[0.369s] -- Up-to-date: /home/rob/project/csci5551-s26-team-pointbot/install/share/xarm_description//urdf/xarm6/xarm6.ros2_control.xacro
[0.369s] -- Up-to-date: /home/rob/project/csci5551-s26-team-pointbot/install/share/xarm_description//urdf/xarm6/xarm6.gazebo.xacro
[0.369s] -- Up-to-date: /home/rob/project/csci5551-s26-team-pointbot/install/share/xarm_description//urdf/xarm6/xarm6.urdf.xacro
[0.369s] -- Up-to-date: /home/rob/project/csci5551-s26-team-pointbot/install/share/xarm_description//urdf/camera
[0.369s] -- Up-to-date: /home/rob/project/csci5551-s26-team-pointbot/install/share/xarm_description//urdf/camera/realsense_d435i.urdf.xacro
[0.369s] -- Up-to-date: /home/rob/project/csci5551-s26-team-pointbot/install/share/xarm_description//urdf/camera/realsense.gazebo.xacro
[0.369s] -- Up-to-date: /home/rob/project/csci5551-s26-team-pointbot/install/share/xarm_description//urdf/camera/camera.gazebo.xacro
[0.369s] -- Up-to-date: /home/rob/project/csci5551-s26-team-pointbot/install/share/xarm_description//urdf/gripper
[0.369s] -- Up-to-date: /home/rob/project/csci5551-s26-team-pointbot/install/share/xarm_description//urdf/gripper/gripper_macro.xacro
[0.369s] -- Up-to-date: /home/rob/project/csci5551-s26-team-pointbot/install/share/xarm_description//urdf/gripper/bio_gripper.ros2_control.xacro
[0.369s] -- Up-to-date: /home/rob/project/csci5551-s26-team-pointbot/install/share/xarm_description//urdf/gripper/lite_gripper.urdf.xacro
[0.370s] -- Up-to-date: /home/rob/project/csci5551-s26-team-pointbot/install/share/xarm_description//urdf/gripper/bio_gripper_macro.xacro
[0.370s] -- Up-to-date: /home/rob/project/csci5551-s26-team-pointbot/install/share/xarm_description//urdf/gripper/gripper.urdf.xacro
[0.370s] -- Up-to-date: /home/rob/project/csci5551-s26-team-pointbot/install/share/xarm_description//urdf/gripper/bio_gripper.urdf.xacro
[0.370s] -- Up-to-date: /home/rob/project/csci5551-s26-team-pointbot/install/share/xarm_description//urdf/gripper/bio_gripper.gazebo.xacro
[0.370s] -- Up-to-date: /home/rob/project/csci5551-s26-team-pointbot/install/share/xarm_description//urdf/gripper/xarm_gripper.ros2_control.xacro
[0.370s] -- Up-to-date: /home/rob/project/csci5551-s26-team-pointbot/install/share/xarm_description//urdf/gripper/xarm_gripper.urdf.xacro
[0.370s] -- Up-to-date: /home/rob/project/csci5551-s26-team-pointbot/install/share/xarm_description//urdf/gripper/xarm_gripper.transmission.xacro
[0.370s] -- Up-to-date: /home/rob/project/csci5551-s26-team-pointbot/install/share/xarm_description//urdf/gripper/bio_gripper.transmission.xacro
[0.370s] -- Up-to-date: /home/rob/project/csci5551-s26-team-pointbot/install/share/xarm_description//urdf/gripper/xarm_gripper_macro.xacro
[0.370s] -- Up-to-date: /home/rob/project/csci5551-s26-team-pointbot/install/share/xarm_description//urdf/gripper/xarm_gripper.gazebo.xacro
[0.371s] -- Up-to-date: /home/rob/project/csci5551-s26-team-pointbot/install/share/xarm_description//urdf/lite6
[0.371s] -- Up-to-date: /home/rob/project/csci5551-s26-team-pointbot/install/share/xarm_description//urdf/lite6/lite6_robot_macro.xacro
[0.371s] -- Up-to-date: /home/rob/project/csci5551-s26-team-pointbot/install/share/xarm_description//urdf/lite6/lite6.transmission.xacro
[0.371s] -- Up-to-date: /home/rob/project/csci5551-s26-team-pointbot/install/share/xarm_description//urdf/lite6/lite6.ros2_control.xacro
[0.371s] -- Up-to-date: /home/rob/project/csci5551-s26-team-pointbot/install/share/xarm_description//urdf/lite6/lite6.gazebo.xacro
[0.371s] -- Up-to-date: /home/rob/project/csci5551-s26-team-pointbot/install/share/xarm_description//urdf/lite6/lite6.urdf.xacro
[0.371s] -- Up-to-date: /home/rob/project/csci5551-s26-team-pointbot/install/share/xarm_description//urdf/xarm7_mirror
[0.371s] -- Up-to-date: /home/rob/project/csci5551-s26-team-pointbot/install/share/xarm_description//urdf/xarm7_mirror/xarm7_mirror_robot_macro.xacro
[0.371s] -- Up-to-date: /home/rob/project/csci5551-s26-team-pointbot/install/share/xarm_description//urdf/xarm7_mirror/xarm7_mirror.gazebo.xacro
[0.372s] -- Up-to-date: /home/rob/project/csci5551-s26-team-pointbot/install/share/xarm_description//urdf/xarm7_mirror/xarm7_mirror.urdf.xacro
[0.372s] -- Up-to-date: /home/rob/project/csci5551-s26-team-pointbot/install/share/xarm_description//urdf/xarm7_mirror/xarm7_mirror.transmission.xacro
[0.372s] -- Up-to-date: /home/rob/project/csci5551-s26-team-pointbot/install/share/xarm_description//urdf/xarm7_mirror/xarm7_mirror.ros2_control.xacro
[0.372s] -- Up-to-date: /home/rob/project/csci5551-s26-team-pointbot/install/share/xarm_description//urdf/other
[0.372s] -- Up-to-date: /home/rob/project/csci5551-s26-team-pointbot/install/share/xarm_description//urdf/other/other_geometry.urdf.xacro
[0.372s] -- Up-to-date: /home/rob/project/csci5551-s26-team-pointbot/install/share/xarm_description//urdf/_private_macro.xacro
[0.372s] -- Up-to-date: /home/rob/project/csci5551-s26-team-pointbot/install/share/xarm_description//urdf/uf850
[0.372s] -- Up-to-date: /home/rob/project/csci5551-s26-team-pointbot/install/share/xarm_description//urdf/uf850/uf850.urdf.xacro
[0.372s] -- Up-to-date: /home/rob/project/csci5551-s26-team-pointbot/install/share/xarm_description//urdf/uf850/uf850.ros2_control.xacro
[0.372s] -- Up-to-date: /home/rob/project/csci5551-s26-team-pointbot/install/share/xarm_description//urdf/uf850/uf850.transmission.xacro
[0.372s] -- Up-to-date: /home/rob/project/csci5551-s26-team-pointbot/install/share/xarm_description//urdf/uf850/uf850_robot_macro.xacro
[0.372s] -- Up-to-date: /home/rob/project/csci5551-s26-team-pointbot/install/share/xarm_description//urdf/uf850/uf850.gazebo.xacro
[0.372s] -- Up-to-date: /home/rob/project/csci5551-s26-team-pointbot/install/share/xarm_description//urdf/vacuum_gripper
[0.373s] -- Up-to-date: /home/rob/project/csci5551-s26-team-pointbot/install/share/xarm_description//urdf/vacuum_gripper/vacuum_gripper_macro.xacro
[0.373s] -- Up-to-date: /home/rob/project/csci5551-s26-team-pointbot/install/share/xarm_description//urdf/vacuum_gripper/xarm_vacuum_gripper.urdf.xacro
[0.373s] -- Up-to-date: /home/rob/project/csci5551-s26-team-pointbot/install/share/xarm_description//urdf/vacuum_gripper/lite_vacuum_gripper.urdf.xacro
[0.373s] -- Up-to-date: /home/rob/project/csci5551-s26-team-pointbot/install/share/xarm_description//urdf/vacuum_gripper/vacuum_gripper.urdf.xacro
[0.373s] -- Up-to-date: /home/rob/project/csci5551-s26-team-pointbot/install/share/xarm_description//urdf/dual_xarm_device.urdf.xacro
[0.373s] -- Up-to-date: /home/rob/project/csci5551-s26-team-pointbot/install/share/xarm_description//urdf/common
[0.373s] -- Up-to-date: /home/rob/project/csci5551-s26-team-pointbot/install/share/xarm_description//urdf/common/common.link.xacro
[0.373s] -- Up-to-date: /home/rob/project/csci5551-s26-team-pointbot/install/share/xarm_description//urdf/common/common.gazebo.xacro
[0.373s] -- Up-to-date: /home/rob/project/csci5551-s26-team-pointbot/install/share/xarm_description//urdf/common/common.material.xacro
[0.374s] -- Up-to-date: /home/rob/project/csci5551-s26-team-pointbot/install/share/xarm_description//urdf/xarm5
[0.374s] -- Up-to-date: /home/rob/project/csci5551-s26-team-pointbot/install/share/xarm_description//urdf/xarm5/xarm5.urdf.xacro
[0.374s] -- Up-to-date: /home/rob/project/csci5551-s26-team-pointbot/install/share/xarm_description//urdf/xarm5/xarm5.ros2_control.xacro
[0.374s] -- Up-to-date: /home/rob/project/csci5551-s26-team-pointbot/install/share/xarm_description//urdf/xarm5/xarm5.transmission.xacro
[0.374s] -- Up-to-date: /home/rob/project/csci5551-s26-team-pointbot/install/share/xarm_description//urdf/xarm5/xarm5.gazebo.xacro
[0.374s] -- Up-to-date: /home/rob/project/csci5551-s26-team-pointbot/install/share/xarm_description//urdf/xarm5/xarm5_robot_macro.xacro
[0.374s] -- Up-to-date: /home/rob/project/csci5551-s26-team-pointbot/install/share/xarm_description//urdf/xarm_device_macro.xacro
[0.374s] -- Up-to-date: /home/rob/project/csci5551-s26-team-pointbot/install/share/xarm_description//urdf/xarm_device.urdf.xacro
[0.374s] -- Up-to-date: /home/rob/project/csci5551-s26-team-pointbot/install/share/xarm_description//config
[0.374s] -- Up-to-date: /home/rob/project/csci5551-s26-team-pointbot/install/share/xarm_description//config/link_inertial
[0.374s] -- Up-to-date: /home/rob/project/csci5551-s26-team-pointbot/install/share/xarm_description//config/link_inertial/xarm6_type6_HT_LD.yaml
[0.374s] -- Up-to-date: /home/rob/project/csci5551-s26-team-pointbot/install/share/xarm_description//config/link_inertial/xarm6_type12_HT_LDBR2.yaml
[0.374s] -- Up-to-date: /home/rob/project/csci5551-s26-team-pointbot/install/share/xarm_description//config/link_inertial/xarm7_type3_YT_SP.yaml
[0.374s] -- Up-to-date: /home/rob/project/csci5551-s26-team-pointbot/install/share/xarm_description//config/link_inertial/xarm6_type9_HT_BR2.yaml
[0.374s] -- Up-to-date: /home/rob/project/csci5551-s26-team-pointbot/install/share/xarm_description//config/link_inertial/xarm6_type6_HT2_LD.yaml
[0.375s] -- Up-to-date: /home/rob/project/csci5551-s26-team-pointbot/install/share/xarm_description//config/link_inertial/xarm6_type6_HT_BR.yaml
[0.375s] -- Up-to-date: /home/rob/project/csci5551-s26-team-pointbot/install/share/xarm_description//config/link_inertial/xarm7_type7_HT_BR.yaml
[0.375s] -- Up-to-date: /home/rob/project/csci5551-s26-team-pointbot/install/share/xarm_description//config/link_inertial/xarm6_type8_HT2_BR2.yaml
[0.375s] -- Up-to-date: /home/rob/project/csci5551-s26-team-pointbot/install/share/xarm_description//config/link_inertial/xarm7_type7_HT_LD.yaml
[0.375s] -- Up-to-date: /home/rob/project/csci5551-s26-team-pointbot/install/share/xarm_description//config/link_inertial/xarm5_type5_HT_BR2.yaml
[0.375s] -- Up-to-date: /home/rob/project/csci5551-s26-team-pointbot/install/share/xarm_description//config/link_inertial/xarm5_type5_HT_LD.yaml
[0.375s] -- Up-to-date: /home/rob/project/csci5551-s26-team-pointbot/install/share/xarm_description//config/link_inertial/xarm6_type6_UJ_BR_2403.yaml
[0.375s] -- Up-to-date: /home/rob/project/csci5551-s26-team-pointbot/install/share/xarm_description//config/link_inertial/xarm6_type11_HT_LD.yaml
[0.375s] -- Up-to-date: /home/rob/project/csci5551-s26-team-pointbot/install/share/xarm_description//config/link_inertial/gen_link_inertial_params.py
[0.375s] -- Up-to-date: /home/rob/project/csci5551-s26-team-pointbot/install/share/xarm_description//config/link_inertial/xarm7_type7_HT_BR2.yaml
[0.375s] -- Up-to-date: /home/rob/project/csci5551-s26-team-pointbot/install/share/xarm_description//config/link_inertial/xarm6_type6_HT_BR2.yaml
[0.375s] -- Up-to-date: /home/rob/project/csci5551-s26-team-pointbot/install/share/xarm_description//config/link_inertial/xarm7_type7_UJ_BR_2403.yaml
[0.375s] -- Up-to-date: /home/rob/project/csci5551-s26-team-pointbot/install/share/xarm_description//config/link_inertial/xarm5_type5_UJ_BR_2403.yaml
[0.376s] -- Up-to-date: /home/rob/project/csci5551-s26-team-pointbot/install/share/xarm_description//config/link_inertial/xarm7_type13_HT_BR2.yaml
[0.376s] -- Up-to-date: /home/rob/project/csci5551-s26-team-pointbot/install/share/xarm_description//config/link_inertial/xarm5_type5_HT_BR.yaml
[0.376s] -- Up-to-date: /home/rob/project/csci5551-s26-team-pointbot/install/share/xarm_description//config/kinematics
[0.376s] -- Up-to-date: /home/rob/project/csci5551-s26-team-pointbot/install/share/xarm_description//config/kinematics/gen_kinematics_params.py
[0.376s] -- Up-to-date: /home/rob/project/csci5551-s26-team-pointbot/install/share/xarm_description//config/kinematics/default
[0.376s] -- Up-to-date: /home/rob/project/csci5551-s26-team-pointbot/install/share/xarm_description//config/kinematics/default/xarm6_default_kinematics.yaml
[0.376s] -- Up-to-date: /home/rob/project/csci5551-s26-team-pointbot/install/share/xarm_description//config/kinematics/default/uf850_default_kinematics.yaml
[0.376s] -- Up-to-date: /home/rob/project/csci5551-s26-team-pointbot/install/share/xarm_description//config/kinematics/default/lite6_default_kinematics.yaml
[0.376s] -- Up-to-date: /home/rob/project/csci5551-s26-team-pointbot/install/share/xarm_description//config/kinematics/default/xarm5_default_kinematics.yaml
[0.376s] -- Up-to-date: /home/rob/project/csci5551-s26-team-pointbot/install/share/xarm_description//config/kinematics/default/xarm7_mirror_default_kinematics.yaml
[0.376s] -- Up-to-date: /home/rob/project/csci5551-s26-team-pointbot/install/share/xarm_description//config/kinematics/default/xarm7_default_kinematics.yaml
[0.376s] -- Up-to-date: /home/rob/project/csci5551-s26-team-pointbot/install/share/xarm_description//meshes
[0.377s] -- Up-to-date: /home/rob/project/csci5551-s26-team-pointbot/install/share/xarm_description//meshes/xarm7
[0.377s] -- Up-to-date: /home/rob/project/csci5551-s26-team-pointbot/install/share/xarm_description//meshes/xarm7/visual
[0.377s] -- Up-to-date: /home/rob/project/csci5551-s26-team-pointbot/install/share/xarm_description//meshes/xarm7/visual/link1.stl
[0.377s] -- Up-to-date: /home/rob/project/csci5551-s26-team-pointbot/install/share/xarm_description//meshes/xarm7/visual/link_base.stl
[0.377s] -- Up-to-date: /home/rob/project/csci5551-s26-team-pointbot/install/share/xarm_description//meshes/xarm7/visual/link5.stl
[0.377s] -- Up-to-date: /home/rob/project/csci5551-s26-team-pointbot/install/share/xarm_description//meshes/xarm7/visual/link7.stl
[0.377s] -- Up-to-date: /home/rob/project/csci5551-s26-team-pointbot/install/share/xarm_description//meshes/xarm7/visual/link4.stl
[0.377s] -- Up-to-date: /home/rob/project/csci5551-s26-team-pointbot/install/share/xarm_description//meshes/xarm7/visual/link3.stl
[0.377s] -- Up-to-date: /home/rob/project/csci5551-s26-team-pointbot/install/share/xarm_description//meshes/xarm7/visual/link6.stl
[0.377s] -- Up-to-date: /home/rob/project/csci5551-s26-team-pointbot/install/share/xarm_description//meshes/xarm7/visual/link2.stl
[0.377s] -- Up-to-date: /home/rob/project/csci5551-s26-team-pointbot/install/share/xarm_description//meshes/xarm6
[0.377s] -- Up-to-date: /home/rob/project/csci5551-s26-team-pointbot/install/share/xarm_description//meshes/xarm6/visual
[0.377s] -- Up-to-date: /home/rob/project/csci5551-s26-team-pointbot/install/share/xarm_description//meshes/xarm6/visual/link1.stl
[0.378s] -- Up-to-date: /home/rob/project/csci5551-s26-team-pointbot/install/share/xarm_description//meshes/xarm6/visual/link_base.stl
[0.378s] -- Up-to-date: /home/rob/project/csci5551-s26-team-pointbot/install/share/xarm_description//meshes/xarm6/visual/link5.stl
[0.378s] -- Up-to-date: /home/rob/project/csci5551-s26-team-pointbot/install/share/xarm_description//meshes/xarm6/visual/link4.stl
[0.378s] -- Up-to-date: /home/rob/project/csci5551-s26-team-pointbot/install/share/xarm_description//meshes/xarm6/visual/link3.stl
[0.378s] -- Up-to-date: /home/rob/project/csci5551-s26-team-pointbot/install/share/xarm_description//meshes/xarm6/visual/link6.stl
[0.378s] -- Up-to-date: /home/rob/project/csci5551-s26-team-pointbot/install/share/xarm_description//meshes/xarm6/visual/link2.stl
[0.378s] -- Up-to-date: /home/rob/project/csci5551-s26-team-pointbot/install/share/xarm_description//meshes/camera
[0.378s] -- Up-to-date: /home/rob/project/csci5551-s26-team-pointbot/install/share/xarm_description//meshes/camera/realsense
[0.378s] -- Up-to-date: /home/rob/project/csci5551-s26-team-pointbot/install/share/xarm_description//meshes/camera/realsense/collision
[0.378s] -- Up-to-date: /home/rob/project/csci5551-s26-team-pointbot/install/share/xarm_description//meshes/camera/realsense/collision/d435_with_cam_stand.stl
[0.378s] -- Up-to-date: /home/rob/project/csci5551-s26-team-pointbot/install/share/xarm_description//meshes/camera/realsense/visual
[0.378s] -- Up-to-date: /home/rob/project/csci5551-s26-team-pointbot/install/share/xarm_description//meshes/camera/realsense/visual/d435_with_cam_stand.stl
[0.378s] -- Up-to-date: /home/rob/project/csci5551-s26-team-pointbot/install/share/xarm_description//meshes/gripper
[0.378s] -- Up-to-date: /home/rob/project/csci5551-s26-team-pointbot/install/share/xarm_description//meshes/gripper/xarm
[0.379s] -- Up-to-date: /home/rob/project/csci5551-s26-team-pointbot/install/share/xarm_description//meshes/gripper/xarm/left_finger.stl
[0.379s] -- Up-to-date: /home/rob/project/csci5551-s26-team-pointbot/install/share/xarm_description//meshes/gripper/xarm/left_outer_knuckle.stl
[0.379s] -- Up-to-date: /home/rob/project/csci5551-s26-team-pointbot/install/share/xarm_description//meshes/gripper/xarm/right_finger.stl
[0.379s] -- Up-to-date: /home/rob/project/csci5551-s26-team-pointbot/install/share/xarm_description//meshes/gripper/xarm/base_link.stl
[0.379s] -- Up-to-date: /home/rob/project/csci5551-s26-team-pointbot/install/share/xarm_description//meshes/gripper/xarm/right_outer_knuckle.stl
[0.379s] -- Up-to-date: /home/rob/project/csci5551-s26-team-pointbot/install/share/xarm_description//meshes/gripper/xarm/right_inner_knuckle.stl
[0.379s] -- Up-to-date: /home/rob/project/csci5551-s26-team-pointbot/install/share/xarm_description//meshes/gripper/xarm/left_inner_knuckle.stl
[0.379s] -- Up-to-date: /home/rob/project/csci5551-s26-team-pointbot/install/share/xarm_description//meshes/gripper/lite
[0.379s] -- Up-to-date: /home/rob/project/csci5551-s26-team-pointbot/install/share/xarm_description//meshes/gripper/lite/collision
[0.379s] -- Up-to-date: /home/rob/project/csci5551-s26-team-pointbot/install/share/xarm_description//meshes/gripper/lite/collision/gripper_lite.stl
[0.379s] -- Up-to-date: /home/rob/project/csci5551-s26-team-pointbot/install/share/xarm_description//meshes/gripper/lite/visual
[0.379s] -- Up-to-date: /home/rob/project/csci5551-s26-team-pointbot/install/share/xarm_description//meshes/gripper/lite/visual/gripper_lite.stl
[0.379s] -- Up-to-date: /home/rob/project/csci5551-s26-team-pointbot/install/share/xarm_description//meshes/gripper/bio
[0.380s] -- Up-to-date: /home/rob/project/csci5551-s26-team-pointbot/install/share/xarm_description//meshes/gripper/bio/left_finger.stl
[0.380s] -- Up-to-date: /home/rob/project/csci5551-s26-team-pointbot/install/share/xarm_description//meshes/gripper/bio/link_base.stl
[0.380s] -- Up-to-date: /home/rob/project/csci5551-s26-team-pointbot/install/share/xarm_description//meshes/gripper/bio/right_finger.stl
[0.380s] -- Up-to-date: /home/rob/project/csci5551-s26-team-pointbot/install/share/xarm_description//meshes/lite6
[0.380s] -- Up-to-date: /home/rob/project/csci5551-s26-team-pointbot/install/share/xarm_description//meshes/lite6/collision
[0.380s] -- Up-to-date: /home/rob/project/csci5551-s26-team-pointbot/install/share/xarm_description//meshes/lite6/collision/link1.stl
[0.380s] -- Up-to-date: /home/rob/project/csci5551-s26-team-pointbot/install/share/xarm_description//meshes/lite6/collision/link_base.stl
[0.380s] -- Up-to-date: /home/rob/project/csci5551-s26-team-pointbot/install/share/xarm_description//meshes/lite6/collision/link5.stl
[0.380s] -- Up-to-date: /home/rob/project/csci5551-s26-team-pointbot/install/share/xarm_description//meshes/lite6/collision/link4.stl
[0.380s] -- Up-to-date: /home/rob/project/csci5551-s26-team-pointbot/install/share/xarm_description//meshes/lite6/collision/link3.stl
[0.380s] -- Up-to-date: /home/rob/project/csci5551-s26-team-pointbot/install/share/xarm_description//meshes/lite6/collision/link6.stl
[0.380s] -- Up-to-date: /home/rob/project/csci5551-s26-team-pointbot/install/share/xarm_description//meshes/lite6/collision/link2.stl
[0.380s] -- Up-to-date: /home/rob/project/csci5551-s26-team-pointbot/install/share/xarm_description//meshes/lite6/visual
[0.381s] -- Up-to-date: /home/rob/project/csci5551-s26-team-pointbot/install/share/xarm_description//meshes/lite6/visual/link1.stl
[0.381s] -- Up-to-date: /home/rob/project/csci5551-s26-team-pointbot/install/share/xarm_description//meshes/lite6/visual/link_base.stl
[0.381s] -- Up-to-date: /home/rob/project/csci5551-s26-team-pointbot/install/share/xarm_description//meshes/lite6/visual/link5.stl
[0.381s] -- Up-to-date: /home/rob/project/csci5551-s26-team-pointbot/install/share/xarm_description//meshes/lite6/visual/link4.stl
[0.381s] -- Up-to-date: /home/rob/project/csci5551-s26-team-pointbot/install/share/xarm_description//meshes/lite6/visual/link3.stl
[0.381s] -- Up-to-date: /home/rob/project/csci5551-s26-team-pointbot/install/share/xarm_description//meshes/lite6/visual/link6.stl
[0.381s] -- Up-to-date: /home/rob/project/csci5551-s26-team-pointbot/install/share/xarm_description//meshes/lite6/visual/link2.stl
[0.381s] -- Up-to-date: /home/rob/project/csci5551-s26-team-pointbot/install/share/xarm_description//meshes/xarm7_mirror
[0.381s] -- Up-to-date: /home/rob/project/csci5551-s26-team-pointbot/install/share/xarm_description//meshes/xarm7_mirror/collision
[0.381s] -- Up-to-date: /home/rob/project/csci5551-s26-team-pointbot/install/share/xarm_description//meshes/xarm7_mirror/collision/link1.stl
[0.381s] -- Up-to-date: /home/rob/project/csci5551-s26-team-pointbot/install/share/xarm_description//meshes/xarm7_mirror/collision/link_base.stl
[0.381s] -- Up-to-date: /home/rob/project/csci5551-s26-team-pointbot/install/share/xarm_description//meshes/xarm7_mirror/collision/link5.stl
[0.381s] -- Up-to-date: /home/rob/project/csci5551-s26-team-pointbot/install/share/xarm_description//meshes/xarm7_mirror/collision/link7.stl
[0.382s] -- Up-to-date: /home/rob/project/csci5551-s26-team-pointbot/install/share/xarm_description//meshes/xarm7_mirror/collision/link4.stl
[0.382s] -- Up-to-date: /home/rob/project/csci5551-s26-team-pointbot/install/share/xarm_description//meshes/xarm7_mirror/collision/link3.stl
[0.382s] -- Up-to-date: /home/rob/project/csci5551-s26-team-pointbot/install/share/xarm_description//meshes/xarm7_mirror/collision/link6.stl
[0.382s] -- Up-to-date: /home/rob/project/csci5551-s26-team-pointbot/install/share/xarm_description//meshes/xarm7_mirror/collision/link2.stl
[0.382s] -- Up-to-date: /home/rob/project/csci5551-s26-team-pointbot/install/share/xarm_description//meshes/xarm7_mirror/visual
[0.382s] -- Up-to-date: /home/rob/project/csci5551-s26-team-pointbot/install/share/xarm_description//meshes/xarm7_mirror/visual/link1.stl
[0.382s] -- Up-to-date: /home/rob/project/csci5551-s26-team-pointbot/install/share/xarm_description//meshes/xarm7_mirror/visual/link_base.stl
[0.382s] -- Up-to-date: /home/rob/project/csci5551-s26-team-pointbot/install/share/xarm_description//meshes/xarm7_mirror/visual/link5.stl
[0.382s] -- Up-to-date: /home/rob/project/csci5551-s26-team-pointbot/install/share/xarm_description//meshes/xarm7_mirror/visual/link7.stl
[0.382s] -- Up-to-date: /home/rob/project/csci5551-s26-team-pointbot/install/share/xarm_description//meshes/xarm7_mirror/visual/link4.stl
[0.382s] -- Up-to-date: /home/rob/project/csci5551-s26-team-pointbot/install/share/xarm_description//meshes/xarm7_mirror/visual/link3.stl
[0.382s] -- Up-to-date: /home/rob/project/csci5551-s26-team-pointbot/install/share/xarm_description//meshes/xarm7_mirror/visual/link6.stl
[0.382s] -- Up-to-date: /home/rob/project/csci5551-s26-team-pointbot/install/share/xarm_description//meshes/xarm7_mirror/visual/link2.stl
[0.383s] -- Up-to-date: /home/rob/project/csci5551-s26-team-pointbot/install/share/xarm_description//meshes/end_tool
[0.383s] -- Up-to-date: /home/rob/project/csci5551-s26-team-pointbot/install/share/xarm_description//meshes/end_tool/collision
[0.383s] -- Up-to-date: /home/rob/project/csci5551-s26-team-pointbot/install/share/xarm_description//meshes/end_tool/collision/end_tool_1300.stl
[0.383s] -- Up-to-date: /home/rob/project/csci5551-s26-team-pointbot/install/share/xarm_description//meshes/end_tool/collision/end_tool.stl
[0.383s] -- Up-to-date: /home/rob/project/csci5551-s26-team-pointbot/install/share/xarm_description//meshes/end_tool/visual
[0.383s] -- Up-to-date: /home/rob/project/csci5551-s26-team-pointbot/install/share/xarm_description//meshes/end_tool/visual/end_tool_1300.stl
[0.383s] -- Up-to-date: /home/rob/project/csci5551-s26-team-pointbot/install/share/xarm_description//meshes/uf850
[0.384s] -- Up-to-date: /home/rob/project/csci5551-s26-team-pointbot/install/share/xarm_description//meshes/uf850/collision
[0.384s] -- Up-to-date: /home/rob/project/csci5551-s26-team-pointbot/install/share/xarm_description//meshes/uf850/collision/link1.stl
[0.384s] -- Up-to-date: /home/rob/project/csci5551-s26-team-pointbot/install/share/xarm_description//meshes/uf850/collision/link_base.stl
[0.384s] -- Up-to-date: /home/rob/project/csci5551-s26-team-pointbot/install/share/xarm_description//meshes/uf850/collision/link5.stl
[0.384s] -- Up-to-date: /home/rob/project/csci5551-s26-team-pointbot/install/share/xarm_description//meshes/uf850/collision/link4.stl
[0.384s] -- Up-to-date: /home/rob/project/csci5551-s26-team-pointbot/install/share/xarm_description//meshes/uf850/collision/link3.stl
[0.384s] -- Up-to-date: /home/rob/project/csci5551-s26-team-pointbot/install/share/xarm_description//meshes/uf850/collision/link6.stl
[0.384s] -- Up-to-date: /home/rob/project/csci5551-s26-team-pointbot/install/share/xarm_description//meshes/uf850/collision/link2.stl
[0.384s] -- Up-to-date: /home/rob/project/csci5551-s26-team-pointbot/install/share/xarm_description//meshes/uf850/visual
[0.384s] -- Up-to-date: /home/rob/project/csci5551-s26-team-pointbot/install/share/xarm_description//meshes/uf850/visual/link1.stl
[0.384s] -- Up-to-date: /home/rob/project/csci5551-s26-team-pointbot/install/share/xarm_description//meshes/uf850/visual/link_base.stl
[0.384s] -- Up-to-date: /home/rob/project/csci5551-s26-team-pointbot/install/share/xarm_description//meshes/uf850/visual/link5.stl
[0.384s] -- Up-to-date: /home/rob/project/csci5551-s26-team-pointbot/install/share/xarm_description//meshes/uf850/visual/link4.stl
[0.384s] -- Up-to-date: /home/rob/project/csci5551-s26-team-pointbot/install/share/xarm_description//meshes/uf850/visual/link3.stl
[0.384s] -- Up-to-date: /home/rob/project/csci5551-s26-team-pointbot/install/share/xarm_description//meshes/uf850/visual/link6.stl
[0.384s] -- Up-to-date: /home/rob/project/csci5551-s26-team-pointbot/install/share/xarm_description//meshes/uf850/visual/link2.stl
[0.384s] -- Up-to-date: /home/rob/project/csci5551-s26-team-pointbot/install/share/xarm_description//meshes/vacuum_gripper
[0.384s] -- Up-to-date: /home/rob/project/csci5551-s26-team-pointbot/install/share/xarm_description//meshes/vacuum_gripper/xarm
[0.384s] -- Up-to-date: /home/rob/project/csci5551-s26-team-pointbot/install/share/xarm_description//meshes/vacuum_gripper/xarm/collision
[0.385s] -- Up-to-date: /home/rob/project/csci5551-s26-team-pointbot/install/share/xarm_description//meshes/vacuum_gripper/xarm/collision/vacuum_gripper.stl
[0.385s] -- Up-to-date: /home/rob/project/csci5551-s26-team-pointbot/install/share/xarm_description//meshes/vacuum_gripper/xarm/visual
[0.385s] -- Up-to-date: /home/rob/project/csci5551-s26-team-pointbot/install/share/xarm_description//meshes/vacuum_gripper/xarm/visual/vacuum_gripper.stl
[0.385s] -- Up-to-date: /home/rob/project/csci5551-s26-team-pointbot/install/share/xarm_description//meshes/vacuum_gripper/lite
[0.385s] -- Up-to-date: /home/rob/project/csci5551-s26-team-pointbot/install/share/xarm_description//meshes/vacuum_gripper/lite/collision
[0.385s] -- Up-to-date: /home/rob/project/csci5551-s26-team-pointbot/install/share/xarm_description//meshes/vacuum_gripper/lite/collision/vacuum_gripper_lite.stl
[0.385s] -- Up-to-date: /home/rob/project/csci5551-s26-team-pointbot/install/share/xarm_description//meshes/vacuum_gripper/lite/visual
[0.385s] -- Up-to-date: /home/rob/project/csci5551-s26-team-pointbot/install/share/xarm_description//meshes/vacuum_gripper/lite/visual/vacuum_gripper_lite.stl
[0.385s] -- Up-to-date: /home/rob/project/csci5551-s26-team-pointbot/install/share/xarm_description//meshes/xarm7_1305
[0.385s] -- Up-to-date: /home/rob/project/csci5551-s26-team-pointbot/install/share/xarm_description//meshes/xarm7_1305/collision
[0.385s] -- Up-to-date: /home/rob/project/csci5551-s26-team-pointbot/install/share/xarm_description//meshes/xarm7_1305/collision/link5.obj
[0.385s] -- Up-to-date: /home/rob/project/csci5551-s26-team-pointbot/install/share/xarm_description//meshes/xarm7_1305/collision/link3.obj
[0.385s] -- Up-to-date: /home/rob/project/csci5551-s26-team-pointbot/install/share/xarm_description//meshes/xarm7_1305/collision/link7.obj
[0.385s] -- Up-to-date: /home/rob/project/csci5551-s26-team-pointbot/install/share/xarm_description//meshes/xarm7_1305/collision/link1.obj
[0.385s] -- Up-to-date: /home/rob/project/csci5551-s26-team-pointbot/install/share/xarm_description//meshes/xarm7_1305/collision/link_base.obj
[0.385s] -- Up-to-date: /home/rob/project/csci5551-s26-team-pointbot/install/share/xarm_description//meshes/xarm7_1305/collision/link4.obj
[0.385s] -- Up-to-date: /home/rob/project/csci5551-s26-team-pointbot/install/share/xarm_description//meshes/xarm7_1305/collision/link6.obj
[0.385s] -- Up-to-date: /home/rob/project/csci5551-s26-team-pointbot/install/share/xarm_description//meshes/xarm7_1305/collision/link2.obj
[0.385s] -- Up-to-date: /home/rob/project/csci5551-s26-team-pointbot/install/share/xarm_description//meshes/xarm7_1305/visual
[0.385s] -- Up-to-date: /home/rob/project/csci5551-s26-team-pointbot/install/share/xarm_description//meshes/xarm7_1305/visual/link1.stl
[0.385s] -- Up-to-date: /home/rob/project/csci5551-s26-team-pointbot/install/share/xarm_description//meshes/xarm7_1305/visual/link_base.stl
[0.385s] -- Up-to-date: /home/rob/project/csci5551-s26-team-pointbot/install/share/xarm_description//meshes/xarm7_1305/visual/link5.stl
[0.386s] -- Up-to-date: /home/rob/project/csci5551-s26-team-pointbot/install/share/xarm_description//meshes/xarm7_1305/visual/link7.stl
[0.386s] -- Up-to-date: /home/rob/project/csci5551-s26-team-pointbot/install/share/xarm_description//meshes/xarm7_1305/visual/link4.stl
[0.386s] -- Up-to-date: /home/rob/project/csci5551-s26-team-pointbot/install/share/xarm_description//meshes/xarm7_1305/visual/link3.stl
[0.386s] -- Up-to-date: /home/rob/project/csci5551-s26-team-pointbot/install/share/xarm_description//meshes/xarm7_1305/visual/link6.stl
[0.386s] -- Up-to-date: /home/rob/project/csci5551-s26-team-pointbot/install/share/xarm_description//meshes/xarm7_1305/visual/link2.stl
[0.386s] -- Up-to-date: /home/rob/project/csci5551-s26-team-pointbot/install/share/xarm_description//meshes/xarm5
[0.386s] -- Up-to-date: /home/rob/project/csci5551-s26-team-pointbot/install/share/xarm_description//meshes/xarm5/visual
[0.386s] -- Up-to-date: /home/rob/project/csci5551-s26-team-pointbot/install/share/xarm_description//meshes/xarm5/visual/link1.stl
[0.386s] -- Up-to-date: /home/rob/project/csci5551-s26-team-pointbot/install/share/xarm_description//meshes/xarm5/visual/link_base.stl
[0.386s] -- Up-to-date: /home/rob/project/csci5551-s26-team-pointbot/install/share/xarm_description//meshes/xarm5/visual/link5.stl
[0.386s] -- Up-to-date: /home/rob/project/csci5551-s26-team-pointbot/install/share/xarm_description//meshes/xarm5/visual/link4.stl
[0.386s] -- Up-to-date: /home/rob/project/csci5551-s26-team-pointbot/install/share/xarm_description//meshes/xarm5/visual/link3.stl
[0.386s] -- Up-to-date: /home/rob/project/csci5551-s26-team-pointbot/install/share/xarm_description//meshes/xarm5/visual/link2.stl
[0.386s] -- Up-to-date: /home/rob/project/csci5551-s26-team-pointbot/install/share/xarm_description//meshes/xarm5_1305
[0.386s] -- Up-to-date: /home/rob/project/csci5551-s26-team-pointbot/install/share/xarm_description//meshes/xarm5_1305/collision
[0.386s] -- Up-to-date: /home/rob/project/csci5551-s26-team-pointbot/install/share/xarm_description//meshes/xarm5_1305/collision/link5.obj
[0.386s] -- Up-to-date: /home/rob/project/csci5551-s26-team-pointbot/install/share/xarm_description//meshes/xarm5_1305/collision/link3.obj
[0.386s] -- Up-to-date: /home/rob/project/csci5551-s26-team-pointbot/install/share/xarm_description//meshes/xarm5_1305/collision/link1.obj
[0.386s] -- Up-to-date: /home/rob/project/csci5551-s26-team-pointbot/install/share/xarm_description//meshes/xarm5_1305/collision/link_base.obj
[0.386s] -- Up-to-date: /home/rob/project/csci5551-s26-team-pointbot/install/share/xarm_description//meshes/xarm5_1305/collision/link4.obj
[0.386s] -- Up-to-date: /home/rob/project/csci5551-s26-team-pointbot/install/share/xarm_description//meshes/xarm5_1305/collision/link2.obj
[0.386s] -- Up-to-date: /home/rob/project/csci5551-s26-team-pointbot/install/share/xarm_description//meshes/xarm5_1305/visual
[0.386s] -- Up-to-date: /home/rob/project/csci5551-s26-team-pointbot/install/share/xarm_description//meshes/xarm5_1305/visual/link1.stl
[0.386s] -- Up-to-date: /home/rob/project/csci5551-s26-team-pointbot/install/share/xarm_description//meshes/xarm5_1305/visual/link_base.stl
[0.386s] -- Up-to-date: /home/rob/project/csci5551-s26-team-pointbot/install/share/xarm_description//meshes/xarm5_1305/visual/link5.stl
[0.386s] -- Up-to-date: /home/rob/project/csci5551-s26-team-pointbot/install/share/xarm_description//meshes/xarm5_1305/visual/link4.stl
[0.387s] -- Up-to-date: /home/rob/project/csci5551-s26-team-pointbot/install/share/xarm_description//meshes/xarm5_1305/visual/link3.stl
[0.387s] -- Up-to-date: /home/rob/project/csci5551-s26-team-pointbot/install/share/xarm_description//meshes/xarm5_1305/visual/link2.stl
[0.387s] -- Up-to-date: /home/rob/project/csci5551-s26-team-pointbot/install/share/xarm_description//meshes/xarm6_1305
[0.387s] -- Up-to-date: /home/rob/project/csci5551-s26-team-pointbot/install/share/xarm_description//meshes/xarm6_1305/collision
[0.387s] -- Up-to-date: /home/rob/project/csci5551-s26-team-pointbot/install/share/xarm_description//meshes/xarm6_1305/collision/link5.obj
[0.387s] -- Up-to-date: /home/rob/project/csci5551-s26-team-pointbot/install/share/xarm_description//meshes/xarm6_1305/collision/link3.obj
[0.387s] -- Up-to-date: /home/rob/project/csci5551-s26-team-pointbot/install/share/xarm_description//meshes/xarm6_1305/collision/link1.obj
[0.387s] -- Up-to-date: /home/rob/project/csci5551-s26-team-pointbot/install/share/xarm_description//meshes/xarm6_1305/collision/link_base.obj
[0.387s] -- Up-to-date: /home/rob/project/csci5551-s26-team-pointbot/install/share/xarm_description//meshes/xarm6_1305/collision/link4.obj
[0.387s] -- Up-to-date: /home/rob/project/csci5551-s26-team-pointbot/install/share/xarm_description//meshes/xarm6_1305/collision/link6.obj
[0.387s] -- Up-to-date: /home/rob/project/csci5551-s26-team-pointbot/install/share/xarm_description//meshes/xarm6_1305/collision/link2.obj
[0.387s] -- Up-to-date: /home/rob/project/csci5551-s26-team-pointbot/install/share/xarm_description//meshes/xarm6_1305/visual
[0.387s] -- Up-to-date: /home/rob/project/csci5551-s26-team-pointbot/install/share/xarm_description//meshes/xarm6_1305/visual/link1.stl
[0.387s] -- Up-to-date: /home/rob/project/csci5551-s26-team-pointbot/install/share/xarm_description//meshes/xarm6_1305/visual/link_base.stl
[0.387s] -- Up-to-date: /home/rob/project/csci5551-s26-team-pointbot/install/share/xarm_description//meshes/xarm6_1305/visual/link5.stl
[0.387s] -- Up-to-date: /home/rob/project/csci5551-s26-team-pointbot/install/share/xarm_description//meshes/xarm6_1305/visual/link4.stl
[0.387s] -- Up-to-date: /home/rob/project/csci5551-s26-team-pointbot/install/share/xarm_description//meshes/xarm6_1305/visual/link3.stl
[0.387s] -- Up-to-date: /home/rob/project/csci5551-s26-team-pointbot/install/share/xarm_description//meshes/xarm6_1305/visual/link6.stl
[0.387s] -- Up-to-date: /home/rob/project/csci5551-s26-team-pointbot/install/share/xarm_description//meshes/xarm6_1305/visual/link2.stl
[0.387s] -- Up-to-date: /home/rob/project/csci5551-s26-team-pointbot/install/share/xarm_description//launch
[0.387s] -- Up-to-date: /home/rob/project/csci5551-s26-team-pointbot/install/share/xarm_description//launch/xarm7_mirror_rviz_display.launch.py
[0.387s] -- Up-to-date: /home/rob/project/csci5551-s26-team-pointbot/install/share/xarm_description//launch/xarm5_rviz_display.launch.py
[0.387s] -- Up-to-date: /home/rob/project/csci5551-s26-team-pointbot/install/share/xarm_description//launch/_robot_rviz_display.launch.py
[0.387s] -- Up-to-date: /home/rob/project/csci5551-s26-team-pointbot/install/share/xarm_description//launch/xarm7_rviz_display.launch.py
[0.387s] -- Up-to-date: /home/rob/project/csci5551-s26-team-pointbot/install/share/xarm_description//launch/xarm6_rviz_display.launch.py
[0.387s] -- Up-to-date: /home/rob/project/csci5551-s26-team-pointbot/install/share/xarm_description//launch/lib
[0.387s] -- Up-to-date: /home/rob/project/csci5551-s26-team-pointbot/install/share/xarm_description//launch/lib/robot_description_lib.py
[0.388s] -- Up-to-date: /home/rob/project/csci5551-s26-team-pointbot/install/share/xarm_description//launch/_robot_description.launch.py
[0.388s] -- Up-to-date: /home/rob/project/csci5551-s26-team-pointbot/install/share/xarm_description//launch/uf850_rviz_display.launch.py
[0.388s] -- Up-to-date: /home/rob/project/csci5551-s26-team-pointbot/install/share/xarm_description//launch/_robot_joint_state.launch.py
[0.388s] -- Up-to-date: /home/rob/project/csci5551-s26-team-pointbot/install/share/xarm_description//launch/_rviz_display.launch.py
[0.388s] -- Up-to-date: /home/rob/project/csci5551-s26-team-pointbot/install/share/xarm_description//launch/lite6_rviz_display.launch.py
[0.388s] -- Up-to-date: /home/rob/project/csci5551-s26-team-pointbot/install/share/ament_index/resource_index/package_run_dependencies/xarm_description
[0.388s] -- Up-to-date: /home/rob/project/csci5551-s26-team-pointbot/install/share/ament_index/resource_index/parent_prefix_path/xarm_description
[0.388s] -- Up-to-date: /home/rob/project/csci5551-s26-team-pointbot/install/share/xarm_description/environment/ament_prefix_path.sh
[0.388s] -- Up-to-date: /home/rob/project/csci5551-s26-team-pointbot/install/share/xarm_description/environment/ament_prefix_path.dsv
[0.388s] -- Up-to-date: /home/rob/project/csci5551-s26-team-pointbot/install/share/xarm_description/environment/path.sh
[0.388s] -- Up-to-date: /home/rob/project/csci5551-s26-team-pointbot/install/share/xarm_description/environment/path.dsv
[0.388s] -- Up-to-date: /home/rob/project/csci5551-s26-team-pointbot/install/share/xarm_description/local_setup.bash
[0.388s] -- Up-to-date: /home/rob/project/csci5551-s26-team-pointbot/install/share/xarm_description/local_setup.sh
[0.388s] -- Up-to-date: /home/rob/project/csci5551-s26-team-pointbot/install/share/xarm_description/local_setup.zsh
[0.388s] -- Up-to-date: /home/rob/project/csci5551-s26-team-pointbot/install/share/xarm_description/local_setup.dsv
[0.388s] -- Up-to-date: /home/rob/project/csci5551-s26-team-pointbot/install/share/xarm_description/package.dsv
[0.388s] -- Up-to-date: /home/rob/project/csci5551-s26-team-pointbot/install/share/ament_index/resource_index/packages/xarm_description
[0.388s] -- Up-to-date: /home/rob/project/csci5551-s26-team-pointbot/install/share/xarm_description/cmake/xarm_descriptionConfig.cmake
[0.388s] -- Up-to-date: /home/rob/project/csci5551-s26-team-pointbot/install/share/xarm_description/cmake/xarm_descriptionConfig-version.cmake
[0.389s] -- Up-to-date: /home/rob/project/csci5551-s26-team-pointbot/install/share/xarm_description/package.xml
[0.414s] Invoked command in '/home/rob/project/csci5551-s26-team-pointbot/build/xarm_description' returned '0': CMAKE_PREFIX_PATH=${CMAKE_PREFIX_PATH}:/opt/ros/jazzy CONDA_PROMPT_MODIFIER=(base) DEBUGINFOD_URLS=https://debuginfod.ubuntu.com /usr/bin/cmake --install /home/rob/project/csci5551-s26-team-pointbot/build/xarm_description
