[0.023s] Invoking command in '/home/rob/project/csci5551-s26-team-pointbot/build/xarm_gazebo': CMAKE_PREFIX_PATH=${CMAKE_PREFIX_PATH}:/opt/ros/jazzy CONDA_PROMPT_MODIFIER=(base) DEBUGINFOD_URLS=https://debuginfod.ubuntu.com LD_LIBRARY_PATH=/home/rob/project/csci5551-s26-team-pointbot/install/lib:/opt/ros/jazzy/opt/sdformat_vendor/lib:/opt/ros/jazzy/opt/rviz_ogre_vendor/lib:/opt/ros/jazzy/lib/x86_64-linux-gnu:/opt/ros/jazzy/opt/gz_math_vendor/lib:/opt/ros/jazzy/opt/gz_utils_vendor/lib:/opt/ros/jazzy/opt/gz_tools_vendor/lib:/opt/ros/jazzy/opt/gz_cmake_vendor/lib:/opt/ros/jazzy/lib:/usr/local/cuda-12.8/lib64’ PYTHONPATH=/home/rob/project/csci5551-s26-team-pointbot/install/lib/python3.12/site-packages:/home/rob/project/csci5551-s26-team-pointbot/install/lib/python3.13/site-packages:/opt/ros/jazzy/lib/python3.12/site-packages:/home/rob/robotics5551:/home/rob/robotics5551 /usr/bin/cmake --build /home/rob/project/csci5551-s26-team-pointbot/build/xarm_gazebo -- -j16 -l16
[0.090s] [100%] Built target gazebo_mimic_joint_plugin
[0.119s] Invoked command in '/home/rob/project/csci5551-s26-team-pointbot/build/xarm_gazebo' returned '0': CMAKE_PREFIX_PATH=${CMAKE_PREFIX_PATH}:/opt/ros/jazzy CONDA_PROMPT_MODIFIER=(base) DEBUGINFOD_URLS=https://debuginfod.ubuntu.com LD_LIBRARY_PATH=/home/rob/project/csci5551-s26-team-pointbot/install/lib:/opt/ros/jazzy/opt/sdformat_vendor/lib:/opt/ros/jazzy/opt/rviz_ogre_vendor/lib:/opt/ros/jazzy/lib/x86_64-linux-gnu:/opt/ros/jazzy/opt/gz_math_vendor/lib:/opt/ros/jazzy/opt/gz_utils_vendor/lib:/opt/ros/jazzy/opt/gz_tools_vendor/lib:/opt/ros/jazzy/opt/gz_cmake_vendor/lib:/opt/ros/jazzy/lib:/usr/local/cuda-12.8/lib64’ PYTHONPATH=/home/rob/project/csci5551-s26-team-pointbot/install/lib/python3.12/site-packages:/home/rob/project/csci5551-s26-team-pointbot/install/lib/python3.13/site-packages:/opt/ros/jazzy/lib/python3.12/site-packages:/home/rob/robotics5551:/home/rob/robotics5551 /usr/bin/cmake --build /home/rob/project/csci5551-s26-team-pointbot/build/xarm_gazebo -- -j16 -l16
[0.120s] Invoking command in '/home/rob/project/csci5551-s26-team-pointbot/build/xarm_gazebo': CMAKE_PREFIX_PATH=${CMAKE_PREFIX_PATH}:/opt/ros/jazzy CONDA_PROMPT_MODIFIER=(base) DEBUGINFOD_URLS=https://debuginfod.ubuntu.com LD_LIBRARY_PATH=/home/rob/project/csci5551-s26-team-pointbot/install/lib:/opt/ros/jazzy/opt/sdformat_vendor/lib:/opt/ros/jazzy/opt/rviz_ogre_vendor/lib:/opt/ros/jazzy/lib/x86_64-linux-gnu:/opt/ros/jazzy/opt/gz_math_vendor/lib:/opt/ros/jazzy/opt/gz_utils_vendor/lib:/opt/ros/jazzy/opt/gz_tools_vendor/lib:/opt/ros/jazzy/opt/gz_cmake_vendor/lib:/opt/ros/jazzy/lib:/usr/local/cuda-12.8/lib64’ PYTHONPATH=/home/rob/project/csci5551-s26-team-pointbot/install/lib/python3.12/site-packages:/home/rob/project/csci5551-s26-team-pointbot/install/lib/python3.13/site-packages:/opt/ros/jazzy/lib/python3.12/site-packages:/home/rob/robotics5551:/home/rob/robotics5551 /usr/bin/cmake --install /home/rob/project/csci5551-s26-team-pointbot/build/xarm_gazebo
[0.138s] -- Install configuration: ""
[0.139s] -- Up-to-date: /home/rob/project/csci5551-s26-team-pointbot/install/lib/libgazebo_mimic_joint_plugin.so
[0.139s] -- Up-to-date: /home/rob/project/csci5551-s26-team-pointbot/install/share/xarm_gazebo//worlds
[0.139s] -- Up-to-date: /home/rob/project/csci5551-s26-team-pointbot/install/share/xarm_gazebo//worlds/table_gz.world
[0.139s] -- Up-to-date: /home/rob/project/csci5551-s26-team-pointbot/install/share/xarm_gazebo//worlds/table.world
[0.139s] -- Up-to-date: /home/rob/project/csci5551-s26-team-pointbot/install/share/xarm_gazebo//launch
[0.139s] -- Up-to-date: /home/rob/project/csci5551-s26-team-pointbot/install/share/xarm_gazebo//launch/xarm7_mirror_beside_table_gazebo.launch.py
[0.139s] -- Up-to-date: /home/rob/project/csci5551-s26-team-pointbot/install/share/xarm_gazebo//launch/_robot_beside_table_gazebo.launch.py
[0.139s] -- Up-to-date: /home/rob/project/csci5551-s26-team-pointbot/install/share/xarm_gazebo//launch/xarm6_beside_table_gazebo.launch.py
[0.139s] -- Up-to-date: /home/rob/project/csci5551-s26-team-pointbot/install/share/xarm_gazebo//launch/lite6_beside_table_gazebo.launch.py
[0.139s] -- Up-to-date: /home/rob/project/csci5551-s26-team-pointbot/install/share/xarm_gazebo//launch/_dual_robot_beside_table_gazebo.launch.py
[0.139s] -- Up-to-date: /home/rob/project/csci5551-s26-team-pointbot/install/share/xarm_gazebo//launch/xarm5_beside_table_gazebo.launch.py
[0.140s] -- Up-to-date: /home/rob/project/csci5551-s26-team-pointbot/install/share/xarm_gazebo//launch/xarm7_beside_table_gazebo.launch.py
[0.140s] -- Up-to-date: /home/rob/project/csci5551-s26-team-pointbot/install/share/xarm_gazebo//launch/uf850_beside_table_gazebo.launch.py
[0.140s] -- Up-to-date: /home/rob/project/csci5551-s26-team-pointbot/install/share/ament_index/resource_index/package_run_dependencies/xarm_gazebo
[0.140s] -- Up-to-date: /home/rob/project/csci5551-s26-team-pointbot/install/share/ament_index/resource_index/parent_prefix_path/xarm_gazebo
[0.140s] -- Up-to-date: /home/rob/project/csci5551-s26-team-pointbot/install/share/xarm_gazebo/environment/ament_prefix_path.sh
[0.140s] -- Up-to-date: /home/rob/project/csci5551-s26-team-pointbot/install/share/xarm_gazebo/environment/ament_prefix_path.dsv
[0.140s] -- Up-to-date: /home/rob/project/csci5551-s26-team-pointbot/install/share/xarm_gazebo/environment/path.sh
[0.140s] -- Up-to-date: /home/rob/project/csci5551-s26-team-pointbot/install/share/xarm_gazebo/environment/path.dsv
[0.140s] -- Up-to-date: /home/rob/project/csci5551-s26-team-pointbot/install/share/xarm_gazebo/local_setup.bash
[0.140s] -- Up-to-date: /home/rob/project/csci5551-s26-team-pointbot/install/share/xarm_gazebo/local_setup.sh
[0.140s] -- Up-to-date: /home/rob/project/csci5551-s26-team-pointbot/install/share/xarm_gazebo/local_setup.zsh
[0.140s] -- Up-to-date: /home/rob/project/csci5551-s26-team-pointbot/install/share/xarm_gazebo/local_setup.dsv
[0.140s] -- Installing: /home/rob/project/csci5551-s26-team-pointbot/install/share/xarm_gazebo/package.dsv
[0.140s] -- Up-to-date: /home/rob/project/csci5551-s26-team-pointbot/install/share/ament_index/resource_index/packages/xarm_gazebo
[0.141s] -- Up-to-date: /home/rob/project/csci5551-s26-team-pointbot/install/share/xarm_gazebo/cmake/xarm_gazeboConfig.cmake
[0.141s] -- Up-to-date: /home/rob/project/csci5551-s26-team-pointbot/install/share/xarm_gazebo/cmake/xarm_gazeboConfig-version.cmake
[0.141s] -- Up-to-date: /home/rob/project/csci5551-s26-team-pointbot/install/share/xarm_gazebo/package.xml
[0.142s] Invoked command in '/home/rob/project/csci5551-s26-team-pointbot/build/xarm_gazebo' returned '0': CMAKE_PREFIX_PATH=${CMAKE_PREFIX_PATH}:/opt/ros/jazzy CONDA_PROMPT_MODIFIER=(base) DEBUGINFOD_URLS=https://debuginfod.ubuntu.com LD_LIBRARY_PATH=/home/rob/project/csci5551-s26-team-pointbot/install/lib:/opt/ros/jazzy/opt/sdformat_vendor/lib:/opt/ros/jazzy/opt/rviz_ogre_vendor/lib:/opt/ros/jazzy/lib/x86_64-linux-gnu:/opt/ros/jazzy/opt/gz_math_vendor/lib:/opt/ros/jazzy/opt/gz_utils_vendor/lib:/opt/ros/jazzy/opt/gz_tools_vendor/lib:/opt/ros/jazzy/opt/gz_cmake_vendor/lib:/opt/ros/jazzy/lib:/usr/local/cuda-12.8/lib64’ PYTHONPATH=/home/rob/project/csci5551-s26-team-pointbot/install/lib/python3.12/site-packages:/home/rob/project/csci5551-s26-team-pointbot/install/lib/python3.13/site-packages:/opt/ros/jazzy/lib/python3.12/site-packages:/home/rob/robotics5551:/home/rob/robotics5551 /usr/bin/cmake --install /home/rob/project/csci5551-s26-team-pointbot/build/xarm_gazebo
