[0.020s] Invoking command in '/home/rob/project/csci5551-s26-team-pointbot/build/xarm_api': CMAKE_PREFIX_PATH=${CMAKE_PREFIX_PATH}:/opt/ros/jazzy CONDA_PROMPT_MODIFIER=(base) DEBUGINFOD_URLS=https://debuginfod.ubuntu.com LD_LIBRARY_PATH=/home/rob/project/csci5551-s26-team-pointbot/install/lib:/opt/ros/jazzy/opt/sdformat_vendor/lib:/opt/ros/jazzy/opt/rviz_ogre_vendor/lib:/opt/ros/jazzy/lib/x86_64-linux-gnu:/opt/ros/jazzy/opt/gz_math_vendor/lib:/opt/ros/jazzy/opt/gz_utils_vendor/lib:/opt/ros/jazzy/opt/gz_tools_vendor/lib:/opt/ros/jazzy/opt/gz_cmake_vendor/lib:/opt/ros/jazzy/lib:/usr/local/cuda-12.8/lib64’ PYTHONPATH=/home/rob/project/csci5551-s26-team-pointbot/install/lib/python3.12/site-packages:/home/rob/project/csci5551-s26-team-pointbot/install/lib/python3.13/site-packages:/opt/ros/jazzy/lib/python3.12/site-packages:/home/rob/robotics5551:/home/rob/robotics5551 /usr/bin/cmake /home/rob/project/csci5551-s26-team-pointbot/src/xarm_ros2/xarm_api -DCMAKE_INSTALL_PREFIX=/home/rob/project/csci5551-s26-team-pointbot/install
[0.119s] -- The C compiler identification is GNU 13.3.0
[0.198s] -- The CXX compiler identification is GNU 13.3.0
[0.227s] -- Detecting C compiler ABI info
[0.370s] -- Detecting C compiler ABI info - done
[0.391s] -- Check for working C compiler: /usr/bin/cc - skipped
[0.391s] -- Detecting C compile features
[0.392s] -- Detecting C compile features - done
[0.408s] -- Detecting CXX compiler ABI info
[0.568s] -- Detecting CXX compiler ABI info - done
[0.589s] -- Check for working CXX compiler: /usr/bin/c++ - skipped
[0.589s] -- Detecting CXX compile features
[0.590s] -- Detecting CXX compile features - done
[0.593s] -- Found ament_cmake: 2.5.5 (/opt/ros/jazzy/share/ament_cmake/cmake)
[0.775s] -- Found Python3: /home/rob/miniforge3/bin/python3 (found version "3.13.12") found components: Interpreter 
[0.905s] -- Found ament_lint_auto: 0.17.4 (/opt/ros/jazzy/share/ament_lint_auto/cmake)
[1.029s] -- Found rclcpp: 28.1.16 (/opt/ros/jazzy/share/rclcpp/cmake)
[1.058s] -- Found rosidl_generator_c: 4.6.7 (/opt/ros/jazzy/share/rosidl_generator_c/cmake)
[1.067s] -- Found rosidl_generator_cpp: 4.6.7 (/opt/ros/jazzy/share/rosidl_generator_cpp/cmake)
[1.079s] -- Using all available rosidl_typesupport_c: rosidl_typesupport_fastrtps_c;rosidl_typesupport_introspection_c
[1.103s] -- Using all available rosidl_typesupport_cpp: rosidl_typesupport_fastrtps_cpp;rosidl_typesupport_introspection_cpp
[1.145s] -- Found rmw_implementation_cmake: 7.3.3 (/opt/ros/jazzy/share/rmw_implementation_cmake/cmake)
[1.147s] -- Found rmw_fastrtps_cpp: 8.4.3 (/opt/ros/jazzy/share/rmw_fastrtps_cpp/cmake)
[1.262s] -- Found OpenSSL: /usr/lib/x86_64-linux-gnu/libcrypto.so (found version "3.0.13")  
[1.322s] -- Found FastRTPS: /opt/ros/jazzy/include (Required is at least version "2.13") 
[1.383s] -- Using RMW implementation 'rmw_fastrtps_cpp' as default
[1.535s] -- Found rclcpp_action: 28.1.16 (/opt/ros/jazzy/share/rclcpp_action/cmake)
[1.597s] -- Found std_msgs: 5.3.6 (/opt/ros/jazzy/share/std_msgs/cmake)
[1.613s] -- Found sensor_msgs: 5.3.6 (/opt/ros/jazzy/share/sensor_msgs/cmake)
[1.659s] -- Found control_msgs: 5.7.0 (/opt/ros/jazzy/share/control_msgs/cmake)
[1.728s] -- Found xarm_msgs: 0.0.0 (/home/rob/project/csci5551-s26-team-pointbot/install/share/xarm_msgs/cmake)
[1.800s] -- Found xarm_sdk: 0.0.0 (/home/rob/project/csci5551-s26-team-pointbot/install/share/xarm_sdk/cmake)
[1.822s] -- Added test 'copyright' to check source files copyright and LICENSE
[1.823s] -- Added test 'cppcheck' to perform static code analysis on C / C++ code
[1.824s] -- Configured cppcheck include dirs: /home/rob/project/csci5551-s26-team-pointbot/src/xarm_ros2/xarm_api/include
[1.824s] -- Configured cppcheck exclude dirs and/or files: 
[1.825s] -- Added test 'cpplint' to check C / C++ code against the Google style
[1.825s] -- Configured cpplint exclude dirs and/or files: 
[1.826s] -- Added test 'flake8' to check Python code syntax and style conventions
[1.826s] -- Configured 'flake8' exclude dirs and/or files: 
[1.826s] -- Added test 'lint_cmake' to check CMake code style
[1.827s] -- Added test 'pep257' to check Python code against some of the docstring style conventions in PEP 257
[1.829s] -- Added test 'uncrustify' to check C / C++ code style
[1.829s] -- Configured uncrustify additional arguments: 
[1.829s] -- Added test 'xmllint' to check XML markup files
[1.832s] -- Configuring done (1.8s)
[1.873s] -- Generating done (0.0s)
[1.885s] -- Build files have been written to: /home/rob/project/csci5551-s26-team-pointbot/build/xarm_api
[1.901s] Invoked command in '/home/rob/project/csci5551-s26-team-pointbot/build/xarm_api' returned '0': CMAKE_PREFIX_PATH=${CMAKE_PREFIX_PATH}:/opt/ros/jazzy CONDA_PROMPT_MODIFIER=(base) DEBUGINFOD_URLS=https://debuginfod.ubuntu.com LD_LIBRARY_PATH=/home/rob/project/csci5551-s26-team-pointbot/install/lib:/opt/ros/jazzy/opt/sdformat_vendor/lib:/opt/ros/jazzy/opt/rviz_ogre_vendor/lib:/opt/ros/jazzy/lib/x86_64-linux-gnu:/opt/ros/jazzy/opt/gz_math_vendor/lib:/opt/ros/jazzy/opt/gz_utils_vendor/lib:/opt/ros/jazzy/opt/gz_tools_vendor/lib:/opt/ros/jazzy/opt/gz_cmake_vendor/lib:/opt/ros/jazzy/lib:/usr/local/cuda-12.8/lib64’ PYTHONPATH=/home/rob/project/csci5551-s26-team-pointbot/install/lib/python3.12/site-packages:/home/rob/project/csci5551-s26-team-pointbot/install/lib/python3.13/site-packages:/opt/ros/jazzy/lib/python3.12/site-packages:/home/rob/robotics5551:/home/rob/robotics5551 /usr/bin/cmake /home/rob/project/csci5551-s26-team-pointbot/src/xarm_ros2/xarm_api -DCMAKE_INSTALL_PREFIX=/home/rob/project/csci5551-s26-team-pointbot/install
[1.903s] Invoking command in '/home/rob/project/csci5551-s26-team-pointbot/build/xarm_api': CMAKE_PREFIX_PATH=${CMAKE_PREFIX_PATH}:/opt/ros/jazzy CONDA_PROMPT_MODIFIER=(base) DEBUGINFOD_URLS=https://debuginfod.ubuntu.com LD_LIBRARY_PATH=/home/rob/project/csci5551-s26-team-pointbot/install/lib:/opt/ros/jazzy/opt/sdformat_vendor/lib:/opt/ros/jazzy/opt/rviz_ogre_vendor/lib:/opt/ros/jazzy/lib/x86_64-linux-gnu:/opt/ros/jazzy/opt/gz_math_vendor/lib:/opt/ros/jazzy/opt/gz_utils_vendor/lib:/opt/ros/jazzy/opt/gz_tools_vendor/lib:/opt/ros/jazzy/opt/gz_cmake_vendor/lib:/opt/ros/jazzy/lib:/usr/local/cuda-12.8/lib64’ PYTHONPATH=/home/rob/project/csci5551-s26-team-pointbot/install/lib/python3.12/site-packages:/home/rob/project/csci5551-s26-team-pointbot/install/lib/python3.13/site-packages:/opt/ros/jazzy/lib/python3.12/site-packages:/home/rob/robotics5551:/home/rob/robotics5551 /usr/bin/cmake --build /home/rob/project/csci5551-s26-team-pointbot/build/xarm_api -- -j16 -l16
[2.010s] [ 30%] [32mBuilding CXX object CMakeFiles/xarm_ros_driver.dir/src/xarm_driver_service.cpp.o[0m
[2.011s] [ 30%] [32mBuilding CXX object CMakeFiles/xarm_ros_driver.dir/src/xarm_driver.cpp.o[0m
[2.011s] [ 30%] [32mBuilding CXX object CMakeFiles/test_robot_states.dir/test/test_robot_states.cpp.o[0m
[2.011s] [ 30%] [32mBuilding CXX object CMakeFiles/xarm_ros_client.dir/src/xarm_ros_client.cpp.o[0m
[18.138s] [ 38%] [32m[1mLinking CXX executable test_robot_states[0m
[18.883s] [ 38%] Built target test_robot_states
[30.128s] [ 46%] [32m[1mLinking CXX shared library libxarm_ros_client.so[0m
[30.889s] [ 46%] Built target xarm_ros_client
[30.931s] [ 53%] [32mBuilding CXX object CMakeFiles/test_xarm_velo_move.dir/test/test_xarm_velo_move.cpp.o[0m
[30.932s] [ 61%] [32mBuilding CXX object CMakeFiles/test_xarm_ros_client.dir/test/test_xarm_ros_client.cpp.o[0m
[35.025s] [ 69%] [32m[1mLinking CXX executable test_xarm_ros_client[0m
[35.078s] [ 76%] [32m[1mLinking CXX executable test_xarm_velo_move[0m
[35.674s] [ 76%] Built target test_xarm_ros_client
[35.712s] [ 76%] Built target test_xarm_velo_move
[38.019s] [ 84%] [32m[1mLinking CXX shared library libxarm_ros_driver.so[0m
[39.530s] [ 84%] Built target xarm_ros_driver
[39.570s] [ 92%] [32mBuilding CXX object CMakeFiles/xarm_driver_node.dir/src/xarm_driver_node.cpp.o[0m
[44.029s] [100%] [32m[1mLinking CXX executable xarm_driver_node[0m
[44.766s] [100%] Built target xarm_driver_node
[44.789s] Invoked command in '/home/rob/project/csci5551-s26-team-pointbot/build/xarm_api' returned '0': CMAKE_PREFIX_PATH=${CMAKE_PREFIX_PATH}:/opt/ros/jazzy CONDA_PROMPT_MODIFIER=(base) DEBUGINFOD_URLS=https://debuginfod.ubuntu.com LD_LIBRARY_PATH=/home/rob/project/csci5551-s26-team-pointbot/install/lib:/opt/ros/jazzy/opt/sdformat_vendor/lib:/opt/ros/jazzy/opt/rviz_ogre_vendor/lib:/opt/ros/jazzy/lib/x86_64-linux-gnu:/opt/ros/jazzy/opt/gz_math_vendor/lib:/opt/ros/jazzy/opt/gz_utils_vendor/lib:/opt/ros/jazzy/opt/gz_tools_vendor/lib:/opt/ros/jazzy/opt/gz_cmake_vendor/lib:/opt/ros/jazzy/lib:/usr/local/cuda-12.8/lib64’ PYTHONPATH=/home/rob/project/csci5551-s26-team-pointbot/install/lib/python3.12/site-packages:/home/rob/project/csci5551-s26-team-pointbot/install/lib/python3.13/site-packages:/opt/ros/jazzy/lib/python3.12/site-packages:/home/rob/robotics5551:/home/rob/robotics5551 /usr/bin/cmake --build /home/rob/project/csci5551-s26-team-pointbot/build/xarm_api -- -j16 -l16
[44.793s] Invoking command in '/home/rob/project/csci5551-s26-team-pointbot/build/xarm_api': CMAKE_PREFIX_PATH=${CMAKE_PREFIX_PATH}:/opt/ros/jazzy CONDA_PROMPT_MODIFIER=(base) DEBUGINFOD_URLS=https://debuginfod.ubuntu.com LD_LIBRARY_PATH=/home/rob/project/csci5551-s26-team-pointbot/install/lib:/opt/ros/jazzy/opt/sdformat_vendor/lib:/opt/ros/jazzy/opt/rviz_ogre_vendor/lib:/opt/ros/jazzy/lib/x86_64-linux-gnu:/opt/ros/jazzy/opt/gz_math_vendor/lib:/opt/ros/jazzy/opt/gz_utils_vendor/lib:/opt/ros/jazzy/opt/gz_tools_vendor/lib:/opt/ros/jazzy/opt/gz_cmake_vendor/lib:/opt/ros/jazzy/lib:/usr/local/cuda-12.8/lib64’ PYTHONPATH=/home/rob/project/csci5551-s26-team-pointbot/install/lib/python3.12/site-packages:/home/rob/project/csci5551-s26-team-pointbot/install/lib/python3.13/site-packages:/opt/ros/jazzy/lib/python3.12/site-packages:/home/rob/robotics5551:/home/rob/robotics5551 /usr/bin/cmake --install /home/rob/project/csci5551-s26-team-pointbot/build/xarm_api
[44.812s] -- Install configuration: ""
[44.812s] -- Installing: /home/rob/project/csci5551-s26-team-pointbot/install/share/xarm_api/environment/library_path.sh
[44.812s] -- Installing: /home/rob/project/csci5551-s26-team-pointbot/install/share/xarm_api/environment/library_path.dsv
[44.812s] -- Up-to-date: /home/rob/project/csci5551-s26-team-pointbot/install/include
[44.812s] -- Installing: /home/rob/project/csci5551-s26-team-pointbot/install/include/xarm_api
[44.813s] -- Installing: /home/rob/project/csci5551-s26-team-pointbot/install/include/xarm_api/xarm_driver.h
[44.813s] -- Installing: /home/rob/project/csci5551-s26-team-pointbot/install/include/xarm_api/xarm_ros_client.h
[44.813s] -- Installing: /home/rob/project/csci5551-s26-team-pointbot/install/include/xarm_api/xarm_msgs.h
[44.813s] -- Installing: /home/rob/project/csci5551-s26-team-pointbot/install/include/xarm_api/visibility_control.h
[44.813s] -- Installing: /home/rob/project/csci5551-s26-team-pointbot/install/lib/libxarm_ros_driver.so
[44.849s] -- Set non-toolchain portion of runtime path of "/home/rob/project/csci5551-s26-team-pointbot/install/lib/libxarm_ros_driver.so" to ""
[44.849s] -- Installing: /home/rob/project/csci5551-s26-team-pointbot/install/lib/libxarm_ros_client.so
[44.868s] -- Set non-toolchain portion of runtime path of "/home/rob/project/csci5551-s26-team-pointbot/install/lib/libxarm_ros_client.so" to ""
[44.869s] -- Installing: /home/rob/project/csci5551-s26-team-pointbot/install/lib/xarm_api/xarm_driver_node
[44.869s] -- Set non-toolchain portion of runtime path of "/home/rob/project/csci5551-s26-team-pointbot/install/lib/xarm_api/xarm_driver_node" to ""
[44.870s] -- Installing: /home/rob/project/csci5551-s26-team-pointbot/install/lib/xarm_api/test_xarm_ros_client
[44.870s] -- Set non-toolchain portion of runtime path of "/home/rob/project/csci5551-s26-team-pointbot/install/lib/xarm_api/test_xarm_ros_client" to ""
[44.870s] -- Installing: /home/rob/project/csci5551-s26-team-pointbot/install/lib/xarm_api/test_xarm_velo_move
[44.870s] -- Set non-toolchain portion of runtime path of "/home/rob/project/csci5551-s26-team-pointbot/install/lib/xarm_api/test_xarm_velo_move" to ""
[44.870s] -- Installing: /home/rob/project/csci5551-s26-team-pointbot/install/lib/xarm_api/test_robot_states
[44.881s] -- Set non-toolchain portion of runtime path of "/home/rob/project/csci5551-s26-team-pointbot/install/lib/xarm_api/test_robot_states" to ""
[44.881s] -- Installing: /home/rob/project/csci5551-s26-team-pointbot/install/share/xarm_api//launch
[44.881s] -- Installing: /home/rob/project/csci5551-s26-team-pointbot/install/share/xarm_api//launch/uf850_driver.launch.py
[44.882s] -- Installing: /home/rob/project/csci5551-s26-team-pointbot/install/share/xarm_api//launch/xarm7_driver.launch.py
[44.882s] -- Installing: /home/rob/project/csci5551-s26-team-pointbot/install/share/xarm_api//launch/lite6_driver.launch.py
[44.882s] -- Installing: /home/rob/project/csci5551-s26-team-pointbot/install/share/xarm_api//launch/xarm5_driver.launch.py
[44.882s] -- Installing: /home/rob/project/csci5551-s26-team-pointbot/install/share/xarm_api//launch/lib
[44.882s] -- Installing: /home/rob/project/csci5551-s26-team-pointbot/install/share/xarm_api//launch/lib/robot_api_lib.py
[44.882s] -- Installing: /home/rob/project/csci5551-s26-team-pointbot/install/share/xarm_api//launch/xarm6_driver.launch.py
[44.882s] -- Installing: /home/rob/project/csci5551-s26-team-pointbot/install/share/xarm_api//launch/_robot_driver.launch.py
[44.882s] -- Installing: /home/rob/project/csci5551-s26-team-pointbot/install/share/xarm_api//config
[44.882s] -- Installing: /home/rob/project/csci5551-s26-team-pointbot/install/share/xarm_api//config/xarm_params.yaml
[44.883s] -- Installing: /home/rob/project/csci5551-s26-team-pointbot/install/share/ament_index/resource_index/package_run_dependencies/xarm_api
[44.883s] -- Installing: /home/rob/project/csci5551-s26-team-pointbot/install/share/ament_index/resource_index/parent_prefix_path/xarm_api
[44.883s] -- Installing: /home/rob/project/csci5551-s26-team-pointbot/install/share/xarm_api/environment/ament_prefix_path.sh
[44.883s] -- Installing: /home/rob/project/csci5551-s26-team-pointbot/install/share/xarm_api/environment/ament_prefix_path.dsv
[44.883s] -- Installing: /home/rob/project/csci5551-s26-team-pointbot/install/share/xarm_api/environment/path.sh
[44.883s] -- Installing: /home/rob/project/csci5551-s26-team-pointbot/install/share/xarm_api/environment/path.dsv
[44.883s] -- Installing: /home/rob/project/csci5551-s26-team-pointbot/install/share/xarm_api/local_setup.bash
[44.883s] -- Installing: /home/rob/project/csci5551-s26-team-pointbot/install/share/xarm_api/local_setup.sh
[44.883s] -- Installing: /home/rob/project/csci5551-s26-team-pointbot/install/share/xarm_api/local_setup.zsh
[44.884s] -- Installing: /home/rob/project/csci5551-s26-team-pointbot/install/share/xarm_api/local_setup.dsv
[44.884s] -- Installing: /home/rob/project/csci5551-s26-team-pointbot/install/share/xarm_api/package.dsv
[44.884s] -- Installing: /home/rob/project/csci5551-s26-team-pointbot/install/share/ament_index/resource_index/packages/xarm_api
[44.884s] -- Installing: /home/rob/project/csci5551-s26-team-pointbot/install/share/xarm_api/cmake/ament_cmake_export_libraries-extras.cmake
[44.884s] -- Installing: /home/rob/project/csci5551-s26-team-pointbot/install/share/xarm_api/cmake/ament_cmake_export_include_directories-extras.cmake
[44.884s] -- Installing: /home/rob/project/csci5551-s26-team-pointbot/install/share/xarm_api/cmake/xarm_apiConfig.cmake
[44.884s] -- Installing: /home/rob/project/csci5551-s26-team-pointbot/install/share/xarm_api/cmake/xarm_apiConfig-version.cmake
[44.884s] -- Installing: /home/rob/project/csci5551-s26-team-pointbot/install/share/xarm_api/package.xml
[44.888s] Invoked command in '/home/rob/project/csci5551-s26-team-pointbot/build/xarm_api' returned '0': CMAKE_PREFIX_PATH=${CMAKE_PREFIX_PATH}:/opt/ros/jazzy CONDA_PROMPT_MODIFIER=(base) DEBUGINFOD_URLS=https://debuginfod.ubuntu.com LD_LIBRARY_PATH=/home/rob/project/csci5551-s26-team-pointbot/install/lib:/opt/ros/jazzy/opt/sdformat_vendor/lib:/opt/ros/jazzy/opt/rviz_ogre_vendor/lib:/opt/ros/jazzy/lib/x86_64-linux-gnu:/opt/ros/jazzy/opt/gz_math_vendor/lib:/opt/ros/jazzy/opt/gz_utils_vendor/lib:/opt/ros/jazzy/opt/gz_tools_vendor/lib:/opt/ros/jazzy/opt/gz_cmake_vendor/lib:/opt/ros/jazzy/lib:/usr/local/cuda-12.8/lib64’ PYTHONPATH=/home/rob/project/csci5551-s26-team-pointbot/install/lib/python3.12/site-packages:/home/rob/project/csci5551-s26-team-pointbot/install/lib/python3.13/site-packages:/opt/ros/jazzy/lib/python3.12/site-packages:/home/rob/robotics5551:/home/rob/robotics5551 /usr/bin/cmake --install /home/rob/project/csci5551-s26-team-pointbot/build/xarm_api
