[0.372s] Invoking command in '/home/rob/project/csci5551-s26-team-pointbot/build/realsense_gazebo_plugin': CMAKE_PREFIX_PATH=${CMAKE_PREFIX_PATH}:/opt/ros/jazzy CONDA_PROMPT_MODIFIER=(base) DEBUGINFOD_URLS=https://debuginfod.ubuntu.com /usr/bin/cmake /home/rob/project/csci5551-s26-team-pointbot/src/xarm_ros2/thirdparty/realsense_gazebo_plugin -DCMAKE_INSTALL_PREFIX=/home/rob/project/csci5551-s26-team-pointbot/install
[0.409s] -- The C compiler identification is GNU 13.3.0
[0.453s] -- The CXX compiler identification is GNU 13.3.0
[0.471s] -- Detecting C compiler ABI info
[0.558s] -- Detecting C compiler ABI info - done
[0.572s] -- Check for working C compiler: /usr/bin/cc - skipped
[0.572s] -- Detecting C compile features
[0.574s] -- Detecting C compile features - done
[0.580s] -- Detecting CXX compiler ABI info
[0.685s] -- Detecting CXX compiler ABI info - done
[0.693s] -- Check for working CXX compiler: /usr/bin/c++ - skipped
[0.693s] -- Detecting CXX compile features
[0.693s] -- Detecting CXX compile features - done
[0.695s] -- Found ament_cmake: 2.5.5 (/opt/ros/jazzy/share/ament_cmake/cmake)
[0.858s] -- Found Python3: /home/rob/miniforge3/bin/python3 (found version "3.13.12") found components: Interpreter 
[1.093s] -- Found rclcpp: 28.1.16 (/opt/ros/jazzy/share/rclcpp/cmake)
[1.235s] -- Found rosidl_generator_c: 4.6.7 (/opt/ros/jazzy/share/rosidl_generator_c/cmake)
[1.263s] -- Found rosidl_generator_cpp: 4.6.7 (/opt/ros/jazzy/share/rosidl_generator_cpp/cmake)
[1.295s] -- Using all available rosidl_typesupport_c: rosidl_typesupport_fastrtps_c;rosidl_typesupport_introspection_c
[1.337s] -- Using all available rosidl_typesupport_cpp: rosidl_typesupport_fastrtps_cpp;rosidl_typesupport_introspection_cpp
[1.517s] -- Found rmw_implementation_cmake: 7.3.3 (/opt/ros/jazzy/share/rmw_implementation_cmake/cmake)
[1.523s] -- Found rmw_fastrtps_cpp: 8.4.3 (/opt/ros/jazzy/share/rmw_fastrtps_cpp/cmake)
[1.826s] -- Found OpenSSL: /usr/lib/x86_64-linux-gnu/libcrypto.so (found version "3.0.13")  
[1.885s] -- Found FastRTPS: /opt/ros/foxy/include (Required is at least version "2.13") 
[1.929s] -- Using RMW implementation 'rmw_fastrtps_cpp' as default
[2.095s] -- Found ament_lint_auto: 0.17.4 (/opt/ros/jazzy/share/ament_lint_auto/cmake)
[2.266s] -- Configuring done (1.9s)
[2.274s] -- Generating done (0.0s)
[2.278s] -- Build files have been written to: /home/rob/project/csci5551-s26-team-pointbot/build/realsense_gazebo_plugin
[2.292s] Invoked command in '/home/rob/project/csci5551-s26-team-pointbot/build/realsense_gazebo_plugin' returned '0': CMAKE_PREFIX_PATH=${CMAKE_PREFIX_PATH}:/opt/ros/jazzy CONDA_PROMPT_MODIFIER=(base) DEBUGINFOD_URLS=https://debuginfod.ubuntu.com /usr/bin/cmake /home/rob/project/csci5551-s26-team-pointbot/src/xarm_ros2/thirdparty/realsense_gazebo_plugin -DCMAKE_INSTALL_PREFIX=/home/rob/project/csci5551-s26-team-pointbot/install
[2.293s] Invoking command in '/home/rob/project/csci5551-s26-team-pointbot/build/realsense_gazebo_plugin': CMAKE_PREFIX_PATH=${CMAKE_PREFIX_PATH}:/opt/ros/jazzy CONDA_PROMPT_MODIFIER=(base) DEBUGINFOD_URLS=https://debuginfod.ubuntu.com /usr/bin/cmake --build /home/rob/project/csci5551-s26-team-pointbot/build/realsense_gazebo_plugin -- -j16 -l16
[2.468s] Invoked command in '/home/rob/project/csci5551-s26-team-pointbot/build/realsense_gazebo_plugin' returned '0': CMAKE_PREFIX_PATH=${CMAKE_PREFIX_PATH}:/opt/ros/jazzy CONDA_PROMPT_MODIFIER=(base) DEBUGINFOD_URLS=https://debuginfod.ubuntu.com /usr/bin/cmake --build /home/rob/project/csci5551-s26-team-pointbot/build/realsense_gazebo_plugin -- -j16 -l16
[2.470s] Invoking command in '/home/rob/project/csci5551-s26-team-pointbot/build/realsense_gazebo_plugin': CMAKE_PREFIX_PATH=${CMAKE_PREFIX_PATH}:/opt/ros/jazzy CONDA_PROMPT_MODIFIER=(base) DEBUGINFOD_URLS=https://debuginfod.ubuntu.com /usr/bin/cmake --install /home/rob/project/csci5551-s26-team-pointbot/build/realsense_gazebo_plugin
[2.503s] -- Install configuration: ""
[2.503s] -- Installing: /home/rob/project/csci5551-s26-team-pointbot/install/share/realsense_gazebo_plugin/environment/library_path.sh
[2.504s] -- Installing: /home/rob/project/csci5551-s26-team-pointbot/install/share/realsense_gazebo_plugin/environment/library_path.dsv
[2.508s] -- Installing: /home/rob/project/csci5551-s26-team-pointbot/install/share/ament_index/resource_index/package_run_dependencies/realsense_gazebo_plugin
[2.508s] -- Installing: /home/rob/project/csci5551-s26-team-pointbot/install/share/ament_index/resource_index/parent_prefix_path/realsense_gazebo_plugin
[2.508s] -- Installing: /home/rob/project/csci5551-s26-team-pointbot/install/share/realsense_gazebo_plugin/environment/ament_prefix_path.sh
[2.509s] -- Installing: /home/rob/project/csci5551-s26-team-pointbot/install/share/realsense_gazebo_plugin/environment/ament_prefix_path.dsv
[2.509s] -- Installing: /home/rob/project/csci5551-s26-team-pointbot/install/share/realsense_gazebo_plugin/environment/path.sh
[2.509s] -- Installing: /home/rob/project/csci5551-s26-team-pointbot/install/share/realsense_gazebo_plugin/environment/path.dsv
[2.509s] -- Installing: /home/rob/project/csci5551-s26-team-pointbot/install/share/realsense_gazebo_plugin/local_setup.bash
[2.509s] -- Installing: /home/rob/project/csci5551-s26-team-pointbot/install/share/realsense_gazebo_plugin/local_setup.sh
[2.509s] -- Installing: /home/rob/project/csci5551-s26-team-pointbot/install/share/realsense_gazebo_plugin/local_setup.zsh
[2.509s] -- Installing: /home/rob/project/csci5551-s26-team-pointbot/install/share/realsense_gazebo_plugin/local_setup.dsv
[2.509s] -- Installing: /home/rob/project/csci5551-s26-team-pointbot/install/share/realsense_gazebo_plugin/package.dsv
[2.509s] -- Installing: /home/rob/project/csci5551-s26-team-pointbot/install/share/ament_index/resource_index/packages/realsense_gazebo_plugin
[2.509s] -- Installing: /home/rob/project/csci5551-s26-team-pointbot/install/share/realsense_gazebo_plugin/cmake/ament_cmake_export_include_directories-extras.cmake
[2.510s] -- Installing: /home/rob/project/csci5551-s26-team-pointbot/install/share/realsense_gazebo_plugin/cmake/ament_cmake_export_libraries-extras.cmake
[2.510s] -- Installing: /home/rob/project/csci5551-s26-team-pointbot/install/share/realsense_gazebo_plugin/cmake/realsense_gazebo_pluginConfig.cmake
[2.510s] -- Installing: /home/rob/project/csci5551-s26-team-pointbot/install/share/realsense_gazebo_plugin/cmake/realsense_gazebo_pluginConfig-version.cmake
[2.510s] -- Installing: /home/rob/project/csci5551-s26-team-pointbot/install/share/realsense_gazebo_plugin/package.xml
[2.520s] Invoked command in '/home/rob/project/csci5551-s26-team-pointbot/build/realsense_gazebo_plugin' returned '0': CMAKE_PREFIX_PATH=${CMAKE_PREFIX_PATH}:/opt/ros/jazzy CONDA_PROMPT_MODIFIER=(base) DEBUGINFOD_URLS=https://debuginfod.ubuntu.com /usr/bin/cmake --install /home/rob/project/csci5551-s26-team-pointbot/build/realsense_gazebo_plugin
