[0.039s] Invoking command in '/home/rob/project/csci5551-s26-team-pointbot/build/xarm_gazebo': AMENT_PREFIX_PATH=/home/rob/project/csci5551-s26-team-pointbot/install/uf_ros_lib:/home/rob/project/csci5551-s26-team-pointbot/install/xarm_gazebo:/home/rob/project/csci5551-s26-team-pointbot/install/pointbot_rviz:/home/rob/project/csci5551-s26-team-pointbot/install/xarm_moveit_config:/home/rob/project/csci5551-s26-team-pointbot/install/xarm_controller:/home/rob/project/csci5551-s26-team-pointbot/install/xarm_api:/home/rob/project/csci5551-s26-team-pointbot/install/xarm_sdk:/home/rob/project/csci5551-s26-team-pointbot/install/xarm_msgs:/home/rob/project/csci5551-s26-team-pointbot/install/xarm_description:/opt/ros/jazzy CMAKE_PREFIX_PATH=/home/rob/project/csci5551-s26-team-pointbot/install/xarm_controller:/home/rob/project/csci5551-s26-team-pointbot/install/xarm_api:/home/rob/project/csci5551-s26-team-pointbot/install/xarm_sdk:/home/rob/project/csci5551-s26-team-pointbot/install/xarm_msgs:/home/rob/project/csci5551-s26-team-pointbot/install/xarm_description:/home/rob/project/csci5551-s26-team-pointbot/install/xarm_gazebo:/home/rob/project/csci5551-s26-team-pointbot/install/xarm_moveit_config:/opt/ros/jazzy/opt/gz_sim_vendor:/opt/ros/jazzy/opt/gz_sensors_vendor:/opt/ros/jazzy/opt/gz_physics_vendor:/opt/ros/jazzy/opt/sdformat_vendor:/opt/ros/jazzy/opt/gz_gui_vendor:/opt/ros/jazzy/opt/gz_transport_vendor:/opt/ros/jazzy/opt/gz_rendering_vendor:/opt/ros/jazzy/opt/gz_plugin_vendor:/opt/ros/jazzy/opt/gz_fuel_tools_vendor:/opt/ros/jazzy/opt/gz_msgs_vendor:/opt/ros/jazzy/opt/gz_common_vendor:/opt/ros/jazzy/opt/gz_math_vendor:/opt/ros/jazzy/opt/gz_utils_vendor:/opt/ros/jazzy/opt/gz_tools_vendor:/opt/ros/jazzy/opt/gz_ogre_next_vendor:/opt/ros/jazzy/opt/gz_dartsim_vendor:/opt/ros/jazzy/opt/gz_cmake_vendor:/home/rob/project/csci5551-s26-team-pointbot/install/pointbot_rviz:/home/rob/project/csci5551-s26-team-pointbot/install/uf_ros_lib:/opt/ros/jazzy DEBUGINFOD_URLS=https://debuginfod.ubuntu.com LD_LIBRARY_PATH=/home/rob/project/csci5551-s26-team-pointbot/install/xarm_controller/lib:/home/rob/project/csci5551-s26-team-pointbot/install/xarm_api/lib:/home/rob/project/csci5551-s26-team-pointbot/install/xarm_sdk/lib:/home/rob/project/csci5551-s26-team-pointbot/install/xarm_msgs/lib:/home/rob/project/csci5551-s26-team-pointbot/install/xarm_gazebo/lib:/opt/ros/jazzy/opt/gz_sim_vendor/lib:/opt/ros/jazzy/opt/gz_sensors_vendor/lib:/opt/ros/jazzy/opt/gz_physics_vendor/lib:/opt/ros/jazzy/opt/sdformat_vendor/lib:/opt/ros/jazzy/opt/rviz_ogre_vendor/lib:/opt/ros/jazzy/lib/x86_64-linux-gnu:/opt/ros/jazzy/opt/gz_gui_vendor/lib:/opt/ros/jazzy/opt/gz_transport_vendor/lib:/opt/ros/jazzy/opt/gz_rendering_vendor/lib:/opt/ros/jazzy/opt/gz_plugin_vendor/lib:/opt/ros/jazzy/opt/gz_fuel_tools_vendor/lib:/opt/ros/jazzy/opt/gz_msgs_vendor/lib:/opt/ros/jazzy/opt/gz_common_vendor/lib:/opt/ros/jazzy/opt/gz_math_vendor/lib:/opt/ros/jazzy/opt/gz_utils_vendor/lib:/opt/ros/jazzy/opt/gz_tools_vendor/lib:/opt/ros/jazzy/opt/gz_ogre_next_vendor/lib:/opt/ros/jazzy/opt/gz_dartsim_vendor/lib:/opt/ros/jazzy/opt/gz_cmake_vendor/lib:/opt/ros/jazzy/lib:/usr/local/cuda-12.8/lib64’ PYTHONPATH=/home/rob/project/csci5551-s26-team-pointbot/install/xarm_msgs/lib/python3.12/site-packages:/home/rob/project/csci5551-s26-team-pointbot/install/uf_ros_lib/lib/python3.12/site-packages:/opt/ros/jazzy/lib/python3.12/site-packages /usr/bin/cmake /home/rob/project/csci5551-s26-team-pointbot/src/xarm_ros2/xarm_gazebo -DCMAKE_INSTALL_PREFIX=/home/rob/project/csci5551-s26-team-pointbot/install/xarm_gazebo
[0.158s] -- The C compiler identification is GNU 13.3.0
[0.269s] -- The CXX compiler identification is GNU 13.3.0
[0.300s] -- Detecting C compiler ABI info
[0.476s] -- Detecting C compiler ABI info - done
[0.496s] -- Check for working C compiler: /usr/bin/cc - skipped
[0.496s] -- Detecting C compile features
[0.497s] -- Detecting C compile features - done
[0.515s] -- Detecting CXX compiler ABI info
[0.712s] -- Detecting CXX compiler ABI info - done
[0.734s] -- Check for working CXX compiler: /usr/bin/c++ - skipped
[0.735s] -- Detecting CXX compile features
[0.736s] -- Detecting CXX compile features - done
[0.745s] -- Found ament_cmake: 2.5.6 (/opt/ros/jazzy/share/ament_cmake/cmake)
[1.051s] -- Found Python3: /usr/bin/python3 (found version "3.12.3") found components: Interpreter 
[1.263s] -- Looking for gz-sim8 -- found version 8.11.0
[1.274s] -- Searching for dependencies of gz-sim8
[1.277s] -- Looking for sdformat14 -- found version 14.9.0
[1.277s] -- Searching for dependencies of sdformat14
[1.285s] -- Checking for module 'tinyxml2'
[1.307s] --   Found tinyxml2, version 10.0.0
[1.381s] -- Looking for gz-math7 -- found version 7.5.2
[1.382s] -- Searching for dependencies of gz-math7
[1.386s] -- Looking for gz-utils2 -- found version 2.2.1
[1.387s] -- Searching for dependencies of gz-utils2
[1.390s] -- Looking for gz-utils2 -- found version 2.2.1
[1.391s] -- Searching for dependencies of gz-utils2
[1.391s] -- Searching for <gz-utils2> component [cli]
[1.395s] -- Looking for gz-utils2-cli -- found version 2.2.1
[1.395s] -- Searching for dependencies of gz-utils2-cli
[1.399s] -- Looking for gz-plugin2 -- found version 2.0.4
[1.400s] -- Searching for dependencies of gz-plugin2
[1.400s] -- Looking for gz-utils2 -- found version 2.2.1
[1.401s] -- Searching for <gz-plugin2> component [loader]
[1.404s] -- Looking for gz-plugin2-loader -- found version 2.0.4
[1.404s] -- Searching for dependencies of gz-plugin2-loader
[1.405s] -- Searching for <gz-plugin2> component [register]
[1.407s] -- Looking for gz-plugin2-register -- found version 2.0.4
[1.408s] -- Searching for dependencies of gz-plugin2-register
[1.411s] -- Looking for gz-transport13 -- found version 13.5.0
[1.411s] -- Searching for dependencies of gz-transport13
[1.661s] -- Found Protobuf: /usr/lib/x86_64-linux-gnu/libprotobuf.so (found version "3.21.12") 
[1.687s] -- Config-file not installed for ZeroMQ -- checking for pkg-config
[1.695s] -- Checking for module 'libzmq >= 4'
[1.718s] --   Found libzmq, version 4.3.5
[1.791s] -- Found ZeroMQ: TRUE (Required is at least version "4") 
[1.801s] -- Checking for module 'uuid'
[1.826s] --   Found uuid, version 2.39.3
[1.885s] -- Found UUID: TRUE  
[1.885s] -- Looking for gz-utils2 -- found version 2.2.1
[1.889s] -- Looking for gz-msgs10 -- found version 10.3.2
[1.890s] -- Searching for dependencies of gz-msgs10
[1.929s] -- Looking for gz-utils2 -- found version 2.2.1
[1.930s] -- Looking for gz-math7 -- found version 7.5.2
[1.948s] -- Searching for <gz-transport13> component [log]
[1.951s] -- Looking for gz-transport13-log -- found version 13.5.0
[1.951s] -- Searching for dependencies of gz-transport13-log
[1.952s] -- Searching for <gz-transport13> component [parameters]
[1.956s] -- Looking for gz-transport13-parameters -- found version 13.5.0
[1.956s] -- Searching for dependencies of gz-transport13-parameters
[1.958s] -- Looking for gz-msgs10 -- found version 10.3.2
[1.961s] -- Looking for gz-common5 -- found version 5.8.0
[1.962s] -- Searching for dependencies of gz-common5
[1.962s] -- Looking for gz-utils2 -- found version 2.2.1
[1.963s] -- Looking for dlfcn.h - found
[1.966s] -- Looking for libdl - found
[1.969s] -- Found DL: TRUE  
[1.981s] -- Searching for <gz-common5> component [av]
[1.985s] -- Looking for gz-common5-av -- found version 5.8.0
[1.985s] -- Searching for dependencies of gz-common5-av
[1.994s] -- Checking for module 'libswscale'
[2.020s] --   Found libswscale, version 7.5.100
[2.086s] -- Found SWSCALE: TRUE  
[2.095s] -- Checking for module 'libavdevice >= 56.4.100'
[2.118s] --   Found libavdevice, version 60.3.100
[2.199s] -- Found AVDEVICE: TRUE (Required is at least version "56.4.100") 
[2.208s] -- Checking for module 'libavformat'
[2.236s] --   Found libavformat, version 60.16.100
[2.309s] -- Found AVFORMAT: TRUE  
[2.320s] -- Checking for module 'libavcodec'
[2.352s] --   Found libavcodec, version 60.31.102
[2.414s] -- Found AVCODEC: TRUE  
[2.423s] -- Checking for module 'libavutil'
[2.451s] --   Found libavutil, version 58.29.100
[2.519s] -- Found AVUTIL: TRUE  
[2.521s] -- Searching for <gz-common5> component [events]
[2.525s] -- Looking for gz-common5-events -- found version 5.8.0
[2.525s] -- Searching for dependencies of gz-common5-events
[2.526s] -- Looking for gz-math7 -- found version 7.5.2
[2.528s] -- Searching for <gz-common5> component [graphics]
[2.532s] -- Looking for gz-common5-graphics -- found version 5.8.0
[2.532s] -- Searching for dependencies of gz-common5-graphics
[2.533s] -- Looking for gz-math7 -- found version 7.5.2
[2.543s] -- Found GzAssimp: TRUE (found version "5.3.0") 
[2.544s] -- Searching for <gz-common5> component [io]
[2.547s] -- Looking for gz-common5-io -- found version 5.8.0
[2.547s] -- Searching for dependencies of gz-common5-io
[2.548s] -- Searching for <gz-common5> component [profiler]
[2.551s] -- Looking for gz-common5-profiler -- found version 5.8.0
[2.551s] -- Searching for dependencies of gz-common5-profiler
[2.555s] -- Looking for gz-fuel_tools9 -- found version 9.1.1
[2.555s] -- Searching for dependencies of gz-fuel_tools9
[2.714s] -- Found CURL: /usr/lib/x86_64-linux-gnu/libcurl.so (found version "8.5.0")  
[2.731s] -- Checking for module 'jsoncpp'
[2.759s] --   Found jsoncpp, version 1.9.5
[2.812s] -- Found JSONCPP: TRUE  
[2.844s] -- Checking for module 'yaml-0.1'
[2.869s] --   Found yaml-0.1, version 0.2.5
[2.931s] -- Found YAML: TRUE  
[2.944s] -- Checking for module 'libzip'
[2.973s] --   Found libzip, version 1.7.3
[3.042s] -- Found ZIP: TRUE  
[3.043s] -- Looking for gz-utils2 -- found version 2.2.1
[3.044s] -- Looking for gz-common5 -- found version 5.8.0
[3.045s] -- Searching for dependencies of gz-common5
[3.046s] -- Looking for gz-utils2 -- found version 2.2.1
[3.046s] -- Looking for dlfcn.h - found
[3.046s] -- Looking for libdl - found
[3.064s] -- Searching for <gz-common5> component [testing]
[3.068s] -- Looking for gz-common5-testing -- found version 5.8.0
[3.068s] -- Searching for dependencies of gz-common5-testing
[3.070s] -- Looking for gz-math7 -- found version 7.5.2
[3.071s] -- Looking for gz-msgs10 -- found version 10.3.2
[3.076s] -- Looking for gz-gui8 -- found version 8.4.0
[3.076s] -- Searching for dependencies of gz-gui8
[3.121s] -- Looking for gz-utils2 -- found version 2.2.1
[3.122s] -- Looking for gz-math7 -- found version 7.5.2
[3.123s] -- Looking for gz-common5 -- found version 5.8.0
[3.124s] -- Looking for gz-plugin2 -- found version 2.0.4
[3.125s] -- Looking for gz-transport13 -- found version 13.5.0
[3.128s] -- Looking for gz-rendering8 -- found version 8.2.3
[3.128s] -- Searching for dependencies of gz-rendering8
[3.129s] -- Looking for gz-math7 -- found version 7.5.2
[3.130s] -- Searching for dependencies of gz-math7
[3.130s] -- Looking for gz-utils2 -- found version 2.2.1
[3.131s] -- Searching for <gz-math7> component [eigen3]
[3.134s] -- Looking for gz-math7-eigen3 -- found version 7.5.2
[3.135s] -- Searching for dependencies of gz-math7-eigen3
[3.151s] -- Looking for gz-common5 -- found version 5.8.0
[3.151s] -- Searching for dependencies of gz-common5
[3.152s] -- Looking for gz-utils2 -- found version 2.2.1
[3.152s] -- Looking for dlfcn.h - found
[3.152s] -- Looking for libdl - found
[3.166s] -- Searching for <gz-common5> component [graphics]
[3.166s] -- Searching for <gz-common5> component [events]
[3.166s] -- Searching for <gz-common5> component [geospatial]
[3.170s] -- Looking for gz-common5-geospatial -- found version 5.8.0
[3.171s] -- Searching for dependencies of gz-common5-geospatial
[3.172s] -- Looking for gz-math7 -- found version 7.5.2
[3.172s] -- Looking for gz-common5 -- found version 5.8.0
[3.174s] -- Looking for gz-plugin2 -- found version 2.0.4
[3.175s] -- Searching for dependencies of gz-plugin2
[3.176s] -- Looking for gz-utils2 -- found version 2.2.1
[3.176s] -- Searching for <gz-plugin2> component [all]
[3.179s] -- Looking for all libraries of gz-plugin2 -- found version 2.0.4
[3.180s] -- Looking for gz-plugin2 -- found version 2.0.4
[3.182s] -- Looking for gz-utils2 -- found version 2.2.1
[3.205s] -- Found OpenGL: /usr/lib/x86_64-linux-gnu/libOpenGL.so  found components: OpenGL 
[3.207s] -- Looking for gz-msgs10 -- found version 10.3.2
[3.243s] -- Looking for gz-physics7 -- found version 7.6.0
[3.243s] -- Searching for dependencies of gz-physics7
[3.244s] -- Looking for gz-common5 -- found version 5.8.0
[3.245s] -- Looking for gz-math7 -- found version 7.5.2
[3.245s] -- Looking for gz-plugin2 -- found version 2.0.4
[3.246s] -- Looking for gz-utils2 -- found version 2.2.1
[3.247s] -- Searching for <gz-physics7> component [heightmap]
[3.249s] -- Looking for gz-physics7-heightmap -- found version 7.6.0
[3.250s] -- Searching for dependencies of gz-physics7-heightmap
[3.250s] -- Looking for gz-common5 -- found version 5.8.0
[3.251s] -- Searching for <gz-physics7> component [mesh]
[3.253s] -- Looking for gz-physics7-mesh -- found version 7.6.0
[3.253s] -- Searching for dependencies of gz-physics7-mesh
[3.254s] -- Looking for gz-common5 -- found version 5.8.0
[3.255s] -- Searching for <gz-physics7> component [sdf]
[3.257s] -- Looking for gz-physics7-sdf -- found version 7.6.0
[3.257s] -- Searching for dependencies of gz-physics7-sdf
[3.257s] -- Looking for sdformat14 -- found version 14.9.0
[3.260s] -- Looking for gz-sensors8 -- found version 8.2.2
[3.260s] -- Searching for dependencies of gz-sensors8
[3.295s] -- Looking for gz-math7 -- found version 7.5.2
[3.296s] -- Looking for gz-common5 -- found version 5.8.0
[3.297s] -- Looking for gz-transport13 -- found version 13.5.0
[3.297s] -- Looking for gz-rendering8 -- found version 8.2.3
[3.298s] -- Looking for gz-msgs10 -- found version 10.3.2
[3.298s] -- Looking for sdformat14 -- found version 14.9.0
[3.299s] -- Searching for <gz-sensors8> component [air_pressure]
[3.301s] -- Looking for gz-sensors8-air_pressure -- found version 8.2.2
[3.301s] -- Searching for dependencies of gz-sensors8-air_pressure
[3.301s] -- Searching for <gz-sensors8> component [air_speed]
[3.303s] -- Looking for gz-sensors8-air_speed -- found version 8.2.2
[3.303s] -- Searching for dependencies of gz-sensors8-air_speed
[3.304s] -- Searching for <gz-sensors8> component [altimeter]
[3.305s] -- Looking for gz-sensors8-altimeter -- found version 8.2.2
[3.305s] -- Searching for dependencies of gz-sensors8-altimeter
[3.306s] -- Searching for <gz-sensors8> component [imu]
[3.307s] -- Looking for gz-sensors8-imu -- found version 8.2.2
[3.308s] -- Searching for dependencies of gz-sensors8-imu
[3.308s] -- Searching for <gz-sensors8> component [force_torque]
[3.310s] -- Looking for gz-sensors8-force_torque -- found version 8.2.2
[3.310s] -- Searching for dependencies of gz-sensors8-force_torque
[3.310s] -- Searching for <gz-sensors8> component [logical_camera]
[3.312s] -- Looking for gz-sensors8-logical_camera -- found version 8.2.2
[3.312s] -- Searching for dependencies of gz-sensors8-logical_camera
[3.313s] -- Searching for <gz-sensors8> component [magnetometer]
[3.314s] -- Looking for gz-sensors8-magnetometer -- found version 8.2.2
[3.315s] -- Searching for dependencies of gz-sensors8-magnetometer
[3.315s] -- Searching for <gz-sensors8> component [navsat]
[3.316s] -- Looking for gz-sensors8-navsat -- found version 8.2.2
[3.317s] -- Searching for dependencies of gz-sensors8-navsat
[3.317s] -- Searching for <gz-sensors8> component [dvl]
[3.319s] -- Looking for gz-sensors8-dvl -- found version 8.2.2
[3.319s] -- Searching for dependencies of gz-sensors8-dvl
[3.319s] -- Looking for gz-sensors8 -- found version 8.2.2
[3.320s] -- Searching for dependencies of gz-sensors8
[3.352s] -- Looking for gz-math7 -- found version 7.5.2
[3.353s] -- Looking for gz-common5 -- found version 5.8.0
[3.353s] -- Looking for gz-transport13 -- found version 13.5.0
[3.354s] -- Looking for gz-rendering8 -- found version 8.2.3
[3.355s] -- Looking for gz-msgs10 -- found version 10.3.2
[3.355s] -- Looking for sdformat14 -- found version 14.9.0
[3.356s] -- Searching for <gz-sensors8> component [rendering]
[3.358s] -- Looking for gz-sensors8-rendering -- found version 8.2.2
[3.358s] -- Searching for dependencies of gz-sensors8-rendering
[3.360s] -- Searching for <gz-sensors8> component [rendering]
[3.360s] -- Searching for <gz-sensors8> component [lidar]
[3.362s] -- Looking for gz-sensors8-lidar -- found version 8.2.2
[3.362s] -- Searching for dependencies of gz-sensors8-lidar
[3.363s] -- Looking for gz-sensors8 -- found version 8.2.2
[3.363s] -- Searching for <gz-sensors8> component [gpu_lidar]
[3.366s] -- Looking for gz-sensors8-gpu_lidar -- found version 8.2.2
[3.366s] -- Searching for dependencies of gz-sensors8-gpu_lidar
[3.366s] -- Looking for gz-sensors8 -- found version 8.2.2
[3.367s] -- Searching for <gz-sensors8> component [camera]
[3.369s] -- Looking for gz-sensors8-camera -- found version 8.2.2
[3.369s] -- Searching for dependencies of gz-sensors8-camera
[3.370s] -- Looking for gz-sensors8 -- found version 8.2.2
[3.370s] -- Searching for <gz-sensors8> component [boundingbox_camera]
[3.372s] -- Looking for gz-sensors8-boundingbox_camera -- found version 8.2.2
[3.373s] -- Searching for dependencies of gz-sensors8-boundingbox_camera
[3.373s] -- Searching for <gz-sensors8> component [segmentation_camera]
[3.375s] -- Looking for gz-sensors8-segmentation_camera -- found version 8.2.2
[3.376s] -- Searching for dependencies of gz-sensors8-segmentation_camera
[3.376s] -- Searching for <gz-sensors8> component [depth_camera]
[3.378s] -- Looking for gz-sensors8-depth_camera -- found version 8.2.2
[3.379s] -- Searching for dependencies of gz-sensors8-depth_camera
[3.379s] -- Looking for gz-sensors8 -- found version 8.2.2
[3.380s] -- Searching for <gz-sensors8> component [rgbd_camera]
[3.382s] -- Looking for gz-sensors8-rgbd_camera -- found version 8.2.2
[3.382s] -- Searching for dependencies of gz-sensors8-rgbd_camera
[3.382s] -- Looking for gz-sensors8 -- found version 8.2.2
[3.383s] -- Searching for <gz-sensors8> component [thermal_camera]
[3.385s] -- Looking for gz-sensors8-thermal_camera -- found version 8.2.2
[3.386s] -- Searching for dependencies of gz-sensors8-thermal_camera
[3.386s] -- Looking for gz-sensors8 -- found version 8.2.2
[3.387s] -- Searching for <gz-sensors8> component [wide_angle_camera]
[3.389s] -- Looking for gz-sensors8-wide_angle_camera -- found version 8.2.2
[3.389s] -- Searching for dependencies of gz-sensors8-wide_angle_camera
[3.391s] -- Looking for gz-rendering8 -- found version 8.2.3
[3.391s] -- Looking for gz-math7 -- found version 7.5.2
[3.392s] -- Looking for gz-utils2 -- found version 2.2.1
[3.428s] -- Looking for sdformat14 -- found version 14.9.0
[3.437s] -- Found ament_lint_auto: 0.17.5 (/opt/ros/jazzy/share/ament_lint_auto/cmake)
[3.653s] -- Added test 'copyright' to check source files copyright and LICENSE
[3.655s] -- Added test 'cppcheck' to perform static code analysis on C / C++ code
[3.656s] -- Configured cppcheck include dirs: /home/rob/project/csci5551-s26-team-pointbot/src/xarm_ros2/xarm_gazebo/include
[3.656s] -- Configured cppcheck exclude dirs and/or files: 
[3.658s] -- Added test 'cpplint' to check C / C++ code against the Google style
[3.658s] -- Configured cpplint exclude dirs and/or files: 
[3.659s] -- Added test 'flake8' to check Python code syntax and style conventions
[3.659s] -- Configured 'flake8' exclude dirs and/or files: 
[3.660s] -- Added test 'lint_cmake' to check CMake code style
[3.662s] -- Added test 'pep257' to check Python code against some of the docstring style conventions in PEP 257
[3.664s] -- Added test 'uncrustify' to check C / C++ code style
[3.664s] -- Configured uncrustify additional arguments: 
[3.665s] -- Added test 'xmllint' to check XML markup files
[3.668s] -- Configuring done (3.6s)
[3.686s] -- Generating done (0.0s)
[3.691s] -- Build files have been written to: /home/rob/project/csci5551-s26-team-pointbot/build/xarm_gazebo
[3.713s] Invoked command in '/home/rob/project/csci5551-s26-team-pointbot/build/xarm_gazebo' returned '0': AMENT_PREFIX_PATH=/home/rob/project/csci5551-s26-team-pointbot/install/uf_ros_lib:/home/rob/project/csci5551-s26-team-pointbot/install/xarm_gazebo:/home/rob/project/csci5551-s26-team-pointbot/install/pointbot_rviz:/home/rob/project/csci5551-s26-team-pointbot/install/xarm_moveit_config:/home/rob/project/csci5551-s26-team-pointbot/install/xarm_controller:/home/rob/project/csci5551-s26-team-pointbot/install/xarm_api:/home/rob/project/csci5551-s26-team-pointbot/install/xarm_sdk:/home/rob/project/csci5551-s26-team-pointbot/install/xarm_msgs:/home/rob/project/csci5551-s26-team-pointbot/install/xarm_description:/opt/ros/jazzy CMAKE_PREFIX_PATH=/home/rob/project/csci5551-s26-team-pointbot/install/xarm_controller:/home/rob/project/csci5551-s26-team-pointbot/install/xarm_api:/home/rob/project/csci5551-s26-team-pointbot/install/xarm_sdk:/home/rob/project/csci5551-s26-team-pointbot/install/xarm_msgs:/home/rob/project/csci5551-s26-team-pointbot/install/xarm_description:/home/rob/project/csci5551-s26-team-pointbot/install/xarm_gazebo:/home/rob/project/csci5551-s26-team-pointbot/install/xarm_moveit_config:/opt/ros/jazzy/opt/gz_sim_vendor:/opt/ros/jazzy/opt/gz_sensors_vendor:/opt/ros/jazzy/opt/gz_physics_vendor:/opt/ros/jazzy/opt/sdformat_vendor:/opt/ros/jazzy/opt/gz_gui_vendor:/opt/ros/jazzy/opt/gz_transport_vendor:/opt/ros/jazzy/opt/gz_rendering_vendor:/opt/ros/jazzy/opt/gz_plugin_vendor:/opt/ros/jazzy/opt/gz_fuel_tools_vendor:/opt/ros/jazzy/opt/gz_msgs_vendor:/opt/ros/jazzy/opt/gz_common_vendor:/opt/ros/jazzy/opt/gz_math_vendor:/opt/ros/jazzy/opt/gz_utils_vendor:/opt/ros/jazzy/opt/gz_tools_vendor:/opt/ros/jazzy/opt/gz_ogre_next_vendor:/opt/ros/jazzy/opt/gz_dartsim_vendor:/opt/ros/jazzy/opt/gz_cmake_vendor:/home/rob/project/csci5551-s26-team-pointbot/install/pointbot_rviz:/home/rob/project/csci5551-s26-team-pointbot/install/uf_ros_lib:/opt/ros/jazzy DEBUGINFOD_URLS=https://debuginfod.ubuntu.com LD_LIBRARY_PATH=/home/rob/project/csci5551-s26-team-pointbot/install/xarm_controller/lib:/home/rob/project/csci5551-s26-team-pointbot/install/xarm_api/lib:/home/rob/project/csci5551-s26-team-pointbot/install/xarm_sdk/lib:/home/rob/project/csci5551-s26-team-pointbot/install/xarm_msgs/lib:/home/rob/project/csci5551-s26-team-pointbot/install/xarm_gazebo/lib:/opt/ros/jazzy/opt/gz_sim_vendor/lib:/opt/ros/jazzy/opt/gz_sensors_vendor/lib:/opt/ros/jazzy/opt/gz_physics_vendor/lib:/opt/ros/jazzy/opt/sdformat_vendor/lib:/opt/ros/jazzy/opt/rviz_ogre_vendor/lib:/opt/ros/jazzy/lib/x86_64-linux-gnu:/opt/ros/jazzy/opt/gz_gui_vendor/lib:/opt/ros/jazzy/opt/gz_transport_vendor/lib:/opt/ros/jazzy/opt/gz_rendering_vendor/lib:/opt/ros/jazzy/opt/gz_plugin_vendor/lib:/opt/ros/jazzy/opt/gz_fuel_tools_vendor/lib:/opt/ros/jazzy/opt/gz_msgs_vendor/lib:/opt/ros/jazzy/opt/gz_common_vendor/lib:/opt/ros/jazzy/opt/gz_math_vendor/lib:/opt/ros/jazzy/opt/gz_utils_vendor/lib:/opt/ros/jazzy/opt/gz_tools_vendor/lib:/opt/ros/jazzy/opt/gz_ogre_next_vendor/lib:/opt/ros/jazzy/opt/gz_dartsim_vendor/lib:/opt/ros/jazzy/opt/gz_cmake_vendor/lib:/opt/ros/jazzy/lib:/usr/local/cuda-12.8/lib64’ PYTHONPATH=/home/rob/project/csci5551-s26-team-pointbot/install/xarm_msgs/lib/python3.12/site-packages:/home/rob/project/csci5551-s26-team-pointbot/install/uf_ros_lib/lib/python3.12/site-packages:/opt/ros/jazzy/lib/python3.12/site-packages /usr/bin/cmake /home/rob/project/csci5551-s26-team-pointbot/src/xarm_ros2/xarm_gazebo -DCMAKE_INSTALL_PREFIX=/home/rob/project/csci5551-s26-team-pointbot/install/xarm_gazebo
[3.715s] Invoking command in '/home/rob/project/csci5551-s26-team-pointbot/build/xarm_gazebo': AMENT_PREFIX_PATH=/home/rob/project/csci5551-s26-team-pointbot/install/uf_ros_lib:/home/rob/project/csci5551-s26-team-pointbot/install/xarm_gazebo:/home/rob/project/csci5551-s26-team-pointbot/install/pointbot_rviz:/home/rob/project/csci5551-s26-team-pointbot/install/xarm_moveit_config:/home/rob/project/csci5551-s26-team-pointbot/install/xarm_controller:/home/rob/project/csci5551-s26-team-pointbot/install/xarm_api:/home/rob/project/csci5551-s26-team-pointbot/install/xarm_sdk:/home/rob/project/csci5551-s26-team-pointbot/install/xarm_msgs:/home/rob/project/csci5551-s26-team-pointbot/install/xarm_description:/opt/ros/jazzy CMAKE_PREFIX_PATH=/home/rob/project/csci5551-s26-team-pointbot/install/xarm_controller:/home/rob/project/csci5551-s26-team-pointbot/install/xarm_api:/home/rob/project/csci5551-s26-team-pointbot/install/xarm_sdk:/home/rob/project/csci5551-s26-team-pointbot/install/xarm_msgs:/home/rob/project/csci5551-s26-team-pointbot/install/xarm_description:/home/rob/project/csci5551-s26-team-pointbot/install/xarm_gazebo:/home/rob/project/csci5551-s26-team-pointbot/install/xarm_moveit_config:/opt/ros/jazzy/opt/gz_sim_vendor:/opt/ros/jazzy/opt/gz_sensors_vendor:/opt/ros/jazzy/opt/gz_physics_vendor:/opt/ros/jazzy/opt/sdformat_vendor:/opt/ros/jazzy/opt/gz_gui_vendor:/opt/ros/jazzy/opt/gz_transport_vendor:/opt/ros/jazzy/opt/gz_rendering_vendor:/opt/ros/jazzy/opt/gz_plugin_vendor:/opt/ros/jazzy/opt/gz_fuel_tools_vendor:/opt/ros/jazzy/opt/gz_msgs_vendor:/opt/ros/jazzy/opt/gz_common_vendor:/opt/ros/jazzy/opt/gz_math_vendor:/opt/ros/jazzy/opt/gz_utils_vendor:/opt/ros/jazzy/opt/gz_tools_vendor:/opt/ros/jazzy/opt/gz_ogre_next_vendor:/opt/ros/jazzy/opt/gz_dartsim_vendor:/opt/ros/jazzy/opt/gz_cmake_vendor:/home/rob/project/csci5551-s26-team-pointbot/install/pointbot_rviz:/home/rob/project/csci5551-s26-team-pointbot/install/uf_ros_lib:/opt/ros/jazzy DEBUGINFOD_URLS=https://debuginfod.ubuntu.com LD_LIBRARY_PATH=/home/rob/project/csci5551-s26-team-pointbot/install/xarm_controller/lib:/home/rob/project/csci5551-s26-team-pointbot/install/xarm_api/lib:/home/rob/project/csci5551-s26-team-pointbot/install/xarm_sdk/lib:/home/rob/project/csci5551-s26-team-pointbot/install/xarm_msgs/lib:/home/rob/project/csci5551-s26-team-pointbot/install/xarm_gazebo/lib:/opt/ros/jazzy/opt/gz_sim_vendor/lib:/opt/ros/jazzy/opt/gz_sensors_vendor/lib:/opt/ros/jazzy/opt/gz_physics_vendor/lib:/opt/ros/jazzy/opt/sdformat_vendor/lib:/opt/ros/jazzy/opt/rviz_ogre_vendor/lib:/opt/ros/jazzy/lib/x86_64-linux-gnu:/opt/ros/jazzy/opt/gz_gui_vendor/lib:/opt/ros/jazzy/opt/gz_transport_vendor/lib:/opt/ros/jazzy/opt/gz_rendering_vendor/lib:/opt/ros/jazzy/opt/gz_plugin_vendor/lib:/opt/ros/jazzy/opt/gz_fuel_tools_vendor/lib:/opt/ros/jazzy/opt/gz_msgs_vendor/lib:/opt/ros/jazzy/opt/gz_common_vendor/lib:/opt/ros/jazzy/opt/gz_math_vendor/lib:/opt/ros/jazzy/opt/gz_utils_vendor/lib:/opt/ros/jazzy/opt/gz_tools_vendor/lib:/opt/ros/jazzy/opt/gz_ogre_next_vendor/lib:/opt/ros/jazzy/opt/gz_dartsim_vendor/lib:/opt/ros/jazzy/opt/gz_cmake_vendor/lib:/opt/ros/jazzy/lib:/usr/local/cuda-12.8/lib64’ PYTHONPATH=/home/rob/project/csci5551-s26-team-pointbot/install/xarm_msgs/lib/python3.12/site-packages:/home/rob/project/csci5551-s26-team-pointbot/install/uf_ros_lib/lib/python3.12/site-packages:/opt/ros/jazzy/lib/python3.12/site-packages /usr/bin/cmake --build /home/rob/project/csci5551-s26-team-pointbot/build/xarm_gazebo -- -j16 -l16
[3.821s] [ 50%] [32mBuilding CXX object CMakeFiles/gazebo_mimic_joint_plugin.dir/src/mimic_joint_plugin.cpp.o[0m
[8.094s] [100%] [32m[1mLinking CXX shared library libgazebo_mimic_joint_plugin.so[0m
[8.400s] [100%] Built target gazebo_mimic_joint_plugin
[8.424s] Invoked command in '/home/rob/project/csci5551-s26-team-pointbot/build/xarm_gazebo' returned '0': AMENT_PREFIX_PATH=/home/rob/project/csci5551-s26-team-pointbot/install/uf_ros_lib:/home/rob/project/csci5551-s26-team-pointbot/install/xarm_gazebo:/home/rob/project/csci5551-s26-team-pointbot/install/pointbot_rviz:/home/rob/project/csci5551-s26-team-pointbot/install/xarm_moveit_config:/home/rob/project/csci5551-s26-team-pointbot/install/xarm_controller:/home/rob/project/csci5551-s26-team-pointbot/install/xarm_api:/home/rob/project/csci5551-s26-team-pointbot/install/xarm_sdk:/home/rob/project/csci5551-s26-team-pointbot/install/xarm_msgs:/home/rob/project/csci5551-s26-team-pointbot/install/xarm_description:/opt/ros/jazzy CMAKE_PREFIX_PATH=/home/rob/project/csci5551-s26-team-pointbot/install/xarm_controller:/home/rob/project/csci5551-s26-team-pointbot/install/xarm_api:/home/rob/project/csci5551-s26-team-pointbot/install/xarm_sdk:/home/rob/project/csci5551-s26-team-pointbot/install/xarm_msgs:/home/rob/project/csci5551-s26-team-pointbot/install/xarm_description:/home/rob/project/csci5551-s26-team-pointbot/install/xarm_gazebo:/home/rob/project/csci5551-s26-team-pointbot/install/xarm_moveit_config:/opt/ros/jazzy/opt/gz_sim_vendor:/opt/ros/jazzy/opt/gz_sensors_vendor:/opt/ros/jazzy/opt/gz_physics_vendor:/opt/ros/jazzy/opt/sdformat_vendor:/opt/ros/jazzy/opt/gz_gui_vendor:/opt/ros/jazzy/opt/gz_transport_vendor:/opt/ros/jazzy/opt/gz_rendering_vendor:/opt/ros/jazzy/opt/gz_plugin_vendor:/opt/ros/jazzy/opt/gz_fuel_tools_vendor:/opt/ros/jazzy/opt/gz_msgs_vendor:/opt/ros/jazzy/opt/gz_common_vendor:/opt/ros/jazzy/opt/gz_math_vendor:/opt/ros/jazzy/opt/gz_utils_vendor:/opt/ros/jazzy/opt/gz_tools_vendor:/opt/ros/jazzy/opt/gz_ogre_next_vendor:/opt/ros/jazzy/opt/gz_dartsim_vendor:/opt/ros/jazzy/opt/gz_cmake_vendor:/home/rob/project/csci5551-s26-team-pointbot/install/pointbot_rviz:/home/rob/project/csci5551-s26-team-pointbot/install/uf_ros_lib:/opt/ros/jazzy DEBUGINFOD_URLS=https://debuginfod.ubuntu.com LD_LIBRARY_PATH=/home/rob/project/csci5551-s26-team-pointbot/install/xarm_controller/lib:/home/rob/project/csci5551-s26-team-pointbot/install/xarm_api/lib:/home/rob/project/csci5551-s26-team-pointbot/install/xarm_sdk/lib:/home/rob/project/csci5551-s26-team-pointbot/install/xarm_msgs/lib:/home/rob/project/csci5551-s26-team-pointbot/install/xarm_gazebo/lib:/opt/ros/jazzy/opt/gz_sim_vendor/lib:/opt/ros/jazzy/opt/gz_sensors_vendor/lib:/opt/ros/jazzy/opt/gz_physics_vendor/lib:/opt/ros/jazzy/opt/sdformat_vendor/lib:/opt/ros/jazzy/opt/rviz_ogre_vendor/lib:/opt/ros/jazzy/lib/x86_64-linux-gnu:/opt/ros/jazzy/opt/gz_gui_vendor/lib:/opt/ros/jazzy/opt/gz_transport_vendor/lib:/opt/ros/jazzy/opt/gz_rendering_vendor/lib:/opt/ros/jazzy/opt/gz_plugin_vendor/lib:/opt/ros/jazzy/opt/gz_fuel_tools_vendor/lib:/opt/ros/jazzy/opt/gz_msgs_vendor/lib:/opt/ros/jazzy/opt/gz_common_vendor/lib:/opt/ros/jazzy/opt/gz_math_vendor/lib:/opt/ros/jazzy/opt/gz_utils_vendor/lib:/opt/ros/jazzy/opt/gz_tools_vendor/lib:/opt/ros/jazzy/opt/gz_ogre_next_vendor/lib:/opt/ros/jazzy/opt/gz_dartsim_vendor/lib:/opt/ros/jazzy/opt/gz_cmake_vendor/lib:/opt/ros/jazzy/lib:/usr/local/cuda-12.8/lib64’ PYTHONPATH=/home/rob/project/csci5551-s26-team-pointbot/install/xarm_msgs/lib/python3.12/site-packages:/home/rob/project/csci5551-s26-team-pointbot/install/uf_ros_lib/lib/python3.12/site-packages:/opt/ros/jazzy/lib/python3.12/site-packages /usr/bin/cmake --build /home/rob/project/csci5551-s26-team-pointbot/build/xarm_gazebo -- -j16 -l16
[8.426s] Invoking command in '/home/rob/project/csci5551-s26-team-pointbot/build/xarm_gazebo': AMENT_PREFIX_PATH=/home/rob/project/csci5551-s26-team-pointbot/install/uf_ros_lib:/home/rob/project/csci5551-s26-team-pointbot/install/xarm_gazebo:/home/rob/project/csci5551-s26-team-pointbot/install/pointbot_rviz:/home/rob/project/csci5551-s26-team-pointbot/install/xarm_moveit_config:/home/rob/project/csci5551-s26-team-pointbot/install/xarm_controller:/home/rob/project/csci5551-s26-team-pointbot/install/xarm_api:/home/rob/project/csci5551-s26-team-pointbot/install/xarm_sdk:/home/rob/project/csci5551-s26-team-pointbot/install/xarm_msgs:/home/rob/project/csci5551-s26-team-pointbot/install/xarm_description:/opt/ros/jazzy CMAKE_PREFIX_PATH=/home/rob/project/csci5551-s26-team-pointbot/install/xarm_controller:/home/rob/project/csci5551-s26-team-pointbot/install/xarm_api:/home/rob/project/csci5551-s26-team-pointbot/install/xarm_sdk:/home/rob/project/csci5551-s26-team-pointbot/install/xarm_msgs:/home/rob/project/csci5551-s26-team-pointbot/install/xarm_description:/home/rob/project/csci5551-s26-team-pointbot/install/xarm_gazebo:/home/rob/project/csci5551-s26-team-pointbot/install/xarm_moveit_config:/opt/ros/jazzy/opt/gz_sim_vendor:/opt/ros/jazzy/opt/gz_sensors_vendor:/opt/ros/jazzy/opt/gz_physics_vendor:/opt/ros/jazzy/opt/sdformat_vendor:/opt/ros/jazzy/opt/gz_gui_vendor:/opt/ros/jazzy/opt/gz_transport_vendor:/opt/ros/jazzy/opt/gz_rendering_vendor:/opt/ros/jazzy/opt/gz_plugin_vendor:/opt/ros/jazzy/opt/gz_fuel_tools_vendor:/opt/ros/jazzy/opt/gz_msgs_vendor:/opt/ros/jazzy/opt/gz_common_vendor:/opt/ros/jazzy/opt/gz_math_vendor:/opt/ros/jazzy/opt/gz_utils_vendor:/opt/ros/jazzy/opt/gz_tools_vendor:/opt/ros/jazzy/opt/gz_ogre_next_vendor:/opt/ros/jazzy/opt/gz_dartsim_vendor:/opt/ros/jazzy/opt/gz_cmake_vendor:/home/rob/project/csci5551-s26-team-pointbot/install/pointbot_rviz:/home/rob/project/csci5551-s26-team-pointbot/install/uf_ros_lib:/opt/ros/jazzy DEBUGINFOD_URLS=https://debuginfod.ubuntu.com LD_LIBRARY_PATH=/home/rob/project/csci5551-s26-team-pointbot/install/xarm_controller/lib:/home/rob/project/csci5551-s26-team-pointbot/install/xarm_api/lib:/home/rob/project/csci5551-s26-team-pointbot/install/xarm_sdk/lib:/home/rob/project/csci5551-s26-team-pointbot/install/xarm_msgs/lib:/home/rob/project/csci5551-s26-team-pointbot/install/xarm_gazebo/lib:/opt/ros/jazzy/opt/gz_sim_vendor/lib:/opt/ros/jazzy/opt/gz_sensors_vendor/lib:/opt/ros/jazzy/opt/gz_physics_vendor/lib:/opt/ros/jazzy/opt/sdformat_vendor/lib:/opt/ros/jazzy/opt/rviz_ogre_vendor/lib:/opt/ros/jazzy/lib/x86_64-linux-gnu:/opt/ros/jazzy/opt/gz_gui_vendor/lib:/opt/ros/jazzy/opt/gz_transport_vendor/lib:/opt/ros/jazzy/opt/gz_rendering_vendor/lib:/opt/ros/jazzy/opt/gz_plugin_vendor/lib:/opt/ros/jazzy/opt/gz_fuel_tools_vendor/lib:/opt/ros/jazzy/opt/gz_msgs_vendor/lib:/opt/ros/jazzy/opt/gz_common_vendor/lib:/opt/ros/jazzy/opt/gz_math_vendor/lib:/opt/ros/jazzy/opt/gz_utils_vendor/lib:/opt/ros/jazzy/opt/gz_tools_vendor/lib:/opt/ros/jazzy/opt/gz_ogre_next_vendor/lib:/opt/ros/jazzy/opt/gz_dartsim_vendor/lib:/opt/ros/jazzy/opt/gz_cmake_vendor/lib:/opt/ros/jazzy/lib:/usr/local/cuda-12.8/lib64’ PYTHONPATH=/home/rob/project/csci5551-s26-team-pointbot/install/xarm_msgs/lib/python3.12/site-packages:/home/rob/project/csci5551-s26-team-pointbot/install/uf_ros_lib/lib/python3.12/site-packages:/opt/ros/jazzy/lib/python3.12/site-packages /usr/bin/cmake --install /home/rob/project/csci5551-s26-team-pointbot/build/xarm_gazebo
[8.443s] -- Install configuration: ""
[8.444s] -- Installing: /home/rob/project/csci5551-s26-team-pointbot/install/xarm_gazebo/lib/libgazebo_mimic_joint_plugin.so
[8.446s] -- Set non-toolchain portion of runtime path of "/home/rob/project/csci5551-s26-team-pointbot/install/xarm_gazebo/lib/libgazebo_mimic_joint_plugin.so" to ""
[8.446s] -- Installing: /home/rob/project/csci5551-s26-team-pointbot/install/xarm_gazebo/share/xarm_gazebo//worlds
[8.447s] -- Installing: /home/rob/project/csci5551-s26-team-pointbot/install/xarm_gazebo/share/xarm_gazebo//worlds/table_gz.world
[8.447s] -- Installing: /home/rob/project/csci5551-s26-team-pointbot/install/xarm_gazebo/share/xarm_gazebo//worlds/table.world
[8.447s] -- Installing: /home/rob/project/csci5551-s26-team-pointbot/install/xarm_gazebo/share/xarm_gazebo//launch
[8.447s] -- Installing: /home/rob/project/csci5551-s26-team-pointbot/install/xarm_gazebo/share/xarm_gazebo//launch/xarm7_mirror_beside_table_gazebo.launch.py
[8.448s] -- Installing: /home/rob/project/csci5551-s26-team-pointbot/install/xarm_gazebo/share/xarm_gazebo//launch/_robot_beside_table_gazebo.launch.py
[8.448s] -- Installing: /home/rob/project/csci5551-s26-team-pointbot/install/xarm_gazebo/share/xarm_gazebo//launch/xarm6_beside_table_gazebo.launch.py
[8.448s] -- Installing: /home/rob/project/csci5551-s26-team-pointbot/install/xarm_gazebo/share/xarm_gazebo//launch/lite6_beside_table_gazebo.launch.py
[8.448s] -- Installing: /home/rob/project/csci5551-s26-team-pointbot/install/xarm_gazebo/share/xarm_gazebo//launch/_dual_robot_beside_table_gazebo.launch.py
[8.448s] -- Installing: /home/rob/project/csci5551-s26-team-pointbot/install/xarm_gazebo/share/xarm_gazebo//launch/xarm5_beside_table_gazebo.launch.py
[8.448s] -- Installing: /home/rob/project/csci5551-s26-team-pointbot/install/xarm_gazebo/share/xarm_gazebo//launch/xarm7_beside_table_gazebo.launch.py
[8.448s] -- Installing: /home/rob/project/csci5551-s26-team-pointbot/install/xarm_gazebo/share/xarm_gazebo//launch/uf850_beside_table_gazebo.launch.py
[8.448s] -- Installing: /home/rob/project/csci5551-s26-team-pointbot/install/xarm_gazebo/share/ament_index/resource_index/package_run_dependencies/xarm_gazebo
[8.449s] -- Installing: /home/rob/project/csci5551-s26-team-pointbot/install/xarm_gazebo/share/ament_index/resource_index/parent_prefix_path/xarm_gazebo
[8.449s] -- Installing: /home/rob/project/csci5551-s26-team-pointbot/install/xarm_gazebo/share/xarm_gazebo/environment/ament_prefix_path.sh
[8.449s] -- Installing: /home/rob/project/csci5551-s26-team-pointbot/install/xarm_gazebo/share/xarm_gazebo/environment/ament_prefix_path.dsv
[8.450s] -- Installing: /home/rob/project/csci5551-s26-team-pointbot/install/xarm_gazebo/share/xarm_gazebo/environment/path.sh
[8.450s] -- Installing: /home/rob/project/csci5551-s26-team-pointbot/install/xarm_gazebo/share/xarm_gazebo/environment/path.dsv
[8.450s] -- Installing: /home/rob/project/csci5551-s26-team-pointbot/install/xarm_gazebo/share/xarm_gazebo/local_setup.bash
[8.450s] -- Installing: /home/rob/project/csci5551-s26-team-pointbot/install/xarm_gazebo/share/xarm_gazebo/local_setup.sh
[8.450s] -- Installing: /home/rob/project/csci5551-s26-team-pointbot/install/xarm_gazebo/share/xarm_gazebo/local_setup.zsh
[8.451s] -- Installing: /home/rob/project/csci5551-s26-team-pointbot/install/xarm_gazebo/share/xarm_gazebo/local_setup.dsv
[8.451s] -- Installing: /home/rob/project/csci5551-s26-team-pointbot/install/xarm_gazebo/share/xarm_gazebo/package.dsv
[8.451s] -- Installing: /home/rob/project/csci5551-s26-team-pointbot/install/xarm_gazebo/share/ament_index/resource_index/packages/xarm_gazebo
[8.451s] -- Installing: /home/rob/project/csci5551-s26-team-pointbot/install/xarm_gazebo/share/xarm_gazebo/cmake/xarm_gazeboConfig.cmake
[8.451s] -- Installing: /home/rob/project/csci5551-s26-team-pointbot/install/xarm_gazebo/share/xarm_gazebo/cmake/xarm_gazeboConfig-version.cmake
[8.451s] -- Installing: /home/rob/project/csci5551-s26-team-pointbot/install/xarm_gazebo/share/xarm_gazebo/package.xml
[8.455s] Invoked command in '/home/rob/project/csci5551-s26-team-pointbot/build/xarm_gazebo' returned '0': AMENT_PREFIX_PATH=/home/rob/project/csci5551-s26-team-pointbot/install/uf_ros_lib:/home/rob/project/csci5551-s26-team-pointbot/install/xarm_gazebo:/home/rob/project/csci5551-s26-team-pointbot/install/pointbot_rviz:/home/rob/project/csci5551-s26-team-pointbot/install/xarm_moveit_config:/home/rob/project/csci5551-s26-team-pointbot/install/xarm_controller:/home/rob/project/csci5551-s26-team-pointbot/install/xarm_api:/home/rob/project/csci5551-s26-team-pointbot/install/xarm_sdk:/home/rob/project/csci5551-s26-team-pointbot/install/xarm_msgs:/home/rob/project/csci5551-s26-team-pointbot/install/xarm_description:/opt/ros/jazzy CMAKE_PREFIX_PATH=/home/rob/project/csci5551-s26-team-pointbot/install/xarm_controller:/home/rob/project/csci5551-s26-team-pointbot/install/xarm_api:/home/rob/project/csci5551-s26-team-pointbot/install/xarm_sdk:/home/rob/project/csci5551-s26-team-pointbot/install/xarm_msgs:/home/rob/project/csci5551-s26-team-pointbot/install/xarm_description:/home/rob/project/csci5551-s26-team-pointbot/install/xarm_gazebo:/home/rob/project/csci5551-s26-team-pointbot/install/xarm_moveit_config:/opt/ros/jazzy/opt/gz_sim_vendor:/opt/ros/jazzy/opt/gz_sensors_vendor:/opt/ros/jazzy/opt/gz_physics_vendor:/opt/ros/jazzy/opt/sdformat_vendor:/opt/ros/jazzy/opt/gz_gui_vendor:/opt/ros/jazzy/opt/gz_transport_vendor:/opt/ros/jazzy/opt/gz_rendering_vendor:/opt/ros/jazzy/opt/gz_plugin_vendor:/opt/ros/jazzy/opt/gz_fuel_tools_vendor:/opt/ros/jazzy/opt/gz_msgs_vendor:/opt/ros/jazzy/opt/gz_common_vendor:/opt/ros/jazzy/opt/gz_math_vendor:/opt/ros/jazzy/opt/gz_utils_vendor:/opt/ros/jazzy/opt/gz_tools_vendor:/opt/ros/jazzy/opt/gz_ogre_next_vendor:/opt/ros/jazzy/opt/gz_dartsim_vendor:/opt/ros/jazzy/opt/gz_cmake_vendor:/home/rob/project/csci5551-s26-team-pointbot/install/pointbot_rviz:/home/rob/project/csci5551-s26-team-pointbot/install/uf_ros_lib:/opt/ros/jazzy DEBUGINFOD_URLS=https://debuginfod.ubuntu.com LD_LIBRARY_PATH=/home/rob/project/csci5551-s26-team-pointbot/install/xarm_controller/lib:/home/rob/project/csci5551-s26-team-pointbot/install/xarm_api/lib:/home/rob/project/csci5551-s26-team-pointbot/install/xarm_sdk/lib:/home/rob/project/csci5551-s26-team-pointbot/install/xarm_msgs/lib:/home/rob/project/csci5551-s26-team-pointbot/install/xarm_gazebo/lib:/opt/ros/jazzy/opt/gz_sim_vendor/lib:/opt/ros/jazzy/opt/gz_sensors_vendor/lib:/opt/ros/jazzy/opt/gz_physics_vendor/lib:/opt/ros/jazzy/opt/sdformat_vendor/lib:/opt/ros/jazzy/opt/rviz_ogre_vendor/lib:/opt/ros/jazzy/lib/x86_64-linux-gnu:/opt/ros/jazzy/opt/gz_gui_vendor/lib:/opt/ros/jazzy/opt/gz_transport_vendor/lib:/opt/ros/jazzy/opt/gz_rendering_vendor/lib:/opt/ros/jazzy/opt/gz_plugin_vendor/lib:/opt/ros/jazzy/opt/gz_fuel_tools_vendor/lib:/opt/ros/jazzy/opt/gz_msgs_vendor/lib:/opt/ros/jazzy/opt/gz_common_vendor/lib:/opt/ros/jazzy/opt/gz_math_vendor/lib:/opt/ros/jazzy/opt/gz_utils_vendor/lib:/opt/ros/jazzy/opt/gz_tools_vendor/lib:/opt/ros/jazzy/opt/gz_ogre_next_vendor/lib:/opt/ros/jazzy/opt/gz_dartsim_vendor/lib:/opt/ros/jazzy/opt/gz_cmake_vendor/lib:/opt/ros/jazzy/lib:/usr/local/cuda-12.8/lib64’ PYTHONPATH=/home/rob/project/csci5551-s26-team-pointbot/install/xarm_msgs/lib/python3.12/site-packages:/home/rob/project/csci5551-s26-team-pointbot/install/uf_ros_lib/lib/python3.12/site-packages:/opt/ros/jazzy/lib/python3.12/site-packages /usr/bin/cmake --install /home/rob/project/csci5551-s26-team-pointbot/build/xarm_gazebo
