[0.436s] Invoking command in '/home/rob/project/csci5551-s26-team-pointbot/build/btcpp_ros2_interfaces': CMAKE_PREFIX_PATH=${CMAKE_PREFIX_PATH}:/home/rob/project/csci5551-s26-team-pointbot/install/pointbot_rviz:/home/rob/project/csci5551-s26-team-pointbot/install/uf_ros_lib:/home/rob/project/csci5551-s26-team-pointbot/install/planning:/home/rob/project/csci5551-s26-team-pointbot/install/perception:/opt/ros/jazzy DEBUGINFOD_URLS=https://debuginfod.ubuntu.com /usr/bin/cmake --build /home/rob/project/csci5551-s26-team-pointbot/build/btcpp_ros2_interfaces -- -j16 -l16
[0.681s] [  1%] Built target btcpp_ros2_interfaces__rs
[0.682s] [  3%] Built target btcpp_ros2_interfaces__rosidl_generator_type_description
[0.692s] [  3%] Built target ament_cmake_python_copy_btcpp_ros2_interfaces
[0.767s] [  4%] Built target btcpp_ros2_interfaces__cpp
[0.777s] [ 26%] Built target btcpp_ros2_interfaces__rosidl_generator_c
[0.889s] [ 35%] Built target btcpp_ros2_interfaces__rosidl_typesupport_fastrtps_c
[0.908s] [ 44%] Built target btcpp_ros2_interfaces__rosidl_typesupport_introspection_c
[0.925s] [ 53%] Built target btcpp_ros2_interfaces__rosidl_typesupport_cpp
[0.927s] [ 63%] Built target btcpp_ros2_interfaces__rosidl_typesupport_fastrtps_cpp
[0.945s] [ 72%] Built target btcpp_ros2_interfaces__rosidl_typesupport_introspection_cpp
[0.982s] [ 81%] Built target btcpp_ros2_interfaces__rosidl_typesupport_c
[1.079s] [ 81%] Built target btcpp_ros2_interfaces
[1.147s] [ 83%] Built target btcpp_ros2_interfaces__py
[1.292s] [ 90%] Built target btcpp_ros2_interfaces__rosidl_generator_py
[1.348s] running egg_info
[1.401s] writing btcpp_ros2_interfaces.egg-info/PKG-INFO
[1.415s] writing dependency_links to btcpp_ros2_interfaces.egg-info/dependency_links.txt
[1.415s] writing top-level names to btcpp_ros2_interfaces.egg-info/top_level.txt
[1.438s] [ 93%] Built target btcpp_ros2_interfaces_s__rosidl_typesupport_introspection_c
[1.454s] [ 96%] Built target btcpp_ros2_interfaces_s__rosidl_typesupport_fastrtps_c
[1.515s] [100%] Built target btcpp_ros2_interfaces_s__rosidl_typesupport_c
[1.597s] reading manifest file 'btcpp_ros2_interfaces.egg-info/SOURCES.txt'
[1.597s] writing manifest file 'btcpp_ros2_interfaces.egg-info/SOURCES.txt'
[1.628s] [100%] Built target ament_cmake_python_build_btcpp_ros2_interfaces_egg
[2.564s] Invoked command in '/home/rob/project/csci5551-s26-team-pointbot/build/btcpp_ros2_interfaces' returned '0': CMAKE_PREFIX_PATH=${CMAKE_PREFIX_PATH}:/home/rob/project/csci5551-s26-team-pointbot/install/pointbot_rviz:/home/rob/project/csci5551-s26-team-pointbot/install/uf_ros_lib:/home/rob/project/csci5551-s26-team-pointbot/install/planning:/home/rob/project/csci5551-s26-team-pointbot/install/perception:/opt/ros/jazzy DEBUGINFOD_URLS=https://debuginfod.ubuntu.com /usr/bin/cmake --build /home/rob/project/csci5551-s26-team-pointbot/build/btcpp_ros2_interfaces -- -j16 -l16
[2.567s] Invoking command in '/home/rob/project/csci5551-s26-team-pointbot/build/btcpp_ros2_interfaces': CMAKE_PREFIX_PATH=${CMAKE_PREFIX_PATH}:/home/rob/project/csci5551-s26-team-pointbot/install/pointbot_rviz:/home/rob/project/csci5551-s26-team-pointbot/install/uf_ros_lib:/home/rob/project/csci5551-s26-team-pointbot/install/planning:/home/rob/project/csci5551-s26-team-pointbot/install/perception:/opt/ros/jazzy DEBUGINFOD_URLS=https://debuginfod.ubuntu.com /usr/bin/cmake --install /home/rob/project/csci5551-s26-team-pointbot/build/btcpp_ros2_interfaces
[2.678s] -- Install configuration: ""
[2.678s] -- Up-to-date: /home/rob/project/csci5551-s26-team-pointbot/install/btcpp_ros2_interfaces/share/ament_index/resource_index/rosidl_interfaces/btcpp_ros2_interfaces
[2.696s] -- Up-to-date: /home/rob/project/csci5551-s26-team-pointbot/install/btcpp_ros2_interfaces/share/btcpp_ros2_interfaces/msg/NodeStatus.json
[2.696s] -- Up-to-date: /home/rob/project/csci5551-s26-team-pointbot/install/btcpp_ros2_interfaces/share/btcpp_ros2_interfaces/srv/GetTrees.json
[2.697s] -- Up-to-date: /home/rob/project/csci5551-s26-team-pointbot/install/btcpp_ros2_interfaces/share/btcpp_ros2_interfaces/action/ExecuteTree.json
[2.697s] -- Up-to-date: /home/rob/project/csci5551-s26-team-pointbot/install/btcpp_ros2_interfaces/share/btcpp_ros2_interfaces/action/Sleep.json
[2.697s] -- Up-to-date: /home/rob/project/csci5551-s26-team-pointbot/install/btcpp_ros2_interfaces/include/btcpp_ros2_interfaces/btcpp_ros2_interfaces
[2.697s] -- Up-to-date: /home/rob/project/csci5551-s26-team-pointbot/install/btcpp_ros2_interfaces/include/btcpp_ros2_interfaces/btcpp_ros2_interfaces/action
[2.697s] -- Up-to-date: /home/rob/project/csci5551-s26-team-pointbot/install/btcpp_ros2_interfaces/include/btcpp_ros2_interfaces/btcpp_ros2_interfaces/action/execute_tree.h
[2.697s] -- Up-to-date: /home/rob/project/csci5551-s26-team-pointbot/install/btcpp_ros2_interfaces/include/btcpp_ros2_interfaces/btcpp_ros2_interfaces/action/sleep.h
[2.697s] -- Up-to-date: /home/rob/project/csci5551-s26-team-pointbot/install/btcpp_ros2_interfaces/include/btcpp_ros2_interfaces/btcpp_ros2_interfaces/action/detail
[2.697s] -- Up-to-date: /home/rob/project/csci5551-s26-team-pointbot/install/btcpp_ros2_interfaces/include/btcpp_ros2_interfaces/btcpp_ros2_interfaces/action/detail/execute_tree__description.c
[2.697s] -- Up-to-date: /home/rob/project/csci5551-s26-team-pointbot/install/btcpp_ros2_interfaces/include/btcpp_ros2_interfaces/btcpp_ros2_interfaces/action/detail/sleep__description.c
[2.698s] -- Up-to-date: /home/rob/project/csci5551-s26-team-pointbot/install/btcpp_ros2_interfaces/include/btcpp_ros2_interfaces/btcpp_ros2_interfaces/action/detail/sleep__type_support.c
[2.698s] -- Up-to-date: /home/rob/project/csci5551-s26-team-pointbot/install/btcpp_ros2_interfaces/include/btcpp_ros2_interfaces/btcpp_ros2_interfaces/action/detail/execute_tree__functions.h
[2.698s] -- Up-to-date: /home/rob/project/csci5551-s26-team-pointbot/install/btcpp_ros2_interfaces/include/btcpp_ros2_interfaces/btcpp_ros2_interfaces/action/detail/execute_tree__type_support.c
[2.698s] -- Up-to-date: /home/rob/project/csci5551-s26-team-pointbot/install/btcpp_ros2_interfaces/include/btcpp_ros2_interfaces/btcpp_ros2_interfaces/action/detail/execute_tree__functions.c
[2.701s] -- Up-to-date: /home/rob/project/csci5551-s26-team-pointbot/install/btcpp_ros2_interfaces/include/btcpp_ros2_interfaces/btcpp_ros2_interfaces/action/detail/sleep__type_support.h
[2.701s] -- Up-to-date: /home/rob/project/csci5551-s26-team-pointbot/install/btcpp_ros2_interfaces/include/btcpp_ros2_interfaces/btcpp_ros2_interfaces/action/detail/sleep__struct.h
[2.701s] -- Up-to-date: /home/rob/project/csci5551-s26-team-pointbot/install/btcpp_ros2_interfaces/include/btcpp_ros2_interfaces/btcpp_ros2_interfaces/action/detail/execute_tree__struct.h
[2.701s] -- Up-to-date: /home/rob/project/csci5551-s26-team-pointbot/install/btcpp_ros2_interfaces/include/btcpp_ros2_interfaces/btcpp_ros2_interfaces/action/detail/execute_tree__type_support.h
[2.702s] -- Up-to-date: /home/rob/project/csci5551-s26-team-pointbot/install/btcpp_ros2_interfaces/include/btcpp_ros2_interfaces/btcpp_ros2_interfaces/action/detail/sleep__functions.h
[2.702s] -- Up-to-date: /home/rob/project/csci5551-s26-team-pointbot/install/btcpp_ros2_interfaces/include/btcpp_ros2_interfaces/btcpp_ros2_interfaces/action/detail/sleep__functions.c
[2.702s] -- Up-to-date: /home/rob/project/csci5551-s26-team-pointbot/install/btcpp_ros2_interfaces/include/btcpp_ros2_interfaces/btcpp_ros2_interfaces/msg
[2.702s] -- Up-to-date: /home/rob/project/csci5551-s26-team-pointbot/install/btcpp_ros2_interfaces/include/btcpp_ros2_interfaces/btcpp_ros2_interfaces/msg/rosidl_generator_c__visibility_control.h
[2.702s] -- Up-to-date: /home/rob/project/csci5551-s26-team-pointbot/install/btcpp_ros2_interfaces/include/btcpp_ros2_interfaces/btcpp_ros2_interfaces/msg/detail
[2.702s] -- Up-to-date: /home/rob/project/csci5551-s26-team-pointbot/install/btcpp_ros2_interfaces/include/btcpp_ros2_interfaces/btcpp_ros2_interfaces/msg/detail/node_status__type_support.h
[2.702s] -- Up-to-date: /home/rob/project/csci5551-s26-team-pointbot/install/btcpp_ros2_interfaces/include/btcpp_ros2_interfaces/btcpp_ros2_interfaces/msg/detail/node_status__struct.h
[2.702s] -- Up-to-date: /home/rob/project/csci5551-s26-team-pointbot/install/btcpp_ros2_interfaces/include/btcpp_ros2_interfaces/btcpp_ros2_interfaces/msg/detail/node_status__functions.c
[2.702s] -- Up-to-date: /home/rob/project/csci5551-s26-team-pointbot/install/btcpp_ros2_interfaces/include/btcpp_ros2_interfaces/btcpp_ros2_interfaces/msg/detail/node_status__description.c
[2.703s] -- Up-to-date: /home/rob/project/csci5551-s26-team-pointbot/install/btcpp_ros2_interfaces/include/btcpp_ros2_interfaces/btcpp_ros2_interfaces/msg/detail/node_status__functions.h
[2.703s] -- Up-to-date: /home/rob/project/csci5551-s26-team-pointbot/install/btcpp_ros2_interfaces/include/btcpp_ros2_interfaces/btcpp_ros2_interfaces/msg/detail/node_status__type_support.c
[2.703s] -- Up-to-date: /home/rob/project/csci5551-s26-team-pointbot/install/btcpp_ros2_interfaces/include/btcpp_ros2_interfaces/btcpp_ros2_interfaces/msg/node_status.h
[2.703s] -- Up-to-date: /home/rob/project/csci5551-s26-team-pointbot/install/btcpp_ros2_interfaces/include/btcpp_ros2_interfaces/btcpp_ros2_interfaces/srv
[2.703s] -- Up-to-date: /home/rob/project/csci5551-s26-team-pointbot/install/btcpp_ros2_interfaces/include/btcpp_ros2_interfaces/btcpp_ros2_interfaces/srv/get_trees.h
[2.703s] -- Up-to-date: /home/rob/project/csci5551-s26-team-pointbot/install/btcpp_ros2_interfaces/include/btcpp_ros2_interfaces/btcpp_ros2_interfaces/srv/detail
[2.703s] -- Up-to-date: /home/rob/project/csci5551-s26-team-pointbot/install/btcpp_ros2_interfaces/include/btcpp_ros2_interfaces/btcpp_ros2_interfaces/srv/detail/get_trees__functions.h
[2.703s] -- Up-to-date: /home/rob/project/csci5551-s26-team-pointbot/install/btcpp_ros2_interfaces/include/btcpp_ros2_interfaces/btcpp_ros2_interfaces/srv/detail/get_trees__type_support.c
[2.703s] -- Up-to-date: /home/rob/project/csci5551-s26-team-pointbot/install/btcpp_ros2_interfaces/include/btcpp_ros2_interfaces/btcpp_ros2_interfaces/srv/detail/get_trees__type_support.h
[2.703s] -- Up-to-date: /home/rob/project/csci5551-s26-team-pointbot/install/btcpp_ros2_interfaces/include/btcpp_ros2_interfaces/btcpp_ros2_interfaces/srv/detail/get_trees__description.c
[2.704s] -- Up-to-date: /home/rob/project/csci5551-s26-team-pointbot/install/btcpp_ros2_interfaces/include/btcpp_ros2_interfaces/btcpp_ros2_interfaces/srv/detail/get_trees__struct.h
[2.704s] -- Up-to-date: /home/rob/project/csci5551-s26-team-pointbot/install/btcpp_ros2_interfaces/include/btcpp_ros2_interfaces/btcpp_ros2_interfaces/srv/detail/get_trees__functions.c
[2.704s] -- Up-to-date: /home/rob/project/csci5551-s26-team-pointbot/install/btcpp_ros2_interfaces/share/btcpp_ros2_interfaces/environment/library_path.sh
[2.704s] -- Up-to-date: /home/rob/project/csci5551-s26-team-pointbot/install/btcpp_ros2_interfaces/share/btcpp_ros2_interfaces/environment/library_path.dsv
[2.707s] -- Up-to-date: /home/rob/project/csci5551-s26-team-pointbot/install/btcpp_ros2_interfaces/lib/libbtcpp_ros2_interfaces__rosidl_generator_c.so
[2.707s] -- Up-to-date: /home/rob/project/csci5551-s26-team-pointbot/install/btcpp_ros2_interfaces/include/btcpp_ros2_interfaces/btcpp_ros2_interfaces
[2.707s] -- Up-to-date: /home/rob/project/csci5551-s26-team-pointbot/install/btcpp_ros2_interfaces/include/btcpp_ros2_interfaces/btcpp_ros2_interfaces/action
[2.708s] -- Up-to-date: /home/rob/project/csci5551-s26-team-pointbot/install/btcpp_ros2_interfaces/include/btcpp_ros2_interfaces/btcpp_ros2_interfaces/action/detail
[2.708s] -- Up-to-date: /home/rob/project/csci5551-s26-team-pointbot/install/btcpp_ros2_interfaces/include/btcpp_ros2_interfaces/btcpp_ros2_interfaces/action/detail/execute_tree__rosidl_typesupport_fastrtps_c.h
[2.708s] -- Up-to-date: /home/rob/project/csci5551-s26-team-pointbot/install/btcpp_ros2_interfaces/include/btcpp_ros2_interfaces/btcpp_ros2_interfaces/action/detail/sleep__rosidl_typesupport_fastrtps_c.h
[2.708s] -- Up-to-date: /home/rob/project/csci5551-s26-team-pointbot/install/btcpp_ros2_interfaces/include/btcpp_ros2_interfaces/btcpp_ros2_interfaces/msg
[2.708s] -- Up-to-date: /home/rob/project/csci5551-s26-team-pointbot/install/btcpp_ros2_interfaces/include/btcpp_ros2_interfaces/btcpp_ros2_interfaces/msg/rosidl_typesupport_fastrtps_c__visibility_control.h
[2.708s] -- Up-to-date: /home/rob/project/csci5551-s26-team-pointbot/install/btcpp_ros2_interfaces/include/btcpp_ros2_interfaces/btcpp_ros2_interfaces/msg/detail
[2.708s] -- Up-to-date: /home/rob/project/csci5551-s26-team-pointbot/install/btcpp_ros2_interfaces/include/btcpp_ros2_interfaces/btcpp_ros2_interfaces/msg/detail/node_status__rosidl_typesupport_fastrtps_c.h
[2.708s] -- Up-to-date: /home/rob/project/csci5551-s26-team-pointbot/install/btcpp_ros2_interfaces/include/btcpp_ros2_interfaces/btcpp_ros2_interfaces/srv
[2.708s] -- Up-to-date: /home/rob/project/csci5551-s26-team-pointbot/install/btcpp_ros2_interfaces/include/btcpp_ros2_interfaces/btcpp_ros2_interfaces/srv/detail
[2.709s] -- Up-to-date: /home/rob/project/csci5551-s26-team-pointbot/install/btcpp_ros2_interfaces/include/btcpp_ros2_interfaces/btcpp_ros2_interfaces/srv/detail/get_trees__rosidl_typesupport_fastrtps_c.h
[2.709s] -- Up-to-date: /home/rob/project/csci5551-s26-team-pointbot/install/btcpp_ros2_interfaces/lib/libbtcpp_ros2_interfaces__rosidl_typesupport_fastrtps_c.so
[2.709s] -- Up-to-date: /home/rob/project/csci5551-s26-team-pointbot/install/btcpp_ros2_interfaces/include/btcpp_ros2_interfaces/btcpp_ros2_interfaces
[2.709s] -- Up-to-date: /home/rob/project/csci5551-s26-team-pointbot/install/btcpp_ros2_interfaces/include/btcpp_ros2_interfaces/btcpp_ros2_interfaces/action
[2.709s] -- Up-to-date: /home/rob/project/csci5551-s26-team-pointbot/install/btcpp_ros2_interfaces/include/btcpp_ros2_interfaces/btcpp_ros2_interfaces/action/detail
[2.709s] -- Up-to-date: /home/rob/project/csci5551-s26-team-pointbot/install/btcpp_ros2_interfaces/include/btcpp_ros2_interfaces/btcpp_ros2_interfaces/action/detail/sleep__type_support.c
[2.709s] -- Up-to-date: /home/rob/project/csci5551-s26-team-pointbot/install/btcpp_ros2_interfaces/include/btcpp_ros2_interfaces/btcpp_ros2_interfaces/action/detail/execute_tree__type_support.c
[2.709s] -- Up-to-date: /home/rob/project/csci5551-s26-team-pointbot/install/btcpp_ros2_interfaces/include/btcpp_ros2_interfaces/btcpp_ros2_interfaces/action/detail/sleep__rosidl_typesupport_introspection_c.h
[2.709s] -- Up-to-date: /home/rob/project/csci5551-s26-team-pointbot/install/btcpp_ros2_interfaces/include/btcpp_ros2_interfaces/btcpp_ros2_interfaces/action/detail/execute_tree__rosidl_typesupport_introspection_c.h
[2.709s] -- Up-to-date: /home/rob/project/csci5551-s26-team-pointbot/install/btcpp_ros2_interfaces/include/btcpp_ros2_interfaces/btcpp_ros2_interfaces/msg
[2.710s] -- Up-to-date: /home/rob/project/csci5551-s26-team-pointbot/install/btcpp_ros2_interfaces/include/btcpp_ros2_interfaces/btcpp_ros2_interfaces/msg/rosidl_typesupport_introspection_c__visibility_control.h
[2.710s] -- Up-to-date: /home/rob/project/csci5551-s26-team-pointbot/install/btcpp_ros2_interfaces/include/btcpp_ros2_interfaces/btcpp_ros2_interfaces/msg/detail
[2.733s] -- Up-to-date: /home/rob/project/csci5551-s26-team-pointbot/install/btcpp_ros2_interfaces/include/btcpp_ros2_interfaces/btcpp_ros2_interfaces/msg/detail/node_status__type_support.c
[2.733s] -- Up-to-date: /home/rob/project/csci5551-s26-team-pointbot/install/btcpp_ros2_interfaces/include/btcpp_ros2_interfaces/btcpp_ros2_interfaces/msg/detail/node_status__rosidl_typesupport_introspection_c.h
[2.733s] -- Up-to-date: /home/rob/project/csci5551-s26-team-pointbot/install/btcpp_ros2_interfaces/include/btcpp_ros2_interfaces/btcpp_ros2_interfaces/srv
[2.733s] -- Up-to-date: /home/rob/project/csci5551-s26-team-pointbot/install/btcpp_ros2_interfaces/include/btcpp_ros2_interfaces/btcpp_ros2_interfaces/srv/detail
[2.733s] -- Up-to-date: /home/rob/project/csci5551-s26-team-pointbot/install/btcpp_ros2_interfaces/include/btcpp_ros2_interfaces/btcpp_ros2_interfaces/srv/detail/get_trees__type_support.c
[2.733s] -- Up-to-date: /home/rob/project/csci5551-s26-team-pointbot/install/btcpp_ros2_interfaces/include/btcpp_ros2_interfaces/btcpp_ros2_interfaces/srv/detail/get_trees__rosidl_typesupport_introspection_c.h
[2.733s] -- Up-to-date: /home/rob/project/csci5551-s26-team-pointbot/install/btcpp_ros2_interfaces/lib/libbtcpp_ros2_interfaces__rosidl_typesupport_introspection_c.so
[2.734s] -- Up-to-date: /home/rob/project/csci5551-s26-team-pointbot/install/btcpp_ros2_interfaces/lib/libbtcpp_ros2_interfaces__rosidl_typesupport_c.so
[2.734s] -- Up-to-date: /home/rob/project/csci5551-s26-team-pointbot/install/btcpp_ros2_interfaces/include/btcpp_ros2_interfaces/btcpp_ros2_interfaces
[2.734s] -- Up-to-date: /home/rob/project/csci5551-s26-team-pointbot/install/btcpp_ros2_interfaces/include/btcpp_ros2_interfaces/btcpp_ros2_interfaces/action
[2.734s] -- Up-to-date: /home/rob/project/csci5551-s26-team-pointbot/install/btcpp_ros2_interfaces/include/btcpp_ros2_interfaces/btcpp_ros2_interfaces/action/execute_tree.hpp
[2.737s] -- Up-to-date: /home/rob/project/csci5551-s26-team-pointbot/install/btcpp_ros2_interfaces/include/btcpp_ros2_interfaces/btcpp_ros2_interfaces/action/sleep.hpp
[2.737s] -- Up-to-date: /home/rob/project/csci5551-s26-team-pointbot/install/btcpp_ros2_interfaces/include/btcpp_ros2_interfaces/btcpp_ros2_interfaces/action/detail
[2.737s] -- Up-to-date: /home/rob/project/csci5551-s26-team-pointbot/install/btcpp_ros2_interfaces/include/btcpp_ros2_interfaces/btcpp_ros2_interfaces/action/detail/sleep__builder.hpp
[2.737s] -- Up-to-date: /home/rob/project/csci5551-s26-team-pointbot/install/btcpp_ros2_interfaces/include/btcpp_ros2_interfaces/btcpp_ros2_interfaces/action/detail/execute_tree__traits.hpp
[2.738s] -- Up-to-date: /home/rob/project/csci5551-s26-team-pointbot/install/btcpp_ros2_interfaces/include/btcpp_ros2_interfaces/btcpp_ros2_interfaces/action/detail/execute_tree__struct.hpp
[2.738s] -- Up-to-date: /home/rob/project/csci5551-s26-team-pointbot/install/btcpp_ros2_interfaces/include/btcpp_ros2_interfaces/btcpp_ros2_interfaces/action/detail/sleep__struct.hpp
[2.738s] -- Up-to-date: /home/rob/project/csci5551-s26-team-pointbot/install/btcpp_ros2_interfaces/include/btcpp_ros2_interfaces/btcpp_ros2_interfaces/action/detail/sleep__type_support.hpp
[2.738s] -- Up-to-date: /home/rob/project/csci5551-s26-team-pointbot/install/btcpp_ros2_interfaces/include/btcpp_ros2_interfaces/btcpp_ros2_interfaces/action/detail/execute_tree__type_support.hpp
[2.738s] -- Up-to-date: /home/rob/project/csci5551-s26-team-pointbot/install/btcpp_ros2_interfaces/include/btcpp_ros2_interfaces/btcpp_ros2_interfaces/action/detail/execute_tree__builder.hpp
[2.738s] -- Up-to-date: /home/rob/project/csci5551-s26-team-pointbot/install/btcpp_ros2_interfaces/include/btcpp_ros2_interfaces/btcpp_ros2_interfaces/action/detail/sleep__traits.hpp
[2.738s] -- Up-to-date: /home/rob/project/csci5551-s26-team-pointbot/install/btcpp_ros2_interfaces/include/btcpp_ros2_interfaces/btcpp_ros2_interfaces/msg
[2.738s] -- Up-to-date: /home/rob/project/csci5551-s26-team-pointbot/install/btcpp_ros2_interfaces/include/btcpp_ros2_interfaces/btcpp_ros2_interfaces/msg/node_status.hpp
[2.738s] -- Up-to-date: /home/rob/project/csci5551-s26-team-pointbot/install/btcpp_ros2_interfaces/include/btcpp_ros2_interfaces/btcpp_ros2_interfaces/msg/rosidl_generator_cpp__visibility_control.hpp
[2.738s] -- Up-to-date: /home/rob/project/csci5551-s26-team-pointbot/install/btcpp_ros2_interfaces/include/btcpp_ros2_interfaces/btcpp_ros2_interfaces/msg/detail
[2.739s] -- Up-to-date: /home/rob/project/csci5551-s26-team-pointbot/install/btcpp_ros2_interfaces/include/btcpp_ros2_interfaces/btcpp_ros2_interfaces/msg/detail/node_status__builder.hpp
[2.739s] -- Up-to-date: /home/rob/project/csci5551-s26-team-pointbot/install/btcpp_ros2_interfaces/include/btcpp_ros2_interfaces/btcpp_ros2_interfaces/msg/detail/node_status__struct.hpp
[2.739s] -- Up-to-date: /home/rob/project/csci5551-s26-team-pointbot/install/btcpp_ros2_interfaces/include/btcpp_ros2_interfaces/btcpp_ros2_interfaces/msg/detail/node_status__traits.hpp
[2.739s] -- Up-to-date: /home/rob/project/csci5551-s26-team-pointbot/install/btcpp_ros2_interfaces/include/btcpp_ros2_interfaces/btcpp_ros2_interfaces/msg/detail/node_status__type_support.hpp
[2.739s] -- Up-to-date: /home/rob/project/csci5551-s26-team-pointbot/install/btcpp_ros2_interfaces/include/btcpp_ros2_interfaces/btcpp_ros2_interfaces/srv
[2.739s] -- Up-to-date: /home/rob/project/csci5551-s26-team-pointbot/install/btcpp_ros2_interfaces/include/btcpp_ros2_interfaces/btcpp_ros2_interfaces/srv/get_trees.hpp
[2.742s] -- Up-to-date: /home/rob/project/csci5551-s26-team-pointbot/install/btcpp_ros2_interfaces/include/btcpp_ros2_interfaces/btcpp_ros2_interfaces/srv/detail
[2.742s] -- Up-to-date: /home/rob/project/csci5551-s26-team-pointbot/install/btcpp_ros2_interfaces/include/btcpp_ros2_interfaces/btcpp_ros2_interfaces/srv/detail/get_trees__struct.hpp
[2.742s] -- Up-to-date: /home/rob/project/csci5551-s26-team-pointbot/install/btcpp_ros2_interfaces/include/btcpp_ros2_interfaces/btcpp_ros2_interfaces/srv/detail/get_trees__type_support.hpp
[2.743s] -- Up-to-date: /home/rob/project/csci5551-s26-team-pointbot/install/btcpp_ros2_interfaces/include/btcpp_ros2_interfaces/btcpp_ros2_interfaces/srv/detail/get_trees__builder.hpp
[2.743s] -- Up-to-date: /home/rob/project/csci5551-s26-team-pointbot/install/btcpp_ros2_interfaces/include/btcpp_ros2_interfaces/btcpp_ros2_interfaces/srv/detail/get_trees__traits.hpp
[2.743s] -- Up-to-date: /home/rob/project/csci5551-s26-team-pointbot/install/btcpp_ros2_interfaces/include/btcpp_ros2_interfaces/btcpp_ros2_interfaces
[2.743s] -- Up-to-date: /home/rob/project/csci5551-s26-team-pointbot/install/btcpp_ros2_interfaces/include/btcpp_ros2_interfaces/btcpp_ros2_interfaces/action
[2.743s] -- Up-to-date: /home/rob/project/csci5551-s26-team-pointbot/install/btcpp_ros2_interfaces/include/btcpp_ros2_interfaces/btcpp_ros2_interfaces/action/detail
[2.743s] -- Up-to-date: /home/rob/project/csci5551-s26-team-pointbot/install/btcpp_ros2_interfaces/include/btcpp_ros2_interfaces/btcpp_ros2_interfaces/action/detail/dds_fastrtps
[2.743s] -- Up-to-date: /home/rob/project/csci5551-s26-team-pointbot/install/btcpp_ros2_interfaces/include/btcpp_ros2_interfaces/btcpp_ros2_interfaces/action/detail/execute_tree__rosidl_typesupport_fastrtps_cpp.hpp
[2.743s] -- Up-to-date: /home/rob/project/csci5551-s26-team-pointbot/install/btcpp_ros2_interfaces/include/btcpp_ros2_interfaces/btcpp_ros2_interfaces/action/detail/sleep__rosidl_typesupport_fastrtps_cpp.hpp
[2.743s] -- Up-to-date: /home/rob/project/csci5551-s26-team-pointbot/install/btcpp_ros2_interfaces/include/btcpp_ros2_interfaces/btcpp_ros2_interfaces/msg
[2.743s] -- Up-to-date: /home/rob/project/csci5551-s26-team-pointbot/install/btcpp_ros2_interfaces/include/btcpp_ros2_interfaces/btcpp_ros2_interfaces/msg/rosidl_typesupport_fastrtps_cpp__visibility_control.h
[2.744s] -- Up-to-date: /home/rob/project/csci5551-s26-team-pointbot/install/btcpp_ros2_interfaces/include/btcpp_ros2_interfaces/btcpp_ros2_interfaces/msg/detail
[2.744s] -- Up-to-date: /home/rob/project/csci5551-s26-team-pointbot/install/btcpp_ros2_interfaces/include/btcpp_ros2_interfaces/btcpp_ros2_interfaces/msg/detail/dds_fastrtps
[2.744s] -- Up-to-date: /home/rob/project/csci5551-s26-team-pointbot/install/btcpp_ros2_interfaces/include/btcpp_ros2_interfaces/btcpp_ros2_interfaces/msg/detail/node_status__rosidl_typesupport_fastrtps_cpp.hpp
[2.744s] -- Up-to-date: /home/rob/project/csci5551-s26-team-pointbot/install/btcpp_ros2_interfaces/include/btcpp_ros2_interfaces/btcpp_ros2_interfaces/srv
[2.744s] -- Up-to-date: /home/rob/project/csci5551-s26-team-pointbot/install/btcpp_ros2_interfaces/include/btcpp_ros2_interfaces/btcpp_ros2_interfaces/srv/detail
[2.744s] -- Up-to-date: /home/rob/project/csci5551-s26-team-pointbot/install/btcpp_ros2_interfaces/include/btcpp_ros2_interfaces/btcpp_ros2_interfaces/srv/detail/dds_fastrtps
[2.744s] -- Up-to-date: /home/rob/project/csci5551-s26-team-pointbot/install/btcpp_ros2_interfaces/include/btcpp_ros2_interfaces/btcpp_ros2_interfaces/srv/detail/get_trees__rosidl_typesupport_fastrtps_cpp.hpp
[2.744s] -- Up-to-date: /home/rob/project/csci5551-s26-team-pointbot/install/btcpp_ros2_interfaces/lib/libbtcpp_ros2_interfaces__rosidl_typesupport_fastrtps_cpp.so
[2.744s] -- Up-to-date: /home/rob/project/csci5551-s26-team-pointbot/install/btcpp_ros2_interfaces/include/btcpp_ros2_interfaces/btcpp_ros2_interfaces
[2.745s] -- Up-to-date: /home/rob/project/csci5551-s26-team-pointbot/install/btcpp_ros2_interfaces/include/btcpp_ros2_interfaces/btcpp_ros2_interfaces/action
[2.745s] -- Up-to-date: /home/rob/project/csci5551-s26-team-pointbot/install/btcpp_ros2_interfaces/include/btcpp_ros2_interfaces/btcpp_ros2_interfaces/action/detail
[2.745s] -- Up-to-date: /home/rob/project/csci5551-s26-team-pointbot/install/btcpp_ros2_interfaces/include/btcpp_ros2_interfaces/btcpp_ros2_interfaces/action/detail/execute_tree__rosidl_typesupport_introspection_cpp.hpp
[2.745s] -- Up-to-date: /home/rob/project/csci5551-s26-team-pointbot/install/btcpp_ros2_interfaces/include/btcpp_ros2_interfaces/btcpp_ros2_interfaces/action/detail/execute_tree__type_support.cpp
[2.748s] -- Up-to-date: /home/rob/project/csci5551-s26-team-pointbot/install/btcpp_ros2_interfaces/include/btcpp_ros2_interfaces/btcpp_ros2_interfaces/action/detail/sleep__type_support.cpp
[2.748s] -- Up-to-date: /home/rob/project/csci5551-s26-team-pointbot/install/btcpp_ros2_interfaces/include/btcpp_ros2_interfaces/btcpp_ros2_interfaces/action/detail/sleep__rosidl_typesupport_introspection_cpp.hpp
[2.748s] -- Up-to-date: /home/rob/project/csci5551-s26-team-pointbot/install/btcpp_ros2_interfaces/include/btcpp_ros2_interfaces/btcpp_ros2_interfaces/msg
[2.748s] -- Up-to-date: /home/rob/project/csci5551-s26-team-pointbot/install/btcpp_ros2_interfaces/include/btcpp_ros2_interfaces/btcpp_ros2_interfaces/msg/detail
[2.749s] -- Up-to-date: /home/rob/project/csci5551-s26-team-pointbot/install/btcpp_ros2_interfaces/include/btcpp_ros2_interfaces/btcpp_ros2_interfaces/msg/detail/node_status__type_support.cpp
[2.749s] -- Up-to-date: /home/rob/project/csci5551-s26-team-pointbot/install/btcpp_ros2_interfaces/include/btcpp_ros2_interfaces/btcpp_ros2_interfaces/msg/detail/node_status__rosidl_typesupport_introspection_cpp.hpp
[2.749s] -- Up-to-date: /home/rob/project/csci5551-s26-team-pointbot/install/btcpp_ros2_interfaces/include/btcpp_ros2_interfaces/btcpp_ros2_interfaces/srv
[2.749s] -- Up-to-date: /home/rob/project/csci5551-s26-team-pointbot/install/btcpp_ros2_interfaces/include/btcpp_ros2_interfaces/btcpp_ros2_interfaces/srv/detail
[2.749s] -- Up-to-date: /home/rob/project/csci5551-s26-team-pointbot/install/btcpp_ros2_interfaces/include/btcpp_ros2_interfaces/btcpp_ros2_interfaces/srv/detail/get_trees__type_support.cpp
[2.749s] -- Up-to-date: /home/rob/project/csci5551-s26-team-pointbot/install/btcpp_ros2_interfaces/include/btcpp_ros2_interfaces/btcpp_ros2_interfaces/srv/detail/get_trees__rosidl_typesupport_introspection_cpp.hpp
[2.749s] -- Up-to-date: /home/rob/project/csci5551-s26-team-pointbot/install/btcpp_ros2_interfaces/lib/libbtcpp_ros2_interfaces__rosidl_typesupport_introspection_cpp.so
[2.749s] -- Up-to-date: /home/rob/project/csci5551-s26-team-pointbot/install/btcpp_ros2_interfaces/lib/libbtcpp_ros2_interfaces__rosidl_typesupport_cpp.so
[2.750s] -- Up-to-date: /home/rob/project/csci5551-s26-team-pointbot/install/btcpp_ros2_interfaces/share/btcpp_ros2_interfaces/environment/pythonpath.sh
[2.750s] -- Up-to-date: /home/rob/project/csci5551-s26-team-pointbot/install/btcpp_ros2_interfaces/share/btcpp_ros2_interfaces/environment/pythonpath.dsv
[2.750s] -- Up-to-date: /home/rob/project/csci5551-s26-team-pointbot/install/btcpp_ros2_interfaces/lib/python3.12/site-packages/btcpp_ros2_interfaces-0.3.0-py3.12.egg-info
[2.750s] -- Installing: /home/rob/project/csci5551-s26-team-pointbot/install/btcpp_ros2_interfaces/lib/python3.12/site-packages/btcpp_ros2_interfaces-0.3.0-py3.12.egg-info/PKG-INFO
[2.756s] -- Installing: /home/rob/project/csci5551-s26-team-pointbot/install/btcpp_ros2_interfaces/lib/python3.12/site-packages/btcpp_ros2_interfaces-0.3.0-py3.12.egg-info/dependency_links.txt
[2.756s] -- Installing: /home/rob/project/csci5551-s26-team-pointbot/install/btcpp_ros2_interfaces/lib/python3.12/site-packages/btcpp_ros2_interfaces-0.3.0-py3.12.egg-info/SOURCES.txt
[2.756s] -- Installing: /home/rob/project/csci5551-s26-team-pointbot/install/btcpp_ros2_interfaces/lib/python3.12/site-packages/btcpp_ros2_interfaces-0.3.0-py3.12.egg-info/top_level.txt
[2.756s] -- Up-to-date: /home/rob/project/csci5551-s26-team-pointbot/install/btcpp_ros2_interfaces/lib/python3.12/site-packages/btcpp_ros2_interfaces
[2.757s] -- Up-to-date: /home/rob/project/csci5551-s26-team-pointbot/install/btcpp_ros2_interfaces/lib/python3.12/site-packages/btcpp_ros2_interfaces/btcpp_ros2_interfaces_s__rosidl_typesupport_fastrtps_c.so
[2.757s] -- Up-to-date: /home/rob/project/csci5551-s26-team-pointbot/install/btcpp_ros2_interfaces/lib/python3.12/site-packages/btcpp_ros2_interfaces/_btcpp_ros2_interfaces_s.ep.rosidl_typesupport_fastrtps_c.c
[2.757s] -- Up-to-date: /home/rob/project/csci5551-s26-team-pointbot/install/btcpp_ros2_interfaces/lib/python3.12/site-packages/btcpp_ros2_interfaces/btcpp_ros2_interfaces_s__rosidl_typesupport_introspection_c.so
[2.757s] -- Up-to-date: /home/rob/project/csci5551-s26-team-pointbot/install/btcpp_ros2_interfaces/lib/python3.12/site-packages/btcpp_ros2_interfaces/btcpp_ros2_interfaces_s__rosidl_typesupport_c.so
[2.757s] -- Up-to-date: /home/rob/project/csci5551-s26-team-pointbot/install/btcpp_ros2_interfaces/lib/python3.12/site-packages/btcpp_ros2_interfaces/__init__.py
[2.757s] -- Up-to-date: /home/rob/project/csci5551-s26-team-pointbot/install/btcpp_ros2_interfaces/lib/python3.12/site-packages/btcpp_ros2_interfaces/action
[2.757s] -- Up-to-date: /home/rob/project/csci5551-s26-team-pointbot/install/btcpp_ros2_interfaces/lib/python3.12/site-packages/btcpp_ros2_interfaces/action/_sleep_s.c
[2.757s] -- Up-to-date: /home/rob/project/csci5551-s26-team-pointbot/install/btcpp_ros2_interfaces/lib/python3.12/site-packages/btcpp_ros2_interfaces/action/__init__.py
[2.757s] -- Up-to-date: /home/rob/project/csci5551-s26-team-pointbot/install/btcpp_ros2_interfaces/lib/python3.12/site-packages/btcpp_ros2_interfaces/action/_sleep.py
[2.757s] -- Up-to-date: /home/rob/project/csci5551-s26-team-pointbot/install/btcpp_ros2_interfaces/lib/python3.12/site-packages/btcpp_ros2_interfaces/action/_execute_tree_s.c
[2.758s] -- Up-to-date: /home/rob/project/csci5551-s26-team-pointbot/install/btcpp_ros2_interfaces/lib/python3.12/site-packages/btcpp_ros2_interfaces/action/_execute_tree.py
[2.758s] -- Up-to-date: /home/rob/project/csci5551-s26-team-pointbot/install/btcpp_ros2_interfaces/lib/python3.12/site-packages/btcpp_ros2_interfaces/msg
[2.758s] -- Up-to-date: /home/rob/project/csci5551-s26-team-pointbot/install/btcpp_ros2_interfaces/lib/python3.12/site-packages/btcpp_ros2_interfaces/msg/_node_status.py
[2.758s] -- Up-to-date: /home/rob/project/csci5551-s26-team-pointbot/install/btcpp_ros2_interfaces/lib/python3.12/site-packages/btcpp_ros2_interfaces/msg/__init__.py
[2.760s] -- Up-to-date: /home/rob/project/csci5551-s26-team-pointbot/install/btcpp_ros2_interfaces/lib/python3.12/site-packages/btcpp_ros2_interfaces/msg/_node_status_s.c
[2.760s] -- Up-to-date: /home/rob/project/csci5551-s26-team-pointbot/install/btcpp_ros2_interfaces/lib/python3.12/site-packages/btcpp_ros2_interfaces/_btcpp_ros2_interfaces_s.ep.rosidl_typesupport_c.c
[2.760s] -- Up-to-date: /home/rob/project/csci5551-s26-team-pointbot/install/btcpp_ros2_interfaces/lib/python3.12/site-packages/btcpp_ros2_interfaces/_btcpp_ros2_interfaces_s.ep.rosidl_typesupport_introspection_c.c
[2.761s] -- Up-to-date: /home/rob/project/csci5551-s26-team-pointbot/install/btcpp_ros2_interfaces/lib/python3.12/site-packages/btcpp_ros2_interfaces/srv
[2.761s] -- Up-to-date: /home/rob/project/csci5551-s26-team-pointbot/install/btcpp_ros2_interfaces/lib/python3.12/site-packages/btcpp_ros2_interfaces/srv/__init__.py
[2.761s] -- Up-to-date: /home/rob/project/csci5551-s26-team-pointbot/install/btcpp_ros2_interfaces/lib/python3.12/site-packages/btcpp_ros2_interfaces/srv/_get_trees_s.c
[2.761s] -- Up-to-date: /home/rob/project/csci5551-s26-team-pointbot/install/btcpp_ros2_interfaces/lib/python3.12/site-packages/btcpp_ros2_interfaces/srv/_get_trees.py
[2.805s] Listing '/home/rob/project/csci5551-s26-team-pointbot/install/btcpp_ros2_interfaces/lib/python3.12/site-packages/btcpp_ros2_interfaces'...
[2.805s] Listing '/home/rob/project/csci5551-s26-team-pointbot/install/btcpp_ros2_interfaces/lib/python3.12/site-packages/btcpp_ros2_interfaces/action'...
[2.806s] Listing '/home/rob/project/csci5551-s26-team-pointbot/install/btcpp_ros2_interfaces/lib/python3.12/site-packages/btcpp_ros2_interfaces/msg'...
[2.806s] Listing '/home/rob/project/csci5551-s26-team-pointbot/install/btcpp_ros2_interfaces/lib/python3.12/site-packages/btcpp_ros2_interfaces/srv'...
[2.807s] -- Up-to-date: /home/rob/project/csci5551-s26-team-pointbot/install/btcpp_ros2_interfaces/lib/python3.12/site-packages/btcpp_ros2_interfaces/btcpp_ros2_interfaces_s__rosidl_typesupport_fastrtps_c.so
[2.807s] -- Up-to-date: /home/rob/project/csci5551-s26-team-pointbot/install/btcpp_ros2_interfaces/lib/python3.12/site-packages/btcpp_ros2_interfaces/btcpp_ros2_interfaces_s__rosidl_typesupport_introspection_c.so
[2.808s] -- Up-to-date: /home/rob/project/csci5551-s26-team-pointbot/install/btcpp_ros2_interfaces/lib/python3.12/site-packages/btcpp_ros2_interfaces/btcpp_ros2_interfaces_s__rosidl_typesupport_c.so
[2.814s] -- Up-to-date: /home/rob/project/csci5551-s26-team-pointbot/install/btcpp_ros2_interfaces/lib/libbtcpp_ros2_interfaces__rosidl_generator_py.so
[2.814s] -- Up-to-date: /home/rob/project/csci5551-s26-team-pointbot/install/btcpp_ros2_interfaces/share/ament_index/resource_index/rust_packages/btcpp_ros2_interfaces
[2.814s] -- Up-to-date: /home/rob/project/csci5551-s26-team-pointbot/install/btcpp_ros2_interfaces/share/btcpp_ros2_interfaces/rust
[2.814s] -- Up-to-date: /home/rob/project/csci5551-s26-team-pointbot/install/btcpp_ros2_interfaces/share/btcpp_ros2_interfaces/rust/Cargo.toml
[2.814s] -- Up-to-date: /home/rob/project/csci5551-s26-team-pointbot/install/btcpp_ros2_interfaces/share/btcpp_ros2_interfaces/rust/src
[2.815s] -- Up-to-date: /home/rob/project/csci5551-s26-team-pointbot/install/btcpp_ros2_interfaces/share/btcpp_ros2_interfaces/rust/src/lib.rs
[2.815s] -- Up-to-date: /home/rob/project/csci5551-s26-team-pointbot/install/btcpp_ros2_interfaces/share/btcpp_ros2_interfaces/rust/src/msg.rs
[2.815s] -- Up-to-date: /home/rob/project/csci5551-s26-team-pointbot/install/btcpp_ros2_interfaces/share/btcpp_ros2_interfaces/rust/src/srv.rs
[2.815s] -- Up-to-date: /home/rob/project/csci5551-s26-team-pointbot/install/btcpp_ros2_interfaces/share/btcpp_ros2_interfaces/rust/src/action
[2.815s] -- Up-to-date: /home/rob/project/csci5551-s26-team-pointbot/install/btcpp_ros2_interfaces/share/btcpp_ros2_interfaces/rust/src/action/rmw.rs
[2.815s] -- Up-to-date: /home/rob/project/csci5551-s26-team-pointbot/install/btcpp_ros2_interfaces/share/btcpp_ros2_interfaces/rust/src/action.rs
[2.816s] -- Up-to-date: /home/rob/project/csci5551-s26-team-pointbot/install/btcpp_ros2_interfaces/share/btcpp_ros2_interfaces/rust/src/msg
[2.816s] -- Up-to-date: /home/rob/project/csci5551-s26-team-pointbot/install/btcpp_ros2_interfaces/share/btcpp_ros2_interfaces/rust/src/msg/rmw.rs
[2.816s] -- Up-to-date: /home/rob/project/csci5551-s26-team-pointbot/install/btcpp_ros2_interfaces/share/btcpp_ros2_interfaces/rust/src/srv
[2.816s] -- Up-to-date: /home/rob/project/csci5551-s26-team-pointbot/install/btcpp_ros2_interfaces/share/btcpp_ros2_interfaces/rust/src/srv/rmw.rs
[2.816s] -- Up-to-date: /home/rob/project/csci5551-s26-team-pointbot/install/btcpp_ros2_interfaces/share/btcpp_ros2_interfaces/rust/build.rs
[2.838s] -- Up-to-date: /home/rob/project/csci5551-s26-team-pointbot/install/btcpp_ros2_interfaces/share/btcpp_ros2_interfaces/msg/NodeStatus.idl
[2.838s] -- Up-to-date: /home/rob/project/csci5551-s26-team-pointbot/install/btcpp_ros2_interfaces/share/btcpp_ros2_interfaces/srv/GetTrees.idl
[2.838s] -- Up-to-date: /home/rob/project/csci5551-s26-team-pointbot/install/btcpp_ros2_interfaces/share/btcpp_ros2_interfaces/action/ExecuteTree.idl
[2.838s] -- Up-to-date: /home/rob/project/csci5551-s26-team-pointbot/install/btcpp_ros2_interfaces/share/btcpp_ros2_interfaces/action/Sleep.idl
[2.839s] -- Up-to-date: /home/rob/project/csci5551-s26-team-pointbot/install/btcpp_ros2_interfaces/share/btcpp_ros2_interfaces/msg/NodeStatus.msg
[2.839s] -- Up-to-date: /home/rob/project/csci5551-s26-team-pointbot/install/btcpp_ros2_interfaces/share/btcpp_ros2_interfaces/srv/GetTrees.srv
[2.839s] -- Up-to-date: /home/rob/project/csci5551-s26-team-pointbot/install/btcpp_ros2_interfaces/share/btcpp_ros2_interfaces/action/ExecuteTree.action
[2.839s] -- Up-to-date: /home/rob/project/csci5551-s26-team-pointbot/install/btcpp_ros2_interfaces/share/btcpp_ros2_interfaces/action/Sleep.action
[2.839s] -- Up-to-date: /home/rob/project/csci5551-s26-team-pointbot/install/btcpp_ros2_interfaces/share/ament_index/resource_index/package_run_dependencies/btcpp_ros2_interfaces
[2.840s] -- Up-to-date: /home/rob/project/csci5551-s26-team-pointbot/install/btcpp_ros2_interfaces/share/ament_index/resource_index/parent_prefix_path/btcpp_ros2_interfaces
[2.840s] -- Up-to-date: /home/rob/project/csci5551-s26-team-pointbot/install/btcpp_ros2_interfaces/share/btcpp_ros2_interfaces/environment/ament_prefix_path.sh
[2.840s] -- Up-to-date: /home/rob/project/csci5551-s26-team-pointbot/install/btcpp_ros2_interfaces/share/btcpp_ros2_interfaces/environment/ament_prefix_path.dsv
[2.841s] -- Up-to-date: /home/rob/project/csci5551-s26-team-pointbot/install/btcpp_ros2_interfaces/share/btcpp_ros2_interfaces/environment/path.sh
[2.844s] -- Up-to-date: /home/rob/project/csci5551-s26-team-pointbot/install/btcpp_ros2_interfaces/share/btcpp_ros2_interfaces/environment/path.dsv
[2.844s] -- Up-to-date: /home/rob/project/csci5551-s26-team-pointbot/install/btcpp_ros2_interfaces/share/btcpp_ros2_interfaces/local_setup.bash
[2.844s] -- Up-to-date: /home/rob/project/csci5551-s26-team-pointbot/install/btcpp_ros2_interfaces/share/btcpp_ros2_interfaces/local_setup.sh
[2.845s] -- Up-to-date: /home/rob/project/csci5551-s26-team-pointbot/install/btcpp_ros2_interfaces/share/btcpp_ros2_interfaces/local_setup.zsh
[2.845s] -- Up-to-date: /home/rob/project/csci5551-s26-team-pointbot/install/btcpp_ros2_interfaces/share/btcpp_ros2_interfaces/local_setup.dsv
[2.845s] -- Installing: /home/rob/project/csci5551-s26-team-pointbot/install/btcpp_ros2_interfaces/share/btcpp_ros2_interfaces/package.dsv
[2.845s] -- Up-to-date: /home/rob/project/csci5551-s26-team-pointbot/install/btcpp_ros2_interfaces/share/ament_index/resource_index/packages/btcpp_ros2_interfaces
[2.851s] -- Up-to-date: /home/rob/project/csci5551-s26-team-pointbot/install/btcpp_ros2_interfaces/share/btcpp_ros2_interfaces/cmake/export_btcpp_ros2_interfaces__rosidl_generator_cExport.cmake
[2.851s] -- Up-to-date: /home/rob/project/csci5551-s26-team-pointbot/install/btcpp_ros2_interfaces/share/btcpp_ros2_interfaces/cmake/export_btcpp_ros2_interfaces__rosidl_generator_cExport-noconfig.cmake
[2.851s] -- Up-to-date: /home/rob/project/csci5551-s26-team-pointbot/install/btcpp_ros2_interfaces/share/btcpp_ros2_interfaces/cmake/export_btcpp_ros2_interfaces__rosidl_typesupport_fastrtps_cExport.cmake
[2.852s] -- Up-to-date: /home/rob/project/csci5551-s26-team-pointbot/install/btcpp_ros2_interfaces/share/btcpp_ros2_interfaces/cmake/export_btcpp_ros2_interfaces__rosidl_typesupport_fastrtps_cExport-noconfig.cmake
[2.852s] -- Up-to-date: /home/rob/project/csci5551-s26-team-pointbot/install/btcpp_ros2_interfaces/share/btcpp_ros2_interfaces/cmake/btcpp_ros2_interfaces__rosidl_typesupport_introspection_cExport.cmake
[2.852s] -- Up-to-date: /home/rob/project/csci5551-s26-team-pointbot/install/btcpp_ros2_interfaces/share/btcpp_ros2_interfaces/cmake/btcpp_ros2_interfaces__rosidl_typesupport_introspection_cExport-noconfig.cmake
[2.855s] -- Up-to-date: /home/rob/project/csci5551-s26-team-pointbot/install/btcpp_ros2_interfaces/share/btcpp_ros2_interfaces/cmake/btcpp_ros2_interfaces__rosidl_typesupport_cExport.cmake
[2.855s] -- Up-to-date: /home/rob/project/csci5551-s26-team-pointbot/install/btcpp_ros2_interfaces/share/btcpp_ros2_interfaces/cmake/btcpp_ros2_interfaces__rosidl_typesupport_cExport-noconfig.cmake
[2.856s] -- Up-to-date: /home/rob/project/csci5551-s26-team-pointbot/install/btcpp_ros2_interfaces/share/btcpp_ros2_interfaces/cmake/export_btcpp_ros2_interfaces__rosidl_generator_cppExport.cmake
[2.856s] -- Up-to-date: /home/rob/project/csci5551-s26-team-pointbot/install/btcpp_ros2_interfaces/share/btcpp_ros2_interfaces/cmake/export_btcpp_ros2_interfaces__rosidl_typesupport_fastrtps_cppExport.cmake
[2.856s] -- Up-to-date: /home/rob/project/csci5551-s26-team-pointbot/install/btcpp_ros2_interfaces/share/btcpp_ros2_interfaces/cmake/export_btcpp_ros2_interfaces__rosidl_typesupport_fastrtps_cppExport-noconfig.cmake
[2.856s] -- Up-to-date: /home/rob/project/csci5551-s26-team-pointbot/install/btcpp_ros2_interfaces/share/btcpp_ros2_interfaces/cmake/btcpp_ros2_interfaces__rosidl_typesupport_introspection_cppExport.cmake
[2.856s] -- Up-to-date: /home/rob/project/csci5551-s26-team-pointbot/install/btcpp_ros2_interfaces/share/btcpp_ros2_interfaces/cmake/btcpp_ros2_interfaces__rosidl_typesupport_introspection_cppExport-noconfig.cmake
[2.856s] -- Up-to-date: /home/rob/project/csci5551-s26-team-pointbot/install/btcpp_ros2_interfaces/share/btcpp_ros2_interfaces/cmake/btcpp_ros2_interfaces__rosidl_typesupport_cppExport.cmake
[2.857s] -- Up-to-date: /home/rob/project/csci5551-s26-team-pointbot/install/btcpp_ros2_interfaces/share/btcpp_ros2_interfaces/cmake/btcpp_ros2_interfaces__rosidl_typesupport_cppExport-noconfig.cmake
[2.857s] -- Up-to-date: /home/rob/project/csci5551-s26-team-pointbot/install/btcpp_ros2_interfaces/share/btcpp_ros2_interfaces/cmake/export_btcpp_ros2_interfaces__rosidl_generator_pyExport.cmake
[2.857s] -- Up-to-date: /home/rob/project/csci5551-s26-team-pointbot/install/btcpp_ros2_interfaces/share/btcpp_ros2_interfaces/cmake/export_btcpp_ros2_interfaces__rosidl_generator_pyExport-noconfig.cmake
[2.857s] -- Up-to-date: /home/rob/project/csci5551-s26-team-pointbot/install/btcpp_ros2_interfaces/share/btcpp_ros2_interfaces/cmake/rosidl_cmake-extras.cmake
[2.860s] -- Up-to-date: /home/rob/project/csci5551-s26-team-pointbot/install/btcpp_ros2_interfaces/share/btcpp_ros2_interfaces/cmake/ament_cmake_export_dependencies-extras.cmake
[2.861s] -- Up-to-date: /home/rob/project/csci5551-s26-team-pointbot/install/btcpp_ros2_interfaces/share/btcpp_ros2_interfaces/cmake/ament_cmake_export_include_directories-extras.cmake
[2.861s] -- Up-to-date: /home/rob/project/csci5551-s26-team-pointbot/install/btcpp_ros2_interfaces/share/btcpp_ros2_interfaces/cmake/ament_cmake_export_libraries-extras.cmake
[2.861s] -- Up-to-date: /home/rob/project/csci5551-s26-team-pointbot/install/btcpp_ros2_interfaces/share/btcpp_ros2_interfaces/cmake/ament_cmake_export_targets-extras.cmake
[2.861s] -- Up-to-date: /home/rob/project/csci5551-s26-team-pointbot/install/btcpp_ros2_interfaces/share/btcpp_ros2_interfaces/cmake/rosidl_cmake_export_typesupport_targets-extras.cmake
[2.861s] -- Up-to-date: /home/rob/project/csci5551-s26-team-pointbot/install/btcpp_ros2_interfaces/share/btcpp_ros2_interfaces/cmake/rosidl_cmake_export_typesupport_libraries-extras.cmake
[2.866s] -- Up-to-date: /home/rob/project/csci5551-s26-team-pointbot/install/btcpp_ros2_interfaces/share/btcpp_ros2_interfaces/cmake/btcpp_ros2_interfacesConfig.cmake
[2.867s] -- Up-to-date: /home/rob/project/csci5551-s26-team-pointbot/install/btcpp_ros2_interfaces/share/btcpp_ros2_interfaces/cmake/btcpp_ros2_interfacesConfig-version.cmake
[2.867s] -- Up-to-date: /home/rob/project/csci5551-s26-team-pointbot/install/btcpp_ros2_interfaces/share/btcpp_ros2_interfaces/package.xml
[2.882s] Invoked command in '/home/rob/project/csci5551-s26-team-pointbot/build/btcpp_ros2_interfaces' returned '0': CMAKE_PREFIX_PATH=${CMAKE_PREFIX_PATH}:/home/rob/project/csci5551-s26-team-pointbot/install/pointbot_rviz:/home/rob/project/csci5551-s26-team-pointbot/install/uf_ros_lib:/home/rob/project/csci5551-s26-team-pointbot/install/planning:/home/rob/project/csci5551-s26-team-pointbot/install/perception:/opt/ros/jazzy DEBUGINFOD_URLS=https://debuginfod.ubuntu.com /usr/bin/cmake --install /home/rob/project/csci5551-s26-team-pointbot/build/btcpp_ros2_interfaces
