[0.022s] Invoking command in '/home/rob/project/csci5551-s26-team-pointbot/build/xarm_description': CMAKE_PREFIX_PATH=${CMAKE_PREFIX_PATH}:/home/rob/project/csci5551-s26-team-pointbot/install/pointbot_rviz:/home/rob/project/csci5551-s26-team-pointbot/install/uf_ros_lib:/opt/ros/jazzy DEBUGINFOD_URLS=https://debuginfod.ubuntu.com /usr/bin/cmake /home/rob/project/csci5551-s26-team-pointbot/src/xarm_ros2/xarm_description -DCMAKE_INSTALL_PREFIX=/home/rob/project/csci5551-s26-team-pointbot/install/xarm_description
[0.118s] -- The C compiler identification is GNU 13.3.0
[0.233s] -- The CXX compiler identification is GNU 13.3.0
[0.275s] -- Detecting C compiler ABI info
[0.419s] -- Detecting C compiler ABI info - done
[0.436s] -- Check for working C compiler: /usr/bin/cc - skipped
[0.436s] -- Detecting C compile features
[0.437s] -- Detecting C compile features - done
[0.456s] -- Detecting CXX compiler ABI info
[0.630s] -- Detecting CXX compiler ABI info - done
[0.666s] -- Check for working CXX compiler: /usr/bin/c++ - skipped
[0.666s] -- Detecting CXX compile features
[0.667s] -- Detecting CXX compile features - done
[0.676s] -- Found ament_cmake: 2.5.6 (/opt/ros/jazzy/share/ament_cmake/cmake)
[0.946s] -- Found Python3: /usr/bin/python3 (found version "3.12.3") found components: Interpreter 
[1.131s] -- Found ament_lint_auto: 0.17.5 (/opt/ros/jazzy/share/ament_lint_auto/cmake)
[1.345s] -- Added test 'copyright' to check source files copyright and LICENSE
[1.374s] -- Added test 'flake8' to check Python code syntax and style conventions
[1.374s] -- Configured 'flake8' exclude dirs and/or files: 
[1.378s] -- Added test 'lint_cmake' to check CMake code style
[1.381s] -- Added test 'pep257' to check Python code against some of the docstring style conventions in PEP 257
[1.397s] -- Added test 'xmllint' to check XML markup files
[1.400s] -- Configuring done (1.4s)
[1.404s] -- Generating done (0.0s)
[1.407s] -- Build files have been written to: /home/rob/project/csci5551-s26-team-pointbot/build/xarm_description
[1.416s] Invoked command in '/home/rob/project/csci5551-s26-team-pointbot/build/xarm_description' returned '0': CMAKE_PREFIX_PATH=${CMAKE_PREFIX_PATH}:/home/rob/project/csci5551-s26-team-pointbot/install/pointbot_rviz:/home/rob/project/csci5551-s26-team-pointbot/install/uf_ros_lib:/opt/ros/jazzy DEBUGINFOD_URLS=https://debuginfod.ubuntu.com /usr/bin/cmake /home/rob/project/csci5551-s26-team-pointbot/src/xarm_ros2/xarm_description -DCMAKE_INSTALL_PREFIX=/home/rob/project/csci5551-s26-team-pointbot/install/xarm_description
[1.418s] Invoking command in '/home/rob/project/csci5551-s26-team-pointbot/build/xarm_description': CMAKE_PREFIX_PATH=${CMAKE_PREFIX_PATH}:/home/rob/project/csci5551-s26-team-pointbot/install/pointbot_rviz:/home/rob/project/csci5551-s26-team-pointbot/install/uf_ros_lib:/opt/ros/jazzy DEBUGINFOD_URLS=https://debuginfod.ubuntu.com /usr/bin/cmake --build /home/rob/project/csci5551-s26-team-pointbot/build/xarm_description -- -j16 -l16
[1.494s] Invoked command in '/home/rob/project/csci5551-s26-team-pointbot/build/xarm_description' returned '0': CMAKE_PREFIX_PATH=${CMAKE_PREFIX_PATH}:/home/rob/project/csci5551-s26-team-pointbot/install/pointbot_rviz:/home/rob/project/csci5551-s26-team-pointbot/install/uf_ros_lib:/opt/ros/jazzy DEBUGINFOD_URLS=https://debuginfod.ubuntu.com /usr/bin/cmake --build /home/rob/project/csci5551-s26-team-pointbot/build/xarm_description -- -j16 -l16
[1.517s] Invoking command in '/home/rob/project/csci5551-s26-team-pointbot/build/xarm_description': CMAKE_PREFIX_PATH=${CMAKE_PREFIX_PATH}:/home/rob/project/csci5551-s26-team-pointbot/install/pointbot_rviz:/home/rob/project/csci5551-s26-team-pointbot/install/uf_ros_lib:/opt/ros/jazzy DEBUGINFOD_URLS=https://debuginfod.ubuntu.com /usr/bin/cmake --install /home/rob/project/csci5551-s26-team-pointbot/build/xarm_description
[1.537s] -- Install configuration: ""
[1.539s] -- Installing: /home/rob/project/csci5551-s26-team-pointbot/install/xarm_description/share/xarm_description//rviz
[1.539s] -- Installing: /home/rob/project/csci5551-s26-team-pointbot/install/xarm_description/share/xarm_description//rviz/display.rviz
[1.539s] -- Installing: /home/rob/project/csci5551-s26-team-pointbot/install/xarm_description/share/xarm_description//urdf
[1.539s] -- Installing: /home/rob/project/csci5551-s26-team-pointbot/install/xarm_description/share/xarm_description//urdf/xarm7
[1.539s] -- Installing: /home/rob/project/csci5551-s26-team-pointbot/install/xarm_description/share/xarm_description//urdf/xarm7/xarm7_robot_macro.xacro
[1.540s] -- Installing: /home/rob/project/csci5551-s26-team-pointbot/install/xarm_description/share/xarm_description//urdf/xarm7/xarm7.urdf.xacro
[1.540s] -- Installing: /home/rob/project/csci5551-s26-team-pointbot/install/xarm_description/share/xarm_description//urdf/xarm7/xarm7.gazebo.xacro
[1.540s] -- Installing: /home/rob/project/csci5551-s26-team-pointbot/install/xarm_description/share/xarm_description//urdf/xarm7/xarm7.ros2_control.xacro
[1.540s] -- Installing: /home/rob/project/csci5551-s26-team-pointbot/install/xarm_description/share/xarm_description//urdf/xarm7/xarm7.transmission.xacro
[1.540s] -- Installing: /home/rob/project/csci5551-s26-team-pointbot/install/xarm_description/share/xarm_description//urdf/xarm6
[1.540s] -- Installing: /home/rob/project/csci5551-s26-team-pointbot/install/xarm_description/share/xarm_description//urdf/xarm6/xarm6.transmission.xacro
[1.540s] -- Installing: /home/rob/project/csci5551-s26-team-pointbot/install/xarm_description/share/xarm_description//urdf/xarm6/xarm6_robot_macro.xacro
[1.541s] -- Installing: /home/rob/project/csci5551-s26-team-pointbot/install/xarm_description/share/xarm_description//urdf/xarm6/xarm6.ros2_control.xacro
[1.541s] -- Installing: /home/rob/project/csci5551-s26-team-pointbot/install/xarm_description/share/xarm_description//urdf/xarm6/xarm6.gazebo.xacro
[1.544s] -- Installing: /home/rob/project/csci5551-s26-team-pointbot/install/xarm_description/share/xarm_description//urdf/xarm6/xarm6.urdf.xacro
[1.544s] -- Installing: /home/rob/project/csci5551-s26-team-pointbot/install/xarm_description/share/xarm_description//urdf/camera
[1.544s] -- Installing: /home/rob/project/csci5551-s26-team-pointbot/install/xarm_description/share/xarm_description//urdf/camera/realsense_d435i.urdf.xacro
[1.544s] -- Installing: /home/rob/project/csci5551-s26-team-pointbot/install/xarm_description/share/xarm_description//urdf/camera/realsense.gazebo.xacro
[1.544s] -- Installing: /home/rob/project/csci5551-s26-team-pointbot/install/xarm_description/share/xarm_description//urdf/camera/camera.gazebo.xacro
[1.544s] -- Installing: /home/rob/project/csci5551-s26-team-pointbot/install/xarm_description/share/xarm_description//urdf/gripper
[1.545s] -- Installing: /home/rob/project/csci5551-s26-team-pointbot/install/xarm_description/share/xarm_description//urdf/gripper/gripper_macro.xacro
[1.545s] -- Installing: /home/rob/project/csci5551-s26-team-pointbot/install/xarm_description/share/xarm_description//urdf/gripper/bio_gripper.ros2_control.xacro
[1.545s] -- Installing: /home/rob/project/csci5551-s26-team-pointbot/install/xarm_description/share/xarm_description//urdf/gripper/lite_gripper.urdf.xacro
[1.545s] -- Installing: /home/rob/project/csci5551-s26-team-pointbot/install/xarm_description/share/xarm_description//urdf/gripper/bio_gripper_macro.xacro
[1.545s] -- Installing: /home/rob/project/csci5551-s26-team-pointbot/install/xarm_description/share/xarm_description//urdf/gripper/gripper.urdf.xacro
[1.545s] -- Installing: /home/rob/project/csci5551-s26-team-pointbot/install/xarm_description/share/xarm_description//urdf/gripper/bio_gripper.urdf.xacro
[1.545s] -- Installing: /home/rob/project/csci5551-s26-team-pointbot/install/xarm_description/share/xarm_description//urdf/gripper/bio_gripper.gazebo.xacro
[1.545s] -- Installing: /home/rob/project/csci5551-s26-team-pointbot/install/xarm_description/share/xarm_description//urdf/gripper/xarm_gripper.ros2_control.xacro
[1.545s] -- Installing: /home/rob/project/csci5551-s26-team-pointbot/install/xarm_description/share/xarm_description//urdf/gripper/xarm_gripper.urdf.xacro
[1.545s] -- Installing: /home/rob/project/csci5551-s26-team-pointbot/install/xarm_description/share/xarm_description//urdf/gripper/xarm_gripper.transmission.xacro
[1.545s] -- Installing: /home/rob/project/csci5551-s26-team-pointbot/install/xarm_description/share/xarm_description//urdf/gripper/bio_gripper.transmission.xacro
[1.546s] -- Installing: /home/rob/project/csci5551-s26-team-pointbot/install/xarm_description/share/xarm_description//urdf/gripper/xarm_gripper_macro.xacro
[1.546s] -- Installing: /home/rob/project/csci5551-s26-team-pointbot/install/xarm_description/share/xarm_description//urdf/gripper/xarm_gripper.gazebo.xacro
[1.546s] -- Installing: /home/rob/project/csci5551-s26-team-pointbot/install/xarm_description/share/xarm_description//urdf/lite6
[1.546s] -- Installing: /home/rob/project/csci5551-s26-team-pointbot/install/xarm_description/share/xarm_description//urdf/lite6/lite6_robot_macro.xacro
[1.546s] -- Installing: /home/rob/project/csci5551-s26-team-pointbot/install/xarm_description/share/xarm_description//urdf/lite6/lite6.transmission.xacro
[1.546s] -- Installing: /home/rob/project/csci5551-s26-team-pointbot/install/xarm_description/share/xarm_description//urdf/lite6/lite6.ros2_control.xacro
[1.546s] -- Installing: /home/rob/project/csci5551-s26-team-pointbot/install/xarm_description/share/xarm_description//urdf/lite6/lite6.gazebo.xacro
[1.546s] -- Installing: /home/rob/project/csci5551-s26-team-pointbot/install/xarm_description/share/xarm_description//urdf/lite6/lite6.urdf.xacro
[1.547s] -- Installing: /home/rob/project/csci5551-s26-team-pointbot/install/xarm_description/share/xarm_description//urdf/xarm7_mirror
[1.547s] -- Installing: /home/rob/project/csci5551-s26-team-pointbot/install/xarm_description/share/xarm_description//urdf/xarm7_mirror/xarm7_mirror_robot_macro.xacro
[1.547s] -- Installing: /home/rob/project/csci5551-s26-team-pointbot/install/xarm_description/share/xarm_description//urdf/xarm7_mirror/xarm7_mirror.gazebo.xacro
[1.547s] -- Installing: /home/rob/project/csci5551-s26-team-pointbot/install/xarm_description/share/xarm_description//urdf/xarm7_mirror/xarm7_mirror.urdf.xacro
[1.547s] -- Installing: /home/rob/project/csci5551-s26-team-pointbot/install/xarm_description/share/xarm_description//urdf/xarm7_mirror/xarm7_mirror.transmission.xacro
[1.547s] -- Installing: /home/rob/project/csci5551-s26-team-pointbot/install/xarm_description/share/xarm_description//urdf/xarm7_mirror/xarm7_mirror.ros2_control.xacro
[1.548s] -- Installing: /home/rob/project/csci5551-s26-team-pointbot/install/xarm_description/share/xarm_description//urdf/other
[1.548s] -- Installing: /home/rob/project/csci5551-s26-team-pointbot/install/xarm_description/share/xarm_description//urdf/other/other_geometry.urdf.xacro
[1.548s] -- Installing: /home/rob/project/csci5551-s26-team-pointbot/install/xarm_description/share/xarm_description//urdf/_private_macro.xacro
[1.548s] -- Installing: /home/rob/project/csci5551-s26-team-pointbot/install/xarm_description/share/xarm_description//urdf/uf850
[1.549s] -- Installing: /home/rob/project/csci5551-s26-team-pointbot/install/xarm_description/share/xarm_description//urdf/uf850/uf850.urdf.xacro
[1.552s] -- Installing: /home/rob/project/csci5551-s26-team-pointbot/install/xarm_description/share/xarm_description//urdf/uf850/uf850.ros2_control.xacro
[1.552s] -- Installing: /home/rob/project/csci5551-s26-team-pointbot/install/xarm_description/share/xarm_description//urdf/uf850/uf850.transmission.xacro
[1.552s] -- Installing: /home/rob/project/csci5551-s26-team-pointbot/install/xarm_description/share/xarm_description//urdf/uf850/uf850_robot_macro.xacro
[1.552s] -- Installing: /home/rob/project/csci5551-s26-team-pointbot/install/xarm_description/share/xarm_description//urdf/uf850/uf850.gazebo.xacro
[1.552s] -- Installing: /home/rob/project/csci5551-s26-team-pointbot/install/xarm_description/share/xarm_description//urdf/vacuum_gripper
[1.553s] -- Installing: /home/rob/project/csci5551-s26-team-pointbot/install/xarm_description/share/xarm_description//urdf/vacuum_gripper/vacuum_gripper_macro.xacro
[1.553s] -- Installing: /home/rob/project/csci5551-s26-team-pointbot/install/xarm_description/share/xarm_description//urdf/vacuum_gripper/xarm_vacuum_gripper.urdf.xacro
[1.553s] -- Installing: /home/rob/project/csci5551-s26-team-pointbot/install/xarm_description/share/xarm_description//urdf/vacuum_gripper/lite_vacuum_gripper.urdf.xacro
[1.553s] -- Installing: /home/rob/project/csci5551-s26-team-pointbot/install/xarm_description/share/xarm_description//urdf/vacuum_gripper/vacuum_gripper.urdf.xacro
[1.553s] -- Installing: /home/rob/project/csci5551-s26-team-pointbot/install/xarm_description/share/xarm_description//urdf/dual_xarm_device.urdf.xacro
[1.553s] -- Installing: /home/rob/project/csci5551-s26-team-pointbot/install/xarm_description/share/xarm_description//urdf/common
[1.553s] -- Installing: /home/rob/project/csci5551-s26-team-pointbot/install/xarm_description/share/xarm_description//urdf/common/common.link.xacro
[1.553s] -- Installing: /home/rob/project/csci5551-s26-team-pointbot/install/xarm_description/share/xarm_description//urdf/common/common.gazebo.xacro
[1.553s] -- Installing: /home/rob/project/csci5551-s26-team-pointbot/install/xarm_description/share/xarm_description//urdf/common/common.material.xacro
[1.553s] -- Installing: /home/rob/project/csci5551-s26-team-pointbot/install/xarm_description/share/xarm_description//urdf/xarm5
[1.553s] -- Installing: /home/rob/project/csci5551-s26-team-pointbot/install/xarm_description/share/xarm_description//urdf/xarm5/xarm5.urdf.xacro
[1.554s] -- Installing: /home/rob/project/csci5551-s26-team-pointbot/install/xarm_description/share/xarm_description//urdf/xarm5/xarm5.ros2_control.xacro
[1.554s] -- Installing: /home/rob/project/csci5551-s26-team-pointbot/install/xarm_description/share/xarm_description//urdf/xarm5/xarm5.transmission.xacro
[1.554s] -- Installing: /home/rob/project/csci5551-s26-team-pointbot/install/xarm_description/share/xarm_description//urdf/xarm5/xarm5.gazebo.xacro
[1.554s] -- Installing: /home/rob/project/csci5551-s26-team-pointbot/install/xarm_description/share/xarm_description//urdf/xarm5/xarm5_robot_macro.xacro
[1.554s] -- Installing: /home/rob/project/csci5551-s26-team-pointbot/install/xarm_description/share/xarm_description//urdf/xarm_device_macro.xacro
[1.554s] -- Installing: /home/rob/project/csci5551-s26-team-pointbot/install/xarm_description/share/xarm_description//urdf/xarm_device.urdf.xacro
[1.554s] -- Installing: /home/rob/project/csci5551-s26-team-pointbot/install/xarm_description/share/xarm_description//config
[1.554s] -- Installing: /home/rob/project/csci5551-s26-team-pointbot/install/xarm_description/share/xarm_description//config/link_inertial
[1.554s] -- Installing: /home/rob/project/csci5551-s26-team-pointbot/install/xarm_description/share/xarm_description//config/link_inertial/xarm6_type6_HT_LD.yaml
[1.554s] -- Installing: /home/rob/project/csci5551-s26-team-pointbot/install/xarm_description/share/xarm_description//config/link_inertial/xarm6_type12_HT_LDBR2.yaml
[1.554s] -- Installing: /home/rob/project/csci5551-s26-team-pointbot/install/xarm_description/share/xarm_description//config/link_inertial/xarm7_type3_YT_SP.yaml
[1.554s] -- Installing: /home/rob/project/csci5551-s26-team-pointbot/install/xarm_description/share/xarm_description//config/link_inertial/xarm6_type9_HT_BR2.yaml
[1.555s] -- Installing: /home/rob/project/csci5551-s26-team-pointbot/install/xarm_description/share/xarm_description//config/link_inertial/xarm6_type6_HT2_LD.yaml
[1.555s] -- Installing: /home/rob/project/csci5551-s26-team-pointbot/install/xarm_description/share/xarm_description//config/link_inertial/xarm6_type6_HT_BR.yaml
[1.555s] -- Installing: /home/rob/project/csci5551-s26-team-pointbot/install/xarm_description/share/xarm_description//config/link_inertial/xarm7_type7_HT_BR.yaml
[1.555s] -- Installing: /home/rob/project/csci5551-s26-team-pointbot/install/xarm_description/share/xarm_description//config/link_inertial/xarm6_type8_HT2_BR2.yaml
[1.555s] -- Installing: /home/rob/project/csci5551-s26-team-pointbot/install/xarm_description/share/xarm_description//config/link_inertial/xarm7_type7_HT_LD.yaml
[1.555s] -- Installing: /home/rob/project/csci5551-s26-team-pointbot/install/xarm_description/share/xarm_description//config/link_inertial/xarm5_type5_HT_BR2.yaml
[1.555s] -- Installing: /home/rob/project/csci5551-s26-team-pointbot/install/xarm_description/share/xarm_description//config/link_inertial/xarm5_type5_HT_LD.yaml
[1.555s] -- Installing: /home/rob/project/csci5551-s26-team-pointbot/install/xarm_description/share/xarm_description//config/link_inertial/xarm6_type6_UJ_BR_2403.yaml
[1.555s] -- Installing: /home/rob/project/csci5551-s26-team-pointbot/install/xarm_description/share/xarm_description//config/link_inertial/xarm6_type11_HT_LD.yaml
[1.555s] -- Installing: /home/rob/project/csci5551-s26-team-pointbot/install/xarm_description/share/xarm_description//config/link_inertial/gen_link_inertial_params.py
[1.555s] -- Installing: /home/rob/project/csci5551-s26-team-pointbot/install/xarm_description/share/xarm_description//config/link_inertial/xarm7_type7_HT_BR2.yaml
[1.555s] -- Installing: /home/rob/project/csci5551-s26-team-pointbot/install/xarm_description/share/xarm_description//config/link_inertial/xarm6_type6_HT_BR2.yaml
[1.555s] -- Installing: /home/rob/project/csci5551-s26-team-pointbot/install/xarm_description/share/xarm_description//config/link_inertial/xarm7_type7_UJ_BR_2403.yaml
[1.556s] -- Installing: /home/rob/project/csci5551-s26-team-pointbot/install/xarm_description/share/xarm_description//config/link_inertial/xarm5_type5_UJ_BR_2403.yaml
[1.556s] -- Installing: /home/rob/project/csci5551-s26-team-pointbot/install/xarm_description/share/xarm_description//config/link_inertial/xarm7_type13_HT_BR2.yaml
[1.556s] -- Installing: /home/rob/project/csci5551-s26-team-pointbot/install/xarm_description/share/xarm_description//config/link_inertial/xarm5_type5_HT_BR.yaml
[1.556s] -- Installing: /home/rob/project/csci5551-s26-team-pointbot/install/xarm_description/share/xarm_description//config/kinematics
[1.557s] -- Installing: /home/rob/project/csci5551-s26-team-pointbot/install/xarm_description/share/xarm_description//config/kinematics/gen_kinematics_params.py
[1.557s] -- Installing: /home/rob/project/csci5551-s26-team-pointbot/install/xarm_description/share/xarm_description//config/kinematics/default
[1.557s] -- Installing: /home/rob/project/csci5551-s26-team-pointbot/install/xarm_description/share/xarm_description//config/kinematics/default/xarm6_default_kinematics.yaml
[1.558s] -- Installing: /home/rob/project/csci5551-s26-team-pointbot/install/xarm_description/share/xarm_description//config/kinematics/default/uf850_default_kinematics.yaml
[1.558s] -- Installing: /home/rob/project/csci5551-s26-team-pointbot/install/xarm_description/share/xarm_description//config/kinematics/default/lite6_default_kinematics.yaml
[1.558s] -- Installing: /home/rob/project/csci5551-s26-team-pointbot/install/xarm_description/share/xarm_description//config/kinematics/default/xarm5_default_kinematics.yaml
[1.558s] -- Installing: /home/rob/project/csci5551-s26-team-pointbot/install/xarm_description/share/xarm_description//config/kinematics/default/xarm7_mirror_default_kinematics.yaml
[1.559s] -- Installing: /home/rob/project/csci5551-s26-team-pointbot/install/xarm_description/share/xarm_description//config/kinematics/default/xarm7_default_kinematics.yaml
[1.559s] -- Installing: /home/rob/project/csci5551-s26-team-pointbot/install/xarm_description/share/xarm_description//meshes
[1.559s] -- Installing: /home/rob/project/csci5551-s26-team-pointbot/install/xarm_description/share/xarm_description//meshes/xarm7
[1.559s] -- Installing: /home/rob/project/csci5551-s26-team-pointbot/install/xarm_description/share/xarm_description//meshes/xarm7/visual
[1.559s] -- Installing: /home/rob/project/csci5551-s26-team-pointbot/install/xarm_description/share/xarm_description//meshes/xarm7/visual/link1.stl
[1.559s] -- Installing: /home/rob/project/csci5551-s26-team-pointbot/install/xarm_description/share/xarm_description//meshes/xarm7/visual/link_base.stl
[1.559s] -- Installing: /home/rob/project/csci5551-s26-team-pointbot/install/xarm_description/share/xarm_description//meshes/xarm7/visual/link5.stl
[1.559s] -- Installing: /home/rob/project/csci5551-s26-team-pointbot/install/xarm_description/share/xarm_description//meshes/xarm7/visual/link7.stl
[1.559s] -- Installing: /home/rob/project/csci5551-s26-team-pointbot/install/xarm_description/share/xarm_description//meshes/xarm7/visual/link4.stl
[1.560s] -- Installing: /home/rob/project/csci5551-s26-team-pointbot/install/xarm_description/share/xarm_description//meshes/xarm7/visual/link3.stl
[1.560s] -- Installing: /home/rob/project/csci5551-s26-team-pointbot/install/xarm_description/share/xarm_description//meshes/xarm7/visual/link6.stl
[1.560s] -- Installing: /home/rob/project/csci5551-s26-team-pointbot/install/xarm_description/share/xarm_description//meshes/xarm7/visual/link2.stl
[1.562s] -- Installing: /home/rob/project/csci5551-s26-team-pointbot/install/xarm_description/share/xarm_description//meshes/xarm6
[1.563s] -- Installing: /home/rob/project/csci5551-s26-team-pointbot/install/xarm_description/share/xarm_description//meshes/xarm6/visual
[1.563s] -- Installing: /home/rob/project/csci5551-s26-team-pointbot/install/xarm_description/share/xarm_description//meshes/xarm6/visual/link1.stl
[1.563s] -- Installing: /home/rob/project/csci5551-s26-team-pointbot/install/xarm_description/share/xarm_description//meshes/xarm6/visual/link_base.stl
[1.563s] -- Installing: /home/rob/project/csci5551-s26-team-pointbot/install/xarm_description/share/xarm_description//meshes/xarm6/visual/link5.stl
[1.564s] -- Installing: /home/rob/project/csci5551-s26-team-pointbot/install/xarm_description/share/xarm_description//meshes/xarm6/visual/link4.stl
[1.564s] -- Installing: /home/rob/project/csci5551-s26-team-pointbot/install/xarm_description/share/xarm_description//meshes/xarm6/visual/link3.stl
[1.564s] -- Installing: /home/rob/project/csci5551-s26-team-pointbot/install/xarm_description/share/xarm_description//meshes/xarm6/visual/link6.stl
[1.565s] -- Installing: /home/rob/project/csci5551-s26-team-pointbot/install/xarm_description/share/xarm_description//meshes/xarm6/visual/link2.stl
[1.569s] -- Installing: /home/rob/project/csci5551-s26-team-pointbot/install/xarm_description/share/xarm_description//meshes/camera
[1.569s] -- Installing: /home/rob/project/csci5551-s26-team-pointbot/install/xarm_description/share/xarm_description//meshes/camera/realsense
[1.570s] -- Installing: /home/rob/project/csci5551-s26-team-pointbot/install/xarm_description/share/xarm_description//meshes/camera/realsense/collision
[1.570s] -- Installing: /home/rob/project/csci5551-s26-team-pointbot/install/xarm_description/share/xarm_description//meshes/camera/realsense/collision/d435_with_cam_stand.stl
[1.570s] -- Installing: /home/rob/project/csci5551-s26-team-pointbot/install/xarm_description/share/xarm_description//meshes/camera/realsense/visual
[1.570s] -- Installing: /home/rob/project/csci5551-s26-team-pointbot/install/xarm_description/share/xarm_description//meshes/camera/realsense/visual/d435_with_cam_stand.stl
[1.573s] -- Installing: /home/rob/project/csci5551-s26-team-pointbot/install/xarm_description/share/xarm_description//meshes/gripper
[1.573s] -- Installing: /home/rob/project/csci5551-s26-team-pointbot/install/xarm_description/share/xarm_description//meshes/gripper/xarm
[1.573s] -- Installing: /home/rob/project/csci5551-s26-team-pointbot/install/xarm_description/share/xarm_description//meshes/gripper/xarm/left_finger.stl
[1.573s] -- Installing: /home/rob/project/csci5551-s26-team-pointbot/install/xarm_description/share/xarm_description//meshes/gripper/xarm/left_outer_knuckle.stl
[1.574s] -- Installing: /home/rob/project/csci5551-s26-team-pointbot/install/xarm_description/share/xarm_description//meshes/gripper/xarm/right_finger.stl
[1.574s] -- Installing: /home/rob/project/csci5551-s26-team-pointbot/install/xarm_description/share/xarm_description//meshes/gripper/xarm/base_link.stl
[1.575s] -- Installing: /home/rob/project/csci5551-s26-team-pointbot/install/xarm_description/share/xarm_description//meshes/gripper/xarm/right_outer_knuckle.stl
[1.576s] -- Installing: /home/rob/project/csci5551-s26-team-pointbot/install/xarm_description/share/xarm_description//meshes/gripper/xarm/right_inner_knuckle.stl
[1.576s] -- Installing: /home/rob/project/csci5551-s26-team-pointbot/install/xarm_description/share/xarm_description//meshes/gripper/xarm/left_inner_knuckle.stl
[1.577s] -- Installing: /home/rob/project/csci5551-s26-team-pointbot/install/xarm_description/share/xarm_description//meshes/gripper/lite
[1.577s] -- Installing: /home/rob/project/csci5551-s26-team-pointbot/install/xarm_description/share/xarm_description//meshes/gripper/lite/collision
[1.578s] -- Installing: /home/rob/project/csci5551-s26-team-pointbot/install/xarm_description/share/xarm_description//meshes/gripper/lite/collision/gripper_lite.stl
[1.580s] -- Installing: /home/rob/project/csci5551-s26-team-pointbot/install/xarm_description/share/xarm_description//meshes/gripper/lite/visual
[1.580s] -- Installing: /home/rob/project/csci5551-s26-team-pointbot/install/xarm_description/share/xarm_description//meshes/gripper/lite/visual/gripper_lite.stl
[1.581s] -- Installing: /home/rob/project/csci5551-s26-team-pointbot/install/xarm_description/share/xarm_description//meshes/gripper/bio
[1.581s] -- Installing: /home/rob/project/csci5551-s26-team-pointbot/install/xarm_description/share/xarm_description//meshes/gripper/bio/left_finger.stl
[1.581s] -- Installing: /home/rob/project/csci5551-s26-team-pointbot/install/xarm_description/share/xarm_description//meshes/gripper/bio/link_base.stl
[1.581s] -- Installing: /home/rob/project/csci5551-s26-team-pointbot/install/xarm_description/share/xarm_description//meshes/gripper/bio/right_finger.stl
[1.583s] -- Installing: /home/rob/project/csci5551-s26-team-pointbot/install/xarm_description/share/xarm_description//meshes/lite6
[1.583s] -- Installing: /home/rob/project/csci5551-s26-team-pointbot/install/xarm_description/share/xarm_description//meshes/lite6/collision
[1.583s] -- Installing: /home/rob/project/csci5551-s26-team-pointbot/install/xarm_description/share/xarm_description//meshes/lite6/collision/link1.stl
[1.584s] -- Installing: /home/rob/project/csci5551-s26-team-pointbot/install/xarm_description/share/xarm_description//meshes/lite6/collision/link_base.stl
[1.584s] -- Installing: /home/rob/project/csci5551-s26-team-pointbot/install/xarm_description/share/xarm_description//meshes/lite6/collision/link5.stl
[1.584s] -- Installing: /home/rob/project/csci5551-s26-team-pointbot/install/xarm_description/share/xarm_description//meshes/lite6/collision/link4.stl
[1.585s] -- Installing: /home/rob/project/csci5551-s26-team-pointbot/install/xarm_description/share/xarm_description//meshes/lite6/collision/link3.stl
[1.585s] -- Installing: /home/rob/project/csci5551-s26-team-pointbot/install/xarm_description/share/xarm_description//meshes/lite6/collision/link6.stl
[1.585s] -- Installing: /home/rob/project/csci5551-s26-team-pointbot/install/xarm_description/share/xarm_description//meshes/lite6/collision/link2.stl
[1.585s] -- Installing: /home/rob/project/csci5551-s26-team-pointbot/install/xarm_description/share/xarm_description//meshes/lite6/visual
[1.585s] -- Installing: /home/rob/project/csci5551-s26-team-pointbot/install/xarm_description/share/xarm_description//meshes/lite6/visual/link1.stl
[1.586s] -- Installing: /home/rob/project/csci5551-s26-team-pointbot/install/xarm_description/share/xarm_description//meshes/lite6/visual/link_base.stl
[1.586s] -- Installing: /home/rob/project/csci5551-s26-team-pointbot/install/xarm_description/share/xarm_description//meshes/lite6/visual/link5.stl
[1.587s] -- Installing: /home/rob/project/csci5551-s26-team-pointbot/install/xarm_description/share/xarm_description//meshes/lite6/visual/link4.stl
[1.588s] -- Installing: /home/rob/project/csci5551-s26-team-pointbot/install/xarm_description/share/xarm_description//meshes/lite6/visual/link3.stl
[1.589s] -- Installing: /home/rob/project/csci5551-s26-team-pointbot/install/xarm_description/share/xarm_description//meshes/lite6/visual/link6.stl
[1.589s] -- Installing: /home/rob/project/csci5551-s26-team-pointbot/install/xarm_description/share/xarm_description//meshes/lite6/visual/link2.stl
[1.589s] -- Installing: /home/rob/project/csci5551-s26-team-pointbot/install/xarm_description/share/xarm_description//meshes/xarm7_mirror
[1.590s] -- Installing: /home/rob/project/csci5551-s26-team-pointbot/install/xarm_description/share/xarm_description//meshes/xarm7_mirror/collision
[1.590s] -- Installing: /home/rob/project/csci5551-s26-team-pointbot/install/xarm_description/share/xarm_description//meshes/xarm7_mirror/collision/link1.stl
[1.591s] -- Installing: /home/rob/project/csci5551-s26-team-pointbot/install/xarm_description/share/xarm_description//meshes/xarm7_mirror/collision/link_base.stl
[1.591s] -- Installing: /home/rob/project/csci5551-s26-team-pointbot/install/xarm_description/share/xarm_description//meshes/xarm7_mirror/collision/link5.stl
[1.594s] -- Installing: /home/rob/project/csci5551-s26-team-pointbot/install/xarm_description/share/xarm_description//meshes/xarm7_mirror/collision/link7.stl
[1.595s] -- Installing: /home/rob/project/csci5551-s26-team-pointbot/install/xarm_description/share/xarm_description//meshes/xarm7_mirror/collision/link4.stl
[1.595s] -- Installing: /home/rob/project/csci5551-s26-team-pointbot/install/xarm_description/share/xarm_description//meshes/xarm7_mirror/collision/link3.stl
[1.595s] -- Installing: /home/rob/project/csci5551-s26-team-pointbot/install/xarm_description/share/xarm_description//meshes/xarm7_mirror/collision/link6.stl
[1.595s] -- Installing: /home/rob/project/csci5551-s26-team-pointbot/install/xarm_description/share/xarm_description//meshes/xarm7_mirror/collision/link2.stl
[1.596s] -- Installing: /home/rob/project/csci5551-s26-team-pointbot/install/xarm_description/share/xarm_description//meshes/xarm7_mirror/visual
[1.596s] -- Installing: /home/rob/project/csci5551-s26-team-pointbot/install/xarm_description/share/xarm_description//meshes/xarm7_mirror/visual/link1.stl
[1.596s] -- Installing: /home/rob/project/csci5551-s26-team-pointbot/install/xarm_description/share/xarm_description//meshes/xarm7_mirror/visual/link_base.stl
[1.600s] -- Installing: /home/rob/project/csci5551-s26-team-pointbot/install/xarm_description/share/xarm_description//meshes/xarm7_mirror/visual/link5.stl
[1.601s] -- Installing: /home/rob/project/csci5551-s26-team-pointbot/install/xarm_description/share/xarm_description//meshes/xarm7_mirror/visual/link7.stl
[1.601s] -- Installing: /home/rob/project/csci5551-s26-team-pointbot/install/xarm_description/share/xarm_description//meshes/xarm7_mirror/visual/link4.stl
[1.601s] -- Installing: /home/rob/project/csci5551-s26-team-pointbot/install/xarm_description/share/xarm_description//meshes/xarm7_mirror/visual/link3.stl
[1.602s] -- Installing: /home/rob/project/csci5551-s26-team-pointbot/install/xarm_description/share/xarm_description//meshes/xarm7_mirror/visual/link6.stl
[1.602s] -- Installing: /home/rob/project/csci5551-s26-team-pointbot/install/xarm_description/share/xarm_description//meshes/xarm7_mirror/visual/link2.stl
[1.602s] -- Installing: /home/rob/project/csci5551-s26-team-pointbot/install/xarm_description/share/xarm_description//meshes/end_tool
[1.604s] -- Installing: /home/rob/project/csci5551-s26-team-pointbot/install/xarm_description/share/xarm_description//meshes/end_tool/collision
[1.604s] -- Installing: /home/rob/project/csci5551-s26-team-pointbot/install/xarm_description/share/xarm_description//meshes/end_tool/collision/end_tool_1300.stl
[1.604s] -- Installing: /home/rob/project/csci5551-s26-team-pointbot/install/xarm_description/share/xarm_description//meshes/end_tool/collision/end_tool.stl
[1.604s] -- Installing: /home/rob/project/csci5551-s26-team-pointbot/install/xarm_description/share/xarm_description//meshes/end_tool/visual
[1.605s] -- Installing: /home/rob/project/csci5551-s26-team-pointbot/install/xarm_description/share/xarm_description//meshes/end_tool/visual/end_tool_1300.stl
[1.607s] -- Installing: /home/rob/project/csci5551-s26-team-pointbot/install/xarm_description/share/xarm_description//meshes/uf850
[1.607s] -- Installing: /home/rob/project/csci5551-s26-team-pointbot/install/xarm_description/share/xarm_description//meshes/uf850/collision
[1.608s] -- Installing: /home/rob/project/csci5551-s26-team-pointbot/install/xarm_description/share/xarm_description//meshes/uf850/collision/link1.stl
[1.608s] -- Installing: /home/rob/project/csci5551-s26-team-pointbot/install/xarm_description/share/xarm_description//meshes/uf850/collision/link_base.stl
[1.608s] -- Installing: /home/rob/project/csci5551-s26-team-pointbot/install/xarm_description/share/xarm_description//meshes/uf850/collision/link5.stl
[1.608s] -- Installing: /home/rob/project/csci5551-s26-team-pointbot/install/xarm_description/share/xarm_description//meshes/uf850/collision/link4.stl
[1.609s] -- Installing: /home/rob/project/csci5551-s26-team-pointbot/install/xarm_description/share/xarm_description//meshes/uf850/collision/link3.stl
[1.609s] -- Installing: /home/rob/project/csci5551-s26-team-pointbot/install/xarm_description/share/xarm_description//meshes/uf850/collision/link6.stl
[1.610s] -- Installing: /home/rob/project/csci5551-s26-team-pointbot/install/xarm_description/share/xarm_description//meshes/uf850/collision/link2.stl
[1.610s] -- Installing: /home/rob/project/csci5551-s26-team-pointbot/install/xarm_description/share/xarm_description//meshes/uf850/visual
[1.610s] -- Installing: /home/rob/project/csci5551-s26-team-pointbot/install/xarm_description/share/xarm_description//meshes/uf850/visual/link1.stl
[1.610s] -- Installing: /home/rob/project/csci5551-s26-team-pointbot/install/xarm_description/share/xarm_description//meshes/uf850/visual/link_base.stl
[1.611s] -- Installing: /home/rob/project/csci5551-s26-team-pointbot/install/xarm_description/share/xarm_description//meshes/uf850/visual/link5.stl
[1.611s] -- Installing: /home/rob/project/csci5551-s26-team-pointbot/install/xarm_description/share/xarm_description//meshes/uf850/visual/link4.stl
[1.611s] -- Installing: /home/rob/project/csci5551-s26-team-pointbot/install/xarm_description/share/xarm_description//meshes/uf850/visual/link3.stl
[1.612s] -- Installing: /home/rob/project/csci5551-s26-team-pointbot/install/xarm_description/share/xarm_description//meshes/uf850/visual/link6.stl
[1.613s] -- Installing: /home/rob/project/csci5551-s26-team-pointbot/install/xarm_description/share/xarm_description//meshes/uf850/visual/link2.stl
[1.613s] -- Installing: /home/rob/project/csci5551-s26-team-pointbot/install/xarm_description/share/xarm_description//meshes/vacuum_gripper
[1.614s] -- Installing: /home/rob/project/csci5551-s26-team-pointbot/install/xarm_description/share/xarm_description//meshes/vacuum_gripper/xarm
[1.615s] -- Installing: /home/rob/project/csci5551-s26-team-pointbot/install/xarm_description/share/xarm_description//meshes/vacuum_gripper/xarm/collision
[1.615s] -- Installing: /home/rob/project/csci5551-s26-team-pointbot/install/xarm_description/share/xarm_description//meshes/vacuum_gripper/xarm/collision/vacuum_gripper.stl
[1.615s] -- Installing: /home/rob/project/csci5551-s26-team-pointbot/install/xarm_description/share/xarm_description//meshes/vacuum_gripper/xarm/visual
[1.615s] -- Installing: /home/rob/project/csci5551-s26-team-pointbot/install/xarm_description/share/xarm_description//meshes/vacuum_gripper/xarm/visual/vacuum_gripper.stl
[1.617s] -- Installing: /home/rob/project/csci5551-s26-team-pointbot/install/xarm_description/share/xarm_description//meshes/vacuum_gripper/lite
[1.618s] -- Installing: /home/rob/project/csci5551-s26-team-pointbot/install/xarm_description/share/xarm_description//meshes/vacuum_gripper/lite/collision
[1.618s] -- Installing: /home/rob/project/csci5551-s26-team-pointbot/install/xarm_description/share/xarm_description//meshes/vacuum_gripper/lite/collision/vacuum_gripper_lite.stl
[1.618s] -- Installing: /home/rob/project/csci5551-s26-team-pointbot/install/xarm_description/share/xarm_description//meshes/vacuum_gripper/lite/visual
[1.618s] -- Installing: /home/rob/project/csci5551-s26-team-pointbot/install/xarm_description/share/xarm_description//meshes/vacuum_gripper/lite/visual/vacuum_gripper_lite.stl
[1.619s] -- Installing: /home/rob/project/csci5551-s26-team-pointbot/install/xarm_description/share/xarm_description//meshes/xarm7_1305
[1.619s] -- Installing: /home/rob/project/csci5551-s26-team-pointbot/install/xarm_description/share/xarm_description//meshes/xarm7_1305/collision
[1.620s] -- Installing: /home/rob/project/csci5551-s26-team-pointbot/install/xarm_description/share/xarm_description//meshes/xarm7_1305/collision/link5.obj
[1.620s] -- Installing: /home/rob/project/csci5551-s26-team-pointbot/install/xarm_description/share/xarm_description//meshes/xarm7_1305/collision/link3.obj
[1.621s] -- Installing: /home/rob/project/csci5551-s26-team-pointbot/install/xarm_description/share/xarm_description//meshes/xarm7_1305/collision/link7.obj
[1.622s] -- Installing: /home/rob/project/csci5551-s26-team-pointbot/install/xarm_description/share/xarm_description//meshes/xarm7_1305/collision/link1.obj
[1.624s] -- Installing: /home/rob/project/csci5551-s26-team-pointbot/install/xarm_description/share/xarm_description//meshes/xarm7_1305/collision/link_base.obj
[1.624s] -- Installing: /home/rob/project/csci5551-s26-team-pointbot/install/xarm_description/share/xarm_description//meshes/xarm7_1305/collision/link4.obj
[1.624s] -- Installing: /home/rob/project/csci5551-s26-team-pointbot/install/xarm_description/share/xarm_description//meshes/xarm7_1305/collision/link6.obj
[1.624s] -- Installing: /home/rob/project/csci5551-s26-team-pointbot/install/xarm_description/share/xarm_description//meshes/xarm7_1305/collision/link2.obj
[1.625s] -- Installing: /home/rob/project/csci5551-s26-team-pointbot/install/xarm_description/share/xarm_description//meshes/xarm7_1305/visual
[1.625s] -- Installing: /home/rob/project/csci5551-s26-team-pointbot/install/xarm_description/share/xarm_description//meshes/xarm7_1305/visual/link1.stl
[1.628s] -- Installing: /home/rob/project/csci5551-s26-team-pointbot/install/xarm_description/share/xarm_description//meshes/xarm7_1305/visual/link_base.stl
[1.631s] -- Installing: /home/rob/project/csci5551-s26-team-pointbot/install/xarm_description/share/xarm_description//meshes/xarm7_1305/visual/link5.stl
[1.632s] -- Installing: /home/rob/project/csci5551-s26-team-pointbot/install/xarm_description/share/xarm_description//meshes/xarm7_1305/visual/link7.stl
[1.632s] -- Installing: /home/rob/project/csci5551-s26-team-pointbot/install/xarm_description/share/xarm_description//meshes/xarm7_1305/visual/link4.stl
[1.632s] -- Installing: /home/rob/project/csci5551-s26-team-pointbot/install/xarm_description/share/xarm_description//meshes/xarm7_1305/visual/link3.stl
[1.632s] -- Installing: /home/rob/project/csci5551-s26-team-pointbot/install/xarm_description/share/xarm_description//meshes/xarm7_1305/visual/link6.stl
[1.632s] -- Installing: /home/rob/project/csci5551-s26-team-pointbot/install/xarm_description/share/xarm_description//meshes/xarm7_1305/visual/link2.stl
[1.635s] -- Installing: /home/rob/project/csci5551-s26-team-pointbot/install/xarm_description/share/xarm_description//meshes/xarm5
[1.636s] -- Installing: /home/rob/project/csci5551-s26-team-pointbot/install/xarm_description/share/xarm_description//meshes/xarm5/visual
[1.638s] -- Installing: /home/rob/project/csci5551-s26-team-pointbot/install/xarm_description/share/xarm_description//meshes/xarm5/visual/link1.stl
[1.639s] -- Installing: /home/rob/project/csci5551-s26-team-pointbot/install/xarm_description/share/xarm_description//meshes/xarm5/visual/link_base.stl
[1.639s] -- Installing: /home/rob/project/csci5551-s26-team-pointbot/install/xarm_description/share/xarm_description//meshes/xarm5/visual/link5.stl
[1.639s] -- Installing: /home/rob/project/csci5551-s26-team-pointbot/install/xarm_description/share/xarm_description//meshes/xarm5/visual/link4.stl
[1.639s] -- Installing: /home/rob/project/csci5551-s26-team-pointbot/install/xarm_description/share/xarm_description//meshes/xarm5/visual/link3.stl
[1.640s] -- Installing: /home/rob/project/csci5551-s26-team-pointbot/install/xarm_description/share/xarm_description//meshes/xarm5/visual/link2.stl
[1.640s] -- Installing: /home/rob/project/csci5551-s26-team-pointbot/install/xarm_description/share/xarm_description//meshes/xarm5_1305
[1.640s] -- Installing: /home/rob/project/csci5551-s26-team-pointbot/install/xarm_description/share/xarm_description//meshes/xarm5_1305/collision
[1.643s] -- Installing: /home/rob/project/csci5551-s26-team-pointbot/install/xarm_description/share/xarm_description//meshes/xarm5_1305/collision/link5.obj
[1.643s] -- Installing: /home/rob/project/csci5551-s26-team-pointbot/install/xarm_description/share/xarm_description//meshes/xarm5_1305/collision/link3.obj
[1.643s] -- Installing: /home/rob/project/csci5551-s26-team-pointbot/install/xarm_description/share/xarm_description//meshes/xarm5_1305/collision/link1.obj
[1.644s] -- Installing: /home/rob/project/csci5551-s26-team-pointbot/install/xarm_description/share/xarm_description//meshes/xarm5_1305/collision/link_base.obj
[1.644s] -- Installing: /home/rob/project/csci5551-s26-team-pointbot/install/xarm_description/share/xarm_description//meshes/xarm5_1305/collision/link4.obj
[1.644s] -- Installing: /home/rob/project/csci5551-s26-team-pointbot/install/xarm_description/share/xarm_description//meshes/xarm5_1305/collision/link2.obj
[1.644s] -- Installing: /home/rob/project/csci5551-s26-team-pointbot/install/xarm_description/share/xarm_description//meshes/xarm5_1305/visual
[1.646s] -- Installing: /home/rob/project/csci5551-s26-team-pointbot/install/xarm_description/share/xarm_description//meshes/xarm5_1305/visual/link1.stl
[1.646s] -- Installing: /home/rob/project/csci5551-s26-team-pointbot/install/xarm_description/share/xarm_description//meshes/xarm5_1305/visual/link_base.stl
[1.646s] -- Installing: /home/rob/project/csci5551-s26-team-pointbot/install/xarm_description/share/xarm_description//meshes/xarm5_1305/visual/link5.stl
[1.647s] -- Installing: /home/rob/project/csci5551-s26-team-pointbot/install/xarm_description/share/xarm_description//meshes/xarm5_1305/visual/link4.stl
[1.650s] -- Installing: /home/rob/project/csci5551-s26-team-pointbot/install/xarm_description/share/xarm_description//meshes/xarm5_1305/visual/link3.stl
[1.650s] -- Installing: /home/rob/project/csci5551-s26-team-pointbot/install/xarm_description/share/xarm_description//meshes/xarm5_1305/visual/link2.stl
[1.651s] -- Installing: /home/rob/project/csci5551-s26-team-pointbot/install/xarm_description/share/xarm_description//meshes/xarm6_1305
[1.652s] -- Installing: /home/rob/project/csci5551-s26-team-pointbot/install/xarm_description/share/xarm_description//meshes/xarm6_1305/collision
[1.652s] -- Installing: /home/rob/project/csci5551-s26-team-pointbot/install/xarm_description/share/xarm_description//meshes/xarm6_1305/collision/link5.obj
[1.652s] -- Installing: /home/rob/project/csci5551-s26-team-pointbot/install/xarm_description/share/xarm_description//meshes/xarm6_1305/collision/link3.obj
[1.653s] -- Installing: /home/rob/project/csci5551-s26-team-pointbot/install/xarm_description/share/xarm_description//meshes/xarm6_1305/collision/link1.obj
[1.654s] -- Installing: /home/rob/project/csci5551-s26-team-pointbot/install/xarm_description/share/xarm_description//meshes/xarm6_1305/collision/link_base.obj
[1.656s] -- Installing: /home/rob/project/csci5551-s26-team-pointbot/install/xarm_description/share/xarm_description//meshes/xarm6_1305/collision/link4.obj
[1.656s] -- Installing: /home/rob/project/csci5551-s26-team-pointbot/install/xarm_description/share/xarm_description//meshes/xarm6_1305/collision/link6.obj
[1.656s] -- Installing: /home/rob/project/csci5551-s26-team-pointbot/install/xarm_description/share/xarm_description//meshes/xarm6_1305/collision/link2.obj
[1.656s] -- Installing: /home/rob/project/csci5551-s26-team-pointbot/install/xarm_description/share/xarm_description//meshes/xarm6_1305/visual
[1.656s] -- Installing: /home/rob/project/csci5551-s26-team-pointbot/install/xarm_description/share/xarm_description//meshes/xarm6_1305/visual/link1.stl
[1.661s] -- Installing: /home/rob/project/csci5551-s26-team-pointbot/install/xarm_description/share/xarm_description//meshes/xarm6_1305/visual/link_base.stl
[1.661s] -- Installing: /home/rob/project/csci5551-s26-team-pointbot/install/xarm_description/share/xarm_description//meshes/xarm6_1305/visual/link5.stl
[1.661s] -- Installing: /home/rob/project/csci5551-s26-team-pointbot/install/xarm_description/share/xarm_description//meshes/xarm6_1305/visual/link4.stl
[1.662s] -- Installing: /home/rob/project/csci5551-s26-team-pointbot/install/xarm_description/share/xarm_description//meshes/xarm6_1305/visual/link3.stl
[1.663s] -- Installing: /home/rob/project/csci5551-s26-team-pointbot/install/xarm_description/share/xarm_description//meshes/xarm6_1305/visual/link6.stl
[1.663s] -- Installing: /home/rob/project/csci5551-s26-team-pointbot/install/xarm_description/share/xarm_description//meshes/xarm6_1305/visual/link2.stl
[1.666s] -- Installing: /home/rob/project/csci5551-s26-team-pointbot/install/xarm_description/share/xarm_description//launch
[1.666s] -- Installing: /home/rob/project/csci5551-s26-team-pointbot/install/xarm_description/share/xarm_description//launch/xarm7_mirror_rviz_display.launch.py
[1.666s] -- Installing: /home/rob/project/csci5551-s26-team-pointbot/install/xarm_description/share/xarm_description//launch/xarm5_rviz_display.launch.py
[1.666s] -- Installing: /home/rob/project/csci5551-s26-team-pointbot/install/xarm_description/share/xarm_description//launch/_robot_rviz_display.launch.py
[1.667s] -- Installing: /home/rob/project/csci5551-s26-team-pointbot/install/xarm_description/share/xarm_description//launch/xarm7_rviz_display.launch.py
[1.667s] -- Installing: /home/rob/project/csci5551-s26-team-pointbot/install/xarm_description/share/xarm_description//launch/xarm6_rviz_display.launch.py
[1.667s] -- Installing: /home/rob/project/csci5551-s26-team-pointbot/install/xarm_description/share/xarm_description//launch/lib
[1.667s] -- Installing: /home/rob/project/csci5551-s26-team-pointbot/install/xarm_description/share/xarm_description//launch/lib/robot_description_lib.py
[1.667s] -- Installing: /home/rob/project/csci5551-s26-team-pointbot/install/xarm_description/share/xarm_description//launch/_robot_description.launch.py
[1.667s] -- Installing: /home/rob/project/csci5551-s26-team-pointbot/install/xarm_description/share/xarm_description//launch/uf850_rviz_display.launch.py
[1.667s] -- Installing: /home/rob/project/csci5551-s26-team-pointbot/install/xarm_description/share/xarm_description//launch/_robot_joint_state.launch.py
[1.667s] -- Installing: /home/rob/project/csci5551-s26-team-pointbot/install/xarm_description/share/xarm_description//launch/_rviz_display.launch.py
[1.667s] -- Installing: /home/rob/project/csci5551-s26-team-pointbot/install/xarm_description/share/xarm_description//launch/lite6_rviz_display.launch.py
[1.669s] -- Installing: /home/rob/project/csci5551-s26-team-pointbot/install/xarm_description/share/ament_index/resource_index/package_run_dependencies/xarm_description
[1.669s] -- Installing: /home/rob/project/csci5551-s26-team-pointbot/install/xarm_description/share/ament_index/resource_index/parent_prefix_path/xarm_description
[1.669s] -- Installing: /home/rob/project/csci5551-s26-team-pointbot/install/xarm_description/share/xarm_description/environment/ament_prefix_path.sh
[1.669s] -- Installing: /home/rob/project/csci5551-s26-team-pointbot/install/xarm_description/share/xarm_description/environment/ament_prefix_path.dsv
[1.673s] -- Installing: /home/rob/project/csci5551-s26-team-pointbot/install/xarm_description/share/xarm_description/environment/path.sh
[1.673s] -- Installing: /home/rob/project/csci5551-s26-team-pointbot/install/xarm_description/share/xarm_description/environment/path.dsv
[1.673s] -- Installing: /home/rob/project/csci5551-s26-team-pointbot/install/xarm_description/share/xarm_description/local_setup.bash
[1.673s] -- Installing: /home/rob/project/csci5551-s26-team-pointbot/install/xarm_description/share/xarm_description/local_setup.sh
[1.673s] -- Installing: /home/rob/project/csci5551-s26-team-pointbot/install/xarm_description/share/xarm_description/local_setup.zsh
[1.673s] -- Installing: /home/rob/project/csci5551-s26-team-pointbot/install/xarm_description/share/xarm_description/local_setup.dsv
[1.674s] -- Installing: /home/rob/project/csci5551-s26-team-pointbot/install/xarm_description/share/xarm_description/package.dsv
[1.674s] -- Installing: /home/rob/project/csci5551-s26-team-pointbot/install/xarm_description/share/ament_index/resource_index/packages/xarm_description
[1.674s] -- Installing: /home/rob/project/csci5551-s26-team-pointbot/install/xarm_description/share/xarm_description/cmake/xarm_descriptionConfig.cmake
[1.674s] -- Installing: /home/rob/project/csci5551-s26-team-pointbot/install/xarm_description/share/xarm_description/cmake/xarm_descriptionConfig-version.cmake
[1.674s] -- Installing: /home/rob/project/csci5551-s26-team-pointbot/install/xarm_description/share/xarm_description/package.xml
[1.682s] Invoked command in '/home/rob/project/csci5551-s26-team-pointbot/build/xarm_description' returned '0': CMAKE_PREFIX_PATH=${CMAKE_PREFIX_PATH}:/home/rob/project/csci5551-s26-team-pointbot/install/pointbot_rviz:/home/rob/project/csci5551-s26-team-pointbot/install/uf_ros_lib:/opt/ros/jazzy DEBUGINFOD_URLS=https://debuginfod.ubuntu.com /usr/bin/cmake --install /home/rob/project/csci5551-s26-team-pointbot/build/xarm_description
