[0.330s] Invoking command in '/home/rob/project/csci5551-s26-team-pointbot/build/zed_msgs': CMAKE_PREFIX_PATH=${CMAKE_PREFIX_PATH}:/home/rob/project/csci5551-s26-team-pointbot/install/planning:/home/rob/project/csci5551-s26-team-pointbot/install/perception:/home/rob/project/csci5551-s26-team-pointbot/install/pointbot_rviz:/home/rob/project/csci5551-s26-team-pointbot/install/uf_ros_lib:/opt/ros/jazzy DEBUGINFOD_URLS=https://debuginfod.ubuntu.com /usr/bin/cmake --build /home/rob/project/csci5551-s26-team-pointbot/build/zed_msgs -- -j16 -l16
[0.479s] [  0%] Built target zed_msgs__rs
[0.479s] [  0%] Built target zed_msgs__rosidl_generator_type_description
[0.480s] [  0%] Built target ament_cmake_python_copy_zed_msgs
[0.488s] [  0%] Built target zed_msgs__cpp
[0.518s] [ 28%] Built target zed_msgs__rosidl_generator_c
[0.594s] [ 37%] Built target zed_msgs__rosidl_typesupport_fastrtps_c
[0.594s] [ 47%] Built target zed_msgs__rosidl_typesupport_cpp
[0.607s] [ 57%] Built target zed_msgs__rosidl_typesupport_fastrtps_cpp
[0.609s] [ 73%] Built target zed_msgs__rosidl_typesupport_c
[0.609s] [ 84%] Built target zed_msgs__rosidl_typesupport_introspection_cpp
[0.609s] [ 87%] Built target zed_msgs__rosidl_typesupport_introspection_c
[0.655s] [ 87%] Built target zed_msgs
[0.700s] [ 87%] Built target zed_msgs__py
[0.793s] [ 97%] Built target zed_msgs__rosidl_generator_py
[0.877s] running egg_info
[0.901s] writing zed_msgs.egg-info/PKG-INFO
[0.901s] writing dependency_links to zed_msgs.egg-info/dependency_links.txt
[0.901s] writing top-level names to zed_msgs.egg-info/top_level.txt
[0.901s] [100%] Built target zed_msgs_s__rosidl_typesupport_introspection_c
[0.901s] [100%] Built target zed_msgs_s__rosidl_typesupport_c
[0.901s] [100%] Built target zed_msgs_s__rosidl_typesupport_fastrtps_c
[0.902s] reading manifest file 'zed_msgs.egg-info/SOURCES.txt'
[0.903s] writing manifest file 'zed_msgs.egg-info/SOURCES.txt'
[0.912s] [100%] Built target ament_cmake_python_build_zed_msgs_egg
[0.960s] Invoked command in '/home/rob/project/csci5551-s26-team-pointbot/build/zed_msgs' returned '0': CMAKE_PREFIX_PATH=${CMAKE_PREFIX_PATH}:/home/rob/project/csci5551-s26-team-pointbot/install/planning:/home/rob/project/csci5551-s26-team-pointbot/install/perception:/home/rob/project/csci5551-s26-team-pointbot/install/pointbot_rviz:/home/rob/project/csci5551-s26-team-pointbot/install/uf_ros_lib:/opt/ros/jazzy DEBUGINFOD_URLS=https://debuginfod.ubuntu.com /usr/bin/cmake --build /home/rob/project/csci5551-s26-team-pointbot/build/zed_msgs -- -j16 -l16
[0.962s] Invoking command in '/home/rob/project/csci5551-s26-team-pointbot/build/zed_msgs': CMAKE_PREFIX_PATH=${CMAKE_PREFIX_PATH}:/home/rob/project/csci5551-s26-team-pointbot/install/planning:/home/rob/project/csci5551-s26-team-pointbot/install/perception:/home/rob/project/csci5551-s26-team-pointbot/install/pointbot_rviz:/home/rob/project/csci5551-s26-team-pointbot/install/uf_ros_lib:/opt/ros/jazzy DEBUGINFOD_URLS=https://debuginfod.ubuntu.com /usr/bin/cmake --install /home/rob/project/csci5551-s26-team-pointbot/build/zed_msgs
[0.986s] -- Install configuration: ""
[0.987s] -- Up-to-date: /home/rob/project/csci5551-s26-team-pointbot/install/zed_msgs/share/ament_index/resource_index/rosidl_interfaces/zed_msgs
[0.987s] -- Up-to-date: /home/rob/project/csci5551-s26-team-pointbot/install/zed_msgs/share/zed_msgs/msg/Object.json
[0.993s] -- Up-to-date: /home/rob/project/csci5551-s26-team-pointbot/install/zed_msgs/share/zed_msgs/msg/ObjectsStamped.json
[0.993s] -- Up-to-date: /home/rob/project/csci5551-s26-team-pointbot/install/zed_msgs/share/zed_msgs/msg/Keypoint2Di.json
[0.994s] -- Up-to-date: /home/rob/project/csci5551-s26-team-pointbot/install/zed_msgs/share/zed_msgs/msg/Keypoint2Df.json
[0.994s] -- Up-to-date: /home/rob/project/csci5551-s26-team-pointbot/install/zed_msgs/share/zed_msgs/msg/Keypoint3D.json
[0.994s] -- Up-to-date: /home/rob/project/csci5551-s26-team-pointbot/install/zed_msgs/share/zed_msgs/msg/BoundingBox2Di.json
[0.994s] -- Up-to-date: /home/rob/project/csci5551-s26-team-pointbot/install/zed_msgs/share/zed_msgs/msg/BoundingBox2Df.json
[0.994s] -- Up-to-date: /home/rob/project/csci5551-s26-team-pointbot/install/zed_msgs/share/zed_msgs/msg/BoundingBox3D.json
[0.994s] -- Up-to-date: /home/rob/project/csci5551-s26-team-pointbot/install/zed_msgs/share/zed_msgs/msg/Skeleton2D.json
[0.995s] -- Up-to-date: /home/rob/project/csci5551-s26-team-pointbot/install/zed_msgs/share/zed_msgs/msg/Skeleton3D.json
[0.995s] -- Up-to-date: /home/rob/project/csci5551-s26-team-pointbot/install/zed_msgs/share/zed_msgs/msg/DepthInfoStamped.json
[0.995s] -- Up-to-date: /home/rob/project/csci5551-s26-team-pointbot/install/zed_msgs/share/zed_msgs/msg/PlaneStamped.json
[0.995s] -- Up-to-date: /home/rob/project/csci5551-s26-team-pointbot/install/zed_msgs/share/zed_msgs/msg/PosTrackStatus.json
[0.995s] -- Up-to-date: /home/rob/project/csci5551-s26-team-pointbot/install/zed_msgs/share/zed_msgs/msg/GnssFusionStatus.json
[0.995s] -- Up-to-date: /home/rob/project/csci5551-s26-team-pointbot/install/zed_msgs/share/zed_msgs/msg/Heartbeat.json
[0.995s] -- Up-to-date: /home/rob/project/csci5551-s26-team-pointbot/install/zed_msgs/share/zed_msgs/msg/MagHeadingStatus.json
[0.995s] -- Up-to-date: /home/rob/project/csci5551-s26-team-pointbot/install/zed_msgs/share/zed_msgs/msg/SvoStatus.json
[0.996s] -- Up-to-date: /home/rob/project/csci5551-s26-team-pointbot/install/zed_msgs/share/zed_msgs/msg/HealthStatusStamped.json
[0.996s] -- Up-to-date: /home/rob/project/csci5551-s26-team-pointbot/install/zed_msgs/share/zed_msgs/srv/SetPose.json
[0.996s] -- Up-to-date: /home/rob/project/csci5551-s26-team-pointbot/install/zed_msgs/share/zed_msgs/srv/StartSvoRec.json
[0.996s] -- Up-to-date: /home/rob/project/csci5551-s26-team-pointbot/install/zed_msgs/share/zed_msgs/srv/SetROI.json
[0.996s] -- Up-to-date: /home/rob/project/csci5551-s26-team-pointbot/install/zed_msgs/share/zed_msgs/srv/SetSvoFrame.json
[0.996s] -- Up-to-date: /home/rob/project/csci5551-s26-team-pointbot/install/zed_msgs/share/zed_msgs/srv/SaveAreaMemory.json
[0.996s] -- Up-to-date: /home/rob/project/csci5551-s26-team-pointbot/install/zed_msgs/include/zed_msgs/zed_msgs
[0.996s] -- Up-to-date: /home/rob/project/csci5551-s26-team-pointbot/install/zed_msgs/include/zed_msgs/zed_msgs/msg
[0.996s] -- Up-to-date: /home/rob/project/csci5551-s26-team-pointbot/install/zed_msgs/include/zed_msgs/zed_msgs/msg/skeleton3_d.h
[0.997s] -- Up-to-date: /home/rob/project/csci5551-s26-team-pointbot/install/zed_msgs/include/zed_msgs/zed_msgs/msg/keypoint3_d.h
[0.997s] -- Up-to-date: /home/rob/project/csci5551-s26-team-pointbot/install/zed_msgs/include/zed_msgs/zed_msgs/msg/svo_status.h
[0.997s] -- Up-to-date: /home/rob/project/csci5551-s26-team-pointbot/install/zed_msgs/include/zed_msgs/zed_msgs/msg/keypoint2_df.h
[0.997s] -- Up-to-date: /home/rob/project/csci5551-s26-team-pointbot/install/zed_msgs/include/zed_msgs/zed_msgs/msg/gnss_fusion_status.h
[0.997s] -- Up-to-date: /home/rob/project/csci5551-s26-team-pointbot/install/zed_msgs/include/zed_msgs/zed_msgs/msg/bounding_box2_df.h
[0.997s] -- Up-to-date: /home/rob/project/csci5551-s26-team-pointbot/install/zed_msgs/include/zed_msgs/zed_msgs/msg/skeleton2_d.h
[0.997s] -- Up-to-date: /home/rob/project/csci5551-s26-team-pointbot/install/zed_msgs/include/zed_msgs/zed_msgs/msg/keypoint2_di.h
[0.997s] -- Up-to-date: /home/rob/project/csci5551-s26-team-pointbot/install/zed_msgs/include/zed_msgs/zed_msgs/msg/pos_track_status.h
[0.997s] -- Up-to-date: /home/rob/project/csci5551-s26-team-pointbot/install/zed_msgs/include/zed_msgs/zed_msgs/msg/bounding_box2_di.h
[0.997s] -- Up-to-date: /home/rob/project/csci5551-s26-team-pointbot/install/zed_msgs/include/zed_msgs/zed_msgs/msg/heartbeat.h
[0.998s] -- Up-to-date: /home/rob/project/csci5551-s26-team-pointbot/install/zed_msgs/include/zed_msgs/zed_msgs/msg/rosidl_generator_c__visibility_control.h
[0.998s] -- Up-to-date: /home/rob/project/csci5551-s26-team-pointbot/install/zed_msgs/include/zed_msgs/zed_msgs/msg/health_status_stamped.h
[0.998s] -- Up-to-date: /home/rob/project/csci5551-s26-team-pointbot/install/zed_msgs/include/zed_msgs/zed_msgs/msg/objects_stamped.h
[0.998s] -- Up-to-date: /home/rob/project/csci5551-s26-team-pointbot/install/zed_msgs/include/zed_msgs/zed_msgs/msg/bounding_box3_d.h
[0.998s] -- Up-to-date: /home/rob/project/csci5551-s26-team-pointbot/install/zed_msgs/include/zed_msgs/zed_msgs/msg/plane_stamped.h
[0.998s] -- Up-to-date: /home/rob/project/csci5551-s26-team-pointbot/install/zed_msgs/include/zed_msgs/zed_msgs/msg/detail
[0.998s] -- Up-to-date: /home/rob/project/csci5551-s26-team-pointbot/install/zed_msgs/include/zed_msgs/zed_msgs/msg/detail/depth_info_stamped__functions.h
[0.998s] -- Up-to-date: /home/rob/project/csci5551-s26-team-pointbot/install/zed_msgs/include/zed_msgs/zed_msgs/msg/detail/plane_stamped__type_support.h
[0.998s] -- Up-to-date: /home/rob/project/csci5551-s26-team-pointbot/install/zed_msgs/include/zed_msgs/zed_msgs/msg/detail/keypoint2_di__functions.c
[0.999s] -- Up-to-date: /home/rob/project/csci5551-s26-team-pointbot/install/zed_msgs/include/zed_msgs/zed_msgs/msg/detail/objects_stamped__description.c
[0.999s] -- Up-to-date: /home/rob/project/csci5551-s26-team-pointbot/install/zed_msgs/include/zed_msgs/zed_msgs/msg/detail/gnss_fusion_status__description.c
[0.999s] -- Up-to-date: /home/rob/project/csci5551-s26-team-pointbot/install/zed_msgs/include/zed_msgs/zed_msgs/msg/detail/depth_info_stamped__type_support.h
[0.999s] -- Up-to-date: /home/rob/project/csci5551-s26-team-pointbot/install/zed_msgs/include/zed_msgs/zed_msgs/msg/detail/keypoint2_df__type_support.h
[0.999s] -- Up-to-date: /home/rob/project/csci5551-s26-team-pointbot/install/zed_msgs/include/zed_msgs/zed_msgs/msg/detail/health_status_stamped__functions.c
[0.999s] -- Up-to-date: /home/rob/project/csci5551-s26-team-pointbot/install/zed_msgs/include/zed_msgs/zed_msgs/msg/detail/object__type_support.h
[0.999s] -- Up-to-date: /home/rob/project/csci5551-s26-team-pointbot/install/zed_msgs/include/zed_msgs/zed_msgs/msg/detail/plane_stamped__functions.h
[0.999s] -- Up-to-date: /home/rob/project/csci5551-s26-team-pointbot/install/zed_msgs/include/zed_msgs/zed_msgs/msg/detail/plane_stamped__functions.c
[0.999s] -- Up-to-date: /home/rob/project/csci5551-s26-team-pointbot/install/zed_msgs/include/zed_msgs/zed_msgs/msg/detail/object__functions.c
[0.999s] -- Up-to-date: /home/rob/project/csci5551-s26-team-pointbot/install/zed_msgs/include/zed_msgs/zed_msgs/msg/detail/object__functions.h
[1.000s] -- Up-to-date: /home/rob/project/csci5551-s26-team-pointbot/install/zed_msgs/include/zed_msgs/zed_msgs/msg/detail/objects_stamped__functions.h
[1.000s] -- Up-to-date: /home/rob/project/csci5551-s26-team-pointbot/install/zed_msgs/include/zed_msgs/zed_msgs/msg/detail/skeleton3_d__struct.h
[1.000s] -- Up-to-date: /home/rob/project/csci5551-s26-team-pointbot/install/zed_msgs/include/zed_msgs/zed_msgs/msg/detail/bounding_box2_di__functions.c
[1.000s] -- Up-to-date: /home/rob/project/csci5551-s26-team-pointbot/install/zed_msgs/include/zed_msgs/zed_msgs/msg/detail/heartbeat__type_support.h
[1.000s] -- Installing: /home/rob/project/csci5551-s26-team-pointbot/install/zed_msgs/include/zed_msgs/zed_msgs/msg/detail/mag_heading_status__type_support.c
[1.000s] -- Up-to-date: /home/rob/project/csci5551-s26-team-pointbot/install/zed_msgs/include/zed_msgs/zed_msgs/msg/detail/pos_track_status__struct.h
[1.000s] -- Up-to-date: /home/rob/project/csci5551-s26-team-pointbot/install/zed_msgs/include/zed_msgs/zed_msgs/msg/detail/plane_stamped__struct.h
[1.000s] -- Up-to-date: /home/rob/project/csci5551-s26-team-pointbot/install/zed_msgs/include/zed_msgs/zed_msgs/msg/detail/bounding_box3_d__type_support.h
[1.000s] -- Installing: /home/rob/project/csci5551-s26-team-pointbot/install/zed_msgs/include/zed_msgs/zed_msgs/msg/detail/plane_stamped__type_support.c
[1.001s] -- Up-to-date: /home/rob/project/csci5551-s26-team-pointbot/install/zed_msgs/include/zed_msgs/zed_msgs/msg/detail/svo_status__description.c
[1.001s] -- Up-to-date: /home/rob/project/csci5551-s26-team-pointbot/install/zed_msgs/include/zed_msgs/zed_msgs/msg/detail/mag_heading_status__description.c
[1.001s] -- Up-to-date: /home/rob/project/csci5551-s26-team-pointbot/install/zed_msgs/include/zed_msgs/zed_msgs/msg/detail/bounding_box2_df__description.c
[1.001s] -- Up-to-date: /home/rob/project/csci5551-s26-team-pointbot/install/zed_msgs/include/zed_msgs/zed_msgs/msg/detail/mag_heading_status__functions.h
[1.001s] -- Up-to-date: /home/rob/project/csci5551-s26-team-pointbot/install/zed_msgs/include/zed_msgs/zed_msgs/msg/detail/skeleton3_d__type_support.h
[1.001s] -- Installing: /home/rob/project/csci5551-s26-team-pointbot/install/zed_msgs/include/zed_msgs/zed_msgs/msg/detail/gnss_fusion_status__type_support.c
[1.001s] -- Up-to-date: /home/rob/project/csci5551-s26-team-pointbot/install/zed_msgs/include/zed_msgs/zed_msgs/msg/detail/depth_info_stamped__description.c
[1.001s] -- Up-to-date: /home/rob/project/csci5551-s26-team-pointbot/install/zed_msgs/include/zed_msgs/zed_msgs/msg/detail/skeleton2_d__functions.h
[1.001s] -- Up-to-date: /home/rob/project/csci5551-s26-team-pointbot/install/zed_msgs/include/zed_msgs/zed_msgs/msg/detail/bounding_box3_d__functions.c
[1.002s] -- Up-to-date: /home/rob/project/csci5551-s26-team-pointbot/install/zed_msgs/include/zed_msgs/zed_msgs/msg/detail/bounding_box2_di__type_support.h
[1.002s] -- Up-to-date: /home/rob/project/csci5551-s26-team-pointbot/install/zed_msgs/include/zed_msgs/zed_msgs/msg/detail/health_status_stamped__description.c
[1.002s] -- Installing: /home/rob/project/csci5551-s26-team-pointbot/install/zed_msgs/include/zed_msgs/zed_msgs/msg/detail/keypoint2_df__type_support.c
[1.002s] -- Up-to-date: /home/rob/project/csci5551-s26-team-pointbot/install/zed_msgs/include/zed_msgs/zed_msgs/msg/detail/heartbeat__description.c
[1.002s] -- Installing: /home/rob/project/csci5551-s26-team-pointbot/install/zed_msgs/include/zed_msgs/zed_msgs/msg/detail/heartbeat__type_support.c
[1.002s] -- Up-to-date: /home/rob/project/csci5551-s26-team-pointbot/install/zed_msgs/include/zed_msgs/zed_msgs/msg/detail/bounding_box2_di__functions.h
[1.002s] -- Installing: /home/rob/project/csci5551-s26-team-pointbot/install/zed_msgs/include/zed_msgs/zed_msgs/msg/detail/bounding_box3_d__type_support.c
[1.002s] -- Up-to-date: /home/rob/project/csci5551-s26-team-pointbot/install/zed_msgs/include/zed_msgs/zed_msgs/msg/detail/keypoint2_di__description.c
[1.002s] -- Up-to-date: /home/rob/project/csci5551-s26-team-pointbot/install/zed_msgs/include/zed_msgs/zed_msgs/msg/detail/bounding_box2_df__functions.c
[1.002s] -- Up-to-date: /home/rob/project/csci5551-s26-team-pointbot/install/zed_msgs/include/zed_msgs/zed_msgs/msg/detail/keypoint3_d__struct.h
[1.003s] -- Up-to-date: /home/rob/project/csci5551-s26-team-pointbot/install/zed_msgs/include/zed_msgs/zed_msgs/msg/detail/bounding_box2_df__functions.h
[1.003s] -- Up-to-date: /home/rob/project/csci5551-s26-team-pointbot/install/zed_msgs/include/zed_msgs/zed_msgs/msg/detail/heartbeat__struct.h
[1.003s] -- Installing: /home/rob/project/csci5551-s26-team-pointbot/install/zed_msgs/include/zed_msgs/zed_msgs/msg/detail/keypoint3_d__type_support.c
[1.003s] -- Up-to-date: /home/rob/project/csci5551-s26-team-pointbot/install/zed_msgs/include/zed_msgs/zed_msgs/msg/detail/keypoint3_d__description.c
[1.003s] -- Up-to-date: /home/rob/project/csci5551-s26-team-pointbot/install/zed_msgs/include/zed_msgs/zed_msgs/msg/detail/gnss_fusion_status__type_support.h
[1.003s] -- Up-to-date: /home/rob/project/csci5551-s26-team-pointbot/install/zed_msgs/include/zed_msgs/zed_msgs/msg/detail/skeleton3_d__functions.c
[1.003s] -- Up-to-date: /home/rob/project/csci5551-s26-team-pointbot/install/zed_msgs/include/zed_msgs/zed_msgs/msg/detail/heartbeat__functions.c
[1.003s] -- Up-to-date: /home/rob/project/csci5551-s26-team-pointbot/install/zed_msgs/include/zed_msgs/zed_msgs/msg/detail/bounding_box3_d__description.c
[1.004s] -- Installing: /home/rob/project/csci5551-s26-team-pointbot/install/zed_msgs/include/zed_msgs/zed_msgs/msg/detail/bounding_box2_df__type_support.c
[1.004s] -- Up-to-date: /home/rob/project/csci5551-s26-team-pointbot/install/zed_msgs/include/zed_msgs/zed_msgs/msg/detail/skeleton2_d__type_support.h
[1.004s] -- Up-to-date: /home/rob/project/csci5551-s26-team-pointbot/install/zed_msgs/include/zed_msgs/zed_msgs/msg/detail/skeleton2_d__struct.h
[1.004s] -- Up-to-date: /home/rob/project/csci5551-s26-team-pointbot/install/zed_msgs/include/zed_msgs/zed_msgs/msg/detail/objects_stamped__functions.c
[1.004s] -- Up-to-date: /home/rob/project/csci5551-s26-team-pointbot/install/zed_msgs/include/zed_msgs/zed_msgs/msg/detail/keypoint2_df__struct.h
[1.004s] -- Up-to-date: /home/rob/project/csci5551-s26-team-pointbot/install/zed_msgs/include/zed_msgs/zed_msgs/msg/detail/depth_info_stamped__struct.h
[1.004s] -- Installing: /home/rob/project/csci5551-s26-team-pointbot/install/zed_msgs/include/zed_msgs/zed_msgs/msg/detail/skeleton2_d__type_support.c
[1.004s] -- Up-to-date: /home/rob/project/csci5551-s26-team-pointbot/install/zed_msgs/include/zed_msgs/zed_msgs/msg/detail/mag_heading_status__functions.c
[1.004s] -- Installing: /home/rob/project/csci5551-s26-team-pointbot/install/zed_msgs/include/zed_msgs/zed_msgs/msg/detail/bounding_box2_di__type_support.c
[1.004s] -- Up-to-date: /home/rob/project/csci5551-s26-team-pointbot/install/zed_msgs/include/zed_msgs/zed_msgs/msg/detail/keypoint2_di__type_support.h
[1.004s] -- Up-to-date: /home/rob/project/csci5551-s26-team-pointbot/install/zed_msgs/include/zed_msgs/zed_msgs/msg/detail/skeleton2_d__description.c
[1.005s] -- Up-to-date: /home/rob/project/csci5551-s26-team-pointbot/install/zed_msgs/include/zed_msgs/zed_msgs/msg/detail/keypoint2_df__description.c
[1.005s] -- Up-to-date: /home/rob/project/csci5551-s26-team-pointbot/install/zed_msgs/include/zed_msgs/zed_msgs/msg/detail/keypoint2_df__functions.h
[1.005s] -- Up-to-date: /home/rob/project/csci5551-s26-team-pointbot/install/zed_msgs/include/zed_msgs/zed_msgs/msg/detail/svo_status__struct.h
[1.005s] -- Up-to-date: /home/rob/project/csci5551-s26-team-pointbot/install/zed_msgs/include/zed_msgs/zed_msgs/msg/detail/gnss_fusion_status__functions.c
[1.005s] -- Up-to-date: /home/rob/project/csci5551-s26-team-pointbot/install/zed_msgs/include/zed_msgs/zed_msgs/msg/detail/svo_status__functions.h
[1.005s] -- Up-to-date: /home/rob/project/csci5551-s26-team-pointbot/install/zed_msgs/include/zed_msgs/zed_msgs/msg/detail/bounding_box2_di__struct.h
[1.005s] -- Up-to-date: /home/rob/project/csci5551-s26-team-pointbot/install/zed_msgs/include/zed_msgs/zed_msgs/msg/detail/skeleton3_d__functions.h
[1.005s] -- Up-to-date: /home/rob/project/csci5551-s26-team-pointbot/install/zed_msgs/include/zed_msgs/zed_msgs/msg/detail/keypoint3_d__type_support.h
[1.005s] -- Installing: /home/rob/project/csci5551-s26-team-pointbot/install/zed_msgs/include/zed_msgs/zed_msgs/msg/detail/objects_stamped__type_support.c
[1.005s] -- Up-to-date: /home/rob/project/csci5551-s26-team-pointbot/install/zed_msgs/include/zed_msgs/zed_msgs/msg/detail/keypoint2_di__functions.h
[1.006s] -- Up-to-date: /home/rob/project/csci5551-s26-team-pointbot/install/zed_msgs/include/zed_msgs/zed_msgs/msg/detail/mag_heading_status__struct.h
[1.006s] -- Up-to-date: /home/rob/project/csci5551-s26-team-pointbot/install/zed_msgs/include/zed_msgs/zed_msgs/msg/detail/svo_status__functions.c
[1.006s] -- Up-to-date: /home/rob/project/csci5551-s26-team-pointbot/install/zed_msgs/include/zed_msgs/zed_msgs/msg/detail/pos_track_status__functions.h
[1.006s] -- Up-to-date: /home/rob/project/csci5551-s26-team-pointbot/install/zed_msgs/include/zed_msgs/zed_msgs/msg/detail/skeleton3_d__description.c
[1.006s] -- Up-to-date: /home/rob/project/csci5551-s26-team-pointbot/install/zed_msgs/include/zed_msgs/zed_msgs/msg/detail/plane_stamped__description.c
[1.006s] -- Up-to-date: /home/rob/project/csci5551-s26-team-pointbot/install/zed_msgs/include/zed_msgs/zed_msgs/msg/detail/health_status_stamped__struct.h
[1.006s] -- Up-to-date: /home/rob/project/csci5551-s26-team-pointbot/install/zed_msgs/include/zed_msgs/zed_msgs/msg/detail/gnss_fusion_status__functions.h
[1.006s] -- Up-to-date: /home/rob/project/csci5551-s26-team-pointbot/install/zed_msgs/include/zed_msgs/zed_msgs/msg/detail/keypoint3_d__functions.c
[1.006s] -- Up-to-date: /home/rob/project/csci5551-s26-team-pointbot/install/zed_msgs/include/zed_msgs/zed_msgs/msg/detail/keypoint2_df__functions.c
[1.007s] -- Up-to-date: /home/rob/project/csci5551-s26-team-pointbot/install/zed_msgs/include/zed_msgs/zed_msgs/msg/detail/health_status_stamped__functions.h
[1.007s] -- Installing: /home/rob/project/csci5551-s26-team-pointbot/install/zed_msgs/include/zed_msgs/zed_msgs/msg/detail/health_status_stamped__type_support.c
[1.007s] -- Up-to-date: /home/rob/project/csci5551-s26-team-pointbot/install/zed_msgs/include/zed_msgs/zed_msgs/msg/detail/skeleton2_d__functions.c
[1.007s] -- Up-to-date: /home/rob/project/csci5551-s26-team-pointbot/install/zed_msgs/include/zed_msgs/zed_msgs/msg/detail/objects_stamped__type_support.h
[1.007s] -- Up-to-date: /home/rob/project/csci5551-s26-team-pointbot/install/zed_msgs/include/zed_msgs/zed_msgs/msg/detail/heartbeat__functions.h
[1.007s] -- Up-to-date: /home/rob/project/csci5551-s26-team-pointbot/install/zed_msgs/include/zed_msgs/zed_msgs/msg/detail/bounding_box3_d__struct.h
[1.007s] -- Up-to-date: /home/rob/project/csci5551-s26-team-pointbot/install/zed_msgs/include/zed_msgs/zed_msgs/msg/detail/svo_status__type_support.h
[1.007s] -- Installing: /home/rob/project/csci5551-s26-team-pointbot/install/zed_msgs/include/zed_msgs/zed_msgs/msg/detail/keypoint2_di__type_support.c
[1.007s] -- Up-to-date: /home/rob/project/csci5551-s26-team-pointbot/install/zed_msgs/include/zed_msgs/zed_msgs/msg/detail/object__struct.h
[1.007s] -- Up-to-date: /home/rob/project/csci5551-s26-team-pointbot/install/zed_msgs/include/zed_msgs/zed_msgs/msg/detail/pos_track_status__functions.c
[1.008s] -- Installing: /home/rob/project/csci5551-s26-team-pointbot/install/zed_msgs/include/zed_msgs/zed_msgs/msg/detail/skeleton3_d__type_support.c
[1.008s] -- Up-to-date: /home/rob/project/csci5551-s26-team-pointbot/install/zed_msgs/include/zed_msgs/zed_msgs/msg/detail/bounding_box2_di__description.c
[1.008s] -- Up-to-date: /home/rob/project/csci5551-s26-team-pointbot/install/zed_msgs/include/zed_msgs/zed_msgs/msg/detail/object__description.c
[1.008s] -- Up-to-date: /home/rob/project/csci5551-s26-team-pointbot/install/zed_msgs/include/zed_msgs/zed_msgs/msg/detail/mag_heading_status__type_support.h
[1.008s] -- Installing: /home/rob/project/csci5551-s26-team-pointbot/install/zed_msgs/include/zed_msgs/zed_msgs/msg/detail/object__type_support.c
[1.008s] -- Installing: /home/rob/project/csci5551-s26-team-pointbot/install/zed_msgs/include/zed_msgs/zed_msgs/msg/detail/depth_info_stamped__type_support.c
[1.008s] -- Up-to-date: /home/rob/project/csci5551-s26-team-pointbot/install/zed_msgs/include/zed_msgs/zed_msgs/msg/detail/bounding_box2_df__type_support.h
[1.008s] -- Up-to-date: /home/rob/project/csci5551-s26-team-pointbot/install/zed_msgs/include/zed_msgs/zed_msgs/msg/detail/pos_track_status__type_support.h
[1.008s] -- Up-to-date: /home/rob/project/csci5551-s26-team-pointbot/install/zed_msgs/include/zed_msgs/zed_msgs/msg/detail/pos_track_status__description.c
[1.009s] -- Up-to-date: /home/rob/project/csci5551-s26-team-pointbot/install/zed_msgs/include/zed_msgs/zed_msgs/msg/detail/keypoint3_d__functions.h
[1.009s] -- Up-to-date: /home/rob/project/csci5551-s26-team-pointbot/install/zed_msgs/include/zed_msgs/zed_msgs/msg/detail/bounding_box2_df__struct.h
[1.009s] -- Up-to-date: /home/rob/project/csci5551-s26-team-pointbot/install/zed_msgs/include/zed_msgs/zed_msgs/msg/detail/objects_stamped__struct.h
[1.009s] -- Up-to-date: /home/rob/project/csci5551-s26-team-pointbot/install/zed_msgs/include/zed_msgs/zed_msgs/msg/detail/keypoint2_di__struct.h
[1.009s] -- Installing: /home/rob/project/csci5551-s26-team-pointbot/install/zed_msgs/include/zed_msgs/zed_msgs/msg/detail/pos_track_status__type_support.c
[1.009s] -- Up-to-date: /home/rob/project/csci5551-s26-team-pointbot/install/zed_msgs/include/zed_msgs/zed_msgs/msg/detail/bounding_box3_d__functions.h
[1.009s] -- Up-to-date: /home/rob/project/csci5551-s26-team-pointbot/install/zed_msgs/include/zed_msgs/zed_msgs/msg/detail/health_status_stamped__type_support.h
[1.009s] -- Installing: /home/rob/project/csci5551-s26-team-pointbot/install/zed_msgs/include/zed_msgs/zed_msgs/msg/detail/svo_status__type_support.c
[1.010s] -- Up-to-date: /home/rob/project/csci5551-s26-team-pointbot/install/zed_msgs/include/zed_msgs/zed_msgs/msg/detail/depth_info_stamped__functions.c
[1.010s] -- Up-to-date: /home/rob/project/csci5551-s26-team-pointbot/install/zed_msgs/include/zed_msgs/zed_msgs/msg/detail/gnss_fusion_status__struct.h
[1.010s] -- Up-to-date: /home/rob/project/csci5551-s26-team-pointbot/install/zed_msgs/include/zed_msgs/zed_msgs/msg/object.h
[1.010s] -- Up-to-date: /home/rob/project/csci5551-s26-team-pointbot/install/zed_msgs/include/zed_msgs/zed_msgs/msg/mag_heading_status.h
[1.010s] -- Up-to-date: /home/rob/project/csci5551-s26-team-pointbot/install/zed_msgs/include/zed_msgs/zed_msgs/msg/depth_info_stamped.h
[1.010s] -- Up-to-date: /home/rob/project/csci5551-s26-team-pointbot/install/zed_msgs/include/zed_msgs/zed_msgs/srv
[1.011s] -- Up-to-date: /home/rob/project/csci5551-s26-team-pointbot/install/zed_msgs/include/zed_msgs/zed_msgs/srv/set_svo_frame.h
[1.011s] -- Up-to-date: /home/rob/project/csci5551-s26-team-pointbot/install/zed_msgs/include/zed_msgs/zed_msgs/srv/save_area_memory.h
[1.011s] -- Up-to-date: /home/rob/project/csci5551-s26-team-pointbot/install/zed_msgs/include/zed_msgs/zed_msgs/srv/start_svo_rec.h
[1.011s] -- Up-to-date: /home/rob/project/csci5551-s26-team-pointbot/install/zed_msgs/include/zed_msgs/zed_msgs/srv/set_pose.h
[1.011s] -- Up-to-date: /home/rob/project/csci5551-s26-team-pointbot/install/zed_msgs/include/zed_msgs/zed_msgs/srv/set_roi.h
[1.011s] -- Up-to-date: /home/rob/project/csci5551-s26-team-pointbot/install/zed_msgs/include/zed_msgs/zed_msgs/srv/detail
[1.011s] -- Installing: /home/rob/project/csci5551-s26-team-pointbot/install/zed_msgs/include/zed_msgs/zed_msgs/srv/detail/start_svo_rec__type_support.c
[1.011s] -- Up-to-date: /home/rob/project/csci5551-s26-team-pointbot/install/zed_msgs/include/zed_msgs/zed_msgs/srv/detail/set_roi__struct.h
[1.012s] -- Up-to-date: /home/rob/project/csci5551-s26-team-pointbot/install/zed_msgs/include/zed_msgs/zed_msgs/srv/detail/save_area_memory__struct.h
[1.012s] -- Up-to-date: /home/rob/project/csci5551-s26-team-pointbot/install/zed_msgs/include/zed_msgs/zed_msgs/srv/detail/set_pose__functions.h
[1.012s] -- Up-to-date: /home/rob/project/csci5551-s26-team-pointbot/install/zed_msgs/include/zed_msgs/zed_msgs/srv/detail/set_pose__description.c
[1.012s] -- Installing: /home/rob/project/csci5551-s26-team-pointbot/install/zed_msgs/include/zed_msgs/zed_msgs/srv/detail/save_area_memory__type_support.c
[1.012s] -- Up-to-date: /home/rob/project/csci5551-s26-team-pointbot/install/zed_msgs/include/zed_msgs/zed_msgs/srv/detail/save_area_memory__type_support.h
[1.012s] -- Up-to-date: /home/rob/project/csci5551-s26-team-pointbot/install/zed_msgs/include/zed_msgs/zed_msgs/srv/detail/save_area_memory__functions.c
[1.012s] -- Up-to-date: /home/rob/project/csci5551-s26-team-pointbot/install/zed_msgs/include/zed_msgs/zed_msgs/srv/detail/set_roi__description.c
[1.012s] -- Up-to-date: /home/rob/project/csci5551-s26-team-pointbot/install/zed_msgs/include/zed_msgs/zed_msgs/srv/detail/set_svo_frame__functions.h
[1.012s] -- Up-to-date: /home/rob/project/csci5551-s26-team-pointbot/install/zed_msgs/include/zed_msgs/zed_msgs/srv/detail/start_svo_rec__functions.c
[1.013s] -- Up-to-date: /home/rob/project/csci5551-s26-team-pointbot/install/zed_msgs/include/zed_msgs/zed_msgs/srv/detail/set_pose__type_support.h
[1.013s] -- Up-to-date: /home/rob/project/csci5551-s26-team-pointbot/install/zed_msgs/include/zed_msgs/zed_msgs/srv/detail/save_area_memory__description.c
[1.013s] -- Up-to-date: /home/rob/project/csci5551-s26-team-pointbot/install/zed_msgs/include/zed_msgs/zed_msgs/srv/detail/start_svo_rec__description.c
[1.013s] -- Up-to-date: /home/rob/project/csci5551-s26-team-pointbot/install/zed_msgs/include/zed_msgs/zed_msgs/srv/detail/set_pose__struct.h
[1.013s] -- Up-to-date: /home/rob/project/csci5551-s26-team-pointbot/install/zed_msgs/include/zed_msgs/zed_msgs/srv/detail/set_roi__type_support.h
[1.013s] -- Up-to-date: /home/rob/project/csci5551-s26-team-pointbot/install/zed_msgs/include/zed_msgs/zed_msgs/srv/detail/set_roi__functions.h
[1.013s] -- Installing: /home/rob/project/csci5551-s26-team-pointbot/install/zed_msgs/include/zed_msgs/zed_msgs/srv/detail/set_svo_frame__type_support.c
[1.013s] -- Installing: /home/rob/project/csci5551-s26-team-pointbot/install/zed_msgs/include/zed_msgs/zed_msgs/srv/detail/set_roi__type_support.c
[1.013s] -- Up-to-date: /home/rob/project/csci5551-s26-team-pointbot/install/zed_msgs/include/zed_msgs/zed_msgs/srv/detail/set_svo_frame__struct.h
[1.014s] -- Up-to-date: /home/rob/project/csci5551-s26-team-pointbot/install/zed_msgs/include/zed_msgs/zed_msgs/srv/detail/set_svo_frame__type_support.h
[1.014s] -- Up-to-date: /home/rob/project/csci5551-s26-team-pointbot/install/zed_msgs/include/zed_msgs/zed_msgs/srv/detail/set_svo_frame__functions.c
[1.014s] -- Up-to-date: /home/rob/project/csci5551-s26-team-pointbot/install/zed_msgs/include/zed_msgs/zed_msgs/srv/detail/save_area_memory__functions.h
[1.014s] -- Up-to-date: /home/rob/project/csci5551-s26-team-pointbot/install/zed_msgs/include/zed_msgs/zed_msgs/srv/detail/start_svo_rec__struct.h
[1.014s] -- Up-to-date: /home/rob/project/csci5551-s26-team-pointbot/install/zed_msgs/include/zed_msgs/zed_msgs/srv/detail/set_roi__functions.c
[1.014s] -- Installing: /home/rob/project/csci5551-s26-team-pointbot/install/zed_msgs/include/zed_msgs/zed_msgs/srv/detail/set_pose__type_support.c
[1.014s] -- Up-to-date: /home/rob/project/csci5551-s26-team-pointbot/install/zed_msgs/include/zed_msgs/zed_msgs/srv/detail/set_svo_frame__description.c
[1.014s] -- Up-to-date: /home/rob/project/csci5551-s26-team-pointbot/install/zed_msgs/include/zed_msgs/zed_msgs/srv/detail/set_pose__functions.c
[1.014s] -- Up-to-date: /home/rob/project/csci5551-s26-team-pointbot/install/zed_msgs/include/zed_msgs/zed_msgs/srv/detail/start_svo_rec__type_support.h
[1.014s] -- Up-to-date: /home/rob/project/csci5551-s26-team-pointbot/install/zed_msgs/include/zed_msgs/zed_msgs/srv/detail/start_svo_rec__functions.h
[1.014s] -- Up-to-date: /home/rob/project/csci5551-s26-team-pointbot/install/zed_msgs/share/zed_msgs/environment/library_path.sh
[1.014s] -- Up-to-date: /home/rob/project/csci5551-s26-team-pointbot/install/zed_msgs/share/zed_msgs/environment/library_path.dsv
[1.015s] -- Up-to-date: /home/rob/project/csci5551-s26-team-pointbot/install/zed_msgs/lib/libzed_msgs__rosidl_generator_c.so
[1.015s] -- Up-to-date: /home/rob/project/csci5551-s26-team-pointbot/install/zed_msgs/include/zed_msgs/zed_msgs
[1.015s] -- Up-to-date: /home/rob/project/csci5551-s26-team-pointbot/install/zed_msgs/include/zed_msgs/zed_msgs/msg
[1.015s] -- Up-to-date: /home/rob/project/csci5551-s26-team-pointbot/install/zed_msgs/include/zed_msgs/zed_msgs/msg/rosidl_typesupport_fastrtps_c__visibility_control.h
[1.015s] -- Up-to-date: /home/rob/project/csci5551-s26-team-pointbot/install/zed_msgs/include/zed_msgs/zed_msgs/msg/detail
[1.015s] -- Up-to-date: /home/rob/project/csci5551-s26-team-pointbot/install/zed_msgs/include/zed_msgs/zed_msgs/msg/detail/keypoint2_di__rosidl_typesupport_fastrtps_c.h
[1.015s] -- Up-to-date: /home/rob/project/csci5551-s26-team-pointbot/install/zed_msgs/include/zed_msgs/zed_msgs/msg/detail/heartbeat__rosidl_typesupport_fastrtps_c.h
[1.015s] -- Up-to-date: /home/rob/project/csci5551-s26-team-pointbot/install/zed_msgs/include/zed_msgs/zed_msgs/msg/detail/plane_stamped__rosidl_typesupport_fastrtps_c.h
[1.015s] -- Up-to-date: /home/rob/project/csci5551-s26-team-pointbot/install/zed_msgs/include/zed_msgs/zed_msgs/msg/detail/skeleton3_d__rosidl_typesupport_fastrtps_c.h
[1.015s] -- Up-to-date: /home/rob/project/csci5551-s26-team-pointbot/install/zed_msgs/include/zed_msgs/zed_msgs/msg/detail/bounding_box2_df__rosidl_typesupport_fastrtps_c.h
[1.015s] -- Up-to-date: /home/rob/project/csci5551-s26-team-pointbot/install/zed_msgs/include/zed_msgs/zed_msgs/msg/detail/depth_info_stamped__rosidl_typesupport_fastrtps_c.h
[1.015s] -- Up-to-date: /home/rob/project/csci5551-s26-team-pointbot/install/zed_msgs/include/zed_msgs/zed_msgs/msg/detail/objects_stamped__rosidl_typesupport_fastrtps_c.h
[1.016s] -- Up-to-date: /home/rob/project/csci5551-s26-team-pointbot/install/zed_msgs/include/zed_msgs/zed_msgs/msg/detail/object__rosidl_typesupport_fastrtps_c.h
[1.016s] -- Up-to-date: /home/rob/project/csci5551-s26-team-pointbot/install/zed_msgs/include/zed_msgs/zed_msgs/msg/detail/bounding_box2_di__rosidl_typesupport_fastrtps_c.h
[1.016s] -- Up-to-date: /home/rob/project/csci5551-s26-team-pointbot/install/zed_msgs/include/zed_msgs/zed_msgs/msg/detail/mag_heading_status__rosidl_typesupport_fastrtps_c.h
[1.016s] -- Up-to-date: /home/rob/project/csci5551-s26-team-pointbot/install/zed_msgs/include/zed_msgs/zed_msgs/msg/detail/keypoint2_df__rosidl_typesupport_fastrtps_c.h
[1.016s] -- Up-to-date: /home/rob/project/csci5551-s26-team-pointbot/install/zed_msgs/include/zed_msgs/zed_msgs/msg/detail/gnss_fusion_status__rosidl_typesupport_fastrtps_c.h
[1.016s] -- Up-to-date: /home/rob/project/csci5551-s26-team-pointbot/install/zed_msgs/include/zed_msgs/zed_msgs/msg/detail/keypoint3_d__rosidl_typesupport_fastrtps_c.h
[1.016s] -- Up-to-date: /home/rob/project/csci5551-s26-team-pointbot/install/zed_msgs/include/zed_msgs/zed_msgs/msg/detail/health_status_stamped__rosidl_typesupport_fastrtps_c.h
[1.016s] -- Up-to-date: /home/rob/project/csci5551-s26-team-pointbot/install/zed_msgs/include/zed_msgs/zed_msgs/msg/detail/skeleton2_d__rosidl_typesupport_fastrtps_c.h
[1.016s] -- Up-to-date: /home/rob/project/csci5551-s26-team-pointbot/install/zed_msgs/include/zed_msgs/zed_msgs/msg/detail/pos_track_status__rosidl_typesupport_fastrtps_c.h
[1.016s] -- Up-to-date: /home/rob/project/csci5551-s26-team-pointbot/install/zed_msgs/include/zed_msgs/zed_msgs/msg/detail/svo_status__rosidl_typesupport_fastrtps_c.h
[1.016s] -- Up-to-date: /home/rob/project/csci5551-s26-team-pointbot/install/zed_msgs/include/zed_msgs/zed_msgs/msg/detail/bounding_box3_d__rosidl_typesupport_fastrtps_c.h
[1.017s] -- Up-to-date: /home/rob/project/csci5551-s26-team-pointbot/install/zed_msgs/include/zed_msgs/zed_msgs/srv
[1.017s] -- Up-to-date: /home/rob/project/csci5551-s26-team-pointbot/install/zed_msgs/include/zed_msgs/zed_msgs/srv/detail
[1.017s] -- Up-to-date: /home/rob/project/csci5551-s26-team-pointbot/install/zed_msgs/include/zed_msgs/zed_msgs/srv/detail/set_pose__rosidl_typesupport_fastrtps_c.h
[1.017s] -- Up-to-date: /home/rob/project/csci5551-s26-team-pointbot/install/zed_msgs/include/zed_msgs/zed_msgs/srv/detail/start_svo_rec__rosidl_typesupport_fastrtps_c.h
[1.017s] -- Up-to-date: /home/rob/project/csci5551-s26-team-pointbot/install/zed_msgs/include/zed_msgs/zed_msgs/srv/detail/set_roi__rosidl_typesupport_fastrtps_c.h
[1.017s] -- Up-to-date: /home/rob/project/csci5551-s26-team-pointbot/install/zed_msgs/include/zed_msgs/zed_msgs/srv/detail/save_area_memory__rosidl_typesupport_fastrtps_c.h
[1.017s] -- Up-to-date: /home/rob/project/csci5551-s26-team-pointbot/install/zed_msgs/include/zed_msgs/zed_msgs/srv/detail/set_svo_frame__rosidl_typesupport_fastrtps_c.h
[1.017s] -- Up-to-date: /home/rob/project/csci5551-s26-team-pointbot/install/zed_msgs/lib/libzed_msgs__rosidl_typesupport_fastrtps_c.so
[1.017s] -- Up-to-date: /home/rob/project/csci5551-s26-team-pointbot/install/zed_msgs/include/zed_msgs/zed_msgs
[1.017s] -- Up-to-date: /home/rob/project/csci5551-s26-team-pointbot/install/zed_msgs/include/zed_msgs/zed_msgs/msg
[1.017s] -- Up-to-date: /home/rob/project/csci5551-s26-team-pointbot/install/zed_msgs/include/zed_msgs/zed_msgs/msg/bounding_box2_df.hpp
[1.017s] -- Up-to-date: /home/rob/project/csci5551-s26-team-pointbot/install/zed_msgs/include/zed_msgs/zed_msgs/msg/health_status_stamped.hpp
[1.018s] -- Up-to-date: /home/rob/project/csci5551-s26-team-pointbot/install/zed_msgs/include/zed_msgs/zed_msgs/msg/bounding_box3_d.hpp
[1.018s] -- Up-to-date: /home/rob/project/csci5551-s26-team-pointbot/install/zed_msgs/include/zed_msgs/zed_msgs/msg/gnss_fusion_status.hpp
[1.018s] -- Up-to-date: /home/rob/project/csci5551-s26-team-pointbot/install/zed_msgs/include/zed_msgs/zed_msgs/msg/skeleton3_d.hpp
[1.018s] -- Up-to-date: /home/rob/project/csci5551-s26-team-pointbot/install/zed_msgs/include/zed_msgs/zed_msgs/msg/keypoint2_df.hpp
[1.018s] -- Up-to-date: /home/rob/project/csci5551-s26-team-pointbot/install/zed_msgs/include/zed_msgs/zed_msgs/msg/heartbeat.hpp
[1.018s] -- Up-to-date: /home/rob/project/csci5551-s26-team-pointbot/install/zed_msgs/include/zed_msgs/zed_msgs/msg/plane_stamped.hpp
[1.018s] -- Up-to-date: /home/rob/project/csci5551-s26-team-pointbot/install/zed_msgs/include/zed_msgs/zed_msgs/msg/objects_stamped.hpp
[1.018s] -- Up-to-date: /home/rob/project/csci5551-s26-team-pointbot/install/zed_msgs/include/zed_msgs/zed_msgs/msg/depth_info_stamped.hpp
[1.018s] -- Up-to-date: /home/rob/project/csci5551-s26-team-pointbot/install/zed_msgs/include/zed_msgs/zed_msgs/msg/pos_track_status.hpp
[1.018s] -- Up-to-date: /home/rob/project/csci5551-s26-team-pointbot/install/zed_msgs/include/zed_msgs/zed_msgs/msg/bounding_box2_di.hpp
[1.018s] -- Up-to-date: /home/rob/project/csci5551-s26-team-pointbot/install/zed_msgs/include/zed_msgs/zed_msgs/msg/svo_status.hpp
[1.018s] -- Up-to-date: /home/rob/project/csci5551-s26-team-pointbot/install/zed_msgs/include/zed_msgs/zed_msgs/msg/rosidl_generator_cpp__visibility_control.hpp
[1.019s] -- Up-to-date: /home/rob/project/csci5551-s26-team-pointbot/install/zed_msgs/include/zed_msgs/zed_msgs/msg/keypoint3_d.hpp
[1.019s] -- Up-to-date: /home/rob/project/csci5551-s26-team-pointbot/install/zed_msgs/include/zed_msgs/zed_msgs/msg/object.hpp
[1.019s] -- Up-to-date: /home/rob/project/csci5551-s26-team-pointbot/install/zed_msgs/include/zed_msgs/zed_msgs/msg/detail
[1.019s] -- Up-to-date: /home/rob/project/csci5551-s26-team-pointbot/install/zed_msgs/include/zed_msgs/zed_msgs/msg/detail/gnss_fusion_status__traits.hpp
[1.019s] -- Up-to-date: /home/rob/project/csci5551-s26-team-pointbot/install/zed_msgs/include/zed_msgs/zed_msgs/msg/detail/svo_status__builder.hpp
[1.019s] -- Up-to-date: /home/rob/project/csci5551-s26-team-pointbot/install/zed_msgs/include/zed_msgs/zed_msgs/msg/detail/keypoint2_df__builder.hpp
[1.019s] -- Up-to-date: /home/rob/project/csci5551-s26-team-pointbot/install/zed_msgs/include/zed_msgs/zed_msgs/msg/detail/svo_status__struct.hpp
[1.019s] -- Up-to-date: /home/rob/project/csci5551-s26-team-pointbot/install/zed_msgs/include/zed_msgs/zed_msgs/msg/detail/pos_track_status__type_support.hpp
[1.019s] -- Up-to-date: /home/rob/project/csci5551-s26-team-pointbot/install/zed_msgs/include/zed_msgs/zed_msgs/msg/detail/skeleton2_d__builder.hpp
[1.019s] -- Up-to-date: /home/rob/project/csci5551-s26-team-pointbot/install/zed_msgs/include/zed_msgs/zed_msgs/msg/detail/bounding_box2_di__type_support.hpp
[1.019s] -- Up-to-date: /home/rob/project/csci5551-s26-team-pointbot/install/zed_msgs/include/zed_msgs/zed_msgs/msg/detail/keypoint3_d__type_support.hpp
[1.019s] -- Up-to-date: /home/rob/project/csci5551-s26-team-pointbot/install/zed_msgs/include/zed_msgs/zed_msgs/msg/detail/object__type_support.hpp
[1.020s] -- Up-to-date: /home/rob/project/csci5551-s26-team-pointbot/install/zed_msgs/include/zed_msgs/zed_msgs/msg/detail/gnss_fusion_status__struct.hpp
[1.020s] -- Up-to-date: /home/rob/project/csci5551-s26-team-pointbot/install/zed_msgs/include/zed_msgs/zed_msgs/msg/detail/bounding_box2_df__struct.hpp
[1.020s] -- Up-to-date: /home/rob/project/csci5551-s26-team-pointbot/install/zed_msgs/include/zed_msgs/zed_msgs/msg/detail/keypoint3_d__traits.hpp
[1.020s] -- Up-to-date: /home/rob/project/csci5551-s26-team-pointbot/install/zed_msgs/include/zed_msgs/zed_msgs/msg/detail/skeleton3_d__struct.hpp
[1.020s] -- Up-to-date: /home/rob/project/csci5551-s26-team-pointbot/install/zed_msgs/include/zed_msgs/zed_msgs/msg/detail/plane_stamped__struct.hpp
[1.020s] -- Up-to-date: /home/rob/project/csci5551-s26-team-pointbot/install/zed_msgs/include/zed_msgs/zed_msgs/msg/detail/mag_heading_status__struct.hpp
[1.020s] -- Up-to-date: /home/rob/project/csci5551-s26-team-pointbot/install/zed_msgs/include/zed_msgs/zed_msgs/msg/detail/plane_stamped__traits.hpp
[1.020s] -- Up-to-date: /home/rob/project/csci5551-s26-team-pointbot/install/zed_msgs/include/zed_msgs/zed_msgs/msg/detail/pos_track_status__struct.hpp
[1.020s] -- Up-to-date: /home/rob/project/csci5551-s26-team-pointbot/install/zed_msgs/include/zed_msgs/zed_msgs/msg/detail/keypoint3_d__builder.hpp
[1.020s] -- Up-to-date: /home/rob/project/csci5551-s26-team-pointbot/install/zed_msgs/include/zed_msgs/zed_msgs/msg/detail/bounding_box3_d__builder.hpp
[1.020s] -- Up-to-date: /home/rob/project/csci5551-s26-team-pointbot/install/zed_msgs/include/zed_msgs/zed_msgs/msg/detail/plane_stamped__type_support.hpp
[1.021s] -- Up-to-date: /home/rob/project/csci5551-s26-team-pointbot/install/zed_msgs/include/zed_msgs/zed_msgs/msg/detail/depth_info_stamped__type_support.hpp
[1.021s] -- Up-to-date: /home/rob/project/csci5551-s26-team-pointbot/install/zed_msgs/include/zed_msgs/zed_msgs/msg/detail/depth_info_stamped__traits.hpp
[1.021s] -- Up-to-date: /home/rob/project/csci5551-s26-team-pointbot/install/zed_msgs/include/zed_msgs/zed_msgs/msg/detail/mag_heading_status__builder.hpp
[1.021s] -- Up-to-date: /home/rob/project/csci5551-s26-team-pointbot/install/zed_msgs/include/zed_msgs/zed_msgs/msg/detail/bounding_box3_d__traits.hpp
[1.021s] -- Up-to-date: /home/rob/project/csci5551-s26-team-pointbot/install/zed_msgs/include/zed_msgs/zed_msgs/msg/detail/keypoint2_di__builder.hpp
[1.021s] -- Up-to-date: /home/rob/project/csci5551-s26-team-pointbot/install/zed_msgs/include/zed_msgs/zed_msgs/msg/detail/object__builder.hpp
[1.021s] -- Up-to-date: /home/rob/project/csci5551-s26-team-pointbot/install/zed_msgs/include/zed_msgs/zed_msgs/msg/detail/bounding_box2_df__traits.hpp
[1.021s] -- Up-to-date: /home/rob/project/csci5551-s26-team-pointbot/install/zed_msgs/include/zed_msgs/zed_msgs/msg/detail/mag_heading_status__type_support.hpp
[1.021s] -- Up-to-date: /home/rob/project/csci5551-s26-team-pointbot/install/zed_msgs/include/zed_msgs/zed_msgs/msg/detail/bounding_box3_d__struct.hpp
[1.021s] -- Up-to-date: /home/rob/project/csci5551-s26-team-pointbot/install/zed_msgs/include/zed_msgs/zed_msgs/msg/detail/objects_stamped__traits.hpp
[1.021s] -- Up-to-date: /home/rob/project/csci5551-s26-team-pointbot/install/zed_msgs/include/zed_msgs/zed_msgs/msg/detail/bounding_box2_df__builder.hpp
[1.021s] -- Up-to-date: /home/rob/project/csci5551-s26-team-pointbot/install/zed_msgs/include/zed_msgs/zed_msgs/msg/detail/keypoint2_df__type_support.hpp
[1.022s] -- Up-to-date: /home/rob/project/csci5551-s26-team-pointbot/install/zed_msgs/include/zed_msgs/zed_msgs/msg/detail/heartbeat__traits.hpp
[1.022s] -- Up-to-date: /home/rob/project/csci5551-s26-team-pointbot/install/zed_msgs/include/zed_msgs/zed_msgs/msg/detail/bounding_box2_df__type_support.hpp
[1.022s] -- Up-to-date: /home/rob/project/csci5551-s26-team-pointbot/install/zed_msgs/include/zed_msgs/zed_msgs/msg/detail/skeleton2_d__traits.hpp
[1.022s] -- Up-to-date: /home/rob/project/csci5551-s26-team-pointbot/install/zed_msgs/include/zed_msgs/zed_msgs/msg/detail/object__struct.hpp
[1.022s] -- Up-to-date: /home/rob/project/csci5551-s26-team-pointbot/install/zed_msgs/include/zed_msgs/zed_msgs/msg/detail/keypoint3_d__struct.hpp
[1.022s] -- Up-to-date: /home/rob/project/csci5551-s26-team-pointbot/install/zed_msgs/include/zed_msgs/zed_msgs/msg/detail/object__traits.hpp
[1.022s] -- Up-to-date: /home/rob/project/csci5551-s26-team-pointbot/install/zed_msgs/include/zed_msgs/zed_msgs/msg/detail/skeleton3_d__type_support.hpp
[1.022s] -- Up-to-date: /home/rob/project/csci5551-s26-team-pointbot/install/zed_msgs/include/zed_msgs/zed_msgs/msg/detail/bounding_box2_di__builder.hpp
[1.022s] -- Up-to-date: /home/rob/project/csci5551-s26-team-pointbot/install/zed_msgs/include/zed_msgs/zed_msgs/msg/detail/heartbeat__builder.hpp
[1.022s] -- Up-to-date: /home/rob/project/csci5551-s26-team-pointbot/install/zed_msgs/include/zed_msgs/zed_msgs/msg/detail/bounding_box2_di__traits.hpp
[1.022s] -- Up-to-date: /home/rob/project/csci5551-s26-team-pointbot/install/zed_msgs/include/zed_msgs/zed_msgs/msg/detail/skeleton2_d__struct.hpp
[1.022s] -- Up-to-date: /home/rob/project/csci5551-s26-team-pointbot/install/zed_msgs/include/zed_msgs/zed_msgs/msg/detail/pos_track_status__builder.hpp
[1.023s] -- Up-to-date: /home/rob/project/csci5551-s26-team-pointbot/install/zed_msgs/include/zed_msgs/zed_msgs/msg/detail/svo_status__traits.hpp
[1.023s] -- Up-to-date: /home/rob/project/csci5551-s26-team-pointbot/install/zed_msgs/include/zed_msgs/zed_msgs/msg/detail/gnss_fusion_status__builder.hpp
[1.023s] -- Up-to-date: /home/rob/project/csci5551-s26-team-pointbot/install/zed_msgs/include/zed_msgs/zed_msgs/msg/detail/bounding_box2_di__struct.hpp
[1.023s] -- Up-to-date: /home/rob/project/csci5551-s26-team-pointbot/install/zed_msgs/include/zed_msgs/zed_msgs/msg/detail/health_status_stamped__struct.hpp
[1.023s] -- Up-to-date: /home/rob/project/csci5551-s26-team-pointbot/install/zed_msgs/include/zed_msgs/zed_msgs/msg/detail/keypoint2_df__traits.hpp
[1.023s] -- Up-to-date: /home/rob/project/csci5551-s26-team-pointbot/install/zed_msgs/include/zed_msgs/zed_msgs/msg/detail/depth_info_stamped__builder.hpp
[1.023s] -- Up-to-date: /home/rob/project/csci5551-s26-team-pointbot/install/zed_msgs/include/zed_msgs/zed_msgs/msg/detail/skeleton3_d__builder.hpp
[1.023s] -- Up-to-date: /home/rob/project/csci5551-s26-team-pointbot/install/zed_msgs/include/zed_msgs/zed_msgs/msg/detail/svo_status__type_support.hpp
[1.023s] -- Up-to-date: /home/rob/project/csci5551-s26-team-pointbot/install/zed_msgs/include/zed_msgs/zed_msgs/msg/detail/keypoint2_di__type_support.hpp
[1.023s] -- Up-to-date: /home/rob/project/csci5551-s26-team-pointbot/install/zed_msgs/include/zed_msgs/zed_msgs/msg/detail/pos_track_status__traits.hpp
[1.023s] -- Up-to-date: /home/rob/project/csci5551-s26-team-pointbot/install/zed_msgs/include/zed_msgs/zed_msgs/msg/detail/health_status_stamped__type_support.hpp
[1.024s] -- Up-to-date: /home/rob/project/csci5551-s26-team-pointbot/install/zed_msgs/include/zed_msgs/zed_msgs/msg/detail/health_status_stamped__builder.hpp
[1.024s] -- Up-to-date: /home/rob/project/csci5551-s26-team-pointbot/install/zed_msgs/include/zed_msgs/zed_msgs/msg/detail/keypoint2_di__struct.hpp
[1.024s] -- Up-to-date: /home/rob/project/csci5551-s26-team-pointbot/install/zed_msgs/include/zed_msgs/zed_msgs/msg/detail/bounding_box3_d__type_support.hpp
[1.024s] -- Up-to-date: /home/rob/project/csci5551-s26-team-pointbot/install/zed_msgs/include/zed_msgs/zed_msgs/msg/detail/heartbeat__struct.hpp
[1.024s] -- Up-to-date: /home/rob/project/csci5551-s26-team-pointbot/install/zed_msgs/include/zed_msgs/zed_msgs/msg/detail/heartbeat__type_support.hpp
[1.024s] -- Up-to-date: /home/rob/project/csci5551-s26-team-pointbot/install/zed_msgs/include/zed_msgs/zed_msgs/msg/detail/objects_stamped__type_support.hpp
[1.024s] -- Up-to-date: /home/rob/project/csci5551-s26-team-pointbot/install/zed_msgs/include/zed_msgs/zed_msgs/msg/detail/plane_stamped__builder.hpp
[1.024s] -- Up-to-date: /home/rob/project/csci5551-s26-team-pointbot/install/zed_msgs/include/zed_msgs/zed_msgs/msg/detail/keypoint2_df__struct.hpp
[1.024s] -- Up-to-date: /home/rob/project/csci5551-s26-team-pointbot/install/zed_msgs/include/zed_msgs/zed_msgs/msg/detail/gnss_fusion_status__type_support.hpp
[1.024s] -- Up-to-date: /home/rob/project/csci5551-s26-team-pointbot/install/zed_msgs/include/zed_msgs/zed_msgs/msg/detail/skeleton3_d__traits.hpp
[1.024s] -- Up-to-date: /home/rob/project/csci5551-s26-team-pointbot/install/zed_msgs/include/zed_msgs/zed_msgs/msg/detail/skeleton2_d__type_support.hpp
[1.024s] -- Up-to-date: /home/rob/project/csci5551-s26-team-pointbot/install/zed_msgs/include/zed_msgs/zed_msgs/msg/detail/health_status_stamped__traits.hpp
[1.025s] -- Up-to-date: /home/rob/project/csci5551-s26-team-pointbot/install/zed_msgs/include/zed_msgs/zed_msgs/msg/detail/keypoint2_di__traits.hpp
[1.025s] -- Up-to-date: /home/rob/project/csci5551-s26-team-pointbot/install/zed_msgs/include/zed_msgs/zed_msgs/msg/detail/mag_heading_status__traits.hpp
[1.025s] -- Up-to-date: /home/rob/project/csci5551-s26-team-pointbot/install/zed_msgs/include/zed_msgs/zed_msgs/msg/detail/objects_stamped__builder.hpp
[1.025s] -- Up-to-date: /home/rob/project/csci5551-s26-team-pointbot/install/zed_msgs/include/zed_msgs/zed_msgs/msg/detail/objects_stamped__struct.hpp
[1.025s] -- Up-to-date: /home/rob/project/csci5551-s26-team-pointbot/install/zed_msgs/include/zed_msgs/zed_msgs/msg/detail/depth_info_stamped__struct.hpp
[1.025s] -- Up-to-date: /home/rob/project/csci5551-s26-team-pointbot/install/zed_msgs/include/zed_msgs/zed_msgs/msg/skeleton2_d.hpp
[1.025s] -- Up-to-date: /home/rob/project/csci5551-s26-team-pointbot/install/zed_msgs/include/zed_msgs/zed_msgs/msg/mag_heading_status.hpp
[1.025s] -- Up-to-date: /home/rob/project/csci5551-s26-team-pointbot/install/zed_msgs/include/zed_msgs/zed_msgs/msg/keypoint2_di.hpp
[1.025s] -- Up-to-date: /home/rob/project/csci5551-s26-team-pointbot/install/zed_msgs/include/zed_msgs/zed_msgs/srv
[1.025s] -- Up-to-date: /home/rob/project/csci5551-s26-team-pointbot/install/zed_msgs/include/zed_msgs/zed_msgs/srv/set_pose.hpp
[1.025s] -- Up-to-date: /home/rob/project/csci5551-s26-team-pointbot/install/zed_msgs/include/zed_msgs/zed_msgs/srv/detail
[1.026s] -- Up-to-date: /home/rob/project/csci5551-s26-team-pointbot/install/zed_msgs/include/zed_msgs/zed_msgs/srv/detail/save_area_memory__type_support.hpp
[1.026s] -- Up-to-date: /home/rob/project/csci5551-s26-team-pointbot/install/zed_msgs/include/zed_msgs/zed_msgs/srv/detail/start_svo_rec__traits.hpp
[1.026s] -- Up-to-date: /home/rob/project/csci5551-s26-team-pointbot/install/zed_msgs/include/zed_msgs/zed_msgs/srv/detail/set_svo_frame__builder.hpp
[1.026s] -- Up-to-date: /home/rob/project/csci5551-s26-team-pointbot/install/zed_msgs/include/zed_msgs/zed_msgs/srv/detail/set_pose__struct.hpp
[1.026s] -- Up-to-date: /home/rob/project/csci5551-s26-team-pointbot/install/zed_msgs/include/zed_msgs/zed_msgs/srv/detail/save_area_memory__traits.hpp
[1.026s] -- Up-to-date: /home/rob/project/csci5551-s26-team-pointbot/install/zed_msgs/include/zed_msgs/zed_msgs/srv/detail/save_area_memory__builder.hpp
[1.026s] -- Up-to-date: /home/rob/project/csci5551-s26-team-pointbot/install/zed_msgs/include/zed_msgs/zed_msgs/srv/detail/set_roi__struct.hpp
[1.026s] -- Up-to-date: /home/rob/project/csci5551-s26-team-pointbot/install/zed_msgs/include/zed_msgs/zed_msgs/srv/detail/save_area_memory__struct.hpp
[1.026s] -- Up-to-date: /home/rob/project/csci5551-s26-team-pointbot/install/zed_msgs/include/zed_msgs/zed_msgs/srv/detail/set_roi__builder.hpp
[1.026s] -- Up-to-date: /home/rob/project/csci5551-s26-team-pointbot/install/zed_msgs/include/zed_msgs/zed_msgs/srv/detail/set_svo_frame__struct.hpp
[1.026s] -- Up-to-date: /home/rob/project/csci5551-s26-team-pointbot/install/zed_msgs/include/zed_msgs/zed_msgs/srv/detail/set_pose__builder.hpp
[1.027s] -- Up-to-date: /home/rob/project/csci5551-s26-team-pointbot/install/zed_msgs/include/zed_msgs/zed_msgs/srv/detail/set_pose__type_support.hpp
[1.027s] -- Up-to-date: /home/rob/project/csci5551-s26-team-pointbot/install/zed_msgs/include/zed_msgs/zed_msgs/srv/detail/start_svo_rec__struct.hpp
[1.027s] -- Up-to-date: /home/rob/project/csci5551-s26-team-pointbot/install/zed_msgs/include/zed_msgs/zed_msgs/srv/detail/set_pose__traits.hpp
[1.027s] -- Up-to-date: /home/rob/project/csci5551-s26-team-pointbot/install/zed_msgs/include/zed_msgs/zed_msgs/srv/detail/start_svo_rec__type_support.hpp
[1.027s] -- Up-to-date: /home/rob/project/csci5551-s26-team-pointbot/install/zed_msgs/include/zed_msgs/zed_msgs/srv/detail/set_roi__traits.hpp
[1.027s] -- Up-to-date: /home/rob/project/csci5551-s26-team-pointbot/install/zed_msgs/include/zed_msgs/zed_msgs/srv/detail/set_roi__type_support.hpp
[1.027s] -- Up-to-date: /home/rob/project/csci5551-s26-team-pointbot/install/zed_msgs/include/zed_msgs/zed_msgs/srv/detail/set_svo_frame__traits.hpp
[1.027s] -- Up-to-date: /home/rob/project/csci5551-s26-team-pointbot/install/zed_msgs/include/zed_msgs/zed_msgs/srv/detail/set_svo_frame__type_support.hpp
[1.027s] -- Up-to-date: /home/rob/project/csci5551-s26-team-pointbot/install/zed_msgs/include/zed_msgs/zed_msgs/srv/detail/start_svo_rec__builder.hpp
[1.027s] -- Up-to-date: /home/rob/project/csci5551-s26-team-pointbot/install/zed_msgs/include/zed_msgs/zed_msgs/srv/set_roi.hpp
[1.027s] -- Up-to-date: /home/rob/project/csci5551-s26-team-pointbot/install/zed_msgs/include/zed_msgs/zed_msgs/srv/set_svo_frame.hpp
[1.027s] -- Up-to-date: /home/rob/project/csci5551-s26-team-pointbot/install/zed_msgs/include/zed_msgs/zed_msgs/srv/save_area_memory.hpp
[1.028s] -- Up-to-date: /home/rob/project/csci5551-s26-team-pointbot/install/zed_msgs/include/zed_msgs/zed_msgs/srv/start_svo_rec.hpp
[1.028s] -- Up-to-date: /home/rob/project/csci5551-s26-team-pointbot/install/zed_msgs/include/zed_msgs/zed_msgs
[1.028s] -- Up-to-date: /home/rob/project/csci5551-s26-team-pointbot/install/zed_msgs/include/zed_msgs/zed_msgs/msg
[1.028s] -- Up-to-date: /home/rob/project/csci5551-s26-team-pointbot/install/zed_msgs/include/zed_msgs/zed_msgs/msg/rosidl_typesupport_fastrtps_cpp__visibility_control.h
[1.028s] -- Up-to-date: /home/rob/project/csci5551-s26-team-pointbot/install/zed_msgs/include/zed_msgs/zed_msgs/msg/detail
[1.028s] -- Up-to-date: /home/rob/project/csci5551-s26-team-pointbot/install/zed_msgs/include/zed_msgs/zed_msgs/msg/detail/gnss_fusion_status__rosidl_typesupport_fastrtps_cpp.hpp
[1.028s] -- Up-to-date: /home/rob/project/csci5551-s26-team-pointbot/install/zed_msgs/include/zed_msgs/zed_msgs/msg/detail/keypoint3_d__rosidl_typesupport_fastrtps_cpp.hpp
[1.028s] -- Up-to-date: /home/rob/project/csci5551-s26-team-pointbot/install/zed_msgs/include/zed_msgs/zed_msgs/msg/detail/dds_fastrtps
[1.028s] -- Up-to-date: /home/rob/project/csci5551-s26-team-pointbot/install/zed_msgs/include/zed_msgs/zed_msgs/msg/detail/heartbeat__rosidl_typesupport_fastrtps_cpp.hpp
[1.028s] -- Up-to-date: /home/rob/project/csci5551-s26-team-pointbot/install/zed_msgs/include/zed_msgs/zed_msgs/msg/detail/skeleton3_d__rosidl_typesupport_fastrtps_cpp.hpp
[1.028s] -- Up-to-date: /home/rob/project/csci5551-s26-team-pointbot/install/zed_msgs/include/zed_msgs/zed_msgs/msg/detail/pos_track_status__rosidl_typesupport_fastrtps_cpp.hpp
[1.029s] -- Up-to-date: /home/rob/project/csci5551-s26-team-pointbot/install/zed_msgs/include/zed_msgs/zed_msgs/msg/detail/bounding_box2_df__rosidl_typesupport_fastrtps_cpp.hpp
[1.029s] -- Up-to-date: /home/rob/project/csci5551-s26-team-pointbot/install/zed_msgs/include/zed_msgs/zed_msgs/msg/detail/plane_stamped__rosidl_typesupport_fastrtps_cpp.hpp
[1.029s] -- Up-to-date: /home/rob/project/csci5551-s26-team-pointbot/install/zed_msgs/include/zed_msgs/zed_msgs/msg/detail/mag_heading_status__rosidl_typesupport_fastrtps_cpp.hpp
[1.029s] -- Up-to-date: /home/rob/project/csci5551-s26-team-pointbot/install/zed_msgs/include/zed_msgs/zed_msgs/msg/detail/bounding_box2_di__rosidl_typesupport_fastrtps_cpp.hpp
[1.029s] -- Up-to-date: /home/rob/project/csci5551-s26-team-pointbot/install/zed_msgs/include/zed_msgs/zed_msgs/msg/detail/bounding_box3_d__rosidl_typesupport_fastrtps_cpp.hpp
[1.029s] -- Up-to-date: /home/rob/project/csci5551-s26-team-pointbot/install/zed_msgs/include/zed_msgs/zed_msgs/msg/detail/keypoint2_df__rosidl_typesupport_fastrtps_cpp.hpp
[1.029s] -- Up-to-date: /home/rob/project/csci5551-s26-team-pointbot/install/zed_msgs/include/zed_msgs/zed_msgs/msg/detail/depth_info_stamped__rosidl_typesupport_fastrtps_cpp.hpp
[1.029s] -- Up-to-date: /home/rob/project/csci5551-s26-team-pointbot/install/zed_msgs/include/zed_msgs/zed_msgs/msg/detail/objects_stamped__rosidl_typesupport_fastrtps_cpp.hpp
[1.029s] -- Up-to-date: /home/rob/project/csci5551-s26-team-pointbot/install/zed_msgs/include/zed_msgs/zed_msgs/msg/detail/skeleton2_d__rosidl_typesupport_fastrtps_cpp.hpp
[1.029s] -- Up-to-date: /home/rob/project/csci5551-s26-team-pointbot/install/zed_msgs/include/zed_msgs/zed_msgs/msg/detail/svo_status__rosidl_typesupport_fastrtps_cpp.hpp
[1.029s] -- Up-to-date: /home/rob/project/csci5551-s26-team-pointbot/install/zed_msgs/include/zed_msgs/zed_msgs/msg/detail/object__rosidl_typesupport_fastrtps_cpp.hpp
[1.029s] -- Up-to-date: /home/rob/project/csci5551-s26-team-pointbot/install/zed_msgs/include/zed_msgs/zed_msgs/msg/detail/health_status_stamped__rosidl_typesupport_fastrtps_cpp.hpp
[1.030s] -- Up-to-date: /home/rob/project/csci5551-s26-team-pointbot/install/zed_msgs/include/zed_msgs/zed_msgs/msg/detail/keypoint2_di__rosidl_typesupport_fastrtps_cpp.hpp
[1.030s] -- Up-to-date: /home/rob/project/csci5551-s26-team-pointbot/install/zed_msgs/include/zed_msgs/zed_msgs/srv
[1.030s] -- Up-to-date: /home/rob/project/csci5551-s26-team-pointbot/install/zed_msgs/include/zed_msgs/zed_msgs/srv/detail
[1.030s] -- Up-to-date: /home/rob/project/csci5551-s26-team-pointbot/install/zed_msgs/include/zed_msgs/zed_msgs/srv/detail/save_area_memory__rosidl_typesupport_fastrtps_cpp.hpp
[1.030s] -- Up-to-date: /home/rob/project/csci5551-s26-team-pointbot/install/zed_msgs/include/zed_msgs/zed_msgs/srv/detail/dds_fastrtps
[1.030s] -- Up-to-date: /home/rob/project/csci5551-s26-team-pointbot/install/zed_msgs/include/zed_msgs/zed_msgs/srv/detail/set_pose__rosidl_typesupport_fastrtps_cpp.hpp
[1.030s] -- Up-to-date: /home/rob/project/csci5551-s26-team-pointbot/install/zed_msgs/include/zed_msgs/zed_msgs/srv/detail/start_svo_rec__rosidl_typesupport_fastrtps_cpp.hpp
[1.030s] -- Up-to-date: /home/rob/project/csci5551-s26-team-pointbot/install/zed_msgs/include/zed_msgs/zed_msgs/srv/detail/set_roi__rosidl_typesupport_fastrtps_cpp.hpp
[1.030s] -- Up-to-date: /home/rob/project/csci5551-s26-team-pointbot/install/zed_msgs/include/zed_msgs/zed_msgs/srv/detail/set_svo_frame__rosidl_typesupport_fastrtps_cpp.hpp
[1.030s] -- Up-to-date: /home/rob/project/csci5551-s26-team-pointbot/install/zed_msgs/lib/libzed_msgs__rosidl_typesupport_fastrtps_cpp.so
[1.030s] -- Up-to-date: /home/rob/project/csci5551-s26-team-pointbot/install/zed_msgs/include/zed_msgs/zed_msgs
[1.031s] -- Up-to-date: /home/rob/project/csci5551-s26-team-pointbot/install/zed_msgs/include/zed_msgs/zed_msgs/msg
[1.031s] -- Up-to-date: /home/rob/project/csci5551-s26-team-pointbot/install/zed_msgs/include/zed_msgs/zed_msgs/msg/rosidl_typesupport_introspection_c__visibility_control.h
[1.031s] -- Up-to-date: /home/rob/project/csci5551-s26-team-pointbot/install/zed_msgs/include/zed_msgs/zed_msgs/msg/detail
[1.031s] -- Up-to-date: /home/rob/project/csci5551-s26-team-pointbot/install/zed_msgs/include/zed_msgs/zed_msgs/msg/detail/gnss_fusion_status__rosidl_typesupport_introspection_c.h
[1.031s] -- Up-to-date: /home/rob/project/csci5551-s26-team-pointbot/install/zed_msgs/include/zed_msgs/zed_msgs/msg/detail/keypoint2_df__rosidl_typesupport_introspection_c.h
[1.031s] -- Up-to-date: /home/rob/project/csci5551-s26-team-pointbot/install/zed_msgs/include/zed_msgs/zed_msgs/msg/detail/skeleton3_d__rosidl_typesupport_introspection_c.h
[1.031s] -- Up-to-date: /home/rob/project/csci5551-s26-team-pointbot/install/zed_msgs/include/zed_msgs/zed_msgs/msg/detail/objects_stamped__rosidl_typesupport_introspection_c.h
[1.031s] -- Up-to-date: /home/rob/project/csci5551-s26-team-pointbot/install/zed_msgs/include/zed_msgs/zed_msgs/msg/detail/depth_info_stamped__rosidl_typesupport_introspection_c.h
[1.031s] -- Installing: /home/rob/project/csci5551-s26-team-pointbot/install/zed_msgs/include/zed_msgs/zed_msgs/msg/detail/mag_heading_status__type_support.c
[1.031s] -- Up-to-date: /home/rob/project/csci5551-s26-team-pointbot/install/zed_msgs/include/zed_msgs/zed_msgs/msg/detail/object__rosidl_typesupport_introspection_c.h
[1.031s] -- Up-to-date: /home/rob/project/csci5551-s26-team-pointbot/install/zed_msgs/include/zed_msgs/zed_msgs/msg/detail/skeleton2_d__rosidl_typesupport_introspection_c.h
[1.031s] -- Installing: /home/rob/project/csci5551-s26-team-pointbot/install/zed_msgs/include/zed_msgs/zed_msgs/msg/detail/plane_stamped__type_support.c
[1.032s] -- Installing: /home/rob/project/csci5551-s26-team-pointbot/install/zed_msgs/include/zed_msgs/zed_msgs/msg/detail/gnss_fusion_status__type_support.c
[1.032s] -- Up-to-date: /home/rob/project/csci5551-s26-team-pointbot/install/zed_msgs/include/zed_msgs/zed_msgs/msg/detail/health_status_stamped__rosidl_typesupport_introspection_c.h
[1.032s] -- Installing: /home/rob/project/csci5551-s26-team-pointbot/install/zed_msgs/include/zed_msgs/zed_msgs/msg/detail/keypoint2_df__type_support.c
[1.032s] -- Installing: /home/rob/project/csci5551-s26-team-pointbot/install/zed_msgs/include/zed_msgs/zed_msgs/msg/detail/heartbeat__type_support.c
[1.032s] -- Up-to-date: /home/rob/project/csci5551-s26-team-pointbot/install/zed_msgs/include/zed_msgs/zed_msgs/msg/detail/pos_track_status__rosidl_typesupport_introspection_c.h
[1.032s] -- Installing: /home/rob/project/csci5551-s26-team-pointbot/install/zed_msgs/include/zed_msgs/zed_msgs/msg/detail/bounding_box3_d__type_support.c
[1.032s] -- Up-to-date: /home/rob/project/csci5551-s26-team-pointbot/install/zed_msgs/include/zed_msgs/zed_msgs/msg/detail/keypoint3_d__rosidl_typesupport_introspection_c.h
[1.032s] -- Installing: /home/rob/project/csci5551-s26-team-pointbot/install/zed_msgs/include/zed_msgs/zed_msgs/msg/detail/keypoint3_d__type_support.c
[1.032s] -- Installing: /home/rob/project/csci5551-s26-team-pointbot/install/zed_msgs/include/zed_msgs/zed_msgs/msg/detail/bounding_box2_df__type_support.c
[1.032s] -- Up-to-date: /home/rob/project/csci5551-s26-team-pointbot/install/zed_msgs/include/zed_msgs/zed_msgs/msg/detail/plane_stamped__rosidl_typesupport_introspection_c.h
[1.032s] -- Up-to-date: /home/rob/project/csci5551-s26-team-pointbot/install/zed_msgs/include/zed_msgs/zed_msgs/msg/detail/bounding_box2_di__rosidl_typesupport_introspection_c.h
[1.033s] -- Installing: /home/rob/project/csci5551-s26-team-pointbot/install/zed_msgs/include/zed_msgs/zed_msgs/msg/detail/skeleton2_d__type_support.c
[1.033s] -- Installing: /home/rob/project/csci5551-s26-team-pointbot/install/zed_msgs/include/zed_msgs/zed_msgs/msg/detail/bounding_box2_di__type_support.c
[1.033s] -- Up-to-date: /home/rob/project/csci5551-s26-team-pointbot/install/zed_msgs/include/zed_msgs/zed_msgs/msg/detail/bounding_box2_df__rosidl_typesupport_introspection_c.h
[1.033s] -- Up-to-date: /home/rob/project/csci5551-s26-team-pointbot/install/zed_msgs/include/zed_msgs/zed_msgs/msg/detail/mag_heading_status__rosidl_typesupport_introspection_c.h
[1.033s] -- Up-to-date: /home/rob/project/csci5551-s26-team-pointbot/install/zed_msgs/include/zed_msgs/zed_msgs/msg/detail/bounding_box3_d__rosidl_typesupport_introspection_c.h
[1.033s] -- Installing: /home/rob/project/csci5551-s26-team-pointbot/install/zed_msgs/include/zed_msgs/zed_msgs/msg/detail/objects_stamped__type_support.c
[1.033s] -- Up-to-date: /home/rob/project/csci5551-s26-team-pointbot/install/zed_msgs/include/zed_msgs/zed_msgs/msg/detail/keypoint2_di__rosidl_typesupport_introspection_c.h
[1.033s] -- Up-to-date: /home/rob/project/csci5551-s26-team-pointbot/install/zed_msgs/include/zed_msgs/zed_msgs/msg/detail/svo_status__rosidl_typesupport_introspection_c.h
[1.033s] -- Installing: /home/rob/project/csci5551-s26-team-pointbot/install/zed_msgs/include/zed_msgs/zed_msgs/msg/detail/health_status_stamped__type_support.c
[1.033s] -- Installing: /home/rob/project/csci5551-s26-team-pointbot/install/zed_msgs/include/zed_msgs/zed_msgs/msg/detail/keypoint2_di__type_support.c
[1.033s] -- Installing: /home/rob/project/csci5551-s26-team-pointbot/install/zed_msgs/include/zed_msgs/zed_msgs/msg/detail/skeleton3_d__type_support.c
[1.034s] -- Installing: /home/rob/project/csci5551-s26-team-pointbot/install/zed_msgs/include/zed_msgs/zed_msgs/msg/detail/object__type_support.c
[1.034s] -- Installing: /home/rob/project/csci5551-s26-team-pointbot/install/zed_msgs/include/zed_msgs/zed_msgs/msg/detail/depth_info_stamped__type_support.c
[1.034s] -- Installing: /home/rob/project/csci5551-s26-team-pointbot/install/zed_msgs/include/zed_msgs/zed_msgs/msg/detail/pos_track_status__type_support.c
[1.034s] -- Up-to-date: /home/rob/project/csci5551-s26-team-pointbot/install/zed_msgs/include/zed_msgs/zed_msgs/msg/detail/heartbeat__rosidl_typesupport_introspection_c.h
[1.034s] -- Installing: /home/rob/project/csci5551-s26-team-pointbot/install/zed_msgs/include/zed_msgs/zed_msgs/msg/detail/svo_status__type_support.c
[1.034s] -- Up-to-date: /home/rob/project/csci5551-s26-team-pointbot/install/zed_msgs/include/zed_msgs/zed_msgs/srv
[1.034s] -- Up-to-date: /home/rob/project/csci5551-s26-team-pointbot/install/zed_msgs/include/zed_msgs/zed_msgs/srv/detail
[1.034s] -- Installing: /home/rob/project/csci5551-s26-team-pointbot/install/zed_msgs/include/zed_msgs/zed_msgs/srv/detail/start_svo_rec__type_support.c
[1.034s] -- Up-to-date: /home/rob/project/csci5551-s26-team-pointbot/install/zed_msgs/include/zed_msgs/zed_msgs/srv/detail/start_svo_rec__rosidl_typesupport_introspection_c.h
[1.034s] -- Up-to-date: /home/rob/project/csci5551-s26-team-pointbot/install/zed_msgs/include/zed_msgs/zed_msgs/srv/detail/set_roi__rosidl_typesupport_introspection_c.h
[1.034s] -- Installing: /home/rob/project/csci5551-s26-team-pointbot/install/zed_msgs/include/zed_msgs/zed_msgs/srv/detail/save_area_memory__type_support.c
[1.034s] -- Up-to-date: /home/rob/project/csci5551-s26-team-pointbot/install/zed_msgs/include/zed_msgs/zed_msgs/srv/detail/set_svo_frame__rosidl_typesupport_introspection_c.h
[1.035s] -- Installing: /home/rob/project/csci5551-s26-team-pointbot/install/zed_msgs/include/zed_msgs/zed_msgs/srv/detail/set_svo_frame__type_support.c
[1.035s] -- Installing: /home/rob/project/csci5551-s26-team-pointbot/install/zed_msgs/include/zed_msgs/zed_msgs/srv/detail/set_roi__type_support.c
[1.035s] -- Up-to-date: /home/rob/project/csci5551-s26-team-pointbot/install/zed_msgs/include/zed_msgs/zed_msgs/srv/detail/set_pose__rosidl_typesupport_introspection_c.h
[1.035s] -- Up-to-date: /home/rob/project/csci5551-s26-team-pointbot/install/zed_msgs/include/zed_msgs/zed_msgs/srv/detail/save_area_memory__rosidl_typesupport_introspection_c.h
[1.035s] -- Installing: /home/rob/project/csci5551-s26-team-pointbot/install/zed_msgs/include/zed_msgs/zed_msgs/srv/detail/set_pose__type_support.c
[1.035s] -- Up-to-date: /home/rob/project/csci5551-s26-team-pointbot/install/zed_msgs/lib/libzed_msgs__rosidl_typesupport_introspection_c.so
[1.035s] -- Up-to-date: /home/rob/project/csci5551-s26-team-pointbot/install/zed_msgs/lib/libzed_msgs__rosidl_typesupport_c.so
[1.035s] -- Up-to-date: /home/rob/project/csci5551-s26-team-pointbot/install/zed_msgs/include/zed_msgs/zed_msgs
[1.035s] -- Up-to-date: /home/rob/project/csci5551-s26-team-pointbot/install/zed_msgs/include/zed_msgs/zed_msgs/msg
[1.035s] -- Up-to-date: /home/rob/project/csci5551-s26-team-pointbot/install/zed_msgs/include/zed_msgs/zed_msgs/msg/detail
[1.035s] -- Up-to-date: /home/rob/project/csci5551-s26-team-pointbot/install/zed_msgs/include/zed_msgs/zed_msgs/msg/detail/bounding_box3_d__rosidl_typesupport_introspection_cpp.hpp
[1.036s] -- Up-to-date: /home/rob/project/csci5551-s26-team-pointbot/install/zed_msgs/include/zed_msgs/zed_msgs/msg/detail/keypoint2_df__type_support.cpp
[1.036s] -- Up-to-date: /home/rob/project/csci5551-s26-team-pointbot/install/zed_msgs/include/zed_msgs/zed_msgs/msg/detail/keypoint3_d__rosidl_typesupport_introspection_cpp.hpp
[1.036s] -- Up-to-date: /home/rob/project/csci5551-s26-team-pointbot/install/zed_msgs/include/zed_msgs/zed_msgs/msg/detail/depth_info_stamped__rosidl_typesupport_introspection_cpp.hpp
[1.036s] -- Up-to-date: /home/rob/project/csci5551-s26-team-pointbot/install/zed_msgs/include/zed_msgs/zed_msgs/msg/detail/objects_stamped__type_support.cpp
[1.036s] -- Up-to-date: /home/rob/project/csci5551-s26-team-pointbot/install/zed_msgs/include/zed_msgs/zed_msgs/msg/detail/object__type_support.cpp
[1.036s] -- Up-to-date: /home/rob/project/csci5551-s26-team-pointbot/install/zed_msgs/include/zed_msgs/zed_msgs/msg/detail/health_status_stamped__type_support.cpp
[1.036s] -- Up-to-date: /home/rob/project/csci5551-s26-team-pointbot/install/zed_msgs/include/zed_msgs/zed_msgs/msg/detail/object__rosidl_typesupport_introspection_cpp.hpp
[1.036s] -- Up-to-date: /home/rob/project/csci5551-s26-team-pointbot/install/zed_msgs/include/zed_msgs/zed_msgs/msg/detail/gnss_fusion_status__rosidl_typesupport_introspection_cpp.hpp
[1.036s] -- Up-to-date: /home/rob/project/csci5551-s26-team-pointbot/install/zed_msgs/include/zed_msgs/zed_msgs/msg/detail/bounding_box2_df__rosidl_typesupport_introspection_cpp.hpp
[1.036s] -- Up-to-date: /home/rob/project/csci5551-s26-team-pointbot/install/zed_msgs/include/zed_msgs/zed_msgs/msg/detail/skeleton3_d__rosidl_typesupport_introspection_cpp.hpp
[1.036s] -- Up-to-date: /home/rob/project/csci5551-s26-team-pointbot/install/zed_msgs/include/zed_msgs/zed_msgs/msg/detail/bounding_box2_di__type_support.cpp
[1.036s] -- Up-to-date: /home/rob/project/csci5551-s26-team-pointbot/install/zed_msgs/include/zed_msgs/zed_msgs/msg/detail/health_status_stamped__rosidl_typesupport_introspection_cpp.hpp
[1.037s] -- Up-to-date: /home/rob/project/csci5551-s26-team-pointbot/install/zed_msgs/include/zed_msgs/zed_msgs/msg/detail/pos_track_status__type_support.cpp
[1.037s] -- Up-to-date: /home/rob/project/csci5551-s26-team-pointbot/install/zed_msgs/include/zed_msgs/zed_msgs/msg/detail/plane_stamped__rosidl_typesupport_introspection_cpp.hpp
[1.037s] -- Up-to-date: /home/rob/project/csci5551-s26-team-pointbot/install/zed_msgs/include/zed_msgs/zed_msgs/msg/detail/heartbeat__rosidl_typesupport_introspection_cpp.hpp
[1.037s] -- Up-to-date: /home/rob/project/csci5551-s26-team-pointbot/install/zed_msgs/include/zed_msgs/zed_msgs/msg/detail/keypoint2_di__type_support.cpp
[1.037s] -- Up-to-date: /home/rob/project/csci5551-s26-team-pointbot/install/zed_msgs/include/zed_msgs/zed_msgs/msg/detail/mag_heading_status__rosidl_typesupport_introspection_cpp.hpp
[1.037s] -- Up-to-date: /home/rob/project/csci5551-s26-team-pointbot/install/zed_msgs/include/zed_msgs/zed_msgs/msg/detail/bounding_box2_di__rosidl_typesupport_introspection_cpp.hpp
[1.037s] -- Up-to-date: /home/rob/project/csci5551-s26-team-pointbot/install/zed_msgs/include/zed_msgs/zed_msgs/msg/detail/skeleton2_d__type_support.cpp
[1.037s] -- Up-to-date: /home/rob/project/csci5551-s26-team-pointbot/install/zed_msgs/include/zed_msgs/zed_msgs/msg/detail/depth_info_stamped__type_support.cpp
[1.037s] -- Up-to-date: /home/rob/project/csci5551-s26-team-pointbot/install/zed_msgs/include/zed_msgs/zed_msgs/msg/detail/heartbeat__type_support.cpp
[1.037s] -- Up-to-date: /home/rob/project/csci5551-s26-team-pointbot/install/zed_msgs/include/zed_msgs/zed_msgs/msg/detail/bounding_box3_d__type_support.cpp
[1.037s] -- Up-to-date: /home/rob/project/csci5551-s26-team-pointbot/install/zed_msgs/include/zed_msgs/zed_msgs/msg/detail/bounding_box2_df__type_support.cpp
[1.037s] -- Up-to-date: /home/rob/project/csci5551-s26-team-pointbot/install/zed_msgs/include/zed_msgs/zed_msgs/msg/detail/keypoint2_df__rosidl_typesupport_introspection_cpp.hpp
[1.038s] -- Up-to-date: /home/rob/project/csci5551-s26-team-pointbot/install/zed_msgs/include/zed_msgs/zed_msgs/msg/detail/keypoint2_di__rosidl_typesupport_introspection_cpp.hpp
[1.038s] -- Up-to-date: /home/rob/project/csci5551-s26-team-pointbot/install/zed_msgs/include/zed_msgs/zed_msgs/msg/detail/svo_status__rosidl_typesupport_introspection_cpp.hpp
[1.038s] -- Up-to-date: /home/rob/project/csci5551-s26-team-pointbot/install/zed_msgs/include/zed_msgs/zed_msgs/msg/detail/mag_heading_status__type_support.cpp
[1.038s] -- Up-to-date: /home/rob/project/csci5551-s26-team-pointbot/install/zed_msgs/include/zed_msgs/zed_msgs/msg/detail/keypoint3_d__type_support.cpp
[1.038s] -- Up-to-date: /home/rob/project/csci5551-s26-team-pointbot/install/zed_msgs/include/zed_msgs/zed_msgs/msg/detail/skeleton3_d__type_support.cpp
[1.038s] -- Up-to-date: /home/rob/project/csci5551-s26-team-pointbot/install/zed_msgs/include/zed_msgs/zed_msgs/msg/detail/pos_track_status__rosidl_typesupport_introspection_cpp.hpp
[1.038s] -- Up-to-date: /home/rob/project/csci5551-s26-team-pointbot/install/zed_msgs/include/zed_msgs/zed_msgs/msg/detail/skeleton2_d__rosidl_typesupport_introspection_cpp.hpp
[1.038s] -- Up-to-date: /home/rob/project/csci5551-s26-team-pointbot/install/zed_msgs/include/zed_msgs/zed_msgs/msg/detail/gnss_fusion_status__type_support.cpp
[1.038s] -- Up-to-date: /home/rob/project/csci5551-s26-team-pointbot/install/zed_msgs/include/zed_msgs/zed_msgs/msg/detail/objects_stamped__rosidl_typesupport_introspection_cpp.hpp
[1.038s] -- Up-to-date: /home/rob/project/csci5551-s26-team-pointbot/install/zed_msgs/include/zed_msgs/zed_msgs/msg/detail/plane_stamped__type_support.cpp
[1.038s] -- Up-to-date: /home/rob/project/csci5551-s26-team-pointbot/install/zed_msgs/include/zed_msgs/zed_msgs/msg/detail/svo_status__type_support.cpp
[1.038s] -- Up-to-date: /home/rob/project/csci5551-s26-team-pointbot/install/zed_msgs/include/zed_msgs/zed_msgs/srv
[1.039s] -- Up-to-date: /home/rob/project/csci5551-s26-team-pointbot/install/zed_msgs/include/zed_msgs/zed_msgs/srv/detail
[1.039s] -- Up-to-date: /home/rob/project/csci5551-s26-team-pointbot/install/zed_msgs/include/zed_msgs/zed_msgs/srv/detail/set_pose__rosidl_typesupport_introspection_cpp.hpp
[1.039s] -- Up-to-date: /home/rob/project/csci5551-s26-team-pointbot/install/zed_msgs/include/zed_msgs/zed_msgs/srv/detail/set_svo_frame__type_support.cpp
[1.039s] -- Up-to-date: /home/rob/project/csci5551-s26-team-pointbot/install/zed_msgs/include/zed_msgs/zed_msgs/srv/detail/start_svo_rec__rosidl_typesupport_introspection_cpp.hpp
[1.039s] -- Up-to-date: /home/rob/project/csci5551-s26-team-pointbot/install/zed_msgs/include/zed_msgs/zed_msgs/srv/detail/set_pose__type_support.cpp
[1.039s] -- Up-to-date: /home/rob/project/csci5551-s26-team-pointbot/install/zed_msgs/include/zed_msgs/zed_msgs/srv/detail/set_roi__rosidl_typesupport_introspection_cpp.hpp
[1.039s] -- Up-to-date: /home/rob/project/csci5551-s26-team-pointbot/install/zed_msgs/include/zed_msgs/zed_msgs/srv/detail/save_area_memory__type_support.cpp
[1.039s] -- Up-to-date: /home/rob/project/csci5551-s26-team-pointbot/install/zed_msgs/include/zed_msgs/zed_msgs/srv/detail/set_svo_frame__rosidl_typesupport_introspection_cpp.hpp
[1.039s] -- Up-to-date: /home/rob/project/csci5551-s26-team-pointbot/install/zed_msgs/include/zed_msgs/zed_msgs/srv/detail/start_svo_rec__type_support.cpp
[1.039s] -- Up-to-date: /home/rob/project/csci5551-s26-team-pointbot/install/zed_msgs/include/zed_msgs/zed_msgs/srv/detail/save_area_memory__rosidl_typesupport_introspection_cpp.hpp
[1.039s] -- Up-to-date: /home/rob/project/csci5551-s26-team-pointbot/install/zed_msgs/include/zed_msgs/zed_msgs/srv/detail/set_roi__type_support.cpp
[1.040s] -- Up-to-date: /home/rob/project/csci5551-s26-team-pointbot/install/zed_msgs/lib/libzed_msgs__rosidl_typesupport_introspection_cpp.so
[1.040s] -- Up-to-date: /home/rob/project/csci5551-s26-team-pointbot/install/zed_msgs/lib/libzed_msgs__rosidl_typesupport_cpp.so
[1.040s] -- Up-to-date: /home/rob/project/csci5551-s26-team-pointbot/install/zed_msgs/share/zed_msgs/environment/pythonpath.sh
[1.040s] -- Up-to-date: /home/rob/project/csci5551-s26-team-pointbot/install/zed_msgs/share/zed_msgs/environment/pythonpath.dsv
[1.040s] -- Up-to-date: /home/rob/project/csci5551-s26-team-pointbot/install/zed_msgs/lib/python3.12/site-packages/zed_msgs-5.2.1-py3.12.egg-info
[1.040s] -- Installing: /home/rob/project/csci5551-s26-team-pointbot/install/zed_msgs/lib/python3.12/site-packages/zed_msgs-5.2.1-py3.12.egg-info/PKG-INFO
[1.040s] -- Installing: /home/rob/project/csci5551-s26-team-pointbot/install/zed_msgs/lib/python3.12/site-packages/zed_msgs-5.2.1-py3.12.egg-info/dependency_links.txt
[1.040s] -- Installing: /home/rob/project/csci5551-s26-team-pointbot/install/zed_msgs/lib/python3.12/site-packages/zed_msgs-5.2.1-py3.12.egg-info/SOURCES.txt
[1.040s] -- Installing: /home/rob/project/csci5551-s26-team-pointbot/install/zed_msgs/lib/python3.12/site-packages/zed_msgs-5.2.1-py3.12.egg-info/top_level.txt
[1.040s] -- Up-to-date: /home/rob/project/csci5551-s26-team-pointbot/install/zed_msgs/lib/python3.12/site-packages/zed_msgs
[1.040s] -- Up-to-date: /home/rob/project/csci5551-s26-team-pointbot/install/zed_msgs/lib/python3.12/site-packages/zed_msgs/zed_msgs_s__rosidl_typesupport_introspection_c.so
[1.041s] -- Up-to-date: /home/rob/project/csci5551-s26-team-pointbot/install/zed_msgs/lib/python3.12/site-packages/zed_msgs/_zed_msgs_s.ep.rosidl_typesupport_c.c
[1.041s] -- Up-to-date: /home/rob/project/csci5551-s26-team-pointbot/install/zed_msgs/lib/python3.12/site-packages/zed_msgs/_zed_msgs_s.ep.rosidl_typesupport_fastrtps_c.c
[1.041s] -- Up-to-date: /home/rob/project/csci5551-s26-team-pointbot/install/zed_msgs/lib/python3.12/site-packages/zed_msgs/__init__.py
[1.041s] -- Up-to-date: /home/rob/project/csci5551-s26-team-pointbot/install/zed_msgs/lib/python3.12/site-packages/zed_msgs/_zed_msgs_s.ep.rosidl_typesupport_introspection_c.c
[1.041s] -- Up-to-date: /home/rob/project/csci5551-s26-team-pointbot/install/zed_msgs/lib/python3.12/site-packages/zed_msgs/zed_msgs_s__rosidl_typesupport_fastrtps_c.so
[1.041s] -- Up-to-date: /home/rob/project/csci5551-s26-team-pointbot/install/zed_msgs/lib/python3.12/site-packages/zed_msgs/msg
[1.041s] -- Up-to-date: /home/rob/project/csci5551-s26-team-pointbot/install/zed_msgs/lib/python3.12/site-packages/zed_msgs/msg/_keypoint2_di.py
[1.041s] -- Up-to-date: /home/rob/project/csci5551-s26-team-pointbot/install/zed_msgs/lib/python3.12/site-packages/zed_msgs/msg/_svo_status_s.c
[1.041s] -- Up-to-date: /home/rob/project/csci5551-s26-team-pointbot/install/zed_msgs/lib/python3.12/site-packages/zed_msgs/msg/_svo_status.py
[1.041s] -- Up-to-date: /home/rob/project/csci5551-s26-team-pointbot/install/zed_msgs/lib/python3.12/site-packages/zed_msgs/msg/_keypoint2_df_s.c
[1.041s] -- Up-to-date: /home/rob/project/csci5551-s26-team-pointbot/install/zed_msgs/lib/python3.12/site-packages/zed_msgs/msg/_bounding_box3_d.py
[1.041s] -- Up-to-date: /home/rob/project/csci5551-s26-team-pointbot/install/zed_msgs/lib/python3.12/site-packages/zed_msgs/msg/_bounding_box2_di_s.c
[1.042s] -- Up-to-date: /home/rob/project/csci5551-s26-team-pointbot/install/zed_msgs/lib/python3.12/site-packages/zed_msgs/msg/_bounding_box2_df_s.c
[1.042s] -- Up-to-date: /home/rob/project/csci5551-s26-team-pointbot/install/zed_msgs/lib/python3.12/site-packages/zed_msgs/msg/_bounding_box2_df.py
[1.042s] -- Up-to-date: /home/rob/project/csci5551-s26-team-pointbot/install/zed_msgs/lib/python3.12/site-packages/zed_msgs/msg/_mag_heading_status.py
[1.042s] -- Up-to-date: /home/rob/project/csci5551-s26-team-pointbot/install/zed_msgs/lib/python3.12/site-packages/zed_msgs/msg/_skeleton3_d_s.c
[1.042s] -- Up-to-date: /home/rob/project/csci5551-s26-team-pointbot/install/zed_msgs/lib/python3.12/site-packages/zed_msgs/msg/_health_status_stamped_s.c
[1.042s] -- Up-to-date: /home/rob/project/csci5551-s26-team-pointbot/install/zed_msgs/lib/python3.12/site-packages/zed_msgs/msg/_heartbeat_s.c
[1.042s] -- Up-to-date: /home/rob/project/csci5551-s26-team-pointbot/install/zed_msgs/lib/python3.12/site-packages/zed_msgs/msg/_object.py
[1.042s] -- Up-to-date: /home/rob/project/csci5551-s26-team-pointbot/install/zed_msgs/lib/python3.12/site-packages/zed_msgs/msg/_gnss_fusion_status_s.c
[1.042s] -- Up-to-date: /home/rob/project/csci5551-s26-team-pointbot/install/zed_msgs/lib/python3.12/site-packages/zed_msgs/msg/_skeleton2_d.py
[1.042s] -- Up-to-date: /home/rob/project/csci5551-s26-team-pointbot/install/zed_msgs/lib/python3.12/site-packages/zed_msgs/msg/_pos_track_status_s.c
[1.042s] -- Up-to-date: /home/rob/project/csci5551-s26-team-pointbot/install/zed_msgs/lib/python3.12/site-packages/zed_msgs/msg/_mag_heading_status_s.c
[1.043s] -- Up-to-date: /home/rob/project/csci5551-s26-team-pointbot/install/zed_msgs/lib/python3.12/site-packages/zed_msgs/msg/_objects_stamped.py
[1.043s] -- Up-to-date: /home/rob/project/csci5551-s26-team-pointbot/install/zed_msgs/lib/python3.12/site-packages/zed_msgs/msg/__init__.py
[1.043s] -- Up-to-date: /home/rob/project/csci5551-s26-team-pointbot/install/zed_msgs/lib/python3.12/site-packages/zed_msgs/msg/_object_s.c
[1.043s] -- Up-to-date: /home/rob/project/csci5551-s26-team-pointbot/install/zed_msgs/lib/python3.12/site-packages/zed_msgs/msg/_keypoint2_df.py
[1.043s] -- Up-to-date: /home/rob/project/csci5551-s26-team-pointbot/install/zed_msgs/lib/python3.12/site-packages/zed_msgs/msg/_objects_stamped_s.c
[1.043s] -- Up-to-date: /home/rob/project/csci5551-s26-team-pointbot/install/zed_msgs/lib/python3.12/site-packages/zed_msgs/msg/_keypoint3_d_s.c
[1.043s] -- Up-to-date: /home/rob/project/csci5551-s26-team-pointbot/install/zed_msgs/lib/python3.12/site-packages/zed_msgs/msg/_keypoint2_di_s.c
[1.043s] -- Up-to-date: /home/rob/project/csci5551-s26-team-pointbot/install/zed_msgs/lib/python3.12/site-packages/zed_msgs/msg/_skeleton3_d.py
[1.043s] -- Up-to-date: /home/rob/project/csci5551-s26-team-pointbot/install/zed_msgs/lib/python3.12/site-packages/zed_msgs/msg/_bounding_box2_di.py
[1.043s] -- Up-to-date: /home/rob/project/csci5551-s26-team-pointbot/install/zed_msgs/lib/python3.12/site-packages/zed_msgs/msg/_pos_track_status.py
[1.043s] -- Up-to-date: /home/rob/project/csci5551-s26-team-pointbot/install/zed_msgs/lib/python3.12/site-packages/zed_msgs/msg/_heartbeat.py
[1.044s] -- Up-to-date: /home/rob/project/csci5551-s26-team-pointbot/install/zed_msgs/lib/python3.12/site-packages/zed_msgs/msg/_health_status_stamped.py
[1.044s] -- Up-to-date: /home/rob/project/csci5551-s26-team-pointbot/install/zed_msgs/lib/python3.12/site-packages/zed_msgs/msg/_keypoint3_d.py
[1.044s] -- Up-to-date: /home/rob/project/csci5551-s26-team-pointbot/install/zed_msgs/lib/python3.12/site-packages/zed_msgs/msg/_gnss_fusion_status.py
[1.044s] -- Up-to-date: /home/rob/project/csci5551-s26-team-pointbot/install/zed_msgs/lib/python3.12/site-packages/zed_msgs/msg/_depth_info_stamped_s.c
[1.044s] -- Up-to-date: /home/rob/project/csci5551-s26-team-pointbot/install/zed_msgs/lib/python3.12/site-packages/zed_msgs/msg/_bounding_box3_d_s.c
[1.044s] -- Up-to-date: /home/rob/project/csci5551-s26-team-pointbot/install/zed_msgs/lib/python3.12/site-packages/zed_msgs/msg/_skeleton2_d_s.c
[1.044s] -- Up-to-date: /home/rob/project/csci5551-s26-team-pointbot/install/zed_msgs/lib/python3.12/site-packages/zed_msgs/msg/_plane_stamped_s.c
[1.044s] -- Up-to-date: /home/rob/project/csci5551-s26-team-pointbot/install/zed_msgs/lib/python3.12/site-packages/zed_msgs/msg/_plane_stamped.py
[1.045s] -- Up-to-date: /home/rob/project/csci5551-s26-team-pointbot/install/zed_msgs/lib/python3.12/site-packages/zed_msgs/msg/_depth_info_stamped.py
[1.045s] -- Up-to-date: /home/rob/project/csci5551-s26-team-pointbot/install/zed_msgs/lib/python3.12/site-packages/zed_msgs/zed_msgs_s__rosidl_typesupport_c.so
[1.045s] -- Up-to-date: /home/rob/project/csci5551-s26-team-pointbot/install/zed_msgs/lib/python3.12/site-packages/zed_msgs/srv
[1.045s] -- Up-to-date: /home/rob/project/csci5551-s26-team-pointbot/install/zed_msgs/lib/python3.12/site-packages/zed_msgs/srv/_set_roi.py
[1.045s] -- Up-to-date: /home/rob/project/csci5551-s26-team-pointbot/install/zed_msgs/lib/python3.12/site-packages/zed_msgs/srv/_save_area_memory.py
[1.045s] -- Up-to-date: /home/rob/project/csci5551-s26-team-pointbot/install/zed_msgs/lib/python3.12/site-packages/zed_msgs/srv/_set_roi_s.c
[1.045s] -- Up-to-date: /home/rob/project/csci5551-s26-team-pointbot/install/zed_msgs/lib/python3.12/site-packages/zed_msgs/srv/_start_svo_rec_s.c
[1.045s] -- Up-to-date: /home/rob/project/csci5551-s26-team-pointbot/install/zed_msgs/lib/python3.12/site-packages/zed_msgs/srv/_set_svo_frame.py
[1.045s] -- Up-to-date: /home/rob/project/csci5551-s26-team-pointbot/install/zed_msgs/lib/python3.12/site-packages/zed_msgs/srv/_set_pose.py
[1.046s] -- Up-to-date: /home/rob/project/csci5551-s26-team-pointbot/install/zed_msgs/lib/python3.12/site-packages/zed_msgs/srv/__init__.py
[1.046s] -- Up-to-date: /home/rob/project/csci5551-s26-team-pointbot/install/zed_msgs/lib/python3.12/site-packages/zed_msgs/srv/_set_pose_s.c
[1.046s] -- Up-to-date: /home/rob/project/csci5551-s26-team-pointbot/install/zed_msgs/lib/python3.12/site-packages/zed_msgs/srv/_set_svo_frame_s.c
[1.046s] -- Up-to-date: /home/rob/project/csci5551-s26-team-pointbot/install/zed_msgs/lib/python3.12/site-packages/zed_msgs/srv/_save_area_memory_s.c
[1.046s] -- Up-to-date: /home/rob/project/csci5551-s26-team-pointbot/install/zed_msgs/lib/python3.12/site-packages/zed_msgs/srv/_start_svo_rec.py
[1.071s] Listing '/home/rob/project/csci5551-s26-team-pointbot/install/zed_msgs/lib/python3.12/site-packages/zed_msgs'...
[1.071s] Listing '/home/rob/project/csci5551-s26-team-pointbot/install/zed_msgs/lib/python3.12/site-packages/zed_msgs/msg'...
[1.071s] Listing '/home/rob/project/csci5551-s26-team-pointbot/install/zed_msgs/lib/python3.12/site-packages/zed_msgs/srv'...
[1.080s] -- Up-to-date: /home/rob/project/csci5551-s26-team-pointbot/install/zed_msgs/lib/python3.12/site-packages/zed_msgs/zed_msgs_s__rosidl_typesupport_fastrtps_c.so
[1.081s] -- Up-to-date: /home/rob/project/csci5551-s26-team-pointbot/install/zed_msgs/lib/python3.12/site-packages/zed_msgs/zed_msgs_s__rosidl_typesupport_introspection_c.so
[1.081s] -- Up-to-date: /home/rob/project/csci5551-s26-team-pointbot/install/zed_msgs/lib/python3.12/site-packages/zed_msgs/zed_msgs_s__rosidl_typesupport_c.so
[1.082s] -- Up-to-date: /home/rob/project/csci5551-s26-team-pointbot/install/zed_msgs/lib/libzed_msgs__rosidl_generator_py.so
[1.082s] -- Up-to-date: /home/rob/project/csci5551-s26-team-pointbot/install/zed_msgs/share/ament_index/resource_index/rust_packages/zed_msgs
[1.083s] -- Up-to-date: /home/rob/project/csci5551-s26-team-pointbot/install/zed_msgs/share/zed_msgs/rust
[1.083s] -- Up-to-date: /home/rob/project/csci5551-s26-team-pointbot/install/zed_msgs/share/zed_msgs/rust/Cargo.toml
[1.083s] -- Up-to-date: /home/rob/project/csci5551-s26-team-pointbot/install/zed_msgs/share/zed_msgs/rust/src
[1.083s] -- Up-to-date: /home/rob/project/csci5551-s26-team-pointbot/install/zed_msgs/share/zed_msgs/rust/src/lib.rs
[1.083s] -- Up-to-date: /home/rob/project/csci5551-s26-team-pointbot/install/zed_msgs/share/zed_msgs/rust/src/msg.rs
[1.084s] -- Up-to-date: /home/rob/project/csci5551-s26-team-pointbot/install/zed_msgs/share/zed_msgs/rust/src/srv.rs
[1.084s] -- Up-to-date: /home/rob/project/csci5551-s26-team-pointbot/install/zed_msgs/share/zed_msgs/rust/src/msg
[1.084s] -- Up-to-date: /home/rob/project/csci5551-s26-team-pointbot/install/zed_msgs/share/zed_msgs/rust/src/msg/rmw.rs
[1.084s] -- Up-to-date: /home/rob/project/csci5551-s26-team-pointbot/install/zed_msgs/share/zed_msgs/rust/src/srv
[1.084s] -- Up-to-date: /home/rob/project/csci5551-s26-team-pointbot/install/zed_msgs/share/zed_msgs/rust/src/srv/rmw.rs
[1.084s] -- Up-to-date: /home/rob/project/csci5551-s26-team-pointbot/install/zed_msgs/share/zed_msgs/rust/build.rs
[1.084s] -- Up-to-date: /home/rob/project/csci5551-s26-team-pointbot/install/zed_msgs/share/zed_msgs/msg/Object.idl
[1.084s] -- Up-to-date: /home/rob/project/csci5551-s26-team-pointbot/install/zed_msgs/share/zed_msgs/msg/ObjectsStamped.idl
[1.084s] -- Up-to-date: /home/rob/project/csci5551-s26-team-pointbot/install/zed_msgs/share/zed_msgs/msg/Keypoint2Di.idl
[1.084s] -- Up-to-date: /home/rob/project/csci5551-s26-team-pointbot/install/zed_msgs/share/zed_msgs/msg/Keypoint2Df.idl
[1.085s] -- Up-to-date: /home/rob/project/csci5551-s26-team-pointbot/install/zed_msgs/share/zed_msgs/msg/Keypoint3D.idl
[1.085s] -- Up-to-date: /home/rob/project/csci5551-s26-team-pointbot/install/zed_msgs/share/zed_msgs/msg/BoundingBox2Di.idl
[1.085s] -- Up-to-date: /home/rob/project/csci5551-s26-team-pointbot/install/zed_msgs/share/zed_msgs/msg/BoundingBox2Df.idl
[1.085s] -- Up-to-date: /home/rob/project/csci5551-s26-team-pointbot/install/zed_msgs/share/zed_msgs/msg/BoundingBox3D.idl
[1.085s] -- Up-to-date: /home/rob/project/csci5551-s26-team-pointbot/install/zed_msgs/share/zed_msgs/msg/Skeleton2D.idl
[1.085s] -- Up-to-date: /home/rob/project/csci5551-s26-team-pointbot/install/zed_msgs/share/zed_msgs/msg/Skeleton3D.idl
[1.085s] -- Up-to-date: /home/rob/project/csci5551-s26-team-pointbot/install/zed_msgs/share/zed_msgs/msg/DepthInfoStamped.idl
[1.086s] -- Up-to-date: /home/rob/project/csci5551-s26-team-pointbot/install/zed_msgs/share/zed_msgs/msg/PlaneStamped.idl
[1.086s] -- Up-to-date: /home/rob/project/csci5551-s26-team-pointbot/install/zed_msgs/share/zed_msgs/msg/PosTrackStatus.idl
[1.086s] -- Up-to-date: /home/rob/project/csci5551-s26-team-pointbot/install/zed_msgs/share/zed_msgs/msg/GnssFusionStatus.idl
[1.086s] -- Up-to-date: /home/rob/project/csci5551-s26-team-pointbot/install/zed_msgs/share/zed_msgs/msg/Heartbeat.idl
[1.086s] -- Up-to-date: /home/rob/project/csci5551-s26-team-pointbot/install/zed_msgs/share/zed_msgs/msg/MagHeadingStatus.idl
[1.086s] -- Up-to-date: /home/rob/project/csci5551-s26-team-pointbot/install/zed_msgs/share/zed_msgs/msg/SvoStatus.idl
[1.086s] -- Up-to-date: /home/rob/project/csci5551-s26-team-pointbot/install/zed_msgs/share/zed_msgs/msg/HealthStatusStamped.idl
[1.087s] -- Up-to-date: /home/rob/project/csci5551-s26-team-pointbot/install/zed_msgs/share/zed_msgs/srv/SetPose.idl
[1.087s] -- Up-to-date: /home/rob/project/csci5551-s26-team-pointbot/install/zed_msgs/share/zed_msgs/srv/StartSvoRec.idl
[1.087s] -- Up-to-date: /home/rob/project/csci5551-s26-team-pointbot/install/zed_msgs/share/zed_msgs/srv/SetROI.idl
[1.087s] -- Up-to-date: /home/rob/project/csci5551-s26-team-pointbot/install/zed_msgs/share/zed_msgs/srv/SetSvoFrame.idl
[1.087s] -- Up-to-date: /home/rob/project/csci5551-s26-team-pointbot/install/zed_msgs/share/zed_msgs/srv/SaveAreaMemory.idl
[1.087s] -- Up-to-date: /home/rob/project/csci5551-s26-team-pointbot/install/zed_msgs/share/zed_msgs/msg/Object.msg
[1.087s] -- Up-to-date: /home/rob/project/csci5551-s26-team-pointbot/install/zed_msgs/share/zed_msgs/msg/ObjectsStamped.msg
[1.088s] -- Up-to-date: /home/rob/project/csci5551-s26-team-pointbot/install/zed_msgs/share/zed_msgs/msg/Keypoint2Di.msg
[1.088s] -- Up-to-date: /home/rob/project/csci5551-s26-team-pointbot/install/zed_msgs/share/zed_msgs/msg/Keypoint2Df.msg
[1.088s] -- Up-to-date: /home/rob/project/csci5551-s26-team-pointbot/install/zed_msgs/share/zed_msgs/msg/Keypoint3D.msg
[1.088s] -- Up-to-date: /home/rob/project/csci5551-s26-team-pointbot/install/zed_msgs/share/zed_msgs/msg/BoundingBox2Di.msg
[1.088s] -- Up-to-date: /home/rob/project/csci5551-s26-team-pointbot/install/zed_msgs/share/zed_msgs/msg/BoundingBox2Df.msg
[1.088s] -- Up-to-date: /home/rob/project/csci5551-s26-team-pointbot/install/zed_msgs/share/zed_msgs/msg/BoundingBox3D.msg
[1.088s] -- Up-to-date: /home/rob/project/csci5551-s26-team-pointbot/install/zed_msgs/share/zed_msgs/msg/Skeleton2D.msg
[1.088s] -- Up-to-date: /home/rob/project/csci5551-s26-team-pointbot/install/zed_msgs/share/zed_msgs/msg/Skeleton3D.msg
[1.088s] -- Up-to-date: /home/rob/project/csci5551-s26-team-pointbot/install/zed_msgs/share/zed_msgs/msg/DepthInfoStamped.msg
[1.089s] -- Up-to-date: /home/rob/project/csci5551-s26-team-pointbot/install/zed_msgs/share/zed_msgs/msg/PlaneStamped.msg
[1.089s] -- Up-to-date: /home/rob/project/csci5551-s26-team-pointbot/install/zed_msgs/share/zed_msgs/msg/PosTrackStatus.msg
[1.089s] -- Up-to-date: /home/rob/project/csci5551-s26-team-pointbot/install/zed_msgs/share/zed_msgs/msg/GnssFusionStatus.msg
[1.089s] -- Up-to-date: /home/rob/project/csci5551-s26-team-pointbot/install/zed_msgs/share/zed_msgs/msg/Heartbeat.msg
[1.089s] -- Up-to-date: /home/rob/project/csci5551-s26-team-pointbot/install/zed_msgs/share/zed_msgs/msg/MagHeadingStatus.msg
[1.089s] -- Up-to-date: /home/rob/project/csci5551-s26-team-pointbot/install/zed_msgs/share/zed_msgs/msg/SvoStatus.msg
[1.089s] -- Up-to-date: /home/rob/project/csci5551-s26-team-pointbot/install/zed_msgs/share/zed_msgs/msg/HealthStatusStamped.msg
[1.089s] -- Up-to-date: /home/rob/project/csci5551-s26-team-pointbot/install/zed_msgs/share/zed_msgs/srv/SetPose.srv
[1.089s] -- Up-to-date: /home/rob/project/csci5551-s26-team-pointbot/install/zed_msgs/share/zed_msgs/srv/StartSvoRec.srv
[1.089s] -- Up-to-date: /home/rob/project/csci5551-s26-team-pointbot/install/zed_msgs/share/zed_msgs/srv/SetROI.srv
[1.090s] -- Up-to-date: /home/rob/project/csci5551-s26-team-pointbot/install/zed_msgs/share/zed_msgs/srv/SetSvoFrame.srv
[1.090s] -- Up-to-date: /home/rob/project/csci5551-s26-team-pointbot/install/zed_msgs/share/zed_msgs/srv/SaveAreaMemory.srv
[1.090s] -- Up-to-date: /home/rob/project/csci5551-s26-team-pointbot/install/zed_msgs/share/ament_index/resource_index/package_run_dependencies/zed_msgs
[1.090s] -- Up-to-date: /home/rob/project/csci5551-s26-team-pointbot/install/zed_msgs/share/ament_index/resource_index/parent_prefix_path/zed_msgs
[1.090s] -- Up-to-date: /home/rob/project/csci5551-s26-team-pointbot/install/zed_msgs/share/zed_msgs/environment/ament_prefix_path.sh
[1.091s] -- Up-to-date: /home/rob/project/csci5551-s26-team-pointbot/install/zed_msgs/share/zed_msgs/environment/ament_prefix_path.dsv
[1.091s] -- Up-to-date: /home/rob/project/csci5551-s26-team-pointbot/install/zed_msgs/share/zed_msgs/environment/path.sh
[1.091s] -- Up-to-date: /home/rob/project/csci5551-s26-team-pointbot/install/zed_msgs/share/zed_msgs/environment/path.dsv
[1.091s] -- Up-to-date: /home/rob/project/csci5551-s26-team-pointbot/install/zed_msgs/share/zed_msgs/local_setup.bash
[1.091s] -- Up-to-date: /home/rob/project/csci5551-s26-team-pointbot/install/zed_msgs/share/zed_msgs/local_setup.sh
[1.091s] -- Up-to-date: /home/rob/project/csci5551-s26-team-pointbot/install/zed_msgs/share/zed_msgs/local_setup.zsh
[1.091s] -- Up-to-date: /home/rob/project/csci5551-s26-team-pointbot/install/zed_msgs/share/zed_msgs/local_setup.dsv
[1.091s] -- Installing: /home/rob/project/csci5551-s26-team-pointbot/install/zed_msgs/share/zed_msgs/package.dsv
[1.091s] -- Up-to-date: /home/rob/project/csci5551-s26-team-pointbot/install/zed_msgs/share/ament_index/resource_index/packages/zed_msgs
[1.092s] -- Up-to-date: /home/rob/project/csci5551-s26-team-pointbot/install/zed_msgs/share/zed_msgs/cmake/export_zed_msgs__rosidl_generator_cExport.cmake
[1.092s] -- Up-to-date: /home/rob/project/csci5551-s26-team-pointbot/install/zed_msgs/share/zed_msgs/cmake/export_zed_msgs__rosidl_generator_cExport-noconfig.cmake
[1.092s] -- Up-to-date: /home/rob/project/csci5551-s26-team-pointbot/install/zed_msgs/share/zed_msgs/cmake/export_zed_msgs__rosidl_typesupport_fastrtps_cExport.cmake
[1.092s] -- Up-to-date: /home/rob/project/csci5551-s26-team-pointbot/install/zed_msgs/share/zed_msgs/cmake/export_zed_msgs__rosidl_typesupport_fastrtps_cExport-noconfig.cmake
[1.092s] -- Up-to-date: /home/rob/project/csci5551-s26-team-pointbot/install/zed_msgs/share/zed_msgs/cmake/export_zed_msgs__rosidl_generator_cppExport.cmake
[1.092s] -- Up-to-date: /home/rob/project/csci5551-s26-team-pointbot/install/zed_msgs/share/zed_msgs/cmake/export_zed_msgs__rosidl_typesupport_fastrtps_cppExport.cmake
[1.092s] -- Up-to-date: /home/rob/project/csci5551-s26-team-pointbot/install/zed_msgs/share/zed_msgs/cmake/export_zed_msgs__rosidl_typesupport_fastrtps_cppExport-noconfig.cmake
[1.092s] -- Up-to-date: /home/rob/project/csci5551-s26-team-pointbot/install/zed_msgs/share/zed_msgs/cmake/zed_msgs__rosidl_typesupport_introspection_cExport.cmake
[1.092s] -- Up-to-date: /home/rob/project/csci5551-s26-team-pointbot/install/zed_msgs/share/zed_msgs/cmake/zed_msgs__rosidl_typesupport_introspection_cExport-noconfig.cmake
[1.092s] -- Up-to-date: /home/rob/project/csci5551-s26-team-pointbot/install/zed_msgs/share/zed_msgs/cmake/zed_msgs__rosidl_typesupport_cExport.cmake
[1.092s] -- Up-to-date: /home/rob/project/csci5551-s26-team-pointbot/install/zed_msgs/share/zed_msgs/cmake/zed_msgs__rosidl_typesupport_cExport-noconfig.cmake
[1.093s] -- Up-to-date: /home/rob/project/csci5551-s26-team-pointbot/install/zed_msgs/share/zed_msgs/cmake/zed_msgs__rosidl_typesupport_introspection_cppExport.cmake
[1.093s] -- Up-to-date: /home/rob/project/csci5551-s26-team-pointbot/install/zed_msgs/share/zed_msgs/cmake/zed_msgs__rosidl_typesupport_introspection_cppExport-noconfig.cmake
[1.093s] -- Up-to-date: /home/rob/project/csci5551-s26-team-pointbot/install/zed_msgs/share/zed_msgs/cmake/zed_msgs__rosidl_typesupport_cppExport.cmake
[1.093s] -- Up-to-date: /home/rob/project/csci5551-s26-team-pointbot/install/zed_msgs/share/zed_msgs/cmake/zed_msgs__rosidl_typesupport_cppExport-noconfig.cmake
[1.093s] -- Up-to-date: /home/rob/project/csci5551-s26-team-pointbot/install/zed_msgs/share/zed_msgs/cmake/export_zed_msgs__rosidl_generator_pyExport.cmake
[1.093s] -- Up-to-date: /home/rob/project/csci5551-s26-team-pointbot/install/zed_msgs/share/zed_msgs/cmake/export_zed_msgs__rosidl_generator_pyExport-noconfig.cmake
[1.093s] -- Up-to-date: /home/rob/project/csci5551-s26-team-pointbot/install/zed_msgs/share/zed_msgs/cmake/rosidl_cmake-extras.cmake
[1.093s] -- Up-to-date: /home/rob/project/csci5551-s26-team-pointbot/install/zed_msgs/share/zed_msgs/cmake/ament_cmake_export_dependencies-extras.cmake
[1.093s] -- Up-to-date: /home/rob/project/csci5551-s26-team-pointbot/install/zed_msgs/share/zed_msgs/cmake/ament_cmake_export_include_directories-extras.cmake
[1.093s] -- Up-to-date: /home/rob/project/csci5551-s26-team-pointbot/install/zed_msgs/share/zed_msgs/cmake/ament_cmake_export_libraries-extras.cmake
[1.093s] -- Up-to-date: /home/rob/project/csci5551-s26-team-pointbot/install/zed_msgs/share/zed_msgs/cmake/ament_cmake_export_targets-extras.cmake
[1.094s] -- Up-to-date: /home/rob/project/csci5551-s26-team-pointbot/install/zed_msgs/share/zed_msgs/cmake/rosidl_cmake_export_typesupport_targets-extras.cmake
[1.094s] -- Up-to-date: /home/rob/project/csci5551-s26-team-pointbot/install/zed_msgs/share/zed_msgs/cmake/rosidl_cmake_export_typesupport_libraries-extras.cmake
[1.094s] -- Up-to-date: /home/rob/project/csci5551-s26-team-pointbot/install/zed_msgs/share/zed_msgs/cmake/zed_msgsConfig.cmake
[1.094s] -- Up-to-date: /home/rob/project/csci5551-s26-team-pointbot/install/zed_msgs/share/zed_msgs/cmake/zed_msgsConfig-version.cmake
[1.094s] -- Up-to-date: /home/rob/project/csci5551-s26-team-pointbot/install/zed_msgs/share/zed_msgs/package.xml
[1.625s] Invoked command in '/home/rob/project/csci5551-s26-team-pointbot/build/zed_msgs' returned '0': CMAKE_PREFIX_PATH=${CMAKE_PREFIX_PATH}:/home/rob/project/csci5551-s26-team-pointbot/install/planning:/home/rob/project/csci5551-s26-team-pointbot/install/perception:/home/rob/project/csci5551-s26-team-pointbot/install/pointbot_rviz:/home/rob/project/csci5551-s26-team-pointbot/install/uf_ros_lib:/opt/ros/jazzy DEBUGINFOD_URLS=https://debuginfod.ubuntu.com /usr/bin/cmake --install /home/rob/project/csci5551-s26-team-pointbot/build/zed_msgs
