running egg_info
writing ../../build/perception/perception.egg-info/PKG-INFO
writing dependency_links to ../../build/perception/perception.egg-info/dependency_links.txt
writing entry points to ../../build/perception/perception.egg-info/entry_points.txt
writing requirements to ../../build/perception/perception.egg-info/requires.txt
writing top-level names to ../../build/perception/perception.egg-info/top_level.txt
reading manifest file '../../build/perception/perception.egg-info/SOURCES.txt'
writing manifest file '../../build/perception/perception.egg-info/SOURCES.txt'
running build
running build_py
copying perception/detect_object_pose.py -> /home/rob/project/csci5551-s26-team-pointbot/build/perception/build/lib/perception
copying perception/zed_camera.py -> /home/rob/project/csci5551-s26-team-pointbot/build/perception/build/lib/perception
copying perception/zed_transform.py -> /home/rob/project/csci5551-s26-team-pointbot/build/perception/build/lib/perception
copying perception/perception_action_server.py -> /home/rob/project/csci5551-s26-team-pointbot/build/perception/build/lib/perception
running install
running install_lib
copying /home/rob/project/csci5551-s26-team-pointbot/build/perception/build/lib/perception/detect_object_pose.py -> /home/rob/project/csci5551-s26-team-pointbot/install/perception/lib/python3.12/site-packages/perception
copying /home/rob/project/csci5551-s26-team-pointbot/build/perception/build/lib/perception/zed_camera.py -> /home/rob/project/csci5551-s26-team-pointbot/install/perception/lib/python3.12/site-packages/perception
copying /home/rob/project/csci5551-s26-team-pointbot/build/perception/build/lib/perception/perception_action_server.py -> /home/rob/project/csci5551-s26-team-pointbot/install/perception/lib/python3.12/site-packages/perception
copying /home/rob/project/csci5551-s26-team-pointbot/build/perception/build/lib/perception/zed_transform.py -> /home/rob/project/csci5551-s26-team-pointbot/install/perception/lib/python3.12/site-packages/perception
byte-compiling /home/rob/project/csci5551-s26-team-pointbot/install/perception/lib/python3.12/site-packages/perception/detect_object_pose.py to detect_object_pose.cpython-312.pyc
byte-compiling /home/rob/project/csci5551-s26-team-pointbot/install/perception/lib/python3.12/site-packages/perception/zed_camera.py to zed_camera.cpython-312.pyc
byte-compiling /home/rob/project/csci5551-s26-team-pointbot/install/perception/lib/python3.12/site-packages/perception/perception_action_server.py to perception_action_server.cpython-312.pyc
byte-compiling /home/rob/project/csci5551-s26-team-pointbot/install/perception/lib/python3.12/site-packages/perception/zed_transform.py to zed_transform.cpython-312.pyc
running install_data
running install_egg_info
removing '/home/rob/project/csci5551-s26-team-pointbot/install/perception/lib/python3.12/site-packages/perception-0.0.0-py3.12.egg-info' (and everything under it)
Copying ../../build/perception/perception.egg-info to /home/rob/project/csci5551-s26-team-pointbot/install/perception/lib/python3.12/site-packages/perception-0.0.0-py3.12.egg-info
running install_scripts
Installing perception_action_server script to /home/rob/project/csci5551-s26-team-pointbot/install/perception/lib/perception
writing list of installed files to '/home/rob/project/csci5551-s26-team-pointbot/build/perception/install.log'
