-- The C compiler identification is GNU 13.3.0
-- The CXX compiler identification is GNU 13.3.0
-- Detecting C compiler ABI info
-- Detecting C compiler ABI info - done
-- Check for working C compiler: /usr/bin/cc - skipped
-- Detecting C compile features
-- Detecting C compile features - done
-- Detecting CXX compiler ABI info
-- Detecting CXX compiler ABI info - done
-- Check for working CXX compiler: /usr/bin/c++ - skipped
-- Detecting CXX compile features
-- Detecting CXX compile features - done
-- Found nlohmann_json: /usr/share/cmake/nlohmann_json/nlohmann_jsonConfig.cmake (found version "3.11.3") 
-- Looking for sgemm_
-- Looking for sgemm_ - not found
-- Performing Test CMAKE_HAVE_LIBC_PTHREAD
-- Performing Test CMAKE_HAVE_LIBC_PTHREAD - Success
-- Found Threads: TRUE  
-- Looking for sgemm_
-- Looking for sgemm_ - found
-- Found BLAS: /usr/lib/x86_64-linux-gnu/libopenblas.so  
-- Found CUDA: /usr/local/cuda (found suitable version "12.8", minimum required is "12") 
-- Found CUDA: /usr/local/cuda (found version "12.8") 
-- Found ament_cmake_auto: 2.5.5 (/opt/ros/jazzy/share/ament_cmake_auto/cmake)
-- Found Python3: /home/rob/miniforge3/bin/python3 (found version "3.13.12") found components: Interpreter 
-- Found rosidl_generator_c: 4.6.7 (/opt/ros/jazzy/share/rosidl_generator_c/cmake)
-- Found rosidl_generator_cpp: 4.6.7 (/opt/ros/jazzy/share/rosidl_generator_cpp/cmake)
-- Using all available rosidl_typesupport_c: rosidl_typesupport_fastrtps_c;rosidl_typesupport_introspection_c
-- Using all available rosidl_typesupport_cpp: rosidl_typesupport_fastrtps_cpp;rosidl_typesupport_introspection_cpp
-- Found rmw_implementation_cmake: 7.3.3 (/opt/ros/jazzy/share/rmw_implementation_cmake/cmake)
-- Found rmw_fastrtps_cpp: 8.4.3 (/opt/ros/jazzy/share/rmw_fastrtps_cpp/cmake)
-- Found OpenSSL: /usr/lib/x86_64-linux-gnu/libcrypto.so (found version "3.0.13")  
-- Found FastRTPS: /opt/ros/jazzy/include (Required is at least version "2.13") 
-- Using RMW implementation 'rmw_fastrtps_cpp' as default
-- Found eigen3_cmake_module: 0.3.0 (/opt/ros/jazzy/share/eigen3_cmake_module/cmake)
-- Found Eigen3: TRUE (found version "3.4.0") 
-- Ensuring Eigen3 include directory is part of orocos-kdl CMake target
-- Found ament_lint_auto: 0.17.4 (/opt/ros/jazzy/share/ament_lint_auto/cmake)
-- Added test 'copyright' to check source files copyright and LICENSE
-- Added test 'cppcheck' to perform static code analysis on C / C++ code
-- Configured cppcheck include dirs: /home/rob/project/csci5551-s26-team-pointbot/src/zed-ros2-wrapper/zed_components/src/include;/home/rob/project/csci5551-s26-team-pointbot/src/zed-ros2-wrapper/zed_components/src/zed_camera/include;/home/rob/project/csci5551-s26-team-pointbot/src/zed-ros2-wrapper/zed_components/src/tools/include;/home/rob/project/csci5551-s26-team-pointbot/src/zed-ros2-wrapper/zed_components/src/zed_camera_one/include
-- Configured cppcheck exclude dirs and/or files: 
-- Added test 'lint_cmake' to check CMake code style
-- Added test 'uncrustify' to check C / C++ code style
-- Configured uncrustify additional arguments: 
-- Added test 'xmllint' to check XML markup files
-- Configuring done (4.9s)
-- Generating done (0.1s)
-- Build files have been written to: /home/rob/project/csci5551-s26-team-pointbot/build/zed_components
[ 11%] [32mBuilding CXX object CMakeFiles/zed_camera_component.dir/src/tools/src/gnss_replay.cpp.o[0m
[ 17%] [32mBuilding CXX object CMakeFiles/zed_camera_component.dir/src/zed_camera/src/zed_camera_component_video_depth.cpp.o[0m
[ 17%] [32mBuilding CXX object CMakeFiles/zed_camera_component.dir/src/zed_camera/src/zed_camera_component_main.cpp.o[0m
[ 29%] [32mBuilding CXX object CMakeFiles/zed_camera_component.dir/src/tools/src/sl_tools.cpp.o[0m
[ 29%] [32mBuilding CXX object CMakeFiles/zed_camera_component.dir/src/zed_camera/src/zed_camera_component_bodytrk.cpp.o[0m
[ 35%] [32mBuilding CXX object CMakeFiles/zed_camera_component.dir/src/zed_camera/src/zed_camera_component_objdet.cpp.o[0m
[ 41%] [32mBuilding CXX object CMakeFiles/zed_camera_component.dir/src/tools/src/sl_types.cpp.o[0m
[ 47%] [32mBuilding CXX object CMakeFiles/zed_camera_component.dir/src/tools/src/sl_win_avg.cpp.o[0m
[ 58%] [32mBuilding CXX object CMakeFiles/zed_camera_one_component.dir/src/zed_camera_one/src/zed_camera_one_component_main.cpp.o[0m
[ 64%] [32mBuilding CXX object CMakeFiles/zed_camera_one_component.dir/src/zed_camera_one/src/zed_camera_one_component_video.cpp.o[0m
[ 70%] [32mBuilding CXX object CMakeFiles/zed_camera_one_component.dir/src/tools/src/sl_types.cpp.o[0m
[ 76%] [32mBuilding CXX object CMakeFiles/zed_camera_one_component.dir/src/tools/src/gnss_replay.cpp.o[0m
[ 76%] [32mBuilding CXX object CMakeFiles/zed_camera_one_component.dir/src/zed_camera_one/src/zed_camera_one_component_sensors.cpp.o[0m
[ 82%] [32mBuilding CXX object CMakeFiles/zed_camera_one_component.dir/src/tools/src/sl_tools.cpp.o[0m
[ 88%] [32mBuilding CXX object CMakeFiles/zed_camera_one_component.dir/src/tools/src/sl_win_avg.cpp.o[0m
[ 94%] [32m[1mLinking CXX shared library libzed_camera_one_component.so[0m
[ 94%] Built target zed_camera_one_component
[100%] [32m[1mLinking CXX shared library libzed_camera_component.so[0m
[100%] Built target zed_camera_component
-- Install configuration: "Release"
-- Installing: /home/rob/project/csci5551-s26-team-pointbot/install/lib/libzed_camera_component.so
-- Set non-toolchain portion of runtime path of "/home/rob/project/csci5551-s26-team-pointbot/install/lib/libzed_camera_component.so" to ""
-- Installing: /home/rob/project/csci5551-s26-team-pointbot/install/lib/libzed_camera_one_component.so
-- Set non-toolchain portion of runtime path of "/home/rob/project/csci5551-s26-team-pointbot/install/lib/libzed_camera_one_component.so" to ""
-- Installing: /home/rob/project/csci5551-s26-team-pointbot/install/include/zed_components/
-- Installing: /home/rob/project/csci5551-s26-team-pointbot/install/include/zed_components//zed_camera_component.hpp
-- Installing: /home/rob/project/csci5551-s26-team-pointbot/install/include/zed_components//cost_traversability.hpp
-- Up-to-date: /home/rob/project/csci5551-s26-team-pointbot/install/include/zed_components/
-- Installing: /home/rob/project/csci5551-s26-team-pointbot/install/include/zed_components//zed_camera_one_component.hpp
-- Up-to-date: /home/rob/project/csci5551-s26-team-pointbot/install/include/zed_components/
-- Installing: /home/rob/project/csci5551-s26-team-pointbot/install/include/zed_components//sl_logging.hpp
-- Installing: /home/rob/project/csci5551-s26-team-pointbot/install/include/zed_components//sl_types.hpp
-- Installing: /home/rob/project/csci5551-s26-team-pointbot/install/include/zed_components//sl_win_avg.hpp
-- Installing: /home/rob/project/csci5551-s26-team-pointbot/install/include/zed_components//sl_tools.hpp
-- Installing: /home/rob/project/csci5551-s26-team-pointbot/install/include/zed_components//gnss_replay.hpp
-- Up-to-date: /home/rob/project/csci5551-s26-team-pointbot/install/include/zed_components/
-- Installing: /home/rob/project/csci5551-s26-team-pointbot/install/include/zed_components//visibility_control.hpp
-- Installing: /home/rob/project/csci5551-s26-team-pointbot/install/include/zed_components//sl_version.hpp
-- Installing: /home/rob/project/csci5551-s26-team-pointbot/install/share/zed_components/environment/library_path.sh
-- Installing: /home/rob/project/csci5551-s26-team-pointbot/install/share/zed_components/environment/library_path.dsv
-- Installing: /home/rob/project/csci5551-s26-team-pointbot/install/share/ament_index/resource_index/package_run_dependencies/zed_components
-- Installing: /home/rob/project/csci5551-s26-team-pointbot/install/share/ament_index/resource_index/parent_prefix_path/zed_components
-- Installing: /home/rob/project/csci5551-s26-team-pointbot/install/share/zed_components/environment/ament_prefix_path.sh
-- Installing: /home/rob/project/csci5551-s26-team-pointbot/install/share/zed_components/environment/ament_prefix_path.dsv
-- Installing: /home/rob/project/csci5551-s26-team-pointbot/install/share/zed_components/environment/path.sh
-- Installing: /home/rob/project/csci5551-s26-team-pointbot/install/share/zed_components/environment/path.dsv
-- Installing: /home/rob/project/csci5551-s26-team-pointbot/install/share/zed_components/local_setup.bash
-- Installing: /home/rob/project/csci5551-s26-team-pointbot/install/share/zed_components/local_setup.sh
-- Installing: /home/rob/project/csci5551-s26-team-pointbot/install/share/zed_components/local_setup.zsh
-- Installing: /home/rob/project/csci5551-s26-team-pointbot/install/share/zed_components/local_setup.dsv
-- Installing: /home/rob/project/csci5551-s26-team-pointbot/install/share/zed_components/package.dsv
-- Installing: /home/rob/project/csci5551-s26-team-pointbot/install/share/ament_index/resource_index/packages/zed_components
-- Installing: /home/rob/project/csci5551-s26-team-pointbot/install/share/ament_index/resource_index/rclcpp_components/zed_components
-- Installing: /home/rob/project/csci5551-s26-team-pointbot/install/share/zed_components/cmake/ament_cmake_export_include_directories-extras.cmake
-- Installing: /home/rob/project/csci5551-s26-team-pointbot/install/share/zed_components/cmake/ament_cmake_export_libraries-extras.cmake
-- Installing: /home/rob/project/csci5551-s26-team-pointbot/install/share/zed_components/cmake/ament_cmake_export_dependencies-extras.cmake
-- Installing: /home/rob/project/csci5551-s26-team-pointbot/install/share/zed_components/cmake/zed_componentsConfig.cmake
-- Installing: /home/rob/project/csci5551-s26-team-pointbot/install/share/zed_components/cmake/zed_componentsConfig-version.cmake
-- Installing: /home/rob/project/csci5551-s26-team-pointbot/install/share/zed_components/package.xml
