-- The C compiler identification is GNU 13.3.0
-- The CXX compiler identification is GNU 13.3.0
-- Detecting C compiler ABI info
-- Detecting C compiler ABI info - done
-- Check for working C compiler: /usr/bin/cc - skipped
-- Detecting C compile features
-- Detecting C compile features - done
-- Detecting CXX compiler ABI info
-- Detecting CXX compiler ABI info - done
-- Check for working CXX compiler: /usr/bin/c++ - skipped
-- Detecting CXX compile features
-- Detecting CXX compile features - done
-- Found ament_cmake: 2.5.6 (/opt/ros/jazzy/share/ament_cmake/cmake)
-- Found Python3: /usr/bin/python3 (found version "3.12.3") found components: Interpreter 
-- Found rclcpp: 28.1.18 (/opt/ros/jazzy/share/rclcpp/cmake)
-- Found rosidl_generator_c: 4.6.7 (/opt/ros/jazzy/share/rosidl_generator_c/cmake)
-- Found rosidl_generator_cpp: 4.6.7 (/opt/ros/jazzy/share/rosidl_generator_cpp/cmake)
-- Using all available rosidl_typesupport_c: rosidl_typesupport_fastrtps_c;rosidl_typesupport_introspection_c
-- Using all available rosidl_typesupport_cpp: rosidl_typesupport_fastrtps_cpp;rosidl_typesupport_introspection_cpp
-- Found rmw_implementation_cmake: 7.3.3 (/opt/ros/jazzy/share/rmw_implementation_cmake/cmake)
-- Found rmw_fastrtps_cpp: 8.4.3 (/opt/ros/jazzy/share/rmw_fastrtps_cpp/cmake)
-- Found OpenSSL: /usr/lib/x86_64-linux-gnu/libcrypto.so (found version "3.0.13")  
-- Found FastRTPS: /opt/ros/jazzy/include (Required is at least version "2.13") 
-- Using RMW implementation 'rmw_fastrtps_cpp' as default
-- Found behaviortree_ros2: 0.3.0 (/home/rob/project/csci5551-s26-team-pointbot/install/behaviortree_ros2/share/behaviortree_ros2/cmake)
-- Found point_bot_interfaces: 0.0.0 (/home/rob/project/csci5551-s26-team-pointbot/install/point_bot_interfaces/share/point_bot_interfaces/cmake)
-- Configuring done (2.2s)
-- Generating done (0.0s)
-- Build files have been written to: /home/rob/project/csci5551-s26-team-pointbot/build/control
[ 50%] [32mBuilding CXX object CMakeFiles/control_tree.dir/src/control_tree.cpp.o[0m
[100%] [32m[1mLinking CXX executable control_tree[0m
[100%] Built target control_tree
-- Install configuration: ""
-- Installing: /home/rob/project/csci5551-s26-team-pointbot/install/control/lib/control/control_tree
-- Set non-toolchain portion of runtime path of "/home/rob/project/csci5551-s26-team-pointbot/install/control/lib/control/control_tree" to ""
-- Installing: /home/rob/project/csci5551-s26-team-pointbot/install/control/share/control/point_bot_tree.btproj
-- Installing: /home/rob/project/csci5551-s26-team-pointbot/install/control/share/control/point_bot_tree.xml
-- Installing: /home/rob/project/csci5551-s26-team-pointbot/install/control/share/control/launch
-- Installing: /home/rob/project/csci5551-s26-team-pointbot/install/control/share/control/launch/full_system_launch.py
-- Installing: /home/rob/project/csci5551-s26-team-pointbot/install/control/share/ament_index/resource_index/package_run_dependencies/control
-- Installing: /home/rob/project/csci5551-s26-team-pointbot/install/control/share/ament_index/resource_index/parent_prefix_path/control
-- Installing: /home/rob/project/csci5551-s26-team-pointbot/install/control/share/control/environment/ament_prefix_path.sh
-- Installing: /home/rob/project/csci5551-s26-team-pointbot/install/control/share/control/environment/ament_prefix_path.dsv
-- Installing: /home/rob/project/csci5551-s26-team-pointbot/install/control/share/control/environment/path.sh
-- Installing: /home/rob/project/csci5551-s26-team-pointbot/install/control/share/control/environment/path.dsv
-- Installing: /home/rob/project/csci5551-s26-team-pointbot/install/control/share/control/local_setup.bash
-- Installing: /home/rob/project/csci5551-s26-team-pointbot/install/control/share/control/local_setup.sh
-- Installing: /home/rob/project/csci5551-s26-team-pointbot/install/control/share/control/local_setup.zsh
-- Installing: /home/rob/project/csci5551-s26-team-pointbot/install/control/share/control/local_setup.dsv
-- Installing: /home/rob/project/csci5551-s26-team-pointbot/install/control/share/control/package.dsv
-- Installing: /home/rob/project/csci5551-s26-team-pointbot/install/control/share/ament_index/resource_index/packages/control
-- Installing: /home/rob/project/csci5551-s26-team-pointbot/install/control/share/control/cmake/controlConfig.cmake
-- Installing: /home/rob/project/csci5551-s26-team-pointbot/install/control/share/control/cmake/controlConfig-version.cmake
-- Installing: /home/rob/project/csci5551-s26-team-pointbot/install/control/share/control/package.xml
