running egg_info
creating ../../build/planning/planning.egg-info
writing ../../build/planning/planning.egg-info/PKG-INFO
writing dependency_links to ../../build/planning/planning.egg-info/dependency_links.txt
writing entry points to ../../build/planning/planning.egg-info/entry_points.txt
writing requirements to ../../build/planning/planning.egg-info/requires.txt
writing top-level names to ../../build/planning/planning.egg-info/top_level.txt
writing manifest file '../../build/planning/planning.egg-info/SOURCES.txt'
reading manifest file '../../build/planning/planning.egg-info/SOURCES.txt'
writing manifest file '../../build/planning/planning.egg-info/SOURCES.txt'
running build
running build_py
creating /home/rob/project/csci5551-s26-team-pointbot/build/planning/build
creating /home/rob/project/csci5551-s26-team-pointbot/build/planning/build/lib
creating /home/rob/project/csci5551-s26-team-pointbot/build/planning/build/lib/planning
copying planning/__init__.py -> /home/rob/project/csci5551-s26-team-pointbot/build/planning/build/lib/planning
copying planning/planning_action_server.py -> /home/rob/project/csci5551-s26-team-pointbot/build/planning/build/lib/planning
running install
running install_lib
creating /home/rob/project/csci5551-s26-team-pointbot/install/planning/lib/python3.12/site-packages/planning
copying /home/rob/project/csci5551-s26-team-pointbot/build/planning/build/lib/planning/__init__.py -> /home/rob/project/csci5551-s26-team-pointbot/install/planning/lib/python3.12/site-packages/planning
copying /home/rob/project/csci5551-s26-team-pointbot/build/planning/build/lib/planning/planning_action_server.py -> /home/rob/project/csci5551-s26-team-pointbot/install/planning/lib/python3.12/site-packages/planning
byte-compiling /home/rob/project/csci5551-s26-team-pointbot/install/planning/lib/python3.12/site-packages/planning/__init__.py to __init__.cpython-312.pyc
byte-compiling /home/rob/project/csci5551-s26-team-pointbot/install/planning/lib/python3.12/site-packages/planning/planning_action_server.py to planning_action_server.cpython-312.pyc
running install_data
creating /home/rob/project/csci5551-s26-team-pointbot/install/planning/share/ament_index
creating /home/rob/project/csci5551-s26-team-pointbot/install/planning/share/ament_index/resource_index
creating /home/rob/project/csci5551-s26-team-pointbot/install/planning/share/ament_index/resource_index/packages
copying resource/planning -> /home/rob/project/csci5551-s26-team-pointbot/install/planning/share/ament_index/resource_index/packages
copying package.xml -> /home/rob/project/csci5551-s26-team-pointbot/install/planning/share/planning
running install_egg_info
Copying ../../build/planning/planning.egg-info to /home/rob/project/csci5551-s26-team-pointbot/install/planning/lib/python3.12/site-packages/planning-0.0.0-py3.12.egg-info
running install_scripts
Installing planning_action_server script to /home/rob/project/csci5551-s26-team-pointbot/install/planning/lib/planning
writing list of installed files to '/home/rob/project/csci5551-s26-team-pointbot/build/planning/install.log'
