[0.848s] Invoking command in '/home/rob/project/csci5551-s26-team-pointbot/src/planning': AMENT_PREFIX_PATH=/home/rob/project/csci5551-s26-team-pointbot/install/point_bot_interfaces:${AMENT_PREFIX_PATH} CMAKE_PREFIX_PATH=/home/rob/project/csci5551-s26-team-pointbot/install/point_bot_interfaces:${CMAKE_PREFIX_PATH} DEBUGINFOD_URLS=https://debuginfod.ubuntu.com LD_LIBRARY_PATH=/home/rob/project/csci5551-s26-team-pointbot/install/point_bot_interfaces/lib:/home/rob/project/csci5551-s26-team-pointbot/install/xarm_gazebo/lib:/home/rob/project/csci5551-s26-team-pointbot/install/xarm_controller/lib:/home/rob/project/csci5551-s26-team-pointbot/install/xarm_api/lib:/home/rob/project/csci5551-s26-team-pointbot/install/xarm_sdk/lib:/home/rob/project/csci5551-s26-team-pointbot/install/xarm_msgs/lib:/opt/ros/jazzy/opt/gz_sim_vendor/lib:/opt/ros/jazzy/opt/gz_sensors_vendor/lib:/opt/ros/jazzy/opt/gz_physics_vendor/lib:/opt/ros/jazzy/opt/sdformat_vendor/lib:/opt/ros/jazzy/opt/rviz_ogre_vendor/lib:/opt/ros/jazzy/lib/x86_64-linux-gnu:/opt/ros/jazzy/opt/gz_gui_vendor/lib:/opt/ros/jazzy/opt/gz_transport_vendor/lib:/opt/ros/jazzy/opt/gz_rendering_vendor/lib:/opt/ros/jazzy/opt/gz_plugin_vendor/lib:/opt/ros/jazzy/opt/gz_fuel_tools_vendor/lib:/opt/ros/jazzy/opt/gz_msgs_vendor/lib:/opt/ros/jazzy/opt/gz_common_vendor/lib:/opt/ros/jazzy/opt/gz_math_vendor/lib:/opt/ros/jazzy/opt/gz_utils_vendor/lib:/opt/ros/jazzy/opt/gz_tools_vendor/lib:/opt/ros/jazzy/opt/gz_ogre_next_vendor/lib:/opt/ros/jazzy/opt/gz_dartsim_vendor/lib:/opt/ros/jazzy/opt/gz_cmake_vendor/lib:/opt/ros/jazzy/lib:/usr/local/cuda-12.8/lib64’ PYTHONPATH=/home/rob/project/csci5551-s26-team-pointbot/build/planning/prefix_override:/usr/lib/python3/dist-packages/colcon_core/task/python/colcon_distutils_commands:/home/rob/project/csci5551-s26-team-pointbot/install/planning/lib/python3.12/site-packages:/home/rob/project/csci5551-s26-team-pointbot/install/point_bot_interfaces/lib/python3.12/site-packages:/home/rob/project/csci5551-s26-team-pointbot/install/pointbot_rviz/lib/python3.12/site-packages:/home/rob/project/csci5551-s26-team-pointbot/install/xarm_msgs/lib/python3.12/site-packages:/home/rob/project/csci5551-s26-team-pointbot/install/uf_ros_lib/lib/python3.12/site-packages:/opt/ros/jazzy/lib/python3.12/site-packages:/usr/local/zed/lib:/home/rob/.local/lib/python3.12/site-packages:/home/rob/.local/lib/python3.12/site-packages /usr/bin/python3 -W ignore:setup.py install is deprecated -W ignore:easy_install command is deprecated setup.py egg_info --egg-base ../../build/planning build --build-base /home/rob/project/csci5551-s26-team-pointbot/build/planning/build install --record /home/rob/project/csci5551-s26-team-pointbot/build/planning/install.log --single-version-externally-managed install_data
[1.151s] running egg_info
[1.151s] creating ../../build/planning/planning.egg-info
[1.169s] writing ../../build/planning/planning.egg-info/PKG-INFO
[1.169s] writing dependency_links to ../../build/planning/planning.egg-info/dependency_links.txt
[1.169s] writing entry points to ../../build/planning/planning.egg-info/entry_points.txt
[1.169s] writing requirements to ../../build/planning/planning.egg-info/requires.txt
[1.169s] writing top-level names to ../../build/planning/planning.egg-info/top_level.txt
[1.169s] writing manifest file '../../build/planning/planning.egg-info/SOURCES.txt'
[1.204s] reading manifest file '../../build/planning/planning.egg-info/SOURCES.txt'
[1.204s] writing manifest file '../../build/planning/planning.egg-info/SOURCES.txt'
[1.205s] running build
[1.205s] running build_py
[1.205s] creating /home/rob/project/csci5551-s26-team-pointbot/build/planning/build
[1.205s] creating /home/rob/project/csci5551-s26-team-pointbot/build/planning/build/lib
[1.205s] creating /home/rob/project/csci5551-s26-team-pointbot/build/planning/build/lib/planning
[1.205s] copying planning/__init__.py -> /home/rob/project/csci5551-s26-team-pointbot/build/planning/build/lib/planning
[1.205s] copying planning/planning_action_server.py -> /home/rob/project/csci5551-s26-team-pointbot/build/planning/build/lib/planning
[1.206s] running install
[1.211s] running install_lib
[1.229s] creating /home/rob/project/csci5551-s26-team-pointbot/install/planning/lib/python3.12/site-packages/planning
[1.229s] copying /home/rob/project/csci5551-s26-team-pointbot/build/planning/build/lib/planning/__init__.py -> /home/rob/project/csci5551-s26-team-pointbot/install/planning/lib/python3.12/site-packages/planning
[1.229s] copying /home/rob/project/csci5551-s26-team-pointbot/build/planning/build/lib/planning/planning_action_server.py -> /home/rob/project/csci5551-s26-team-pointbot/install/planning/lib/python3.12/site-packages/planning
[1.230s] byte-compiling /home/rob/project/csci5551-s26-team-pointbot/install/planning/lib/python3.12/site-packages/planning/__init__.py to __init__.cpython-312.pyc
[1.230s] byte-compiling /home/rob/project/csci5551-s26-team-pointbot/install/planning/lib/python3.12/site-packages/planning/planning_action_server.py to planning_action_server.cpython-312.pyc
[1.230s] running install_data
[1.230s] creating /home/rob/project/csci5551-s26-team-pointbot/install/planning/share/ament_index
[1.231s] creating /home/rob/project/csci5551-s26-team-pointbot/install/planning/share/ament_index/resource_index
[1.231s] creating /home/rob/project/csci5551-s26-team-pointbot/install/planning/share/ament_index/resource_index/packages
[1.231s] copying resource/planning -> /home/rob/project/csci5551-s26-team-pointbot/install/planning/share/ament_index/resource_index/packages
[1.231s] copying package.xml -> /home/rob/project/csci5551-s26-team-pointbot/install/planning/share/planning
[1.231s] running install_egg_info
[1.249s] Copying ../../build/planning/planning.egg-info to /home/rob/project/csci5551-s26-team-pointbot/install/planning/lib/python3.12/site-packages/planning-0.0.0-py3.12.egg-info
[1.250s] running install_scripts
[1.379s] Installing planning_action_server script to /home/rob/project/csci5551-s26-team-pointbot/install/planning/lib/planning
[1.379s] writing list of installed files to '/home/rob/project/csci5551-s26-team-pointbot/build/planning/install.log'
[1.409s] Invoked command in '/home/rob/project/csci5551-s26-team-pointbot/src/planning' returned '0': AMENT_PREFIX_PATH=/home/rob/project/csci5551-s26-team-pointbot/install/point_bot_interfaces:${AMENT_PREFIX_PATH} CMAKE_PREFIX_PATH=/home/rob/project/csci5551-s26-team-pointbot/install/point_bot_interfaces:${CMAKE_PREFIX_PATH} DEBUGINFOD_URLS=https://debuginfod.ubuntu.com LD_LIBRARY_PATH=/home/rob/project/csci5551-s26-team-pointbot/install/point_bot_interfaces/lib:/home/rob/project/csci5551-s26-team-pointbot/install/xarm_gazebo/lib:/home/rob/project/csci5551-s26-team-pointbot/install/xarm_controller/lib:/home/rob/project/csci5551-s26-team-pointbot/install/xarm_api/lib:/home/rob/project/csci5551-s26-team-pointbot/install/xarm_sdk/lib:/home/rob/project/csci5551-s26-team-pointbot/install/xarm_msgs/lib:/opt/ros/jazzy/opt/gz_sim_vendor/lib:/opt/ros/jazzy/opt/gz_sensors_vendor/lib:/opt/ros/jazzy/opt/gz_physics_vendor/lib:/opt/ros/jazzy/opt/sdformat_vendor/lib:/opt/ros/jazzy/opt/rviz_ogre_vendor/lib:/opt/ros/jazzy/lib/x86_64-linux-gnu:/opt/ros/jazzy/opt/gz_gui_vendor/lib:/opt/ros/jazzy/opt/gz_transport_vendor/lib:/opt/ros/jazzy/opt/gz_rendering_vendor/lib:/opt/ros/jazzy/opt/gz_plugin_vendor/lib:/opt/ros/jazzy/opt/gz_fuel_tools_vendor/lib:/opt/ros/jazzy/opt/gz_msgs_vendor/lib:/opt/ros/jazzy/opt/gz_common_vendor/lib:/opt/ros/jazzy/opt/gz_math_vendor/lib:/opt/ros/jazzy/opt/gz_utils_vendor/lib:/opt/ros/jazzy/opt/gz_tools_vendor/lib:/opt/ros/jazzy/opt/gz_ogre_next_vendor/lib:/opt/ros/jazzy/opt/gz_dartsim_vendor/lib:/opt/ros/jazzy/opt/gz_cmake_vendor/lib:/opt/ros/jazzy/lib:/usr/local/cuda-12.8/lib64’ PYTHONPATH=/home/rob/project/csci5551-s26-team-pointbot/build/planning/prefix_override:/usr/lib/python3/dist-packages/colcon_core/task/python/colcon_distutils_commands:/home/rob/project/csci5551-s26-team-pointbot/install/planning/lib/python3.12/site-packages:/home/rob/project/csci5551-s26-team-pointbot/install/point_bot_interfaces/lib/python3.12/site-packages:/home/rob/project/csci5551-s26-team-pointbot/install/pointbot_rviz/lib/python3.12/site-packages:/home/rob/project/csci5551-s26-team-pointbot/install/xarm_msgs/lib/python3.12/site-packages:/home/rob/project/csci5551-s26-team-pointbot/install/uf_ros_lib/lib/python3.12/site-packages:/opt/ros/jazzy/lib/python3.12/site-packages:/usr/local/zed/lib:/home/rob/.local/lib/python3.12/site-packages:/home/rob/.local/lib/python3.12/site-packages /usr/bin/python3 -W ignore:setup.py install is deprecated -W ignore:easy_install command is deprecated setup.py egg_info --egg-base ../../build/planning build --build-base /home/rob/project/csci5551-s26-team-pointbot/build/planning/build install --record /home/rob/project/csci5551-s26-team-pointbot/build/planning/install.log --single-version-externally-managed install_data
