running egg_info
writing ../../build/planning/planning.egg-info/PKG-INFO
writing dependency_links to ../../build/planning/planning.egg-info/dependency_links.txt
writing entry points to ../../build/planning/planning.egg-info/entry_points.txt
writing requirements to ../../build/planning/planning.egg-info/requires.txt
writing top-level names to ../../build/planning/planning.egg-info/top_level.txt
reading manifest file '../../build/planning/planning.egg-info/SOURCES.txt'
writing manifest file '../../build/planning/planning.egg-info/SOURCES.txt'
running build
running build_py
copying planning/planning_action_server.py -> /home/rob/project/csci5551-s26-team-pointbot/build/planning/build/lib/planning
running install
running install_lib
copying /home/rob/project/csci5551-s26-team-pointbot/build/planning/build/lib/planning/planning_action_server.py -> /home/rob/project/csci5551-s26-team-pointbot/install/planning/lib/python3.12/site-packages/planning
byte-compiling /home/rob/project/csci5551-s26-team-pointbot/install/planning/lib/python3.12/site-packages/planning/planning_action_server.py to planning_action_server.cpython-312.pyc
running install_data
running install_egg_info
removing '/home/rob/project/csci5551-s26-team-pointbot/install/planning/lib/python3.12/site-packages/planning-0.0.0-py3.12.egg-info' (and everything under it)
Copying ../../build/planning/planning.egg-info to /home/rob/project/csci5551-s26-team-pointbot/install/planning/lib/python3.12/site-packages/planning-0.0.0-py3.12.egg-info
running install_scripts
Installing planning_action_server script to /home/rob/project/csci5551-s26-team-pointbot/install/planning/lib/planning
writing list of installed files to '/home/rob/project/csci5551-s26-team-pointbot/build/planning/install.log'
