-- The C compiler identification is GNU 13.3.0
-- The CXX compiler identification is GNU 13.3.0
-- Detecting C compiler ABI info
-- Detecting C compiler ABI info - done
-- Check for working C compiler: /usr/bin/cc - skipped
-- Detecting C compile features
-- Detecting C compile features - done
-- Detecting CXX compiler ABI info
-- Detecting CXX compiler ABI info - done
-- Check for working CXX compiler: /usr/bin/c++ - skipped
-- Detecting CXX compile features
-- Detecting CXX compile features - done
-- Found ament_cmake: 2.5.6 (/opt/ros/jazzy/share/ament_cmake/cmake)
-- Found Python3: /usr/bin/python3 (found version "3.12.3") found components: Interpreter 
-- Found geometry_msgs: 5.3.7 (/opt/ros/jazzy/share/geometry_msgs/cmake)
-- Found rosidl_generator_c: 4.6.7 (/opt/ros/jazzy/share/rosidl_generator_c/cmake)
-- Found rosidl_generator_cpp: 4.6.7 (/opt/ros/jazzy/share/rosidl_generator_cpp/cmake)
-- Using all available rosidl_typesupport_c: rosidl_typesupport_fastrtps_c;rosidl_typesupport_introspection_c
-- Using all available rosidl_typesupport_cpp: rosidl_typesupport_fastrtps_cpp;rosidl_typesupport_introspection_cpp
-- Found sensor_msgs: 5.3.7 (/opt/ros/jazzy/share/sensor_msgs/cmake)
-- Found rosidl_default_generators: 1.6.0 (/opt/ros/jazzy/share/rosidl_default_generators/cmake)
-- Found rosidl_adapter: 4.6.7 (/opt/ros/jazzy/share/rosidl_adapter/cmake)
-- Found ament_cmake_ros: 0.12.0 (/opt/ros/jazzy/share/ament_cmake_ros/cmake)
-- Using all available rosidl_typesupport_c: rosidl_typesupport_fastrtps_c;rosidl_typesupport_introspection_c
-- Using all available rosidl_typesupport_cpp: rosidl_typesupport_fastrtps_cpp;rosidl_typesupport_introspection_cpp
-- Found python_cmake_module: 0.11.1 (/opt/ros/jazzy/share/python_cmake_module/cmake)
-- Found PythonExtra: /usr/bin/python3  
-- Found Python3: /usr/bin/python3 (found version "3.12.3") found components: Interpreter Development NumPy Development.Module Development.Embed 
-- Found Python3: /usr/bin/python3 (found version "3.12.3") found components: Interpreter 
-- Found ament_lint_auto: 0.17.5 (/opt/ros/jazzy/share/ament_lint_auto/cmake)
-- Added test 'lint_cmake' to check CMake code style
-- Added test 'xmllint' to check XML markup files
-- Configuring done (6.2s)
-- Generating done (0.1s)
-- Build files have been written to: /home/rob/project/csci5551-s26-team-pointbot/build/point_bot_interfaces
[  2%] [34m[1mGenerating type hashes for ROS interfaces[0m
[  4%] [34m[1mGenerating Rust code for ROS interfaces[0m
[  4%] Built target ament_cmake_python_copy_point_bot_interfaces
running egg_info
creating point_bot_interfaces.egg-info
writing point_bot_interfaces.egg-info/PKG-INFO
writing dependency_links to point_bot_interfaces.egg-info/dependency_links.txt
writing top-level names to point_bot_interfaces.egg-info/top_level.txt
writing manifest file 'point_bot_interfaces.egg-info/SOURCES.txt'
[  4%] Built target point_bot_interfaces__rosidl_generator_type_description
reading manifest file 'point_bot_interfaces.egg-info/SOURCES.txt'
writing manifest file 'point_bot_interfaces.egg-info/SOURCES.txt'
[  6%] [34m[1mGenerating C code for ROS interfaces[0m
[  6%] Built target point_bot_interfaces__rs
[  8%] [34m[1mGenerating C++ code for ROS interfaces[0m
[  8%] Built target ament_cmake_python_build_point_bot_interfaces_egg
[  8%] Built target point_bot_interfaces__cpp
[ 15%] [32mBuilding C object CMakeFiles/point_bot_interfaces__rosidl_generator_c.dir/rosidl_generator_c/point_bot_interfaces/action/detail/move_object__description.c.o[0m
[ 15%] [32mBuilding C object CMakeFiles/point_bot_interfaces__rosidl_generator_c.dir/rosidl_generator_c/point_bot_interfaces/action/detail/move_object__functions.c.o[0m
[ 15%] [32mBuilding C object CMakeFiles/point_bot_interfaces__rosidl_generator_c.dir/rosidl_generator_c/point_bot_interfaces/action/detail/perception__description.c.o[0m
[ 17%] [32mBuilding C object CMakeFiles/point_bot_interfaces__rosidl_generator_c.dir/rosidl_generator_c/point_bot_interfaces/action/detail/move_object__type_support.c.o[0m
[ 20%] [32mBuilding C object CMakeFiles/point_bot_interfaces__rosidl_generator_c.dir/rosidl_generator_c/point_bot_interfaces/action/detail/perception__functions.c.o[0m
[ 22%] [32mBuilding C object CMakeFiles/point_bot_interfaces__rosidl_generator_c.dir/rosidl_generator_c/point_bot_interfaces/action/detail/perception__type_support.c.o[0m
[ 24%] [32m[1mLinking C shared library libpoint_bot_interfaces__rosidl_generator_c.so[0m
[ 24%] Built target point_bot_interfaces__rosidl_generator_c
[ 26%] [34m[1mGenerating C++ type support dispatch for ROS interfaces[0m
[ 28%] [34m[1mGenerating C type support for eProsima Fast-RTPS[0m
[ 33%] [34m[1mGenerating C++ type support for eProsima Fast-RTPS[0m
[ 33%] [34m[1mGenerating C type support dispatch for ROS interfaces[0m
[ 35%] [34m[1mGenerating C introspection for ROS interfaces[0m
[ 37%] [34m[1mGenerating C++ introspection for ROS interfaces[0m
[ 40%] [32mBuilding CXX object CMakeFiles/point_bot_interfaces__rosidl_typesupport_cpp.dir/rosidl_typesupport_cpp/point_bot_interfaces/action/perception__type_support.cpp.o[0m
[ 42%] [32mBuilding CXX object CMakeFiles/point_bot_interfaces__rosidl_typesupport_c.dir/rosidl_typesupport_c/point_bot_interfaces/action/perception__type_support.cpp.o[0m
[ 44%] [32mBuilding CXX object CMakeFiles/point_bot_interfaces__rosidl_typesupport_c.dir/rosidl_typesupport_c/point_bot_interfaces/action/move_object__type_support.cpp.o[0m
[ 46%] [32mBuilding CXX object CMakeFiles/point_bot_interfaces__rosidl_typesupport_cpp.dir/rosidl_typesupport_cpp/point_bot_interfaces/action/move_object__type_support.cpp.o[0m
[ 48%] [32m[1mLinking CXX shared library libpoint_bot_interfaces__rosidl_typesupport_c.so[0m
[ 51%] [32mBuilding CXX object CMakeFiles/point_bot_interfaces__rosidl_typesupport_introspection_cpp.dir/rosidl_typesupport_introspection_cpp/point_bot_interfaces/action/detail/move_object__type_support.cpp.o[0m
[ 53%] [32mBuilding CXX object CMakeFiles/point_bot_interfaces__rosidl_typesupport_introspection_cpp.dir/rosidl_typesupport_introspection_cpp/point_bot_interfaces/action/detail/perception__type_support.cpp.o[0m
[ 53%] Built target point_bot_interfaces__rosidl_typesupport_c
[ 55%] [32mBuilding C object CMakeFiles/point_bot_interfaces__rosidl_typesupport_introspection_c.dir/rosidl_typesupport_introspection_c/point_bot_interfaces/action/detail/perception__type_support.c.o[0m
[ 57%] [32mBuilding C object CMakeFiles/point_bot_interfaces__rosidl_typesupport_introspection_c.dir/rosidl_typesupport_introspection_c/point_bot_interfaces/action/detail/move_object__type_support.c.o[0m
[ 60%] [32m[1mLinking C shared library libpoint_bot_interfaces__rosidl_typesupport_introspection_c.so[0m
[ 62%] [32mBuilding CXX object CMakeFiles/point_bot_interfaces__rosidl_typesupport_fastrtps_cpp.dir/rosidl_typesupport_fastrtps_cpp/point_bot_interfaces/action/detail/dds_fastrtps/perception__type_support.cpp.o[0m
[ 64%] [32mBuilding CXX object CMakeFiles/point_bot_interfaces__rosidl_typesupport_fastrtps_cpp.dir/rosidl_typesupport_fastrtps_cpp/point_bot_interfaces/action/detail/dds_fastrtps/move_object__type_support.cpp.o[0m
[ 66%] [32mBuilding CXX object CMakeFiles/point_bot_interfaces__rosidl_typesupport_fastrtps_c.dir/rosidl_typesupport_fastrtps_c/point_bot_interfaces/action/detail/perception__type_support_c.cpp.o[0m
[ 68%] [32mBuilding CXX object CMakeFiles/point_bot_interfaces__rosidl_typesupport_fastrtps_c.dir/rosidl_typesupport_fastrtps_c/point_bot_interfaces/action/detail/move_object__type_support_c.cpp.o[0m
[ 68%] Built target point_bot_interfaces__rosidl_typesupport_introspection_c
[ 71%] [32m[1mLinking CXX shared library libpoint_bot_interfaces__rosidl_typesupport_cpp.so[0m
[ 73%] [32m[1mLinking CXX shared library libpoint_bot_interfaces__rosidl_typesupport_introspection_cpp.so[0m
[ 73%] Built target point_bot_interfaces__rosidl_typesupport_cpp
[ 75%] [32m[1mLinking CXX shared library libpoint_bot_interfaces__rosidl_typesupport_fastrtps_c.so[0m
[ 75%] Built target point_bot_interfaces__rosidl_typesupport_introspection_cpp
[ 75%] Built target point_bot_interfaces__rosidl_typesupport_fastrtps_c
[ 77%] [32m[1mLinking CXX shared library libpoint_bot_interfaces__rosidl_typesupport_fastrtps_cpp.so[0m
[ 77%] Built target point_bot_interfaces__rosidl_typesupport_fastrtps_cpp
[ 77%] Built target point_bot_interfaces
[ 80%] [34m[1mGenerating Python code for ROS interfaces[0m
[ 80%] Built target point_bot_interfaces__py
[ 84%] [32mBuilding C object CMakeFiles/point_bot_interfaces__rosidl_generator_py.dir/rosidl_generator_py/point_bot_interfaces/action/_perception_s.c.o[0m
[ 84%] [32mBuilding C object CMakeFiles/point_bot_interfaces__rosidl_generator_py.dir/rosidl_generator_py/point_bot_interfaces/action/_move_object_s.c.o[0m
[ 86%] [32m[1mLinking C shared library libpoint_bot_interfaces__rosidl_generator_py.so[0m
[ 86%] Built target point_bot_interfaces__rosidl_generator_py
[ 93%] [32mBuilding C object CMakeFiles/point_bot_interfaces_s__rosidl_typesupport_fastrtps_c.dir/rosidl_generator_py/point_bot_interfaces/_point_bot_interfaces_s.ep.rosidl_typesupport_fastrtps_c.c.o[0m
[ 93%] [32mBuilding C object CMakeFiles/point_bot_interfaces_s__rosidl_typesupport_c.dir/rosidl_generator_py/point_bot_interfaces/_point_bot_interfaces_s.ep.rosidl_typesupport_c.c.o[0m
[ 93%] [32mBuilding C object CMakeFiles/point_bot_interfaces_s__rosidl_typesupport_introspection_c.dir/rosidl_generator_py/point_bot_interfaces/_point_bot_interfaces_s.ep.rosidl_typesupport_introspection_c.c.o[0m
[ 95%] [32m[1mLinking C shared module rosidl_generator_py/point_bot_interfaces/point_bot_interfaces_s__rosidl_typesupport_c.so[0m
[ 97%] [32m[1mLinking C shared module rosidl_generator_py/point_bot_interfaces/point_bot_interfaces_s__rosidl_typesupport_fastrtps_c.so[0m
[100%] [32m[1mLinking C shared module rosidl_generator_py/point_bot_interfaces/point_bot_interfaces_s__rosidl_typesupport_introspection_c.so[0m
[100%] Built target point_bot_interfaces_s__rosidl_typesupport_c
[100%] Built target point_bot_interfaces_s__rosidl_typesupport_introspection_c
[100%] Built target point_bot_interfaces_s__rosidl_typesupport_fastrtps_c
-- Install configuration: ""
-- Installing: /home/rob/project/csci5551-s26-team-pointbot/install/point_bot_interfaces/share/ament_index/resource_index/rosidl_interfaces/point_bot_interfaces
-- Installing: /home/rob/project/csci5551-s26-team-pointbot/install/point_bot_interfaces/share/point_bot_interfaces/action/Perception.json
-- Installing: /home/rob/project/csci5551-s26-team-pointbot/install/point_bot_interfaces/share/point_bot_interfaces/action/MoveObject.json
-- Installing: /home/rob/project/csci5551-s26-team-pointbot/install/point_bot_interfaces/include/point_bot_interfaces/point_bot_interfaces
-- Installing: /home/rob/project/csci5551-s26-team-pointbot/install/point_bot_interfaces/include/point_bot_interfaces/point_bot_interfaces/action
-- Installing: /home/rob/project/csci5551-s26-team-pointbot/install/point_bot_interfaces/include/point_bot_interfaces/point_bot_interfaces/action/perception.h
-- Installing: /home/rob/project/csci5551-s26-team-pointbot/install/point_bot_interfaces/include/point_bot_interfaces/point_bot_interfaces/action/move_object.h
-- Installing: /home/rob/project/csci5551-s26-team-pointbot/install/point_bot_interfaces/include/point_bot_interfaces/point_bot_interfaces/action/detail
-- Installing: /home/rob/project/csci5551-s26-team-pointbot/install/point_bot_interfaces/include/point_bot_interfaces/point_bot_interfaces/action/detail/perception__functions.h
-- Installing: /home/rob/project/csci5551-s26-team-pointbot/install/point_bot_interfaces/include/point_bot_interfaces/point_bot_interfaces/action/detail/move_object__type_support.c
-- Installing: /home/rob/project/csci5551-s26-team-pointbot/install/point_bot_interfaces/include/point_bot_interfaces/point_bot_interfaces/action/detail/move_object__description.c
-- Installing: /home/rob/project/csci5551-s26-team-pointbot/install/point_bot_interfaces/include/point_bot_interfaces/point_bot_interfaces/action/detail/perception__functions.c
-- Installing: /home/rob/project/csci5551-s26-team-pointbot/install/point_bot_interfaces/include/point_bot_interfaces/point_bot_interfaces/action/detail/perception__description.c
-- Installing: /home/rob/project/csci5551-s26-team-pointbot/install/point_bot_interfaces/include/point_bot_interfaces/point_bot_interfaces/action/detail/perception__type_support.h
-- Installing: /home/rob/project/csci5551-s26-team-pointbot/install/point_bot_interfaces/include/point_bot_interfaces/point_bot_interfaces/action/detail/move_object__type_support.h
-- Installing: /home/rob/project/csci5551-s26-team-pointbot/install/point_bot_interfaces/include/point_bot_interfaces/point_bot_interfaces/action/detail/perception__type_support.c
-- Installing: /home/rob/project/csci5551-s26-team-pointbot/install/point_bot_interfaces/include/point_bot_interfaces/point_bot_interfaces/action/detail/move_object__functions.h
-- Installing: /home/rob/project/csci5551-s26-team-pointbot/install/point_bot_interfaces/include/point_bot_interfaces/point_bot_interfaces/action/detail/move_object__functions.c
-- Installing: /home/rob/project/csci5551-s26-team-pointbot/install/point_bot_interfaces/include/point_bot_interfaces/point_bot_interfaces/action/detail/perception__struct.h
-- Installing: /home/rob/project/csci5551-s26-team-pointbot/install/point_bot_interfaces/include/point_bot_interfaces/point_bot_interfaces/action/detail/move_object__struct.h
-- Installing: /home/rob/project/csci5551-s26-team-pointbot/install/point_bot_interfaces/include/point_bot_interfaces/point_bot_interfaces/msg
-- Installing: /home/rob/project/csci5551-s26-team-pointbot/install/point_bot_interfaces/include/point_bot_interfaces/point_bot_interfaces/msg/rosidl_generator_c__visibility_control.h
-- Installing: /home/rob/project/csci5551-s26-team-pointbot/install/point_bot_interfaces/share/point_bot_interfaces/environment/library_path.sh
-- Installing: /home/rob/project/csci5551-s26-team-pointbot/install/point_bot_interfaces/share/point_bot_interfaces/environment/library_path.dsv
-- Installing: /home/rob/project/csci5551-s26-team-pointbot/install/point_bot_interfaces/lib/libpoint_bot_interfaces__rosidl_generator_c.so
-- Set non-toolchain portion of runtime path of "/home/rob/project/csci5551-s26-team-pointbot/install/point_bot_interfaces/lib/libpoint_bot_interfaces__rosidl_generator_c.so" to ""
-- Up-to-date: /home/rob/project/csci5551-s26-team-pointbot/install/point_bot_interfaces/include/point_bot_interfaces/point_bot_interfaces
-- Up-to-date: /home/rob/project/csci5551-s26-team-pointbot/install/point_bot_interfaces/include/point_bot_interfaces/point_bot_interfaces/action
-- Up-to-date: /home/rob/project/csci5551-s26-team-pointbot/install/point_bot_interfaces/include/point_bot_interfaces/point_bot_interfaces/action/detail
-- Installing: /home/rob/project/csci5551-s26-team-pointbot/install/point_bot_interfaces/include/point_bot_interfaces/point_bot_interfaces/action/detail/move_object__rosidl_typesupport_fastrtps_c.h
-- Installing: /home/rob/project/csci5551-s26-team-pointbot/install/point_bot_interfaces/include/point_bot_interfaces/point_bot_interfaces/action/detail/perception__rosidl_typesupport_fastrtps_c.h
-- Up-to-date: /home/rob/project/csci5551-s26-team-pointbot/install/point_bot_interfaces/include/point_bot_interfaces/point_bot_interfaces/msg
-- Installing: /home/rob/project/csci5551-s26-team-pointbot/install/point_bot_interfaces/include/point_bot_interfaces/point_bot_interfaces/msg/rosidl_typesupport_fastrtps_c__visibility_control.h
-- Installing: /home/rob/project/csci5551-s26-team-pointbot/install/point_bot_interfaces/lib/libpoint_bot_interfaces__rosidl_typesupport_fastrtps_c.so
-- Set non-toolchain portion of runtime path of "/home/rob/project/csci5551-s26-team-pointbot/install/point_bot_interfaces/lib/libpoint_bot_interfaces__rosidl_typesupport_fastrtps_c.so" to ""
-- Up-to-date: /home/rob/project/csci5551-s26-team-pointbot/install/point_bot_interfaces/include/point_bot_interfaces/point_bot_interfaces
-- Up-to-date: /home/rob/project/csci5551-s26-team-pointbot/install/point_bot_interfaces/include/point_bot_interfaces/point_bot_interfaces/action
-- Installing: /home/rob/project/csci5551-s26-team-pointbot/install/point_bot_interfaces/include/point_bot_interfaces/point_bot_interfaces/action/perception.hpp
-- Installing: /home/rob/project/csci5551-s26-team-pointbot/install/point_bot_interfaces/include/point_bot_interfaces/point_bot_interfaces/action/move_object.hpp
-- Up-to-date: /home/rob/project/csci5551-s26-team-pointbot/install/point_bot_interfaces/include/point_bot_interfaces/point_bot_interfaces/action/detail
-- Installing: /home/rob/project/csci5551-s26-team-pointbot/install/point_bot_interfaces/include/point_bot_interfaces/point_bot_interfaces/action/detail/move_object__builder.hpp
-- Installing: /home/rob/project/csci5551-s26-team-pointbot/install/point_bot_interfaces/include/point_bot_interfaces/point_bot_interfaces/action/detail/perception__type_support.hpp
-- Installing: /home/rob/project/csci5551-s26-team-pointbot/install/point_bot_interfaces/include/point_bot_interfaces/point_bot_interfaces/action/detail/move_object__type_support.hpp
-- Installing: /home/rob/project/csci5551-s26-team-pointbot/install/point_bot_interfaces/include/point_bot_interfaces/point_bot_interfaces/action/detail/move_object__struct.hpp
-- Installing: /home/rob/project/csci5551-s26-team-pointbot/install/point_bot_interfaces/include/point_bot_interfaces/point_bot_interfaces/action/detail/perception__traits.hpp
-- Installing: /home/rob/project/csci5551-s26-team-pointbot/install/point_bot_interfaces/include/point_bot_interfaces/point_bot_interfaces/action/detail/perception__struct.hpp
-- Installing: /home/rob/project/csci5551-s26-team-pointbot/install/point_bot_interfaces/include/point_bot_interfaces/point_bot_interfaces/action/detail/perception__builder.hpp
-- Installing: /home/rob/project/csci5551-s26-team-pointbot/install/point_bot_interfaces/include/point_bot_interfaces/point_bot_interfaces/action/detail/move_object__traits.hpp
-- Up-to-date: /home/rob/project/csci5551-s26-team-pointbot/install/point_bot_interfaces/include/point_bot_interfaces/point_bot_interfaces/msg
-- Installing: /home/rob/project/csci5551-s26-team-pointbot/install/point_bot_interfaces/include/point_bot_interfaces/point_bot_interfaces/msg/rosidl_generator_cpp__visibility_control.hpp
-- Up-to-date: /home/rob/project/csci5551-s26-team-pointbot/install/point_bot_interfaces/include/point_bot_interfaces/point_bot_interfaces
-- Up-to-date: /home/rob/project/csci5551-s26-team-pointbot/install/point_bot_interfaces/include/point_bot_interfaces/point_bot_interfaces/action
-- Up-to-date: /home/rob/project/csci5551-s26-team-pointbot/install/point_bot_interfaces/include/point_bot_interfaces/point_bot_interfaces/action/detail
-- Installing: /home/rob/project/csci5551-s26-team-pointbot/install/point_bot_interfaces/include/point_bot_interfaces/point_bot_interfaces/action/detail/dds_fastrtps
-- Installing: /home/rob/project/csci5551-s26-team-pointbot/install/point_bot_interfaces/include/point_bot_interfaces/point_bot_interfaces/action/detail/move_object__rosidl_typesupport_fastrtps_cpp.hpp
-- Installing: /home/rob/project/csci5551-s26-team-pointbot/install/point_bot_interfaces/include/point_bot_interfaces/point_bot_interfaces/action/detail/perception__rosidl_typesupport_fastrtps_cpp.hpp
-- Up-to-date: /home/rob/project/csci5551-s26-team-pointbot/install/point_bot_interfaces/include/point_bot_interfaces/point_bot_interfaces/msg
-- Installing: /home/rob/project/csci5551-s26-team-pointbot/install/point_bot_interfaces/include/point_bot_interfaces/point_bot_interfaces/msg/rosidl_typesupport_fastrtps_cpp__visibility_control.h
-- Installing: /home/rob/project/csci5551-s26-team-pointbot/install/point_bot_interfaces/lib/libpoint_bot_interfaces__rosidl_typesupport_fastrtps_cpp.so
-- Set non-toolchain portion of runtime path of "/home/rob/project/csci5551-s26-team-pointbot/install/point_bot_interfaces/lib/libpoint_bot_interfaces__rosidl_typesupport_fastrtps_cpp.so" to ""
-- Up-to-date: /home/rob/project/csci5551-s26-team-pointbot/install/point_bot_interfaces/include/point_bot_interfaces/point_bot_interfaces
-- Up-to-date: /home/rob/project/csci5551-s26-team-pointbot/install/point_bot_interfaces/include/point_bot_interfaces/point_bot_interfaces/action
-- Up-to-date: /home/rob/project/csci5551-s26-team-pointbot/install/point_bot_interfaces/include/point_bot_interfaces/point_bot_interfaces/action/detail
-- Installing: /home/rob/project/csci5551-s26-team-pointbot/install/point_bot_interfaces/include/point_bot_interfaces/point_bot_interfaces/action/detail/move_object__type_support.c
-- Installing: /home/rob/project/csci5551-s26-team-pointbot/install/point_bot_interfaces/include/point_bot_interfaces/point_bot_interfaces/action/detail/move_object__rosidl_typesupport_introspection_c.h
-- Installing: /home/rob/project/csci5551-s26-team-pointbot/install/point_bot_interfaces/include/point_bot_interfaces/point_bot_interfaces/action/detail/perception__type_support.c
-- Installing: /home/rob/project/csci5551-s26-team-pointbot/install/point_bot_interfaces/include/point_bot_interfaces/point_bot_interfaces/action/detail/perception__rosidl_typesupport_introspection_c.h
-- Up-to-date: /home/rob/project/csci5551-s26-team-pointbot/install/point_bot_interfaces/include/point_bot_interfaces/point_bot_interfaces/msg
-- Installing: /home/rob/project/csci5551-s26-team-pointbot/install/point_bot_interfaces/include/point_bot_interfaces/point_bot_interfaces/msg/rosidl_typesupport_introspection_c__visibility_control.h
-- Installing: /home/rob/project/csci5551-s26-team-pointbot/install/point_bot_interfaces/lib/libpoint_bot_interfaces__rosidl_typesupport_introspection_c.so
-- Set non-toolchain portion of runtime path of "/home/rob/project/csci5551-s26-team-pointbot/install/point_bot_interfaces/lib/libpoint_bot_interfaces__rosidl_typesupport_introspection_c.so" to ""
-- Installing: /home/rob/project/csci5551-s26-team-pointbot/install/point_bot_interfaces/lib/libpoint_bot_interfaces__rosidl_typesupport_c.so
-- Set non-toolchain portion of runtime path of "/home/rob/project/csci5551-s26-team-pointbot/install/point_bot_interfaces/lib/libpoint_bot_interfaces__rosidl_typesupport_c.so" to ""
-- Up-to-date: /home/rob/project/csci5551-s26-team-pointbot/install/point_bot_interfaces/include/point_bot_interfaces/point_bot_interfaces
-- Up-to-date: /home/rob/project/csci5551-s26-team-pointbot/install/point_bot_interfaces/include/point_bot_interfaces/point_bot_interfaces/action
-- Up-to-date: /home/rob/project/csci5551-s26-team-pointbot/install/point_bot_interfaces/include/point_bot_interfaces/point_bot_interfaces/action/detail
-- Installing: /home/rob/project/csci5551-s26-team-pointbot/install/point_bot_interfaces/include/point_bot_interfaces/point_bot_interfaces/action/detail/move_object__type_support.cpp
-- Installing: /home/rob/project/csci5551-s26-team-pointbot/install/point_bot_interfaces/include/point_bot_interfaces/point_bot_interfaces/action/detail/move_object__rosidl_typesupport_introspection_cpp.hpp
-- Installing: /home/rob/project/csci5551-s26-team-pointbot/install/point_bot_interfaces/include/point_bot_interfaces/point_bot_interfaces/action/detail/perception__rosidl_typesupport_introspection_cpp.hpp
-- Installing: /home/rob/project/csci5551-s26-team-pointbot/install/point_bot_interfaces/include/point_bot_interfaces/point_bot_interfaces/action/detail/perception__type_support.cpp
-- Installing: /home/rob/project/csci5551-s26-team-pointbot/install/point_bot_interfaces/lib/libpoint_bot_interfaces__rosidl_typesupport_introspection_cpp.so
-- Set non-toolchain portion of runtime path of "/home/rob/project/csci5551-s26-team-pointbot/install/point_bot_interfaces/lib/libpoint_bot_interfaces__rosidl_typesupport_introspection_cpp.so" to ""
-- Installing: /home/rob/project/csci5551-s26-team-pointbot/install/point_bot_interfaces/lib/libpoint_bot_interfaces__rosidl_typesupport_cpp.so
-- Set non-toolchain portion of runtime path of "/home/rob/project/csci5551-s26-team-pointbot/install/point_bot_interfaces/lib/libpoint_bot_interfaces__rosidl_typesupport_cpp.so" to ""
-- Installing: /home/rob/project/csci5551-s26-team-pointbot/install/point_bot_interfaces/share/point_bot_interfaces/environment/pythonpath.sh
-- Installing: /home/rob/project/csci5551-s26-team-pointbot/install/point_bot_interfaces/share/point_bot_interfaces/environment/pythonpath.dsv
-- Installing: /home/rob/project/csci5551-s26-team-pointbot/install/point_bot_interfaces/lib/python3.12/site-packages/point_bot_interfaces-0.0.0-py3.12.egg-info
-- Installing: /home/rob/project/csci5551-s26-team-pointbot/install/point_bot_interfaces/lib/python3.12/site-packages/point_bot_interfaces-0.0.0-py3.12.egg-info/PKG-INFO
-- Installing: /home/rob/project/csci5551-s26-team-pointbot/install/point_bot_interfaces/lib/python3.12/site-packages/point_bot_interfaces-0.0.0-py3.12.egg-info/dependency_links.txt
-- Installing: /home/rob/project/csci5551-s26-team-pointbot/install/point_bot_interfaces/lib/python3.12/site-packages/point_bot_interfaces-0.0.0-py3.12.egg-info/SOURCES.txt
-- Installing: /home/rob/project/csci5551-s26-team-pointbot/install/point_bot_interfaces/lib/python3.12/site-packages/point_bot_interfaces-0.0.0-py3.12.egg-info/top_level.txt
-- Installing: /home/rob/project/csci5551-s26-team-pointbot/install/point_bot_interfaces/lib/python3.12/site-packages/point_bot_interfaces
-- Installing: /home/rob/project/csci5551-s26-team-pointbot/install/point_bot_interfaces/lib/python3.12/site-packages/point_bot_interfaces/point_bot_interfaces_s__rosidl_typesupport_fastrtps_c.so
-- Installing: /home/rob/project/csci5551-s26-team-pointbot/install/point_bot_interfaces/lib/python3.12/site-packages/point_bot_interfaces/_point_bot_interfaces_s.ep.rosidl_typesupport_fastrtps_c.c
-- Installing: /home/rob/project/csci5551-s26-team-pointbot/install/point_bot_interfaces/lib/python3.12/site-packages/point_bot_interfaces/point_bot_interfaces_s__rosidl_typesupport_introspection_c.so
-- Installing: /home/rob/project/csci5551-s26-team-pointbot/install/point_bot_interfaces/lib/python3.12/site-packages/point_bot_interfaces/__init__.py
-- Installing: /home/rob/project/csci5551-s26-team-pointbot/install/point_bot_interfaces/lib/python3.12/site-packages/point_bot_interfaces/_point_bot_interfaces_s.ep.rosidl_typesupport_c.c
-- Installing: /home/rob/project/csci5551-s26-team-pointbot/install/point_bot_interfaces/lib/python3.12/site-packages/point_bot_interfaces/action
-- Installing: /home/rob/project/csci5551-s26-team-pointbot/install/point_bot_interfaces/lib/python3.12/site-packages/point_bot_interfaces/action/_move_object_s.c
-- Installing: /home/rob/project/csci5551-s26-team-pointbot/install/point_bot_interfaces/lib/python3.12/site-packages/point_bot_interfaces/action/__init__.py
-- Installing: /home/rob/project/csci5551-s26-team-pointbot/install/point_bot_interfaces/lib/python3.12/site-packages/point_bot_interfaces/action/_perception.py
-- Installing: /home/rob/project/csci5551-s26-team-pointbot/install/point_bot_interfaces/lib/python3.12/site-packages/point_bot_interfaces/action/_perception_s.c
-- Installing: /home/rob/project/csci5551-s26-team-pointbot/install/point_bot_interfaces/lib/python3.12/site-packages/point_bot_interfaces/action/_move_object.py
-- Installing: /home/rob/project/csci5551-s26-team-pointbot/install/point_bot_interfaces/lib/python3.12/site-packages/point_bot_interfaces/point_bot_interfaces_s__rosidl_typesupport_c.so
-- Installing: /home/rob/project/csci5551-s26-team-pointbot/install/point_bot_interfaces/lib/python3.12/site-packages/point_bot_interfaces/_point_bot_interfaces_s.ep.rosidl_typesupport_introspection_c.c
Listing '/home/rob/project/csci5551-s26-team-pointbot/install/point_bot_interfaces/lib/python3.12/site-packages/point_bot_interfaces'...
Compiling '/home/rob/project/csci5551-s26-team-pointbot/install/point_bot_interfaces/lib/python3.12/site-packages/point_bot_interfaces/__init__.py'...
Listing '/home/rob/project/csci5551-s26-team-pointbot/install/point_bot_interfaces/lib/python3.12/site-packages/point_bot_interfaces/action'...
Compiling '/home/rob/project/csci5551-s26-team-pointbot/install/point_bot_interfaces/lib/python3.12/site-packages/point_bot_interfaces/action/__init__.py'...
Compiling '/home/rob/project/csci5551-s26-team-pointbot/install/point_bot_interfaces/lib/python3.12/site-packages/point_bot_interfaces/action/_move_object.py'...
Compiling '/home/rob/project/csci5551-s26-team-pointbot/install/point_bot_interfaces/lib/python3.12/site-packages/point_bot_interfaces/action/_perception.py'...
-- Installing: /home/rob/project/csci5551-s26-team-pointbot/install/point_bot_interfaces/lib/python3.12/site-packages/point_bot_interfaces/point_bot_interfaces_s__rosidl_typesupport_fastrtps_c.so
-- Set non-toolchain portion of runtime path of "/home/rob/project/csci5551-s26-team-pointbot/install/point_bot_interfaces/lib/python3.12/site-packages/point_bot_interfaces/point_bot_interfaces_s__rosidl_typesupport_fastrtps_c.so" to ""
-- Installing: /home/rob/project/csci5551-s26-team-pointbot/install/point_bot_interfaces/lib/python3.12/site-packages/point_bot_interfaces/point_bot_interfaces_s__rosidl_typesupport_introspection_c.so
-- Set non-toolchain portion of runtime path of "/home/rob/project/csci5551-s26-team-pointbot/install/point_bot_interfaces/lib/python3.12/site-packages/point_bot_interfaces/point_bot_interfaces_s__rosidl_typesupport_introspection_c.so" to ""
-- Installing: /home/rob/project/csci5551-s26-team-pointbot/install/point_bot_interfaces/lib/python3.12/site-packages/point_bot_interfaces/point_bot_interfaces_s__rosidl_typesupport_c.so
-- Set non-toolchain portion of runtime path of "/home/rob/project/csci5551-s26-team-pointbot/install/point_bot_interfaces/lib/python3.12/site-packages/point_bot_interfaces/point_bot_interfaces_s__rosidl_typesupport_c.so" to ""
-- Installing: /home/rob/project/csci5551-s26-team-pointbot/install/point_bot_interfaces/lib/libpoint_bot_interfaces__rosidl_generator_py.so
-- Set non-toolchain portion of runtime path of "/home/rob/project/csci5551-s26-team-pointbot/install/point_bot_interfaces/lib/libpoint_bot_interfaces__rosidl_generator_py.so" to ""
-- Installing: /home/rob/project/csci5551-s26-team-pointbot/install/point_bot_interfaces/share/ament_index/resource_index/rust_packages/point_bot_interfaces
-- Installing: /home/rob/project/csci5551-s26-team-pointbot/install/point_bot_interfaces/share/point_bot_interfaces/rust
-- Installing: /home/rob/project/csci5551-s26-team-pointbot/install/point_bot_interfaces/share/point_bot_interfaces/rust/Cargo.toml
-- Installing: /home/rob/project/csci5551-s26-team-pointbot/install/point_bot_interfaces/share/point_bot_interfaces/rust/src
-- Installing: /home/rob/project/csci5551-s26-team-pointbot/install/point_bot_interfaces/share/point_bot_interfaces/rust/src/lib.rs
-- Installing: /home/rob/project/csci5551-s26-team-pointbot/install/point_bot_interfaces/share/point_bot_interfaces/rust/src/action
-- Installing: /home/rob/project/csci5551-s26-team-pointbot/install/point_bot_interfaces/share/point_bot_interfaces/rust/src/action/rmw.rs
-- Installing: /home/rob/project/csci5551-s26-team-pointbot/install/point_bot_interfaces/share/point_bot_interfaces/rust/src/action.rs
-- Installing: /home/rob/project/csci5551-s26-team-pointbot/install/point_bot_interfaces/share/point_bot_interfaces/rust/build.rs
-- Installing: /home/rob/project/csci5551-s26-team-pointbot/install/point_bot_interfaces/share/point_bot_interfaces/action/Perception.idl
-- Installing: /home/rob/project/csci5551-s26-team-pointbot/install/point_bot_interfaces/share/point_bot_interfaces/action/MoveObject.idl
-- Installing: /home/rob/project/csci5551-s26-team-pointbot/install/point_bot_interfaces/share/point_bot_interfaces/action/Perception.action
-- Installing: /home/rob/project/csci5551-s26-team-pointbot/install/point_bot_interfaces/share/point_bot_interfaces/action/MoveObject.action
-- Installing: /home/rob/project/csci5551-s26-team-pointbot/install/point_bot_interfaces/share/ament_index/resource_index/package_run_dependencies/point_bot_interfaces
-- Installing: /home/rob/project/csci5551-s26-team-pointbot/install/point_bot_interfaces/share/ament_index/resource_index/parent_prefix_path/point_bot_interfaces
-- Installing: /home/rob/project/csci5551-s26-team-pointbot/install/point_bot_interfaces/share/point_bot_interfaces/environment/ament_prefix_path.sh
-- Installing: /home/rob/project/csci5551-s26-team-pointbot/install/point_bot_interfaces/share/point_bot_interfaces/environment/ament_prefix_path.dsv
-- Installing: /home/rob/project/csci5551-s26-team-pointbot/install/point_bot_interfaces/share/point_bot_interfaces/environment/path.sh
-- Installing: /home/rob/project/csci5551-s26-team-pointbot/install/point_bot_interfaces/share/point_bot_interfaces/environment/path.dsv
-- Installing: /home/rob/project/csci5551-s26-team-pointbot/install/point_bot_interfaces/share/point_bot_interfaces/local_setup.bash
-- Installing: /home/rob/project/csci5551-s26-team-pointbot/install/point_bot_interfaces/share/point_bot_interfaces/local_setup.sh
-- Installing: /home/rob/project/csci5551-s26-team-pointbot/install/point_bot_interfaces/share/point_bot_interfaces/local_setup.zsh
-- Installing: /home/rob/project/csci5551-s26-team-pointbot/install/point_bot_interfaces/share/point_bot_interfaces/local_setup.dsv
-- Installing: /home/rob/project/csci5551-s26-team-pointbot/install/point_bot_interfaces/share/point_bot_interfaces/package.dsv
-- Installing: /home/rob/project/csci5551-s26-team-pointbot/install/point_bot_interfaces/share/ament_index/resource_index/packages/point_bot_interfaces
-- Installing: /home/rob/project/csci5551-s26-team-pointbot/install/point_bot_interfaces/share/point_bot_interfaces/cmake/export_point_bot_interfaces__rosidl_generator_cExport.cmake
-- Installing: /home/rob/project/csci5551-s26-team-pointbot/install/point_bot_interfaces/share/point_bot_interfaces/cmake/export_point_bot_interfaces__rosidl_generator_cExport-noconfig.cmake
-- Installing: /home/rob/project/csci5551-s26-team-pointbot/install/point_bot_interfaces/share/point_bot_interfaces/cmake/export_point_bot_interfaces__rosidl_typesupport_fastrtps_cExport.cmake
-- Installing: /home/rob/project/csci5551-s26-team-pointbot/install/point_bot_interfaces/share/point_bot_interfaces/cmake/export_point_bot_interfaces__rosidl_typesupport_fastrtps_cExport-noconfig.cmake
-- Installing: /home/rob/project/csci5551-s26-team-pointbot/install/point_bot_interfaces/share/point_bot_interfaces/cmake/export_point_bot_interfaces__rosidl_generator_cppExport.cmake
-- Installing: /home/rob/project/csci5551-s26-team-pointbot/install/point_bot_interfaces/share/point_bot_interfaces/cmake/export_point_bot_interfaces__rosidl_typesupport_fastrtps_cppExport.cmake
-- Installing: /home/rob/project/csci5551-s26-team-pointbot/install/point_bot_interfaces/share/point_bot_interfaces/cmake/export_point_bot_interfaces__rosidl_typesupport_fastrtps_cppExport-noconfig.cmake
-- Installing: /home/rob/project/csci5551-s26-team-pointbot/install/point_bot_interfaces/share/point_bot_interfaces/cmake/point_bot_interfaces__rosidl_typesupport_introspection_cExport.cmake
-- Installing: /home/rob/project/csci5551-s26-team-pointbot/install/point_bot_interfaces/share/point_bot_interfaces/cmake/point_bot_interfaces__rosidl_typesupport_introspection_cExport-noconfig.cmake
-- Installing: /home/rob/project/csci5551-s26-team-pointbot/install/point_bot_interfaces/share/point_bot_interfaces/cmake/point_bot_interfaces__rosidl_typesupport_cExport.cmake
-- Installing: /home/rob/project/csci5551-s26-team-pointbot/install/point_bot_interfaces/share/point_bot_interfaces/cmake/point_bot_interfaces__rosidl_typesupport_cExport-noconfig.cmake
-- Installing: /home/rob/project/csci5551-s26-team-pointbot/install/point_bot_interfaces/share/point_bot_interfaces/cmake/point_bot_interfaces__rosidl_typesupport_introspection_cppExport.cmake
-- Installing: /home/rob/project/csci5551-s26-team-pointbot/install/point_bot_interfaces/share/point_bot_interfaces/cmake/point_bot_interfaces__rosidl_typesupport_introspection_cppExport-noconfig.cmake
-- Installing: /home/rob/project/csci5551-s26-team-pointbot/install/point_bot_interfaces/share/point_bot_interfaces/cmake/point_bot_interfaces__rosidl_typesupport_cppExport.cmake
-- Installing: /home/rob/project/csci5551-s26-team-pointbot/install/point_bot_interfaces/share/point_bot_interfaces/cmake/point_bot_interfaces__rosidl_typesupport_cppExport-noconfig.cmake
-- Installing: /home/rob/project/csci5551-s26-team-pointbot/install/point_bot_interfaces/share/point_bot_interfaces/cmake/export_point_bot_interfaces__rosidl_generator_pyExport.cmake
-- Installing: /home/rob/project/csci5551-s26-team-pointbot/install/point_bot_interfaces/share/point_bot_interfaces/cmake/export_point_bot_interfaces__rosidl_generator_pyExport-noconfig.cmake
-- Installing: /home/rob/project/csci5551-s26-team-pointbot/install/point_bot_interfaces/share/point_bot_interfaces/cmake/rosidl_cmake-extras.cmake
-- Installing: /home/rob/project/csci5551-s26-team-pointbot/install/point_bot_interfaces/share/point_bot_interfaces/cmake/ament_cmake_export_dependencies-extras.cmake
-- Installing: /home/rob/project/csci5551-s26-team-pointbot/install/point_bot_interfaces/share/point_bot_interfaces/cmake/ament_cmake_export_include_directories-extras.cmake
-- Installing: /home/rob/project/csci5551-s26-team-pointbot/install/point_bot_interfaces/share/point_bot_interfaces/cmake/ament_cmake_export_libraries-extras.cmake
-- Installing: /home/rob/project/csci5551-s26-team-pointbot/install/point_bot_interfaces/share/point_bot_interfaces/cmake/ament_cmake_export_targets-extras.cmake
-- Installing: /home/rob/project/csci5551-s26-team-pointbot/install/point_bot_interfaces/share/point_bot_interfaces/cmake/rosidl_cmake_export_typesupport_targets-extras.cmake
-- Installing: /home/rob/project/csci5551-s26-team-pointbot/install/point_bot_interfaces/share/point_bot_interfaces/cmake/rosidl_cmake_export_typesupport_libraries-extras.cmake
-- Installing: /home/rob/project/csci5551-s26-team-pointbot/install/point_bot_interfaces/share/point_bot_interfaces/cmake/point_bot_interfacesConfig.cmake
-- Installing: /home/rob/project/csci5551-s26-team-pointbot/install/point_bot_interfaces/share/point_bot_interfaces/cmake/point_bot_interfacesConfig-version.cmake
-- Installing: /home/rob/project/csci5551-s26-team-pointbot/install/point_bot_interfaces/share/point_bot_interfaces/package.xml
