[0.859s] Invoking command in '/home/rob/project/csci5551-s26-team-pointbot/src/xarm_ros2/uf_ros_lib': DEBUGINFOD_URLS=https://debuginfod.ubuntu.com PYTHONPATH=/home/rob/project/csci5551-s26-team-pointbot/build/uf_ros_lib/prefix_override:/usr/lib/python3/dist-packages/colcon_core/task/python/colcon_distutils_commands:/home/rob/project/csci5551-s26-team-pointbot/install/uf_ros_lib/lib/python3.12/site-packages:${PYTHONPATH} /usr/bin/python3 -W ignore:setup.py install is deprecated -W ignore:easy_install command is deprecated setup.py egg_info --egg-base ../../../build/uf_ros_lib build --build-base /home/rob/project/csci5551-s26-team-pointbot/build/uf_ros_lib/build install --record /home/rob/project/csci5551-s26-team-pointbot/build/uf_ros_lib/install.log --single-version-externally-managed install_data
[1.150s] running egg_info
[1.150s] creating ../../../build/uf_ros_lib/uf_ros_lib.egg-info
[1.167s] writing ../../../build/uf_ros_lib/uf_ros_lib.egg-info/PKG-INFO
[1.168s] writing dependency_links to ../../../build/uf_ros_lib/uf_ros_lib.egg-info/dependency_links.txt
[1.168s] writing requirements to ../../../build/uf_ros_lib/uf_ros_lib.egg-info/requires.txt
[1.168s] writing top-level names to ../../../build/uf_ros_lib/uf_ros_lib.egg-info/top_level.txt
[1.168s] writing manifest file '../../../build/uf_ros_lib/uf_ros_lib.egg-info/SOURCES.txt'
[1.203s] reading manifest file '../../../build/uf_ros_lib/uf_ros_lib.egg-info/SOURCES.txt'
[1.204s] writing manifest file '../../../build/uf_ros_lib/uf_ros_lib.egg-info/SOURCES.txt'
[1.204s] running build
[1.204s] running build_py
[1.204s] creating /home/rob/project/csci5551-s26-team-pointbot/build/uf_ros_lib/build
[1.204s] creating /home/rob/project/csci5551-s26-team-pointbot/build/uf_ros_lib/build/lib
[1.204s] creating /home/rob/project/csci5551-s26-team-pointbot/build/uf_ros_lib/build/lib/uf_ros_lib
[1.204s] copying uf_ros_lib/uf_robot_utils.py -> /home/rob/project/csci5551-s26-team-pointbot/build/uf_ros_lib/build/lib/uf_ros_lib
[1.204s] copying uf_ros_lib/__init__.py -> /home/rob/project/csci5551-s26-team-pointbot/build/uf_ros_lib/build/lib/uf_ros_lib
[1.205s] copying uf_ros_lib/parameter_descriptions.py -> /home/rob/project/csci5551-s26-team-pointbot/build/uf_ros_lib/build/lib/uf_ros_lib
[1.205s] copying uf_ros_lib/moveit_configs_builder.py -> /home/rob/project/csci5551-s26-team-pointbot/build/uf_ros_lib/build/lib/uf_ros_lib
[1.205s] creating /home/rob/project/csci5551-s26-team-pointbot/build/uf_ros_lib/build/lib/uf_ros_lib/substitutions
[1.205s] copying uf_ros_lib/substitutions/__init__.py -> /home/rob/project/csci5551-s26-team-pointbot/build/uf_ros_lib/build/lib/uf_ros_lib/substitutions
[1.205s] copying uf_ros_lib/substitutions/joint_limits.py -> /home/rob/project/csci5551-s26-team-pointbot/build/uf_ros_lib/build/lib/uf_ros_lib/substitutions
[1.205s] copying uf_ros_lib/substitutions/planning_pipelines.py -> /home/rob/project/csci5551-s26-team-pointbot/build/uf_ros_lib/build/lib/uf_ros_lib/substitutions
[1.205s] copying uf_ros_lib/substitutions/common.py -> /home/rob/project/csci5551-s26-team-pointbot/build/uf_ros_lib/build/lib/uf_ros_lib/substitutions
[1.205s] copying uf_ros_lib/substitutions/controllers.py -> /home/rob/project/csci5551-s26-team-pointbot/build/uf_ros_lib/build/lib/uf_ros_lib/substitutions
[1.205s] copying uf_ros_lib/substitutions/kinematics.py -> /home/rob/project/csci5551-s26-team-pointbot/build/uf_ros_lib/build/lib/uf_ros_lib/substitutions
[1.205s] running install
[1.212s] running install_lib
[1.230s] creating /home/rob/project/csci5551-s26-team-pointbot/install/uf_ros_lib/lib/python3.12/site-packages/uf_ros_lib
[1.230s] copying /home/rob/project/csci5551-s26-team-pointbot/build/uf_ros_lib/build/lib/uf_ros_lib/uf_robot_utils.py -> /home/rob/project/csci5551-s26-team-pointbot/install/uf_ros_lib/lib/python3.12/site-packages/uf_ros_lib
[1.231s] creating /home/rob/project/csci5551-s26-team-pointbot/install/uf_ros_lib/lib/python3.12/site-packages/uf_ros_lib/substitutions
[1.231s] copying /home/rob/project/csci5551-s26-team-pointbot/build/uf_ros_lib/build/lib/uf_ros_lib/substitutions/__init__.py -> /home/rob/project/csci5551-s26-team-pointbot/install/uf_ros_lib/lib/python3.12/site-packages/uf_ros_lib/substitutions
[1.231s] copying /home/rob/project/csci5551-s26-team-pointbot/build/uf_ros_lib/build/lib/uf_ros_lib/substitutions/joint_limits.py -> /home/rob/project/csci5551-s26-team-pointbot/install/uf_ros_lib/lib/python3.12/site-packages/uf_ros_lib/substitutions
[1.231s] copying /home/rob/project/csci5551-s26-team-pointbot/build/uf_ros_lib/build/lib/uf_ros_lib/substitutions/planning_pipelines.py -> /home/rob/project/csci5551-s26-team-pointbot/install/uf_ros_lib/lib/python3.12/site-packages/uf_ros_lib/substitutions
[1.231s] copying /home/rob/project/csci5551-s26-team-pointbot/build/uf_ros_lib/build/lib/uf_ros_lib/substitutions/common.py -> /home/rob/project/csci5551-s26-team-pointbot/install/uf_ros_lib/lib/python3.12/site-packages/uf_ros_lib/substitutions
[1.231s] copying /home/rob/project/csci5551-s26-team-pointbot/build/uf_ros_lib/build/lib/uf_ros_lib/substitutions/controllers.py -> /home/rob/project/csci5551-s26-team-pointbot/install/uf_ros_lib/lib/python3.12/site-packages/uf_ros_lib/substitutions
[1.231s] copying /home/rob/project/csci5551-s26-team-pointbot/build/uf_ros_lib/build/lib/uf_ros_lib/substitutions/kinematics.py -> /home/rob/project/csci5551-s26-team-pointbot/install/uf_ros_lib/lib/python3.12/site-packages/uf_ros_lib/substitutions
[1.232s] copying /home/rob/project/csci5551-s26-team-pointbot/build/uf_ros_lib/build/lib/uf_ros_lib/__init__.py -> /home/rob/project/csci5551-s26-team-pointbot/install/uf_ros_lib/lib/python3.12/site-packages/uf_ros_lib
[1.232s] copying /home/rob/project/csci5551-s26-team-pointbot/build/uf_ros_lib/build/lib/uf_ros_lib/parameter_descriptions.py -> /home/rob/project/csci5551-s26-team-pointbot/install/uf_ros_lib/lib/python3.12/site-packages/uf_ros_lib
[1.232s] copying /home/rob/project/csci5551-s26-team-pointbot/build/uf_ros_lib/build/lib/uf_ros_lib/moveit_configs_builder.py -> /home/rob/project/csci5551-s26-team-pointbot/install/uf_ros_lib/lib/python3.12/site-packages/uf_ros_lib
[1.232s] byte-compiling /home/rob/project/csci5551-s26-team-pointbot/install/uf_ros_lib/lib/python3.12/site-packages/uf_ros_lib/uf_robot_utils.py to uf_robot_utils.cpython-312.pyc
[1.235s] byte-compiling /home/rob/project/csci5551-s26-team-pointbot/install/uf_ros_lib/lib/python3.12/site-packages/uf_ros_lib/substitutions/__init__.py to __init__.cpython-312.pyc
[1.235s] byte-compiling /home/rob/project/csci5551-s26-team-pointbot/install/uf_ros_lib/lib/python3.12/site-packages/uf_ros_lib/substitutions/joint_limits.py to joint_limits.cpython-312.pyc
[1.237s] byte-compiling /home/rob/project/csci5551-s26-team-pointbot/install/uf_ros_lib/lib/python3.12/site-packages/uf_ros_lib/substitutions/planning_pipelines.py to planning_pipelines.cpython-312.pyc
[1.239s] byte-compiling /home/rob/project/csci5551-s26-team-pointbot/install/uf_ros_lib/lib/python3.12/site-packages/uf_ros_lib/substitutions/common.py to common.cpython-312.pyc
[1.240s] byte-compiling /home/rob/project/csci5551-s26-team-pointbot/install/uf_ros_lib/lib/python3.12/site-packages/uf_ros_lib/substitutions/controllers.py to controllers.cpython-312.pyc
[1.242s] byte-compiling /home/rob/project/csci5551-s26-team-pointbot/install/uf_ros_lib/lib/python3.12/site-packages/uf_ros_lib/substitutions/kinematics.py to kinematics.cpython-312.pyc
[1.243s] byte-compiling /home/rob/project/csci5551-s26-team-pointbot/install/uf_ros_lib/lib/python3.12/site-packages/uf_ros_lib/__init__.py to __init__.cpython-312.pyc
[1.243s] byte-compiling /home/rob/project/csci5551-s26-team-pointbot/install/uf_ros_lib/lib/python3.12/site-packages/uf_ros_lib/parameter_descriptions.py to parameter_descriptions.cpython-312.pyc
[1.244s] byte-compiling /home/rob/project/csci5551-s26-team-pointbot/install/uf_ros_lib/lib/python3.12/site-packages/uf_ros_lib/moveit_configs_builder.py to moveit_configs_builder.cpython-312.pyc
[1.258s] running install_data
[1.258s] creating /home/rob/project/csci5551-s26-team-pointbot/install/uf_ros_lib/share/ament_index
[1.258s] creating /home/rob/project/csci5551-s26-team-pointbot/install/uf_ros_lib/share/ament_index/resource_index
[1.258s] creating /home/rob/project/csci5551-s26-team-pointbot/install/uf_ros_lib/share/ament_index/resource_index/packages
[1.258s] copying resource/uf_ros_lib -> /home/rob/project/csci5551-s26-team-pointbot/install/uf_ros_lib/share/ament_index/resource_index/packages
[1.258s] copying package.xml -> /home/rob/project/csci5551-s26-team-pointbot/install/uf_ros_lib/share/uf_ros_lib
[1.258s] running install_egg_info
[1.278s] Copying ../../../build/uf_ros_lib/uf_ros_lib.egg-info to /home/rob/project/csci5551-s26-team-pointbot/install/uf_ros_lib/lib/python3.12/site-packages/uf_ros_lib-0.0.0-py3.12.egg-info
[1.279s] running install_scripts
[1.404s] writing list of installed files to '/home/rob/project/csci5551-s26-team-pointbot/build/uf_ros_lib/install.log'
[1.435s] Invoked command in '/home/rob/project/csci5551-s26-team-pointbot/src/xarm_ros2/uf_ros_lib' returned '0': DEBUGINFOD_URLS=https://debuginfod.ubuntu.com PYTHONPATH=/home/rob/project/csci5551-s26-team-pointbot/build/uf_ros_lib/prefix_override:/usr/lib/python3/dist-packages/colcon_core/task/python/colcon_distutils_commands:/home/rob/project/csci5551-s26-team-pointbot/install/uf_ros_lib/lib/python3.12/site-packages:${PYTHONPATH} /usr/bin/python3 -W ignore:setup.py install is deprecated -W ignore:easy_install command is deprecated setup.py egg_info --egg-base ../../../build/uf_ros_lib build --build-base /home/rob/project/csci5551-s26-team-pointbot/build/uf_ros_lib/build install --record /home/rob/project/csci5551-s26-team-pointbot/build/uf_ros_lib/install.log --single-version-externally-managed install_data
