[  9%] Built target test_xarm_planner_client_joint
[ 18%] Built target test_xarm_planner_client_pose
[ 27%] Built target test_xarm_gripper_planner_client_joint
[ 36%] Built target test_lite_gripper_realmove
[ 45%] Built target xarm_planner
[ 59%] [32m[1mLinking CXX executable xarm_gripper_planner_node[0m
[ 59%] [32m[1mLinking CXX executable test_xarm_planner_api_joint[0m
[ 59%] [32m[1mLinking CXX executable xarm_planner_node[0m
[ 72%] [32m[1mLinking CXX executable test_dual_xarm_planner_api_joint[0m
[ 72%] [32m[1mLinking CXX executable test_xarm_planner_api_pose[0m
[ 72%] [32m[1mLinking CXX executable test_xarm_gripper_planner_api_joint[0m
/usr/bin/ld: /home/rob/miniforge3/lib/libssl.so.3: undefined reference to `X509_STORE_CTX_init_rpk@OPENSSL_3.2.0'
/usr/bin/ld: /home/rob/miniforge3/lib/libssl.so.3: undefined reference to `X509_STORE_CTX_init_rpk@OPENSSL_3.2.0'
/usr/bin/ld: /home/rob/miniforge3/lib/libssl.so.3: undefined reference to `X509_STORE_CTX_init_rpk@OPENSSL_3.2.0'
/usr/bin/ld: /home/rob/miniforge3/lib/libssl.so.3: undefined reference to `BIO_recvmmsg@OPENSSL_3.2.0'
/usr/bin/ld: /home/rob/miniforge3/lib/libssl.so.3: undefined reference to `X509_STORE_CTX_init_rpk@OPENSSL_3.2.0'
/usr/bin/ld: /home/rob/miniforge3/lib/libssl.so.3: undefined reference to `BIO_recvmmsg@OPENSSL_3.2.0'
/usr/bin/ld: /home/rob/miniforge3/lib/libssl.so.3: undefined reference to `BIO_recvmmsg@OPENSSL_3.2.0/usr/bin/ld: '
/home/rob/miniforge3/lib/libssl.so.3: undefined reference to `CRYPTO_malloc_array@OPENSSL_3.6.0'
/usr/bin/ld: /opt/ros/jazzy/lib/libresource_retriever.so: undefined reference to `curl_global_init@CURL_OPENSSL_4'
/usr/bin/ld: /home/rob/miniforge3/lib/libssl.so.3: undefined reference to `CRYPTO_malloc_array@OPENSSL_3.6.0'
/usr/bin/ld: /home/rob/miniforge3/lib/libssl.so.3: undefined reference to `CRYPTO_malloc_array@OPENSSL_3.6.0'
/usr/bin/ld: /home/rob/miniforge3/lib/libssl.so.3: undefined reference to `BIO_recvmmsg@OPENSSL_3.2.0'
/usr/bin/ld: /opt/ros/jazzy/lib/libresource_retriever.so: undefined reference to `curl_easy_perform@CURL_OPENSSL_4'
/usr/bin/ld: /opt/ros/jazzy/lib/libresource_retriever.so: undefined reference to `curl_global_init@CURL_OPENSSL_4'
/usr/bin/ld: /opt/ros/jazzy/lib/libresource_retriever.so: undefined reference to `curl_global_init@CURL_OPENSSL_4'
/usr/bin/ld: /home/rob/miniforge3/lib/libssl.so.3: undefined reference to `OSSL_sleep@OPENSSL_3.2.0'
/usr/bin/ld: /home/rob/miniforge3/lib/libssl.so.3: undefined reference to `CRYPTO_malloc_array@OPENSSL_3.6.0'
/usr/bin/ld: /opt/ros/jazzy/lib/libresource_retriever.so: undefined reference to `curl_easy_perform@CURL_OPENSSL_4'
/usr/bin/ld: /opt/ros/jazzy/lib/libresource_retriever.so: undefined reference to `curl_easy_perform@CURL_OPENSSL_4'
/usr/bin/ld: /opt/ros/jazzy/lib/libresource_retriever.so: undefined reference to `curl_global_init@CURL_OPENSSL_4'
/usr/bin/ld: /home/rob/miniforge3/lib/libssl.so.3: undefined reference to `OSSL_sleep@OPENSSL_3.2.0'
/usr/bin/ld: /home/rob/miniforge3/lib/libssl.so.3: undefined reference to `OSSL_sleep@OPENSSL_3.2.0'
/usr/bin/ld: /opt/ros/jazzy/lib/libresource_retriever.so: undefined reference to `curl_easy_perform@CURL_OPENSSL_4'
/usr/bin/ld: /home/rob/miniforge3/lib/libssl.so.3: undefined reference to `OSSL_ERR_STATE_restore@OPENSSL_3.2.0'
/usr/bin/ld: /home/rob/miniforge3/lib/libssl.so.3: undefined reference to `OSSL_sleep@OPENSSL_3.2.0'
/usr/bin/ld: /home/rob/miniforge3/lib/libssl.so.3: undefined reference to `OSSL_ERR_STATE_restore@OPENSSL_3.2.0'
/usr/bin/ld: /home/rob/miniforge3/lib/libssl.so.3: undefined reference to `OSSL_ERR_STATE_restore@OPENSSL_3.2.0'
/usr/bin/ld: /home/rob/miniforge3/lib/libssl.so.3: undefined reference to `OPENSSL_strtoul@OPENSSL_3.4.0'
/usr/bin/ld: /opt/ros/jazzy/lib/libresource_retriever.so: undefined reference to `curl_easy_setopt@CURL_OPENSSL_4'
/usr/bin/ld: /home/rob/miniforge3/lib/libssl.so.3: undefined reference to `OPENSSL_strtoul@OPENSSL_3.4.0'
/usr/bin/ld: /home/rob/miniforge3/lib/libssl.so.3: undefined reference to `OPENSSL_strtoul@OPENSSL_3.4.0'
/usr/bin/ld: /home/rob/miniforge3/lib/libssl.so.3: undefined reference to `OSSL_ERR_STATE_restore@OPENSSL_3.2.0'
/usr/bin/ld: /home/rob/miniforge3/lib/libssl.so.3: undefined reference to `OPENSSL_sk_set_thunks@OPENSSL_3.6.0'
/usr/bin/ld: /opt/ros/jazzy/lib/libresource_retriever.so: undefined reference to `curl_easy_setopt@CURL_OPENSSL_4'
/usr/bin/ld: /opt/ros/jazzy/lib/libresource_retriever.so: undefined reference to `curl_easy_setopt@CURL_OPENSSL_4'
/usr/bin/ld: /home/rob/miniforge3/lib/libssl.so.3: undefined reference to `OPENSSL_LH_set_thunks@OPENSSL_3.3.0'
/usr/bin/ld: /home/rob/miniforge3/lib/libssl.so.3: undefined reference to `OPENSSL_strtoul@OPENSSL_3.4.0'
/usr/bin/ld: /home/rob/miniforge3/lib/libssl.so.3: undefined reference to `OPENSSL_sk_set_thunks@OPENSSL_3.6.0'
/usr/bin/ld: /home/rob/miniforge3/lib/libssl.so.3: undefined reference to `OPENSSL_sk_set_thunks@OPENSSL_3.6.0'
/usr/bin/ld: /opt/ros/jazzy/lib/libresource_retriever.so: undefined reference to `curl_easy_init@CURL_OPENSSL_4'
/usr/bin/ld: /home/rob/miniforge3/lib/libssl.so.3: undefined reference to `/usr/bin/ldOPENSSL_LH_set_thunks@OPENSSL_3.3.0: '
/opt/ros/jazzy/lib/libresource_retriever.so: undefined reference to `curl_easy_setopt@CURL_OPENSSL_4'
/usr/bin/ld: /home/rob/miniforge3/lib/libssl.so.3: undefined reference to `OPENSSL_LH_set_thunks@OPENSSL_3.3.0'
/usr/bin/ld: /home/rob/miniforge3/lib/libssl.so.3: undefined reference to `OPENSSL_sk_set_thunks@OPENSSL_3.6.0'
/usr/bin/ld: /opt/ros/jazzy/lib/libresource_retriever.so: undefined reference to `curl_easy_init@CURL_OPENSSL_4'
/usr/bin/ld: /opt/ros/jazzy/lib/libresource_retriever.so: undefined reference to `curl_easy_init@CURL_OPENSSL_4'
/usr/bin/ld: /home/rob/miniforge3/lib/libssl.so.3: undefined reference to `BIO_sendmmsg@OPENSSL_3.2.0'
/usr/bin/ld: /home/rob/miniforge3/lib/libssl.so.3: undefined reference to `OPENSSL_LH_set_thunks@OPENSSL_3.3.0'
/usr/bin/ld: /home/rob/miniforge3/lib/libssl.so.3: undefined reference to `BIO_err_is_non_fatal@OPENSSL_3.2.0'
/usr/bin/ld: /home/rob/miniforge3/lib/libssl.so.3: undefined reference to `BIO_sendmmsg@OPENSSL_3.2.0'
/usr/bin/ld: /home/rob/miniforge3/lib/libssl.so.3: undefined reference to `BIO_sendmmsg@OPENSSL_3.2.0'
/usr/bin/ld: /opt/ros/jazzy/lib/libresource_retriever.so: undefined reference to `curl_easy_init@CURL_OPENSSL_4'
/usr/bin/ld: /home/rob/miniforge3/lib/libssl.so.3: undefined reference to `BIO_err_is_non_fatal@OPENSSL_3.2.0'
/usr/bin/ld: /home/rob/miniforge3/lib/libssl.so.3: undefined reference to `BIO_get_rpoll_descriptor@OPENSSL_3.2.0'
/usr/bin/ld: /home/rob/miniforge3/lib/libssl.so.3: undefined reference to `BIO_err_is_non_fatal@OPENSSL_3.2.0'
/usr/bin/ld: /home/rob/miniforge3/lib/libssl.so.3: undefined reference to `BIO_sendmmsg@OPENSSL_3.2.0'
/usr/bin/ld: /home/rob/miniforge3/lib/libssl.so.3: undefined reference to `OSSL_ERR_STATE_free@OPENSSL_3.2.0'
/usr/bin/ld: /home/rob/miniforge3/lib/libssl.so.3: undefined reference to `BIO_get_rpoll_descriptor@OPENSSL_3.2.0'
/usr/bin/ld/usr/bin/ld: : /home/rob/miniforge3/lib/libssl.so.3/home/rob/miniforge3/lib/libssl.so.3: undefined reference to `: undefined reference to `BIO_err_is_non_fatal@OPENSSL_3.2.0BIO_get_rpoll_descriptor@OPENSSL_3.2.0'
'
/usr/bin/ld: /home/rob/miniforge3/lib/libssl.so.3: undefined reference to `OSSL_LIB_CTX_get_data@OPENSSL_3.4.0'
/usr/bin/ld: /home/rob/miniforge3/lib/libssl.so.3: undefined reference to `OSSL_ERR_STATE_free@OPENSSL_3.2.0'
/usr/bin/ld: /home/rob/miniforge3/lib/libssl.so.3: undefined reference to `OSSL_ERR_STATE_free@OPENSSL_3.2.0'
/usr/bin/ld: /home/rob/miniforge3/lib/libssl.so.3: undefined reference to `OSSL_LIB_CTX_get_data@OPENSSL_3.4.0'
/usr/bin/ld: /home/rob/miniforge3/lib/libssl.so.3: undefined reference to `BIO_get_rpoll_descriptor@OPENSSL_3.2.0'
/usr/bin/ld/usr/bin/ld: : /home/rob/miniforge3/lib/libssl.so.3/home/rob/miniforge3/lib/libssl.so.3: undefined reference to `: undefined reference to `BIO_ADDR_copy@OPENSSL_3.2.0OSSL_LIB_CTX_get_data@OPENSSL_3.4.0'
'
/usr/bin/ld: /home/rob/miniforge3/lib/libssl.so.3: undefined reference to `OSSL_ERR_STATE_free@OPENSSL_3.2.0'
/usr/bin/ld: /home/rob/miniforge3/lib/libssl.so.3: undefined reference to `BIO_ADDR_copy@OPENSSL_3.2.0'
/usr/bin/ld: /home/rob/miniforge3/lib/libssl.so.3: undefined reference to `OSSL_LIB_CTX_get_data@OPENSSL_3.4.0'
/usr/bin/ld: /home/rob/miniforge3/lib/libssl.so.3: undefined reference to `BIO_ADDR_copy@OPENSSL_3.2.0'
/usr/bin/ld: /home/rob/miniforge3/lib/libssl.so.3: undefined reference to `OSSL_STACK_OF_X509_free@OPENSSL_3.2.0'
/usr/bin/ld: /home/rob/miniforge3/lib/libssl.so.3: undefined reference to `OSSL_STACK_OF_X509_free@OPENSSL_3.2.0'
/usr/bin/ld: /home/rob/miniforge3/lib/libssl.so.3: undefined reference to `BIO_ADDR_copy@OPENSSL_3.2.0'
/usr/bin/ld: /home/rob/miniforge3/lib/libssl.so.3: undefined reference to `OSSL_STACK_OF_X509_free@OPENSSL_3.2.0'
/usr/bin/ld: /home/rob/miniforge3/lib/libssl.so.3: undefined reference to `OSSL_ERR_STATE_save_to_mark@OPENSSL_3.2.0'
/usr/bin/ld: /home/rob/miniforge3/lib/libssl.so.3: undefined reference to `OSSL_ERR_STATE_save@OPENSSL_3.2.0'
/usr/bin/ld: /home/rob/miniforge3/lib/libssl.so.3: undefined reference to `OSSL_ERR_STATE_save_to_mark@OPENSSL_3.2.0'
/usr/bin/ld: /home/rob/miniforge3/lib/libssl.so.3: undefined reference to `OSSL_STACK_OF_X509_free@OPENSSL_3.2.0'
/usr/bin/ld: /home/rob/miniforge3/lib/libssl.so.3: undefined reference to `OSSL_ERR_STATE_save_to_mark@OPENSSL_3.2.0'
/usr/bin/ld: /home/rob/miniforge3/lib/libssl.so.3: undefined reference to `OSSL_ERR_STATE_save@OPENSSL_3.2.0'
/usr/bin/ld: /home/rob/miniforge3/lib/libssl.so.3: undefined reference to `OSSL_ERR_STATE_save@OPENSSL_3.2.0'
/usr/bin/ld: /home/rob/miniforge3/lib/libssl.so.3: undefined reference to `BIO_get_wpoll_descriptor@OPENSSL_3.2.0'
/usr/bin/ld: /home/rob/miniforge3/lib/libssl.so.3: undefined reference to `BIO_get_wpoll_descriptor@OPENSSL_3.2.0'
/usr/bin/ld: /home/rob/miniforge3/lib/libssl.so.3: undefined reference to `OSSL_ERR_STATE_save_to_mark@OPENSSL_3.2.0'
/usr/bin/ld: /home/rob/miniforge3/lib/libssl.so.3: undefined reference to `BIO_s_dgram_mem@OPENSSL_3.2.0'
/usr/bin/ld: /home/rob/miniforge3/lib/libssl.so.3: undefined reference to `BIO_get_wpoll_descriptor@OPENSSL_3.2.0'
/usr/bin/ld: /home/rob/miniforge3/lib/libssl.so.3: undefined reference to `BIO_s_dgram_mem@OPENSSL_3.2.0'
/usr/bin/ld: /home/rob/miniforge3/lib/libssl.so.3: undefined reference to `OSSL_ERR_STATE_save@OPENSSL_3.2.0'
/usr/bin/ld: /home/rob/miniforge3/lib/libssl.so.3: undefined reference to `CRYPTO_calloc@OPENSSL_3.6.0'
/usr/bin/ld: /home/rob/miniforge3/lib/libssl.so.3: undefined reference to `BIO_s_dgram_mem@OPENSSL_3.2.0'
/usr/bin/ld: /home/rob/miniforge3/lib/libssl.so.3: undefined reference to `CRYPTO_calloc@OPENSSL_3.6.0'
/usr/bin/ld: /home/rob/miniforge3/lib/libssl.so.3: undefined reference to `EVP_MD_CTX_get_size_ex@OPENSSL_3.4.0'
/usr/bin/ld: /home/rob/miniforge3/lib/libssl.so.3: undefined reference to `CRYPTO_calloc@OPENSSL_3.6.0'
/usr/bin/ld: /home/rob/miniforge3/lib/libssl.so.3: undefined reference to `EVP_MD_CTX_get_size_ex@OPENSSL_3.4.0'
/usr/bin/ld: /home/rob/miniforge3/lib/libssl.so.3: undefined reference to `BIO_get_wpoll_descriptor@OPENSSL_3.2.0'
/usr/bin/ld: /home/rob/miniforge3/lib/libssl.so.3: undefined reference to `EVP_MD_CTX_get_size_ex@OPENSSL_3.4.0'
/usr/bin/ld: /opt/ros/jazzy/lib/libresource_retriever.so: undefined reference to `curl_easy_cleanup@CURL_OPENSSL_4'
/usr/bin/ld: /home/rob/miniforge3/lib/libssl.so.3: undefined reference to `BIO_s_dgram_mem@OPENSSL_3.2.0'
/usr/bin/ld: /opt/ros/jazzy/lib/libresource_retriever.so: undefined reference to `curl_easy_cleanup@CURL_OPENSSL_4'
/usr/bin/ld: /home/rob/miniforge3/lib/libssl.so.3: undefined reference to `OSSL_LIB_CTX_get_conf_diagnostics@OPENSSL_3.4.0'
/usr/bin/ld: /opt/ros/jazzy/lib/libresource_retriever.so: undefined reference to `curl_easy_cleanup@CURL_OPENSSL_4'
/usr/bin/ld: /home/rob/miniforge3/lib/libssl.so.3: undefined reference to `CRYPTO_calloc@OPENSSL_3.6.0'
/usr/bin/ld: /home/rob/miniforge3/lib/libssl.so.3: undefined reference to `OSSL_LIB_CTX_get_conf_diagnostics@OPENSSL_3.4.0'
/usr/bin/ld/usr/bin/ld: : /home/rob/miniforge3/lib/libssl.so.3/home/rob/miniforge3/lib/libssl.so.3: undefined reference to `: undefined reference to `EVP_MD_CTX_get_size_ex@OPENSSL_3.4.0OSSL_LIB_CTX_get_conf_diagnostics@OPENSSL_3.4.0'
'
/usr/bin/ld: /opt/ros/jazzy/lib/libresource_retriever.so: undefined reference to `curl_easy_cleanup@CURL_OPENSSL_4'
/usr/bin/ld: /home/rob/miniforge3/lib/libssl.so.3: undefined reference to `OSSL_LIB_CTX_get_conf_diagnostics@OPENSSL_3.4.0'
/usr/bin/ld: /home/rob/miniforge3/lib/libssl.so.3: undefined reference to `CRYPTO_realloc_array@OPENSSL_3.6.0'
/usr/bin/ld: /home/rob/miniforge3/lib/libssl.so.3: undefined reference to `CRYPTO_realloc_array@OPENSSL_3.6.0'
/usr/bin/ld: /home/rob/miniforge3/lib/libssl.so.3: undefined reference to `CRYPTO_realloc_array@OPENSSL_3.6.0'
/usr/bin/ld: /home/rob/miniforge3/lib/libssl.so.3: undefined reference to `OSSL_ERR_STATE_new@OPENSSL_3.2.0'
/usr/bin/ld: /home/rob/miniforge3/lib/libssl.so.3: undefined reference to `OSSL_ERR_STATE_new@OPENSSL_3.2.0'
/usr/bin/ld: /home/rob/miniforge3/lib/libssl.so.3: undefined reference to `OSSL_ERR_STATE_new@OPENSSL_3.2.0'
/usr/bin/ld: /home/rob/miniforge3/lib/libssl.so.3: undefined reference to `ERR_count_to_mark@OPENSSL_3.2.0'
/usr/bin/ld: /home/rob/miniforge3/lib/libssl.so.3: undefined reference to `CRYPTO_realloc_array@OPENSSL_3.6.0'
/usr/bin/ld/usr/bin/ld: : /home/rob/miniforge3/lib/libssl.so.3/home/rob/miniforge3/lib/libssl.so.3: undefined reference to `: undefined reference to `ERR_count_to_mark@OPENSSL_3.2.0ERR_count_to_mark@OPENSSL_3.2.0'
'
/usr/bin/ld: /home/rob/miniforge3/lib/libssl.so.3: undefined reference to `X509_STORE_CTX_set_ocsp_resp@OPENSSL_3.6.0'
/usr/bin/ld: /home/rob/miniforge3/lib/libssl.so.3: undefined reference to `X509_STORE_CTX_set_ocsp_resp@OPENSSL_3.6.0'
/usr/bin/ld: /home/rob/miniforge3/lib/libssl.so.3: undefined reference to `X509_STORE_CTX_set_ocsp_resp@OPENSSL_3.6.0'
/usr/bin/ld: /home/rob/miniforge3/lib/libssl.so.3: undefined reference to `OSSL_ERR_STATE_new@OPENSSL_3.2.0'
/usr/bin/ld: /home/rob/miniforge3/lib/libssl.so.3: undefined reference to `ERR_count_to_mark@OPENSSL_3.2.0'
/usr/bin/ld: /home/rob/miniforge3/lib/libssl.so.3: undefined reference to `X509_STORE_CTX_set_ocsp_resp@OPENSSL_3.6.0'
/usr/bin/ld: /opt/ros/jazzy/lib/libresource_retriever.so: undefined reference to `curl_global_cleanup@CURL_OPENSSL_4'
/usr/bin/ld: /opt/ros/jazzy/lib/libresource_retriever.so: undefined reference to `curl_global_cleanup@CURL_OPENSSL_4'
/usr/bin/ld: /opt/ros/jazzy/lib/libresource_retriever.so: undefined reference to `curl_global_cleanup@CURL_OPENSSL_4'
/usr/bin/ld: /opt/ros/jazzy/lib/libresource_retriever.so: undefined reference to `curl_global_cleanup@CURL_OPENSSL_4'
collect2: error: ld returned 1 exit status
collect2: error: ld returned 1 exit status
collect2: error: ld returned 1 exit status
collect2: error: ld returned 1 exit status
gmake[2]: *** [CMakeFiles/test_xarm_planner_api_joint.dir/build.make:376: test_xarm_planner_api_joint] Error 1
gmake[2]: *** [CMakeFiles/test_xarm_gripper_planner_api_joint.dir/build.make:376: test_xarm_gripper_planner_api_joint] Error 1
gmake[2]: *** [CMakeFiles/test_xarm_planner_api_pose.dir/build.make:376: test_xarm_planner_api_pose] Error 1
gmake[1]: *** [CMakeFiles/Makefile2:235: CMakeFiles/test_xarm_planner_api_joint.dir/all] Error 2
gmake[1]: *** Waiting for unfinished jobs....
gmake[1]: *** [CMakeFiles/Makefile2:313: CMakeFiles/test_xarm_gripper_planner_api_joint.dir/all] Error 2
gmake[2]: *** [CMakeFiles/test_dual_xarm_planner_api_joint.dir/build.make:376: test_dual_xarm_planner_api_joint] Error 1
gmake[1]: *** [CMakeFiles/Makefile2:287: CMakeFiles/test_xarm_planner_api_pose.dir/all] Error 2
gmake[1]: *** [CMakeFiles/Makefile2:261: CMakeFiles/test_dual_xarm_planner_api_joint.dir/all] Error 2
/usr/bin/ld: /home/rob/miniforge3/lib/libssl.so.3: undefined reference to `X509_STORE_CTX_init_rpk@OPENSSL_3.2.0'
/usr/bin/ld: /home/rob/miniforge3/lib/libssl.so.3: undefined reference to `BIO_recvmmsg@OPENSSL_3.2.0'
/usr/bin/ld: /home/rob/miniforge3/lib/libssl.so.3: undefined reference to `CRYPTO_malloc_array@OPENSSL_3.6.0'
/usr/bin/ld: /opt/ros/jazzy/lib/libresource_retriever.so: undefined reference to `curl_global_init@CURL_OPENSSL_4'
/usr/bin/ld: /opt/ros/jazzy/lib/libresource_retriever.so: undefined reference to `curl_easy_perform@CURL_OPENSSL_4'
/usr/bin/ld: /home/rob/miniforge3/lib/libssl.so.3: undefined reference to `OSSL_sleep@OPENSSL_3.2.0'
/usr/bin/ld: /home/rob/miniforge3/lib/libssl.so.3: undefined reference to `OSSL_ERR_STATE_restore@OPENSSL_3.2.0'
/usr/bin/ld: /home/rob/miniforge3/lib/libssl.so.3: undefined reference to `OPENSSL_strtoul@OPENSSL_3.4.0'
/usr/bin/ld: /opt/ros/jazzy/lib/libresource_retriever.so: undefined reference to `curl_easy_setopt@CURL_OPENSSL_4'
/usr/bin/ld: /home/rob/miniforge3/lib/libssl.so.3: undefined reference to `OPENSSL_sk_set_thunks@OPENSSL_3.6.0'
/usr/bin/ld: /home/rob/miniforge3/lib/libssl.so.3: undefined reference to `OPENSSL_LH_set_thunks@OPENSSL_3.3.0'
/usr/bin/ld: /opt/ros/jazzy/lib/libresource_retriever.so: undefined reference to `curl_easy_init@CURL_OPENSSL_4'
/usr/bin/ld: /home/rob/miniforge3/lib/libssl.so.3: undefined reference to `BIO_sendmmsg@OPENSSL_3.2.0'
/usr/bin/ld: /home/rob/miniforge3/lib/libssl.so.3: undefined reference to `BIO_err_is_non_fatal@OPENSSL_3.2.0'
/usr/bin/ld: /home/rob/miniforge3/lib/libssl.so.3: undefined reference to `BIO_get_rpoll_descriptor@OPENSSL_3.2.0'
/usr/bin/ld: /home/rob/miniforge3/lib/libssl.so.3: undefined reference to `OSSL_ERR_STATE_free@OPENSSL_3.2.0'
/usr/bin/ld: /home/rob/miniforge3/lib/libssl.so.3: undefined reference to `OSSL_LIB_CTX_get_data@OPENSSL_3.4.0'
/usr/bin/ld: /home/rob/miniforge3/lib/libssl.so.3: undefined reference to `BIO_ADDR_copy@OPENSSL_3.2.0'
/usr/bin/ld: /home/rob/miniforge3/lib/libssl.so.3: undefined reference to `OSSL_STACK_OF_X509_free@OPENSSL_3.2.0'
/usr/bin/ld: /home/rob/miniforge3/lib/libssl.so.3: undefined reference to `OSSL_ERR_STATE_save_to_mark@OPENSSL_3.2.0'
/usr/bin/ld: /home/rob/miniforge3/lib/libssl.so.3: undefined reference to `OSSL_ERR_STATE_save@OPENSSL_3.2.0'
/usr/bin/ld: /home/rob/miniforge3/lib/libssl.so.3: undefined reference to `BIO_get_wpoll_descriptor@OPENSSL_3.2.0'
/usr/bin/ld: /home/rob/miniforge3/lib/libssl.so.3: undefined reference to `BIO_s_dgram_mem@OPENSSL_3.2.0'
/usr/bin/ld: /home/rob/miniforge3/lib/libssl.so.3: undefined reference to `CRYPTO_calloc@OPENSSL_3.6.0'
/usr/bin/ld: /home/rob/miniforge3/lib/libssl.so.3: undefined reference to `EVP_MD_CTX_get_size_ex@OPENSSL_3.4.0'
/usr/bin/ld: /opt/ros/jazzy/lib/libresource_retriever.so: undefined reference to `curl_easy_cleanup@CURL_OPENSSL_4'
/usr/bin/ld: /home/rob/miniforge3/lib/libssl.so.3: undefined reference to `OSSL_LIB_CTX_get_conf_diagnostics@OPENSSL_3.4.0'
/usr/bin/ld: /home/rob/miniforge3/lib/libssl.so.3: undefined reference to `CRYPTO_realloc_array@OPENSSL_3.6.0'
/usr/bin/ld: /home/rob/miniforge3/lib/libssl.so.3: undefined reference to `OSSL_ERR_STATE_new@OPENSSL_3.2.0'
/usr/bin/ld: /home/rob/miniforge3/lib/libssl.so.3: undefined reference to `ERR_count_to_mark@OPENSSL_3.2.0'
/usr/bin/ld: /home/rob/miniforge3/lib/libssl.so.3: undefined reference to `X509_STORE_CTX_set_ocsp_resp@OPENSSL_3.6.0'
/usr/bin/ld: /opt/ros/jazzy/lib/libresource_retriever.so: undefined reference to `curl_global_cleanup@CURL_OPENSSL_4'
collect2: error: ld returned 1 exit status
gmake[2]: *** [CMakeFiles/xarm_gripper_planner_node.dir/build.make:376: xarm_gripper_planner_node] Error 1
gmake[1]: *** [CMakeFiles/Makefile2:209: CMakeFiles/xarm_gripper_planner_node.dir/all] Error 2
/usr/bin/ld: /home/rob/miniforge3/lib/libssl.so.3: undefined reference to `X509_STORE_CTX_init_rpk@OPENSSL_3.2.0'
/usr/bin/ld: /home/rob/miniforge3/lib/libssl.so.3: undefined reference to `BIO_recvmmsg@OPENSSL_3.2.0'
/usr/bin/ld: /home/rob/miniforge3/lib/libssl.so.3: undefined reference to `CRYPTO_malloc_array@OPENSSL_3.6.0'
/usr/bin/ld: /opt/ros/jazzy/lib/libresource_retriever.so: undefined reference to `curl_global_init@CURL_OPENSSL_4'
/usr/bin/ld: /opt/ros/jazzy/lib/libresource_retriever.so: undefined reference to `curl_easy_perform@CURL_OPENSSL_4'
/usr/bin/ld: /home/rob/miniforge3/lib/libssl.so.3: undefined reference to `OSSL_sleep@OPENSSL_3.2.0'
/usr/bin/ld: /home/rob/miniforge3/lib/libssl.so.3: undefined reference to `OSSL_ERR_STATE_restore@OPENSSL_3.2.0'
/usr/bin/ld: /home/rob/miniforge3/lib/libssl.so.3: undefined reference to `OPENSSL_strtoul@OPENSSL_3.4.0'
/usr/bin/ld: /opt/ros/jazzy/lib/libresource_retriever.so: undefined reference to `curl_easy_setopt@CURL_OPENSSL_4'
/usr/bin/ld: /home/rob/miniforge3/lib/libssl.so.3: undefined reference to `OPENSSL_sk_set_thunks@OPENSSL_3.6.0'
/usr/bin/ld: /home/rob/miniforge3/lib/libssl.so.3: undefined reference to `OPENSSL_LH_set_thunks@OPENSSL_3.3.0'
/usr/bin/ld: /opt/ros/jazzy/lib/libresource_retriever.so: undefined reference to `curl_easy_init@CURL_OPENSSL_4'
/usr/bin/ld: /home/rob/miniforge3/lib/libssl.so.3: undefined reference to `BIO_sendmmsg@OPENSSL_3.2.0'
/usr/bin/ld: /home/rob/miniforge3/lib/libssl.so.3: undefined reference to `BIO_err_is_non_fatal@OPENSSL_3.2.0'
/usr/bin/ld: /home/rob/miniforge3/lib/libssl.so.3: undefined reference to `BIO_get_rpoll_descriptor@OPENSSL_3.2.0'
/usr/bin/ld: /home/rob/miniforge3/lib/libssl.so.3: undefined reference to `OSSL_ERR_STATE_free@OPENSSL_3.2.0'
/usr/bin/ld: /home/rob/miniforge3/lib/libssl.so.3: undefined reference to `OSSL_LIB_CTX_get_data@OPENSSL_3.4.0'
/usr/bin/ld: /home/rob/miniforge3/lib/libssl.so.3: undefined reference to `BIO_ADDR_copy@OPENSSL_3.2.0'
/usr/bin/ld: /home/rob/miniforge3/lib/libssl.so.3: undefined reference to `OSSL_STACK_OF_X509_free@OPENSSL_3.2.0'
/usr/bin/ld: /home/rob/miniforge3/lib/libssl.so.3: undefined reference to `OSSL_ERR_STATE_save_to_mark@OPENSSL_3.2.0'
/usr/bin/ld: /home/rob/miniforge3/lib/libssl.so.3: undefined reference to `OSSL_ERR_STATE_save@OPENSSL_3.2.0'
/usr/bin/ld: /home/rob/miniforge3/lib/libssl.so.3: undefined reference to `BIO_get_wpoll_descriptor@OPENSSL_3.2.0'
/usr/bin/ld: /home/rob/miniforge3/lib/libssl.so.3: undefined reference to `BIO_s_dgram_mem@OPENSSL_3.2.0'
/usr/bin/ld: /home/rob/miniforge3/lib/libssl.so.3: undefined reference to `CRYPTO_calloc@OPENSSL_3.6.0'
/usr/bin/ld: /home/rob/miniforge3/lib/libssl.so.3: undefined reference to `EVP_MD_CTX_get_size_ex@OPENSSL_3.4.0'
/usr/bin/ld: /opt/ros/jazzy/lib/libresource_retriever.so: undefined reference to `curl_easy_cleanup@CURL_OPENSSL_4'
/usr/bin/ld: /home/rob/miniforge3/lib/libssl.so.3: undefined reference to `OSSL_LIB_CTX_get_conf_diagnostics@OPENSSL_3.4.0'
/usr/bin/ld: /home/rob/miniforge3/lib/libssl.so.3: undefined reference to `CRYPTO_realloc_array@OPENSSL_3.6.0'
/usr/bin/ld: /home/rob/miniforge3/lib/libssl.so.3: undefined reference to `OSSL_ERR_STATE_new@OPENSSL_3.2.0'
/usr/bin/ld: /home/rob/miniforge3/lib/libssl.so.3: undefined reference to `ERR_count_to_mark@OPENSSL_3.2.0'
/usr/bin/ld: /home/rob/miniforge3/lib/libssl.so.3: undefined reference to `X509_STORE_CTX_set_ocsp_resp@OPENSSL_3.6.0'
/usr/bin/ld: /opt/ros/jazzy/lib/libresource_retriever.so: undefined reference to `curl_global_cleanup@CURL_OPENSSL_4'
collect2: error: ld returned 1 exit status
gmake[2]: *** [CMakeFiles/xarm_planner_node.dir/build.make:376: xarm_planner_node] Error 1
gmake[1]: *** [CMakeFiles/Makefile2:183: CMakeFiles/xarm_planner_node.dir/all] Error 2
gmake: *** [Makefile:146: all] Error 2
