[0.036s] Invoking command in '/home/rob/project/csci5551-s26-team-pointbot/build/xarm_planner': CMAKE_PREFIX_PATH=${CMAKE_PREFIX_PATH}:/opt/ros/jazzy CONDA_PROMPT_MODIFIER=(base) DEBUGINFOD_URLS=https://debuginfod.ubuntu.com LD_LIBRARY_PATH=/home/rob/project/csci5551-s26-team-pointbot/install/lib:/opt/ros/jazzy/opt/sdformat_vendor/lib:/opt/ros/jazzy/opt/rviz_ogre_vendor/lib:/opt/ros/jazzy/lib/x86_64-linux-gnu:/opt/ros/jazzy/opt/gz_math_vendor/lib:/opt/ros/jazzy/opt/gz_utils_vendor/lib:/opt/ros/jazzy/opt/gz_tools_vendor/lib:/opt/ros/jazzy/opt/gz_cmake_vendor/lib:/opt/ros/jazzy/lib:/usr/local/cuda-12.8/lib64’ PYTHONPATH=/home/rob/project/csci5551-s26-team-pointbot/install/lib/python3.12/site-packages:/home/rob/project/csci5551-s26-team-pointbot/install/lib/python3.13/site-packages:/opt/ros/jazzy/lib/python3.12/site-packages:/home/rob/robotics5551:/home/rob/robotics5551 /usr/bin/cmake --build /home/rob/project/csci5551-s26-team-pointbot/build/xarm_planner -- -j16 -l16
[0.122s] [  9%] Built target test_xarm_planner_client_joint
[0.126s] [ 18%] Built target test_xarm_planner_client_pose
[0.128s] [ 27%] Built target test_xarm_gripper_planner_client_joint
[0.132s] [ 36%] Built target test_lite_gripper_realmove
[0.140s] [ 45%] Built target xarm_planner
[0.170s] [ 59%] [32m[1mLinking CXX executable xarm_gripper_planner_node[0m
[0.170s] [ 59%] [32m[1mLinking CXX executable test_xarm_planner_api_joint[0m
[0.170s] [ 59%] [32m[1mLinking CXX executable xarm_planner_node[0m
[0.171s] [ 72%] [32m[1mLinking CXX executable test_dual_xarm_planner_api_joint[0m
[0.171s] [ 72%] [32m[1mLinking CXX executable test_xarm_planner_api_pose[0m
[0.171s] [ 72%] [32m[1mLinking CXX executable test_xarm_gripper_planner_api_joint[0m
[0.394s] /usr/bin/ld: /home/rob/miniforge3/lib/libssl.so.3: undefined reference to `X509_STORE_CTX_init_rpk@OPENSSL_3.2.0'
[0.394s] /usr/bin/ld: /home/rob/miniforge3/lib/libssl.so.3: undefined reference to `X509_STORE_CTX_init_rpk@OPENSSL_3.2.0'
[0.394s] /usr/bin/ld: /home/rob/miniforge3/lib/libssl.so.3: undefined reference to `X509_STORE_CTX_init_rpk@OPENSSL_3.2.0'
[0.394s] /usr/bin/ld: /home/rob/miniforge3/lib/libssl.so.3: undefined reference to `BIO_recvmmsg@OPENSSL_3.2.0'
[0.394s] /usr/bin/ld: /home/rob/miniforge3/lib/libssl.so.3: undefined reference to `X509_STORE_CTX_init_rpk@OPENSSL_3.2.0'
[0.395s] /usr/bin/ld: /home/rob/miniforge3/lib/libssl.so.3: undefined reference to `BIO_recvmmsg@OPENSSL_3.2.0'
[0.395s] /usr/bin/ld: /home/rob/miniforge3/lib/libssl.so.3: undefined reference to `BIO_recvmmsg@OPENSSL_3.2.0/usr/bin/ld: '
[0.395s] /home/rob/miniforge3/lib/libssl.so.3: undefined reference to `CRYPTO_malloc_array@OPENSSL_3.6.0'
[0.395s] /usr/bin/ld: /opt/ros/jazzy/lib/libresource_retriever.so: undefined reference to `curl_global_init@CURL_OPENSSL_4'
[0.395s] /usr/bin/ld: /home/rob/miniforge3/lib/libssl.so.3: undefined reference to `CRYPTO_malloc_array@OPENSSL_3.6.0'
[0.395s] /usr/bin/ld: /home/rob/miniforge3/lib/libssl.so.3: undefined reference to `CRYPTO_malloc_array@OPENSSL_3.6.0'
[0.395s] /usr/bin/ld: /home/rob/miniforge3/lib/libssl.so.3: undefined reference to `BIO_recvmmsg@OPENSSL_3.2.0'
[0.396s] /usr/bin/ld: /opt/ros/jazzy/lib/libresource_retriever.so: undefined reference to `curl_easy_perform@CURL_OPENSSL_4'
[0.396s] /usr/bin/ld: /opt/ros/jazzy/lib/libresource_retriever.so: undefined reference to `curl_global_init@CURL_OPENSSL_4'
[0.396s] /usr/bin/ld: /opt/ros/jazzy/lib/libresource_retriever.so: undefined reference to `curl_global_init@CURL_OPENSSL_4'
[0.396s] /usr/bin/ld: /home/rob/miniforge3/lib/libssl.so.3: undefined reference to `OSSL_sleep@OPENSSL_3.2.0'
[0.396s] /usr/bin/ld: /home/rob/miniforge3/lib/libssl.so.3: undefined reference to `CRYPTO_malloc_array@OPENSSL_3.6.0'
[0.396s] /usr/bin/ld: /opt/ros/jazzy/lib/libresource_retriever.so: undefined reference to `curl_easy_perform@CURL_OPENSSL_4'
[0.396s] /usr/bin/ld: /opt/ros/jazzy/lib/libresource_retriever.so: undefined reference to `curl_easy_perform@CURL_OPENSSL_4'
[0.396s] /usr/bin/ld: /opt/ros/jazzy/lib/libresource_retriever.so: undefined reference to `curl_global_init@CURL_OPENSSL_4'
[0.397s] /usr/bin/ld: /home/rob/miniforge3/lib/libssl.so.3: undefined reference to `OSSL_sleep@OPENSSL_3.2.0'
[0.397s] /usr/bin/ld: /home/rob/miniforge3/lib/libssl.so.3: undefined reference to `OSSL_sleep@OPENSSL_3.2.0'
[0.397s] /usr/bin/ld: /opt/ros/jazzy/lib/libresource_retriever.so: undefined reference to `curl_easy_perform@CURL_OPENSSL_4'
[0.397s] /usr/bin/ld: /home/rob/miniforge3/lib/libssl.so.3: undefined reference to `OSSL_ERR_STATE_restore@OPENSSL_3.2.0'
[0.397s] /usr/bin/ld: /home/rob/miniforge3/lib/libssl.so.3: undefined reference to `OSSL_sleep@OPENSSL_3.2.0'
[0.397s] /usr/bin/ld: /home/rob/miniforge3/lib/libssl.so.3: undefined reference to `OSSL_ERR_STATE_restore@OPENSSL_3.2.0'
[0.398s] /usr/bin/ld: /home/rob/miniforge3/lib/libssl.so.3: undefined reference to `OSSL_ERR_STATE_restore@OPENSSL_3.2.0'
[0.398s] /usr/bin/ld: /home/rob/miniforge3/lib/libssl.so.3: undefined reference to `OPENSSL_strtoul@OPENSSL_3.4.0'
[0.398s] /usr/bin/ld: /opt/ros/jazzy/lib/libresource_retriever.so: undefined reference to `curl_easy_setopt@CURL_OPENSSL_4'
[0.398s] /usr/bin/ld: /home/rob/miniforge3/lib/libssl.so.3: undefined reference to `OPENSSL_strtoul@OPENSSL_3.4.0'
[0.398s] /usr/bin/ld: /home/rob/miniforge3/lib/libssl.so.3: undefined reference to `OPENSSL_strtoul@OPENSSL_3.4.0'
[0.398s] /usr/bin/ld: /home/rob/miniforge3/lib/libssl.so.3: undefined reference to `OSSL_ERR_STATE_restore@OPENSSL_3.2.0'
[0.399s] /usr/bin/ld: /home/rob/miniforge3/lib/libssl.so.3: undefined reference to `OPENSSL_sk_set_thunks@OPENSSL_3.6.0'
[0.399s] /usr/bin/ld: /opt/ros/jazzy/lib/libresource_retriever.so: undefined reference to `curl_easy_setopt@CURL_OPENSSL_4'
[0.399s] /usr/bin/ld: /opt/ros/jazzy/lib/libresource_retriever.so: undefined reference to `curl_easy_setopt@CURL_OPENSSL_4'
[0.399s] /usr/bin/ld: /home/rob/miniforge3/lib/libssl.so.3: undefined reference to `OPENSSL_LH_set_thunks@OPENSSL_3.3.0'
[0.399s] /usr/bin/ld: /home/rob/miniforge3/lib/libssl.so.3: undefined reference to `OPENSSL_strtoul@OPENSSL_3.4.0'
[0.399s] /usr/bin/ld: /home/rob/miniforge3/lib/libssl.so.3: undefined reference to `OPENSSL_sk_set_thunks@OPENSSL_3.6.0'
[0.399s] /usr/bin/ld: /home/rob/miniforge3/lib/libssl.so.3: undefined reference to `OPENSSL_sk_set_thunks@OPENSSL_3.6.0'
[0.400s] /usr/bin/ld: /opt/ros/jazzy/lib/libresource_retriever.so: undefined reference to `curl_easy_init@CURL_OPENSSL_4'
[0.400s] /usr/bin/ld: /home/rob/miniforge3/lib/libssl.so.3: undefined reference to `/usr/bin/ldOPENSSL_LH_set_thunks@OPENSSL_3.3.0: '
[0.400s] /opt/ros/jazzy/lib/libresource_retriever.so: undefined reference to `curl_easy_setopt@CURL_OPENSSL_4'
[0.400s] /usr/bin/ld: /home/rob/miniforge3/lib/libssl.so.3: undefined reference to `OPENSSL_LH_set_thunks@OPENSSL_3.3.0'
[0.400s] /usr/bin/ld: /home/rob/miniforge3/lib/libssl.so.3: undefined reference to `OPENSSL_sk_set_thunks@OPENSSL_3.6.0'
[0.400s] /usr/bin/ld: /opt/ros/jazzy/lib/libresource_retriever.so: undefined reference to `curl_easy_init@CURL_OPENSSL_4'
[0.401s] /usr/bin/ld: /opt/ros/jazzy/lib/libresource_retriever.so: undefined reference to `curl_easy_init@CURL_OPENSSL_4'
[0.401s] /usr/bin/ld: /home/rob/miniforge3/lib/libssl.so.3: undefined reference to `BIO_sendmmsg@OPENSSL_3.2.0'
[0.401s] /usr/bin/ld: /home/rob/miniforge3/lib/libssl.so.3: undefined reference to `OPENSSL_LH_set_thunks@OPENSSL_3.3.0'
[0.401s] /usr/bin/ld: /home/rob/miniforge3/lib/libssl.so.3: undefined reference to `BIO_err_is_non_fatal@OPENSSL_3.2.0'
[0.401s] /usr/bin/ld: /home/rob/miniforge3/lib/libssl.so.3: undefined reference to `BIO_sendmmsg@OPENSSL_3.2.0'
[0.401s] /usr/bin/ld: /home/rob/miniforge3/lib/libssl.so.3: undefined reference to `BIO_sendmmsg@OPENSSL_3.2.0'
[0.401s] /usr/bin/ld: /opt/ros/jazzy/lib/libresource_retriever.so: undefined reference to `curl_easy_init@CURL_OPENSSL_4'
[0.402s] /usr/bin/ld: /home/rob/miniforge3/lib/libssl.so.3: undefined reference to `BIO_err_is_non_fatal@OPENSSL_3.2.0'
[0.402s] /usr/bin/ld: /home/rob/miniforge3/lib/libssl.so.3: undefined reference to `BIO_get_rpoll_descriptor@OPENSSL_3.2.0'
[0.402s] /usr/bin/ld: /home/rob/miniforge3/lib/libssl.so.3: undefined reference to `BIO_err_is_non_fatal@OPENSSL_3.2.0'
[0.402s] /usr/bin/ld: /home/rob/miniforge3/lib/libssl.so.3: undefined reference to `BIO_sendmmsg@OPENSSL_3.2.0'
[0.402s] /usr/bin/ld: /home/rob/miniforge3/lib/libssl.so.3: undefined reference to `OSSL_ERR_STATE_free@OPENSSL_3.2.0'
[0.402s] /usr/bin/ld: /home/rob/miniforge3/lib/libssl.so.3: undefined reference to `BIO_get_rpoll_descriptor@OPENSSL_3.2.0'
[0.403s] /usr/bin/ld/usr/bin/ld: : /home/rob/miniforge3/lib/libssl.so.3/home/rob/miniforge3/lib/libssl.so.3: undefined reference to `: undefined reference to `BIO_err_is_non_fatal@OPENSSL_3.2.0BIO_get_rpoll_descriptor@OPENSSL_3.2.0'
[0.403s] '
[0.403s] /usr/bin/ld: /home/rob/miniforge3/lib/libssl.so.3: undefined reference to `OSSL_LIB_CTX_get_data@OPENSSL_3.4.0'
[0.403s] /usr/bin/ld: /home/rob/miniforge3/lib/libssl.so.3: undefined reference to `OSSL_ERR_STATE_free@OPENSSL_3.2.0'
[0.403s] /usr/bin/ld: /home/rob/miniforge3/lib/libssl.so.3: undefined reference to `OSSL_ERR_STATE_free@OPENSSL_3.2.0'
[0.403s] /usr/bin/ld: /home/rob/miniforge3/lib/libssl.so.3: undefined reference to `OSSL_LIB_CTX_get_data@OPENSSL_3.4.0'
[0.404s] /usr/bin/ld: /home/rob/miniforge3/lib/libssl.so.3: undefined reference to `BIO_get_rpoll_descriptor@OPENSSL_3.2.0'
[0.404s] /usr/bin/ld/usr/bin/ld: : /home/rob/miniforge3/lib/libssl.so.3/home/rob/miniforge3/lib/libssl.so.3: undefined reference to `: undefined reference to `BIO_ADDR_copy@OPENSSL_3.2.0OSSL_LIB_CTX_get_data@OPENSSL_3.4.0'
[0.404s] '
[0.404s] /usr/bin/ld: /home/rob/miniforge3/lib/libssl.so.3: undefined reference to `OSSL_ERR_STATE_free@OPENSSL_3.2.0'
[0.404s] /usr/bin/ld: /home/rob/miniforge3/lib/libssl.so.3: undefined reference to `BIO_ADDR_copy@OPENSSL_3.2.0'
[0.404s] /usr/bin/ld: /home/rob/miniforge3/lib/libssl.so.3: undefined reference to `OSSL_LIB_CTX_get_data@OPENSSL_3.4.0'
[0.404s] /usr/bin/ld: /home/rob/miniforge3/lib/libssl.so.3: undefined reference to `BIO_ADDR_copy@OPENSSL_3.2.0'
[0.404s] /usr/bin/ld: /home/rob/miniforge3/lib/libssl.so.3: undefined reference to `OSSL_STACK_OF_X509_free@OPENSSL_3.2.0'
[0.404s] /usr/bin/ld: /home/rob/miniforge3/lib/libssl.so.3: undefined reference to `OSSL_STACK_OF_X509_free@OPENSSL_3.2.0'
[0.404s] /usr/bin/ld: /home/rob/miniforge3/lib/libssl.so.3: undefined reference to `BIO_ADDR_copy@OPENSSL_3.2.0'
[0.404s] /usr/bin/ld: /home/rob/miniforge3/lib/libssl.so.3: undefined reference to `OSSL_STACK_OF_X509_free@OPENSSL_3.2.0'
[0.404s] /usr/bin/ld: /home/rob/miniforge3/lib/libssl.so.3: undefined reference to `OSSL_ERR_STATE_save_to_mark@OPENSSL_3.2.0'
[0.405s] /usr/bin/ld: /home/rob/miniforge3/lib/libssl.so.3: undefined reference to `OSSL_ERR_STATE_save@OPENSSL_3.2.0'
[0.405s] /usr/bin/ld: /home/rob/miniforge3/lib/libssl.so.3: undefined reference to `OSSL_ERR_STATE_save_to_mark@OPENSSL_3.2.0'
[0.405s] /usr/bin/ld: /home/rob/miniforge3/lib/libssl.so.3: undefined reference to `OSSL_STACK_OF_X509_free@OPENSSL_3.2.0'
[0.405s] /usr/bin/ld: /home/rob/miniforge3/lib/libssl.so.3: undefined reference to `OSSL_ERR_STATE_save_to_mark@OPENSSL_3.2.0'
[0.405s] /usr/bin/ld: /home/rob/miniforge3/lib/libssl.so.3: undefined reference to `OSSL_ERR_STATE_save@OPENSSL_3.2.0'
[0.405s] /usr/bin/ld: /home/rob/miniforge3/lib/libssl.so.3: undefined reference to `OSSL_ERR_STATE_save@OPENSSL_3.2.0'
[0.405s] /usr/bin/ld: /home/rob/miniforge3/lib/libssl.so.3: undefined reference to `BIO_get_wpoll_descriptor@OPENSSL_3.2.0'
[0.405s] /usr/bin/ld: /home/rob/miniforge3/lib/libssl.so.3: undefined reference to `BIO_get_wpoll_descriptor@OPENSSL_3.2.0'
[0.405s] /usr/bin/ld: /home/rob/miniforge3/lib/libssl.so.3: undefined reference to `OSSL_ERR_STATE_save_to_mark@OPENSSL_3.2.0'
[0.405s] /usr/bin/ld: /home/rob/miniforge3/lib/libssl.so.3: undefined reference to `BIO_s_dgram_mem@OPENSSL_3.2.0'
[0.405s] /usr/bin/ld: /home/rob/miniforge3/lib/libssl.so.3: undefined reference to `BIO_get_wpoll_descriptor@OPENSSL_3.2.0'
[0.405s] /usr/bin/ld: /home/rob/miniforge3/lib/libssl.so.3: undefined reference to `BIO_s_dgram_mem@OPENSSL_3.2.0'
[0.405s] /usr/bin/ld: /home/rob/miniforge3/lib/libssl.so.3: undefined reference to `OSSL_ERR_STATE_save@OPENSSL_3.2.0'
[0.405s] /usr/bin/ld: /home/rob/miniforge3/lib/libssl.so.3: undefined reference to `CRYPTO_calloc@OPENSSL_3.6.0'
[0.405s] /usr/bin/ld: /home/rob/miniforge3/lib/libssl.so.3: undefined reference to `BIO_s_dgram_mem@OPENSSL_3.2.0'
[0.405s] /usr/bin/ld: /home/rob/miniforge3/lib/libssl.so.3: undefined reference to `CRYPTO_calloc@OPENSSL_3.6.0'
[0.405s] /usr/bin/ld: /home/rob/miniforge3/lib/libssl.so.3: undefined reference to `EVP_MD_CTX_get_size_ex@OPENSSL_3.4.0'
[0.405s] /usr/bin/ld: /home/rob/miniforge3/lib/libssl.so.3: undefined reference to `CRYPTO_calloc@OPENSSL_3.6.0'
[0.405s] /usr/bin/ld: /home/rob/miniforge3/lib/libssl.so.3: undefined reference to `EVP_MD_CTX_get_size_ex@OPENSSL_3.4.0'
[0.405s] /usr/bin/ld: /home/rob/miniforge3/lib/libssl.so.3: undefined reference to `BIO_get_wpoll_descriptor@OPENSSL_3.2.0'
[0.405s] /usr/bin/ld: /home/rob/miniforge3/lib/libssl.so.3: undefined reference to `EVP_MD_CTX_get_size_ex@OPENSSL_3.4.0'
[0.405s] /usr/bin/ld: /opt/ros/jazzy/lib/libresource_retriever.so: undefined reference to `curl_easy_cleanup@CURL_OPENSSL_4'
[0.406s] /usr/bin/ld: /home/rob/miniforge3/lib/libssl.so.3: undefined reference to `BIO_s_dgram_mem@OPENSSL_3.2.0'
[0.406s] /usr/bin/ld: /opt/ros/jazzy/lib/libresource_retriever.so: undefined reference to `curl_easy_cleanup@CURL_OPENSSL_4'
[0.406s] /usr/bin/ld: /home/rob/miniforge3/lib/libssl.so.3: undefined reference to `OSSL_LIB_CTX_get_conf_diagnostics@OPENSSL_3.4.0'
[0.406s] /usr/bin/ld: /opt/ros/jazzy/lib/libresource_retriever.so: undefined reference to `curl_easy_cleanup@CURL_OPENSSL_4'
[0.406s] /usr/bin/ld: /home/rob/miniforge3/lib/libssl.so.3: undefined reference to `CRYPTO_calloc@OPENSSL_3.6.0'
[0.406s] /usr/bin/ld: /home/rob/miniforge3/lib/libssl.so.3: undefined reference to `OSSL_LIB_CTX_get_conf_diagnostics@OPENSSL_3.4.0'
[0.406s] /usr/bin/ld/usr/bin/ld: : /home/rob/miniforge3/lib/libssl.so.3/home/rob/miniforge3/lib/libssl.so.3: undefined reference to `: undefined reference to `EVP_MD_CTX_get_size_ex@OPENSSL_3.4.0OSSL_LIB_CTX_get_conf_diagnostics@OPENSSL_3.4.0'
[0.406s] '
[0.406s] /usr/bin/ld: /opt/ros/jazzy/lib/libresource_retriever.so: undefined reference to `curl_easy_cleanup@CURL_OPENSSL_4'
[0.406s] /usr/bin/ld: /home/rob/miniforge3/lib/libssl.so.3: undefined reference to `OSSL_LIB_CTX_get_conf_diagnostics@OPENSSL_3.4.0'
[0.406s] /usr/bin/ld: /home/rob/miniforge3/lib/libssl.so.3: undefined reference to `CRYPTO_realloc_array@OPENSSL_3.6.0'
[0.406s] /usr/bin/ld: /home/rob/miniforge3/lib/libssl.so.3: undefined reference to `CRYPTO_realloc_array@OPENSSL_3.6.0'
[0.406s] /usr/bin/ld: /home/rob/miniforge3/lib/libssl.so.3: undefined reference to `CRYPTO_realloc_array@OPENSSL_3.6.0'
[0.406s] /usr/bin/ld: /home/rob/miniforge3/lib/libssl.so.3: undefined reference to `OSSL_ERR_STATE_new@OPENSSL_3.2.0'
[0.406s] /usr/bin/ld: /home/rob/miniforge3/lib/libssl.so.3: undefined reference to `OSSL_ERR_STATE_new@OPENSSL_3.2.0'
[0.406s] /usr/bin/ld: /home/rob/miniforge3/lib/libssl.so.3: undefined reference to `OSSL_ERR_STATE_new@OPENSSL_3.2.0'
[0.406s] /usr/bin/ld: /home/rob/miniforge3/lib/libssl.so.3: undefined reference to `ERR_count_to_mark@OPENSSL_3.2.0'
[0.406s] /usr/bin/ld: /home/rob/miniforge3/lib/libssl.so.3: undefined reference to `CRYPTO_realloc_array@OPENSSL_3.6.0'
[0.406s] /usr/bin/ld/usr/bin/ld: : /home/rob/miniforge3/lib/libssl.so.3/home/rob/miniforge3/lib/libssl.so.3: undefined reference to `: undefined reference to `ERR_count_to_mark@OPENSSL_3.2.0ERR_count_to_mark@OPENSSL_3.2.0'
[0.406s] '
[0.406s] /usr/bin/ld: /home/rob/miniforge3/lib/libssl.so.3: undefined reference to `X509_STORE_CTX_set_ocsp_resp@OPENSSL_3.6.0'
[0.406s] /usr/bin/ld: /home/rob/miniforge3/lib/libssl.so.3: undefined reference to `X509_STORE_CTX_set_ocsp_resp@OPENSSL_3.6.0'
[0.406s] /usr/bin/ld: /home/rob/miniforge3/lib/libssl.so.3: undefined reference to `X509_STORE_CTX_set_ocsp_resp@OPENSSL_3.6.0'
[0.407s] /usr/bin/ld: /home/rob/miniforge3/lib/libssl.so.3: undefined reference to `OSSL_ERR_STATE_new@OPENSSL_3.2.0'
[0.407s] /usr/bin/ld: /home/rob/miniforge3/lib/libssl.so.3: undefined reference to `ERR_count_to_mark@OPENSSL_3.2.0'
[0.407s] /usr/bin/ld: /home/rob/miniforge3/lib/libssl.so.3: undefined reference to `X509_STORE_CTX_set_ocsp_resp@OPENSSL_3.6.0'
[0.407s] /usr/bin/ld: /opt/ros/jazzy/lib/libresource_retriever.so: undefined reference to `curl_global_cleanup@CURL_OPENSSL_4'
[0.407s] /usr/bin/ld: /opt/ros/jazzy/lib/libresource_retriever.so: undefined reference to `curl_global_cleanup@CURL_OPENSSL_4'
[0.407s] /usr/bin/ld: /opt/ros/jazzy/lib/libresource_retriever.so: undefined reference to `curl_global_cleanup@CURL_OPENSSL_4'
[0.407s] /usr/bin/ld: /opt/ros/jazzy/lib/libresource_retriever.so: undefined reference to `curl_global_cleanup@CURL_OPENSSL_4'
[0.413s] collect2: error: ld returned 1 exit status
[0.414s] collect2: error: ld returned 1 exit status
[0.414s] collect2: error: ld returned 1 exit status
[0.414s] collect2: error: ld returned 1 exit status
[0.415s] gmake[2]: *** [CMakeFiles/test_xarm_planner_api_joint.dir/build.make:376: test_xarm_planner_api_joint] Error 1
[0.415s] gmake[2]: *** [CMakeFiles/test_xarm_gripper_planner_api_joint.dir/build.make:376: test_xarm_gripper_planner_api_joint] Error 1
[0.416s] gmake[2]: *** [CMakeFiles/test_xarm_planner_api_pose.dir/build.make:376: test_xarm_planner_api_pose] Error 1
[0.416s] gmake[1]: *** [CMakeFiles/Makefile2:235: CMakeFiles/test_xarm_planner_api_joint.dir/all] Error 2
[0.416s] gmake[1]: *** Waiting for unfinished jobs....
[0.416s] gmake[1]: *** [CMakeFiles/Makefile2:313: CMakeFiles/test_xarm_gripper_planner_api_joint.dir/all] Error 2
[0.416s] gmake[2]: *** [CMakeFiles/test_dual_xarm_planner_api_joint.dir/build.make:376: test_dual_xarm_planner_api_joint] Error 1
[0.416s] gmake[1]: *** [CMakeFiles/Makefile2:287: CMakeFiles/test_xarm_planner_api_pose.dir/all] Error 2
[0.417s] gmake[1]: *** [CMakeFiles/Makefile2:261: CMakeFiles/test_dual_xarm_planner_api_joint.dir/all] Error 2
[0.507s] /usr/bin/ld: /home/rob/miniforge3/lib/libssl.so.3: undefined reference to `X509_STORE_CTX_init_rpk@OPENSSL_3.2.0'
[0.507s] /usr/bin/ld: /home/rob/miniforge3/lib/libssl.so.3: undefined reference to `BIO_recvmmsg@OPENSSL_3.2.0'
[0.508s] /usr/bin/ld: /home/rob/miniforge3/lib/libssl.so.3: undefined reference to `CRYPTO_malloc_array@OPENSSL_3.6.0'
[0.508s] /usr/bin/ld: /opt/ros/jazzy/lib/libresource_retriever.so: undefined reference to `curl_global_init@CURL_OPENSSL_4'
[0.508s] /usr/bin/ld: /opt/ros/jazzy/lib/libresource_retriever.so: undefined reference to `curl_easy_perform@CURL_OPENSSL_4'
[0.508s] /usr/bin/ld: /home/rob/miniforge3/lib/libssl.so.3: undefined reference to `OSSL_sleep@OPENSSL_3.2.0'
[0.510s] /usr/bin/ld: /home/rob/miniforge3/lib/libssl.so.3: undefined reference to `OSSL_ERR_STATE_restore@OPENSSL_3.2.0'
[0.510s] /usr/bin/ld: /home/rob/miniforge3/lib/libssl.so.3: undefined reference to `OPENSSL_strtoul@OPENSSL_3.4.0'
[0.510s] /usr/bin/ld: /opt/ros/jazzy/lib/libresource_retriever.so: undefined reference to `curl_easy_setopt@CURL_OPENSSL_4'
[0.510s] /usr/bin/ld: /home/rob/miniforge3/lib/libssl.so.3: undefined reference to `OPENSSL_sk_set_thunks@OPENSSL_3.6.0'
[0.511s] /usr/bin/ld: /home/rob/miniforge3/lib/libssl.so.3: undefined reference to `OPENSSL_LH_set_thunks@OPENSSL_3.3.0'
[0.511s] /usr/bin/ld: /opt/ros/jazzy/lib/libresource_retriever.so: undefined reference to `curl_easy_init@CURL_OPENSSL_4'
[0.512s] /usr/bin/ld: /home/rob/miniforge3/lib/libssl.so.3: undefined reference to `BIO_sendmmsg@OPENSSL_3.2.0'
[0.512s] /usr/bin/ld: /home/rob/miniforge3/lib/libssl.so.3: undefined reference to `BIO_err_is_non_fatal@OPENSSL_3.2.0'
[0.513s] /usr/bin/ld: /home/rob/miniforge3/lib/libssl.so.3: undefined reference to `BIO_get_rpoll_descriptor@OPENSSL_3.2.0'
[0.513s] /usr/bin/ld: /home/rob/miniforge3/lib/libssl.so.3: undefined reference to `OSSL_ERR_STATE_free@OPENSSL_3.2.0'
[0.513s] /usr/bin/ld: /home/rob/miniforge3/lib/libssl.so.3: undefined reference to `OSSL_LIB_CTX_get_data@OPENSSL_3.4.0'
[0.514s] /usr/bin/ld: /home/rob/miniforge3/lib/libssl.so.3: undefined reference to `BIO_ADDR_copy@OPENSSL_3.2.0'
[0.515s] /usr/bin/ld: /home/rob/miniforge3/lib/libssl.so.3: undefined reference to `OSSL_STACK_OF_X509_free@OPENSSL_3.2.0'
[0.515s] /usr/bin/ld: /home/rob/miniforge3/lib/libssl.so.3: undefined reference to `OSSL_ERR_STATE_save_to_mark@OPENSSL_3.2.0'
[0.516s] /usr/bin/ld: /home/rob/miniforge3/lib/libssl.so.3: undefined reference to `OSSL_ERR_STATE_save@OPENSSL_3.2.0'
[0.516s] /usr/bin/ld: /home/rob/miniforge3/lib/libssl.so.3: undefined reference to `BIO_get_wpoll_descriptor@OPENSSL_3.2.0'
[0.517s] /usr/bin/ld: /home/rob/miniforge3/lib/libssl.so.3: undefined reference to `BIO_s_dgram_mem@OPENSSL_3.2.0'
[0.517s] /usr/bin/ld: /home/rob/miniforge3/lib/libssl.so.3: undefined reference to `CRYPTO_calloc@OPENSSL_3.6.0'
[0.517s] /usr/bin/ld: /home/rob/miniforge3/lib/libssl.so.3: undefined reference to `EVP_MD_CTX_get_size_ex@OPENSSL_3.4.0'
[0.518s] /usr/bin/ld: /opt/ros/jazzy/lib/libresource_retriever.so: undefined reference to `curl_easy_cleanup@CURL_OPENSSL_4'
[0.518s] /usr/bin/ld: /home/rob/miniforge3/lib/libssl.so.3: undefined reference to `OSSL_LIB_CTX_get_conf_diagnostics@OPENSSL_3.4.0'
[0.519s] /usr/bin/ld: /home/rob/miniforge3/lib/libssl.so.3: undefined reference to `CRYPTO_realloc_array@OPENSSL_3.6.0'
[0.520s] /usr/bin/ld: /home/rob/miniforge3/lib/libssl.so.3: undefined reference to `OSSL_ERR_STATE_new@OPENSSL_3.2.0'
[0.520s] /usr/bin/ld: /home/rob/miniforge3/lib/libssl.so.3: undefined reference to `ERR_count_to_mark@OPENSSL_3.2.0'
[0.520s] /usr/bin/ld: /home/rob/miniforge3/lib/libssl.so.3: undefined reference to `X509_STORE_CTX_set_ocsp_resp@OPENSSL_3.6.0'
[0.522s] /usr/bin/ld: /opt/ros/jazzy/lib/libresource_retriever.so: undefined reference to `curl_global_cleanup@CURL_OPENSSL_4'
[0.531s] collect2: error: ld returned 1 exit status
[0.533s] gmake[2]: *** [CMakeFiles/xarm_gripper_planner_node.dir/build.make:376: xarm_gripper_planner_node] Error 1
[0.534s] gmake[1]: *** [CMakeFiles/Makefile2:209: CMakeFiles/xarm_gripper_planner_node.dir/all] Error 2
[0.572s] /usr/bin/ld: /home/rob/miniforge3/lib/libssl.so.3: undefined reference to `X509_STORE_CTX_init_rpk@OPENSSL_3.2.0'
[0.572s] /usr/bin/ld: /home/rob/miniforge3/lib/libssl.so.3: undefined reference to `BIO_recvmmsg@OPENSSL_3.2.0'
[0.573s] /usr/bin/ld: /home/rob/miniforge3/lib/libssl.so.3: undefined reference to `CRYPTO_malloc_array@OPENSSL_3.6.0'
[0.573s] /usr/bin/ld: /opt/ros/jazzy/lib/libresource_retriever.so: undefined reference to `curl_global_init@CURL_OPENSSL_4'
[0.573s] /usr/bin/ld: /opt/ros/jazzy/lib/libresource_retriever.so: undefined reference to `curl_easy_perform@CURL_OPENSSL_4'
[0.574s] /usr/bin/ld: /home/rob/miniforge3/lib/libssl.so.3: undefined reference to `OSSL_sleep@OPENSSL_3.2.0'
[0.575s] /usr/bin/ld: /home/rob/miniforge3/lib/libssl.so.3: undefined reference to `OSSL_ERR_STATE_restore@OPENSSL_3.2.0'
[0.575s] /usr/bin/ld: /home/rob/miniforge3/lib/libssl.so.3: undefined reference to `OPENSSL_strtoul@OPENSSL_3.4.0'
[0.576s] /usr/bin/ld: /opt/ros/jazzy/lib/libresource_retriever.so: undefined reference to `curl_easy_setopt@CURL_OPENSSL_4'
[0.576s] /usr/bin/ld: /home/rob/miniforge3/lib/libssl.so.3: undefined reference to `OPENSSL_sk_set_thunks@OPENSSL_3.6.0'
[0.576s] /usr/bin/ld: /home/rob/miniforge3/lib/libssl.so.3: undefined reference to `OPENSSL_LH_set_thunks@OPENSSL_3.3.0'
[0.576s] /usr/bin/ld: /opt/ros/jazzy/lib/libresource_retriever.so: undefined reference to `curl_easy_init@CURL_OPENSSL_4'
[0.577s] /usr/bin/ld: /home/rob/miniforge3/lib/libssl.so.3: undefined reference to `BIO_sendmmsg@OPENSSL_3.2.0'
[0.577s] /usr/bin/ld: /home/rob/miniforge3/lib/libssl.so.3: undefined reference to `BIO_err_is_non_fatal@OPENSSL_3.2.0'
[0.578s] /usr/bin/ld: /home/rob/miniforge3/lib/libssl.so.3: undefined reference to `BIO_get_rpoll_descriptor@OPENSSL_3.2.0'
[0.578s] /usr/bin/ld: /home/rob/miniforge3/lib/libssl.so.3: undefined reference to `OSSL_ERR_STATE_free@OPENSSL_3.2.0'
[0.578s] /usr/bin/ld: /home/rob/miniforge3/lib/libssl.so.3: undefined reference to `OSSL_LIB_CTX_get_data@OPENSSL_3.4.0'
[0.579s] /usr/bin/ld: /home/rob/miniforge3/lib/libssl.so.3: undefined reference to `BIO_ADDR_copy@OPENSSL_3.2.0'
[0.580s] /usr/bin/ld: /home/rob/miniforge3/lib/libssl.so.3: undefined reference to `OSSL_STACK_OF_X509_free@OPENSSL_3.2.0'
[0.580s] /usr/bin/ld: /home/rob/miniforge3/lib/libssl.so.3: undefined reference to `OSSL_ERR_STATE_save_to_mark@OPENSSL_3.2.0'
[0.581s] /usr/bin/ld: /home/rob/miniforge3/lib/libssl.so.3: undefined reference to `OSSL_ERR_STATE_save@OPENSSL_3.2.0'
[0.581s] /usr/bin/ld: /home/rob/miniforge3/lib/libssl.so.3: undefined reference to `BIO_get_wpoll_descriptor@OPENSSL_3.2.0'
[0.581s] /usr/bin/ld: /home/rob/miniforge3/lib/libssl.so.3: undefined reference to `BIO_s_dgram_mem@OPENSSL_3.2.0'
[0.582s] /usr/bin/ld: /home/rob/miniforge3/lib/libssl.so.3: undefined reference to `CRYPTO_calloc@OPENSSL_3.6.0'
[0.582s] /usr/bin/ld: /home/rob/miniforge3/lib/libssl.so.3: undefined reference to `EVP_MD_CTX_get_size_ex@OPENSSL_3.4.0'
[0.583s] /usr/bin/ld: /opt/ros/jazzy/lib/libresource_retriever.so: undefined reference to `curl_easy_cleanup@CURL_OPENSSL_4'
[0.583s] /usr/bin/ld: /home/rob/miniforge3/lib/libssl.so.3: undefined reference to `OSSL_LIB_CTX_get_conf_diagnostics@OPENSSL_3.4.0'
[0.584s] /usr/bin/ld: /home/rob/miniforge3/lib/libssl.so.3: undefined reference to `CRYPTO_realloc_array@OPENSSL_3.6.0'
[0.585s] /usr/bin/ld: /home/rob/miniforge3/lib/libssl.so.3: undefined reference to `OSSL_ERR_STATE_new@OPENSSL_3.2.0'
[0.585s] /usr/bin/ld: /home/rob/miniforge3/lib/libssl.so.3: undefined reference to `ERR_count_to_mark@OPENSSL_3.2.0'
[0.585s] /usr/bin/ld: /home/rob/miniforge3/lib/libssl.so.3: undefined reference to `X509_STORE_CTX_set_ocsp_resp@OPENSSL_3.6.0'
[0.587s] /usr/bin/ld: /opt/ros/jazzy/lib/libresource_retriever.so: undefined reference to `curl_global_cleanup@CURL_OPENSSL_4'
[0.598s] collect2: error: ld returned 1 exit status
[0.601s] gmake[2]: *** [CMakeFiles/xarm_planner_node.dir/build.make:376: xarm_planner_node] Error 1
[0.601s] gmake[1]: *** [CMakeFiles/Makefile2:183: CMakeFiles/xarm_planner_node.dir/all] Error 2
[0.602s] gmake: *** [Makefile:146: all] Error 2
[0.605s] Invoked command in '/home/rob/project/csci5551-s26-team-pointbot/build/xarm_planner' returned '2': CMAKE_PREFIX_PATH=${CMAKE_PREFIX_PATH}:/opt/ros/jazzy CONDA_PROMPT_MODIFIER=(base) DEBUGINFOD_URLS=https://debuginfod.ubuntu.com LD_LIBRARY_PATH=/home/rob/project/csci5551-s26-team-pointbot/install/lib:/opt/ros/jazzy/opt/sdformat_vendor/lib:/opt/ros/jazzy/opt/rviz_ogre_vendor/lib:/opt/ros/jazzy/lib/x86_64-linux-gnu:/opt/ros/jazzy/opt/gz_math_vendor/lib:/opt/ros/jazzy/opt/gz_utils_vendor/lib:/opt/ros/jazzy/opt/gz_tools_vendor/lib:/opt/ros/jazzy/opt/gz_cmake_vendor/lib:/opt/ros/jazzy/lib:/usr/local/cuda-12.8/lib64’ PYTHONPATH=/home/rob/project/csci5551-s26-team-pointbot/install/lib/python3.12/site-packages:/home/rob/project/csci5551-s26-team-pointbot/install/lib/python3.13/site-packages:/opt/ros/jazzy/lib/python3.12/site-packages:/home/rob/robotics5551:/home/rob/robotics5551 /usr/bin/cmake --build /home/rob/project/csci5551-s26-team-pointbot/build/xarm_planner -- -j16 -l16
