[0.017s] Invoking command in '/home/rob/project/csci5551-s26-team-pointbot/build/xarm_description': CMAKE_PREFIX_PATH=${CMAKE_PREFIX_PATH}:/opt/ros/jazzy CONDA_PROMPT_MODIFIER=(base) DEBUGINFOD_URLS=https://debuginfod.ubuntu.com /usr/bin/cmake /home/rob/project/csci5551-s26-team-pointbot/src/xarm_ros2/xarm_description -DCMAKE_INSTALL_PREFIX=/home/rob/project/csci5551-s26-team-pointbot/install
[0.227s] -- The C compiler identification is GNU 13.3.0
[0.227s] -- The CXX compiler identification is GNU 13.3.0
[0.228s] -- Detecting C compiler ABI info
[0.228s] -- Detecting C compiler ABI info - done
[0.240s] -- Check for working C compiler: /usr/bin/cc - skipped
[0.240s] -- Detecting C compile features
[0.241s] -- Detecting C compile features - done
[0.249s] -- Detecting CXX compiler ABI info
[0.325s] -- Detecting CXX compiler ABI info - done
[0.332s] -- Check for working CXX compiler: /usr/bin/c++ - skipped
[0.332s] -- Detecting CXX compile features
[0.332s] -- Detecting CXX compile features - done
[0.335s] -- Found ament_cmake: 2.5.5 (/opt/ros/jazzy/share/ament_cmake/cmake)
[0.434s] -- Found Python3: /home/rob/miniforge3/bin/python3 (found version "3.13.12") found components: Interpreter 
[0.514s] -- Found ament_lint_auto: 0.17.4 (/opt/ros/jazzy/share/ament_lint_auto/cmake)
[0.613s] -- Added test 'copyright' to check source files copyright and LICENSE
[0.626s] -- Added test 'flake8' to check Python code syntax and style conventions
[0.626s] -- Configured 'flake8' exclude dirs and/or files: 
[0.628s] -- Added test 'lint_cmake' to check CMake code style
[0.629s] -- Added test 'pep257' to check Python code against some of the docstring style conventions in PEP 257
[0.635s] -- Added test 'xmllint' to check XML markup files
[0.636s] -- Configuring done (0.6s)
[0.639s] -- Generating done (0.0s)
[0.641s] -- Build files have been written to: /home/rob/project/csci5551-s26-team-pointbot/build/xarm_description
[0.647s] Invoked command in '/home/rob/project/csci5551-s26-team-pointbot/build/xarm_description' returned '0': CMAKE_PREFIX_PATH=${CMAKE_PREFIX_PATH}:/opt/ros/jazzy CONDA_PROMPT_MODIFIER=(base) DEBUGINFOD_URLS=https://debuginfod.ubuntu.com /usr/bin/cmake /home/rob/project/csci5551-s26-team-pointbot/src/xarm_ros2/xarm_description -DCMAKE_INSTALL_PREFIX=/home/rob/project/csci5551-s26-team-pointbot/install
[0.650s] Invoking command in '/home/rob/project/csci5551-s26-team-pointbot/build/xarm_description': CMAKE_PREFIX_PATH=${CMAKE_PREFIX_PATH}:/opt/ros/jazzy CONDA_PROMPT_MODIFIER=(base) DEBUGINFOD_URLS=https://debuginfod.ubuntu.com /usr/bin/cmake --build /home/rob/project/csci5551-s26-team-pointbot/build/xarm_description -- -j16 -l16
[0.695s] Invoked command in '/home/rob/project/csci5551-s26-team-pointbot/build/xarm_description' returned '0': CMAKE_PREFIX_PATH=${CMAKE_PREFIX_PATH}:/opt/ros/jazzy CONDA_PROMPT_MODIFIER=(base) DEBUGINFOD_URLS=https://debuginfod.ubuntu.com /usr/bin/cmake --build /home/rob/project/csci5551-s26-team-pointbot/build/xarm_description -- -j16 -l16
[0.705s] Invoking command in '/home/rob/project/csci5551-s26-team-pointbot/build/xarm_description': CMAKE_PREFIX_PATH=${CMAKE_PREFIX_PATH}:/opt/ros/jazzy CONDA_PROMPT_MODIFIER=(base) DEBUGINFOD_URLS=https://debuginfod.ubuntu.com /usr/bin/cmake --install /home/rob/project/csci5551-s26-team-pointbot/build/xarm_description
[0.713s] -- Install configuration: ""
[0.713s] -- Installing: /home/rob/project/csci5551-s26-team-pointbot/install/share/xarm_description//rviz
[0.713s] -- Installing: /home/rob/project/csci5551-s26-team-pointbot/install/share/xarm_description//rviz/display.rviz
[0.713s] -- Installing: /home/rob/project/csci5551-s26-team-pointbot/install/share/xarm_description//urdf
[0.713s] -- Installing: /home/rob/project/csci5551-s26-team-pointbot/install/share/xarm_description//urdf/xarm7
[0.714s] -- Installing: /home/rob/project/csci5551-s26-team-pointbot/install/share/xarm_description//urdf/xarm7/xarm7_robot_macro.xacro
[0.714s] -- Installing: /home/rob/project/csci5551-s26-team-pointbot/install/share/xarm_description//urdf/xarm7/xarm7.urdf.xacro
[0.714s] -- Installing: /home/rob/project/csci5551-s26-team-pointbot/install/share/xarm_description//urdf/xarm7/xarm7.gazebo.xacro
[0.714s] -- Installing: /home/rob/project/csci5551-s26-team-pointbot/install/share/xarm_description//urdf/xarm7/xarm7.ros2_control.xacro
[0.714s] -- Installing: /home/rob/project/csci5551-s26-team-pointbot/install/share/xarm_description//urdf/xarm7/xarm7.transmission.xacro
[0.714s] -- Installing: /home/rob/project/csci5551-s26-team-pointbot/install/share/xarm_description//urdf/xarm6
[0.714s] -- Installing: /home/rob/project/csci5551-s26-team-pointbot/install/share/xarm_description//urdf/xarm6/xarm6.transmission.xacro
[0.714s] -- Installing: /home/rob/project/csci5551-s26-team-pointbot/install/share/xarm_description//urdf/xarm6/xarm6_robot_macro.xacro
[0.714s] -- Installing: /home/rob/project/csci5551-s26-team-pointbot/install/share/xarm_description//urdf/xarm6/xarm6.ros2_control.xacro
[0.714s] -- Installing: /home/rob/project/csci5551-s26-team-pointbot/install/share/xarm_description//urdf/xarm6/xarm6.gazebo.xacro
[0.714s] -- Installing: /home/rob/project/csci5551-s26-team-pointbot/install/share/xarm_description//urdf/xarm6/xarm6.urdf.xacro
[0.715s] -- Installing: /home/rob/project/csci5551-s26-team-pointbot/install/share/xarm_description//urdf/camera
[0.715s] -- Installing: /home/rob/project/csci5551-s26-team-pointbot/install/share/xarm_description//urdf/camera/realsense_d435i.urdf.xacro
[0.715s] -- Installing: /home/rob/project/csci5551-s26-team-pointbot/install/share/xarm_description//urdf/camera/realsense.gazebo.xacro
[0.715s] -- Installing: /home/rob/project/csci5551-s26-team-pointbot/install/share/xarm_description//urdf/camera/camera.gazebo.xacro
[0.715s] -- Installing: /home/rob/project/csci5551-s26-team-pointbot/install/share/xarm_description//urdf/gripper
[0.715s] -- Installing: /home/rob/project/csci5551-s26-team-pointbot/install/share/xarm_description//urdf/gripper/gripper_macro.xacro
[0.715s] -- Installing: /home/rob/project/csci5551-s26-team-pointbot/install/share/xarm_description//urdf/gripper/bio_gripper.ros2_control.xacro
[0.715s] -- Installing: /home/rob/project/csci5551-s26-team-pointbot/install/share/xarm_description//urdf/gripper/lite_gripper.urdf.xacro
[0.716s] -- Installing: /home/rob/project/csci5551-s26-team-pointbot/install/share/xarm_description//urdf/gripper/bio_gripper_macro.xacro
[0.716s] -- Installing: /home/rob/project/csci5551-s26-team-pointbot/install/share/xarm_description//urdf/gripper/gripper.urdf.xacro
[0.716s] -- Installing: /home/rob/project/csci5551-s26-team-pointbot/install/share/xarm_description//urdf/gripper/bio_gripper.urdf.xacro
[0.716s] -- Installing: /home/rob/project/csci5551-s26-team-pointbot/install/share/xarm_description//urdf/gripper/bio_gripper.gazebo.xacro
[0.716s] -- Installing: /home/rob/project/csci5551-s26-team-pointbot/install/share/xarm_description//urdf/gripper/xarm_gripper.ros2_control.xacro
[0.716s] -- Installing: /home/rob/project/csci5551-s26-team-pointbot/install/share/xarm_description//urdf/gripper/xarm_gripper.urdf.xacro
[0.717s] -- Installing: /home/rob/project/csci5551-s26-team-pointbot/install/share/xarm_description//urdf/gripper/xarm_gripper.transmission.xacro
[0.717s] -- Installing: /home/rob/project/csci5551-s26-team-pointbot/install/share/xarm_description//urdf/gripper/bio_gripper.transmission.xacro
[0.717s] -- Installing: /home/rob/project/csci5551-s26-team-pointbot/install/share/xarm_description//urdf/gripper/xarm_gripper_macro.xacro
[0.717s] -- Installing: /home/rob/project/csci5551-s26-team-pointbot/install/share/xarm_description//urdf/gripper/xarm_gripper.gazebo.xacro
[0.718s] -- Installing: /home/rob/project/csci5551-s26-team-pointbot/install/share/xarm_description//urdf/lite6
[0.718s] -- Installing: /home/rob/project/csci5551-s26-team-pointbot/install/share/xarm_description//urdf/lite6/lite6_robot_macro.xacro
[0.718s] -- Installing: /home/rob/project/csci5551-s26-team-pointbot/install/share/xarm_description//urdf/lite6/lite6.transmission.xacro
[0.718s] -- Installing: /home/rob/project/csci5551-s26-team-pointbot/install/share/xarm_description//urdf/lite6/lite6.ros2_control.xacro
[0.718s] -- Installing: /home/rob/project/csci5551-s26-team-pointbot/install/share/xarm_description//urdf/lite6/lite6.gazebo.xacro
[0.718s] -- Installing: /home/rob/project/csci5551-s26-team-pointbot/install/share/xarm_description//urdf/lite6/lite6.urdf.xacro
[0.719s] -- Installing: /home/rob/project/csci5551-s26-team-pointbot/install/share/xarm_description//urdf/xarm7_mirror
[0.719s] -- Installing: /home/rob/project/csci5551-s26-team-pointbot/install/share/xarm_description//urdf/xarm7_mirror/xarm7_mirror_robot_macro.xacro
[0.719s] -- Installing: /home/rob/project/csci5551-s26-team-pointbot/install/share/xarm_description//urdf/xarm7_mirror/xarm7_mirror.gazebo.xacro
[0.719s] -- Installing: /home/rob/project/csci5551-s26-team-pointbot/install/share/xarm_description//urdf/xarm7_mirror/xarm7_mirror.urdf.xacro
[0.719s] -- Installing: /home/rob/project/csci5551-s26-team-pointbot/install/share/xarm_description//urdf/xarm7_mirror/xarm7_mirror.transmission.xacro
[0.719s] -- Installing: /home/rob/project/csci5551-s26-team-pointbot/install/share/xarm_description//urdf/xarm7_mirror/xarm7_mirror.ros2_control.xacro
[0.719s] -- Installing: /home/rob/project/csci5551-s26-team-pointbot/install/share/xarm_description//urdf/other
[0.719s] -- Installing: /home/rob/project/csci5551-s26-team-pointbot/install/share/xarm_description//urdf/other/other_geometry.urdf.xacro
[0.719s] -- Installing: /home/rob/project/csci5551-s26-team-pointbot/install/share/xarm_description//urdf/_private_macro.xacro
[0.719s] -- Installing: /home/rob/project/csci5551-s26-team-pointbot/install/share/xarm_description//urdf/uf850
[0.719s] -- Installing: /home/rob/project/csci5551-s26-team-pointbot/install/share/xarm_description//urdf/uf850/uf850.urdf.xacro
[0.719s] -- Installing: /home/rob/project/csci5551-s26-team-pointbot/install/share/xarm_description//urdf/uf850/uf850.ros2_control.xacro
[0.719s] -- Installing: /home/rob/project/csci5551-s26-team-pointbot/install/share/xarm_description//urdf/uf850/uf850.transmission.xacro
[0.719s] -- Installing: /home/rob/project/csci5551-s26-team-pointbot/install/share/xarm_description//urdf/uf850/uf850_robot_macro.xacro
[0.720s] -- Installing: /home/rob/project/csci5551-s26-team-pointbot/install/share/xarm_description//urdf/uf850/uf850.gazebo.xacro
[0.720s] -- Installing: /home/rob/project/csci5551-s26-team-pointbot/install/share/xarm_description//urdf/vacuum_gripper
[0.720s] -- Installing: /home/rob/project/csci5551-s26-team-pointbot/install/share/xarm_description//urdf/vacuum_gripper/vacuum_gripper_macro.xacro
[0.720s] -- Installing: /home/rob/project/csci5551-s26-team-pointbot/install/share/xarm_description//urdf/vacuum_gripper/xarm_vacuum_gripper.urdf.xacro
[0.721s] -- Installing: /home/rob/project/csci5551-s26-team-pointbot/install/share/xarm_description//urdf/vacuum_gripper/lite_vacuum_gripper.urdf.xacro
[0.721s] -- Installing: /home/rob/project/csci5551-s26-team-pointbot/install/share/xarm_description//urdf/vacuum_gripper/vacuum_gripper.urdf.xacro
[0.721s] -- Installing: /home/rob/project/csci5551-s26-team-pointbot/install/share/xarm_description//urdf/dual_xarm_device.urdf.xacro
[0.721s] -- Installing: /home/rob/project/csci5551-s26-team-pointbot/install/share/xarm_description//urdf/common
[0.721s] -- Installing: /home/rob/project/csci5551-s26-team-pointbot/install/share/xarm_description//urdf/common/common.link.xacro
[0.721s] -- Installing: /home/rob/project/csci5551-s26-team-pointbot/install/share/xarm_description//urdf/common/common.gazebo.xacro
[0.721s] -- Installing: /home/rob/project/csci5551-s26-team-pointbot/install/share/xarm_description//urdf/common/common.material.xacro
[0.721s] -- Installing: /home/rob/project/csci5551-s26-team-pointbot/install/share/xarm_description//urdf/xarm5
[0.721s] -- Installing: /home/rob/project/csci5551-s26-team-pointbot/install/share/xarm_description//urdf/xarm5/xarm5.urdf.xacro
[0.721s] -- Installing: /home/rob/project/csci5551-s26-team-pointbot/install/share/xarm_description//urdf/xarm5/xarm5.ros2_control.xacro
[0.721s] -- Installing: /home/rob/project/csci5551-s26-team-pointbot/install/share/xarm_description//urdf/xarm5/xarm5.transmission.xacro
[0.722s] -- Installing: /home/rob/project/csci5551-s26-team-pointbot/install/share/xarm_description//urdf/xarm5/xarm5.gazebo.xacro
[0.722s] -- Installing: /home/rob/project/csci5551-s26-team-pointbot/install/share/xarm_description//urdf/xarm5/xarm5_robot_macro.xacro
[0.722s] -- Installing: /home/rob/project/csci5551-s26-team-pointbot/install/share/xarm_description//urdf/xarm_device_macro.xacro
[0.722s] -- Installing: /home/rob/project/csci5551-s26-team-pointbot/install/share/xarm_description//urdf/xarm_device.urdf.xacro
[0.722s] -- Installing: /home/rob/project/csci5551-s26-team-pointbot/install/share/xarm_description//config
[0.722s] -- Installing: /home/rob/project/csci5551-s26-team-pointbot/install/share/xarm_description//config/link_inertial
[0.722s] -- Installing: /home/rob/project/csci5551-s26-team-pointbot/install/share/xarm_description//config/link_inertial/xarm6_type6_HT_LD.yaml
[0.722s] -- Installing: /home/rob/project/csci5551-s26-team-pointbot/install/share/xarm_description//config/link_inertial/xarm6_type12_HT_LDBR2.yaml
[0.722s] -- Installing: /home/rob/project/csci5551-s26-team-pointbot/install/share/xarm_description//config/link_inertial/xarm7_type3_YT_SP.yaml
[0.723s] -- Installing: /home/rob/project/csci5551-s26-team-pointbot/install/share/xarm_description//config/link_inertial/xarm6_type9_HT_BR2.yaml
[0.723s] -- Installing: /home/rob/project/csci5551-s26-team-pointbot/install/share/xarm_description//config/link_inertial/xarm6_type6_HT2_LD.yaml
[0.723s] -- Installing: /home/rob/project/csci5551-s26-team-pointbot/install/share/xarm_description//config/link_inertial/xarm6_type6_HT_BR.yaml
[0.723s] -- Installing: /home/rob/project/csci5551-s26-team-pointbot/install/share/xarm_description//config/link_inertial/xarm7_type7_HT_BR.yaml
[0.723s] -- Installing: /home/rob/project/csci5551-s26-team-pointbot/install/share/xarm_description//config/link_inertial/xarm6_type8_HT2_BR2.yaml
[0.723s] -- Installing: /home/rob/project/csci5551-s26-team-pointbot/install/share/xarm_description//config/link_inertial/xarm7_type7_HT_LD.yaml
[0.723s] -- Installing: /home/rob/project/csci5551-s26-team-pointbot/install/share/xarm_description//config/link_inertial/xarm5_type5_HT_BR2.yaml
[0.723s] -- Installing: /home/rob/project/csci5551-s26-team-pointbot/install/share/xarm_description//config/link_inertial/xarm5_type5_HT_LD.yaml
[0.724s] -- Installing: /home/rob/project/csci5551-s26-team-pointbot/install/share/xarm_description//config/link_inertial/xarm6_type6_UJ_BR_2403.yaml
[0.724s] -- Installing: /home/rob/project/csci5551-s26-team-pointbot/install/share/xarm_description//config/link_inertial/xarm6_type11_HT_LD.yaml
[0.724s] -- Installing: /home/rob/project/csci5551-s26-team-pointbot/install/share/xarm_description//config/link_inertial/gen_link_inertial_params.py
[0.724s] -- Installing: /home/rob/project/csci5551-s26-team-pointbot/install/share/xarm_description//config/link_inertial/xarm7_type7_HT_BR2.yaml
[0.724s] -- Installing: /home/rob/project/csci5551-s26-team-pointbot/install/share/xarm_description//config/link_inertial/xarm6_type6_HT_BR2.yaml
[0.724s] -- Installing: /home/rob/project/csci5551-s26-team-pointbot/install/share/xarm_description//config/link_inertial/xarm7_type7_UJ_BR_2403.yaml
[0.724s] -- Installing: /home/rob/project/csci5551-s26-team-pointbot/install/share/xarm_description//config/link_inertial/xarm5_type5_UJ_BR_2403.yaml
[0.724s] -- Installing: /home/rob/project/csci5551-s26-team-pointbot/install/share/xarm_description//config/link_inertial/xarm7_type13_HT_BR2.yaml
[0.724s] -- Installing: /home/rob/project/csci5551-s26-team-pointbot/install/share/xarm_description//config/link_inertial/xarm5_type5_HT_BR.yaml
[0.724s] -- Installing: /home/rob/project/csci5551-s26-team-pointbot/install/share/xarm_description//config/kinematics
[0.724s] -- Installing: /home/rob/project/csci5551-s26-team-pointbot/install/share/xarm_description//config/kinematics/gen_kinematics_params.py
[0.724s] -- Installing: /home/rob/project/csci5551-s26-team-pointbot/install/share/xarm_description//config/kinematics/default
[0.724s] -- Installing: /home/rob/project/csci5551-s26-team-pointbot/install/share/xarm_description//config/kinematics/default/xarm6_default_kinematics.yaml
[0.724s] -- Installing: /home/rob/project/csci5551-s26-team-pointbot/install/share/xarm_description//config/kinematics/default/uf850_default_kinematics.yaml
[0.724s] -- Installing: /home/rob/project/csci5551-s26-team-pointbot/install/share/xarm_description//config/kinematics/default/lite6_default_kinematics.yaml
[0.724s] -- Installing: /home/rob/project/csci5551-s26-team-pointbot/install/share/xarm_description//config/kinematics/default/xarm5_default_kinematics.yaml
[0.724s] -- Installing: /home/rob/project/csci5551-s26-team-pointbot/install/share/xarm_description//config/kinematics/default/xarm7_mirror_default_kinematics.yaml
[0.724s] -- Installing: /home/rob/project/csci5551-s26-team-pointbot/install/share/xarm_description//config/kinematics/default/xarm7_default_kinematics.yaml
[0.724s] -- Installing: /home/rob/project/csci5551-s26-team-pointbot/install/share/xarm_description//meshes
[0.724s] -- Installing: /home/rob/project/csci5551-s26-team-pointbot/install/share/xarm_description//meshes/xarm7
[0.724s] -- Installing: /home/rob/project/csci5551-s26-team-pointbot/install/share/xarm_description//meshes/xarm7/visual
[0.724s] -- Installing: /home/rob/project/csci5551-s26-team-pointbot/install/share/xarm_description//meshes/xarm7/visual/link1.stl
[0.724s] -- Installing: /home/rob/project/csci5551-s26-team-pointbot/install/share/xarm_description//meshes/xarm7/visual/link_base.stl
[0.724s] -- Installing: /home/rob/project/csci5551-s26-team-pointbot/install/share/xarm_description//meshes/xarm7/visual/link5.stl
[0.724s] -- Installing: /home/rob/project/csci5551-s26-team-pointbot/install/share/xarm_description//meshes/xarm7/visual/link7.stl
[0.725s] -- Installing: /home/rob/project/csci5551-s26-team-pointbot/install/share/xarm_description//meshes/xarm7/visual/link4.stl
[0.725s] -- Installing: /home/rob/project/csci5551-s26-team-pointbot/install/share/xarm_description//meshes/xarm7/visual/link3.stl
[0.725s] -- Installing: /home/rob/project/csci5551-s26-team-pointbot/install/share/xarm_description//meshes/xarm7/visual/link6.stl
[0.725s] -- Installing: /home/rob/project/csci5551-s26-team-pointbot/install/share/xarm_description//meshes/xarm7/visual/link2.stl
[0.725s] -- Installing: /home/rob/project/csci5551-s26-team-pointbot/install/share/xarm_description//meshes/xarm6
[0.725s] -- Installing: /home/rob/project/csci5551-s26-team-pointbot/install/share/xarm_description//meshes/xarm6/visual
[0.725s] -- Installing: /home/rob/project/csci5551-s26-team-pointbot/install/share/xarm_description//meshes/xarm6/visual/link1.stl
[0.725s] -- Installing: /home/rob/project/csci5551-s26-team-pointbot/install/share/xarm_description//meshes/xarm6/visual/link_base.stl
[0.725s] -- Installing: /home/rob/project/csci5551-s26-team-pointbot/install/share/xarm_description//meshes/xarm6/visual/link5.stl
[0.726s] -- Installing: /home/rob/project/csci5551-s26-team-pointbot/install/share/xarm_description//meshes/xarm6/visual/link4.stl
[0.726s] -- Installing: /home/rob/project/csci5551-s26-team-pointbot/install/share/xarm_description//meshes/xarm6/visual/link3.stl
[0.726s] -- Installing: /home/rob/project/csci5551-s26-team-pointbot/install/share/xarm_description//meshes/xarm6/visual/link6.stl
[0.726s] -- Installing: /home/rob/project/csci5551-s26-team-pointbot/install/share/xarm_description//meshes/xarm6/visual/link2.stl
[0.726s] -- Installing: /home/rob/project/csci5551-s26-team-pointbot/install/share/xarm_description//meshes/camera
[0.726s] -- Installing: /home/rob/project/csci5551-s26-team-pointbot/install/share/xarm_description//meshes/camera/realsense
[0.726s] -- Installing: /home/rob/project/csci5551-s26-team-pointbot/install/share/xarm_description//meshes/camera/realsense/collision
[0.726s] -- Installing: /home/rob/project/csci5551-s26-team-pointbot/install/share/xarm_description//meshes/camera/realsense/collision/d435_with_cam_stand.stl
[0.726s] -- Installing: /home/rob/project/csci5551-s26-team-pointbot/install/share/xarm_description//meshes/camera/realsense/visual
[0.726s] -- Installing: /home/rob/project/csci5551-s26-team-pointbot/install/share/xarm_description//meshes/camera/realsense/visual/d435_with_cam_stand.stl
[0.726s] -- Installing: /home/rob/project/csci5551-s26-team-pointbot/install/share/xarm_description//meshes/gripper
[0.726s] -- Installing: /home/rob/project/csci5551-s26-team-pointbot/install/share/xarm_description//meshes/gripper/xarm
[0.726s] -- Installing: /home/rob/project/csci5551-s26-team-pointbot/install/share/xarm_description//meshes/gripper/xarm/left_finger.stl
[0.726s] -- Installing: /home/rob/project/csci5551-s26-team-pointbot/install/share/xarm_description//meshes/gripper/xarm/left_outer_knuckle.stl
[0.726s] -- Installing: /home/rob/project/csci5551-s26-team-pointbot/install/share/xarm_description//meshes/gripper/xarm/right_finger.stl
[0.726s] -- Installing: /home/rob/project/csci5551-s26-team-pointbot/install/share/xarm_description//meshes/gripper/xarm/base_link.stl
[0.726s] -- Installing: /home/rob/project/csci5551-s26-team-pointbot/install/share/xarm_description//meshes/gripper/xarm/right_outer_knuckle.stl
[0.726s] -- Installing: /home/rob/project/csci5551-s26-team-pointbot/install/share/xarm_description//meshes/gripper/xarm/right_inner_knuckle.stl
[0.726s] -- Installing: /home/rob/project/csci5551-s26-team-pointbot/install/share/xarm_description//meshes/gripper/xarm/left_inner_knuckle.stl
[0.726s] -- Installing: /home/rob/project/csci5551-s26-team-pointbot/install/share/xarm_description//meshes/gripper/lite
[0.726s] -- Installing: /home/rob/project/csci5551-s26-team-pointbot/install/share/xarm_description//meshes/gripper/lite/collision
[0.726s] -- Installing: /home/rob/project/csci5551-s26-team-pointbot/install/share/xarm_description//meshes/gripper/lite/collision/gripper_lite.stl
[0.727s] -- Installing: /home/rob/project/csci5551-s26-team-pointbot/install/share/xarm_description//meshes/gripper/lite/visual
[0.727s] -- Installing: /home/rob/project/csci5551-s26-team-pointbot/install/share/xarm_description//meshes/gripper/lite/visual/gripper_lite.stl
[0.727s] -- Installing: /home/rob/project/csci5551-s26-team-pointbot/install/share/xarm_description//meshes/gripper/bio
[0.727s] -- Installing: /home/rob/project/csci5551-s26-team-pointbot/install/share/xarm_description//meshes/gripper/bio/left_finger.stl
[0.727s] -- Installing: /home/rob/project/csci5551-s26-team-pointbot/install/share/xarm_description//meshes/gripper/bio/link_base.stl
[0.727s] -- Installing: /home/rob/project/csci5551-s26-team-pointbot/install/share/xarm_description//meshes/gripper/bio/right_finger.stl
[0.727s] -- Installing: /home/rob/project/csci5551-s26-team-pointbot/install/share/xarm_description//meshes/lite6
[0.727s] -- Installing: /home/rob/project/csci5551-s26-team-pointbot/install/share/xarm_description//meshes/lite6/collision
[0.727s] -- Installing: /home/rob/project/csci5551-s26-team-pointbot/install/share/xarm_description//meshes/lite6/collision/link1.stl
[0.727s] -- Installing: /home/rob/project/csci5551-s26-team-pointbot/install/share/xarm_description//meshes/lite6/collision/link_base.stl
[0.727s] -- Installing: /home/rob/project/csci5551-s26-team-pointbot/install/share/xarm_description//meshes/lite6/collision/link5.stl
[0.727s] -- Installing: /home/rob/project/csci5551-s26-team-pointbot/install/share/xarm_description//meshes/lite6/collision/link4.stl
[0.727s] -- Installing: /home/rob/project/csci5551-s26-team-pointbot/install/share/xarm_description//meshes/lite6/collision/link3.stl
[0.727s] -- Installing: /home/rob/project/csci5551-s26-team-pointbot/install/share/xarm_description//meshes/lite6/collision/link6.stl
[0.729s] -- Installing: /home/rob/project/csci5551-s26-team-pointbot/install/share/xarm_description//meshes/lite6/collision/link2.stl
[0.729s] -- Installing: /home/rob/project/csci5551-s26-team-pointbot/install/share/xarm_description//meshes/lite6/visual
[0.729s] -- Installing: /home/rob/project/csci5551-s26-team-pointbot/install/share/xarm_description//meshes/lite6/visual/link1.stl
[0.729s] -- Installing: /home/rob/project/csci5551-s26-team-pointbot/install/share/xarm_description//meshes/lite6/visual/link_base.stl
[0.729s] -- Installing: /home/rob/project/csci5551-s26-team-pointbot/install/share/xarm_description//meshes/lite6/visual/link5.stl
[0.729s] -- Installing: /home/rob/project/csci5551-s26-team-pointbot/install/share/xarm_description//meshes/lite6/visual/link4.stl
[0.729s] -- Installing: /home/rob/project/csci5551-s26-team-pointbot/install/share/xarm_description//meshes/lite6/visual/link3.stl
[0.729s] -- Installing: /home/rob/project/csci5551-s26-team-pointbot/install/share/xarm_description//meshes/lite6/visual/link6.stl
[0.729s] -- Installing: /home/rob/project/csci5551-s26-team-pointbot/install/share/xarm_description//meshes/lite6/visual/link2.stl
[0.730s] -- Installing: /home/rob/project/csci5551-s26-team-pointbot/install/share/xarm_description//meshes/xarm7_mirror
[0.730s] -- Installing: /home/rob/project/csci5551-s26-team-pointbot/install/share/xarm_description//meshes/xarm7_mirror/collision
[0.730s] -- Installing: /home/rob/project/csci5551-s26-team-pointbot/install/share/xarm_description//meshes/xarm7_mirror/collision/link1.stl
[0.730s] -- Installing: /home/rob/project/csci5551-s26-team-pointbot/install/share/xarm_description//meshes/xarm7_mirror/collision/link_base.stl
[0.730s] -- Installing: /home/rob/project/csci5551-s26-team-pointbot/install/share/xarm_description//meshes/xarm7_mirror/collision/link5.stl
[0.730s] -- Installing: /home/rob/project/csci5551-s26-team-pointbot/install/share/xarm_description//meshes/xarm7_mirror/collision/link7.stl
[0.730s] -- Installing: /home/rob/project/csci5551-s26-team-pointbot/install/share/xarm_description//meshes/xarm7_mirror/collision/link4.stl
[0.730s] -- Installing: /home/rob/project/csci5551-s26-team-pointbot/install/share/xarm_description//meshes/xarm7_mirror/collision/link3.stl
[0.730s] -- Installing: /home/rob/project/csci5551-s26-team-pointbot/install/share/xarm_description//meshes/xarm7_mirror/collision/link6.stl
[0.730s] -- Installing: /home/rob/project/csci5551-s26-team-pointbot/install/share/xarm_description//meshes/xarm7_mirror/collision/link2.stl
[0.730s] -- Installing: /home/rob/project/csci5551-s26-team-pointbot/install/share/xarm_description//meshes/xarm7_mirror/visual
[0.734s] -- Installing: /home/rob/project/csci5551-s26-team-pointbot/install/share/xarm_description//meshes/xarm7_mirror/visual/link1.stl
[0.734s] -- Installing: /home/rob/project/csci5551-s26-team-pointbot/install/share/xarm_description//meshes/xarm7_mirror/visual/link_base.stl
[0.735s] -- Installing: /home/rob/project/csci5551-s26-team-pointbot/install/share/xarm_description//meshes/xarm7_mirror/visual/link5.stl
[0.735s] -- Installing: /home/rob/project/csci5551-s26-team-pointbot/install/share/xarm_description//meshes/xarm7_mirror/visual/link7.stl
[0.735s] -- Installing: /home/rob/project/csci5551-s26-team-pointbot/install/share/xarm_description//meshes/xarm7_mirror/visual/link4.stl
[0.739s] -- Installing: /home/rob/project/csci5551-s26-team-pointbot/install/share/xarm_description//meshes/xarm7_mirror/visual/link3.stl
[0.739s] -- Installing: /home/rob/project/csci5551-s26-team-pointbot/install/share/xarm_description//meshes/xarm7_mirror/visual/link6.stl
[0.739s] -- Installing: /home/rob/project/csci5551-s26-team-pointbot/install/share/xarm_description//meshes/xarm7_mirror/visual/link2.stl
[0.739s] -- Installing: /home/rob/project/csci5551-s26-team-pointbot/install/share/xarm_description//meshes/end_tool
[0.739s] -- Installing: /home/rob/project/csci5551-s26-team-pointbot/install/share/xarm_description//meshes/end_tool/collision
[0.739s] -- Installing: /home/rob/project/csci5551-s26-team-pointbot/install/share/xarm_description//meshes/end_tool/collision/end_tool_1300.stl
[0.739s] -- Installing: /home/rob/project/csci5551-s26-team-pointbot/install/share/xarm_description//meshes/end_tool/collision/end_tool.stl
[0.739s] -- Installing: /home/rob/project/csci5551-s26-team-pointbot/install/share/xarm_description//meshes/end_tool/visual
[0.739s] -- Installing: /home/rob/project/csci5551-s26-team-pointbot/install/share/xarm_description//meshes/end_tool/visual/end_tool_1300.stl
[0.739s] -- Installing: /home/rob/project/csci5551-s26-team-pointbot/install/share/xarm_description//meshes/uf850
[0.739s] -- Installing: /home/rob/project/csci5551-s26-team-pointbot/install/share/xarm_description//meshes/uf850/collision
[0.740s] -- Installing: /home/rob/project/csci5551-s26-team-pointbot/install/share/xarm_description//meshes/uf850/collision/link1.stl
[0.740s] -- Installing: /home/rob/project/csci5551-s26-team-pointbot/install/share/xarm_description//meshes/uf850/collision/link_base.stl
[0.740s] -- Installing: /home/rob/project/csci5551-s26-team-pointbot/install/share/xarm_description//meshes/uf850/collision/link5.stl
[0.740s] -- Installing: /home/rob/project/csci5551-s26-team-pointbot/install/share/xarm_description//meshes/uf850/collision/link4.stl
[0.740s] -- Installing: /home/rob/project/csci5551-s26-team-pointbot/install/share/xarm_description//meshes/uf850/collision/link3.stl
[0.740s] -- Installing: /home/rob/project/csci5551-s26-team-pointbot/install/share/xarm_description//meshes/uf850/collision/link6.stl
[0.740s] -- Installing: /home/rob/project/csci5551-s26-team-pointbot/install/share/xarm_description//meshes/uf850/collision/link2.stl
[0.740s] -- Installing: /home/rob/project/csci5551-s26-team-pointbot/install/share/xarm_description//meshes/uf850/visual
[0.740s] -- Installing: /home/rob/project/csci5551-s26-team-pointbot/install/share/xarm_description//meshes/uf850/visual/link1.stl
[0.740s] -- Installing: /home/rob/project/csci5551-s26-team-pointbot/install/share/xarm_description//meshes/uf850/visual/link_base.stl
[0.740s] -- Installing: /home/rob/project/csci5551-s26-team-pointbot/install/share/xarm_description//meshes/uf850/visual/link5.stl
[0.740s] -- Installing: /home/rob/project/csci5551-s26-team-pointbot/install/share/xarm_description//meshes/uf850/visual/link4.stl
[0.740s] -- Installing: /home/rob/project/csci5551-s26-team-pointbot/install/share/xarm_description//meshes/uf850/visual/link3.stl
[0.740s] -- Installing: /home/rob/project/csci5551-s26-team-pointbot/install/share/xarm_description//meshes/uf850/visual/link6.stl
[0.740s] -- Installing: /home/rob/project/csci5551-s26-team-pointbot/install/share/xarm_description//meshes/uf850/visual/link2.stl
[0.740s] -- Installing: /home/rob/project/csci5551-s26-team-pointbot/install/share/xarm_description//meshes/vacuum_gripper
[0.740s] -- Installing: /home/rob/project/csci5551-s26-team-pointbot/install/share/xarm_description//meshes/vacuum_gripper/xarm
[0.740s] -- Installing: /home/rob/project/csci5551-s26-team-pointbot/install/share/xarm_description//meshes/vacuum_gripper/xarm/collision
[0.741s] -- Installing: /home/rob/project/csci5551-s26-team-pointbot/install/share/xarm_description//meshes/vacuum_gripper/xarm/collision/vacuum_gripper.stl
[0.741s] -- Installing: /home/rob/project/csci5551-s26-team-pointbot/install/share/xarm_description//meshes/vacuum_gripper/xarm/visual
[0.741s] -- Installing: /home/rob/project/csci5551-s26-team-pointbot/install/share/xarm_description//meshes/vacuum_gripper/xarm/visual/vacuum_gripper.stl
[0.741s] -- Installing: /home/rob/project/csci5551-s26-team-pointbot/install/share/xarm_description//meshes/vacuum_gripper/lite
[0.741s] -- Installing: /home/rob/project/csci5551-s26-team-pointbot/install/share/xarm_description//meshes/vacuum_gripper/lite/collision
[0.741s] -- Installing: /home/rob/project/csci5551-s26-team-pointbot/install/share/xarm_description//meshes/vacuum_gripper/lite/collision/vacuum_gripper_lite.stl
[0.741s] -- Installing: /home/rob/project/csci5551-s26-team-pointbot/install/share/xarm_description//meshes/vacuum_gripper/lite/visual
[0.741s] -- Installing: /home/rob/project/csci5551-s26-team-pointbot/install/share/xarm_description//meshes/vacuum_gripper/lite/visual/vacuum_gripper_lite.stl
[0.741s] -- Installing: /home/rob/project/csci5551-s26-team-pointbot/install/share/xarm_description//meshes/xarm7_1305
[0.741s] -- Installing: /home/rob/project/csci5551-s26-team-pointbot/install/share/xarm_description//meshes/xarm7_1305/collision
[0.741s] -- Installing: /home/rob/project/csci5551-s26-team-pointbot/install/share/xarm_description//meshes/xarm7_1305/collision/link5.obj
[0.741s] -- Installing: /home/rob/project/csci5551-s26-team-pointbot/install/share/xarm_description//meshes/xarm7_1305/collision/link3.obj
[0.741s] -- Installing: /home/rob/project/csci5551-s26-team-pointbot/install/share/xarm_description//meshes/xarm7_1305/collision/link7.obj
[0.741s] -- Installing: /home/rob/project/csci5551-s26-team-pointbot/install/share/xarm_description//meshes/xarm7_1305/collision/link1.obj
[0.741s] -- Installing: /home/rob/project/csci5551-s26-team-pointbot/install/share/xarm_description//meshes/xarm7_1305/collision/link_base.obj
[0.741s] -- Installing: /home/rob/project/csci5551-s26-team-pointbot/install/share/xarm_description//meshes/xarm7_1305/collision/link4.obj
[0.741s] -- Installing: /home/rob/project/csci5551-s26-team-pointbot/install/share/xarm_description//meshes/xarm7_1305/collision/link6.obj
[0.741s] -- Installing: /home/rob/project/csci5551-s26-team-pointbot/install/share/xarm_description//meshes/xarm7_1305/collision/link2.obj
[0.741s] -- Installing: /home/rob/project/csci5551-s26-team-pointbot/install/share/xarm_description//meshes/xarm7_1305/visual
[0.744s] -- Installing: /home/rob/project/csci5551-s26-team-pointbot/install/share/xarm_description//meshes/xarm7_1305/visual/link1.stl
[0.745s] -- Installing: /home/rob/project/csci5551-s26-team-pointbot/install/share/xarm_description//meshes/xarm7_1305/visual/link_base.stl
[0.745s] -- Installing: /home/rob/project/csci5551-s26-team-pointbot/install/share/xarm_description//meshes/xarm7_1305/visual/link5.stl
[0.745s] -- Installing: /home/rob/project/csci5551-s26-team-pointbot/install/share/xarm_description//meshes/xarm7_1305/visual/link7.stl
[0.745s] -- Installing: /home/rob/project/csci5551-s26-team-pointbot/install/share/xarm_description//meshes/xarm7_1305/visual/link4.stl
[0.745s] -- Installing: /home/rob/project/csci5551-s26-team-pointbot/install/share/xarm_description//meshes/xarm7_1305/visual/link3.stl
[0.745s] -- Installing: /home/rob/project/csci5551-s26-team-pointbot/install/share/xarm_description//meshes/xarm7_1305/visual/link6.stl
[0.745s] -- Installing: /home/rob/project/csci5551-s26-team-pointbot/install/share/xarm_description//meshes/xarm7_1305/visual/link2.stl
[0.745s] -- Installing: /home/rob/project/csci5551-s26-team-pointbot/install/share/xarm_description//meshes/xarm5
[0.745s] -- Installing: /home/rob/project/csci5551-s26-team-pointbot/install/share/xarm_description//meshes/xarm5/visual
[0.749s] -- Installing: /home/rob/project/csci5551-s26-team-pointbot/install/share/xarm_description//meshes/xarm5/visual/link1.stl
[0.749s] -- Installing: /home/rob/project/csci5551-s26-team-pointbot/install/share/xarm_description//meshes/xarm5/visual/link_base.stl
[0.749s] -- Installing: /home/rob/project/csci5551-s26-team-pointbot/install/share/xarm_description//meshes/xarm5/visual/link5.stl
[0.749s] -- Installing: /home/rob/project/csci5551-s26-team-pointbot/install/share/xarm_description//meshes/xarm5/visual/link4.stl
[0.749s] -- Installing: /home/rob/project/csci5551-s26-team-pointbot/install/share/xarm_description//meshes/xarm5/visual/link3.stl
[0.749s] -- Installing: /home/rob/project/csci5551-s26-team-pointbot/install/share/xarm_description//meshes/xarm5/visual/link2.stl
[0.749s] -- Installing: /home/rob/project/csci5551-s26-team-pointbot/install/share/xarm_description//meshes/xarm5_1305
[0.749s] -- Installing: /home/rob/project/csci5551-s26-team-pointbot/install/share/xarm_description//meshes/xarm5_1305/collision
[0.749s] -- Installing: /home/rob/project/csci5551-s26-team-pointbot/install/share/xarm_description//meshes/xarm5_1305/collision/link5.obj
[0.749s] -- Installing: /home/rob/project/csci5551-s26-team-pointbot/install/share/xarm_description//meshes/xarm5_1305/collision/link3.obj
[0.749s] -- Installing: /home/rob/project/csci5551-s26-team-pointbot/install/share/xarm_description//meshes/xarm5_1305/collision/link1.obj
[0.749s] -- Installing: /home/rob/project/csci5551-s26-team-pointbot/install/share/xarm_description//meshes/xarm5_1305/collision/link_base.obj
[0.749s] -- Installing: /home/rob/project/csci5551-s26-team-pointbot/install/share/xarm_description//meshes/xarm5_1305/collision/link4.obj
[0.749s] -- Installing: /home/rob/project/csci5551-s26-team-pointbot/install/share/xarm_description//meshes/xarm5_1305/collision/link2.obj
[0.749s] -- Installing: /home/rob/project/csci5551-s26-team-pointbot/install/share/xarm_description//meshes/xarm5_1305/visual
[0.749s] -- Installing: /home/rob/project/csci5551-s26-team-pointbot/install/share/xarm_description//meshes/xarm5_1305/visual/link1.stl
[0.749s] -- Installing: /home/rob/project/csci5551-s26-team-pointbot/install/share/xarm_description//meshes/xarm5_1305/visual/link_base.stl
[0.749s] -- Installing: /home/rob/project/csci5551-s26-team-pointbot/install/share/xarm_description//meshes/xarm5_1305/visual/link5.stl
[0.749s] -- Installing: /home/rob/project/csci5551-s26-team-pointbot/install/share/xarm_description//meshes/xarm5_1305/visual/link4.stl
[0.749s] -- Installing: /home/rob/project/csci5551-s26-team-pointbot/install/share/xarm_description//meshes/xarm5_1305/visual/link3.stl
[0.749s] -- Installing: /home/rob/project/csci5551-s26-team-pointbot/install/share/xarm_description//meshes/xarm5_1305/visual/link2.stl
[0.749s] -- Installing: /home/rob/project/csci5551-s26-team-pointbot/install/share/xarm_description//meshes/xarm6_1305
[0.749s] -- Installing: /home/rob/project/csci5551-s26-team-pointbot/install/share/xarm_description//meshes/xarm6_1305/collision
[0.750s] -- Installing: /home/rob/project/csci5551-s26-team-pointbot/install/share/xarm_description//meshes/xarm6_1305/collision/link5.obj
[0.750s] -- Installing: /home/rob/project/csci5551-s26-team-pointbot/install/share/xarm_description//meshes/xarm6_1305/collision/link3.obj
[0.750s] -- Installing: /home/rob/project/csci5551-s26-team-pointbot/install/share/xarm_description//meshes/xarm6_1305/collision/link1.obj
[0.750s] -- Installing: /home/rob/project/csci5551-s26-team-pointbot/install/share/xarm_description//meshes/xarm6_1305/collision/link_base.obj
[0.750s] -- Installing: /home/rob/project/csci5551-s26-team-pointbot/install/share/xarm_description//meshes/xarm6_1305/collision/link4.obj
[0.750s] -- Installing: /home/rob/project/csci5551-s26-team-pointbot/install/share/xarm_description//meshes/xarm6_1305/collision/link6.obj
[0.750s] -- Installing: /home/rob/project/csci5551-s26-team-pointbot/install/share/xarm_description//meshes/xarm6_1305/collision/link2.obj
[0.750s] -- Installing: /home/rob/project/csci5551-s26-team-pointbot/install/share/xarm_description//meshes/xarm6_1305/visual
[0.751s] -- Installing: /home/rob/project/csci5551-s26-team-pointbot/install/share/xarm_description//meshes/xarm6_1305/visual/link1.stl
[0.751s] -- Installing: /home/rob/project/csci5551-s26-team-pointbot/install/share/xarm_description//meshes/xarm6_1305/visual/link_base.stl
[0.751s] -- Installing: /home/rob/project/csci5551-s26-team-pointbot/install/share/xarm_description//meshes/xarm6_1305/visual/link5.stl
[0.751s] -- Installing: /home/rob/project/csci5551-s26-team-pointbot/install/share/xarm_description//meshes/xarm6_1305/visual/link4.stl
[0.751s] -- Installing: /home/rob/project/csci5551-s26-team-pointbot/install/share/xarm_description//meshes/xarm6_1305/visual/link3.stl
[0.751s] -- Installing: /home/rob/project/csci5551-s26-team-pointbot/install/share/xarm_description//meshes/xarm6_1305/visual/link6.stl
[0.751s] -- Installing: /home/rob/project/csci5551-s26-team-pointbot/install/share/xarm_description//meshes/xarm6_1305/visual/link2.stl
[0.751s] -- Installing: /home/rob/project/csci5551-s26-team-pointbot/install/share/xarm_description//launch
[0.751s] -- Installing: /home/rob/project/csci5551-s26-team-pointbot/install/share/xarm_description//launch/xarm7_mirror_rviz_display.launch.py
[0.751s] -- Installing: /home/rob/project/csci5551-s26-team-pointbot/install/share/xarm_description//launch/xarm5_rviz_display.launch.py
[0.751s] -- Installing: /home/rob/project/csci5551-s26-team-pointbot/install/share/xarm_description//launch/_robot_rviz_display.launch.py
[0.751s] -- Installing: /home/rob/project/csci5551-s26-team-pointbot/install/share/xarm_description//launch/xarm7_rviz_display.launch.py
[0.751s] -- Installing: /home/rob/project/csci5551-s26-team-pointbot/install/share/xarm_description//launch/xarm6_rviz_display.launch.py
[0.751s] -- Installing: /home/rob/project/csci5551-s26-team-pointbot/install/share/xarm_description//launch/lib
[0.751s] -- Installing: /home/rob/project/csci5551-s26-team-pointbot/install/share/xarm_description//launch/lib/robot_description_lib.py
[0.751s] -- Installing: /home/rob/project/csci5551-s26-team-pointbot/install/share/xarm_description//launch/_robot_description.launch.py
[0.751s] -- Installing: /home/rob/project/csci5551-s26-team-pointbot/install/share/xarm_description//launch/uf850_rviz_display.launch.py
[0.751s] -- Installing: /home/rob/project/csci5551-s26-team-pointbot/install/share/xarm_description//launch/_robot_joint_state.launch.py
[0.752s] -- Installing: /home/rob/project/csci5551-s26-team-pointbot/install/share/xarm_description//launch/_rviz_display.launch.py
[0.752s] -- Installing: /home/rob/project/csci5551-s26-team-pointbot/install/share/xarm_description//launch/lite6_rviz_display.launch.py
[0.752s] -- Installing: /home/rob/project/csci5551-s26-team-pointbot/install/share/ament_index/resource_index/package_run_dependencies/xarm_description
[0.752s] -- Installing: /home/rob/project/csci5551-s26-team-pointbot/install/share/ament_index/resource_index/parent_prefix_path/xarm_description
[0.752s] -- Installing: /home/rob/project/csci5551-s26-team-pointbot/install/share/xarm_description/environment/ament_prefix_path.sh
[0.752s] -- Installing: /home/rob/project/csci5551-s26-team-pointbot/install/share/xarm_description/environment/ament_prefix_path.dsv
[0.752s] -- Installing: /home/rob/project/csci5551-s26-team-pointbot/install/share/xarm_description/environment/path.sh
[0.752s] -- Installing: /home/rob/project/csci5551-s26-team-pointbot/install/share/xarm_description/environment/path.dsv
[0.752s] -- Installing: /home/rob/project/csci5551-s26-team-pointbot/install/share/xarm_description/local_setup.bash
[0.752s] -- Installing: /home/rob/project/csci5551-s26-team-pointbot/install/share/xarm_description/local_setup.sh
[0.752s] -- Installing: /home/rob/project/csci5551-s26-team-pointbot/install/share/xarm_description/local_setup.zsh
[0.752s] -- Installing: /home/rob/project/csci5551-s26-team-pointbot/install/share/xarm_description/local_setup.dsv
[0.757s] -- Installing: /home/rob/project/csci5551-s26-team-pointbot/install/share/xarm_description/package.dsv
[0.757s] -- Installing: /home/rob/project/csci5551-s26-team-pointbot/install/share/ament_index/resource_index/packages/xarm_description
[0.757s] -- Installing: /home/rob/project/csci5551-s26-team-pointbot/install/share/xarm_description/cmake/xarm_descriptionConfig.cmake
[0.757s] -- Installing: /home/rob/project/csci5551-s26-team-pointbot/install/share/xarm_description/cmake/xarm_descriptionConfig-version.cmake
[0.757s] -- Installing: /home/rob/project/csci5551-s26-team-pointbot/install/share/xarm_description/package.xml
[0.760s] Invoked command in '/home/rob/project/csci5551-s26-team-pointbot/build/xarm_description' returned '0': CMAKE_PREFIX_PATH=${CMAKE_PREFIX_PATH}:/opt/ros/jazzy CONDA_PROMPT_MODIFIER=(base) DEBUGINFOD_URLS=https://debuginfod.ubuntu.com /usr/bin/cmake --install /home/rob/project/csci5551-s26-team-pointbot/build/xarm_description
