[  1%] Built target btcpp_ros2_interfaces__rs
[  3%] Built target btcpp_ros2_interfaces__rosidl_generator_type_description
[  3%] Built target ament_cmake_python_copy_btcpp_ros2_interfaces
[  4%] Built target btcpp_ros2_interfaces__cpp
[ 26%] Built target btcpp_ros2_interfaces__rosidl_generator_c
[ 35%] Built target btcpp_ros2_interfaces__rosidl_typesupport_introspection_c
[ 44%] Built target btcpp_ros2_interfaces__rosidl_typesupport_c
[ 53%] Built target btcpp_ros2_interfaces__rosidl_typesupport_fastrtps_cpp
[ 63%] Built target btcpp_ros2_interfaces__rosidl_typesupport_cpp
[ 72%] Built target btcpp_ros2_interfaces__rosidl_typesupport_fastrtps_c
[ 81%] Built target btcpp_ros2_interfaces__rosidl_typesupport_introspection_cpp
[ 81%] Built target btcpp_ros2_interfaces
[ 83%] Built target btcpp_ros2_interfaces__py
[ 90%] Built target btcpp_ros2_interfaces__rosidl_generator_py
running egg_info
writing btcpp_ros2_interfaces.egg-info/PKG-INFO
writing dependency_links to btcpp_ros2_interfaces.egg-info/dependency_links.txt
writing top-level names to btcpp_ros2_interfaces.egg-info/top_level.txt
[ 93%] Built target btcpp_ros2_interfaces_s__rosidl_typesupport_c
interrupted
gmake[1]: *** [CMakeFiles/Makefile2:556: CMakeFiles/btcpp_ros2_interfaces_s__rosidl_typesupport_fastrtps_c.dir/all] Interrupt
gmake[2]: *** [CMakeFiles/ament_cmake_python_build_btcpp_ros2_interfaces_egg.dir/build.make:70: CMakeFiles/ament_cmake_python_build_btcpp_ros2_interfaces_egg] Interrupt
gmake[1]: *** [CMakeFiles/Makefile2:497: CMakeFiles/ament_cmake_python_build_btcpp_ros2_interfaces_egg.dir/all] Interrupt
gmake[1]: *** wait: No child processes.  Stop.
gmake[1]: *** Waiting for unfinished jobs....
gmake[1]: *** wait: No child processes.  Stop.
gmake: *** [Makefile:146: all] Error 2
