[0.388s] Invoking command in '/home/rob/project/csci5551-s26-team-pointbot/build/zed_msgs': CMAKE_PREFIX_PATH=${CMAKE_PREFIX_PATH}:/home/rob/project/csci5551-s26-team-pointbot/install/pointbot_rviz:/home/rob/project/csci5551-s26-team-pointbot/install/uf_ros_lib:/home/rob/project/csci5551-s26-team-pointbot/install/planning:/home/rob/project/csci5551-s26-team-pointbot/install/perception:/opt/ros/jazzy DEBUGINFOD_URLS=https://debuginfod.ubuntu.com /usr/bin/cmake --build /home/rob/project/csci5551-s26-team-pointbot/build/zed_msgs -- -j16 -l16
[0.532s] [  0%] Built target zed_msgs__rosidl_generator_type_description
[0.532s] [  0%] Built target zed_msgs__rs
[0.538s] [  0%] Built target ament_cmake_python_copy_zed_msgs
[0.580s] [  0%] Built target zed_msgs__cpp
[0.612s] [ 28%] Built target zed_msgs__rosidl_generator_c
[0.690s] [ 37%] Built target zed_msgs__rosidl_typesupport_fastrtps_c
[0.697s] [ 47%] Built target zed_msgs__rosidl_typesupport_c
[0.703s] [ 57%] Built target zed_msgs__rosidl_typesupport_introspection_c
[0.726s] [ 67%] Built target zed_msgs__rosidl_typesupport_introspection_cpp
[0.738s] [ 77%] Built target zed_msgs__rosidl_typesupport_fastrtps_cpp
[0.753s] [ 87%] Built target zed_msgs__rosidl_typesupport_cpp
[0.958s] [ 87%] Built target zed_msgs
[0.997s] [ 87%] Built target zed_msgs__py
[0.998s] running egg_info
[0.998s] [ 97%] Built target zed_msgs__rosidl_generator_py
[0.999s] writing zed_msgs.egg-info/PKG-INFO
[0.999s] writing dependency_links to zed_msgs.egg-info/dependency_links.txt
[0.999s] writing top-level names to zed_msgs.egg-info/top_level.txt
[1.005s] [ 98%] Built target zed_msgs_s__rosidl_typesupport_introspection_c
[1.009s] [ 99%] Built target zed_msgs_s__rosidl_typesupport_fastrtps_c
[1.015s] [100%] Built target zed_msgs_s__rosidl_typesupport_c
[1.015s] reading manifest file 'zed_msgs.egg-info/SOURCES.txt'
[1.016s] writing manifest file 'zed_msgs.egg-info/SOURCES.txt'
[1.046s] [100%] Built target ament_cmake_python_build_zed_msgs_egg
[1.573s] Invoked command in '/home/rob/project/csci5551-s26-team-pointbot/build/zed_msgs' returned '0': CMAKE_PREFIX_PATH=${CMAKE_PREFIX_PATH}:/home/rob/project/csci5551-s26-team-pointbot/install/pointbot_rviz:/home/rob/project/csci5551-s26-team-pointbot/install/uf_ros_lib:/home/rob/project/csci5551-s26-team-pointbot/install/planning:/home/rob/project/csci5551-s26-team-pointbot/install/perception:/opt/ros/jazzy DEBUGINFOD_URLS=https://debuginfod.ubuntu.com /usr/bin/cmake --build /home/rob/project/csci5551-s26-team-pointbot/build/zed_msgs -- -j16 -l16
[1.575s] Invoking command in '/home/rob/project/csci5551-s26-team-pointbot/build/zed_msgs': CMAKE_PREFIX_PATH=${CMAKE_PREFIX_PATH}:/home/rob/project/csci5551-s26-team-pointbot/install/pointbot_rviz:/home/rob/project/csci5551-s26-team-pointbot/install/uf_ros_lib:/home/rob/project/csci5551-s26-team-pointbot/install/planning:/home/rob/project/csci5551-s26-team-pointbot/install/perception:/opt/ros/jazzy DEBUGINFOD_URLS=https://debuginfod.ubuntu.com /usr/bin/cmake --install /home/rob/project/csci5551-s26-team-pointbot/build/zed_msgs
[1.616s] -- Install configuration: ""
[1.616s] -- Up-to-date: /home/rob/project/csci5551-s26-team-pointbot/install/zed_msgs/share/ament_index/resource_index/rosidl_interfaces/zed_msgs
[1.616s] -- Up-to-date: /home/rob/project/csci5551-s26-team-pointbot/install/zed_msgs/share/zed_msgs/msg/Object.json
[1.616s] -- Up-to-date: /home/rob/project/csci5551-s26-team-pointbot/install/zed_msgs/share/zed_msgs/msg/ObjectsStamped.json
[1.617s] -- Up-to-date: /home/rob/project/csci5551-s26-team-pointbot/install/zed_msgs/share/zed_msgs/msg/Keypoint2Di.json
[1.617s] -- Up-to-date: /home/rob/project/csci5551-s26-team-pointbot/install/zed_msgs/share/zed_msgs/msg/Keypoint2Df.json
[1.617s] -- Up-to-date: /home/rob/project/csci5551-s26-team-pointbot/install/zed_msgs/share/zed_msgs/msg/Keypoint3D.json
[1.617s] -- Up-to-date: /home/rob/project/csci5551-s26-team-pointbot/install/zed_msgs/share/zed_msgs/msg/BoundingBox2Di.json
[1.618s] -- Up-to-date: /home/rob/project/csci5551-s26-team-pointbot/install/zed_msgs/share/zed_msgs/msg/BoundingBox2Df.json
[1.618s] -- Up-to-date: /home/rob/project/csci5551-s26-team-pointbot/install/zed_msgs/share/zed_msgs/msg/BoundingBox3D.json
[1.619s] -- Up-to-date: /home/rob/project/csci5551-s26-team-pointbot/install/zed_msgs/share/zed_msgs/msg/Skeleton2D.json
[1.619s] -- Up-to-date: /home/rob/project/csci5551-s26-team-pointbot/install/zed_msgs/share/zed_msgs/msg/Skeleton3D.json
[1.619s] -- Up-to-date: /home/rob/project/csci5551-s26-team-pointbot/install/zed_msgs/share/zed_msgs/msg/DepthInfoStamped.json
[1.619s] -- Up-to-date: /home/rob/project/csci5551-s26-team-pointbot/install/zed_msgs/share/zed_msgs/msg/PlaneStamped.json
[1.619s] -- Up-to-date: /home/rob/project/csci5551-s26-team-pointbot/install/zed_msgs/share/zed_msgs/msg/PosTrackStatus.json
[1.619s] -- Up-to-date: /home/rob/project/csci5551-s26-team-pointbot/install/zed_msgs/share/zed_msgs/msg/GnssFusionStatus.json
[1.619s] -- Up-to-date: /home/rob/project/csci5551-s26-team-pointbot/install/zed_msgs/share/zed_msgs/msg/Heartbeat.json
[1.619s] -- Up-to-date: /home/rob/project/csci5551-s26-team-pointbot/install/zed_msgs/share/zed_msgs/msg/MagHeadingStatus.json
[1.619s] -- Up-to-date: /home/rob/project/csci5551-s26-team-pointbot/install/zed_msgs/share/zed_msgs/msg/SvoStatus.json
[1.619s] -- Up-to-date: /home/rob/project/csci5551-s26-team-pointbot/install/zed_msgs/share/zed_msgs/msg/HealthStatusStamped.json
[1.620s] -- Up-to-date: /home/rob/project/csci5551-s26-team-pointbot/install/zed_msgs/share/zed_msgs/srv/SetPose.json
[1.621s] -- Up-to-date: /home/rob/project/csci5551-s26-team-pointbot/install/zed_msgs/share/zed_msgs/srv/StartSvoRec.json
[1.621s] -- Up-to-date: /home/rob/project/csci5551-s26-team-pointbot/install/zed_msgs/share/zed_msgs/srv/SetROI.json
[1.621s] -- Up-to-date: /home/rob/project/csci5551-s26-team-pointbot/install/zed_msgs/share/zed_msgs/srv/SetSvoFrame.json
[1.621s] -- Up-to-date: /home/rob/project/csci5551-s26-team-pointbot/install/zed_msgs/share/zed_msgs/srv/SaveAreaMemory.json
[1.621s] -- Up-to-date: /home/rob/project/csci5551-s26-team-pointbot/install/zed_msgs/include/zed_msgs/zed_msgs
[1.622s] -- Up-to-date: /home/rob/project/csci5551-s26-team-pointbot/install/zed_msgs/include/zed_msgs/zed_msgs/msg
[1.622s] -- Up-to-date: /home/rob/project/csci5551-s26-team-pointbot/install/zed_msgs/include/zed_msgs/zed_msgs/msg/skeleton3_d.h
[1.623s] -- Up-to-date: /home/rob/project/csci5551-s26-team-pointbot/install/zed_msgs/include/zed_msgs/zed_msgs/msg/keypoint3_d.h
[1.623s] -- Up-to-date: /home/rob/project/csci5551-s26-team-pointbot/install/zed_msgs/include/zed_msgs/zed_msgs/msg/svo_status.h
[1.623s] -- Up-to-date: /home/rob/project/csci5551-s26-team-pointbot/install/zed_msgs/include/zed_msgs/zed_msgs/msg/keypoint2_df.h
[1.623s] -- Up-to-date: /home/rob/project/csci5551-s26-team-pointbot/install/zed_msgs/include/zed_msgs/zed_msgs/msg/gnss_fusion_status.h
[1.623s] -- Up-to-date: /home/rob/project/csci5551-s26-team-pointbot/install/zed_msgs/include/zed_msgs/zed_msgs/msg/bounding_box2_df.h
[1.623s] -- Up-to-date: /home/rob/project/csci5551-s26-team-pointbot/install/zed_msgs/include/zed_msgs/zed_msgs/msg/skeleton2_d.h
[1.623s] -- Up-to-date: /home/rob/project/csci5551-s26-team-pointbot/install/zed_msgs/include/zed_msgs/zed_msgs/msg/keypoint2_di.h
[1.624s] -- Up-to-date: /home/rob/project/csci5551-s26-team-pointbot/install/zed_msgs/include/zed_msgs/zed_msgs/msg/pos_track_status.h
[1.624s] -- Up-to-date: /home/rob/project/csci5551-s26-team-pointbot/install/zed_msgs/include/zed_msgs/zed_msgs/msg/bounding_box2_di.h
[1.625s] -- Up-to-date: /home/rob/project/csci5551-s26-team-pointbot/install/zed_msgs/include/zed_msgs/zed_msgs/msg/heartbeat.h
[1.625s] -- Up-to-date: /home/rob/project/csci5551-s26-team-pointbot/install/zed_msgs/include/zed_msgs/zed_msgs/msg/rosidl_generator_c__visibility_control.h
[1.625s] -- Up-to-date: /home/rob/project/csci5551-s26-team-pointbot/install/zed_msgs/include/zed_msgs/zed_msgs/msg/health_status_stamped.h
[1.625s] -- Up-to-date: /home/rob/project/csci5551-s26-team-pointbot/install/zed_msgs/include/zed_msgs/zed_msgs/msg/objects_stamped.h
[1.625s] -- Up-to-date: /home/rob/project/csci5551-s26-team-pointbot/install/zed_msgs/include/zed_msgs/zed_msgs/msg/bounding_box3_d.h
[1.625s] -- Up-to-date: /home/rob/project/csci5551-s26-team-pointbot/install/zed_msgs/include/zed_msgs/zed_msgs/msg/plane_stamped.h
[1.625s] -- Up-to-date: /home/rob/project/csci5551-s26-team-pointbot/install/zed_msgs/include/zed_msgs/zed_msgs/msg/detail
[1.625s] -- Up-to-date: /home/rob/project/csci5551-s26-team-pointbot/install/zed_msgs/include/zed_msgs/zed_msgs/msg/detail/depth_info_stamped__functions.h
[1.626s] -- Up-to-date: /home/rob/project/csci5551-s26-team-pointbot/install/zed_msgs/include/zed_msgs/zed_msgs/msg/detail/plane_stamped__type_support.h
[1.626s] -- Up-to-date: /home/rob/project/csci5551-s26-team-pointbot/install/zed_msgs/include/zed_msgs/zed_msgs/msg/detail/keypoint2_di__functions.c
[1.626s] -- Up-to-date: /home/rob/project/csci5551-s26-team-pointbot/install/zed_msgs/include/zed_msgs/zed_msgs/msg/detail/objects_stamped__description.c
[1.626s] -- Up-to-date: /home/rob/project/csci5551-s26-team-pointbot/install/zed_msgs/include/zed_msgs/zed_msgs/msg/detail/gnss_fusion_status__description.c
[1.626s] -- Up-to-date: /home/rob/project/csci5551-s26-team-pointbot/install/zed_msgs/include/zed_msgs/zed_msgs/msg/detail/depth_info_stamped__type_support.h
[1.626s] -- Up-to-date: /home/rob/project/csci5551-s26-team-pointbot/install/zed_msgs/include/zed_msgs/zed_msgs/msg/detail/keypoint2_df__type_support.h
[1.626s] -- Up-to-date: /home/rob/project/csci5551-s26-team-pointbot/install/zed_msgs/include/zed_msgs/zed_msgs/msg/detail/health_status_stamped__functions.c
[1.626s] -- Up-to-date: /home/rob/project/csci5551-s26-team-pointbot/install/zed_msgs/include/zed_msgs/zed_msgs/msg/detail/object__type_support.h
[1.626s] -- Up-to-date: /home/rob/project/csci5551-s26-team-pointbot/install/zed_msgs/include/zed_msgs/zed_msgs/msg/detail/plane_stamped__functions.h
[1.626s] -- Up-to-date: /home/rob/project/csci5551-s26-team-pointbot/install/zed_msgs/include/zed_msgs/zed_msgs/msg/detail/plane_stamped__functions.c
[1.626s] -- Up-to-date: /home/rob/project/csci5551-s26-team-pointbot/install/zed_msgs/include/zed_msgs/zed_msgs/msg/detail/object__functions.c
[1.626s] -- Up-to-date: /home/rob/project/csci5551-s26-team-pointbot/install/zed_msgs/include/zed_msgs/zed_msgs/msg/detail/object__functions.h
[1.626s] -- Up-to-date: /home/rob/project/csci5551-s26-team-pointbot/install/zed_msgs/include/zed_msgs/zed_msgs/msg/detail/objects_stamped__functions.h
[1.627s] -- Up-to-date: /home/rob/project/csci5551-s26-team-pointbot/install/zed_msgs/include/zed_msgs/zed_msgs/msg/detail/skeleton3_d__struct.h
[1.627s] -- Up-to-date: /home/rob/project/csci5551-s26-team-pointbot/install/zed_msgs/include/zed_msgs/zed_msgs/msg/detail/bounding_box2_di__functions.c
[1.627s] -- Up-to-date: /home/rob/project/csci5551-s26-team-pointbot/install/zed_msgs/include/zed_msgs/zed_msgs/msg/detail/heartbeat__type_support.h
[1.627s] -- Installing: /home/rob/project/csci5551-s26-team-pointbot/install/zed_msgs/include/zed_msgs/zed_msgs/msg/detail/mag_heading_status__type_support.c
[1.627s] -- Up-to-date: /home/rob/project/csci5551-s26-team-pointbot/install/zed_msgs/include/zed_msgs/zed_msgs/msg/detail/pos_track_status__struct.h
[1.627s] -- Up-to-date: /home/rob/project/csci5551-s26-team-pointbot/install/zed_msgs/include/zed_msgs/zed_msgs/msg/detail/plane_stamped__struct.h
[1.627s] -- Up-to-date: /home/rob/project/csci5551-s26-team-pointbot/install/zed_msgs/include/zed_msgs/zed_msgs/msg/detail/bounding_box3_d__type_support.h
[1.627s] -- Installing: /home/rob/project/csci5551-s26-team-pointbot/install/zed_msgs/include/zed_msgs/zed_msgs/msg/detail/plane_stamped__type_support.c
[1.627s] -- Up-to-date: /home/rob/project/csci5551-s26-team-pointbot/install/zed_msgs/include/zed_msgs/zed_msgs/msg/detail/svo_status__description.c
[1.627s] -- Up-to-date: /home/rob/project/csci5551-s26-team-pointbot/install/zed_msgs/include/zed_msgs/zed_msgs/msg/detail/mag_heading_status__description.c
[1.628s] -- Up-to-date: /home/rob/project/csci5551-s26-team-pointbot/install/zed_msgs/include/zed_msgs/zed_msgs/msg/detail/bounding_box2_df__description.c
[1.628s] -- Up-to-date: /home/rob/project/csci5551-s26-team-pointbot/install/zed_msgs/include/zed_msgs/zed_msgs/msg/detail/mag_heading_status__functions.h
[1.628s] -- Up-to-date: /home/rob/project/csci5551-s26-team-pointbot/install/zed_msgs/include/zed_msgs/zed_msgs/msg/detail/skeleton3_d__type_support.h
[1.628s] -- Installing: /home/rob/project/csci5551-s26-team-pointbot/install/zed_msgs/include/zed_msgs/zed_msgs/msg/detail/gnss_fusion_status__type_support.c
[1.629s] -- Up-to-date: /home/rob/project/csci5551-s26-team-pointbot/install/zed_msgs/include/zed_msgs/zed_msgs/msg/detail/depth_info_stamped__description.c
[1.629s] -- Up-to-date: /home/rob/project/csci5551-s26-team-pointbot/install/zed_msgs/include/zed_msgs/zed_msgs/msg/detail/skeleton2_d__functions.h
[1.629s] -- Up-to-date: /home/rob/project/csci5551-s26-team-pointbot/install/zed_msgs/include/zed_msgs/zed_msgs/msg/detail/bounding_box3_d__functions.c
[1.629s] -- Up-to-date: /home/rob/project/csci5551-s26-team-pointbot/install/zed_msgs/include/zed_msgs/zed_msgs/msg/detail/bounding_box2_di__type_support.h
[1.629s] -- Up-to-date: /home/rob/project/csci5551-s26-team-pointbot/install/zed_msgs/include/zed_msgs/zed_msgs/msg/detail/health_status_stamped__description.c
[1.630s] -- Installing: /home/rob/project/csci5551-s26-team-pointbot/install/zed_msgs/include/zed_msgs/zed_msgs/msg/detail/keypoint2_df__type_support.c
[1.631s] -- Up-to-date: /home/rob/project/csci5551-s26-team-pointbot/install/zed_msgs/include/zed_msgs/zed_msgs/msg/detail/heartbeat__description.c
[1.631s] -- Installing: /home/rob/project/csci5551-s26-team-pointbot/install/zed_msgs/include/zed_msgs/zed_msgs/msg/detail/heartbeat__type_support.c
[1.631s] -- Up-to-date: /home/rob/project/csci5551-s26-team-pointbot/install/zed_msgs/include/zed_msgs/zed_msgs/msg/detail/bounding_box2_di__functions.h
[1.631s] -- Installing: /home/rob/project/csci5551-s26-team-pointbot/install/zed_msgs/include/zed_msgs/zed_msgs/msg/detail/bounding_box3_d__type_support.c
[1.631s] -- Up-to-date: /home/rob/project/csci5551-s26-team-pointbot/install/zed_msgs/include/zed_msgs/zed_msgs/msg/detail/keypoint2_di__description.c
[1.631s] -- Up-to-date: /home/rob/project/csci5551-s26-team-pointbot/install/zed_msgs/include/zed_msgs/zed_msgs/msg/detail/bounding_box2_df__functions.c
[1.632s] -- Up-to-date: /home/rob/project/csci5551-s26-team-pointbot/install/zed_msgs/include/zed_msgs/zed_msgs/msg/detail/keypoint3_d__struct.h
[1.632s] -- Up-to-date: /home/rob/project/csci5551-s26-team-pointbot/install/zed_msgs/include/zed_msgs/zed_msgs/msg/detail/bounding_box2_df__functions.h
[1.632s] -- Up-to-date: /home/rob/project/csci5551-s26-team-pointbot/install/zed_msgs/include/zed_msgs/zed_msgs/msg/detail/heartbeat__struct.h
[1.632s] -- Installing: /home/rob/project/csci5551-s26-team-pointbot/install/zed_msgs/include/zed_msgs/zed_msgs/msg/detail/keypoint3_d__type_support.c
[1.632s] -- Up-to-date: /home/rob/project/csci5551-s26-team-pointbot/install/zed_msgs/include/zed_msgs/zed_msgs/msg/detail/keypoint3_d__description.c
[1.632s] -- Up-to-date: /home/rob/project/csci5551-s26-team-pointbot/install/zed_msgs/include/zed_msgs/zed_msgs/msg/detail/gnss_fusion_status__type_support.h
[1.632s] -- Up-to-date: /home/rob/project/csci5551-s26-team-pointbot/install/zed_msgs/include/zed_msgs/zed_msgs/msg/detail/skeleton3_d__functions.c
[1.632s] -- Up-to-date: /home/rob/project/csci5551-s26-team-pointbot/install/zed_msgs/include/zed_msgs/zed_msgs/msg/detail/heartbeat__functions.c
[1.632s] -- Up-to-date: /home/rob/project/csci5551-s26-team-pointbot/install/zed_msgs/include/zed_msgs/zed_msgs/msg/detail/bounding_box3_d__description.c
[1.632s] -- Installing: /home/rob/project/csci5551-s26-team-pointbot/install/zed_msgs/include/zed_msgs/zed_msgs/msg/detail/bounding_box2_df__type_support.c
[1.632s] -- Up-to-date: /home/rob/project/csci5551-s26-team-pointbot/install/zed_msgs/include/zed_msgs/zed_msgs/msg/detail/skeleton2_d__type_support.h
[1.632s] -- Up-to-date: /home/rob/project/csci5551-s26-team-pointbot/install/zed_msgs/include/zed_msgs/zed_msgs/msg/detail/skeleton2_d__struct.h
[1.633s] -- Up-to-date: /home/rob/project/csci5551-s26-team-pointbot/install/zed_msgs/include/zed_msgs/zed_msgs/msg/detail/objects_stamped__functions.c
[1.633s] -- Up-to-date: /home/rob/project/csci5551-s26-team-pointbot/install/zed_msgs/include/zed_msgs/zed_msgs/msg/detail/keypoint2_df__struct.h
[1.633s] -- Up-to-date: /home/rob/project/csci5551-s26-team-pointbot/install/zed_msgs/include/zed_msgs/zed_msgs/msg/detail/depth_info_stamped__struct.h
[1.633s] -- Installing: /home/rob/project/csci5551-s26-team-pointbot/install/zed_msgs/include/zed_msgs/zed_msgs/msg/detail/skeleton2_d__type_support.c
[1.633s] -- Up-to-date: /home/rob/project/csci5551-s26-team-pointbot/install/zed_msgs/include/zed_msgs/zed_msgs/msg/detail/mag_heading_status__functions.c
[1.633s] -- Installing: /home/rob/project/csci5551-s26-team-pointbot/install/zed_msgs/include/zed_msgs/zed_msgs/msg/detail/bounding_box2_di__type_support.c
[1.633s] -- Up-to-date: /home/rob/project/csci5551-s26-team-pointbot/install/zed_msgs/include/zed_msgs/zed_msgs/msg/detail/keypoint2_di__type_support.h
[1.633s] -- Up-to-date: /home/rob/project/csci5551-s26-team-pointbot/install/zed_msgs/include/zed_msgs/zed_msgs/msg/detail/skeleton2_d__description.c
[1.633s] -- Up-to-date: /home/rob/project/csci5551-s26-team-pointbot/install/zed_msgs/include/zed_msgs/zed_msgs/msg/detail/keypoint2_df__description.c
[1.633s] -- Up-to-date: /home/rob/project/csci5551-s26-team-pointbot/install/zed_msgs/include/zed_msgs/zed_msgs/msg/detail/keypoint2_df__functions.h
[1.634s] -- Up-to-date: /home/rob/project/csci5551-s26-team-pointbot/install/zed_msgs/include/zed_msgs/zed_msgs/msg/detail/svo_status__struct.h
[1.634s] -- Up-to-date: /home/rob/project/csci5551-s26-team-pointbot/install/zed_msgs/include/zed_msgs/zed_msgs/msg/detail/gnss_fusion_status__functions.c
[1.634s] -- Up-to-date: /home/rob/project/csci5551-s26-team-pointbot/install/zed_msgs/include/zed_msgs/zed_msgs/msg/detail/svo_status__functions.h
[1.634s] -- Up-to-date: /home/rob/project/csci5551-s26-team-pointbot/install/zed_msgs/include/zed_msgs/zed_msgs/msg/detail/bounding_box2_di__struct.h
[1.634s] -- Up-to-date: /home/rob/project/csci5551-s26-team-pointbot/install/zed_msgs/include/zed_msgs/zed_msgs/msg/detail/skeleton3_d__functions.h
[1.634s] -- Up-to-date: /home/rob/project/csci5551-s26-team-pointbot/install/zed_msgs/include/zed_msgs/zed_msgs/msg/detail/keypoint3_d__type_support.h
[1.634s] -- Installing: /home/rob/project/csci5551-s26-team-pointbot/install/zed_msgs/include/zed_msgs/zed_msgs/msg/detail/objects_stamped__type_support.c
[1.634s] -- Up-to-date: /home/rob/project/csci5551-s26-team-pointbot/install/zed_msgs/include/zed_msgs/zed_msgs/msg/detail/keypoint2_di__functions.h
[1.635s] -- Up-to-date: /home/rob/project/csci5551-s26-team-pointbot/install/zed_msgs/include/zed_msgs/zed_msgs/msg/detail/mag_heading_status__struct.h
[1.635s] -- Up-to-date: /home/rob/project/csci5551-s26-team-pointbot/install/zed_msgs/include/zed_msgs/zed_msgs/msg/detail/svo_status__functions.c
[1.635s] -- Up-to-date: /home/rob/project/csci5551-s26-team-pointbot/install/zed_msgs/include/zed_msgs/zed_msgs/msg/detail/pos_track_status__functions.h
[1.635s] -- Up-to-date: /home/rob/project/csci5551-s26-team-pointbot/install/zed_msgs/include/zed_msgs/zed_msgs/msg/detail/skeleton3_d__description.c
[1.635s] -- Up-to-date: /home/rob/project/csci5551-s26-team-pointbot/install/zed_msgs/include/zed_msgs/zed_msgs/msg/detail/plane_stamped__description.c
[1.635s] -- Up-to-date: /home/rob/project/csci5551-s26-team-pointbot/install/zed_msgs/include/zed_msgs/zed_msgs/msg/detail/health_status_stamped__struct.h
[1.635s] -- Up-to-date: /home/rob/project/csci5551-s26-team-pointbot/install/zed_msgs/include/zed_msgs/zed_msgs/msg/detail/gnss_fusion_status__functions.h
[1.635s] -- Up-to-date: /home/rob/project/csci5551-s26-team-pointbot/install/zed_msgs/include/zed_msgs/zed_msgs/msg/detail/keypoint3_d__functions.c
[1.635s] -- Up-to-date: /home/rob/project/csci5551-s26-team-pointbot/install/zed_msgs/include/zed_msgs/zed_msgs/msg/detail/keypoint2_df__functions.c
[1.636s] -- Up-to-date: /home/rob/project/csci5551-s26-team-pointbot/install/zed_msgs/include/zed_msgs/zed_msgs/msg/detail/health_status_stamped__functions.h
[1.636s] -- Installing: /home/rob/project/csci5551-s26-team-pointbot/install/zed_msgs/include/zed_msgs/zed_msgs/msg/detail/health_status_stamped__type_support.c
[1.636s] -- Up-to-date: /home/rob/project/csci5551-s26-team-pointbot/install/zed_msgs/include/zed_msgs/zed_msgs/msg/detail/skeleton2_d__functions.c
[1.636s] -- Up-to-date: /home/rob/project/csci5551-s26-team-pointbot/install/zed_msgs/include/zed_msgs/zed_msgs/msg/detail/objects_stamped__type_support.h
[1.636s] -- Up-to-date: /home/rob/project/csci5551-s26-team-pointbot/install/zed_msgs/include/zed_msgs/zed_msgs/msg/detail/heartbeat__functions.h
[1.636s] -- Up-to-date: /home/rob/project/csci5551-s26-team-pointbot/install/zed_msgs/include/zed_msgs/zed_msgs/msg/detail/bounding_box3_d__struct.h
[1.636s] -- Up-to-date: /home/rob/project/csci5551-s26-team-pointbot/install/zed_msgs/include/zed_msgs/zed_msgs/msg/detail/svo_status__type_support.h
[1.636s] -- Installing: /home/rob/project/csci5551-s26-team-pointbot/install/zed_msgs/include/zed_msgs/zed_msgs/msg/detail/keypoint2_di__type_support.c
[1.636s] -- Up-to-date: /home/rob/project/csci5551-s26-team-pointbot/install/zed_msgs/include/zed_msgs/zed_msgs/msg/detail/object__struct.h
[1.637s] -- Up-to-date: /home/rob/project/csci5551-s26-team-pointbot/install/zed_msgs/include/zed_msgs/zed_msgs/msg/detail/pos_track_status__functions.c
[1.637s] -- Installing: /home/rob/project/csci5551-s26-team-pointbot/install/zed_msgs/include/zed_msgs/zed_msgs/msg/detail/skeleton3_d__type_support.c
[1.637s] -- Up-to-date: /home/rob/project/csci5551-s26-team-pointbot/install/zed_msgs/include/zed_msgs/zed_msgs/msg/detail/bounding_box2_di__description.c
[1.637s] -- Up-to-date: /home/rob/project/csci5551-s26-team-pointbot/install/zed_msgs/include/zed_msgs/zed_msgs/msg/detail/object__description.c
[1.637s] -- Up-to-date: /home/rob/project/csci5551-s26-team-pointbot/install/zed_msgs/include/zed_msgs/zed_msgs/msg/detail/mag_heading_status__type_support.h
[1.637s] -- Installing: /home/rob/project/csci5551-s26-team-pointbot/install/zed_msgs/include/zed_msgs/zed_msgs/msg/detail/object__type_support.c
[1.637s] -- Installing: /home/rob/project/csci5551-s26-team-pointbot/install/zed_msgs/include/zed_msgs/zed_msgs/msg/detail/depth_info_stamped__type_support.c
[1.637s] -- Up-to-date: /home/rob/project/csci5551-s26-team-pointbot/install/zed_msgs/include/zed_msgs/zed_msgs/msg/detail/bounding_box2_df__type_support.h
[1.637s] -- Up-to-date: /home/rob/project/csci5551-s26-team-pointbot/install/zed_msgs/include/zed_msgs/zed_msgs/msg/detail/pos_track_status__type_support.h
[1.637s] -- Up-to-date: /home/rob/project/csci5551-s26-team-pointbot/install/zed_msgs/include/zed_msgs/zed_msgs/msg/detail/pos_track_status__description.c
[1.637s] -- Up-to-date: /home/rob/project/csci5551-s26-team-pointbot/install/zed_msgs/include/zed_msgs/zed_msgs/msg/detail/keypoint3_d__functions.h
[1.638s] -- Up-to-date: /home/rob/project/csci5551-s26-team-pointbot/install/zed_msgs/include/zed_msgs/zed_msgs/msg/detail/bounding_box2_df__struct.h
[1.638s] -- Up-to-date: /home/rob/project/csci5551-s26-team-pointbot/install/zed_msgs/include/zed_msgs/zed_msgs/msg/detail/objects_stamped__struct.h
[1.638s] -- Up-to-date: /home/rob/project/csci5551-s26-team-pointbot/install/zed_msgs/include/zed_msgs/zed_msgs/msg/detail/keypoint2_di__struct.h
[1.638s] -- Installing: /home/rob/project/csci5551-s26-team-pointbot/install/zed_msgs/include/zed_msgs/zed_msgs/msg/detail/pos_track_status__type_support.c
[1.638s] -- Up-to-date: /home/rob/project/csci5551-s26-team-pointbot/install/zed_msgs/include/zed_msgs/zed_msgs/msg/detail/bounding_box3_d__functions.h
[1.638s] -- Up-to-date: /home/rob/project/csci5551-s26-team-pointbot/install/zed_msgs/include/zed_msgs/zed_msgs/msg/detail/health_status_stamped__type_support.h
[1.638s] -- Installing: /home/rob/project/csci5551-s26-team-pointbot/install/zed_msgs/include/zed_msgs/zed_msgs/msg/detail/svo_status__type_support.c
[1.638s] -- Up-to-date: /home/rob/project/csci5551-s26-team-pointbot/install/zed_msgs/include/zed_msgs/zed_msgs/msg/detail/depth_info_stamped__functions.c
[1.639s] -- Up-to-date: /home/rob/project/csci5551-s26-team-pointbot/install/zed_msgs/include/zed_msgs/zed_msgs/msg/detail/gnss_fusion_status__struct.h
[1.639s] -- Up-to-date: /home/rob/project/csci5551-s26-team-pointbot/install/zed_msgs/include/zed_msgs/zed_msgs/msg/object.h
[1.639s] -- Up-to-date: /home/rob/project/csci5551-s26-team-pointbot/install/zed_msgs/include/zed_msgs/zed_msgs/msg/mag_heading_status.h
[1.639s] -- Up-to-date: /home/rob/project/csci5551-s26-team-pointbot/install/zed_msgs/include/zed_msgs/zed_msgs/msg/depth_info_stamped.h
[1.639s] -- Up-to-date: /home/rob/project/csci5551-s26-team-pointbot/install/zed_msgs/include/zed_msgs/zed_msgs/srv
[1.639s] -- Up-to-date: /home/rob/project/csci5551-s26-team-pointbot/install/zed_msgs/include/zed_msgs/zed_msgs/srv/set_svo_frame.h
[1.639s] -- Up-to-date: /home/rob/project/csci5551-s26-team-pointbot/install/zed_msgs/include/zed_msgs/zed_msgs/srv/save_area_memory.h
[1.639s] -- Up-to-date: /home/rob/project/csci5551-s26-team-pointbot/install/zed_msgs/include/zed_msgs/zed_msgs/srv/start_svo_rec.h
[1.639s] -- Up-to-date: /home/rob/project/csci5551-s26-team-pointbot/install/zed_msgs/include/zed_msgs/zed_msgs/srv/set_pose.h
[1.639s] -- Up-to-date: /home/rob/project/csci5551-s26-team-pointbot/install/zed_msgs/include/zed_msgs/zed_msgs/srv/set_roi.h
[1.639s] -- Up-to-date: /home/rob/project/csci5551-s26-team-pointbot/install/zed_msgs/include/zed_msgs/zed_msgs/srv/detail
[1.639s] -- Installing: /home/rob/project/csci5551-s26-team-pointbot/install/zed_msgs/include/zed_msgs/zed_msgs/srv/detail/start_svo_rec__type_support.c
[1.639s] -- Up-to-date: /home/rob/project/csci5551-s26-team-pointbot/install/zed_msgs/include/zed_msgs/zed_msgs/srv/detail/set_roi__struct.h
[1.640s] -- Up-to-date: /home/rob/project/csci5551-s26-team-pointbot/install/zed_msgs/include/zed_msgs/zed_msgs/srv/detail/save_area_memory__struct.h
[1.640s] -- Up-to-date: /home/rob/project/csci5551-s26-team-pointbot/install/zed_msgs/include/zed_msgs/zed_msgs/srv/detail/set_pose__functions.h
[1.640s] -- Up-to-date: /home/rob/project/csci5551-s26-team-pointbot/install/zed_msgs/include/zed_msgs/zed_msgs/srv/detail/set_pose__description.c
[1.640s] -- Installing: /home/rob/project/csci5551-s26-team-pointbot/install/zed_msgs/include/zed_msgs/zed_msgs/srv/detail/save_area_memory__type_support.c
[1.640s] -- Up-to-date: /home/rob/project/csci5551-s26-team-pointbot/install/zed_msgs/include/zed_msgs/zed_msgs/srv/detail/save_area_memory__type_support.h
[1.640s] -- Up-to-date: /home/rob/project/csci5551-s26-team-pointbot/install/zed_msgs/include/zed_msgs/zed_msgs/srv/detail/save_area_memory__functions.c
[1.640s] -- Up-to-date: /home/rob/project/csci5551-s26-team-pointbot/install/zed_msgs/include/zed_msgs/zed_msgs/srv/detail/set_roi__description.c
[1.640s] -- Up-to-date: /home/rob/project/csci5551-s26-team-pointbot/install/zed_msgs/include/zed_msgs/zed_msgs/srv/detail/set_svo_frame__functions.h
[1.640s] -- Up-to-date: /home/rob/project/csci5551-s26-team-pointbot/install/zed_msgs/include/zed_msgs/zed_msgs/srv/detail/start_svo_rec__functions.c
[1.640s] -- Up-to-date: /home/rob/project/csci5551-s26-team-pointbot/install/zed_msgs/include/zed_msgs/zed_msgs/srv/detail/set_pose__type_support.h
[1.640s] -- Up-to-date: /home/rob/project/csci5551-s26-team-pointbot/install/zed_msgs/include/zed_msgs/zed_msgs/srv/detail/save_area_memory__description.c
[1.640s] -- Up-to-date: /home/rob/project/csci5551-s26-team-pointbot/install/zed_msgs/include/zed_msgs/zed_msgs/srv/detail/start_svo_rec__description.c
[1.641s] -- Up-to-date: /home/rob/project/csci5551-s26-team-pointbot/install/zed_msgs/include/zed_msgs/zed_msgs/srv/detail/set_pose__struct.h
[1.641s] -- Up-to-date: /home/rob/project/csci5551-s26-team-pointbot/install/zed_msgs/include/zed_msgs/zed_msgs/srv/detail/set_roi__type_support.h
[1.641s] -- Up-to-date: /home/rob/project/csci5551-s26-team-pointbot/install/zed_msgs/include/zed_msgs/zed_msgs/srv/detail/set_roi__functions.h
[1.641s] -- Installing: /home/rob/project/csci5551-s26-team-pointbot/install/zed_msgs/include/zed_msgs/zed_msgs/srv/detail/set_svo_frame__type_support.c
[1.641s] -- Installing: /home/rob/project/csci5551-s26-team-pointbot/install/zed_msgs/include/zed_msgs/zed_msgs/srv/detail/set_roi__type_support.c
[1.641s] -- Up-to-date: /home/rob/project/csci5551-s26-team-pointbot/install/zed_msgs/include/zed_msgs/zed_msgs/srv/detail/set_svo_frame__struct.h
[1.641s] -- Up-to-date: /home/rob/project/csci5551-s26-team-pointbot/install/zed_msgs/include/zed_msgs/zed_msgs/srv/detail/set_svo_frame__type_support.h
[1.641s] -- Up-to-date: /home/rob/project/csci5551-s26-team-pointbot/install/zed_msgs/include/zed_msgs/zed_msgs/srv/detail/set_svo_frame__functions.c
[1.641s] -- Up-to-date: /home/rob/project/csci5551-s26-team-pointbot/install/zed_msgs/include/zed_msgs/zed_msgs/srv/detail/save_area_memory__functions.h
[1.641s] -- Up-to-date: /home/rob/project/csci5551-s26-team-pointbot/install/zed_msgs/include/zed_msgs/zed_msgs/srv/detail/start_svo_rec__struct.h
[1.641s] -- Up-to-date: /home/rob/project/csci5551-s26-team-pointbot/install/zed_msgs/include/zed_msgs/zed_msgs/srv/detail/set_roi__functions.c
[1.642s] -- Installing: /home/rob/project/csci5551-s26-team-pointbot/install/zed_msgs/include/zed_msgs/zed_msgs/srv/detail/set_pose__type_support.c
[1.644s] -- Up-to-date: /home/rob/project/csci5551-s26-team-pointbot/install/zed_msgs/include/zed_msgs/zed_msgs/srv/detail/set_svo_frame__description.c
[1.645s] -- Up-to-date: /home/rob/project/csci5551-s26-team-pointbot/install/zed_msgs/include/zed_msgs/zed_msgs/srv/detail/set_pose__functions.c
[1.645s] -- Up-to-date: /home/rob/project/csci5551-s26-team-pointbot/install/zed_msgs/include/zed_msgs/zed_msgs/srv/detail/start_svo_rec__type_support.h
[1.645s] -- Up-to-date: /home/rob/project/csci5551-s26-team-pointbot/install/zed_msgs/include/zed_msgs/zed_msgs/srv/detail/start_svo_rec__functions.h
[1.645s] -- Up-to-date: /home/rob/project/csci5551-s26-team-pointbot/install/zed_msgs/share/zed_msgs/environment/library_path.sh
[1.645s] -- Up-to-date: /home/rob/project/csci5551-s26-team-pointbot/install/zed_msgs/share/zed_msgs/environment/library_path.dsv
[1.645s] -- Up-to-date: /home/rob/project/csci5551-s26-team-pointbot/install/zed_msgs/lib/libzed_msgs__rosidl_generator_c.so
[1.645s] -- Up-to-date: /home/rob/project/csci5551-s26-team-pointbot/install/zed_msgs/include/zed_msgs/zed_msgs
[1.645s] -- Up-to-date: /home/rob/project/csci5551-s26-team-pointbot/install/zed_msgs/include/zed_msgs/zed_msgs/msg
[1.645s] -- Up-to-date: /home/rob/project/csci5551-s26-team-pointbot/install/zed_msgs/include/zed_msgs/zed_msgs/msg/rosidl_typesupport_fastrtps_c__visibility_control.h
[1.646s] -- Up-to-date: /home/rob/project/csci5551-s26-team-pointbot/install/zed_msgs/include/zed_msgs/zed_msgs/msg/detail
[1.646s] -- Up-to-date: /home/rob/project/csci5551-s26-team-pointbot/install/zed_msgs/include/zed_msgs/zed_msgs/msg/detail/keypoint2_di__rosidl_typesupport_fastrtps_c.h
[1.646s] -- Up-to-date: /home/rob/project/csci5551-s26-team-pointbot/install/zed_msgs/include/zed_msgs/zed_msgs/msg/detail/heartbeat__rosidl_typesupport_fastrtps_c.h
[1.646s] -- Up-to-date: /home/rob/project/csci5551-s26-team-pointbot/install/zed_msgs/include/zed_msgs/zed_msgs/msg/detail/plane_stamped__rosidl_typesupport_fastrtps_c.h
[1.646s] -- Up-to-date: /home/rob/project/csci5551-s26-team-pointbot/install/zed_msgs/include/zed_msgs/zed_msgs/msg/detail/skeleton3_d__rosidl_typesupport_fastrtps_c.h
[1.646s] -- Up-to-date: /home/rob/project/csci5551-s26-team-pointbot/install/zed_msgs/include/zed_msgs/zed_msgs/msg/detail/bounding_box2_df__rosidl_typesupport_fastrtps_c.h
[1.646s] -- Up-to-date: /home/rob/project/csci5551-s26-team-pointbot/install/zed_msgs/include/zed_msgs/zed_msgs/msg/detail/depth_info_stamped__rosidl_typesupport_fastrtps_c.h
[1.646s] -- Up-to-date: /home/rob/project/csci5551-s26-team-pointbot/install/zed_msgs/include/zed_msgs/zed_msgs/msg/detail/objects_stamped__rosidl_typesupport_fastrtps_c.h
[1.646s] -- Up-to-date: /home/rob/project/csci5551-s26-team-pointbot/install/zed_msgs/include/zed_msgs/zed_msgs/msg/detail/object__rosidl_typesupport_fastrtps_c.h
[1.646s] -- Up-to-date: /home/rob/project/csci5551-s26-team-pointbot/install/zed_msgs/include/zed_msgs/zed_msgs/msg/detail/bounding_box2_di__rosidl_typesupport_fastrtps_c.h
[1.646s] -- Up-to-date: /home/rob/project/csci5551-s26-team-pointbot/install/zed_msgs/include/zed_msgs/zed_msgs/msg/detail/mag_heading_status__rosidl_typesupport_fastrtps_c.h
[1.647s] -- Up-to-date: /home/rob/project/csci5551-s26-team-pointbot/install/zed_msgs/include/zed_msgs/zed_msgs/msg/detail/keypoint2_df__rosidl_typesupport_fastrtps_c.h
[1.647s] -- Up-to-date: /home/rob/project/csci5551-s26-team-pointbot/install/zed_msgs/include/zed_msgs/zed_msgs/msg/detail/gnss_fusion_status__rosidl_typesupport_fastrtps_c.h
[1.647s] -- Up-to-date: /home/rob/project/csci5551-s26-team-pointbot/install/zed_msgs/include/zed_msgs/zed_msgs/msg/detail/keypoint3_d__rosidl_typesupport_fastrtps_c.h
[1.647s] -- Up-to-date: /home/rob/project/csci5551-s26-team-pointbot/install/zed_msgs/include/zed_msgs/zed_msgs/msg/detail/health_status_stamped__rosidl_typesupport_fastrtps_c.h
[1.647s] -- Up-to-date: /home/rob/project/csci5551-s26-team-pointbot/install/zed_msgs/include/zed_msgs/zed_msgs/msg/detail/skeleton2_d__rosidl_typesupport_fastrtps_c.h
[1.647s] -- Up-to-date: /home/rob/project/csci5551-s26-team-pointbot/install/zed_msgs/include/zed_msgs/zed_msgs/msg/detail/pos_track_status__rosidl_typesupport_fastrtps_c.h
[1.647s] -- Up-to-date: /home/rob/project/csci5551-s26-team-pointbot/install/zed_msgs/include/zed_msgs/zed_msgs/msg/detail/svo_status__rosidl_typesupport_fastrtps_c.h
[1.647s] -- Up-to-date: /home/rob/project/csci5551-s26-team-pointbot/install/zed_msgs/include/zed_msgs/zed_msgs/msg/detail/bounding_box3_d__rosidl_typesupport_fastrtps_c.h
[1.647s] -- Up-to-date: /home/rob/project/csci5551-s26-team-pointbot/install/zed_msgs/include/zed_msgs/zed_msgs/srv
[1.647s] -- Up-to-date: /home/rob/project/csci5551-s26-team-pointbot/install/zed_msgs/include/zed_msgs/zed_msgs/srv/detail
[1.647s] -- Up-to-date: /home/rob/project/csci5551-s26-team-pointbot/install/zed_msgs/include/zed_msgs/zed_msgs/srv/detail/set_pose__rosidl_typesupport_fastrtps_c.h
[1.648s] -- Up-to-date: /home/rob/project/csci5551-s26-team-pointbot/install/zed_msgs/include/zed_msgs/zed_msgs/srv/detail/start_svo_rec__rosidl_typesupport_fastrtps_c.h
[1.648s] -- Up-to-date: /home/rob/project/csci5551-s26-team-pointbot/install/zed_msgs/include/zed_msgs/zed_msgs/srv/detail/set_roi__rosidl_typesupport_fastrtps_c.h
[1.648s] -- Up-to-date: /home/rob/project/csci5551-s26-team-pointbot/install/zed_msgs/include/zed_msgs/zed_msgs/srv/detail/save_area_memory__rosidl_typesupport_fastrtps_c.h
[1.648s] -- Up-to-date: /home/rob/project/csci5551-s26-team-pointbot/install/zed_msgs/include/zed_msgs/zed_msgs/srv/detail/set_svo_frame__rosidl_typesupport_fastrtps_c.h
[1.648s] -- Up-to-date: /home/rob/project/csci5551-s26-team-pointbot/install/zed_msgs/lib/libzed_msgs__rosidl_typesupport_fastrtps_c.so
[1.648s] -- Up-to-date: /home/rob/project/csci5551-s26-team-pointbot/install/zed_msgs/include/zed_msgs/zed_msgs
[1.648s] -- Up-to-date: /home/rob/project/csci5551-s26-team-pointbot/install/zed_msgs/include/zed_msgs/zed_msgs/msg
[1.648s] -- Up-to-date: /home/rob/project/csci5551-s26-team-pointbot/install/zed_msgs/include/zed_msgs/zed_msgs/msg/bounding_box2_df.hpp
[1.648s] -- Up-to-date: /home/rob/project/csci5551-s26-team-pointbot/install/zed_msgs/include/zed_msgs/zed_msgs/msg/health_status_stamped.hpp
[1.648s] -- Up-to-date: /home/rob/project/csci5551-s26-team-pointbot/install/zed_msgs/include/zed_msgs/zed_msgs/msg/bounding_box3_d.hpp
[1.648s] -- Up-to-date: /home/rob/project/csci5551-s26-team-pointbot/install/zed_msgs/include/zed_msgs/zed_msgs/msg/gnss_fusion_status.hpp
[1.649s] -- Up-to-date: /home/rob/project/csci5551-s26-team-pointbot/install/zed_msgs/include/zed_msgs/zed_msgs/msg/skeleton3_d.hpp
[1.649s] -- Up-to-date: /home/rob/project/csci5551-s26-team-pointbot/install/zed_msgs/include/zed_msgs/zed_msgs/msg/keypoint2_df.hpp
[1.649s] -- Up-to-date: /home/rob/project/csci5551-s26-team-pointbot/install/zed_msgs/include/zed_msgs/zed_msgs/msg/heartbeat.hpp
[1.649s] -- Up-to-date: /home/rob/project/csci5551-s26-team-pointbot/install/zed_msgs/include/zed_msgs/zed_msgs/msg/plane_stamped.hpp
[1.649s] -- Up-to-date: /home/rob/project/csci5551-s26-team-pointbot/install/zed_msgs/include/zed_msgs/zed_msgs/msg/objects_stamped.hpp
[1.649s] -- Up-to-date: /home/rob/project/csci5551-s26-team-pointbot/install/zed_msgs/include/zed_msgs/zed_msgs/msg/depth_info_stamped.hpp
[1.649s] -- Up-to-date: /home/rob/project/csci5551-s26-team-pointbot/install/zed_msgs/include/zed_msgs/zed_msgs/msg/pos_track_status.hpp
[1.649s] -- Up-to-date: /home/rob/project/csci5551-s26-team-pointbot/install/zed_msgs/include/zed_msgs/zed_msgs/msg/bounding_box2_di.hpp
[1.649s] -- Up-to-date: /home/rob/project/csci5551-s26-team-pointbot/install/zed_msgs/include/zed_msgs/zed_msgs/msg/svo_status.hpp
[1.649s] -- Up-to-date: /home/rob/project/csci5551-s26-team-pointbot/install/zed_msgs/include/zed_msgs/zed_msgs/msg/rosidl_generator_cpp__visibility_control.hpp
[1.649s] -- Up-to-date: /home/rob/project/csci5551-s26-team-pointbot/install/zed_msgs/include/zed_msgs/zed_msgs/msg/keypoint3_d.hpp
[1.649s] -- Up-to-date: /home/rob/project/csci5551-s26-team-pointbot/install/zed_msgs/include/zed_msgs/zed_msgs/msg/object.hpp
[1.650s] -- Up-to-date: /home/rob/project/csci5551-s26-team-pointbot/install/zed_msgs/include/zed_msgs/zed_msgs/msg/detail
[1.650s] -- Up-to-date: /home/rob/project/csci5551-s26-team-pointbot/install/zed_msgs/include/zed_msgs/zed_msgs/msg/detail/gnss_fusion_status__traits.hpp
[1.650s] -- Up-to-date: /home/rob/project/csci5551-s26-team-pointbot/install/zed_msgs/include/zed_msgs/zed_msgs/msg/detail/svo_status__builder.hpp
[1.650s] -- Up-to-date: /home/rob/project/csci5551-s26-team-pointbot/install/zed_msgs/include/zed_msgs/zed_msgs/msg/detail/keypoint2_df__builder.hpp
[1.650s] -- Up-to-date: /home/rob/project/csci5551-s26-team-pointbot/install/zed_msgs/include/zed_msgs/zed_msgs/msg/detail/svo_status__struct.hpp
[1.650s] -- Up-to-date: /home/rob/project/csci5551-s26-team-pointbot/install/zed_msgs/include/zed_msgs/zed_msgs/msg/detail/pos_track_status__type_support.hpp
[1.650s] -- Up-to-date: /home/rob/project/csci5551-s26-team-pointbot/install/zed_msgs/include/zed_msgs/zed_msgs/msg/detail/skeleton2_d__builder.hpp
[1.650s] -- Up-to-date: /home/rob/project/csci5551-s26-team-pointbot/install/zed_msgs/include/zed_msgs/zed_msgs/msg/detail/bounding_box2_di__type_support.hpp
[1.650s] -- Up-to-date: /home/rob/project/csci5551-s26-team-pointbot/install/zed_msgs/include/zed_msgs/zed_msgs/msg/detail/keypoint3_d__type_support.hpp
[1.650s] -- Up-to-date: /home/rob/project/csci5551-s26-team-pointbot/install/zed_msgs/include/zed_msgs/zed_msgs/msg/detail/object__type_support.hpp
[1.650s] -- Up-to-date: /home/rob/project/csci5551-s26-team-pointbot/install/zed_msgs/include/zed_msgs/zed_msgs/msg/detail/gnss_fusion_status__struct.hpp
[1.651s] -- Up-to-date: /home/rob/project/csci5551-s26-team-pointbot/install/zed_msgs/include/zed_msgs/zed_msgs/msg/detail/bounding_box2_df__struct.hpp
[1.651s] -- Up-to-date: /home/rob/project/csci5551-s26-team-pointbot/install/zed_msgs/include/zed_msgs/zed_msgs/msg/detail/keypoint3_d__traits.hpp
[1.651s] -- Up-to-date: /home/rob/project/csci5551-s26-team-pointbot/install/zed_msgs/include/zed_msgs/zed_msgs/msg/detail/skeleton3_d__struct.hpp
[1.651s] -- Up-to-date: /home/rob/project/csci5551-s26-team-pointbot/install/zed_msgs/include/zed_msgs/zed_msgs/msg/detail/plane_stamped__struct.hpp
[1.651s] -- Up-to-date: /home/rob/project/csci5551-s26-team-pointbot/install/zed_msgs/include/zed_msgs/zed_msgs/msg/detail/mag_heading_status__struct.hpp
[1.651s] -- Up-to-date: /home/rob/project/csci5551-s26-team-pointbot/install/zed_msgs/include/zed_msgs/zed_msgs/msg/detail/plane_stamped__traits.hpp
[1.651s] -- Up-to-date: /home/rob/project/csci5551-s26-team-pointbot/install/zed_msgs/include/zed_msgs/zed_msgs/msg/detail/pos_track_status__struct.hpp
[1.651s] -- Up-to-date: /home/rob/project/csci5551-s26-team-pointbot/install/zed_msgs/include/zed_msgs/zed_msgs/msg/detail/keypoint3_d__builder.hpp
[1.651s] -- Up-to-date: /home/rob/project/csci5551-s26-team-pointbot/install/zed_msgs/include/zed_msgs/zed_msgs/msg/detail/bounding_box3_d__builder.hpp
[1.651s] -- Up-to-date: /home/rob/project/csci5551-s26-team-pointbot/install/zed_msgs/include/zed_msgs/zed_msgs/msg/detail/plane_stamped__type_support.hpp
[1.651s] -- Up-to-date: /home/rob/project/csci5551-s26-team-pointbot/install/zed_msgs/include/zed_msgs/zed_msgs/msg/detail/depth_info_stamped__type_support.hpp
[1.652s] -- Up-to-date: /home/rob/project/csci5551-s26-team-pointbot/install/zed_msgs/include/zed_msgs/zed_msgs/msg/detail/depth_info_stamped__traits.hpp
[1.652s] -- Up-to-date: /home/rob/project/csci5551-s26-team-pointbot/install/zed_msgs/include/zed_msgs/zed_msgs/msg/detail/mag_heading_status__builder.hpp
[1.652s] -- Up-to-date: /home/rob/project/csci5551-s26-team-pointbot/install/zed_msgs/include/zed_msgs/zed_msgs/msg/detail/bounding_box3_d__traits.hpp
[1.652s] -- Up-to-date: /home/rob/project/csci5551-s26-team-pointbot/install/zed_msgs/include/zed_msgs/zed_msgs/msg/detail/keypoint2_di__builder.hpp
[1.652s] -- Up-to-date: /home/rob/project/csci5551-s26-team-pointbot/install/zed_msgs/include/zed_msgs/zed_msgs/msg/detail/object__builder.hpp
[1.652s] -- Up-to-date: /home/rob/project/csci5551-s26-team-pointbot/install/zed_msgs/include/zed_msgs/zed_msgs/msg/detail/bounding_box2_df__traits.hpp
[1.652s] -- Up-to-date: /home/rob/project/csci5551-s26-team-pointbot/install/zed_msgs/include/zed_msgs/zed_msgs/msg/detail/mag_heading_status__type_support.hpp
[1.652s] -- Up-to-date: /home/rob/project/csci5551-s26-team-pointbot/install/zed_msgs/include/zed_msgs/zed_msgs/msg/detail/bounding_box3_d__struct.hpp
[1.652s] -- Up-to-date: /home/rob/project/csci5551-s26-team-pointbot/install/zed_msgs/include/zed_msgs/zed_msgs/msg/detail/objects_stamped__traits.hpp
[1.652s] -- Up-to-date: /home/rob/project/csci5551-s26-team-pointbot/install/zed_msgs/include/zed_msgs/zed_msgs/msg/detail/bounding_box2_df__builder.hpp
[1.652s] -- Up-to-date: /home/rob/project/csci5551-s26-team-pointbot/install/zed_msgs/include/zed_msgs/zed_msgs/msg/detail/keypoint2_df__type_support.hpp
[1.652s] -- Up-to-date: /home/rob/project/csci5551-s26-team-pointbot/install/zed_msgs/include/zed_msgs/zed_msgs/msg/detail/heartbeat__traits.hpp
[1.653s] -- Up-to-date: /home/rob/project/csci5551-s26-team-pointbot/install/zed_msgs/include/zed_msgs/zed_msgs/msg/detail/bounding_box2_df__type_support.hpp
[1.653s] -- Up-to-date: /home/rob/project/csci5551-s26-team-pointbot/install/zed_msgs/include/zed_msgs/zed_msgs/msg/detail/skeleton2_d__traits.hpp
[1.653s] -- Up-to-date: /home/rob/project/csci5551-s26-team-pointbot/install/zed_msgs/include/zed_msgs/zed_msgs/msg/detail/object__struct.hpp
[1.653s] -- Up-to-date: /home/rob/project/csci5551-s26-team-pointbot/install/zed_msgs/include/zed_msgs/zed_msgs/msg/detail/keypoint3_d__struct.hpp
[1.653s] -- Up-to-date: /home/rob/project/csci5551-s26-team-pointbot/install/zed_msgs/include/zed_msgs/zed_msgs/msg/detail/object__traits.hpp
[1.653s] -- Up-to-date: /home/rob/project/csci5551-s26-team-pointbot/install/zed_msgs/include/zed_msgs/zed_msgs/msg/detail/skeleton3_d__type_support.hpp
[1.653s] -- Up-to-date: /home/rob/project/csci5551-s26-team-pointbot/install/zed_msgs/include/zed_msgs/zed_msgs/msg/detail/bounding_box2_di__builder.hpp
[1.653s] -- Up-to-date: /home/rob/project/csci5551-s26-team-pointbot/install/zed_msgs/include/zed_msgs/zed_msgs/msg/detail/heartbeat__builder.hpp
[1.653s] -- Up-to-date: /home/rob/project/csci5551-s26-team-pointbot/install/zed_msgs/include/zed_msgs/zed_msgs/msg/detail/bounding_box2_di__traits.hpp
[1.653s] -- Up-to-date: /home/rob/project/csci5551-s26-team-pointbot/install/zed_msgs/include/zed_msgs/zed_msgs/msg/detail/skeleton2_d__struct.hpp
[1.653s] -- Up-to-date: /home/rob/project/csci5551-s26-team-pointbot/install/zed_msgs/include/zed_msgs/zed_msgs/msg/detail/pos_track_status__builder.hpp
[1.654s] -- Up-to-date: /home/rob/project/csci5551-s26-team-pointbot/install/zed_msgs/include/zed_msgs/zed_msgs/msg/detail/svo_status__traits.hpp
[1.654s] -- Up-to-date: /home/rob/project/csci5551-s26-team-pointbot/install/zed_msgs/include/zed_msgs/zed_msgs/msg/detail/gnss_fusion_status__builder.hpp
[1.654s] -- Up-to-date: /home/rob/project/csci5551-s26-team-pointbot/install/zed_msgs/include/zed_msgs/zed_msgs/msg/detail/bounding_box2_di__struct.hpp
[1.654s] -- Up-to-date: /home/rob/project/csci5551-s26-team-pointbot/install/zed_msgs/include/zed_msgs/zed_msgs/msg/detail/health_status_stamped__struct.hpp
[1.654s] -- Up-to-date: /home/rob/project/csci5551-s26-team-pointbot/install/zed_msgs/include/zed_msgs/zed_msgs/msg/detail/keypoint2_df__traits.hpp
[1.654s] -- Up-to-date: /home/rob/project/csci5551-s26-team-pointbot/install/zed_msgs/include/zed_msgs/zed_msgs/msg/detail/depth_info_stamped__builder.hpp
[1.654s] -- Up-to-date: /home/rob/project/csci5551-s26-team-pointbot/install/zed_msgs/include/zed_msgs/zed_msgs/msg/detail/skeleton3_d__builder.hpp
[1.654s] -- Up-to-date: /home/rob/project/csci5551-s26-team-pointbot/install/zed_msgs/include/zed_msgs/zed_msgs/msg/detail/svo_status__type_support.hpp
[1.654s] -- Up-to-date: /home/rob/project/csci5551-s26-team-pointbot/install/zed_msgs/include/zed_msgs/zed_msgs/msg/detail/keypoint2_di__type_support.hpp
[1.654s] -- Up-to-date: /home/rob/project/csci5551-s26-team-pointbot/install/zed_msgs/include/zed_msgs/zed_msgs/msg/detail/pos_track_status__traits.hpp
[1.654s] -- Up-to-date: /home/rob/project/csci5551-s26-team-pointbot/install/zed_msgs/include/zed_msgs/zed_msgs/msg/detail/health_status_stamped__type_support.hpp
[1.654s] -- Up-to-date: /home/rob/project/csci5551-s26-team-pointbot/install/zed_msgs/include/zed_msgs/zed_msgs/msg/detail/health_status_stamped__builder.hpp
[1.655s] -- Up-to-date: /home/rob/project/csci5551-s26-team-pointbot/install/zed_msgs/include/zed_msgs/zed_msgs/msg/detail/keypoint2_di__struct.hpp
[1.655s] -- Up-to-date: /home/rob/project/csci5551-s26-team-pointbot/install/zed_msgs/include/zed_msgs/zed_msgs/msg/detail/bounding_box3_d__type_support.hpp
[1.655s] -- Up-to-date: /home/rob/project/csci5551-s26-team-pointbot/install/zed_msgs/include/zed_msgs/zed_msgs/msg/detail/heartbeat__struct.hpp
[1.655s] -- Up-to-date: /home/rob/project/csci5551-s26-team-pointbot/install/zed_msgs/include/zed_msgs/zed_msgs/msg/detail/heartbeat__type_support.hpp
[1.655s] -- Up-to-date: /home/rob/project/csci5551-s26-team-pointbot/install/zed_msgs/include/zed_msgs/zed_msgs/msg/detail/objects_stamped__type_support.hpp
[1.655s] -- Up-to-date: /home/rob/project/csci5551-s26-team-pointbot/install/zed_msgs/include/zed_msgs/zed_msgs/msg/detail/plane_stamped__builder.hpp
[1.655s] -- Up-to-date: /home/rob/project/csci5551-s26-team-pointbot/install/zed_msgs/include/zed_msgs/zed_msgs/msg/detail/keypoint2_df__struct.hpp
[1.655s] -- Up-to-date: /home/rob/project/csci5551-s26-team-pointbot/install/zed_msgs/include/zed_msgs/zed_msgs/msg/detail/gnss_fusion_status__type_support.hpp
[1.655s] -- Up-to-date: /home/rob/project/csci5551-s26-team-pointbot/install/zed_msgs/include/zed_msgs/zed_msgs/msg/detail/skeleton3_d__traits.hpp
[1.655s] -- Up-to-date: /home/rob/project/csci5551-s26-team-pointbot/install/zed_msgs/include/zed_msgs/zed_msgs/msg/detail/skeleton2_d__type_support.hpp
[1.655s] -- Up-to-date: /home/rob/project/csci5551-s26-team-pointbot/install/zed_msgs/include/zed_msgs/zed_msgs/msg/detail/health_status_stamped__traits.hpp
[1.655s] -- Up-to-date: /home/rob/project/csci5551-s26-team-pointbot/install/zed_msgs/include/zed_msgs/zed_msgs/msg/detail/keypoint2_di__traits.hpp
[1.656s] -- Up-to-date: /home/rob/project/csci5551-s26-team-pointbot/install/zed_msgs/include/zed_msgs/zed_msgs/msg/detail/mag_heading_status__traits.hpp
[1.656s] -- Up-to-date: /home/rob/project/csci5551-s26-team-pointbot/install/zed_msgs/include/zed_msgs/zed_msgs/msg/detail/objects_stamped__builder.hpp
[1.656s] -- Up-to-date: /home/rob/project/csci5551-s26-team-pointbot/install/zed_msgs/include/zed_msgs/zed_msgs/msg/detail/objects_stamped__struct.hpp
[1.656s] -- Up-to-date: /home/rob/project/csci5551-s26-team-pointbot/install/zed_msgs/include/zed_msgs/zed_msgs/msg/detail/depth_info_stamped__struct.hpp
[1.656s] -- Up-to-date: /home/rob/project/csci5551-s26-team-pointbot/install/zed_msgs/include/zed_msgs/zed_msgs/msg/skeleton2_d.hpp
[1.656s] -- Up-to-date: /home/rob/project/csci5551-s26-team-pointbot/install/zed_msgs/include/zed_msgs/zed_msgs/msg/mag_heading_status.hpp
[1.656s] -- Up-to-date: /home/rob/project/csci5551-s26-team-pointbot/install/zed_msgs/include/zed_msgs/zed_msgs/msg/keypoint2_di.hpp
[1.656s] -- Up-to-date: /home/rob/project/csci5551-s26-team-pointbot/install/zed_msgs/include/zed_msgs/zed_msgs/srv
[1.656s] -- Up-to-date: /home/rob/project/csci5551-s26-team-pointbot/install/zed_msgs/include/zed_msgs/zed_msgs/srv/set_pose.hpp
[1.656s] -- Up-to-date: /home/rob/project/csci5551-s26-team-pointbot/install/zed_msgs/include/zed_msgs/zed_msgs/srv/detail
[1.656s] -- Up-to-date: /home/rob/project/csci5551-s26-team-pointbot/install/zed_msgs/include/zed_msgs/zed_msgs/srv/detail/save_area_memory__type_support.hpp
[1.657s] -- Up-to-date: /home/rob/project/csci5551-s26-team-pointbot/install/zed_msgs/include/zed_msgs/zed_msgs/srv/detail/start_svo_rec__traits.hpp
[1.657s] -- Up-to-date: /home/rob/project/csci5551-s26-team-pointbot/install/zed_msgs/include/zed_msgs/zed_msgs/srv/detail/set_svo_frame__builder.hpp
[1.657s] -- Up-to-date: /home/rob/project/csci5551-s26-team-pointbot/install/zed_msgs/include/zed_msgs/zed_msgs/srv/detail/set_pose__struct.hpp
[1.657s] -- Up-to-date: /home/rob/project/csci5551-s26-team-pointbot/install/zed_msgs/include/zed_msgs/zed_msgs/srv/detail/save_area_memory__traits.hpp
[1.657s] -- Up-to-date: /home/rob/project/csci5551-s26-team-pointbot/install/zed_msgs/include/zed_msgs/zed_msgs/srv/detail/save_area_memory__builder.hpp
[1.657s] -- Up-to-date: /home/rob/project/csci5551-s26-team-pointbot/install/zed_msgs/include/zed_msgs/zed_msgs/srv/detail/set_roi__struct.hpp
[1.657s] -- Up-to-date: /home/rob/project/csci5551-s26-team-pointbot/install/zed_msgs/include/zed_msgs/zed_msgs/srv/detail/save_area_memory__struct.hpp
[1.657s] -- Up-to-date: /home/rob/project/csci5551-s26-team-pointbot/install/zed_msgs/include/zed_msgs/zed_msgs/srv/detail/set_roi__builder.hpp
[1.657s] -- Up-to-date: /home/rob/project/csci5551-s26-team-pointbot/install/zed_msgs/include/zed_msgs/zed_msgs/srv/detail/set_svo_frame__struct.hpp
[1.657s] -- Up-to-date: /home/rob/project/csci5551-s26-team-pointbot/install/zed_msgs/include/zed_msgs/zed_msgs/srv/detail/set_pose__builder.hpp
[1.657s] -- Up-to-date: /home/rob/project/csci5551-s26-team-pointbot/install/zed_msgs/include/zed_msgs/zed_msgs/srv/detail/set_pose__type_support.hpp
[1.658s] -- Up-to-date: /home/rob/project/csci5551-s26-team-pointbot/install/zed_msgs/include/zed_msgs/zed_msgs/srv/detail/start_svo_rec__struct.hpp
[1.658s] -- Up-to-date: /home/rob/project/csci5551-s26-team-pointbot/install/zed_msgs/include/zed_msgs/zed_msgs/srv/detail/set_pose__traits.hpp
[1.658s] -- Up-to-date: /home/rob/project/csci5551-s26-team-pointbot/install/zed_msgs/include/zed_msgs/zed_msgs/srv/detail/start_svo_rec__type_support.hpp
[1.658s] -- Up-to-date: /home/rob/project/csci5551-s26-team-pointbot/install/zed_msgs/include/zed_msgs/zed_msgs/srv/detail/set_roi__traits.hpp
[1.658s] -- Up-to-date: /home/rob/project/csci5551-s26-team-pointbot/install/zed_msgs/include/zed_msgs/zed_msgs/srv/detail/set_roi__type_support.hpp
[1.658s] -- Up-to-date: /home/rob/project/csci5551-s26-team-pointbot/install/zed_msgs/include/zed_msgs/zed_msgs/srv/detail/set_svo_frame__traits.hpp
[1.658s] -- Up-to-date: /home/rob/project/csci5551-s26-team-pointbot/install/zed_msgs/include/zed_msgs/zed_msgs/srv/detail/set_svo_frame__type_support.hpp
[1.658s] -- Up-to-date: /home/rob/project/csci5551-s26-team-pointbot/install/zed_msgs/include/zed_msgs/zed_msgs/srv/detail/start_svo_rec__builder.hpp
[1.658s] -- Up-to-date: /home/rob/project/csci5551-s26-team-pointbot/install/zed_msgs/include/zed_msgs/zed_msgs/srv/set_roi.hpp
[1.658s] -- Up-to-date: /home/rob/project/csci5551-s26-team-pointbot/install/zed_msgs/include/zed_msgs/zed_msgs/srv/set_svo_frame.hpp
[1.658s] -- Up-to-date: /home/rob/project/csci5551-s26-team-pointbot/install/zed_msgs/include/zed_msgs/zed_msgs/srv/save_area_memory.hpp
[1.659s] -- Up-to-date: /home/rob/project/csci5551-s26-team-pointbot/install/zed_msgs/include/zed_msgs/zed_msgs/srv/start_svo_rec.hpp
[1.659s] -- Up-to-date: /home/rob/project/csci5551-s26-team-pointbot/install/zed_msgs/include/zed_msgs/zed_msgs
[1.659s] -- Up-to-date: /home/rob/project/csci5551-s26-team-pointbot/install/zed_msgs/include/zed_msgs/zed_msgs/msg
[1.659s] -- Up-to-date: /home/rob/project/csci5551-s26-team-pointbot/install/zed_msgs/include/zed_msgs/zed_msgs/msg/rosidl_typesupport_fastrtps_cpp__visibility_control.h
[1.659s] -- Up-to-date: /home/rob/project/csci5551-s26-team-pointbot/install/zed_msgs/include/zed_msgs/zed_msgs/msg/detail
[1.659s] -- Up-to-date: /home/rob/project/csci5551-s26-team-pointbot/install/zed_msgs/include/zed_msgs/zed_msgs/msg/detail/gnss_fusion_status__rosidl_typesupport_fastrtps_cpp.hpp
[1.659s] -- Up-to-date: /home/rob/project/csci5551-s26-team-pointbot/install/zed_msgs/include/zed_msgs/zed_msgs/msg/detail/keypoint3_d__rosidl_typesupport_fastrtps_cpp.hpp
[1.659s] -- Up-to-date: /home/rob/project/csci5551-s26-team-pointbot/install/zed_msgs/include/zed_msgs/zed_msgs/msg/detail/dds_fastrtps
[1.659s] -- Up-to-date: /home/rob/project/csci5551-s26-team-pointbot/install/zed_msgs/include/zed_msgs/zed_msgs/msg/detail/heartbeat__rosidl_typesupport_fastrtps_cpp.hpp
[1.659s] -- Up-to-date: /home/rob/project/csci5551-s26-team-pointbot/install/zed_msgs/include/zed_msgs/zed_msgs/msg/detail/skeleton3_d__rosidl_typesupport_fastrtps_cpp.hpp
[1.659s] -- Up-to-date: /home/rob/project/csci5551-s26-team-pointbot/install/zed_msgs/include/zed_msgs/zed_msgs/msg/detail/pos_track_status__rosidl_typesupport_fastrtps_cpp.hpp
[1.660s] -- Up-to-date: /home/rob/project/csci5551-s26-team-pointbot/install/zed_msgs/include/zed_msgs/zed_msgs/msg/detail/bounding_box2_df__rosidl_typesupport_fastrtps_cpp.hpp
[1.660s] -- Up-to-date: /home/rob/project/csci5551-s26-team-pointbot/install/zed_msgs/include/zed_msgs/zed_msgs/msg/detail/plane_stamped__rosidl_typesupport_fastrtps_cpp.hpp
[1.660s] -- Up-to-date: /home/rob/project/csci5551-s26-team-pointbot/install/zed_msgs/include/zed_msgs/zed_msgs/msg/detail/mag_heading_status__rosidl_typesupport_fastrtps_cpp.hpp
[1.660s] -- Up-to-date: /home/rob/project/csci5551-s26-team-pointbot/install/zed_msgs/include/zed_msgs/zed_msgs/msg/detail/bounding_box2_di__rosidl_typesupport_fastrtps_cpp.hpp
[1.660s] -- Up-to-date: /home/rob/project/csci5551-s26-team-pointbot/install/zed_msgs/include/zed_msgs/zed_msgs/msg/detail/bounding_box3_d__rosidl_typesupport_fastrtps_cpp.hpp
[1.660s] -- Up-to-date: /home/rob/project/csci5551-s26-team-pointbot/install/zed_msgs/include/zed_msgs/zed_msgs/msg/detail/keypoint2_df__rosidl_typesupport_fastrtps_cpp.hpp
[1.660s] -- Up-to-date: /home/rob/project/csci5551-s26-team-pointbot/install/zed_msgs/include/zed_msgs/zed_msgs/msg/detail/depth_info_stamped__rosidl_typesupport_fastrtps_cpp.hpp
[1.660s] -- Up-to-date: /home/rob/project/csci5551-s26-team-pointbot/install/zed_msgs/include/zed_msgs/zed_msgs/msg/detail/objects_stamped__rosidl_typesupport_fastrtps_cpp.hpp
[1.660s] -- Up-to-date: /home/rob/project/csci5551-s26-team-pointbot/install/zed_msgs/include/zed_msgs/zed_msgs/msg/detail/skeleton2_d__rosidl_typesupport_fastrtps_cpp.hpp
[1.660s] -- Up-to-date: /home/rob/project/csci5551-s26-team-pointbot/install/zed_msgs/include/zed_msgs/zed_msgs/msg/detail/svo_status__rosidl_typesupport_fastrtps_cpp.hpp
[1.660s] -- Up-to-date: /home/rob/project/csci5551-s26-team-pointbot/install/zed_msgs/include/zed_msgs/zed_msgs/msg/detail/object__rosidl_typesupport_fastrtps_cpp.hpp
[1.661s] -- Up-to-date: /home/rob/project/csci5551-s26-team-pointbot/install/zed_msgs/include/zed_msgs/zed_msgs/msg/detail/health_status_stamped__rosidl_typesupport_fastrtps_cpp.hpp
[1.661s] -- Up-to-date: /home/rob/project/csci5551-s26-team-pointbot/install/zed_msgs/include/zed_msgs/zed_msgs/msg/detail/keypoint2_di__rosidl_typesupport_fastrtps_cpp.hpp
[1.661s] -- Up-to-date: /home/rob/project/csci5551-s26-team-pointbot/install/zed_msgs/include/zed_msgs/zed_msgs/srv
[1.661s] -- Up-to-date: /home/rob/project/csci5551-s26-team-pointbot/install/zed_msgs/include/zed_msgs/zed_msgs/srv/detail
[1.661s] -- Up-to-date: /home/rob/project/csci5551-s26-team-pointbot/install/zed_msgs/include/zed_msgs/zed_msgs/srv/detail/save_area_memory__rosidl_typesupport_fastrtps_cpp.hpp
[1.661s] -- Up-to-date: /home/rob/project/csci5551-s26-team-pointbot/install/zed_msgs/include/zed_msgs/zed_msgs/srv/detail/dds_fastrtps
[1.661s] -- Up-to-date: /home/rob/project/csci5551-s26-team-pointbot/install/zed_msgs/include/zed_msgs/zed_msgs/srv/detail/set_pose__rosidl_typesupport_fastrtps_cpp.hpp
[1.661s] -- Up-to-date: /home/rob/project/csci5551-s26-team-pointbot/install/zed_msgs/include/zed_msgs/zed_msgs/srv/detail/start_svo_rec__rosidl_typesupport_fastrtps_cpp.hpp
[1.661s] -- Up-to-date: /home/rob/project/csci5551-s26-team-pointbot/install/zed_msgs/include/zed_msgs/zed_msgs/srv/detail/set_roi__rosidl_typesupport_fastrtps_cpp.hpp
[1.661s] -- Up-to-date: /home/rob/project/csci5551-s26-team-pointbot/install/zed_msgs/include/zed_msgs/zed_msgs/srv/detail/set_svo_frame__rosidl_typesupport_fastrtps_cpp.hpp
[1.661s] -- Up-to-date: /home/rob/project/csci5551-s26-team-pointbot/install/zed_msgs/lib/libzed_msgs__rosidl_typesupport_fastrtps_cpp.so
[1.662s] -- Up-to-date: /home/rob/project/csci5551-s26-team-pointbot/install/zed_msgs/include/zed_msgs/zed_msgs
[1.662s] -- Up-to-date: /home/rob/project/csci5551-s26-team-pointbot/install/zed_msgs/include/zed_msgs/zed_msgs/msg
[1.662s] -- Up-to-date: /home/rob/project/csci5551-s26-team-pointbot/install/zed_msgs/include/zed_msgs/zed_msgs/msg/rosidl_typesupport_introspection_c__visibility_control.h
[1.662s] -- Up-to-date: /home/rob/project/csci5551-s26-team-pointbot/install/zed_msgs/include/zed_msgs/zed_msgs/msg/detail
[1.662s] -- Up-to-date: /home/rob/project/csci5551-s26-team-pointbot/install/zed_msgs/include/zed_msgs/zed_msgs/msg/detail/gnss_fusion_status__rosidl_typesupport_introspection_c.h
[1.662s] -- Up-to-date: /home/rob/project/csci5551-s26-team-pointbot/install/zed_msgs/include/zed_msgs/zed_msgs/msg/detail/keypoint2_df__rosidl_typesupport_introspection_c.h
[1.662s] -- Up-to-date: /home/rob/project/csci5551-s26-team-pointbot/install/zed_msgs/include/zed_msgs/zed_msgs/msg/detail/skeleton3_d__rosidl_typesupport_introspection_c.h
[1.662s] -- Up-to-date: /home/rob/project/csci5551-s26-team-pointbot/install/zed_msgs/include/zed_msgs/zed_msgs/msg/detail/objects_stamped__rosidl_typesupport_introspection_c.h
[1.662s] -- Up-to-date: /home/rob/project/csci5551-s26-team-pointbot/install/zed_msgs/include/zed_msgs/zed_msgs/msg/detail/depth_info_stamped__rosidl_typesupport_introspection_c.h
[1.662s] -- Installing: /home/rob/project/csci5551-s26-team-pointbot/install/zed_msgs/include/zed_msgs/zed_msgs/msg/detail/mag_heading_status__type_support.c
[1.662s] -- Up-to-date: /home/rob/project/csci5551-s26-team-pointbot/install/zed_msgs/include/zed_msgs/zed_msgs/msg/detail/object__rosidl_typesupport_introspection_c.h
[1.663s] -- Up-to-date: /home/rob/project/csci5551-s26-team-pointbot/install/zed_msgs/include/zed_msgs/zed_msgs/msg/detail/skeleton2_d__rosidl_typesupport_introspection_c.h
[1.663s] -- Installing: /home/rob/project/csci5551-s26-team-pointbot/install/zed_msgs/include/zed_msgs/zed_msgs/msg/detail/plane_stamped__type_support.c
[1.663s] -- Installing: /home/rob/project/csci5551-s26-team-pointbot/install/zed_msgs/include/zed_msgs/zed_msgs/msg/detail/gnss_fusion_status__type_support.c
[1.663s] -- Up-to-date: /home/rob/project/csci5551-s26-team-pointbot/install/zed_msgs/include/zed_msgs/zed_msgs/msg/detail/health_status_stamped__rosidl_typesupport_introspection_c.h
[1.663s] -- Installing: /home/rob/project/csci5551-s26-team-pointbot/install/zed_msgs/include/zed_msgs/zed_msgs/msg/detail/keypoint2_df__type_support.c
[1.663s] -- Installing: /home/rob/project/csci5551-s26-team-pointbot/install/zed_msgs/include/zed_msgs/zed_msgs/msg/detail/heartbeat__type_support.c
[1.663s] -- Up-to-date: /home/rob/project/csci5551-s26-team-pointbot/install/zed_msgs/include/zed_msgs/zed_msgs/msg/detail/pos_track_status__rosidl_typesupport_introspection_c.h
[1.663s] -- Installing: /home/rob/project/csci5551-s26-team-pointbot/install/zed_msgs/include/zed_msgs/zed_msgs/msg/detail/bounding_box3_d__type_support.c
[1.663s] -- Up-to-date: /home/rob/project/csci5551-s26-team-pointbot/install/zed_msgs/include/zed_msgs/zed_msgs/msg/detail/keypoint3_d__rosidl_typesupport_introspection_c.h
[1.663s] -- Installing: /home/rob/project/csci5551-s26-team-pointbot/install/zed_msgs/include/zed_msgs/zed_msgs/msg/detail/keypoint3_d__type_support.c
[1.663s] -- Installing: /home/rob/project/csci5551-s26-team-pointbot/install/zed_msgs/include/zed_msgs/zed_msgs/msg/detail/bounding_box2_df__type_support.c
[1.663s] -- Up-to-date: /home/rob/project/csci5551-s26-team-pointbot/install/zed_msgs/include/zed_msgs/zed_msgs/msg/detail/plane_stamped__rosidl_typesupport_introspection_c.h
[1.664s] -- Up-to-date: /home/rob/project/csci5551-s26-team-pointbot/install/zed_msgs/include/zed_msgs/zed_msgs/msg/detail/bounding_box2_di__rosidl_typesupport_introspection_c.h
[1.664s] -- Installing: /home/rob/project/csci5551-s26-team-pointbot/install/zed_msgs/include/zed_msgs/zed_msgs/msg/detail/skeleton2_d__type_support.c
[1.664s] -- Installing: /home/rob/project/csci5551-s26-team-pointbot/install/zed_msgs/include/zed_msgs/zed_msgs/msg/detail/bounding_box2_di__type_support.c
[1.664s] -- Up-to-date: /home/rob/project/csci5551-s26-team-pointbot/install/zed_msgs/include/zed_msgs/zed_msgs/msg/detail/bounding_box2_df__rosidl_typesupport_introspection_c.h
[1.664s] -- Up-to-date: /home/rob/project/csci5551-s26-team-pointbot/install/zed_msgs/include/zed_msgs/zed_msgs/msg/detail/mag_heading_status__rosidl_typesupport_introspection_c.h
[1.664s] -- Up-to-date: /home/rob/project/csci5551-s26-team-pointbot/install/zed_msgs/include/zed_msgs/zed_msgs/msg/detail/bounding_box3_d__rosidl_typesupport_introspection_c.h
[1.664s] -- Installing: /home/rob/project/csci5551-s26-team-pointbot/install/zed_msgs/include/zed_msgs/zed_msgs/msg/detail/objects_stamped__type_support.c
[1.664s] -- Up-to-date: /home/rob/project/csci5551-s26-team-pointbot/install/zed_msgs/include/zed_msgs/zed_msgs/msg/detail/keypoint2_di__rosidl_typesupport_introspection_c.h
[1.664s] -- Up-to-date: /home/rob/project/csci5551-s26-team-pointbot/install/zed_msgs/include/zed_msgs/zed_msgs/msg/detail/svo_status__rosidl_typesupport_introspection_c.h
[1.664s] -- Installing: /home/rob/project/csci5551-s26-team-pointbot/install/zed_msgs/include/zed_msgs/zed_msgs/msg/detail/health_status_stamped__type_support.c
[1.664s] -- Installing: /home/rob/project/csci5551-s26-team-pointbot/install/zed_msgs/include/zed_msgs/zed_msgs/msg/detail/keypoint2_di__type_support.c
[1.665s] -- Installing: /home/rob/project/csci5551-s26-team-pointbot/install/zed_msgs/include/zed_msgs/zed_msgs/msg/detail/skeleton3_d__type_support.c
[1.665s] -- Installing: /home/rob/project/csci5551-s26-team-pointbot/install/zed_msgs/include/zed_msgs/zed_msgs/msg/detail/object__type_support.c
[1.665s] -- Installing: /home/rob/project/csci5551-s26-team-pointbot/install/zed_msgs/include/zed_msgs/zed_msgs/msg/detail/depth_info_stamped__type_support.c
[1.665s] -- Installing: /home/rob/project/csci5551-s26-team-pointbot/install/zed_msgs/include/zed_msgs/zed_msgs/msg/detail/pos_track_status__type_support.c
[1.665s] -- Up-to-date: /home/rob/project/csci5551-s26-team-pointbot/install/zed_msgs/include/zed_msgs/zed_msgs/msg/detail/heartbeat__rosidl_typesupport_introspection_c.h
[1.665s] -- Installing: /home/rob/project/csci5551-s26-team-pointbot/install/zed_msgs/include/zed_msgs/zed_msgs/msg/detail/svo_status__type_support.c
[1.665s] -- Up-to-date: /home/rob/project/csci5551-s26-team-pointbot/install/zed_msgs/include/zed_msgs/zed_msgs/srv
[1.665s] -- Up-to-date: /home/rob/project/csci5551-s26-team-pointbot/install/zed_msgs/include/zed_msgs/zed_msgs/srv/detail
[1.665s] -- Installing: /home/rob/project/csci5551-s26-team-pointbot/install/zed_msgs/include/zed_msgs/zed_msgs/srv/detail/start_svo_rec__type_support.c
[1.665s] -- Up-to-date: /home/rob/project/csci5551-s26-team-pointbot/install/zed_msgs/include/zed_msgs/zed_msgs/srv/detail/start_svo_rec__rosidl_typesupport_introspection_c.h
[1.665s] -- Up-to-date: /home/rob/project/csci5551-s26-team-pointbot/install/zed_msgs/include/zed_msgs/zed_msgs/srv/detail/set_roi__rosidl_typesupport_introspection_c.h
[1.665s] -- Installing: /home/rob/project/csci5551-s26-team-pointbot/install/zed_msgs/include/zed_msgs/zed_msgs/srv/detail/save_area_memory__type_support.c
[1.666s] -- Up-to-date: /home/rob/project/csci5551-s26-team-pointbot/install/zed_msgs/include/zed_msgs/zed_msgs/srv/detail/set_svo_frame__rosidl_typesupport_introspection_c.h
[1.666s] -- Installing: /home/rob/project/csci5551-s26-team-pointbot/install/zed_msgs/include/zed_msgs/zed_msgs/srv/detail/set_svo_frame__type_support.c
[1.666s] -- Installing: /home/rob/project/csci5551-s26-team-pointbot/install/zed_msgs/include/zed_msgs/zed_msgs/srv/detail/set_roi__type_support.c
[1.666s] -- Up-to-date: /home/rob/project/csci5551-s26-team-pointbot/install/zed_msgs/include/zed_msgs/zed_msgs/srv/detail/set_pose__rosidl_typesupport_introspection_c.h
[1.666s] -- Up-to-date: /home/rob/project/csci5551-s26-team-pointbot/install/zed_msgs/include/zed_msgs/zed_msgs/srv/detail/save_area_memory__rosidl_typesupport_introspection_c.h
[1.666s] -- Installing: /home/rob/project/csci5551-s26-team-pointbot/install/zed_msgs/include/zed_msgs/zed_msgs/srv/detail/set_pose__type_support.c
[1.666s] -- Up-to-date: /home/rob/project/csci5551-s26-team-pointbot/install/zed_msgs/lib/libzed_msgs__rosidl_typesupport_introspection_c.so
[1.666s] -- Up-to-date: /home/rob/project/csci5551-s26-team-pointbot/install/zed_msgs/lib/libzed_msgs__rosidl_typesupport_c.so
[1.666s] -- Up-to-date: /home/rob/project/csci5551-s26-team-pointbot/install/zed_msgs/include/zed_msgs/zed_msgs
[1.666s] -- Up-to-date: /home/rob/project/csci5551-s26-team-pointbot/install/zed_msgs/include/zed_msgs/zed_msgs/msg
[1.666s] -- Up-to-date: /home/rob/project/csci5551-s26-team-pointbot/install/zed_msgs/include/zed_msgs/zed_msgs/msg/detail
[1.667s] -- Up-to-date: /home/rob/project/csci5551-s26-team-pointbot/install/zed_msgs/include/zed_msgs/zed_msgs/msg/detail/bounding_box3_d__rosidl_typesupport_introspection_cpp.hpp
[1.667s] -- Up-to-date: /home/rob/project/csci5551-s26-team-pointbot/install/zed_msgs/include/zed_msgs/zed_msgs/msg/detail/keypoint2_df__type_support.cpp
[1.667s] -- Up-to-date: /home/rob/project/csci5551-s26-team-pointbot/install/zed_msgs/include/zed_msgs/zed_msgs/msg/detail/keypoint3_d__rosidl_typesupport_introspection_cpp.hpp
[1.667s] -- Up-to-date: /home/rob/project/csci5551-s26-team-pointbot/install/zed_msgs/include/zed_msgs/zed_msgs/msg/detail/depth_info_stamped__rosidl_typesupport_introspection_cpp.hpp
[1.667s] -- Up-to-date: /home/rob/project/csci5551-s26-team-pointbot/install/zed_msgs/include/zed_msgs/zed_msgs/msg/detail/objects_stamped__type_support.cpp
[1.667s] -- Up-to-date: /home/rob/project/csci5551-s26-team-pointbot/install/zed_msgs/include/zed_msgs/zed_msgs/msg/detail/object__type_support.cpp
[1.667s] -- Up-to-date: /home/rob/project/csci5551-s26-team-pointbot/install/zed_msgs/include/zed_msgs/zed_msgs/msg/detail/health_status_stamped__type_support.cpp
[1.667s] -- Up-to-date: /home/rob/project/csci5551-s26-team-pointbot/install/zed_msgs/include/zed_msgs/zed_msgs/msg/detail/object__rosidl_typesupport_introspection_cpp.hpp
[1.667s] -- Up-to-date: /home/rob/project/csci5551-s26-team-pointbot/install/zed_msgs/include/zed_msgs/zed_msgs/msg/detail/gnss_fusion_status__rosidl_typesupport_introspection_cpp.hpp
[1.667s] -- Up-to-date: /home/rob/project/csci5551-s26-team-pointbot/install/zed_msgs/include/zed_msgs/zed_msgs/msg/detail/bounding_box2_df__rosidl_typesupport_introspection_cpp.hpp
[1.667s] -- Up-to-date: /home/rob/project/csci5551-s26-team-pointbot/install/zed_msgs/include/zed_msgs/zed_msgs/msg/detail/skeleton3_d__rosidl_typesupport_introspection_cpp.hpp
[1.667s] -- Up-to-date: /home/rob/project/csci5551-s26-team-pointbot/install/zed_msgs/include/zed_msgs/zed_msgs/msg/detail/bounding_box2_di__type_support.cpp
[1.668s] -- Up-to-date: /home/rob/project/csci5551-s26-team-pointbot/install/zed_msgs/include/zed_msgs/zed_msgs/msg/detail/health_status_stamped__rosidl_typesupport_introspection_cpp.hpp
[1.668s] -- Up-to-date: /home/rob/project/csci5551-s26-team-pointbot/install/zed_msgs/include/zed_msgs/zed_msgs/msg/detail/pos_track_status__type_support.cpp
[1.668s] -- Up-to-date: /home/rob/project/csci5551-s26-team-pointbot/install/zed_msgs/include/zed_msgs/zed_msgs/msg/detail/plane_stamped__rosidl_typesupport_introspection_cpp.hpp
[1.668s] -- Up-to-date: /home/rob/project/csci5551-s26-team-pointbot/install/zed_msgs/include/zed_msgs/zed_msgs/msg/detail/heartbeat__rosidl_typesupport_introspection_cpp.hpp
[1.668s] -- Up-to-date: /home/rob/project/csci5551-s26-team-pointbot/install/zed_msgs/include/zed_msgs/zed_msgs/msg/detail/keypoint2_di__type_support.cpp
[1.668s] -- Up-to-date: /home/rob/project/csci5551-s26-team-pointbot/install/zed_msgs/include/zed_msgs/zed_msgs/msg/detail/mag_heading_status__rosidl_typesupport_introspection_cpp.hpp
[1.668s] -- Up-to-date: /home/rob/project/csci5551-s26-team-pointbot/install/zed_msgs/include/zed_msgs/zed_msgs/msg/detail/bounding_box2_di__rosidl_typesupport_introspection_cpp.hpp
[1.668s] -- Up-to-date: /home/rob/project/csci5551-s26-team-pointbot/install/zed_msgs/include/zed_msgs/zed_msgs/msg/detail/skeleton2_d__type_support.cpp
[1.668s] -- Up-to-date: /home/rob/project/csci5551-s26-team-pointbot/install/zed_msgs/include/zed_msgs/zed_msgs/msg/detail/depth_info_stamped__type_support.cpp
[1.668s] -- Up-to-date: /home/rob/project/csci5551-s26-team-pointbot/install/zed_msgs/include/zed_msgs/zed_msgs/msg/detail/heartbeat__type_support.cpp
[1.669s] -- Up-to-date: /home/rob/project/csci5551-s26-team-pointbot/install/zed_msgs/include/zed_msgs/zed_msgs/msg/detail/bounding_box3_d__type_support.cpp
[1.669s] -- Up-to-date: /home/rob/project/csci5551-s26-team-pointbot/install/zed_msgs/include/zed_msgs/zed_msgs/msg/detail/bounding_box2_df__type_support.cpp
[1.669s] -- Up-to-date: /home/rob/project/csci5551-s26-team-pointbot/install/zed_msgs/include/zed_msgs/zed_msgs/msg/detail/keypoint2_df__rosidl_typesupport_introspection_cpp.hpp
[1.669s] -- Up-to-date: /home/rob/project/csci5551-s26-team-pointbot/install/zed_msgs/include/zed_msgs/zed_msgs/msg/detail/keypoint2_di__rosidl_typesupport_introspection_cpp.hpp
[1.669s] -- Up-to-date: /home/rob/project/csci5551-s26-team-pointbot/install/zed_msgs/include/zed_msgs/zed_msgs/msg/detail/svo_status__rosidl_typesupport_introspection_cpp.hpp
[1.669s] -- Up-to-date: /home/rob/project/csci5551-s26-team-pointbot/install/zed_msgs/include/zed_msgs/zed_msgs/msg/detail/mag_heading_status__type_support.cpp
[1.669s] -- Up-to-date: /home/rob/project/csci5551-s26-team-pointbot/install/zed_msgs/include/zed_msgs/zed_msgs/msg/detail/keypoint3_d__type_support.cpp
[1.669s] -- Up-to-date: /home/rob/project/csci5551-s26-team-pointbot/install/zed_msgs/include/zed_msgs/zed_msgs/msg/detail/skeleton3_d__type_support.cpp
[1.669s] -- Up-to-date: /home/rob/project/csci5551-s26-team-pointbot/install/zed_msgs/include/zed_msgs/zed_msgs/msg/detail/pos_track_status__rosidl_typesupport_introspection_cpp.hpp
[1.669s] -- Up-to-date: /home/rob/project/csci5551-s26-team-pointbot/install/zed_msgs/include/zed_msgs/zed_msgs/msg/detail/skeleton2_d__rosidl_typesupport_introspection_cpp.hpp
[1.669s] -- Up-to-date: /home/rob/project/csci5551-s26-team-pointbot/install/zed_msgs/include/zed_msgs/zed_msgs/msg/detail/gnss_fusion_status__type_support.cpp
[1.670s] -- Up-to-date: /home/rob/project/csci5551-s26-team-pointbot/install/zed_msgs/include/zed_msgs/zed_msgs/msg/detail/objects_stamped__rosidl_typesupport_introspection_cpp.hpp
[1.670s] -- Up-to-date: /home/rob/project/csci5551-s26-team-pointbot/install/zed_msgs/include/zed_msgs/zed_msgs/msg/detail/plane_stamped__type_support.cpp
[1.670s] -- Up-to-date: /home/rob/project/csci5551-s26-team-pointbot/install/zed_msgs/include/zed_msgs/zed_msgs/msg/detail/svo_status__type_support.cpp
[1.670s] -- Up-to-date: /home/rob/project/csci5551-s26-team-pointbot/install/zed_msgs/include/zed_msgs/zed_msgs/srv
[1.670s] -- Up-to-date: /home/rob/project/csci5551-s26-team-pointbot/install/zed_msgs/include/zed_msgs/zed_msgs/srv/detail
[1.670s] -- Up-to-date: /home/rob/project/csci5551-s26-team-pointbot/install/zed_msgs/include/zed_msgs/zed_msgs/srv/detail/set_pose__rosidl_typesupport_introspection_cpp.hpp
[1.671s] -- Up-to-date: /home/rob/project/csci5551-s26-team-pointbot/install/zed_msgs/include/zed_msgs/zed_msgs/srv/detail/set_svo_frame__type_support.cpp
[1.671s] -- Up-to-date: /home/rob/project/csci5551-s26-team-pointbot/install/zed_msgs/include/zed_msgs/zed_msgs/srv/detail/start_svo_rec__rosidl_typesupport_introspection_cpp.hpp
[1.671s] -- Up-to-date: /home/rob/project/csci5551-s26-team-pointbot/install/zed_msgs/include/zed_msgs/zed_msgs/srv/detail/set_pose__type_support.cpp
[1.671s] -- Up-to-date: /home/rob/project/csci5551-s26-team-pointbot/install/zed_msgs/include/zed_msgs/zed_msgs/srv/detail/set_roi__rosidl_typesupport_introspection_cpp.hpp
[1.671s] -- Up-to-date: /home/rob/project/csci5551-s26-team-pointbot/install/zed_msgs/include/zed_msgs/zed_msgs/srv/detail/save_area_memory__type_support.cpp
[1.671s] -- Up-to-date: /home/rob/project/csci5551-s26-team-pointbot/install/zed_msgs/include/zed_msgs/zed_msgs/srv/detail/set_svo_frame__rosidl_typesupport_introspection_cpp.hpp
[1.671s] -- Up-to-date: /home/rob/project/csci5551-s26-team-pointbot/install/zed_msgs/include/zed_msgs/zed_msgs/srv/detail/start_svo_rec__type_support.cpp
[1.671s] -- Up-to-date: /home/rob/project/csci5551-s26-team-pointbot/install/zed_msgs/include/zed_msgs/zed_msgs/srv/detail/save_area_memory__rosidl_typesupport_introspection_cpp.hpp
[1.671s] -- Up-to-date: /home/rob/project/csci5551-s26-team-pointbot/install/zed_msgs/include/zed_msgs/zed_msgs/srv/detail/set_roi__type_support.cpp
[1.672s] -- Up-to-date: /home/rob/project/csci5551-s26-team-pointbot/install/zed_msgs/lib/libzed_msgs__rosidl_typesupport_introspection_cpp.so
[1.672s] -- Up-to-date: /home/rob/project/csci5551-s26-team-pointbot/install/zed_msgs/lib/libzed_msgs__rosidl_typesupport_cpp.so
[1.672s] -- Up-to-date: /home/rob/project/csci5551-s26-team-pointbot/install/zed_msgs/share/zed_msgs/environment/pythonpath.sh
[1.672s] -- Up-to-date: /home/rob/project/csci5551-s26-team-pointbot/install/zed_msgs/share/zed_msgs/environment/pythonpath.dsv
[1.672s] -- Up-to-date: /home/rob/project/csci5551-s26-team-pointbot/install/zed_msgs/lib/python3.12/site-packages/zed_msgs-5.2.1-py3.12.egg-info
[1.672s] -- Installing: /home/rob/project/csci5551-s26-team-pointbot/install/zed_msgs/lib/python3.12/site-packages/zed_msgs-5.2.1-py3.12.egg-info/PKG-INFO
[1.672s] -- Installing: /home/rob/project/csci5551-s26-team-pointbot/install/zed_msgs/lib/python3.12/site-packages/zed_msgs-5.2.1-py3.12.egg-info/dependency_links.txt
[1.672s] -- Installing: /home/rob/project/csci5551-s26-team-pointbot/install/zed_msgs/lib/python3.12/site-packages/zed_msgs-5.2.1-py3.12.egg-info/SOURCES.txt
[1.672s] -- Installing: /home/rob/project/csci5551-s26-team-pointbot/install/zed_msgs/lib/python3.12/site-packages/zed_msgs-5.2.1-py3.12.egg-info/top_level.txt
[1.672s] -- Up-to-date: /home/rob/project/csci5551-s26-team-pointbot/install/zed_msgs/lib/python3.12/site-packages/zed_msgs
[1.673s] -- Up-to-date: /home/rob/project/csci5551-s26-team-pointbot/install/zed_msgs/lib/python3.12/site-packages/zed_msgs/zed_msgs_s__rosidl_typesupport_introspection_c.so
[1.673s] -- Up-to-date: /home/rob/project/csci5551-s26-team-pointbot/install/zed_msgs/lib/python3.12/site-packages/zed_msgs/_zed_msgs_s.ep.rosidl_typesupport_c.c
[1.673s] -- Up-to-date: /home/rob/project/csci5551-s26-team-pointbot/install/zed_msgs/lib/python3.12/site-packages/zed_msgs/_zed_msgs_s.ep.rosidl_typesupport_fastrtps_c.c
[1.673s] -- Up-to-date: /home/rob/project/csci5551-s26-team-pointbot/install/zed_msgs/lib/python3.12/site-packages/zed_msgs/__init__.py
[1.673s] -- Up-to-date: /home/rob/project/csci5551-s26-team-pointbot/install/zed_msgs/lib/python3.12/site-packages/zed_msgs/_zed_msgs_s.ep.rosidl_typesupport_introspection_c.c
[1.673s] -- Up-to-date: /home/rob/project/csci5551-s26-team-pointbot/install/zed_msgs/lib/python3.12/site-packages/zed_msgs/zed_msgs_s__rosidl_typesupport_fastrtps_c.so
[1.673s] -- Up-to-date: /home/rob/project/csci5551-s26-team-pointbot/install/zed_msgs/lib/python3.12/site-packages/zed_msgs/msg
[1.674s] -- Up-to-date: /home/rob/project/csci5551-s26-team-pointbot/install/zed_msgs/lib/python3.12/site-packages/zed_msgs/msg/_keypoint2_di.py
[1.674s] -- Up-to-date: /home/rob/project/csci5551-s26-team-pointbot/install/zed_msgs/lib/python3.12/site-packages/zed_msgs/msg/_svo_status_s.c
[1.674s] -- Up-to-date: /home/rob/project/csci5551-s26-team-pointbot/install/zed_msgs/lib/python3.12/site-packages/zed_msgs/msg/_svo_status.py
[1.674s] -- Up-to-date: /home/rob/project/csci5551-s26-team-pointbot/install/zed_msgs/lib/python3.12/site-packages/zed_msgs/msg/_keypoint2_df_s.c
[1.674s] -- Up-to-date: /home/rob/project/csci5551-s26-team-pointbot/install/zed_msgs/lib/python3.12/site-packages/zed_msgs/msg/_bounding_box3_d.py
[1.674s] -- Up-to-date: /home/rob/project/csci5551-s26-team-pointbot/install/zed_msgs/lib/python3.12/site-packages/zed_msgs/msg/_bounding_box2_di_s.c
[1.675s] -- Up-to-date: /home/rob/project/csci5551-s26-team-pointbot/install/zed_msgs/lib/python3.12/site-packages/zed_msgs/msg/_bounding_box2_df_s.c
[1.675s] -- Up-to-date: /home/rob/project/csci5551-s26-team-pointbot/install/zed_msgs/lib/python3.12/site-packages/zed_msgs/msg/_bounding_box2_df.py
[1.675s] -- Up-to-date: /home/rob/project/csci5551-s26-team-pointbot/install/zed_msgs/lib/python3.12/site-packages/zed_msgs/msg/_mag_heading_status.py
[1.675s] -- Up-to-date: /home/rob/project/csci5551-s26-team-pointbot/install/zed_msgs/lib/python3.12/site-packages/zed_msgs/msg/_skeleton3_d_s.c
[1.675s] -- Up-to-date: /home/rob/project/csci5551-s26-team-pointbot/install/zed_msgs/lib/python3.12/site-packages/zed_msgs/msg/_health_status_stamped_s.c
[1.675s] -- Up-to-date: /home/rob/project/csci5551-s26-team-pointbot/install/zed_msgs/lib/python3.12/site-packages/zed_msgs/msg/_heartbeat_s.c
[1.675s] -- Up-to-date: /home/rob/project/csci5551-s26-team-pointbot/install/zed_msgs/lib/python3.12/site-packages/zed_msgs/msg/_object.py
[1.675s] -- Up-to-date: /home/rob/project/csci5551-s26-team-pointbot/install/zed_msgs/lib/python3.12/site-packages/zed_msgs/msg/_gnss_fusion_status_s.c
[1.675s] -- Up-to-date: /home/rob/project/csci5551-s26-team-pointbot/install/zed_msgs/lib/python3.12/site-packages/zed_msgs/msg/_skeleton2_d.py
[1.675s] -- Up-to-date: /home/rob/project/csci5551-s26-team-pointbot/install/zed_msgs/lib/python3.12/site-packages/zed_msgs/msg/_pos_track_status_s.c
[1.676s] -- Up-to-date: /home/rob/project/csci5551-s26-team-pointbot/install/zed_msgs/lib/python3.12/site-packages/zed_msgs/msg/_mag_heading_status_s.c
[1.676s] -- Up-to-date: /home/rob/project/csci5551-s26-team-pointbot/install/zed_msgs/lib/python3.12/site-packages/zed_msgs/msg/_objects_stamped.py
[1.676s] -- Up-to-date: /home/rob/project/csci5551-s26-team-pointbot/install/zed_msgs/lib/python3.12/site-packages/zed_msgs/msg/__init__.py
[1.676s] -- Up-to-date: /home/rob/project/csci5551-s26-team-pointbot/install/zed_msgs/lib/python3.12/site-packages/zed_msgs/msg/_object_s.c
[1.676s] -- Up-to-date: /home/rob/project/csci5551-s26-team-pointbot/install/zed_msgs/lib/python3.12/site-packages/zed_msgs/msg/_keypoint2_df.py
[1.676s] -- Up-to-date: /home/rob/project/csci5551-s26-team-pointbot/install/zed_msgs/lib/python3.12/site-packages/zed_msgs/msg/_objects_stamped_s.c
[1.676s] -- Up-to-date: /home/rob/project/csci5551-s26-team-pointbot/install/zed_msgs/lib/python3.12/site-packages/zed_msgs/msg/_keypoint3_d_s.c
[1.676s] -- Up-to-date: /home/rob/project/csci5551-s26-team-pointbot/install/zed_msgs/lib/python3.12/site-packages/zed_msgs/msg/_keypoint2_di_s.c
[1.676s] -- Up-to-date: /home/rob/project/csci5551-s26-team-pointbot/install/zed_msgs/lib/python3.12/site-packages/zed_msgs/msg/_skeleton3_d.py
[1.677s] -- Up-to-date: /home/rob/project/csci5551-s26-team-pointbot/install/zed_msgs/lib/python3.12/site-packages/zed_msgs/msg/_bounding_box2_di.py
[1.677s] -- Up-to-date: /home/rob/project/csci5551-s26-team-pointbot/install/zed_msgs/lib/python3.12/site-packages/zed_msgs/msg/_pos_track_status.py
[1.677s] -- Up-to-date: /home/rob/project/csci5551-s26-team-pointbot/install/zed_msgs/lib/python3.12/site-packages/zed_msgs/msg/_heartbeat.py
[1.677s] -- Up-to-date: /home/rob/project/csci5551-s26-team-pointbot/install/zed_msgs/lib/python3.12/site-packages/zed_msgs/msg/_health_status_stamped.py
[1.677s] -- Up-to-date: /home/rob/project/csci5551-s26-team-pointbot/install/zed_msgs/lib/python3.12/site-packages/zed_msgs/msg/_keypoint3_d.py
[1.677s] -- Up-to-date: /home/rob/project/csci5551-s26-team-pointbot/install/zed_msgs/lib/python3.12/site-packages/zed_msgs/msg/_gnss_fusion_status.py
[1.677s] -- Up-to-date: /home/rob/project/csci5551-s26-team-pointbot/install/zed_msgs/lib/python3.12/site-packages/zed_msgs/msg/_depth_info_stamped_s.c
[1.677s] -- Up-to-date: /home/rob/project/csci5551-s26-team-pointbot/install/zed_msgs/lib/python3.12/site-packages/zed_msgs/msg/_bounding_box3_d_s.c
[1.677s] -- Up-to-date: /home/rob/project/csci5551-s26-team-pointbot/install/zed_msgs/lib/python3.12/site-packages/zed_msgs/msg/_skeleton2_d_s.c
[1.677s] -- Up-to-date: /home/rob/project/csci5551-s26-team-pointbot/install/zed_msgs/lib/python3.12/site-packages/zed_msgs/msg/_plane_stamped_s.c
[1.677s] -- Up-to-date: /home/rob/project/csci5551-s26-team-pointbot/install/zed_msgs/lib/python3.12/site-packages/zed_msgs/msg/_plane_stamped.py
[1.677s] -- Up-to-date: /home/rob/project/csci5551-s26-team-pointbot/install/zed_msgs/lib/python3.12/site-packages/zed_msgs/msg/_depth_info_stamped.py
[1.678s] -- Up-to-date: /home/rob/project/csci5551-s26-team-pointbot/install/zed_msgs/lib/python3.12/site-packages/zed_msgs/zed_msgs_s__rosidl_typesupport_c.so
[1.678s] -- Up-to-date: /home/rob/project/csci5551-s26-team-pointbot/install/zed_msgs/lib/python3.12/site-packages/zed_msgs/srv
[1.678s] -- Up-to-date: /home/rob/project/csci5551-s26-team-pointbot/install/zed_msgs/lib/python3.12/site-packages/zed_msgs/srv/_set_roi.py
[1.678s] -- Up-to-date: /home/rob/project/csci5551-s26-team-pointbot/install/zed_msgs/lib/python3.12/site-packages/zed_msgs/srv/_save_area_memory.py
[1.678s] -- Up-to-date: /home/rob/project/csci5551-s26-team-pointbot/install/zed_msgs/lib/python3.12/site-packages/zed_msgs/srv/_set_roi_s.c
[1.678s] -- Up-to-date: /home/rob/project/csci5551-s26-team-pointbot/install/zed_msgs/lib/python3.12/site-packages/zed_msgs/srv/_start_svo_rec_s.c
[1.678s] -- Up-to-date: /home/rob/project/csci5551-s26-team-pointbot/install/zed_msgs/lib/python3.12/site-packages/zed_msgs/srv/_set_svo_frame.py
[1.678s] -- Up-to-date: /home/rob/project/csci5551-s26-team-pointbot/install/zed_msgs/lib/python3.12/site-packages/zed_msgs/srv/_set_pose.py
[1.678s] -- Up-to-date: /home/rob/project/csci5551-s26-team-pointbot/install/zed_msgs/lib/python3.12/site-packages/zed_msgs/srv/__init__.py
[1.678s] -- Up-to-date: /home/rob/project/csci5551-s26-team-pointbot/install/zed_msgs/lib/python3.12/site-packages/zed_msgs/srv/_set_pose_s.c
[1.679s] -- Up-to-date: /home/rob/project/csci5551-s26-team-pointbot/install/zed_msgs/lib/python3.12/site-packages/zed_msgs/srv/_set_svo_frame_s.c
[1.679s] -- Up-to-date: /home/rob/project/csci5551-s26-team-pointbot/install/zed_msgs/lib/python3.12/site-packages/zed_msgs/srv/_save_area_memory_s.c
[1.679s] -- Up-to-date: /home/rob/project/csci5551-s26-team-pointbot/install/zed_msgs/lib/python3.12/site-packages/zed_msgs/srv/_start_svo_rec.py
[1.713s] Listing '/home/rob/project/csci5551-s26-team-pointbot/install/zed_msgs/lib/python3.12/site-packages/zed_msgs'...
[1.713s] Listing '/home/rob/project/csci5551-s26-team-pointbot/install/zed_msgs/lib/python3.12/site-packages/zed_msgs/msg'...
[1.713s] Listing '/home/rob/project/csci5551-s26-team-pointbot/install/zed_msgs/lib/python3.12/site-packages/zed_msgs/srv'...
[1.715s] -- Up-to-date: /home/rob/project/csci5551-s26-team-pointbot/install/zed_msgs/lib/python3.12/site-packages/zed_msgs/zed_msgs_s__rosidl_typesupport_fastrtps_c.so
[1.716s] -- Up-to-date: /home/rob/project/csci5551-s26-team-pointbot/install/zed_msgs/lib/python3.12/site-packages/zed_msgs/zed_msgs_s__rosidl_typesupport_introspection_c.so
[1.717s] -- Up-to-date: /home/rob/project/csci5551-s26-team-pointbot/install/zed_msgs/lib/python3.12/site-packages/zed_msgs/zed_msgs_s__rosidl_typesupport_c.so
[1.717s] -- Up-to-date: /home/rob/project/csci5551-s26-team-pointbot/install/zed_msgs/lib/libzed_msgs__rosidl_generator_py.so
[1.717s] -- Up-to-date: /home/rob/project/csci5551-s26-team-pointbot/install/zed_msgs/share/ament_index/resource_index/rust_packages/zed_msgs
[1.718s] -- Up-to-date: /home/rob/project/csci5551-s26-team-pointbot/install/zed_msgs/share/zed_msgs/rust
[1.719s] -- Up-to-date: /home/rob/project/csci5551-s26-team-pointbot/install/zed_msgs/share/zed_msgs/rust/Cargo.toml
[1.719s] -- Up-to-date: /home/rob/project/csci5551-s26-team-pointbot/install/zed_msgs/share/zed_msgs/rust/src
[1.719s] -- Up-to-date: /home/rob/project/csci5551-s26-team-pointbot/install/zed_msgs/share/zed_msgs/rust/src/lib.rs
[1.719s] -- Up-to-date: /home/rob/project/csci5551-s26-team-pointbot/install/zed_msgs/share/zed_msgs/rust/src/msg.rs
[1.719s] -- Up-to-date: /home/rob/project/csci5551-s26-team-pointbot/install/zed_msgs/share/zed_msgs/rust/src/srv.rs
[1.719s] -- Up-to-date: /home/rob/project/csci5551-s26-team-pointbot/install/zed_msgs/share/zed_msgs/rust/src/msg
[1.719s] -- Up-to-date: /home/rob/project/csci5551-s26-team-pointbot/install/zed_msgs/share/zed_msgs/rust/src/msg/rmw.rs
[1.719s] -- Up-to-date: /home/rob/project/csci5551-s26-team-pointbot/install/zed_msgs/share/zed_msgs/rust/src/srv
[1.719s] -- Up-to-date: /home/rob/project/csci5551-s26-team-pointbot/install/zed_msgs/share/zed_msgs/rust/src/srv/rmw.rs
[1.719s] -- Up-to-date: /home/rob/project/csci5551-s26-team-pointbot/install/zed_msgs/share/zed_msgs/rust/build.rs
[1.719s] -- Up-to-date: /home/rob/project/csci5551-s26-team-pointbot/install/zed_msgs/share/zed_msgs/msg/Object.idl
[1.719s] -- Up-to-date: /home/rob/project/csci5551-s26-team-pointbot/install/zed_msgs/share/zed_msgs/msg/ObjectsStamped.idl
[1.719s] -- Up-to-date: /home/rob/project/csci5551-s26-team-pointbot/install/zed_msgs/share/zed_msgs/msg/Keypoint2Di.idl
[1.719s] -- Up-to-date: /home/rob/project/csci5551-s26-team-pointbot/install/zed_msgs/share/zed_msgs/msg/Keypoint2Df.idl
[1.720s] -- Up-to-date: /home/rob/project/csci5551-s26-team-pointbot/install/zed_msgs/share/zed_msgs/msg/Keypoint3D.idl
[1.720s] -- Up-to-date: /home/rob/project/csci5551-s26-team-pointbot/install/zed_msgs/share/zed_msgs/msg/BoundingBox2Di.idl
[1.720s] -- Up-to-date: /home/rob/project/csci5551-s26-team-pointbot/install/zed_msgs/share/zed_msgs/msg/BoundingBox2Df.idl
[1.720s] -- Up-to-date: /home/rob/project/csci5551-s26-team-pointbot/install/zed_msgs/share/zed_msgs/msg/BoundingBox3D.idl
[1.720s] -- Up-to-date: /home/rob/project/csci5551-s26-team-pointbot/install/zed_msgs/share/zed_msgs/msg/Skeleton2D.idl
[1.720s] -- Up-to-date: /home/rob/project/csci5551-s26-team-pointbot/install/zed_msgs/share/zed_msgs/msg/Skeleton3D.idl
[1.720s] -- Up-to-date: /home/rob/project/csci5551-s26-team-pointbot/install/zed_msgs/share/zed_msgs/msg/DepthInfoStamped.idl
[1.720s] -- Up-to-date: /home/rob/project/csci5551-s26-team-pointbot/install/zed_msgs/share/zed_msgs/msg/PlaneStamped.idl
[1.720s] -- Up-to-date: /home/rob/project/csci5551-s26-team-pointbot/install/zed_msgs/share/zed_msgs/msg/PosTrackStatus.idl
[1.721s] -- Up-to-date: /home/rob/project/csci5551-s26-team-pointbot/install/zed_msgs/share/zed_msgs/msg/GnssFusionStatus.idl
[1.721s] -- Up-to-date: /home/rob/project/csci5551-s26-team-pointbot/install/zed_msgs/share/zed_msgs/msg/Heartbeat.idl
[1.721s] -- Up-to-date: /home/rob/project/csci5551-s26-team-pointbot/install/zed_msgs/share/zed_msgs/msg/MagHeadingStatus.idl
[1.722s] -- Up-to-date: /home/rob/project/csci5551-s26-team-pointbot/install/zed_msgs/share/zed_msgs/msg/SvoStatus.idl
[1.722s] -- Up-to-date: /home/rob/project/csci5551-s26-team-pointbot/install/zed_msgs/share/zed_msgs/msg/HealthStatusStamped.idl
[1.722s] -- Up-to-date: /home/rob/project/csci5551-s26-team-pointbot/install/zed_msgs/share/zed_msgs/srv/SetPose.idl
[1.722s] -- Up-to-date: /home/rob/project/csci5551-s26-team-pointbot/install/zed_msgs/share/zed_msgs/srv/StartSvoRec.idl
[1.722s] -- Up-to-date: /home/rob/project/csci5551-s26-team-pointbot/install/zed_msgs/share/zed_msgs/srv/SetROI.idl
[1.723s] -- Up-to-date: /home/rob/project/csci5551-s26-team-pointbot/install/zed_msgs/share/zed_msgs/srv/SetSvoFrame.idl
[1.723s] -- Up-to-date: /home/rob/project/csci5551-s26-team-pointbot/install/zed_msgs/share/zed_msgs/srv/SaveAreaMemory.idl
[1.723s] -- Up-to-date: /home/rob/project/csci5551-s26-team-pointbot/install/zed_msgs/share/zed_msgs/msg/Object.msg
[1.723s] -- Up-to-date: /home/rob/project/csci5551-s26-team-pointbot/install/zed_msgs/share/zed_msgs/msg/ObjectsStamped.msg
[1.723s] -- Up-to-date: /home/rob/project/csci5551-s26-team-pointbot/install/zed_msgs/share/zed_msgs/msg/Keypoint2Di.msg
[1.723s] -- Up-to-date: /home/rob/project/csci5551-s26-team-pointbot/install/zed_msgs/share/zed_msgs/msg/Keypoint2Df.msg
[1.723s] -- Up-to-date: /home/rob/project/csci5551-s26-team-pointbot/install/zed_msgs/share/zed_msgs/msg/Keypoint3D.msg
[1.723s] -- Up-to-date: /home/rob/project/csci5551-s26-team-pointbot/install/zed_msgs/share/zed_msgs/msg/BoundingBox2Di.msg
[1.723s] -- Up-to-date: /home/rob/project/csci5551-s26-team-pointbot/install/zed_msgs/share/zed_msgs/msg/BoundingBox2Df.msg
[1.724s] -- Up-to-date: /home/rob/project/csci5551-s26-team-pointbot/install/zed_msgs/share/zed_msgs/msg/BoundingBox3D.msg
[1.724s] -- Up-to-date: /home/rob/project/csci5551-s26-team-pointbot/install/zed_msgs/share/zed_msgs/msg/Skeleton2D.msg
[1.724s] -- Up-to-date: /home/rob/project/csci5551-s26-team-pointbot/install/zed_msgs/share/zed_msgs/msg/Skeleton3D.msg
[1.725s] -- Up-to-date: /home/rob/project/csci5551-s26-team-pointbot/install/zed_msgs/share/zed_msgs/msg/DepthInfoStamped.msg
[1.725s] -- Up-to-date: /home/rob/project/csci5551-s26-team-pointbot/install/zed_msgs/share/zed_msgs/msg/PlaneStamped.msg
[1.726s] -- Up-to-date: /home/rob/project/csci5551-s26-team-pointbot/install/zed_msgs/share/zed_msgs/msg/PosTrackStatus.msg
[1.726s] -- Up-to-date: /home/rob/project/csci5551-s26-team-pointbot/install/zed_msgs/share/zed_msgs/msg/GnssFusionStatus.msg
[1.726s] -- Up-to-date: /home/rob/project/csci5551-s26-team-pointbot/install/zed_msgs/share/zed_msgs/msg/Heartbeat.msg
[1.726s] -- Up-to-date: /home/rob/project/csci5551-s26-team-pointbot/install/zed_msgs/share/zed_msgs/msg/MagHeadingStatus.msg
[1.726s] -- Up-to-date: /home/rob/project/csci5551-s26-team-pointbot/install/zed_msgs/share/zed_msgs/msg/SvoStatus.msg
[1.726s] -- Up-to-date: /home/rob/project/csci5551-s26-team-pointbot/install/zed_msgs/share/zed_msgs/msg/HealthStatusStamped.msg
[1.726s] -- Up-to-date: /home/rob/project/csci5551-s26-team-pointbot/install/zed_msgs/share/zed_msgs/srv/SetPose.srv
[1.726s] -- Up-to-date: /home/rob/project/csci5551-s26-team-pointbot/install/zed_msgs/share/zed_msgs/srv/StartSvoRec.srv
[1.726s] -- Up-to-date: /home/rob/project/csci5551-s26-team-pointbot/install/zed_msgs/share/zed_msgs/srv/SetROI.srv
[1.726s] -- Up-to-date: /home/rob/project/csci5551-s26-team-pointbot/install/zed_msgs/share/zed_msgs/srv/SetSvoFrame.srv
[1.726s] -- Up-to-date: /home/rob/project/csci5551-s26-team-pointbot/install/zed_msgs/share/zed_msgs/srv/SaveAreaMemory.srv
[1.727s] -- Up-to-date: /home/rob/project/csci5551-s26-team-pointbot/install/zed_msgs/share/ament_index/resource_index/package_run_dependencies/zed_msgs
[1.727s] -- Up-to-date: /home/rob/project/csci5551-s26-team-pointbot/install/zed_msgs/share/ament_index/resource_index/parent_prefix_path/zed_msgs
[1.727s] -- Up-to-date: /home/rob/project/csci5551-s26-team-pointbot/install/zed_msgs/share/zed_msgs/environment/ament_prefix_path.sh
[1.727s] -- Up-to-date: /home/rob/project/csci5551-s26-team-pointbot/install/zed_msgs/share/zed_msgs/environment/ament_prefix_path.dsv
[1.727s] -- Up-to-date: /home/rob/project/csci5551-s26-team-pointbot/install/zed_msgs/share/zed_msgs/environment/path.sh
[1.727s] -- Up-to-date: /home/rob/project/csci5551-s26-team-pointbot/install/zed_msgs/share/zed_msgs/environment/path.dsv
[1.727s] -- Up-to-date: /home/rob/project/csci5551-s26-team-pointbot/install/zed_msgs/share/zed_msgs/local_setup.bash
[1.727s] -- Up-to-date: /home/rob/project/csci5551-s26-team-pointbot/install/zed_msgs/share/zed_msgs/local_setup.sh
[1.727s] -- Up-to-date: /home/rob/project/csci5551-s26-team-pointbot/install/zed_msgs/share/zed_msgs/local_setup.zsh
[1.727s] -- Up-to-date: /home/rob/project/csci5551-s26-team-pointbot/install/zed_msgs/share/zed_msgs/local_setup.dsv
[1.727s] -- Installing: /home/rob/project/csci5551-s26-team-pointbot/install/zed_msgs/share/zed_msgs/package.dsv
[1.728s] -- Up-to-date: /home/rob/project/csci5551-s26-team-pointbot/install/zed_msgs/share/ament_index/resource_index/packages/zed_msgs
[1.728s] -- Up-to-date: /home/rob/project/csci5551-s26-team-pointbot/install/zed_msgs/share/zed_msgs/cmake/export_zed_msgs__rosidl_generator_cExport.cmake
[1.728s] -- Up-to-date: /home/rob/project/csci5551-s26-team-pointbot/install/zed_msgs/share/zed_msgs/cmake/export_zed_msgs__rosidl_generator_cExport-noconfig.cmake
[1.728s] -- Up-to-date: /home/rob/project/csci5551-s26-team-pointbot/install/zed_msgs/share/zed_msgs/cmake/export_zed_msgs__rosidl_typesupport_fastrtps_cExport.cmake
[1.728s] -- Up-to-date: /home/rob/project/csci5551-s26-team-pointbot/install/zed_msgs/share/zed_msgs/cmake/export_zed_msgs__rosidl_typesupport_fastrtps_cExport-noconfig.cmake
[1.728s] -- Up-to-date: /home/rob/project/csci5551-s26-team-pointbot/install/zed_msgs/share/zed_msgs/cmake/export_zed_msgs__rosidl_generator_cppExport.cmake
[1.732s] -- Up-to-date: /home/rob/project/csci5551-s26-team-pointbot/install/zed_msgs/share/zed_msgs/cmake/export_zed_msgs__rosidl_typesupport_fastrtps_cppExport.cmake
[1.732s] -- Up-to-date: /home/rob/project/csci5551-s26-team-pointbot/install/zed_msgs/share/zed_msgs/cmake/export_zed_msgs__rosidl_typesupport_fastrtps_cppExport-noconfig.cmake
[1.732s] -- Up-to-date: /home/rob/project/csci5551-s26-team-pointbot/install/zed_msgs/share/zed_msgs/cmake/zed_msgs__rosidl_typesupport_introspection_cExport.cmake
[1.732s] -- Up-to-date: /home/rob/project/csci5551-s26-team-pointbot/install/zed_msgs/share/zed_msgs/cmake/zed_msgs__rosidl_typesupport_introspection_cExport-noconfig.cmake
[1.732s] -- Up-to-date: /home/rob/project/csci5551-s26-team-pointbot/install/zed_msgs/share/zed_msgs/cmake/zed_msgs__rosidl_typesupport_cExport.cmake
[1.733s] -- Up-to-date: /home/rob/project/csci5551-s26-team-pointbot/install/zed_msgs/share/zed_msgs/cmake/zed_msgs__rosidl_typesupport_cExport-noconfig.cmake
[1.733s] -- Up-to-date: /home/rob/project/csci5551-s26-team-pointbot/install/zed_msgs/share/zed_msgs/cmake/zed_msgs__rosidl_typesupport_introspection_cppExport.cmake
[1.733s] -- Up-to-date: /home/rob/project/csci5551-s26-team-pointbot/install/zed_msgs/share/zed_msgs/cmake/zed_msgs__rosidl_typesupport_introspection_cppExport-noconfig.cmake
[1.733s] -- Up-to-date: /home/rob/project/csci5551-s26-team-pointbot/install/zed_msgs/share/zed_msgs/cmake/zed_msgs__rosidl_typesupport_cppExport.cmake
[1.734s] -- Up-to-date: /home/rob/project/csci5551-s26-team-pointbot/install/zed_msgs/share/zed_msgs/cmake/zed_msgs__rosidl_typesupport_cppExport-noconfig.cmake
[1.734s] -- Up-to-date: /home/rob/project/csci5551-s26-team-pointbot/install/zed_msgs/share/zed_msgs/cmake/export_zed_msgs__rosidl_generator_pyExport.cmake
[1.734s] -- Up-to-date: /home/rob/project/csci5551-s26-team-pointbot/install/zed_msgs/share/zed_msgs/cmake/export_zed_msgs__rosidl_generator_pyExport-noconfig.cmake
[1.734s] -- Up-to-date: /home/rob/project/csci5551-s26-team-pointbot/install/zed_msgs/share/zed_msgs/cmake/rosidl_cmake-extras.cmake
[1.735s] -- Up-to-date: /home/rob/project/csci5551-s26-team-pointbot/install/zed_msgs/share/zed_msgs/cmake/ament_cmake_export_dependencies-extras.cmake
[1.735s] -- Up-to-date: /home/rob/project/csci5551-s26-team-pointbot/install/zed_msgs/share/zed_msgs/cmake/ament_cmake_export_include_directories-extras.cmake
[1.735s] -- Up-to-date: /home/rob/project/csci5551-s26-team-pointbot/install/zed_msgs/share/zed_msgs/cmake/ament_cmake_export_libraries-extras.cmake
[1.735s] -- Up-to-date: /home/rob/project/csci5551-s26-team-pointbot/install/zed_msgs/share/zed_msgs/cmake/ament_cmake_export_targets-extras.cmake
[1.735s] -- Up-to-date: /home/rob/project/csci5551-s26-team-pointbot/install/zed_msgs/share/zed_msgs/cmake/rosidl_cmake_export_typesupport_targets-extras.cmake
[1.735s] -- Up-to-date: /home/rob/project/csci5551-s26-team-pointbot/install/zed_msgs/share/zed_msgs/cmake/rosidl_cmake_export_typesupport_libraries-extras.cmake
[1.735s] -- Up-to-date: /home/rob/project/csci5551-s26-team-pointbot/install/zed_msgs/share/zed_msgs/cmake/zed_msgsConfig.cmake
[1.735s] -- Up-to-date: /home/rob/project/csci5551-s26-team-pointbot/install/zed_msgs/share/zed_msgs/cmake/zed_msgsConfig-version.cmake
[1.735s] -- Up-to-date: /home/rob/project/csci5551-s26-team-pointbot/install/zed_msgs/share/zed_msgs/package.xml
[1.760s] Invoked command in '/home/rob/project/csci5551-s26-team-pointbot/build/zed_msgs' returned '0': CMAKE_PREFIX_PATH=${CMAKE_PREFIX_PATH}:/home/rob/project/csci5551-s26-team-pointbot/install/pointbot_rviz:/home/rob/project/csci5551-s26-team-pointbot/install/uf_ros_lib:/home/rob/project/csci5551-s26-team-pointbot/install/planning:/home/rob/project/csci5551-s26-team-pointbot/install/perception:/opt/ros/jazzy DEBUGINFOD_URLS=https://debuginfod.ubuntu.com /usr/bin/cmake --install /home/rob/project/csci5551-s26-team-pointbot/build/zed_msgs
