[0.031s] Invoking command in '/home/rob/project/csci5551-s26-team-pointbot/build/xarm_controller': CMAKE_PREFIX_PATH=/home/rob/project/csci5551-s26-team-pointbot/install/xarm_api:/home/rob/project/csci5551-s26-team-pointbot/install/xarm_sdk:/home/rob/project/csci5551-s26-team-pointbot/install/xarm_msgs:/home/rob/project/csci5551-s26-team-pointbot/install/xarm_description:/home/rob/project/csci5551-s26-team-pointbot/install/xarm_gazebo:/home/rob/project/csci5551-s26-team-pointbot/install/xarm_moveit_config:/home/rob/project/csci5551-s26-team-pointbot/install/xarm_controller:/opt/ros/jazzy/opt/gz_sim_vendor:/opt/ros/jazzy/opt/gz_sensors_vendor:/opt/ros/jazzy/opt/gz_physics_vendor:/opt/ros/jazzy/opt/sdformat_vendor:/opt/ros/jazzy/opt/gz_gui_vendor:/opt/ros/jazzy/opt/gz_transport_vendor:/opt/ros/jazzy/opt/gz_rendering_vendor:/opt/ros/jazzy/opt/gz_plugin_vendor:/opt/ros/jazzy/opt/gz_fuel_tools_vendor:/opt/ros/jazzy/opt/gz_msgs_vendor:/opt/ros/jazzy/opt/gz_common_vendor:/opt/ros/jazzy/opt/gz_math_vendor:/opt/ros/jazzy/opt/gz_utils_vendor:/opt/ros/jazzy/opt/gz_tools_vendor:/opt/ros/jazzy/opt/gz_ogre_next_vendor:/opt/ros/jazzy/opt/gz_dartsim_vendor:/opt/ros/jazzy/opt/gz_cmake_vendor:/home/rob/project/csci5551-s26-team-pointbot/install/pointbot_rviz:/home/rob/project/csci5551-s26-team-pointbot/install/uf_ros_lib:/opt/ros/jazzy DEBUGINFOD_URLS=https://debuginfod.ubuntu.com LD_LIBRARY_PATH=/home/rob/project/csci5551-s26-team-pointbot/install/xarm_api/lib:/home/rob/project/csci5551-s26-team-pointbot/install/xarm_sdk/lib:/home/rob/project/csci5551-s26-team-pointbot/install/xarm_msgs/lib:/home/rob/project/csci5551-s26-team-pointbot/install/xarm_gazebo/lib:/home/rob/project/csci5551-s26-team-pointbot/install/xarm_controller/lib:/opt/ros/jazzy/opt/gz_sim_vendor/lib:/opt/ros/jazzy/opt/gz_sensors_vendor/lib:/opt/ros/jazzy/opt/gz_physics_vendor/lib:/opt/ros/jazzy/opt/sdformat_vendor/lib:/opt/ros/jazzy/opt/rviz_ogre_vendor/lib:/opt/ros/jazzy/lib/x86_64-linux-gnu:/opt/ros/jazzy/opt/gz_gui_vendor/lib:/opt/ros/jazzy/opt/gz_transport_vendor/lib:/opt/ros/jazzy/opt/gz_rendering_vendor/lib:/opt/ros/jazzy/opt/gz_plugin_vendor/lib:/opt/ros/jazzy/opt/gz_fuel_tools_vendor/lib:/opt/ros/jazzy/opt/gz_msgs_vendor/lib:/opt/ros/jazzy/opt/gz_common_vendor/lib:/opt/ros/jazzy/opt/gz_math_vendor/lib:/opt/ros/jazzy/opt/gz_utils_vendor/lib:/opt/ros/jazzy/opt/gz_tools_vendor/lib:/opt/ros/jazzy/opt/gz_ogre_next_vendor/lib:/opt/ros/jazzy/opt/gz_dartsim_vendor/lib:/opt/ros/jazzy/opt/gz_cmake_vendor/lib:/opt/ros/jazzy/lib:/usr/local/cuda-12.8/lib64’ PYTHONPATH=/home/rob/project/csci5551-s26-team-pointbot/install/xarm_msgs/lib/python3.12/site-packages:/opt/ros/jazzy/lib/python3.12/site-packages /usr/bin/cmake /home/rob/project/csci5551-s26-team-pointbot/src/xarm_ros2/xarm_controller -DCMAKE_INSTALL_PREFIX=/home/rob/project/csci5551-s26-team-pointbot/install/xarm_controller
[0.149s] -- The C compiler identification is GNU 13.3.0
[0.257s] -- The CXX compiler identification is GNU 13.3.0
[0.290s] -- Detecting C compiler ABI info
[0.453s] -- Detecting C compiler ABI info - done
[0.475s] -- Check for working C compiler: /usr/bin/cc - skipped
[0.475s] -- Detecting C compile features
[0.476s] -- Detecting C compile features - done
[0.494s] -- Detecting CXX compiler ABI info
[0.690s] -- Detecting CXX compiler ABI info - done
[0.712s] -- Check for working CXX compiler: /usr/bin/c++ - skipped
[0.712s] -- Detecting CXX compile features
[0.714s] -- Detecting CXX compile features - done
[0.722s] -- Found ament_cmake: 2.5.6 (/opt/ros/jazzy/share/ament_cmake/cmake)
[1.010s] -- Found Python3: /usr/bin/python3 (found version "3.12.3") found components: Interpreter 
[1.234s] -- Found ament_lint_auto: 0.17.5 (/opt/ros/jazzy/share/ament_lint_auto/cmake)
[1.451s] -- Found hardware_interface: 4.44.0 (/opt/ros/jazzy/share/hardware_interface/cmake)
[1.552s] -- Found rosidl_generator_c: 4.6.7 (/opt/ros/jazzy/share/rosidl_generator_c/cmake)
[1.575s] -- Found rosidl_generator_cpp: 4.6.7 (/opt/ros/jazzy/share/rosidl_generator_cpp/cmake)
[1.602s] -- Using all available rosidl_typesupport_c: rosidl_typesupport_fastrtps_c;rosidl_typesupport_introspection_c
[1.628s] -- Using all available rosidl_typesupport_cpp: rosidl_typesupport_fastrtps_cpp;rosidl_typesupport_introspection_cpp
[1.892s] -- Found TinyXML2 via Config file: /usr/lib/x86_64-linux-gnu/cmake/tinyxml2
[1.950s] -- Found rmw_implementation_cmake: 7.3.3 (/opt/ros/jazzy/share/rmw_implementation_cmake/cmake)
[1.955s] -- Found rmw_fastrtps_cpp: 8.4.3 (/opt/ros/jazzy/share/rmw_fastrtps_cpp/cmake)
[1.987s] -- Found TinyXML2 via Config file: /usr/lib/x86_64-linux-gnu/cmake/tinyxml2
[2.088s] -- Found OpenSSL: /usr/lib/x86_64-linux-gnu/libcrypto.so (found version "3.0.13")  
[2.095s] -- Found TinyXML2 via Config file: /usr/lib/x86_64-linux-gnu/cmake/tinyxml2
[2.135s] -- Found FastRTPS: /opt/ros/jazzy/include (Required is at least version "2.13") 
[2.145s] -- Found TinyXML2 via Config file: /usr/lib/x86_64-linux-gnu/cmake/tinyxml2
[2.158s] -- Found TinyXML2 via Config file: /usr/lib/x86_64-linux-gnu/cmake/tinyxml2
[2.188s] -- Using RMW implementation 'rmw_fastrtps_cpp' as default
[2.654s] -- Found controller_manager_msgs: 4.44.0 (/opt/ros/jazzy/share/controller_manager_msgs/cmake)
[2.695s] -- Found xarm_msgs: 0.0.0 (/home/rob/project/csci5551-s26-team-pointbot/install/xarm_msgs/share/xarm_msgs/cmake)
[2.771s] -- Found xarm_api: 0.0.0 (/home/rob/project/csci5551-s26-team-pointbot/install/xarm_api/share/xarm_api/cmake)
[2.772s] -- Found xarm_sdk: 0.0.0 (/home/rob/project/csci5551-s26-team-pointbot/install/xarm_sdk/share/xarm_sdk/cmake)
[2.782s] -- Added test 'copyright' to check source files copyright and LICENSE
[2.785s] -- Added test 'cppcheck' to perform static code analysis on C / C++ code
[2.785s] -- Configured cppcheck include dirs: /home/rob/project/csci5551-s26-team-pointbot/src/xarm_ros2/xarm_controller/include
[2.785s] -- Configured cppcheck exclude dirs and/or files: 
[2.787s] -- Added test 'cpplint' to check C / C++ code against the Google style
[2.787s] -- Configured cpplint exclude dirs and/or files: 
[2.787s] -- Added test 'flake8' to check Python code syntax and style conventions
[2.788s] -- Configured 'flake8' exclude dirs and/or files: 
[2.788s] -- Added test 'lint_cmake' to check CMake code style
[2.790s] -- Added test 'pep257' to check Python code against some of the docstring style conventions in PEP 257
[2.792s] -- Added test 'uncrustify' to check C / C++ code style
[2.792s] -- Configured uncrustify additional arguments: 
[2.793s] -- Added test 'xmllint' to check XML markup files
[2.796s] -- Configuring done (2.7s)
[2.821s] -- Generating done (0.0s)
[2.826s] -- Build files have been written to: /home/rob/project/csci5551-s26-team-pointbot/build/xarm_controller
[2.845s] Invoked command in '/home/rob/project/csci5551-s26-team-pointbot/build/xarm_controller' returned '0': CMAKE_PREFIX_PATH=/home/rob/project/csci5551-s26-team-pointbot/install/xarm_api:/home/rob/project/csci5551-s26-team-pointbot/install/xarm_sdk:/home/rob/project/csci5551-s26-team-pointbot/install/xarm_msgs:/home/rob/project/csci5551-s26-team-pointbot/install/xarm_description:/home/rob/project/csci5551-s26-team-pointbot/install/xarm_gazebo:/home/rob/project/csci5551-s26-team-pointbot/install/xarm_moveit_config:/home/rob/project/csci5551-s26-team-pointbot/install/xarm_controller:/opt/ros/jazzy/opt/gz_sim_vendor:/opt/ros/jazzy/opt/gz_sensors_vendor:/opt/ros/jazzy/opt/gz_physics_vendor:/opt/ros/jazzy/opt/sdformat_vendor:/opt/ros/jazzy/opt/gz_gui_vendor:/opt/ros/jazzy/opt/gz_transport_vendor:/opt/ros/jazzy/opt/gz_rendering_vendor:/opt/ros/jazzy/opt/gz_plugin_vendor:/opt/ros/jazzy/opt/gz_fuel_tools_vendor:/opt/ros/jazzy/opt/gz_msgs_vendor:/opt/ros/jazzy/opt/gz_common_vendor:/opt/ros/jazzy/opt/gz_math_vendor:/opt/ros/jazzy/opt/gz_utils_vendor:/opt/ros/jazzy/opt/gz_tools_vendor:/opt/ros/jazzy/opt/gz_ogre_next_vendor:/opt/ros/jazzy/opt/gz_dartsim_vendor:/opt/ros/jazzy/opt/gz_cmake_vendor:/home/rob/project/csci5551-s26-team-pointbot/install/pointbot_rviz:/home/rob/project/csci5551-s26-team-pointbot/install/uf_ros_lib:/opt/ros/jazzy DEBUGINFOD_URLS=https://debuginfod.ubuntu.com LD_LIBRARY_PATH=/home/rob/project/csci5551-s26-team-pointbot/install/xarm_api/lib:/home/rob/project/csci5551-s26-team-pointbot/install/xarm_sdk/lib:/home/rob/project/csci5551-s26-team-pointbot/install/xarm_msgs/lib:/home/rob/project/csci5551-s26-team-pointbot/install/xarm_gazebo/lib:/home/rob/project/csci5551-s26-team-pointbot/install/xarm_controller/lib:/opt/ros/jazzy/opt/gz_sim_vendor/lib:/opt/ros/jazzy/opt/gz_sensors_vendor/lib:/opt/ros/jazzy/opt/gz_physics_vendor/lib:/opt/ros/jazzy/opt/sdformat_vendor/lib:/opt/ros/jazzy/opt/rviz_ogre_vendor/lib:/opt/ros/jazzy/lib/x86_64-linux-gnu:/opt/ros/jazzy/opt/gz_gui_vendor/lib:/opt/ros/jazzy/opt/gz_transport_vendor/lib:/opt/ros/jazzy/opt/gz_rendering_vendor/lib:/opt/ros/jazzy/opt/gz_plugin_vendor/lib:/opt/ros/jazzy/opt/gz_fuel_tools_vendor/lib:/opt/ros/jazzy/opt/gz_msgs_vendor/lib:/opt/ros/jazzy/opt/gz_common_vendor/lib:/opt/ros/jazzy/opt/gz_math_vendor/lib:/opt/ros/jazzy/opt/gz_utils_vendor/lib:/opt/ros/jazzy/opt/gz_tools_vendor/lib:/opt/ros/jazzy/opt/gz_ogre_next_vendor/lib:/opt/ros/jazzy/opt/gz_dartsim_vendor/lib:/opt/ros/jazzy/opt/gz_cmake_vendor/lib:/opt/ros/jazzy/lib:/usr/local/cuda-12.8/lib64’ PYTHONPATH=/home/rob/project/csci5551-s26-team-pointbot/install/xarm_msgs/lib/python3.12/site-packages:/opt/ros/jazzy/lib/python3.12/site-packages /usr/bin/cmake /home/rob/project/csci5551-s26-team-pointbot/src/xarm_ros2/xarm_controller -DCMAKE_INSTALL_PREFIX=/home/rob/project/csci5551-s26-team-pointbot/install/xarm_controller
[2.847s] Invoking command in '/home/rob/project/csci5551-s26-team-pointbot/build/xarm_controller': CMAKE_PREFIX_PATH=/home/rob/project/csci5551-s26-team-pointbot/install/xarm_api:/home/rob/project/csci5551-s26-team-pointbot/install/xarm_sdk:/home/rob/project/csci5551-s26-team-pointbot/install/xarm_msgs:/home/rob/project/csci5551-s26-team-pointbot/install/xarm_description:/home/rob/project/csci5551-s26-team-pointbot/install/xarm_gazebo:/home/rob/project/csci5551-s26-team-pointbot/install/xarm_moveit_config:/home/rob/project/csci5551-s26-team-pointbot/install/xarm_controller:/opt/ros/jazzy/opt/gz_sim_vendor:/opt/ros/jazzy/opt/gz_sensors_vendor:/opt/ros/jazzy/opt/gz_physics_vendor:/opt/ros/jazzy/opt/sdformat_vendor:/opt/ros/jazzy/opt/gz_gui_vendor:/opt/ros/jazzy/opt/gz_transport_vendor:/opt/ros/jazzy/opt/gz_rendering_vendor:/opt/ros/jazzy/opt/gz_plugin_vendor:/opt/ros/jazzy/opt/gz_fuel_tools_vendor:/opt/ros/jazzy/opt/gz_msgs_vendor:/opt/ros/jazzy/opt/gz_common_vendor:/opt/ros/jazzy/opt/gz_math_vendor:/opt/ros/jazzy/opt/gz_utils_vendor:/opt/ros/jazzy/opt/gz_tools_vendor:/opt/ros/jazzy/opt/gz_ogre_next_vendor:/opt/ros/jazzy/opt/gz_dartsim_vendor:/opt/ros/jazzy/opt/gz_cmake_vendor:/home/rob/project/csci5551-s26-team-pointbot/install/pointbot_rviz:/home/rob/project/csci5551-s26-team-pointbot/install/uf_ros_lib:/opt/ros/jazzy DEBUGINFOD_URLS=https://debuginfod.ubuntu.com LD_LIBRARY_PATH=/home/rob/project/csci5551-s26-team-pointbot/install/xarm_api/lib:/home/rob/project/csci5551-s26-team-pointbot/install/xarm_sdk/lib:/home/rob/project/csci5551-s26-team-pointbot/install/xarm_msgs/lib:/home/rob/project/csci5551-s26-team-pointbot/install/xarm_gazebo/lib:/home/rob/project/csci5551-s26-team-pointbot/install/xarm_controller/lib:/opt/ros/jazzy/opt/gz_sim_vendor/lib:/opt/ros/jazzy/opt/gz_sensors_vendor/lib:/opt/ros/jazzy/opt/gz_physics_vendor/lib:/opt/ros/jazzy/opt/sdformat_vendor/lib:/opt/ros/jazzy/opt/rviz_ogre_vendor/lib:/opt/ros/jazzy/lib/x86_64-linux-gnu:/opt/ros/jazzy/opt/gz_gui_vendor/lib:/opt/ros/jazzy/opt/gz_transport_vendor/lib:/opt/ros/jazzy/opt/gz_rendering_vendor/lib:/opt/ros/jazzy/opt/gz_plugin_vendor/lib:/opt/ros/jazzy/opt/gz_fuel_tools_vendor/lib:/opt/ros/jazzy/opt/gz_msgs_vendor/lib:/opt/ros/jazzy/opt/gz_common_vendor/lib:/opt/ros/jazzy/opt/gz_math_vendor/lib:/opt/ros/jazzy/opt/gz_utils_vendor/lib:/opt/ros/jazzy/opt/gz_tools_vendor/lib:/opt/ros/jazzy/opt/gz_ogre_next_vendor/lib:/opt/ros/jazzy/opt/gz_dartsim_vendor/lib:/opt/ros/jazzy/opt/gz_cmake_vendor/lib:/opt/ros/jazzy/lib:/usr/local/cuda-12.8/lib64’ PYTHONPATH=/home/rob/project/csci5551-s26-team-pointbot/install/xarm_msgs/lib/python3.12/site-packages:/opt/ros/jazzy/lib/python3.12/site-packages /usr/bin/cmake --build /home/rob/project/csci5551-s26-team-pointbot/build/xarm_controller -- -j16 -l16
[2.960s] [ 33%] [32mBuilding CXX object CMakeFiles/uf_robot_hardware.dir/src/hardware/uf_robot_system_hardware.cpp.o[0m
[2.961s] [ 66%] [32mBuilding CXX object CMakeFiles/uf_robot_hardware.dir/src/hardware/uf_robot_fake_system_hardware.cpp.o[0m
[8.338s] [01m[K/home/rob/project/csci5551-s26-team-pointbot/src/xarm_ros2/xarm_controller/src/hardware/uf_robot_system_hardware.cpp:[m[K In member function ‘[01m[Kvirtual uf_robot_hardware::CallbackReturn uf_robot_hardware::UFRobotSystemHardware::[01;32m[Kon_init[m[K(const hardware_interface::HardwareInfo&)[m[K’:
[8.338s] [01m[K/home/rob/project/csci5551-s26-team-pointbot/src/xarm_ros2/xarm_controller/src/hardware/uf_robot_system_hardware.cpp:163:57:[m[K [01;35m[Kwarning: [m[K‘[01m[Kvirtual rclcpp_lifecycle::node_interfaces::LifecycleNodeInterface::CallbackReturn hardware_interface::HardwareComponentInterface::[01;32m[Kon_init[m[K(const hardware_interface::HardwareInfo&)[m[K’ is deprecated: Use on_init(const HardwareComponentInterfaceParams & params) instead. [[01;35m[K]8;;https://gcc.gnu.org/onlinedocs/gcc/Warning-Options.html#index-Wdeprecated-declarations-Wdeprecated-declarations]8;;[m[K]
[8.338s]   163 |         if ([01;35m[Khardware_interface::SystemInterface::on_init(info)[m[K != CallbackReturn::SUCCESS) {
[8.338s]       |             [01;35m[K~~~~~~~~~~~~~~~~~~~~~~~~~~~~~~~~~~~~~~~~~~~~^~~~~~[m[K
[8.338s] In file included from [01m[K/opt/ros/jazzy/include/hardware_interface/hardware_interface/system_interface.hpp:18[m[K,
[8.338s]                  from [01m[K/home/rob/project/csci5551-s26-team-pointbot/src/xarm_ros2/xarm_controller/include/xarm_controller/hardware/uf_robot_system_hardware.h:22[m[K,
[8.338s]                  from [01m[K/home/rob/project/csci5551-s26-team-pointbot/src/xarm_ros2/xarm_controller/src/hardware/uf_robot_system_hardware.cpp:9[m[K:
[8.338s] [01m[K/opt/ros/jazzy/include/hardware_interface/hardware_interface/hardware_component_interface.hpp:140:26:[m[K [01;36m[Knote: [m[Kdeclared here
[8.339s]   140 |   virtual CallbackReturn [01;36m[Kon_init[m[K(const HardwareInfo & hardware_info);
[8.339s]       |                          [01;36m[K^~~~~~~[m[K
[14.929s] [100%] [32m[1mLinking CXX shared library libuf_robot_hardware.so[0m
[16.742s] [100%] Built target uf_robot_hardware
[16.769s] Invoked command in '/home/rob/project/csci5551-s26-team-pointbot/build/xarm_controller' returned '0': CMAKE_PREFIX_PATH=/home/rob/project/csci5551-s26-team-pointbot/install/xarm_api:/home/rob/project/csci5551-s26-team-pointbot/install/xarm_sdk:/home/rob/project/csci5551-s26-team-pointbot/install/xarm_msgs:/home/rob/project/csci5551-s26-team-pointbot/install/xarm_description:/home/rob/project/csci5551-s26-team-pointbot/install/xarm_gazebo:/home/rob/project/csci5551-s26-team-pointbot/install/xarm_moveit_config:/home/rob/project/csci5551-s26-team-pointbot/install/xarm_controller:/opt/ros/jazzy/opt/gz_sim_vendor:/opt/ros/jazzy/opt/gz_sensors_vendor:/opt/ros/jazzy/opt/gz_physics_vendor:/opt/ros/jazzy/opt/sdformat_vendor:/opt/ros/jazzy/opt/gz_gui_vendor:/opt/ros/jazzy/opt/gz_transport_vendor:/opt/ros/jazzy/opt/gz_rendering_vendor:/opt/ros/jazzy/opt/gz_plugin_vendor:/opt/ros/jazzy/opt/gz_fuel_tools_vendor:/opt/ros/jazzy/opt/gz_msgs_vendor:/opt/ros/jazzy/opt/gz_common_vendor:/opt/ros/jazzy/opt/gz_math_vendor:/opt/ros/jazzy/opt/gz_utils_vendor:/opt/ros/jazzy/opt/gz_tools_vendor:/opt/ros/jazzy/opt/gz_ogre_next_vendor:/opt/ros/jazzy/opt/gz_dartsim_vendor:/opt/ros/jazzy/opt/gz_cmake_vendor:/home/rob/project/csci5551-s26-team-pointbot/install/pointbot_rviz:/home/rob/project/csci5551-s26-team-pointbot/install/uf_ros_lib:/opt/ros/jazzy DEBUGINFOD_URLS=https://debuginfod.ubuntu.com LD_LIBRARY_PATH=/home/rob/project/csci5551-s26-team-pointbot/install/xarm_api/lib:/home/rob/project/csci5551-s26-team-pointbot/install/xarm_sdk/lib:/home/rob/project/csci5551-s26-team-pointbot/install/xarm_msgs/lib:/home/rob/project/csci5551-s26-team-pointbot/install/xarm_gazebo/lib:/home/rob/project/csci5551-s26-team-pointbot/install/xarm_controller/lib:/opt/ros/jazzy/opt/gz_sim_vendor/lib:/opt/ros/jazzy/opt/gz_sensors_vendor/lib:/opt/ros/jazzy/opt/gz_physics_vendor/lib:/opt/ros/jazzy/opt/sdformat_vendor/lib:/opt/ros/jazzy/opt/rviz_ogre_vendor/lib:/opt/ros/jazzy/lib/x86_64-linux-gnu:/opt/ros/jazzy/opt/gz_gui_vendor/lib:/opt/ros/jazzy/opt/gz_transport_vendor/lib:/opt/ros/jazzy/opt/gz_rendering_vendor/lib:/opt/ros/jazzy/opt/gz_plugin_vendor/lib:/opt/ros/jazzy/opt/gz_fuel_tools_vendor/lib:/opt/ros/jazzy/opt/gz_msgs_vendor/lib:/opt/ros/jazzy/opt/gz_common_vendor/lib:/opt/ros/jazzy/opt/gz_math_vendor/lib:/opt/ros/jazzy/opt/gz_utils_vendor/lib:/opt/ros/jazzy/opt/gz_tools_vendor/lib:/opt/ros/jazzy/opt/gz_ogre_next_vendor/lib:/opt/ros/jazzy/opt/gz_dartsim_vendor/lib:/opt/ros/jazzy/opt/gz_cmake_vendor/lib:/opt/ros/jazzy/lib:/usr/local/cuda-12.8/lib64’ PYTHONPATH=/home/rob/project/csci5551-s26-team-pointbot/install/xarm_msgs/lib/python3.12/site-packages:/opt/ros/jazzy/lib/python3.12/site-packages /usr/bin/cmake --build /home/rob/project/csci5551-s26-team-pointbot/build/xarm_controller -- -j16 -l16
[16.773s] Invoking command in '/home/rob/project/csci5551-s26-team-pointbot/build/xarm_controller': CMAKE_PREFIX_PATH=/home/rob/project/csci5551-s26-team-pointbot/install/xarm_api:/home/rob/project/csci5551-s26-team-pointbot/install/xarm_sdk:/home/rob/project/csci5551-s26-team-pointbot/install/xarm_msgs:/home/rob/project/csci5551-s26-team-pointbot/install/xarm_description:/home/rob/project/csci5551-s26-team-pointbot/install/xarm_gazebo:/home/rob/project/csci5551-s26-team-pointbot/install/xarm_moveit_config:/home/rob/project/csci5551-s26-team-pointbot/install/xarm_controller:/opt/ros/jazzy/opt/gz_sim_vendor:/opt/ros/jazzy/opt/gz_sensors_vendor:/opt/ros/jazzy/opt/gz_physics_vendor:/opt/ros/jazzy/opt/sdformat_vendor:/opt/ros/jazzy/opt/gz_gui_vendor:/opt/ros/jazzy/opt/gz_transport_vendor:/opt/ros/jazzy/opt/gz_rendering_vendor:/opt/ros/jazzy/opt/gz_plugin_vendor:/opt/ros/jazzy/opt/gz_fuel_tools_vendor:/opt/ros/jazzy/opt/gz_msgs_vendor:/opt/ros/jazzy/opt/gz_common_vendor:/opt/ros/jazzy/opt/gz_math_vendor:/opt/ros/jazzy/opt/gz_utils_vendor:/opt/ros/jazzy/opt/gz_tools_vendor:/opt/ros/jazzy/opt/gz_ogre_next_vendor:/opt/ros/jazzy/opt/gz_dartsim_vendor:/opt/ros/jazzy/opt/gz_cmake_vendor:/home/rob/project/csci5551-s26-team-pointbot/install/pointbot_rviz:/home/rob/project/csci5551-s26-team-pointbot/install/uf_ros_lib:/opt/ros/jazzy DEBUGINFOD_URLS=https://debuginfod.ubuntu.com LD_LIBRARY_PATH=/home/rob/project/csci5551-s26-team-pointbot/install/xarm_api/lib:/home/rob/project/csci5551-s26-team-pointbot/install/xarm_sdk/lib:/home/rob/project/csci5551-s26-team-pointbot/install/xarm_msgs/lib:/home/rob/project/csci5551-s26-team-pointbot/install/xarm_gazebo/lib:/home/rob/project/csci5551-s26-team-pointbot/install/xarm_controller/lib:/opt/ros/jazzy/opt/gz_sim_vendor/lib:/opt/ros/jazzy/opt/gz_sensors_vendor/lib:/opt/ros/jazzy/opt/gz_physics_vendor/lib:/opt/ros/jazzy/opt/sdformat_vendor/lib:/opt/ros/jazzy/opt/rviz_ogre_vendor/lib:/opt/ros/jazzy/lib/x86_64-linux-gnu:/opt/ros/jazzy/opt/gz_gui_vendor/lib:/opt/ros/jazzy/opt/gz_transport_vendor/lib:/opt/ros/jazzy/opt/gz_rendering_vendor/lib:/opt/ros/jazzy/opt/gz_plugin_vendor/lib:/opt/ros/jazzy/opt/gz_fuel_tools_vendor/lib:/opt/ros/jazzy/opt/gz_msgs_vendor/lib:/opt/ros/jazzy/opt/gz_common_vendor/lib:/opt/ros/jazzy/opt/gz_math_vendor/lib:/opt/ros/jazzy/opt/gz_utils_vendor/lib:/opt/ros/jazzy/opt/gz_tools_vendor/lib:/opt/ros/jazzy/opt/gz_ogre_next_vendor/lib:/opt/ros/jazzy/opt/gz_dartsim_vendor/lib:/opt/ros/jazzy/opt/gz_cmake_vendor/lib:/opt/ros/jazzy/lib:/usr/local/cuda-12.8/lib64’ PYTHONPATH=/home/rob/project/csci5551-s26-team-pointbot/install/xarm_msgs/lib/python3.12/site-packages:/opt/ros/jazzy/lib/python3.12/site-packages /usr/bin/cmake --install /home/rob/project/csci5551-s26-team-pointbot/build/xarm_controller
[16.792s] -- Install configuration: ""
[16.793s] -- Installing: /home/rob/project/csci5551-s26-team-pointbot/install/xarm_controller/share/xarm_controller/uf_hardware_interface_plugins.xml
[16.793s] -- Installing: /home/rob/project/csci5551-s26-team-pointbot/install/xarm_controller/include
[16.794s] -- Installing: /home/rob/project/csci5551-s26-team-pointbot/install/xarm_controller/include/xarm_controller
[16.794s] -- Installing: /home/rob/project/csci5551-s26-team-pointbot/install/xarm_controller/include/xarm_controller/hardware
[16.794s] -- Installing: /home/rob/project/csci5551-s26-team-pointbot/install/xarm_controller/include/xarm_controller/hardware/uf_robot_fake_system_hardware.h
[16.794s] -- Installing: /home/rob/project/csci5551-s26-team-pointbot/install/xarm_controller/include/xarm_controller/hardware/bak_uf_robot_fake_system_hardware.h
[16.795s] -- Installing: /home/rob/project/csci5551-s26-team-pointbot/install/xarm_controller/include/xarm_controller/hardware/uf_robot_system_hardware.h
[16.795s] -- Installing: /home/rob/project/csci5551-s26-team-pointbot/install/xarm_controller/lib/libuf_robot_hardware.so
[16.800s] -- Set non-toolchain portion of runtime path of "/home/rob/project/csci5551-s26-team-pointbot/install/xarm_controller/lib/libuf_robot_hardware.so" to ""
[16.801s] -- Installing: /home/rob/project/csci5551-s26-team-pointbot/install/xarm_controller/share/xarm_controller//launch
[16.801s] -- Installing: /home/rob/project/csci5551-s26-team-pointbot/install/xarm_controller/share/xarm_controller//launch/lite6_control_rviz_display.launch.py
[16.801s] -- Installing: /home/rob/project/csci5551-s26-team-pointbot/install/xarm_controller/share/xarm_controller//launch/xarm6_control_rviz_display.launch.py
[16.801s] -- Installing: /home/rob/project/csci5551-s26-team-pointbot/install/xarm_controller/share/xarm_controller//launch/xarm5_control_rviz_display.launch.py
[16.802s] -- Installing: /home/rob/project/csci5551-s26-team-pointbot/install/xarm_controller/share/xarm_controller//launch/_dual_ros2_control.launch.py
[16.802s] -- Installing: /home/rob/project/csci5551-s26-team-pointbot/install/xarm_controller/share/xarm_controller//launch/uf850_control_rviz_display.launch.py
[16.802s] -- Installing: /home/rob/project/csci5551-s26-team-pointbot/install/xarm_controller/share/xarm_controller//launch/_robot_ros2_control.launch.py
[16.802s] -- Installing: /home/rob/project/csci5551-s26-team-pointbot/install/xarm_controller/share/xarm_controller//launch/lib
[16.802s] -- Installing: /home/rob/project/csci5551-s26-team-pointbot/install/xarm_controller/share/xarm_controller//launch/lib/robot_controller_lib.py
[16.802s] -- Installing: /home/rob/project/csci5551-s26-team-pointbot/install/xarm_controller/share/xarm_controller//launch/_ros2_control.launch.py
[16.802s] -- Installing: /home/rob/project/csci5551-s26-team-pointbot/install/xarm_controller/share/xarm_controller//launch/xarm7_mirror_control_rviz_display.launch.py
[16.803s] -- Installing: /home/rob/project/csci5551-s26-team-pointbot/install/xarm_controller/share/xarm_controller//launch/xarm7_control_rviz_display.launch.py
[16.803s] -- Installing: /home/rob/project/csci5551-s26-team-pointbot/install/xarm_controller/share/xarm_controller//config
[16.803s] -- Installing: /home/rob/project/csci5551-s26-team-pointbot/install/xarm_controller/share/xarm_controller//config/lite6_controllers.yaml
[16.803s] -- Installing: /home/rob/project/csci5551-s26-team-pointbot/install/xarm_controller/share/xarm_controller//config/xarm6_controllers.yaml
[16.803s] -- Installing: /home/rob/project/csci5551-s26-team-pointbot/install/xarm_controller/share/xarm_controller//config/xarm5_controllers.yaml
[16.803s] -- Installing: /home/rob/project/csci5551-s26-team-pointbot/install/xarm_controller/share/xarm_controller//config/xarm7_mirror_controllers.yaml
[16.804s] -- Installing: /home/rob/project/csci5551-s26-team-pointbot/install/xarm_controller/share/xarm_controller//config/uf850_gripper_controllers.yaml
[16.804s] -- Installing: /home/rob/project/csci5551-s26-team-pointbot/install/xarm_controller/share/xarm_controller//config/xarm_gripper_controllers.yaml
[16.804s] -- Installing: /home/rob/project/csci5551-s26-team-pointbot/install/xarm_controller/share/xarm_controller//config/xarm7_mirror_gripper_controllers.yaml
[16.804s] -- Installing: /home/rob/project/csci5551-s26-team-pointbot/install/xarm_controller/share/xarm_controller//config/xarm7_controllers.yaml
[16.804s] -- Installing: /home/rob/project/csci5551-s26-team-pointbot/install/xarm_controller/share/xarm_controller//config/bio_gripper_controllers.yaml
[16.804s] -- Installing: /home/rob/project/csci5551-s26-team-pointbot/install/xarm_controller/share/xarm_controller//config/uf850_controllers.yaml
[16.804s] -- Installing: /home/rob/project/csci5551-s26-team-pointbot/install/xarm_controller/share/xarm_controller/environment/library_path.sh
[16.804s] -- Installing: /home/rob/project/csci5551-s26-team-pointbot/install/xarm_controller/share/xarm_controller/environment/library_path.dsv
[16.805s] -- Installing: /home/rob/project/csci5551-s26-team-pointbot/install/xarm_controller/share/ament_index/resource_index/package_run_dependencies/xarm_controller
[16.805s] -- Installing: /home/rob/project/csci5551-s26-team-pointbot/install/xarm_controller/share/ament_index/resource_index/parent_prefix_path/xarm_controller
[16.805s] -- Installing: /home/rob/project/csci5551-s26-team-pointbot/install/xarm_controller/share/xarm_controller/environment/ament_prefix_path.sh
[16.805s] -- Installing: /home/rob/project/csci5551-s26-team-pointbot/install/xarm_controller/share/xarm_controller/environment/ament_prefix_path.dsv
[16.805s] -- Installing: /home/rob/project/csci5551-s26-team-pointbot/install/xarm_controller/share/xarm_controller/environment/path.sh
[16.805s] -- Installing: /home/rob/project/csci5551-s26-team-pointbot/install/xarm_controller/share/xarm_controller/environment/path.dsv
[16.805s] -- Installing: /home/rob/project/csci5551-s26-team-pointbot/install/xarm_controller/share/xarm_controller/local_setup.bash
[16.805s] -- Installing: /home/rob/project/csci5551-s26-team-pointbot/install/xarm_controller/share/xarm_controller/local_setup.sh
[16.806s] -- Installing: /home/rob/project/csci5551-s26-team-pointbot/install/xarm_controller/share/xarm_controller/local_setup.zsh
[16.806s] -- Installing: /home/rob/project/csci5551-s26-team-pointbot/install/xarm_controller/share/xarm_controller/local_setup.dsv
[16.806s] -- Installing: /home/rob/project/csci5551-s26-team-pointbot/install/xarm_controller/share/xarm_controller/package.dsv
[16.806s] -- Installing: /home/rob/project/csci5551-s26-team-pointbot/install/xarm_controller/share/ament_index/resource_index/packages/xarm_controller
[16.806s] -- Installing: /home/rob/project/csci5551-s26-team-pointbot/install/xarm_controller/share/ament_index/resource_index/hardware_interface__pluginlib__plugin/xarm_controller
[16.807s] -- Installing: /home/rob/project/csci5551-s26-team-pointbot/install/xarm_controller/share/xarm_controller/cmake/ament_cmake_export_include_directories-extras.cmake
[16.807s] -- Installing: /home/rob/project/csci5551-s26-team-pointbot/install/xarm_controller/share/xarm_controller/cmake/ament_cmake_export_libraries-extras.cmake
[16.807s] -- Installing: /home/rob/project/csci5551-s26-team-pointbot/install/xarm_controller/share/xarm_controller/cmake/ament_cmake_export_dependencies-extras.cmake
[16.807s] -- Installing: /home/rob/project/csci5551-s26-team-pointbot/install/xarm_controller/share/xarm_controller/cmake/xarm_controllerConfig.cmake
[16.807s] -- Installing: /home/rob/project/csci5551-s26-team-pointbot/install/xarm_controller/share/xarm_controller/cmake/xarm_controllerConfig-version.cmake
[16.807s] -- Installing: /home/rob/project/csci5551-s26-team-pointbot/install/xarm_controller/share/xarm_controller/package.xml
[16.811s] Invoked command in '/home/rob/project/csci5551-s26-team-pointbot/build/xarm_controller' returned '0': CMAKE_PREFIX_PATH=/home/rob/project/csci5551-s26-team-pointbot/install/xarm_api:/home/rob/project/csci5551-s26-team-pointbot/install/xarm_sdk:/home/rob/project/csci5551-s26-team-pointbot/install/xarm_msgs:/home/rob/project/csci5551-s26-team-pointbot/install/xarm_description:/home/rob/project/csci5551-s26-team-pointbot/install/xarm_gazebo:/home/rob/project/csci5551-s26-team-pointbot/install/xarm_moveit_config:/home/rob/project/csci5551-s26-team-pointbot/install/xarm_controller:/opt/ros/jazzy/opt/gz_sim_vendor:/opt/ros/jazzy/opt/gz_sensors_vendor:/opt/ros/jazzy/opt/gz_physics_vendor:/opt/ros/jazzy/opt/sdformat_vendor:/opt/ros/jazzy/opt/gz_gui_vendor:/opt/ros/jazzy/opt/gz_transport_vendor:/opt/ros/jazzy/opt/gz_rendering_vendor:/opt/ros/jazzy/opt/gz_plugin_vendor:/opt/ros/jazzy/opt/gz_fuel_tools_vendor:/opt/ros/jazzy/opt/gz_msgs_vendor:/opt/ros/jazzy/opt/gz_common_vendor:/opt/ros/jazzy/opt/gz_math_vendor:/opt/ros/jazzy/opt/gz_utils_vendor:/opt/ros/jazzy/opt/gz_tools_vendor:/opt/ros/jazzy/opt/gz_ogre_next_vendor:/opt/ros/jazzy/opt/gz_dartsim_vendor:/opt/ros/jazzy/opt/gz_cmake_vendor:/home/rob/project/csci5551-s26-team-pointbot/install/pointbot_rviz:/home/rob/project/csci5551-s26-team-pointbot/install/uf_ros_lib:/opt/ros/jazzy DEBUGINFOD_URLS=https://debuginfod.ubuntu.com LD_LIBRARY_PATH=/home/rob/project/csci5551-s26-team-pointbot/install/xarm_api/lib:/home/rob/project/csci5551-s26-team-pointbot/install/xarm_sdk/lib:/home/rob/project/csci5551-s26-team-pointbot/install/xarm_msgs/lib:/home/rob/project/csci5551-s26-team-pointbot/install/xarm_gazebo/lib:/home/rob/project/csci5551-s26-team-pointbot/install/xarm_controller/lib:/opt/ros/jazzy/opt/gz_sim_vendor/lib:/opt/ros/jazzy/opt/gz_sensors_vendor/lib:/opt/ros/jazzy/opt/gz_physics_vendor/lib:/opt/ros/jazzy/opt/sdformat_vendor/lib:/opt/ros/jazzy/opt/rviz_ogre_vendor/lib:/opt/ros/jazzy/lib/x86_64-linux-gnu:/opt/ros/jazzy/opt/gz_gui_vendor/lib:/opt/ros/jazzy/opt/gz_transport_vendor/lib:/opt/ros/jazzy/opt/gz_rendering_vendor/lib:/opt/ros/jazzy/opt/gz_plugin_vendor/lib:/opt/ros/jazzy/opt/gz_fuel_tools_vendor/lib:/opt/ros/jazzy/opt/gz_msgs_vendor/lib:/opt/ros/jazzy/opt/gz_common_vendor/lib:/opt/ros/jazzy/opt/gz_math_vendor/lib:/opt/ros/jazzy/opt/gz_utils_vendor/lib:/opt/ros/jazzy/opt/gz_tools_vendor/lib:/opt/ros/jazzy/opt/gz_ogre_next_vendor/lib:/opt/ros/jazzy/opt/gz_dartsim_vendor/lib:/opt/ros/jazzy/opt/gz_cmake_vendor/lib:/opt/ros/jazzy/lib:/usr/local/cuda-12.8/lib64’ PYTHONPATH=/home/rob/project/csci5551-s26-team-pointbot/install/xarm_msgs/lib/python3.12/site-packages:/opt/ros/jazzy/lib/python3.12/site-packages /usr/bin/cmake --install /home/rob/project/csci5551-s26-team-pointbot/build/xarm_controller
