[0.036s] Invoking command in '/home/rob/project/csci5551-s26-team-pointbot/build/xarm_moveit_config': CMAKE_PREFIX_PATH=${CMAKE_PREFIX_PATH}:/opt/ros/jazzy CONDA_PROMPT_MODIFIER=(base) DEBUGINFOD_URLS=https://debuginfod.ubuntu.com LD_LIBRARY_PATH=/home/rob/project/csci5551-s26-team-pointbot/install/lib:/opt/ros/jazzy/opt/sdformat_vendor/lib:/opt/ros/jazzy/opt/rviz_ogre_vendor/lib:/opt/ros/jazzy/lib/x86_64-linux-gnu:/opt/ros/jazzy/opt/gz_math_vendor/lib:/opt/ros/jazzy/opt/gz_utils_vendor/lib:/opt/ros/jazzy/opt/gz_tools_vendor/lib:/opt/ros/jazzy/opt/gz_cmake_vendor/lib:/opt/ros/jazzy/lib:/usr/local/cuda-12.8/lib64’ PYTHONPATH=/home/rob/project/csci5551-s26-team-pointbot/install/lib/python3.12/site-packages:/home/rob/project/csci5551-s26-team-pointbot/install/lib/python3.13/site-packages:/opt/ros/jazzy/lib/python3.12/site-packages:/home/rob/robotics5551:/home/rob/robotics5551 /usr/bin/cmake /home/rob/project/csci5551-s26-team-pointbot/src/xarm_ros2/xarm_moveit_config -DCMAKE_INSTALL_PREFIX=/home/rob/project/csci5551-s26-team-pointbot/install
[0.145s] -- The C compiler identification is GNU 13.3.0
[0.240s] -- The CXX compiler identification is GNU 13.3.0
[0.268s] -- Detecting C compiler ABI info
[0.445s] -- Detecting C compiler ABI info - done
[0.466s] -- Check for working C compiler: /usr/bin/cc - skipped
[0.467s] -- Detecting C compile features
[0.467s] -- Detecting C compile features - done
[0.484s] -- Detecting CXX compiler ABI info
[0.669s] -- Detecting CXX compiler ABI info - done
[0.691s] -- Check for working CXX compiler: /usr/bin/c++ - skipped
[0.691s] -- Detecting CXX compile features
[0.692s] -- Detecting CXX compile features - done
[0.695s] -- Found ament_cmake: 2.5.5 (/opt/ros/jazzy/share/ament_cmake/cmake)
[0.860s] -- Found Python3: /home/rob/miniforge3/bin/python3 (found version "3.13.12") found components: Interpreter 
[0.991s] -- Found ament_lint_auto: 0.17.4 (/opt/ros/jazzy/share/ament_lint_auto/cmake)
[1.120s] -- Added test 'copyright' to check source files copyright and LICENSE
[1.125s] -- Added test 'flake8' to check Python code syntax and style conventions
[1.125s] -- Configured 'flake8' exclude dirs and/or files: 
[1.126s] -- Added test 'lint_cmake' to check CMake code style
[1.127s] -- Added test 'pep257' to check Python code against some of the docstring style conventions in PEP 257
[1.130s] -- Added test 'xmllint' to check XML markup files
[1.130s] -- Configuring done (1.1s)
[1.132s] -- Generating done (0.0s)
[1.134s] -- Build files have been written to: /home/rob/project/csci5551-s26-team-pointbot/build/xarm_moveit_config
[1.138s] Invoked command in '/home/rob/project/csci5551-s26-team-pointbot/build/xarm_moveit_config' returned '0': CMAKE_PREFIX_PATH=${CMAKE_PREFIX_PATH}:/opt/ros/jazzy CONDA_PROMPT_MODIFIER=(base) DEBUGINFOD_URLS=https://debuginfod.ubuntu.com LD_LIBRARY_PATH=/home/rob/project/csci5551-s26-team-pointbot/install/lib:/opt/ros/jazzy/opt/sdformat_vendor/lib:/opt/ros/jazzy/opt/rviz_ogre_vendor/lib:/opt/ros/jazzy/lib/x86_64-linux-gnu:/opt/ros/jazzy/opt/gz_math_vendor/lib:/opt/ros/jazzy/opt/gz_utils_vendor/lib:/opt/ros/jazzy/opt/gz_tools_vendor/lib:/opt/ros/jazzy/opt/gz_cmake_vendor/lib:/opt/ros/jazzy/lib:/usr/local/cuda-12.8/lib64’ PYTHONPATH=/home/rob/project/csci5551-s26-team-pointbot/install/lib/python3.12/site-packages:/home/rob/project/csci5551-s26-team-pointbot/install/lib/python3.13/site-packages:/opt/ros/jazzy/lib/python3.12/site-packages:/home/rob/robotics5551:/home/rob/robotics5551 /usr/bin/cmake /home/rob/project/csci5551-s26-team-pointbot/src/xarm_ros2/xarm_moveit_config -DCMAKE_INSTALL_PREFIX=/home/rob/project/csci5551-s26-team-pointbot/install
[1.140s] Invoking command in '/home/rob/project/csci5551-s26-team-pointbot/build/xarm_moveit_config': CMAKE_PREFIX_PATH=${CMAKE_PREFIX_PATH}:/opt/ros/jazzy CONDA_PROMPT_MODIFIER=(base) DEBUGINFOD_URLS=https://debuginfod.ubuntu.com LD_LIBRARY_PATH=/home/rob/project/csci5551-s26-team-pointbot/install/lib:/opt/ros/jazzy/opt/sdformat_vendor/lib:/opt/ros/jazzy/opt/rviz_ogre_vendor/lib:/opt/ros/jazzy/lib/x86_64-linux-gnu:/opt/ros/jazzy/opt/gz_math_vendor/lib:/opt/ros/jazzy/opt/gz_utils_vendor/lib:/opt/ros/jazzy/opt/gz_tools_vendor/lib:/opt/ros/jazzy/opt/gz_cmake_vendor/lib:/opt/ros/jazzy/lib:/usr/local/cuda-12.8/lib64’ PYTHONPATH=/home/rob/project/csci5551-s26-team-pointbot/install/lib/python3.12/site-packages:/home/rob/project/csci5551-s26-team-pointbot/install/lib/python3.13/site-packages:/opt/ros/jazzy/lib/python3.12/site-packages:/home/rob/robotics5551:/home/rob/robotics5551 /usr/bin/cmake --build /home/rob/project/csci5551-s26-team-pointbot/build/xarm_moveit_config -- -j16 -l16
[1.217s] Invoked command in '/home/rob/project/csci5551-s26-team-pointbot/build/xarm_moveit_config' returned '0': CMAKE_PREFIX_PATH=${CMAKE_PREFIX_PATH}:/opt/ros/jazzy CONDA_PROMPT_MODIFIER=(base) DEBUGINFOD_URLS=https://debuginfod.ubuntu.com LD_LIBRARY_PATH=/home/rob/project/csci5551-s26-team-pointbot/install/lib:/opt/ros/jazzy/opt/sdformat_vendor/lib:/opt/ros/jazzy/opt/rviz_ogre_vendor/lib:/opt/ros/jazzy/lib/x86_64-linux-gnu:/opt/ros/jazzy/opt/gz_math_vendor/lib:/opt/ros/jazzy/opt/gz_utils_vendor/lib:/opt/ros/jazzy/opt/gz_tools_vendor/lib:/opt/ros/jazzy/opt/gz_cmake_vendor/lib:/opt/ros/jazzy/lib:/usr/local/cuda-12.8/lib64’ PYTHONPATH=/home/rob/project/csci5551-s26-team-pointbot/install/lib/python3.12/site-packages:/home/rob/project/csci5551-s26-team-pointbot/install/lib/python3.13/site-packages:/opt/ros/jazzy/lib/python3.12/site-packages:/home/rob/robotics5551:/home/rob/robotics5551 /usr/bin/cmake --build /home/rob/project/csci5551-s26-team-pointbot/build/xarm_moveit_config -- -j16 -l16
[1.217s] Invoking command in '/home/rob/project/csci5551-s26-team-pointbot/build/xarm_moveit_config': CMAKE_PREFIX_PATH=${CMAKE_PREFIX_PATH}:/opt/ros/jazzy CONDA_PROMPT_MODIFIER=(base) DEBUGINFOD_URLS=https://debuginfod.ubuntu.com LD_LIBRARY_PATH=/home/rob/project/csci5551-s26-team-pointbot/install/lib:/opt/ros/jazzy/opt/sdformat_vendor/lib:/opt/ros/jazzy/opt/rviz_ogre_vendor/lib:/opt/ros/jazzy/lib/x86_64-linux-gnu:/opt/ros/jazzy/opt/gz_math_vendor/lib:/opt/ros/jazzy/opt/gz_utils_vendor/lib:/opt/ros/jazzy/opt/gz_tools_vendor/lib:/opt/ros/jazzy/opt/gz_cmake_vendor/lib:/opt/ros/jazzy/lib:/usr/local/cuda-12.8/lib64’ PYTHONPATH=/home/rob/project/csci5551-s26-team-pointbot/install/lib/python3.12/site-packages:/home/rob/project/csci5551-s26-team-pointbot/install/lib/python3.13/site-packages:/opt/ros/jazzy/lib/python3.12/site-packages:/home/rob/robotics5551:/home/rob/robotics5551 /usr/bin/cmake --install /home/rob/project/csci5551-s26-team-pointbot/build/xarm_moveit_config
[1.235s] -- Install configuration: ""
[1.236s] -- Installing: /home/rob/project/csci5551-s26-team-pointbot/install/share/xarm_moveit_config//config
[1.236s] -- Installing: /home/rob/project/csci5551-s26-team-pointbot/install/share/xarm_moveit_config//config/xarm7
[1.236s] -- Installing: /home/rob/project/csci5551-s26-team-pointbot/install/share/xarm_moveit_config//config/xarm7/kinematics.yaml
[1.236s] -- Installing: /home/rob/project/csci5551-s26-team-pointbot/install/share/xarm_moveit_config//config/xarm7/joint_limits.yaml
[1.236s] -- Installing: /home/rob/project/csci5551-s26-team-pointbot/install/share/xarm_moveit_config//config/xarm7/controllers.yaml
[1.236s] -- Installing: /home/rob/project/csci5551-s26-team-pointbot/install/share/xarm_moveit_config//config/xarm7/ompl_planning.yaml
[1.236s] -- Installing: /home/rob/project/csci5551-s26-team-pointbot/install/share/xarm_moveit_config//config/xarm7/fake_controllers.yaml
[1.236s] -- Installing: /home/rob/project/csci5551-s26-team-pointbot/install/share/xarm_moveit_config//config/xarm6
[1.237s] -- Installing: /home/rob/project/csci5551-s26-team-pointbot/install/share/xarm_moveit_config//config/xarm6/kinematics.yaml
[1.237s] -- Installing: /home/rob/project/csci5551-s26-team-pointbot/install/share/xarm_moveit_config//config/xarm6/joint_limits.yaml
[1.237s] -- Installing: /home/rob/project/csci5551-s26-team-pointbot/install/share/xarm_moveit_config//config/xarm6/controllers.yaml
[1.237s] -- Installing: /home/rob/project/csci5551-s26-team-pointbot/install/share/xarm_moveit_config//config/xarm6/ompl_planning.yaml
[1.238s] -- Installing: /home/rob/project/csci5551-s26-team-pointbot/install/share/xarm_moveit_config//config/xarm6/fake_controllers.yaml
[1.238s] -- Installing: /home/rob/project/csci5551-s26-team-pointbot/install/share/xarm_moveit_config//config/lite6
[1.238s] -- Installing: /home/rob/project/csci5551-s26-team-pointbot/install/share/xarm_moveit_config//config/lite6/kinematics.yaml
[1.238s] -- Installing: /home/rob/project/csci5551-s26-team-pointbot/install/share/xarm_moveit_config//config/lite6/joint_limits.yaml
[1.238s] -- Installing: /home/rob/project/csci5551-s26-team-pointbot/install/share/xarm_moveit_config//config/lite6/controllers.yaml
[1.238s] -- Installing: /home/rob/project/csci5551-s26-team-pointbot/install/share/xarm_moveit_config//config/lite6/ompl_planning.yaml
[1.239s] -- Installing: /home/rob/project/csci5551-s26-team-pointbot/install/share/xarm_moveit_config//config/lite6/fake_controllers.yaml
[1.239s] -- Installing: /home/rob/project/csci5551-s26-team-pointbot/install/share/xarm_moveit_config//config/xarm7_mirror
[1.239s] -- Installing: /home/rob/project/csci5551-s26-team-pointbot/install/share/xarm_moveit_config//config/xarm7_mirror/kinematics.yaml
[1.239s] -- Installing: /home/rob/project/csci5551-s26-team-pointbot/install/share/xarm_moveit_config//config/xarm7_mirror/joint_limits.yaml
[1.239s] -- Installing: /home/rob/project/csci5551-s26-team-pointbot/install/share/xarm_moveit_config//config/xarm7_mirror/controllers.yaml
[1.239s] -- Installing: /home/rob/project/csci5551-s26-team-pointbot/install/share/xarm_moveit_config//config/xarm7_mirror/ompl_planning.yaml
[1.239s] -- Installing: /home/rob/project/csci5551-s26-team-pointbot/install/share/xarm_moveit_config//config/xarm7_mirror/fake_controllers.yaml
[1.239s] -- Installing: /home/rob/project/csci5551-s26-team-pointbot/install/share/xarm_moveit_config//config/moveit_configs
[1.239s] -- Installing: /home/rob/project/csci5551-s26-team-pointbot/install/share/xarm_moveit_config//config/moveit_configs/stomp_planning.yaml
[1.239s] -- Installing: /home/rob/project/csci5551-s26-team-pointbot/install/share/xarm_moveit_config//config/moveit_configs/ompl_planning.yaml
[1.239s] -- Installing: /home/rob/project/csci5551-s26-team-pointbot/install/share/xarm_moveit_config//config/moveit_configs/pilz_cartesian_limits.yaml
[1.240s] -- Installing: /home/rob/project/csci5551-s26-team-pointbot/install/share/xarm_moveit_config//config/moveit_configs/ompl_defaults.yaml
[1.240s] -- Installing: /home/rob/project/csci5551-s26-team-pointbot/install/share/xarm_moveit_config//config/moveit_configs/pilz_industrial_motion_planner_planning.yaml
[1.240s] -- Installing: /home/rob/project/csci5551-s26-team-pointbot/install/share/xarm_moveit_config//config/moveit_configs/chomp_planning.yaml
[1.240s] -- Installing: /home/rob/project/csci5551-s26-team-pointbot/install/share/xarm_moveit_config//config/uf850_gripper
[1.240s] -- Installing: /home/rob/project/csci5551-s26-team-pointbot/install/share/xarm_moveit_config//config/uf850_gripper/joint_limits.yaml
[1.240s] -- Installing: /home/rob/project/csci5551-s26-team-pointbot/install/share/xarm_moveit_config//config/uf850_gripper/controllers.yaml
[1.241s] -- Installing: /home/rob/project/csci5551-s26-team-pointbot/install/share/xarm_moveit_config//config/uf850_gripper/ompl_planning.yaml
[1.241s] -- Installing: /home/rob/project/csci5551-s26-team-pointbot/install/share/xarm_moveit_config//config/uf850_gripper/fake_controllers.yaml
[1.241s] -- Installing: /home/rob/project/csci5551-s26-team-pointbot/install/share/xarm_moveit_config//config/uf850
[1.241s] -- Installing: /home/rob/project/csci5551-s26-team-pointbot/install/share/xarm_moveit_config//config/uf850/kinematics.yaml
[1.241s] -- Installing: /home/rob/project/csci5551-s26-team-pointbot/install/share/xarm_moveit_config//config/uf850/joint_limits.yaml
[1.241s] -- Installing: /home/rob/project/csci5551-s26-team-pointbot/install/share/xarm_moveit_config//config/uf850/controllers.yaml
[1.241s] -- Installing: /home/rob/project/csci5551-s26-team-pointbot/install/share/xarm_moveit_config//config/uf850/ompl_planning.yaml
[1.241s] -- Installing: /home/rob/project/csci5551-s26-team-pointbot/install/share/xarm_moveit_config//config/uf850/fake_controllers.yaml
[1.241s] -- Installing: /home/rob/project/csci5551-s26-team-pointbot/install/share/xarm_moveit_config//config/xarm_gripper
[1.241s] -- Installing: /home/rob/project/csci5551-s26-team-pointbot/install/share/xarm_moveit_config//config/xarm_gripper/joint_limits.yaml
[1.241s] -- Installing: /home/rob/project/csci5551-s26-team-pointbot/install/share/xarm_moveit_config//config/xarm_gripper/controllers.yaml
[1.242s] -- Installing: /home/rob/project/csci5551-s26-team-pointbot/install/share/xarm_moveit_config//config/xarm_gripper/ompl_planning.yaml
[1.242s] -- Installing: /home/rob/project/csci5551-s26-team-pointbot/install/share/xarm_moveit_config//config/xarm_gripper/fake_controllers.yaml
[1.242s] -- Installing: /home/rob/project/csci5551-s26-team-pointbot/install/share/xarm_moveit_config//config/xarm5
[1.242s] -- Installing: /home/rob/project/csci5551-s26-team-pointbot/install/share/xarm_moveit_config//config/xarm5/kinematics.yaml
[1.242s] -- Installing: /home/rob/project/csci5551-s26-team-pointbot/install/share/xarm_moveit_config//config/xarm5/joint_limits.yaml
[1.242s] -- Installing: /home/rob/project/csci5551-s26-team-pointbot/install/share/xarm_moveit_config//config/xarm5/controllers.yaml
[1.242s] -- Installing: /home/rob/project/csci5551-s26-team-pointbot/install/share/xarm_moveit_config//config/xarm5/ompl_planning.yaml
[1.242s] -- Installing: /home/rob/project/csci5551-s26-team-pointbot/install/share/xarm_moveit_config//config/xarm5/fake_controllers.yaml
[1.242s] -- Installing: /home/rob/project/csci5551-s26-team-pointbot/install/share/xarm_moveit_config//config/xarm7_mirror_gripper
[1.242s] -- Installing: /home/rob/project/csci5551-s26-team-pointbot/install/share/xarm_moveit_config//config/xarm7_mirror_gripper/joint_limits.yaml
[1.242s] -- Installing: /home/rob/project/csci5551-s26-team-pointbot/install/share/xarm_moveit_config//config/xarm7_mirror_gripper/controllers.yaml
[1.242s] -- Installing: /home/rob/project/csci5551-s26-team-pointbot/install/share/xarm_moveit_config//config/xarm7_mirror_gripper/ompl_planning.yaml
[1.242s] -- Installing: /home/rob/project/csci5551-s26-team-pointbot/install/share/xarm_moveit_config//config/xarm7_mirror_gripper/fake_controllers.yaml
[1.243s] -- Installing: /home/rob/project/csci5551-s26-team-pointbot/install/share/xarm_moveit_config//config/bio_gripper
[1.243s] -- Installing: /home/rob/project/csci5551-s26-team-pointbot/install/share/xarm_moveit_config//config/bio_gripper/joint_limits.yaml
[1.243s] -- Installing: /home/rob/project/csci5551-s26-team-pointbot/install/share/xarm_moveit_config//config/bio_gripper/controllers.yaml
[1.243s] -- Installing: /home/rob/project/csci5551-s26-team-pointbot/install/share/xarm_moveit_config//config/bio_gripper/ompl_planning.yaml
[1.243s] -- Installing: /home/rob/project/csci5551-s26-team-pointbot/install/share/xarm_moveit_config//config/bio_gripper/fake_controllers.yaml
[1.243s] -- Installing: /home/rob/project/csci5551-s26-team-pointbot/install/share/xarm_moveit_config//rviz
[1.243s] -- Installing: /home/rob/project/csci5551-s26-team-pointbot/install/share/xarm_moveit_config//rviz/dual_moveit.rviz
[1.243s] -- Installing: /home/rob/project/csci5551-s26-team-pointbot/install/share/xarm_moveit_config//rviz/moveit.rviz
[1.243s] -- Installing: /home/rob/project/csci5551-s26-team-pointbot/install/share/xarm_moveit_config//rviz/dual_planner.rviz
[1.243s] -- Installing: /home/rob/project/csci5551-s26-team-pointbot/install/share/xarm_moveit_config//rviz/planner.rviz
[1.243s] -- Installing: /home/rob/project/csci5551-s26-team-pointbot/install/share/xarm_moveit_config//srdf
[1.243s] -- Installing: /home/rob/project/csci5551-s26-team-pointbot/install/share/xarm_moveit_config//srdf/_xarm7_macro.srdf.xacro
[1.243s] -- Installing: /home/rob/project/csci5551-s26-team-pointbot/install/share/xarm_moveit_config//srdf/_xarm5_macro.srdf.xacro
[1.243s] -- Installing: /home/rob/project/csci5551-s26-team-pointbot/install/share/xarm_moveit_config//srdf/_xarm7_mirror_macro.srdf.xacro
[1.243s] -- Installing: /home/rob/project/csci5551-s26-team-pointbot/install/share/xarm_moveit_config//srdf/xarm_macro.srdf.xacro
[1.244s] -- Installing: /home/rob/project/csci5551-s26-team-pointbot/install/share/xarm_moveit_config//srdf/xarm.srdf.xacro
[1.244s] -- Installing: /home/rob/project/csci5551-s26-team-pointbot/install/share/xarm_moveit_config//srdf/_uf850_macro.srdf.xacro
[1.244s] -- Installing: /home/rob/project/csci5551-s26-team-pointbot/install/share/xarm_moveit_config//srdf/dual_xarm.srdf.xacro
[1.244s] -- Installing: /home/rob/project/csci5551-s26-team-pointbot/install/share/xarm_moveit_config//srdf/_xarm6_macro.srdf.xacro
[1.244s] -- Installing: /home/rob/project/csci5551-s26-team-pointbot/install/share/xarm_moveit_config//srdf/_lite6_macro.srdf.xacro
[1.244s] -- Installing: /home/rob/project/csci5551-s26-team-pointbot/install/share/xarm_moveit_config//launch
[1.244s] -- Installing: /home/rob/project/csci5551-s26-team-pointbot/install/share/xarm_moveit_config//launch/_dual_robot_moveit_gz.launch.py
[1.244s] -- Installing: /home/rob/project/csci5551-s26-team-pointbot/install/share/xarm_moveit_config//launch/_robot_moveit_common.launch.py
[1.244s] -- Installing: /home/rob/project/csci5551-s26-team-pointbot/install/share/xarm_moveit_config//launch/_dual_robot_moveit_fake.launch.py
[1.244s] -- Installing: /home/rob/project/csci5551-s26-team-pointbot/install/share/xarm_moveit_config//launch/lite6_moveit_realmove.launch.py
[1.244s] -- Installing: /home/rob/project/csci5551-s26-team-pointbot/install/share/xarm_moveit_config//launch/uf850_moveit_fake.launch.py
[1.244s] -- Installing: /home/rob/project/csci5551-s26-team-pointbot/install/share/xarm_moveit_config//launch/_robot_moveit_fake.launch.py
[1.244s] -- Installing: /home/rob/project/csci5551-s26-team-pointbot/install/share/xarm_moveit_config//launch/lite6_moveit_fake.launch.py
[1.244s] -- Installing: /home/rob/project/csci5551-s26-team-pointbot/install/share/xarm_moveit_config//launch/_robot_moveit_common2.launch.py
[1.245s] -- Installing: /home/rob/project/csci5551-s26-team-pointbot/install/share/xarm_moveit_config//launch/_dual_robot_moveit_gazebo.launch.py
[1.245s] -- Installing: /home/rob/project/csci5551-s26-team-pointbot/install/share/xarm_moveit_config//launch/_dual_robot_moveit_common2.launch.py
[1.245s] -- Installing: /home/rob/project/csci5551-s26-team-pointbot/install/share/xarm_moveit_config//launch/dual_xarm5_moveit_fake.launch.py
[1.245s] -- Installing: /home/rob/project/csci5551-s26-team-pointbot/install/share/xarm_moveit_config//launch/xarm5_moveit_gazebo.launch.py
[1.245s] -- Installing: /home/rob/project/csci5551-s26-team-pointbot/install/share/xarm_moveit_config//launch/uf850_moveit_gazebo.launch.py
[1.245s] -- Installing: /home/rob/project/csci5551-s26-team-pointbot/install/share/xarm_moveit_config//launch/xarm6_moveit_realmove.launch.py
[1.245s] -- Installing: /home/rob/project/csci5551-s26-team-pointbot/install/share/xarm_moveit_config//launch/_robot_moveit_gazebo.launch.py
[1.245s] -- Installing: /home/rob/project/csci5551-s26-team-pointbot/install/share/xarm_moveit_config//launch/dual_xarm7_moveit_realmove.launch.py
[1.245s] -- Installing: /home/rob/project/csci5551-s26-team-pointbot/install/share/xarm_moveit_config//launch/xarm5_moveit_realmove.launch.py
[1.245s] -- Installing: /home/rob/project/csci5551-s26-team-pointbot/install/share/xarm_moveit_config//launch/dual_lite6_moveit_realmove.launch.py
[1.245s] -- Installing: /home/rob/project/csci5551-s26-team-pointbot/install/share/xarm_moveit_config//launch/xarm7_moveit_fake.launch.py
[1.245s] -- Installing: /home/rob/project/csci5551-s26-team-pointbot/install/share/xarm_moveit_config//launch/_robot_moveit_realmove.launch.py
[1.245s] -- Installing: /home/rob/project/csci5551-s26-team-pointbot/install/share/xarm_moveit_config//launch/lite6_moveit_gazebo.launch.py
[1.245s] -- Installing: /home/rob/project/csci5551-s26-team-pointbot/install/share/xarm_moveit_config//launch/dual_uf850_moveit_realmove.launch.py
[1.246s] -- Installing: /home/rob/project/csci5551-s26-team-pointbot/install/share/xarm_moveit_config//launch/dual_xarm6_moveit_fake.launch.py
[1.246s] -- Installing: /home/rob/project/csci5551-s26-team-pointbot/install/share/xarm_moveit_config//launch/lib
[1.246s] -- Installing: /home/rob/project/csci5551-s26-team-pointbot/install/share/xarm_moveit_config//launch/lib/robot_moveit_config_lib.py
[1.246s] -- Installing: /home/rob/project/csci5551-s26-team-pointbot/install/share/xarm_moveit_config//launch/dual_xarm6_moveit_realmove.launch.py
[1.246s] -- Installing: /home/rob/project/csci5551-s26-team-pointbot/install/share/xarm_moveit_config//launch/xarm7_moveit_gazebo.launch.py
[1.246s] -- Installing: /home/rob/project/csci5551-s26-team-pointbot/install/share/xarm_moveit_config//launch/xarm6_moveit_gazebo.launch.py
[1.246s] -- Installing: /home/rob/project/csci5551-s26-team-pointbot/install/share/xarm_moveit_config//launch/demo
[1.246s] -- Installing: /home/rob/project/csci5551-s26-team-pointbot/install/share/xarm_moveit_config//launch/demo/demo_realmove.launch.py
[1.246s] -- Installing: /home/rob/project/csci5551-s26-team-pointbot/install/share/xarm_moveit_config//launch/demo/demo_fake.launch.py
[1.246s] -- Installing: /home/rob/project/csci5551-s26-team-pointbot/install/share/xarm_moveit_config//launch/demo/demo_dual_realmove.launch.py
[1.246s] -- Installing: /home/rob/project/csci5551-s26-team-pointbot/install/share/xarm_moveit_config//launch/demo/demo_dual_fake.launch.py
[1.246s] -- Installing: /home/rob/project/csci5551-s26-team-pointbot/install/share/xarm_moveit_config//launch/uf850_moveit_realmove.launch.py
[1.246s] -- Installing: /home/rob/project/csci5551-s26-team-pointbot/install/share/xarm_moveit_config//launch/xarm7_mirror_moveit_fake.launch.py
[1.246s] -- Installing: /home/rob/project/csci5551-s26-team-pointbot/install/share/xarm_moveit_config//launch/_dual_robot_moveit_realmove.launch.py
[1.247s] -- Installing: /home/rob/project/csci5551-s26-team-pointbot/install/share/xarm_moveit_config//launch/xarm7_mirror_moveit_realmove.launch.py
[1.247s] -- Installing: /home/rob/project/csci5551-s26-team-pointbot/install/share/xarm_moveit_config//launch/dual_lite6_moveit_fake.launch.py
[1.247s] -- Installing: /home/rob/project/csci5551-s26-team-pointbot/install/share/xarm_moveit_config//launch/dual_uf850_moveit_fake.launch.py
[1.247s] -- Installing: /home/rob/project/csci5551-s26-team-pointbot/install/share/xarm_moveit_config//launch/xarm5_moveit_fake.launch.py
[1.247s] -- Installing: /home/rob/project/csci5551-s26-team-pointbot/install/share/xarm_moveit_config//launch/xarm6_moveit_fake.launch.py
[1.247s] -- Installing: /home/rob/project/csci5551-s26-team-pointbot/install/share/xarm_moveit_config//launch/xarm7_moveit_realmove.launch.py
[1.247s] -- Installing: /home/rob/project/csci5551-s26-team-pointbot/install/share/xarm_moveit_config//launch/_dual_robot_moveit_common.launch.py
[1.247s] -- Installing: /home/rob/project/csci5551-s26-team-pointbot/install/share/xarm_moveit_config//launch/dual_xarm5_moveit_realmove.launch.py
[1.247s] -- Installing: /home/rob/project/csci5551-s26-team-pointbot/install/share/xarm_moveit_config//launch/xarm7_mirror_moveit_gazebo.launch.py
[1.247s] -- Installing: /home/rob/project/csci5551-s26-team-pointbot/install/share/xarm_moveit_config//launch/dual_xarm7_moveit_fake.launch.py
[1.247s] -- Installing: /home/rob/project/csci5551-s26-team-pointbot/install/share/ament_index/resource_index/package_run_dependencies/xarm_moveit_config
[1.247s] -- Installing: /home/rob/project/csci5551-s26-team-pointbot/install/share/ament_index/resource_index/parent_prefix_path/xarm_moveit_config
[1.247s] -- Installing: /home/rob/project/csci5551-s26-team-pointbot/install/share/xarm_moveit_config/environment/ament_prefix_path.sh
[1.247s] -- Installing: /home/rob/project/csci5551-s26-team-pointbot/install/share/xarm_moveit_config/environment/ament_prefix_path.dsv
[1.247s] -- Installing: /home/rob/project/csci5551-s26-team-pointbot/install/share/xarm_moveit_config/environment/path.sh
[1.247s] -- Installing: /home/rob/project/csci5551-s26-team-pointbot/install/share/xarm_moveit_config/environment/path.dsv
[1.247s] -- Installing: /home/rob/project/csci5551-s26-team-pointbot/install/share/xarm_moveit_config/local_setup.bash
[1.247s] -- Installing: /home/rob/project/csci5551-s26-team-pointbot/install/share/xarm_moveit_config/local_setup.sh
[1.248s] -- Installing: /home/rob/project/csci5551-s26-team-pointbot/install/share/xarm_moveit_config/local_setup.zsh
[1.248s] -- Installing: /home/rob/project/csci5551-s26-team-pointbot/install/share/xarm_moveit_config/local_setup.dsv
[1.248s] -- Installing: /home/rob/project/csci5551-s26-team-pointbot/install/share/xarm_moveit_config/package.dsv
[1.248s] -- Installing: /home/rob/project/csci5551-s26-team-pointbot/install/share/ament_index/resource_index/packages/xarm_moveit_config
[1.248s] -- Installing: /home/rob/project/csci5551-s26-team-pointbot/install/share/xarm_moveit_config/cmake/xarm_moveit_configConfig.cmake
[1.248s] -- Installing: /home/rob/project/csci5551-s26-team-pointbot/install/share/xarm_moveit_config/cmake/xarm_moveit_configConfig-version.cmake
[1.248s] -- Installing: /home/rob/project/csci5551-s26-team-pointbot/install/share/xarm_moveit_config/package.xml
[1.250s] Invoked command in '/home/rob/project/csci5551-s26-team-pointbot/build/xarm_moveit_config' returned '0': CMAKE_PREFIX_PATH=${CMAKE_PREFIX_PATH}:/opt/ros/jazzy CONDA_PROMPT_MODIFIER=(base) DEBUGINFOD_URLS=https://debuginfod.ubuntu.com LD_LIBRARY_PATH=/home/rob/project/csci5551-s26-team-pointbot/install/lib:/opt/ros/jazzy/opt/sdformat_vendor/lib:/opt/ros/jazzy/opt/rviz_ogre_vendor/lib:/opt/ros/jazzy/lib/x86_64-linux-gnu:/opt/ros/jazzy/opt/gz_math_vendor/lib:/opt/ros/jazzy/opt/gz_utils_vendor/lib:/opt/ros/jazzy/opt/gz_tools_vendor/lib:/opt/ros/jazzy/opt/gz_cmake_vendor/lib:/opt/ros/jazzy/lib:/usr/local/cuda-12.8/lib64’ PYTHONPATH=/home/rob/project/csci5551-s26-team-pointbot/install/lib/python3.12/site-packages:/home/rob/project/csci5551-s26-team-pointbot/install/lib/python3.13/site-packages:/opt/ros/jazzy/lib/python3.12/site-packages:/home/rob/robotics5551:/home/rob/robotics5551 /usr/bin/cmake --install /home/rob/project/csci5551-s26-team-pointbot/build/xarm_moveit_config
