[0.020s] Invoking command in '/home/rob/project/csci5551-s26-team-pointbot/build/xarm_controller': CMAKE_PREFIX_PATH=${CMAKE_PREFIX_PATH}:/opt/ros/jazzy CONDA_PROMPT_MODIFIER=(base) DEBUGINFOD_URLS=https://debuginfod.ubuntu.com LD_LIBRARY_PATH=/home/rob/project/csci5551-s26-team-pointbot/install/lib:/opt/ros/jazzy/opt/sdformat_vendor/lib:/opt/ros/jazzy/opt/rviz_ogre_vendor/lib:/opt/ros/jazzy/lib/x86_64-linux-gnu:/opt/ros/jazzy/opt/gz_math_vendor/lib:/opt/ros/jazzy/opt/gz_utils_vendor/lib:/opt/ros/jazzy/opt/gz_tools_vendor/lib:/opt/ros/jazzy/opt/gz_cmake_vendor/lib:/opt/ros/jazzy/lib:/usr/local/cuda-12.8/lib64’ PYTHONPATH=/home/rob/project/csci5551-s26-team-pointbot/install/lib/python3.12/site-packages:/home/rob/project/csci5551-s26-team-pointbot/install/lib/python3.13/site-packages:/opt/ros/jazzy/lib/python3.12/site-packages:/home/rob/robotics5551:/home/rob/robotics5551 /usr/bin/cmake --build /home/rob/project/csci5551-s26-team-pointbot/build/xarm_controller -- -j16 -l16
[0.113s] [100%] Built target uf_robot_hardware
[0.133s] Invoked command in '/home/rob/project/csci5551-s26-team-pointbot/build/xarm_controller' returned '0': CMAKE_PREFIX_PATH=${CMAKE_PREFIX_PATH}:/opt/ros/jazzy CONDA_PROMPT_MODIFIER=(base) DEBUGINFOD_URLS=https://debuginfod.ubuntu.com LD_LIBRARY_PATH=/home/rob/project/csci5551-s26-team-pointbot/install/lib:/opt/ros/jazzy/opt/sdformat_vendor/lib:/opt/ros/jazzy/opt/rviz_ogre_vendor/lib:/opt/ros/jazzy/lib/x86_64-linux-gnu:/opt/ros/jazzy/opt/gz_math_vendor/lib:/opt/ros/jazzy/opt/gz_utils_vendor/lib:/opt/ros/jazzy/opt/gz_tools_vendor/lib:/opt/ros/jazzy/opt/gz_cmake_vendor/lib:/opt/ros/jazzy/lib:/usr/local/cuda-12.8/lib64’ PYTHONPATH=/home/rob/project/csci5551-s26-team-pointbot/install/lib/python3.12/site-packages:/home/rob/project/csci5551-s26-team-pointbot/install/lib/python3.13/site-packages:/opt/ros/jazzy/lib/python3.12/site-packages:/home/rob/robotics5551:/home/rob/robotics5551 /usr/bin/cmake --build /home/rob/project/csci5551-s26-team-pointbot/build/xarm_controller -- -j16 -l16
[0.136s] Invoking command in '/home/rob/project/csci5551-s26-team-pointbot/build/xarm_controller': CMAKE_PREFIX_PATH=${CMAKE_PREFIX_PATH}:/opt/ros/jazzy CONDA_PROMPT_MODIFIER=(base) DEBUGINFOD_URLS=https://debuginfod.ubuntu.com LD_LIBRARY_PATH=/home/rob/project/csci5551-s26-team-pointbot/install/lib:/opt/ros/jazzy/opt/sdformat_vendor/lib:/opt/ros/jazzy/opt/rviz_ogre_vendor/lib:/opt/ros/jazzy/lib/x86_64-linux-gnu:/opt/ros/jazzy/opt/gz_math_vendor/lib:/opt/ros/jazzy/opt/gz_utils_vendor/lib:/opt/ros/jazzy/opt/gz_tools_vendor/lib:/opt/ros/jazzy/opt/gz_cmake_vendor/lib:/opt/ros/jazzy/lib:/usr/local/cuda-12.8/lib64’ PYTHONPATH=/home/rob/project/csci5551-s26-team-pointbot/install/lib/python3.12/site-packages:/home/rob/project/csci5551-s26-team-pointbot/install/lib/python3.13/site-packages:/opt/ros/jazzy/lib/python3.12/site-packages:/home/rob/robotics5551:/home/rob/robotics5551 /usr/bin/cmake --install /home/rob/project/csci5551-s26-team-pointbot/build/xarm_controller
[0.154s] -- Install configuration: ""
[0.154s] -- Up-to-date: /home/rob/project/csci5551-s26-team-pointbot/install/share/xarm_controller/uf_hardware_interface_plugins.xml
[0.154s] -- Up-to-date: /home/rob/project/csci5551-s26-team-pointbot/install/include
[0.154s] -- Up-to-date: /home/rob/project/csci5551-s26-team-pointbot/install/include/xarm_controller
[0.155s] -- Up-to-date: /home/rob/project/csci5551-s26-team-pointbot/install/include/xarm_controller/hardware
[0.155s] -- Up-to-date: /home/rob/project/csci5551-s26-team-pointbot/install/include/xarm_controller/hardware/uf_robot_fake_system_hardware.h
[0.155s] -- Up-to-date: /home/rob/project/csci5551-s26-team-pointbot/install/include/xarm_controller/hardware/bak_uf_robot_fake_system_hardware.h
[0.155s] -- Up-to-date: /home/rob/project/csci5551-s26-team-pointbot/install/include/xarm_controller/hardware/uf_robot_system_hardware.h
[0.155s] -- Up-to-date: /home/rob/project/csci5551-s26-team-pointbot/install/lib/libuf_robot_hardware.so
[0.155s] -- Up-to-date: /home/rob/project/csci5551-s26-team-pointbot/install/share/xarm_controller//launch
[0.155s] -- Up-to-date: /home/rob/project/csci5551-s26-team-pointbot/install/share/xarm_controller//launch/lite6_control_rviz_display.launch.py
[0.155s] -- Up-to-date: /home/rob/project/csci5551-s26-team-pointbot/install/share/xarm_controller//launch/xarm6_control_rviz_display.launch.py
[0.155s] -- Up-to-date: /home/rob/project/csci5551-s26-team-pointbot/install/share/xarm_controller//launch/xarm5_control_rviz_display.launch.py
[0.155s] -- Up-to-date: /home/rob/project/csci5551-s26-team-pointbot/install/share/xarm_controller//launch/_dual_ros2_control.launch.py
[0.155s] -- Up-to-date: /home/rob/project/csci5551-s26-team-pointbot/install/share/xarm_controller//launch/uf850_control_rviz_display.launch.py
[0.155s] -- Up-to-date: /home/rob/project/csci5551-s26-team-pointbot/install/share/xarm_controller//launch/_robot_ros2_control.launch.py
[0.155s] -- Up-to-date: /home/rob/project/csci5551-s26-team-pointbot/install/share/xarm_controller//launch/lib
[0.155s] -- Up-to-date: /home/rob/project/csci5551-s26-team-pointbot/install/share/xarm_controller//launch/lib/robot_controller_lib.py
[0.156s] -- Up-to-date: /home/rob/project/csci5551-s26-team-pointbot/install/share/xarm_controller//launch/_ros2_control.launch.py
[0.156s] -- Up-to-date: /home/rob/project/csci5551-s26-team-pointbot/install/share/xarm_controller//launch/xarm7_mirror_control_rviz_display.launch.py
[0.156s] -- Up-to-date: /home/rob/project/csci5551-s26-team-pointbot/install/share/xarm_controller//launch/xarm7_control_rviz_display.launch.py
[0.156s] -- Up-to-date: /home/rob/project/csci5551-s26-team-pointbot/install/share/xarm_controller//config
[0.156s] -- Up-to-date: /home/rob/project/csci5551-s26-team-pointbot/install/share/xarm_controller//config/lite6_controllers.yaml
[0.156s] -- Up-to-date: /home/rob/project/csci5551-s26-team-pointbot/install/share/xarm_controller//config/xarm6_controllers.yaml
[0.156s] -- Up-to-date: /home/rob/project/csci5551-s26-team-pointbot/install/share/xarm_controller//config/xarm5_controllers.yaml
[0.156s] -- Up-to-date: /home/rob/project/csci5551-s26-team-pointbot/install/share/xarm_controller//config/xarm7_mirror_controllers.yaml
[0.156s] -- Up-to-date: /home/rob/project/csci5551-s26-team-pointbot/install/share/xarm_controller//config/uf850_gripper_controllers.yaml
[0.156s] -- Up-to-date: /home/rob/project/csci5551-s26-team-pointbot/install/share/xarm_controller//config/xarm_gripper_controllers.yaml
[0.156s] -- Up-to-date: /home/rob/project/csci5551-s26-team-pointbot/install/share/xarm_controller//config/xarm7_mirror_gripper_controllers.yaml
[0.156s] -- Up-to-date: /home/rob/project/csci5551-s26-team-pointbot/install/share/xarm_controller//config/xarm7_controllers.yaml
[0.156s] -- Up-to-date: /home/rob/project/csci5551-s26-team-pointbot/install/share/xarm_controller//config/bio_gripper_controllers.yaml
[0.156s] -- Up-to-date: /home/rob/project/csci5551-s26-team-pointbot/install/share/xarm_controller//config/uf850_controllers.yaml
[0.156s] -- Up-to-date: /home/rob/project/csci5551-s26-team-pointbot/install/share/xarm_controller/environment/library_path.sh
[0.157s] -- Up-to-date: /home/rob/project/csci5551-s26-team-pointbot/install/share/xarm_controller/environment/library_path.dsv
[0.157s] -- Up-to-date: /home/rob/project/csci5551-s26-team-pointbot/install/share/ament_index/resource_index/package_run_dependencies/xarm_controller
[0.157s] -- Up-to-date: /home/rob/project/csci5551-s26-team-pointbot/install/share/ament_index/resource_index/parent_prefix_path/xarm_controller
[0.157s] -- Up-to-date: /home/rob/project/csci5551-s26-team-pointbot/install/share/xarm_controller/environment/ament_prefix_path.sh
[0.157s] -- Up-to-date: /home/rob/project/csci5551-s26-team-pointbot/install/share/xarm_controller/environment/ament_prefix_path.dsv
[0.157s] -- Up-to-date: /home/rob/project/csci5551-s26-team-pointbot/install/share/xarm_controller/environment/path.sh
[0.157s] -- Up-to-date: /home/rob/project/csci5551-s26-team-pointbot/install/share/xarm_controller/environment/path.dsv
[0.157s] -- Up-to-date: /home/rob/project/csci5551-s26-team-pointbot/install/share/xarm_controller/local_setup.bash
[0.157s] -- Up-to-date: /home/rob/project/csci5551-s26-team-pointbot/install/share/xarm_controller/local_setup.sh
[0.157s] -- Up-to-date: /home/rob/project/csci5551-s26-team-pointbot/install/share/xarm_controller/local_setup.zsh
[0.157s] -- Up-to-date: /home/rob/project/csci5551-s26-team-pointbot/install/share/xarm_controller/local_setup.dsv
[0.157s] -- Installing: /home/rob/project/csci5551-s26-team-pointbot/install/share/xarm_controller/package.dsv
[0.157s] -- Up-to-date: /home/rob/project/csci5551-s26-team-pointbot/install/share/ament_index/resource_index/packages/xarm_controller
[0.157s] -- Up-to-date: /home/rob/project/csci5551-s26-team-pointbot/install/share/ament_index/resource_index/hardware_interface__pluginlib__plugin/xarm_controller
[0.157s] -- Up-to-date: /home/rob/project/csci5551-s26-team-pointbot/install/share/xarm_controller/cmake/ament_cmake_export_include_directories-extras.cmake
[0.158s] -- Up-to-date: /home/rob/project/csci5551-s26-team-pointbot/install/share/xarm_controller/cmake/ament_cmake_export_libraries-extras.cmake
[0.158s] -- Up-to-date: /home/rob/project/csci5551-s26-team-pointbot/install/share/xarm_controller/cmake/ament_cmake_export_dependencies-extras.cmake
[0.158s] -- Up-to-date: /home/rob/project/csci5551-s26-team-pointbot/install/share/xarm_controller/cmake/xarm_controllerConfig.cmake
[0.158s] -- Up-to-date: /home/rob/project/csci5551-s26-team-pointbot/install/share/xarm_controller/cmake/xarm_controllerConfig-version.cmake
[0.158s] -- Up-to-date: /home/rob/project/csci5551-s26-team-pointbot/install/share/xarm_controller/package.xml
[0.204s] Invoked command in '/home/rob/project/csci5551-s26-team-pointbot/build/xarm_controller' returned '0': CMAKE_PREFIX_PATH=${CMAKE_PREFIX_PATH}:/opt/ros/jazzy CONDA_PROMPT_MODIFIER=(base) DEBUGINFOD_URLS=https://debuginfod.ubuntu.com LD_LIBRARY_PATH=/home/rob/project/csci5551-s26-team-pointbot/install/lib:/opt/ros/jazzy/opt/sdformat_vendor/lib:/opt/ros/jazzy/opt/rviz_ogre_vendor/lib:/opt/ros/jazzy/lib/x86_64-linux-gnu:/opt/ros/jazzy/opt/gz_math_vendor/lib:/opt/ros/jazzy/opt/gz_utils_vendor/lib:/opt/ros/jazzy/opt/gz_tools_vendor/lib:/opt/ros/jazzy/opt/gz_cmake_vendor/lib:/opt/ros/jazzy/lib:/usr/local/cuda-12.8/lib64’ PYTHONPATH=/home/rob/project/csci5551-s26-team-pointbot/install/lib/python3.12/site-packages:/home/rob/project/csci5551-s26-team-pointbot/install/lib/python3.13/site-packages:/opt/ros/jazzy/lib/python3.12/site-packages:/home/rob/robotics5551:/home/rob/robotics5551 /usr/bin/cmake --install /home/rob/project/csci5551-s26-team-pointbot/build/xarm_controller
