[0.172s] Invoking command in '/home/rob/project/csci5551-s26-team-pointbot/build/zed_msgs': CMAKE_PREFIX_PATH=${CMAKE_PREFIX_PATH}:/opt/ros/jazzy CONDA_PROMPT_MODIFIER=(base) DEBUGINFOD_URLS=https://debuginfod.ubuntu.com /usr/bin/cmake --build /home/rob/project/csci5551-s26-team-pointbot/build/zed_msgs -- -j16 -l16
[0.331s] [  0%] Built target zed_msgs__rosidl_generator_type_description
[0.331s] [  0%] Built target ament_cmake_python_copy_zed_msgs
[0.331s] [  0%] Built target zed_msgs__cpp
[0.331s] [ 28%] Built target zed_msgs__rosidl_generator_c
[0.332s] [ 38%] Built target zed_msgs__rosidl_typesupport_c
[0.332s] [ 48%] Built target zed_msgs__rosidl_typesupport_cpp
[0.332s] [ 57%] Built target zed_msgs__rosidl_typesupport_fastrtps_cpp
[0.332s] [ 67%] Built target zed_msgs__rosidl_typesupport_introspection_c
[0.332s] [ 77%] Built target zed_msgs__rosidl_typesupport_introspection_cpp
[0.332s] [ 87%] Built target zed_msgs__rosidl_typesupport_fastrtps_c
[0.332s] [ 87%] Built target zed_msgs
[0.350s] [ 87%] Built target zed_msgs__py
[0.382s] running egg_info
[0.386s] [ 97%] Built target zed_msgs__rosidl_generator_py
[0.390s] writing zed_msgs.egg-info/PKG-INFO
[0.390s] writing dependency_links to zed_msgs.egg-info/dependency_links.txt
[0.390s] writing top-level names to zed_msgs.egg-info/top_level.txt
[0.407s] [100%] Built target zed_msgs_s__rosidl_typesupport_c
[0.407s] [100%] Built target zed_msgs_s__rosidl_typesupport_introspection_c
[0.408s] [100%] Built target zed_msgs_s__rosidl_typesupport_fastrtps_c
[0.413s] reading manifest file 'zed_msgs.egg-info/SOURCES.txt'
[0.414s] writing manifest file 'zed_msgs.egg-info/SOURCES.txt'
[0.437s] [100%] Built target ament_cmake_python_build_zed_msgs_egg
[0.450s] Invoked command in '/home/rob/project/csci5551-s26-team-pointbot/build/zed_msgs' returned '0': CMAKE_PREFIX_PATH=${CMAKE_PREFIX_PATH}:/opt/ros/jazzy CONDA_PROMPT_MODIFIER=(base) DEBUGINFOD_URLS=https://debuginfod.ubuntu.com /usr/bin/cmake --build /home/rob/project/csci5551-s26-team-pointbot/build/zed_msgs -- -j16 -l16
[0.453s] Invoking command in '/home/rob/project/csci5551-s26-team-pointbot/build/zed_msgs': CMAKE_PREFIX_PATH=${CMAKE_PREFIX_PATH}:/opt/ros/jazzy CONDA_PROMPT_MODIFIER=(base) DEBUGINFOD_URLS=https://debuginfod.ubuntu.com /usr/bin/cmake --install /home/rob/project/csci5551-s26-team-pointbot/build/zed_msgs
[0.460s] -- Install configuration: ""
[0.460s] -- Up-to-date: /home/rob/project/csci5551-s26-team-pointbot/install/share/ament_index/resource_index/rosidl_interfaces/zed_msgs
[0.460s] -- Up-to-date: /home/rob/project/csci5551-s26-team-pointbot/install/share/zed_msgs/msg/Object.json
[0.460s] -- Up-to-date: /home/rob/project/csci5551-s26-team-pointbot/install/share/zed_msgs/msg/ObjectsStamped.json
[0.460s] -- Up-to-date: /home/rob/project/csci5551-s26-team-pointbot/install/share/zed_msgs/msg/Keypoint2Di.json
[0.460s] -- Up-to-date: /home/rob/project/csci5551-s26-team-pointbot/install/share/zed_msgs/msg/Keypoint2Df.json
[0.460s] -- Up-to-date: /home/rob/project/csci5551-s26-team-pointbot/install/share/zed_msgs/msg/Keypoint3D.json
[0.460s] -- Up-to-date: /home/rob/project/csci5551-s26-team-pointbot/install/share/zed_msgs/msg/BoundingBox2Di.json
[0.460s] -- Up-to-date: /home/rob/project/csci5551-s26-team-pointbot/install/share/zed_msgs/msg/BoundingBox2Df.json
[0.460s] -- Up-to-date: /home/rob/project/csci5551-s26-team-pointbot/install/share/zed_msgs/msg/BoundingBox3D.json
[0.460s] -- Up-to-date: /home/rob/project/csci5551-s26-team-pointbot/install/share/zed_msgs/msg/Skeleton2D.json
[0.460s] -- Up-to-date: /home/rob/project/csci5551-s26-team-pointbot/install/share/zed_msgs/msg/Skeleton3D.json
[0.460s] -- Up-to-date: /home/rob/project/csci5551-s26-team-pointbot/install/share/zed_msgs/msg/DepthInfoStamped.json
[0.460s] -- Up-to-date: /home/rob/project/csci5551-s26-team-pointbot/install/share/zed_msgs/msg/PlaneStamped.json
[0.460s] -- Up-to-date: /home/rob/project/csci5551-s26-team-pointbot/install/share/zed_msgs/msg/PosTrackStatus.json
[0.460s] -- Up-to-date: /home/rob/project/csci5551-s26-team-pointbot/install/share/zed_msgs/msg/GnssFusionStatus.json
[0.461s] -- Up-to-date: /home/rob/project/csci5551-s26-team-pointbot/install/share/zed_msgs/msg/Heartbeat.json
[0.461s] -- Up-to-date: /home/rob/project/csci5551-s26-team-pointbot/install/share/zed_msgs/msg/MagHeadingStatus.json
[0.461s] -- Up-to-date: /home/rob/project/csci5551-s26-team-pointbot/install/share/zed_msgs/msg/SvoStatus.json
[0.461s] -- Up-to-date: /home/rob/project/csci5551-s26-team-pointbot/install/share/zed_msgs/msg/HealthStatusStamped.json
[0.461s] -- Up-to-date: /home/rob/project/csci5551-s26-team-pointbot/install/share/zed_msgs/srv/SetPose.json
[0.461s] -- Up-to-date: /home/rob/project/csci5551-s26-team-pointbot/install/share/zed_msgs/srv/StartSvoRec.json
[0.461s] -- Up-to-date: /home/rob/project/csci5551-s26-team-pointbot/install/share/zed_msgs/srv/SetROI.json
[0.461s] -- Up-to-date: /home/rob/project/csci5551-s26-team-pointbot/install/share/zed_msgs/srv/SetSvoFrame.json
[0.461s] -- Up-to-date: /home/rob/project/csci5551-s26-team-pointbot/install/share/zed_msgs/srv/SaveAreaMemory.json
[0.461s] -- Up-to-date: /home/rob/project/csci5551-s26-team-pointbot/install/include/zed_msgs/zed_msgs
[0.461s] -- Up-to-date: /home/rob/project/csci5551-s26-team-pointbot/install/include/zed_msgs/zed_msgs/msg
[0.461s] -- Up-to-date: /home/rob/project/csci5551-s26-team-pointbot/install/include/zed_msgs/zed_msgs/msg/skeleton3_d.h
[0.461s] -- Up-to-date: /home/rob/project/csci5551-s26-team-pointbot/install/include/zed_msgs/zed_msgs/msg/keypoint3_d.h
[0.462s] -- Up-to-date: /home/rob/project/csci5551-s26-team-pointbot/install/include/zed_msgs/zed_msgs/msg/svo_status.h
[0.462s] -- Up-to-date: /home/rob/project/csci5551-s26-team-pointbot/install/include/zed_msgs/zed_msgs/msg/keypoint2_df.h
[0.462s] -- Up-to-date: /home/rob/project/csci5551-s26-team-pointbot/install/include/zed_msgs/zed_msgs/msg/gnss_fusion_status.h
[0.462s] -- Up-to-date: /home/rob/project/csci5551-s26-team-pointbot/install/include/zed_msgs/zed_msgs/msg/bounding_box2_df.h
[0.462s] -- Up-to-date: /home/rob/project/csci5551-s26-team-pointbot/install/include/zed_msgs/zed_msgs/msg/skeleton2_d.h
[0.462s] -- Up-to-date: /home/rob/project/csci5551-s26-team-pointbot/install/include/zed_msgs/zed_msgs/msg/keypoint2_di.h
[0.462s] -- Up-to-date: /home/rob/project/csci5551-s26-team-pointbot/install/include/zed_msgs/zed_msgs/msg/pos_track_status.h
[0.462s] -- Up-to-date: /home/rob/project/csci5551-s26-team-pointbot/install/include/zed_msgs/zed_msgs/msg/bounding_box2_di.h
[0.462s] -- Up-to-date: /home/rob/project/csci5551-s26-team-pointbot/install/include/zed_msgs/zed_msgs/msg/heartbeat.h
[0.462s] -- Up-to-date: /home/rob/project/csci5551-s26-team-pointbot/install/include/zed_msgs/zed_msgs/msg/rosidl_generator_c__visibility_control.h
[0.462s] -- Up-to-date: /home/rob/project/csci5551-s26-team-pointbot/install/include/zed_msgs/zed_msgs/msg/health_status_stamped.h
[0.462s] -- Up-to-date: /home/rob/project/csci5551-s26-team-pointbot/install/include/zed_msgs/zed_msgs/msg/objects_stamped.h
[0.462s] -- Up-to-date: /home/rob/project/csci5551-s26-team-pointbot/install/include/zed_msgs/zed_msgs/msg/bounding_box3_d.h
[0.462s] -- Up-to-date: /home/rob/project/csci5551-s26-team-pointbot/install/include/zed_msgs/zed_msgs/msg/plane_stamped.h
[0.463s] -- Up-to-date: /home/rob/project/csci5551-s26-team-pointbot/install/include/zed_msgs/zed_msgs/msg/detail
[0.464s] -- Up-to-date: /home/rob/project/csci5551-s26-team-pointbot/install/include/zed_msgs/zed_msgs/msg/detail/depth_info_stamped__functions.h
[0.464s] -- Up-to-date: /home/rob/project/csci5551-s26-team-pointbot/install/include/zed_msgs/zed_msgs/msg/detail/plane_stamped__type_support.h
[0.464s] -- Up-to-date: /home/rob/project/csci5551-s26-team-pointbot/install/include/zed_msgs/zed_msgs/msg/detail/keypoint2_di__functions.c
[0.464s] -- Up-to-date: /home/rob/project/csci5551-s26-team-pointbot/install/include/zed_msgs/zed_msgs/msg/detail/objects_stamped__description.c
[0.464s] -- Up-to-date: /home/rob/project/csci5551-s26-team-pointbot/install/include/zed_msgs/zed_msgs/msg/detail/gnss_fusion_status__description.c
[0.464s] -- Up-to-date: /home/rob/project/csci5551-s26-team-pointbot/install/include/zed_msgs/zed_msgs/msg/detail/depth_info_stamped__type_support.h
[0.464s] -- Up-to-date: /home/rob/project/csci5551-s26-team-pointbot/install/include/zed_msgs/zed_msgs/msg/detail/keypoint2_df__type_support.h
[0.465s] -- Up-to-date: /home/rob/project/csci5551-s26-team-pointbot/install/include/zed_msgs/zed_msgs/msg/detail/health_status_stamped__functions.c
[0.465s] -- Up-to-date: /home/rob/project/csci5551-s26-team-pointbot/install/include/zed_msgs/zed_msgs/msg/detail/object__type_support.h
[0.465s] -- Up-to-date: /home/rob/project/csci5551-s26-team-pointbot/install/include/zed_msgs/zed_msgs/msg/detail/plane_stamped__functions.h
[0.465s] -- Up-to-date: /home/rob/project/csci5551-s26-team-pointbot/install/include/zed_msgs/zed_msgs/msg/detail/plane_stamped__functions.c
[0.465s] -- Up-to-date: /home/rob/project/csci5551-s26-team-pointbot/install/include/zed_msgs/zed_msgs/msg/detail/object__functions.c
[0.465s] -- Up-to-date: /home/rob/project/csci5551-s26-team-pointbot/install/include/zed_msgs/zed_msgs/msg/detail/object__functions.h
[0.466s] -- Up-to-date: /home/rob/project/csci5551-s26-team-pointbot/install/include/zed_msgs/zed_msgs/msg/detail/objects_stamped__functions.h
[0.466s] -- Up-to-date: /home/rob/project/csci5551-s26-team-pointbot/install/include/zed_msgs/zed_msgs/msg/detail/skeleton3_d__struct.h
[0.466s] -- Up-to-date: /home/rob/project/csci5551-s26-team-pointbot/install/include/zed_msgs/zed_msgs/msg/detail/bounding_box2_di__functions.c
[0.466s] -- Up-to-date: /home/rob/project/csci5551-s26-team-pointbot/install/include/zed_msgs/zed_msgs/msg/detail/heartbeat__type_support.h
[0.466s] -- Installing: /home/rob/project/csci5551-s26-team-pointbot/install/include/zed_msgs/zed_msgs/msg/detail/mag_heading_status__type_support.c
[0.466s] -- Up-to-date: /home/rob/project/csci5551-s26-team-pointbot/install/include/zed_msgs/zed_msgs/msg/detail/pos_track_status__struct.h
[0.466s] -- Up-to-date: /home/rob/project/csci5551-s26-team-pointbot/install/include/zed_msgs/zed_msgs/msg/detail/plane_stamped__struct.h
[0.466s] -- Up-to-date: /home/rob/project/csci5551-s26-team-pointbot/install/include/zed_msgs/zed_msgs/msg/detail/bounding_box3_d__type_support.h
[0.466s] -- Installing: /home/rob/project/csci5551-s26-team-pointbot/install/include/zed_msgs/zed_msgs/msg/detail/plane_stamped__type_support.c
[0.466s] -- Up-to-date: /home/rob/project/csci5551-s26-team-pointbot/install/include/zed_msgs/zed_msgs/msg/detail/svo_status__description.c
[0.466s] -- Up-to-date: /home/rob/project/csci5551-s26-team-pointbot/install/include/zed_msgs/zed_msgs/msg/detail/mag_heading_status__description.c
[0.466s] -- Up-to-date: /home/rob/project/csci5551-s26-team-pointbot/install/include/zed_msgs/zed_msgs/msg/detail/bounding_box2_df__description.c
[0.466s] -- Up-to-date: /home/rob/project/csci5551-s26-team-pointbot/install/include/zed_msgs/zed_msgs/msg/detail/mag_heading_status__functions.h
[0.466s] -- Up-to-date: /home/rob/project/csci5551-s26-team-pointbot/install/include/zed_msgs/zed_msgs/msg/detail/skeleton3_d__type_support.h
[0.466s] -- Installing: /home/rob/project/csci5551-s26-team-pointbot/install/include/zed_msgs/zed_msgs/msg/detail/gnss_fusion_status__type_support.c
[0.466s] -- Up-to-date: /home/rob/project/csci5551-s26-team-pointbot/install/include/zed_msgs/zed_msgs/msg/detail/depth_info_stamped__description.c
[0.466s] -- Up-to-date: /home/rob/project/csci5551-s26-team-pointbot/install/include/zed_msgs/zed_msgs/msg/detail/skeleton2_d__functions.h
[0.466s] -- Up-to-date: /home/rob/project/csci5551-s26-team-pointbot/install/include/zed_msgs/zed_msgs/msg/detail/bounding_box3_d__functions.c
[0.466s] -- Up-to-date: /home/rob/project/csci5551-s26-team-pointbot/install/include/zed_msgs/zed_msgs/msg/detail/bounding_box2_di__type_support.h
[0.467s] -- Up-to-date: /home/rob/project/csci5551-s26-team-pointbot/install/include/zed_msgs/zed_msgs/msg/detail/health_status_stamped__description.c
[0.467s] -- Installing: /home/rob/project/csci5551-s26-team-pointbot/install/include/zed_msgs/zed_msgs/msg/detail/keypoint2_df__type_support.c
[0.467s] -- Up-to-date: /home/rob/project/csci5551-s26-team-pointbot/install/include/zed_msgs/zed_msgs/msg/detail/heartbeat__description.c
[0.467s] -- Installing: /home/rob/project/csci5551-s26-team-pointbot/install/include/zed_msgs/zed_msgs/msg/detail/heartbeat__type_support.c
[0.467s] -- Up-to-date: /home/rob/project/csci5551-s26-team-pointbot/install/include/zed_msgs/zed_msgs/msg/detail/bounding_box2_di__functions.h
[0.467s] -- Installing: /home/rob/project/csci5551-s26-team-pointbot/install/include/zed_msgs/zed_msgs/msg/detail/bounding_box3_d__type_support.c
[0.467s] -- Up-to-date: /home/rob/project/csci5551-s26-team-pointbot/install/include/zed_msgs/zed_msgs/msg/detail/keypoint2_di__description.c
[0.467s] -- Up-to-date: /home/rob/project/csci5551-s26-team-pointbot/install/include/zed_msgs/zed_msgs/msg/detail/bounding_box2_df__functions.c
[0.467s] -- Up-to-date: /home/rob/project/csci5551-s26-team-pointbot/install/include/zed_msgs/zed_msgs/msg/detail/keypoint3_d__struct.h
[0.467s] -- Up-to-date: /home/rob/project/csci5551-s26-team-pointbot/install/include/zed_msgs/zed_msgs/msg/detail/bounding_box2_df__functions.h
[0.467s] -- Up-to-date: /home/rob/project/csci5551-s26-team-pointbot/install/include/zed_msgs/zed_msgs/msg/detail/heartbeat__struct.h
[0.471s] -- Installing: /home/rob/project/csci5551-s26-team-pointbot/install/include/zed_msgs/zed_msgs/msg/detail/keypoint3_d__type_support.c
[0.471s] -- Up-to-date: /home/rob/project/csci5551-s26-team-pointbot/install/include/zed_msgs/zed_msgs/msg/detail/keypoint3_d__description.c
[0.471s] -- Up-to-date: /home/rob/project/csci5551-s26-team-pointbot/install/include/zed_msgs/zed_msgs/msg/detail/gnss_fusion_status__type_support.h
[0.471s] -- Up-to-date: /home/rob/project/csci5551-s26-team-pointbot/install/include/zed_msgs/zed_msgs/msg/detail/skeleton3_d__functions.c
[0.471s] -- Up-to-date: /home/rob/project/csci5551-s26-team-pointbot/install/include/zed_msgs/zed_msgs/msg/detail/heartbeat__functions.c
[0.471s] -- Up-to-date: /home/rob/project/csci5551-s26-team-pointbot/install/include/zed_msgs/zed_msgs/msg/detail/bounding_box3_d__description.c
[0.471s] -- Installing: /home/rob/project/csci5551-s26-team-pointbot/install/include/zed_msgs/zed_msgs/msg/detail/bounding_box2_df__type_support.c
[0.471s] -- Up-to-date: /home/rob/project/csci5551-s26-team-pointbot/install/include/zed_msgs/zed_msgs/msg/detail/skeleton2_d__type_support.h
[0.471s] -- Up-to-date: /home/rob/project/csci5551-s26-team-pointbot/install/include/zed_msgs/zed_msgs/msg/detail/skeleton2_d__struct.h
[0.472s] -- Up-to-date: /home/rob/project/csci5551-s26-team-pointbot/install/include/zed_msgs/zed_msgs/msg/detail/objects_stamped__functions.c
[0.472s] -- Up-to-date: /home/rob/project/csci5551-s26-team-pointbot/install/include/zed_msgs/zed_msgs/msg/detail/keypoint2_df__struct.h
[0.472s] -- Up-to-date: /home/rob/project/csci5551-s26-team-pointbot/install/include/zed_msgs/zed_msgs/msg/detail/depth_info_stamped__struct.h
[0.472s] -- Installing: /home/rob/project/csci5551-s26-team-pointbot/install/include/zed_msgs/zed_msgs/msg/detail/skeleton2_d__type_support.c
[0.472s] -- Up-to-date: /home/rob/project/csci5551-s26-team-pointbot/install/include/zed_msgs/zed_msgs/msg/detail/mag_heading_status__functions.c
[0.472s] -- Installing: /home/rob/project/csci5551-s26-team-pointbot/install/include/zed_msgs/zed_msgs/msg/detail/bounding_box2_di__type_support.c
[0.472s] -- Up-to-date: /home/rob/project/csci5551-s26-team-pointbot/install/include/zed_msgs/zed_msgs/msg/detail/keypoint2_di__type_support.h
[0.472s] -- Up-to-date: /home/rob/project/csci5551-s26-team-pointbot/install/include/zed_msgs/zed_msgs/msg/detail/skeleton2_d__description.c
[0.472s] -- Up-to-date: /home/rob/project/csci5551-s26-team-pointbot/install/include/zed_msgs/zed_msgs/msg/detail/keypoint2_df__description.c
[0.472s] -- Up-to-date: /home/rob/project/csci5551-s26-team-pointbot/install/include/zed_msgs/zed_msgs/msg/detail/keypoint2_df__functions.h
[0.472s] -- Up-to-date: /home/rob/project/csci5551-s26-team-pointbot/install/include/zed_msgs/zed_msgs/msg/detail/svo_status__struct.h
[0.472s] -- Up-to-date: /home/rob/project/csci5551-s26-team-pointbot/install/include/zed_msgs/zed_msgs/msg/detail/gnss_fusion_status__functions.c
[0.472s] -- Up-to-date: /home/rob/project/csci5551-s26-team-pointbot/install/include/zed_msgs/zed_msgs/msg/detail/svo_status__functions.h
[0.472s] -- Up-to-date: /home/rob/project/csci5551-s26-team-pointbot/install/include/zed_msgs/zed_msgs/msg/detail/bounding_box2_di__struct.h
[0.472s] -- Up-to-date: /home/rob/project/csci5551-s26-team-pointbot/install/include/zed_msgs/zed_msgs/msg/detail/skeleton3_d__functions.h
[0.472s] -- Up-to-date: /home/rob/project/csci5551-s26-team-pointbot/install/include/zed_msgs/zed_msgs/msg/detail/keypoint3_d__type_support.h
[0.472s] -- Installing: /home/rob/project/csci5551-s26-team-pointbot/install/include/zed_msgs/zed_msgs/msg/detail/objects_stamped__type_support.c
[0.472s] -- Up-to-date: /home/rob/project/csci5551-s26-team-pointbot/install/include/zed_msgs/zed_msgs/msg/detail/keypoint2_di__functions.h
[0.473s] -- Up-to-date: /home/rob/project/csci5551-s26-team-pointbot/install/include/zed_msgs/zed_msgs/msg/detail/mag_heading_status__struct.h
[0.473s] -- Up-to-date: /home/rob/project/csci5551-s26-team-pointbot/install/include/zed_msgs/zed_msgs/msg/detail/svo_status__functions.c
[0.473s] -- Up-to-date: /home/rob/project/csci5551-s26-team-pointbot/install/include/zed_msgs/zed_msgs/msg/detail/pos_track_status__functions.h
[0.473s] -- Up-to-date: /home/rob/project/csci5551-s26-team-pointbot/install/include/zed_msgs/zed_msgs/msg/detail/skeleton3_d__description.c
[0.473s] -- Up-to-date: /home/rob/project/csci5551-s26-team-pointbot/install/include/zed_msgs/zed_msgs/msg/detail/plane_stamped__description.c
[0.473s] -- Up-to-date: /home/rob/project/csci5551-s26-team-pointbot/install/include/zed_msgs/zed_msgs/msg/detail/health_status_stamped__struct.h
[0.473s] -- Up-to-date: /home/rob/project/csci5551-s26-team-pointbot/install/include/zed_msgs/zed_msgs/msg/detail/gnss_fusion_status__functions.h
[0.473s] -- Up-to-date: /home/rob/project/csci5551-s26-team-pointbot/install/include/zed_msgs/zed_msgs/msg/detail/keypoint3_d__functions.c
[0.473s] -- Up-to-date: /home/rob/project/csci5551-s26-team-pointbot/install/include/zed_msgs/zed_msgs/msg/detail/keypoint2_df__functions.c
[0.473s] -- Up-to-date: /home/rob/project/csci5551-s26-team-pointbot/install/include/zed_msgs/zed_msgs/msg/detail/health_status_stamped__functions.h
[0.473s] -- Installing: /home/rob/project/csci5551-s26-team-pointbot/install/include/zed_msgs/zed_msgs/msg/detail/health_status_stamped__type_support.c
[0.473s] -- Up-to-date: /home/rob/project/csci5551-s26-team-pointbot/install/include/zed_msgs/zed_msgs/msg/detail/skeleton2_d__functions.c
[0.473s] -- Up-to-date: /home/rob/project/csci5551-s26-team-pointbot/install/include/zed_msgs/zed_msgs/msg/detail/objects_stamped__type_support.h
[0.474s] -- Up-to-date: /home/rob/project/csci5551-s26-team-pointbot/install/include/zed_msgs/zed_msgs/msg/detail/heartbeat__functions.h
[0.474s] -- Up-to-date: /home/rob/project/csci5551-s26-team-pointbot/install/include/zed_msgs/zed_msgs/msg/detail/bounding_box3_d__struct.h
[0.474s] -- Up-to-date: /home/rob/project/csci5551-s26-team-pointbot/install/include/zed_msgs/zed_msgs/msg/detail/svo_status__type_support.h
[0.474s] -- Installing: /home/rob/project/csci5551-s26-team-pointbot/install/include/zed_msgs/zed_msgs/msg/detail/keypoint2_di__type_support.c
[0.474s] -- Up-to-date: /home/rob/project/csci5551-s26-team-pointbot/install/include/zed_msgs/zed_msgs/msg/detail/object__struct.h
[0.474s] -- Up-to-date: /home/rob/project/csci5551-s26-team-pointbot/install/include/zed_msgs/zed_msgs/msg/detail/pos_track_status__functions.c
[0.474s] -- Installing: /home/rob/project/csci5551-s26-team-pointbot/install/include/zed_msgs/zed_msgs/msg/detail/skeleton3_d__type_support.c
[0.474s] -- Up-to-date: /home/rob/project/csci5551-s26-team-pointbot/install/include/zed_msgs/zed_msgs/msg/detail/bounding_box2_di__description.c
[0.474s] -- Up-to-date: /home/rob/project/csci5551-s26-team-pointbot/install/include/zed_msgs/zed_msgs/msg/detail/object__description.c
[0.474s] -- Up-to-date: /home/rob/project/csci5551-s26-team-pointbot/install/include/zed_msgs/zed_msgs/msg/detail/mag_heading_status__type_support.h
[0.474s] -- Installing: /home/rob/project/csci5551-s26-team-pointbot/install/include/zed_msgs/zed_msgs/msg/detail/object__type_support.c
[0.474s] -- Installing: /home/rob/project/csci5551-s26-team-pointbot/install/include/zed_msgs/zed_msgs/msg/detail/depth_info_stamped__type_support.c
[0.474s] -- Up-to-date: /home/rob/project/csci5551-s26-team-pointbot/install/include/zed_msgs/zed_msgs/msg/detail/bounding_box2_df__type_support.h
[0.474s] -- Up-to-date: /home/rob/project/csci5551-s26-team-pointbot/install/include/zed_msgs/zed_msgs/msg/detail/pos_track_status__type_support.h
[0.474s] -- Up-to-date: /home/rob/project/csci5551-s26-team-pointbot/install/include/zed_msgs/zed_msgs/msg/detail/pos_track_status__description.c
[0.474s] -- Up-to-date: /home/rob/project/csci5551-s26-team-pointbot/install/include/zed_msgs/zed_msgs/msg/detail/keypoint3_d__functions.h
[0.474s] -- Up-to-date: /home/rob/project/csci5551-s26-team-pointbot/install/include/zed_msgs/zed_msgs/msg/detail/bounding_box2_df__struct.h
[0.475s] -- Up-to-date: /home/rob/project/csci5551-s26-team-pointbot/install/include/zed_msgs/zed_msgs/msg/detail/objects_stamped__struct.h
[0.475s] -- Up-to-date: /home/rob/project/csci5551-s26-team-pointbot/install/include/zed_msgs/zed_msgs/msg/detail/keypoint2_di__struct.h
[0.475s] -- Installing: /home/rob/project/csci5551-s26-team-pointbot/install/include/zed_msgs/zed_msgs/msg/detail/pos_track_status__type_support.c
[0.475s] -- Up-to-date: /home/rob/project/csci5551-s26-team-pointbot/install/include/zed_msgs/zed_msgs/msg/detail/bounding_box3_d__functions.h
[0.475s] -- Up-to-date: /home/rob/project/csci5551-s26-team-pointbot/install/include/zed_msgs/zed_msgs/msg/detail/health_status_stamped__type_support.h
[0.475s] -- Installing: /home/rob/project/csci5551-s26-team-pointbot/install/include/zed_msgs/zed_msgs/msg/detail/svo_status__type_support.c
[0.475s] -- Up-to-date: /home/rob/project/csci5551-s26-team-pointbot/install/include/zed_msgs/zed_msgs/msg/detail/depth_info_stamped__functions.c
[0.475s] -- Up-to-date: /home/rob/project/csci5551-s26-team-pointbot/install/include/zed_msgs/zed_msgs/msg/detail/gnss_fusion_status__struct.h
[0.475s] -- Up-to-date: /home/rob/project/csci5551-s26-team-pointbot/install/include/zed_msgs/zed_msgs/msg/object.h
[0.475s] -- Up-to-date: /home/rob/project/csci5551-s26-team-pointbot/install/include/zed_msgs/zed_msgs/msg/mag_heading_status.h
[0.475s] -- Up-to-date: /home/rob/project/csci5551-s26-team-pointbot/install/include/zed_msgs/zed_msgs/msg/depth_info_stamped.h
[0.475s] -- Up-to-date: /home/rob/project/csci5551-s26-team-pointbot/install/include/zed_msgs/zed_msgs/srv
[0.475s] -- Up-to-date: /home/rob/project/csci5551-s26-team-pointbot/install/include/zed_msgs/zed_msgs/srv/set_svo_frame.h
[0.475s] -- Up-to-date: /home/rob/project/csci5551-s26-team-pointbot/install/include/zed_msgs/zed_msgs/srv/save_area_memory.h
[0.475s] -- Up-to-date: /home/rob/project/csci5551-s26-team-pointbot/install/include/zed_msgs/zed_msgs/srv/start_svo_rec.h
[0.477s] -- Up-to-date: /home/rob/project/csci5551-s26-team-pointbot/install/include/zed_msgs/zed_msgs/srv/set_pose.h
[0.477s] -- Up-to-date: /home/rob/project/csci5551-s26-team-pointbot/install/include/zed_msgs/zed_msgs/srv/set_roi.h
[0.477s] -- Up-to-date: /home/rob/project/csci5551-s26-team-pointbot/install/include/zed_msgs/zed_msgs/srv/detail
[0.477s] -- Installing: /home/rob/project/csci5551-s26-team-pointbot/install/include/zed_msgs/zed_msgs/srv/detail/start_svo_rec__type_support.c
[0.477s] -- Up-to-date: /home/rob/project/csci5551-s26-team-pointbot/install/include/zed_msgs/zed_msgs/srv/detail/set_roi__struct.h
[0.477s] -- Up-to-date: /home/rob/project/csci5551-s26-team-pointbot/install/include/zed_msgs/zed_msgs/srv/detail/save_area_memory__struct.h
[0.480s] -- Up-to-date: /home/rob/project/csci5551-s26-team-pointbot/install/include/zed_msgs/zed_msgs/srv/detail/set_pose__functions.h
[0.480s] -- Up-to-date: /home/rob/project/csci5551-s26-team-pointbot/install/include/zed_msgs/zed_msgs/srv/detail/set_pose__description.c
[0.480s] -- Installing: /home/rob/project/csci5551-s26-team-pointbot/install/include/zed_msgs/zed_msgs/srv/detail/save_area_memory__type_support.c
[0.480s] -- Up-to-date: /home/rob/project/csci5551-s26-team-pointbot/install/include/zed_msgs/zed_msgs/srv/detail/save_area_memory__type_support.h
[0.480s] -- Up-to-date: /home/rob/project/csci5551-s26-team-pointbot/install/include/zed_msgs/zed_msgs/srv/detail/save_area_memory__functions.c
[0.480s] -- Up-to-date: /home/rob/project/csci5551-s26-team-pointbot/install/include/zed_msgs/zed_msgs/srv/detail/set_roi__description.c
[0.480s] -- Up-to-date: /home/rob/project/csci5551-s26-team-pointbot/install/include/zed_msgs/zed_msgs/srv/detail/set_svo_frame__functions.h
[0.480s] -- Up-to-date: /home/rob/project/csci5551-s26-team-pointbot/install/include/zed_msgs/zed_msgs/srv/detail/start_svo_rec__functions.c
[0.480s] -- Up-to-date: /home/rob/project/csci5551-s26-team-pointbot/install/include/zed_msgs/zed_msgs/srv/detail/set_pose__type_support.h
[0.480s] -- Up-to-date: /home/rob/project/csci5551-s26-team-pointbot/install/include/zed_msgs/zed_msgs/srv/detail/save_area_memory__description.c
[0.480s] -- Up-to-date: /home/rob/project/csci5551-s26-team-pointbot/install/include/zed_msgs/zed_msgs/srv/detail/start_svo_rec__description.c
[0.480s] -- Up-to-date: /home/rob/project/csci5551-s26-team-pointbot/install/include/zed_msgs/zed_msgs/srv/detail/set_pose__struct.h
[0.480s] -- Up-to-date: /home/rob/project/csci5551-s26-team-pointbot/install/include/zed_msgs/zed_msgs/srv/detail/set_roi__type_support.h
[0.480s] -- Up-to-date: /home/rob/project/csci5551-s26-team-pointbot/install/include/zed_msgs/zed_msgs/srv/detail/set_roi__functions.h
[0.480s] -- Installing: /home/rob/project/csci5551-s26-team-pointbot/install/include/zed_msgs/zed_msgs/srv/detail/set_svo_frame__type_support.c
[0.480s] -- Installing: /home/rob/project/csci5551-s26-team-pointbot/install/include/zed_msgs/zed_msgs/srv/detail/set_roi__type_support.c
[0.480s] -- Up-to-date: /home/rob/project/csci5551-s26-team-pointbot/install/include/zed_msgs/zed_msgs/srv/detail/set_svo_frame__struct.h
[0.480s] -- Up-to-date: /home/rob/project/csci5551-s26-team-pointbot/install/include/zed_msgs/zed_msgs/srv/detail/set_svo_frame__type_support.h
[0.480s] -- Up-to-date: /home/rob/project/csci5551-s26-team-pointbot/install/include/zed_msgs/zed_msgs/srv/detail/set_svo_frame__functions.c
[0.480s] -- Up-to-date: /home/rob/project/csci5551-s26-team-pointbot/install/include/zed_msgs/zed_msgs/srv/detail/save_area_memory__functions.h
[0.481s] -- Up-to-date: /home/rob/project/csci5551-s26-team-pointbot/install/include/zed_msgs/zed_msgs/srv/detail/start_svo_rec__struct.h
[0.481s] -- Up-to-date: /home/rob/project/csci5551-s26-team-pointbot/install/include/zed_msgs/zed_msgs/srv/detail/set_roi__functions.c
[0.481s] -- Installing: /home/rob/project/csci5551-s26-team-pointbot/install/include/zed_msgs/zed_msgs/srv/detail/set_pose__type_support.c
[0.481s] -- Up-to-date: /home/rob/project/csci5551-s26-team-pointbot/install/include/zed_msgs/zed_msgs/srv/detail/set_svo_frame__description.c
[0.481s] -- Up-to-date: /home/rob/project/csci5551-s26-team-pointbot/install/include/zed_msgs/zed_msgs/srv/detail/set_pose__functions.c
[0.481s] -- Up-to-date: /home/rob/project/csci5551-s26-team-pointbot/install/include/zed_msgs/zed_msgs/srv/detail/start_svo_rec__type_support.h
[0.481s] -- Up-to-date: /home/rob/project/csci5551-s26-team-pointbot/install/include/zed_msgs/zed_msgs/srv/detail/start_svo_rec__functions.h
[0.481s] -- Up-to-date: /home/rob/project/csci5551-s26-team-pointbot/install/share/zed_msgs/environment/library_path.sh
[0.485s] -- Up-to-date: /home/rob/project/csci5551-s26-team-pointbot/install/share/zed_msgs/environment/library_path.dsv
[0.485s] -- Up-to-date: /home/rob/project/csci5551-s26-team-pointbot/install/lib/libzed_msgs__rosidl_generator_c.so
[0.486s] -- Up-to-date: /home/rob/project/csci5551-s26-team-pointbot/install/include/zed_msgs/zed_msgs
[0.487s] -- Up-to-date: /home/rob/project/csci5551-s26-team-pointbot/install/include/zed_msgs/zed_msgs/msg
[0.487s] -- Up-to-date: /home/rob/project/csci5551-s26-team-pointbot/install/include/zed_msgs/zed_msgs/msg/rosidl_typesupport_fastrtps_c__visibility_control.h
[0.487s] -- Up-to-date: /home/rob/project/csci5551-s26-team-pointbot/install/include/zed_msgs/zed_msgs/msg/detail
[0.488s] -- Up-to-date: /home/rob/project/csci5551-s26-team-pointbot/install/include/zed_msgs/zed_msgs/msg/detail/keypoint2_di__rosidl_typesupport_fastrtps_c.h
[0.488s] -- Up-to-date: /home/rob/project/csci5551-s26-team-pointbot/install/include/zed_msgs/zed_msgs/msg/detail/heartbeat__rosidl_typesupport_fastrtps_c.h
[0.488s] -- Up-to-date: /home/rob/project/csci5551-s26-team-pointbot/install/include/zed_msgs/zed_msgs/msg/detail/plane_stamped__rosidl_typesupport_fastrtps_c.h
[0.488s] -- Up-to-date: /home/rob/project/csci5551-s26-team-pointbot/install/include/zed_msgs/zed_msgs/msg/detail/skeleton3_d__rosidl_typesupport_fastrtps_c.h
[0.488s] -- Up-to-date: /home/rob/project/csci5551-s26-team-pointbot/install/include/zed_msgs/zed_msgs/msg/detail/bounding_box2_df__rosidl_typesupport_fastrtps_c.h
[0.488s] -- Up-to-date: /home/rob/project/csci5551-s26-team-pointbot/install/include/zed_msgs/zed_msgs/msg/detail/depth_info_stamped__rosidl_typesupport_fastrtps_c.h
[0.488s] -- Up-to-date: /home/rob/project/csci5551-s26-team-pointbot/install/include/zed_msgs/zed_msgs/msg/detail/objects_stamped__rosidl_typesupport_fastrtps_c.h
[0.488s] -- Up-to-date: /home/rob/project/csci5551-s26-team-pointbot/install/include/zed_msgs/zed_msgs/msg/detail/object__rosidl_typesupport_fastrtps_c.h
[0.488s] -- Up-to-date: /home/rob/project/csci5551-s26-team-pointbot/install/include/zed_msgs/zed_msgs/msg/detail/bounding_box2_di__rosidl_typesupport_fastrtps_c.h
[0.488s] -- Up-to-date: /home/rob/project/csci5551-s26-team-pointbot/install/include/zed_msgs/zed_msgs/msg/detail/mag_heading_status__rosidl_typesupport_fastrtps_c.h
[0.488s] -- Up-to-date: /home/rob/project/csci5551-s26-team-pointbot/install/include/zed_msgs/zed_msgs/msg/detail/keypoint2_df__rosidl_typesupport_fastrtps_c.h
[0.488s] -- Up-to-date: /home/rob/project/csci5551-s26-team-pointbot/install/include/zed_msgs/zed_msgs/msg/detail/gnss_fusion_status__rosidl_typesupport_fastrtps_c.h
[0.488s] -- Up-to-date: /home/rob/project/csci5551-s26-team-pointbot/install/include/zed_msgs/zed_msgs/msg/detail/keypoint3_d__rosidl_typesupport_fastrtps_c.h
[0.488s] -- Up-to-date: /home/rob/project/csci5551-s26-team-pointbot/install/include/zed_msgs/zed_msgs/msg/detail/health_status_stamped__rosidl_typesupport_fastrtps_c.h
[0.488s] -- Up-to-date: /home/rob/project/csci5551-s26-team-pointbot/install/include/zed_msgs/zed_msgs/msg/detail/skeleton2_d__rosidl_typesupport_fastrtps_c.h
[0.488s] -- Up-to-date: /home/rob/project/csci5551-s26-team-pointbot/install/include/zed_msgs/zed_msgs/msg/detail/pos_track_status__rosidl_typesupport_fastrtps_c.h
[0.488s] -- Up-to-date: /home/rob/project/csci5551-s26-team-pointbot/install/include/zed_msgs/zed_msgs/msg/detail/svo_status__rosidl_typesupport_fastrtps_c.h
[0.488s] -- Up-to-date: /home/rob/project/csci5551-s26-team-pointbot/install/include/zed_msgs/zed_msgs/msg/detail/bounding_box3_d__rosidl_typesupport_fastrtps_c.h
[0.488s] -- Up-to-date: /home/rob/project/csci5551-s26-team-pointbot/install/include/zed_msgs/zed_msgs/srv
[0.488s] -- Up-to-date: /home/rob/project/csci5551-s26-team-pointbot/install/include/zed_msgs/zed_msgs/srv/detail
[0.489s] -- Up-to-date: /home/rob/project/csci5551-s26-team-pointbot/install/include/zed_msgs/zed_msgs/srv/detail/set_pose__rosidl_typesupport_fastrtps_c.h
[0.489s] -- Up-to-date: /home/rob/project/csci5551-s26-team-pointbot/install/include/zed_msgs/zed_msgs/srv/detail/start_svo_rec__rosidl_typesupport_fastrtps_c.h
[0.489s] -- Up-to-date: /home/rob/project/csci5551-s26-team-pointbot/install/include/zed_msgs/zed_msgs/srv/detail/set_roi__rosidl_typesupport_fastrtps_c.h
[0.489s] -- Up-to-date: /home/rob/project/csci5551-s26-team-pointbot/install/include/zed_msgs/zed_msgs/srv/detail/save_area_memory__rosidl_typesupport_fastrtps_c.h
[0.489s] -- Up-to-date: /home/rob/project/csci5551-s26-team-pointbot/install/include/zed_msgs/zed_msgs/srv/detail/set_svo_frame__rosidl_typesupport_fastrtps_c.h
[0.489s] -- Up-to-date: /home/rob/project/csci5551-s26-team-pointbot/install/lib/libzed_msgs__rosidl_typesupport_fastrtps_c.so
[0.489s] -- Up-to-date: /home/rob/project/csci5551-s26-team-pointbot/install/include/zed_msgs/zed_msgs
[0.489s] -- Up-to-date: /home/rob/project/csci5551-s26-team-pointbot/install/include/zed_msgs/zed_msgs/msg
[0.489s] -- Up-to-date: /home/rob/project/csci5551-s26-team-pointbot/install/include/zed_msgs/zed_msgs/msg/bounding_box2_df.hpp
[0.489s] -- Up-to-date: /home/rob/project/csci5551-s26-team-pointbot/install/include/zed_msgs/zed_msgs/msg/health_status_stamped.hpp
[0.489s] -- Up-to-date: /home/rob/project/csci5551-s26-team-pointbot/install/include/zed_msgs/zed_msgs/msg/bounding_box3_d.hpp
[0.489s] -- Up-to-date: /home/rob/project/csci5551-s26-team-pointbot/install/include/zed_msgs/zed_msgs/msg/gnss_fusion_status.hpp
[0.489s] -- Up-to-date: /home/rob/project/csci5551-s26-team-pointbot/install/include/zed_msgs/zed_msgs/msg/skeleton3_d.hpp
[0.489s] -- Up-to-date: /home/rob/project/csci5551-s26-team-pointbot/install/include/zed_msgs/zed_msgs/msg/keypoint2_df.hpp
[0.489s] -- Up-to-date: /home/rob/project/csci5551-s26-team-pointbot/install/include/zed_msgs/zed_msgs/msg/heartbeat.hpp
[0.489s] -- Up-to-date: /home/rob/project/csci5551-s26-team-pointbot/install/include/zed_msgs/zed_msgs/msg/plane_stamped.hpp
[0.489s] -- Up-to-date: /home/rob/project/csci5551-s26-team-pointbot/install/include/zed_msgs/zed_msgs/msg/objects_stamped.hpp
[0.489s] -- Up-to-date: /home/rob/project/csci5551-s26-team-pointbot/install/include/zed_msgs/zed_msgs/msg/depth_info_stamped.hpp
[0.489s] -- Up-to-date: /home/rob/project/csci5551-s26-team-pointbot/install/include/zed_msgs/zed_msgs/msg/pos_track_status.hpp
[0.489s] -- Up-to-date: /home/rob/project/csci5551-s26-team-pointbot/install/include/zed_msgs/zed_msgs/msg/bounding_box2_di.hpp
[0.489s] -- Up-to-date: /home/rob/project/csci5551-s26-team-pointbot/install/include/zed_msgs/zed_msgs/msg/svo_status.hpp
[0.489s] -- Up-to-date: /home/rob/project/csci5551-s26-team-pointbot/install/include/zed_msgs/zed_msgs/msg/rosidl_generator_cpp__visibility_control.hpp
[0.490s] -- Up-to-date: /home/rob/project/csci5551-s26-team-pointbot/install/include/zed_msgs/zed_msgs/msg/keypoint3_d.hpp
[0.490s] -- Up-to-date: /home/rob/project/csci5551-s26-team-pointbot/install/include/zed_msgs/zed_msgs/msg/object.hpp
[0.490s] -- Up-to-date: /home/rob/project/csci5551-s26-team-pointbot/install/include/zed_msgs/zed_msgs/msg/detail
[0.490s] -- Up-to-date: /home/rob/project/csci5551-s26-team-pointbot/install/include/zed_msgs/zed_msgs/msg/detail/gnss_fusion_status__traits.hpp
[0.490s] -- Up-to-date: /home/rob/project/csci5551-s26-team-pointbot/install/include/zed_msgs/zed_msgs/msg/detail/svo_status__builder.hpp
[0.490s] -- Up-to-date: /home/rob/project/csci5551-s26-team-pointbot/install/include/zed_msgs/zed_msgs/msg/detail/keypoint2_df__builder.hpp
[0.490s] -- Up-to-date: /home/rob/project/csci5551-s26-team-pointbot/install/include/zed_msgs/zed_msgs/msg/detail/svo_status__struct.hpp
[0.490s] -- Up-to-date: /home/rob/project/csci5551-s26-team-pointbot/install/include/zed_msgs/zed_msgs/msg/detail/pos_track_status__type_support.hpp
[0.491s] -- Up-to-date: /home/rob/project/csci5551-s26-team-pointbot/install/include/zed_msgs/zed_msgs/msg/detail/skeleton2_d__builder.hpp
[0.491s] -- Up-to-date: /home/rob/project/csci5551-s26-team-pointbot/install/include/zed_msgs/zed_msgs/msg/detail/bounding_box2_di__type_support.hpp
[0.491s] -- Up-to-date: /home/rob/project/csci5551-s26-team-pointbot/install/include/zed_msgs/zed_msgs/msg/detail/keypoint3_d__type_support.hpp
[0.491s] -- Up-to-date: /home/rob/project/csci5551-s26-team-pointbot/install/include/zed_msgs/zed_msgs/msg/detail/object__type_support.hpp
[0.491s] -- Up-to-date: /home/rob/project/csci5551-s26-team-pointbot/install/include/zed_msgs/zed_msgs/msg/detail/gnss_fusion_status__struct.hpp
[0.491s] -- Up-to-date: /home/rob/project/csci5551-s26-team-pointbot/install/include/zed_msgs/zed_msgs/msg/detail/bounding_box2_df__struct.hpp
[0.492s] -- Up-to-date: /home/rob/project/csci5551-s26-team-pointbot/install/include/zed_msgs/zed_msgs/msg/detail/keypoint3_d__traits.hpp
[0.492s] -- Up-to-date: /home/rob/project/csci5551-s26-team-pointbot/install/include/zed_msgs/zed_msgs/msg/detail/skeleton3_d__struct.hpp
[0.492s] -- Up-to-date: /home/rob/project/csci5551-s26-team-pointbot/install/include/zed_msgs/zed_msgs/msg/detail/plane_stamped__struct.hpp
[0.492s] -- Up-to-date: /home/rob/project/csci5551-s26-team-pointbot/install/include/zed_msgs/zed_msgs/msg/detail/mag_heading_status__struct.hpp
[0.492s] -- Up-to-date: /home/rob/project/csci5551-s26-team-pointbot/install/include/zed_msgs/zed_msgs/msg/detail/plane_stamped__traits.hpp
[0.492s] -- Up-to-date: /home/rob/project/csci5551-s26-team-pointbot/install/include/zed_msgs/zed_msgs/msg/detail/pos_track_status__struct.hpp
[0.492s] -- Up-to-date: /home/rob/project/csci5551-s26-team-pointbot/install/include/zed_msgs/zed_msgs/msg/detail/keypoint3_d__builder.hpp
[0.492s] -- Up-to-date: /home/rob/project/csci5551-s26-team-pointbot/install/include/zed_msgs/zed_msgs/msg/detail/bounding_box3_d__builder.hpp
[0.493s] -- Up-to-date: /home/rob/project/csci5551-s26-team-pointbot/install/include/zed_msgs/zed_msgs/msg/detail/plane_stamped__type_support.hpp
[0.493s] -- Up-to-date: /home/rob/project/csci5551-s26-team-pointbot/install/include/zed_msgs/zed_msgs/msg/detail/depth_info_stamped__type_support.hpp
[0.493s] -- Up-to-date: /home/rob/project/csci5551-s26-team-pointbot/install/include/zed_msgs/zed_msgs/msg/detail/depth_info_stamped__traits.hpp
[0.493s] -- Up-to-date: /home/rob/project/csci5551-s26-team-pointbot/install/include/zed_msgs/zed_msgs/msg/detail/mag_heading_status__builder.hpp
[0.493s] -- Up-to-date: /home/rob/project/csci5551-s26-team-pointbot/install/include/zed_msgs/zed_msgs/msg/detail/bounding_box3_d__traits.hpp
[0.493s] -- Up-to-date: /home/rob/project/csci5551-s26-team-pointbot/install/include/zed_msgs/zed_msgs/msg/detail/keypoint2_di__builder.hpp
[0.493s] -- Up-to-date: /home/rob/project/csci5551-s26-team-pointbot/install/include/zed_msgs/zed_msgs/msg/detail/object__builder.hpp
[0.493s] -- Up-to-date: /home/rob/project/csci5551-s26-team-pointbot/install/include/zed_msgs/zed_msgs/msg/detail/bounding_box2_df__traits.hpp
[0.493s] -- Up-to-date: /home/rob/project/csci5551-s26-team-pointbot/install/include/zed_msgs/zed_msgs/msg/detail/mag_heading_status__type_support.hpp
[0.493s] -- Up-to-date: /home/rob/project/csci5551-s26-team-pointbot/install/include/zed_msgs/zed_msgs/msg/detail/bounding_box3_d__struct.hpp
[0.493s] -- Up-to-date: /home/rob/project/csci5551-s26-team-pointbot/install/include/zed_msgs/zed_msgs/msg/detail/objects_stamped__traits.hpp
[0.493s] -- Up-to-date: /home/rob/project/csci5551-s26-team-pointbot/install/include/zed_msgs/zed_msgs/msg/detail/bounding_box2_df__builder.hpp
[0.493s] -- Up-to-date: /home/rob/project/csci5551-s26-team-pointbot/install/include/zed_msgs/zed_msgs/msg/detail/keypoint2_df__type_support.hpp
[0.493s] -- Up-to-date: /home/rob/project/csci5551-s26-team-pointbot/install/include/zed_msgs/zed_msgs/msg/detail/heartbeat__traits.hpp
[0.493s] -- Up-to-date: /home/rob/project/csci5551-s26-team-pointbot/install/include/zed_msgs/zed_msgs/msg/detail/bounding_box2_df__type_support.hpp
[0.493s] -- Up-to-date: /home/rob/project/csci5551-s26-team-pointbot/install/include/zed_msgs/zed_msgs/msg/detail/skeleton2_d__traits.hpp
[0.493s] -- Up-to-date: /home/rob/project/csci5551-s26-team-pointbot/install/include/zed_msgs/zed_msgs/msg/detail/object__struct.hpp
[0.493s] -- Up-to-date: /home/rob/project/csci5551-s26-team-pointbot/install/include/zed_msgs/zed_msgs/msg/detail/keypoint3_d__struct.hpp
[0.493s] -- Up-to-date: /home/rob/project/csci5551-s26-team-pointbot/install/include/zed_msgs/zed_msgs/msg/detail/object__traits.hpp
[0.493s] -- Up-to-date: /home/rob/project/csci5551-s26-team-pointbot/install/include/zed_msgs/zed_msgs/msg/detail/skeleton3_d__type_support.hpp
[0.493s] -- Up-to-date: /home/rob/project/csci5551-s26-team-pointbot/install/include/zed_msgs/zed_msgs/msg/detail/bounding_box2_di__builder.hpp
[0.493s] -- Up-to-date: /home/rob/project/csci5551-s26-team-pointbot/install/include/zed_msgs/zed_msgs/msg/detail/heartbeat__builder.hpp
[0.493s] -- Up-to-date: /home/rob/project/csci5551-s26-team-pointbot/install/include/zed_msgs/zed_msgs/msg/detail/bounding_box2_di__traits.hpp
[0.494s] -- Up-to-date: /home/rob/project/csci5551-s26-team-pointbot/install/include/zed_msgs/zed_msgs/msg/detail/skeleton2_d__struct.hpp
[0.494s] -- Up-to-date: /home/rob/project/csci5551-s26-team-pointbot/install/include/zed_msgs/zed_msgs/msg/detail/pos_track_status__builder.hpp
[0.494s] -- Up-to-date: /home/rob/project/csci5551-s26-team-pointbot/install/include/zed_msgs/zed_msgs/msg/detail/svo_status__traits.hpp
[0.494s] -- Up-to-date: /home/rob/project/csci5551-s26-team-pointbot/install/include/zed_msgs/zed_msgs/msg/detail/gnss_fusion_status__builder.hpp
[0.494s] -- Up-to-date: /home/rob/project/csci5551-s26-team-pointbot/install/include/zed_msgs/zed_msgs/msg/detail/bounding_box2_di__struct.hpp
[0.494s] -- Up-to-date: /home/rob/project/csci5551-s26-team-pointbot/install/include/zed_msgs/zed_msgs/msg/detail/health_status_stamped__struct.hpp
[0.494s] -- Up-to-date: /home/rob/project/csci5551-s26-team-pointbot/install/include/zed_msgs/zed_msgs/msg/detail/keypoint2_df__traits.hpp
[0.494s] -- Up-to-date: /home/rob/project/csci5551-s26-team-pointbot/install/include/zed_msgs/zed_msgs/msg/detail/depth_info_stamped__builder.hpp
[0.494s] -- Up-to-date: /home/rob/project/csci5551-s26-team-pointbot/install/include/zed_msgs/zed_msgs/msg/detail/skeleton3_d__builder.hpp
[0.494s] -- Up-to-date: /home/rob/project/csci5551-s26-team-pointbot/install/include/zed_msgs/zed_msgs/msg/detail/svo_status__type_support.hpp
[0.494s] -- Up-to-date: /home/rob/project/csci5551-s26-team-pointbot/install/include/zed_msgs/zed_msgs/msg/detail/keypoint2_di__type_support.hpp
[0.494s] -- Up-to-date: /home/rob/project/csci5551-s26-team-pointbot/install/include/zed_msgs/zed_msgs/msg/detail/pos_track_status__traits.hpp
[0.494s] -- Up-to-date: /home/rob/project/csci5551-s26-team-pointbot/install/include/zed_msgs/zed_msgs/msg/detail/health_status_stamped__type_support.hpp
[0.494s] -- Up-to-date: /home/rob/project/csci5551-s26-team-pointbot/install/include/zed_msgs/zed_msgs/msg/detail/health_status_stamped__builder.hpp
[0.495s] -- Up-to-date: /home/rob/project/csci5551-s26-team-pointbot/install/include/zed_msgs/zed_msgs/msg/detail/keypoint2_di__struct.hpp
[0.495s] -- Up-to-date: /home/rob/project/csci5551-s26-team-pointbot/install/include/zed_msgs/zed_msgs/msg/detail/bounding_box3_d__type_support.hpp
[0.495s] -- Up-to-date: /home/rob/project/csci5551-s26-team-pointbot/install/include/zed_msgs/zed_msgs/msg/detail/heartbeat__struct.hpp
[0.495s] -- Up-to-date: /home/rob/project/csci5551-s26-team-pointbot/install/include/zed_msgs/zed_msgs/msg/detail/heartbeat__type_support.hpp
[0.495s] -- Up-to-date: /home/rob/project/csci5551-s26-team-pointbot/install/include/zed_msgs/zed_msgs/msg/detail/objects_stamped__type_support.hpp
[0.495s] -- Up-to-date: /home/rob/project/csci5551-s26-team-pointbot/install/include/zed_msgs/zed_msgs/msg/detail/plane_stamped__builder.hpp
[0.495s] -- Up-to-date: /home/rob/project/csci5551-s26-team-pointbot/install/include/zed_msgs/zed_msgs/msg/detail/keypoint2_df__struct.hpp
[0.495s] -- Up-to-date: /home/rob/project/csci5551-s26-team-pointbot/install/include/zed_msgs/zed_msgs/msg/detail/gnss_fusion_status__type_support.hpp
[0.495s] -- Up-to-date: /home/rob/project/csci5551-s26-team-pointbot/install/include/zed_msgs/zed_msgs/msg/detail/skeleton3_d__traits.hpp
[0.495s] -- Up-to-date: /home/rob/project/csci5551-s26-team-pointbot/install/include/zed_msgs/zed_msgs/msg/detail/skeleton2_d__type_support.hpp
[0.495s] -- Up-to-date: /home/rob/project/csci5551-s26-team-pointbot/install/include/zed_msgs/zed_msgs/msg/detail/health_status_stamped__traits.hpp
[0.495s] -- Up-to-date: /home/rob/project/csci5551-s26-team-pointbot/install/include/zed_msgs/zed_msgs/msg/detail/keypoint2_di__traits.hpp
[0.495s] -- Up-to-date: /home/rob/project/csci5551-s26-team-pointbot/install/include/zed_msgs/zed_msgs/msg/detail/mag_heading_status__traits.hpp
[0.495s] -- Up-to-date: /home/rob/project/csci5551-s26-team-pointbot/install/include/zed_msgs/zed_msgs/msg/detail/objects_stamped__builder.hpp
[0.495s] -- Up-to-date: /home/rob/project/csci5551-s26-team-pointbot/install/include/zed_msgs/zed_msgs/msg/detail/objects_stamped__struct.hpp
[0.495s] -- Up-to-date: /home/rob/project/csci5551-s26-team-pointbot/install/include/zed_msgs/zed_msgs/msg/detail/depth_info_stamped__struct.hpp
[0.495s] -- Up-to-date: /home/rob/project/csci5551-s26-team-pointbot/install/include/zed_msgs/zed_msgs/msg/skeleton2_d.hpp
[0.495s] -- Up-to-date: /home/rob/project/csci5551-s26-team-pointbot/install/include/zed_msgs/zed_msgs/msg/mag_heading_status.hpp
[0.495s] -- Up-to-date: /home/rob/project/csci5551-s26-team-pointbot/install/include/zed_msgs/zed_msgs/msg/keypoint2_di.hpp
[0.496s] -- Up-to-date: /home/rob/project/csci5551-s26-team-pointbot/install/include/zed_msgs/zed_msgs/srv
[0.496s] -- Up-to-date: /home/rob/project/csci5551-s26-team-pointbot/install/include/zed_msgs/zed_msgs/srv/set_pose.hpp
[0.496s] -- Up-to-date: /home/rob/project/csci5551-s26-team-pointbot/install/include/zed_msgs/zed_msgs/srv/detail
[0.496s] -- Up-to-date: /home/rob/project/csci5551-s26-team-pointbot/install/include/zed_msgs/zed_msgs/srv/detail/save_area_memory__type_support.hpp
[0.496s] -- Up-to-date: /home/rob/project/csci5551-s26-team-pointbot/install/include/zed_msgs/zed_msgs/srv/detail/start_svo_rec__traits.hpp
[0.496s] -- Up-to-date: /home/rob/project/csci5551-s26-team-pointbot/install/include/zed_msgs/zed_msgs/srv/detail/set_svo_frame__builder.hpp
[0.496s] -- Up-to-date: /home/rob/project/csci5551-s26-team-pointbot/install/include/zed_msgs/zed_msgs/srv/detail/set_pose__struct.hpp
[0.496s] -- Up-to-date: /home/rob/project/csci5551-s26-team-pointbot/install/include/zed_msgs/zed_msgs/srv/detail/save_area_memory__traits.hpp
[0.496s] -- Up-to-date: /home/rob/project/csci5551-s26-team-pointbot/install/include/zed_msgs/zed_msgs/srv/detail/save_area_memory__builder.hpp
[0.496s] -- Up-to-date: /home/rob/project/csci5551-s26-team-pointbot/install/include/zed_msgs/zed_msgs/srv/detail/set_roi__struct.hpp
[0.496s] -- Up-to-date: /home/rob/project/csci5551-s26-team-pointbot/install/include/zed_msgs/zed_msgs/srv/detail/save_area_memory__struct.hpp
[0.496s] -- Up-to-date: /home/rob/project/csci5551-s26-team-pointbot/install/include/zed_msgs/zed_msgs/srv/detail/set_roi__builder.hpp
[0.496s] -- Up-to-date: /home/rob/project/csci5551-s26-team-pointbot/install/include/zed_msgs/zed_msgs/srv/detail/set_svo_frame__struct.hpp
[0.496s] -- Up-to-date: /home/rob/project/csci5551-s26-team-pointbot/install/include/zed_msgs/zed_msgs/srv/detail/set_pose__builder.hpp
[0.496s] -- Up-to-date: /home/rob/project/csci5551-s26-team-pointbot/install/include/zed_msgs/zed_msgs/srv/detail/set_pose__type_support.hpp
[0.497s] -- Up-to-date: /home/rob/project/csci5551-s26-team-pointbot/install/include/zed_msgs/zed_msgs/srv/detail/start_svo_rec__struct.hpp
[0.497s] -- Up-to-date: /home/rob/project/csci5551-s26-team-pointbot/install/include/zed_msgs/zed_msgs/srv/detail/set_pose__traits.hpp
[0.497s] -- Up-to-date: /home/rob/project/csci5551-s26-team-pointbot/install/include/zed_msgs/zed_msgs/srv/detail/start_svo_rec__type_support.hpp
[0.497s] -- Up-to-date: /home/rob/project/csci5551-s26-team-pointbot/install/include/zed_msgs/zed_msgs/srv/detail/set_roi__traits.hpp
[0.497s] -- Up-to-date: /home/rob/project/csci5551-s26-team-pointbot/install/include/zed_msgs/zed_msgs/srv/detail/set_roi__type_support.hpp
[0.497s] -- Up-to-date: /home/rob/project/csci5551-s26-team-pointbot/install/include/zed_msgs/zed_msgs/srv/detail/set_svo_frame__traits.hpp
[0.497s] -- Up-to-date: /home/rob/project/csci5551-s26-team-pointbot/install/include/zed_msgs/zed_msgs/srv/detail/set_svo_frame__type_support.hpp
[0.497s] -- Up-to-date: /home/rob/project/csci5551-s26-team-pointbot/install/include/zed_msgs/zed_msgs/srv/detail/start_svo_rec__builder.hpp
[0.497s] -- Up-to-date: /home/rob/project/csci5551-s26-team-pointbot/install/include/zed_msgs/zed_msgs/srv/set_roi.hpp
[0.497s] -- Up-to-date: /home/rob/project/csci5551-s26-team-pointbot/install/include/zed_msgs/zed_msgs/srv/set_svo_frame.hpp
[0.497s] -- Up-to-date: /home/rob/project/csci5551-s26-team-pointbot/install/include/zed_msgs/zed_msgs/srv/save_area_memory.hpp
[0.497s] -- Up-to-date: /home/rob/project/csci5551-s26-team-pointbot/install/include/zed_msgs/zed_msgs/srv/start_svo_rec.hpp
[0.497s] -- Up-to-date: /home/rob/project/csci5551-s26-team-pointbot/install/include/zed_msgs/zed_msgs
[0.497s] -- Up-to-date: /home/rob/project/csci5551-s26-team-pointbot/install/include/zed_msgs/zed_msgs/msg
[0.497s] -- Up-to-date: /home/rob/project/csci5551-s26-team-pointbot/install/include/zed_msgs/zed_msgs/msg/rosidl_typesupport_fastrtps_cpp__visibility_control.h
[0.497s] -- Up-to-date: /home/rob/project/csci5551-s26-team-pointbot/install/include/zed_msgs/zed_msgs/msg/detail
[0.497s] -- Up-to-date: /home/rob/project/csci5551-s26-team-pointbot/install/include/zed_msgs/zed_msgs/msg/detail/gnss_fusion_status__rosidl_typesupport_fastrtps_cpp.hpp
[0.497s] -- Up-to-date: /home/rob/project/csci5551-s26-team-pointbot/install/include/zed_msgs/zed_msgs/msg/detail/keypoint3_d__rosidl_typesupport_fastrtps_cpp.hpp
[0.497s] -- Up-to-date: /home/rob/project/csci5551-s26-team-pointbot/install/include/zed_msgs/zed_msgs/msg/detail/dds_fastrtps
[0.497s] -- Up-to-date: /home/rob/project/csci5551-s26-team-pointbot/install/include/zed_msgs/zed_msgs/msg/detail/heartbeat__rosidl_typesupport_fastrtps_cpp.hpp
[0.497s] -- Up-to-date: /home/rob/project/csci5551-s26-team-pointbot/install/include/zed_msgs/zed_msgs/msg/detail/skeleton3_d__rosidl_typesupport_fastrtps_cpp.hpp
[0.497s] -- Up-to-date: /home/rob/project/csci5551-s26-team-pointbot/install/include/zed_msgs/zed_msgs/msg/detail/pos_track_status__rosidl_typesupport_fastrtps_cpp.hpp
[0.497s] -- Up-to-date: /home/rob/project/csci5551-s26-team-pointbot/install/include/zed_msgs/zed_msgs/msg/detail/bounding_box2_df__rosidl_typesupport_fastrtps_cpp.hpp
[0.497s] -- Up-to-date: /home/rob/project/csci5551-s26-team-pointbot/install/include/zed_msgs/zed_msgs/msg/detail/plane_stamped__rosidl_typesupport_fastrtps_cpp.hpp
[0.497s] -- Up-to-date: /home/rob/project/csci5551-s26-team-pointbot/install/include/zed_msgs/zed_msgs/msg/detail/mag_heading_status__rosidl_typesupport_fastrtps_cpp.hpp
[0.497s] -- Up-to-date: /home/rob/project/csci5551-s26-team-pointbot/install/include/zed_msgs/zed_msgs/msg/detail/bounding_box2_di__rosidl_typesupport_fastrtps_cpp.hpp
[0.497s] -- Up-to-date: /home/rob/project/csci5551-s26-team-pointbot/install/include/zed_msgs/zed_msgs/msg/detail/bounding_box3_d__rosidl_typesupport_fastrtps_cpp.hpp
[0.498s] -- Up-to-date: /home/rob/project/csci5551-s26-team-pointbot/install/include/zed_msgs/zed_msgs/msg/detail/keypoint2_df__rosidl_typesupport_fastrtps_cpp.hpp
[0.498s] -- Up-to-date: /home/rob/project/csci5551-s26-team-pointbot/install/include/zed_msgs/zed_msgs/msg/detail/depth_info_stamped__rosidl_typesupport_fastrtps_cpp.hpp
[0.498s] -- Up-to-date: /home/rob/project/csci5551-s26-team-pointbot/install/include/zed_msgs/zed_msgs/msg/detail/objects_stamped__rosidl_typesupport_fastrtps_cpp.hpp
[0.498s] -- Up-to-date: /home/rob/project/csci5551-s26-team-pointbot/install/include/zed_msgs/zed_msgs/msg/detail/skeleton2_d__rosidl_typesupport_fastrtps_cpp.hpp
[0.498s] -- Up-to-date: /home/rob/project/csci5551-s26-team-pointbot/install/include/zed_msgs/zed_msgs/msg/detail/svo_status__rosidl_typesupport_fastrtps_cpp.hpp
[0.498s] -- Up-to-date: /home/rob/project/csci5551-s26-team-pointbot/install/include/zed_msgs/zed_msgs/msg/detail/object__rosidl_typesupport_fastrtps_cpp.hpp
[0.498s] -- Up-to-date: /home/rob/project/csci5551-s26-team-pointbot/install/include/zed_msgs/zed_msgs/msg/detail/health_status_stamped__rosidl_typesupport_fastrtps_cpp.hpp
[0.498s] -- Up-to-date: /home/rob/project/csci5551-s26-team-pointbot/install/include/zed_msgs/zed_msgs/msg/detail/keypoint2_di__rosidl_typesupport_fastrtps_cpp.hpp
[0.498s] -- Up-to-date: /home/rob/project/csci5551-s26-team-pointbot/install/include/zed_msgs/zed_msgs/srv
[0.498s] -- Up-to-date: /home/rob/project/csci5551-s26-team-pointbot/install/include/zed_msgs/zed_msgs/srv/detail
[0.498s] -- Up-to-date: /home/rob/project/csci5551-s26-team-pointbot/install/include/zed_msgs/zed_msgs/srv/detail/save_area_memory__rosidl_typesupport_fastrtps_cpp.hpp
[0.498s] -- Up-to-date: /home/rob/project/csci5551-s26-team-pointbot/install/include/zed_msgs/zed_msgs/srv/detail/dds_fastrtps
[0.498s] -- Up-to-date: /home/rob/project/csci5551-s26-team-pointbot/install/include/zed_msgs/zed_msgs/srv/detail/set_pose__rosidl_typesupport_fastrtps_cpp.hpp
[0.498s] -- Up-to-date: /home/rob/project/csci5551-s26-team-pointbot/install/include/zed_msgs/zed_msgs/srv/detail/start_svo_rec__rosidl_typesupport_fastrtps_cpp.hpp
[0.498s] -- Up-to-date: /home/rob/project/csci5551-s26-team-pointbot/install/include/zed_msgs/zed_msgs/srv/detail/set_roi__rosidl_typesupport_fastrtps_cpp.hpp
[0.498s] -- Up-to-date: /home/rob/project/csci5551-s26-team-pointbot/install/include/zed_msgs/zed_msgs/srv/detail/set_svo_frame__rosidl_typesupport_fastrtps_cpp.hpp
[0.498s] -- Up-to-date: /home/rob/project/csci5551-s26-team-pointbot/install/lib/libzed_msgs__rosidl_typesupport_fastrtps_cpp.so
[0.498s] -- Up-to-date: /home/rob/project/csci5551-s26-team-pointbot/install/include/zed_msgs/zed_msgs
[0.498s] -- Up-to-date: /home/rob/project/csci5551-s26-team-pointbot/install/include/zed_msgs/zed_msgs/msg
[0.498s] -- Up-to-date: /home/rob/project/csci5551-s26-team-pointbot/install/include/zed_msgs/zed_msgs/msg/rosidl_typesupport_introspection_c__visibility_control.h
[0.498s] -- Up-to-date: /home/rob/project/csci5551-s26-team-pointbot/install/include/zed_msgs/zed_msgs/msg/detail
[0.498s] -- Up-to-date: /home/rob/project/csci5551-s26-team-pointbot/install/include/zed_msgs/zed_msgs/msg/detail/gnss_fusion_status__rosidl_typesupport_introspection_c.h
[0.498s] -- Up-to-date: /home/rob/project/csci5551-s26-team-pointbot/install/include/zed_msgs/zed_msgs/msg/detail/keypoint2_df__rosidl_typesupport_introspection_c.h
[0.498s] -- Up-to-date: /home/rob/project/csci5551-s26-team-pointbot/install/include/zed_msgs/zed_msgs/msg/detail/skeleton3_d__rosidl_typesupport_introspection_c.h
[0.498s] -- Up-to-date: /home/rob/project/csci5551-s26-team-pointbot/install/include/zed_msgs/zed_msgs/msg/detail/objects_stamped__rosidl_typesupport_introspection_c.h
[0.498s] -- Up-to-date: /home/rob/project/csci5551-s26-team-pointbot/install/include/zed_msgs/zed_msgs/msg/detail/depth_info_stamped__rosidl_typesupport_introspection_c.h
[0.498s] -- Installing: /home/rob/project/csci5551-s26-team-pointbot/install/include/zed_msgs/zed_msgs/msg/detail/mag_heading_status__type_support.c
[0.498s] -- Up-to-date: /home/rob/project/csci5551-s26-team-pointbot/install/include/zed_msgs/zed_msgs/msg/detail/object__rosidl_typesupport_introspection_c.h
[0.498s] -- Up-to-date: /home/rob/project/csci5551-s26-team-pointbot/install/include/zed_msgs/zed_msgs/msg/detail/skeleton2_d__rosidl_typesupport_introspection_c.h
[0.499s] -- Installing: /home/rob/project/csci5551-s26-team-pointbot/install/include/zed_msgs/zed_msgs/msg/detail/plane_stamped__type_support.c
[0.499s] -- Installing: /home/rob/project/csci5551-s26-team-pointbot/install/include/zed_msgs/zed_msgs/msg/detail/gnss_fusion_status__type_support.c
[0.499s] -- Up-to-date: /home/rob/project/csci5551-s26-team-pointbot/install/include/zed_msgs/zed_msgs/msg/detail/health_status_stamped__rosidl_typesupport_introspection_c.h
[0.499s] -- Installing: /home/rob/project/csci5551-s26-team-pointbot/install/include/zed_msgs/zed_msgs/msg/detail/keypoint2_df__type_support.c
[0.499s] -- Installing: /home/rob/project/csci5551-s26-team-pointbot/install/include/zed_msgs/zed_msgs/msg/detail/heartbeat__type_support.c
[0.499s] -- Up-to-date: /home/rob/project/csci5551-s26-team-pointbot/install/include/zed_msgs/zed_msgs/msg/detail/pos_track_status__rosidl_typesupport_introspection_c.h
[0.499s] -- Installing: /home/rob/project/csci5551-s26-team-pointbot/install/include/zed_msgs/zed_msgs/msg/detail/bounding_box3_d__type_support.c
[0.499s] -- Up-to-date: /home/rob/project/csci5551-s26-team-pointbot/install/include/zed_msgs/zed_msgs/msg/detail/keypoint3_d__rosidl_typesupport_introspection_c.h
[0.499s] -- Installing: /home/rob/project/csci5551-s26-team-pointbot/install/include/zed_msgs/zed_msgs/msg/detail/keypoint3_d__type_support.c
[0.499s] -- Installing: /home/rob/project/csci5551-s26-team-pointbot/install/include/zed_msgs/zed_msgs/msg/detail/bounding_box2_df__type_support.c
[0.499s] -- Up-to-date: /home/rob/project/csci5551-s26-team-pointbot/install/include/zed_msgs/zed_msgs/msg/detail/plane_stamped__rosidl_typesupport_introspection_c.h
[0.499s] -- Up-to-date: /home/rob/project/csci5551-s26-team-pointbot/install/include/zed_msgs/zed_msgs/msg/detail/bounding_box2_di__rosidl_typesupport_introspection_c.h
[0.499s] -- Installing: /home/rob/project/csci5551-s26-team-pointbot/install/include/zed_msgs/zed_msgs/msg/detail/skeleton2_d__type_support.c
[0.499s] -- Installing: /home/rob/project/csci5551-s26-team-pointbot/install/include/zed_msgs/zed_msgs/msg/detail/bounding_box2_di__type_support.c
[0.502s] -- Up-to-date: /home/rob/project/csci5551-s26-team-pointbot/install/include/zed_msgs/zed_msgs/msg/detail/bounding_box2_df__rosidl_typesupport_introspection_c.h
[0.502s] -- Up-to-date: /home/rob/project/csci5551-s26-team-pointbot/install/include/zed_msgs/zed_msgs/msg/detail/mag_heading_status__rosidl_typesupport_introspection_c.h
[0.502s] -- Up-to-date: /home/rob/project/csci5551-s26-team-pointbot/install/include/zed_msgs/zed_msgs/msg/detail/bounding_box3_d__rosidl_typesupport_introspection_c.h
[0.502s] -- Installing: /home/rob/project/csci5551-s26-team-pointbot/install/include/zed_msgs/zed_msgs/msg/detail/objects_stamped__type_support.c
[0.502s] -- Up-to-date: /home/rob/project/csci5551-s26-team-pointbot/install/include/zed_msgs/zed_msgs/msg/detail/keypoint2_di__rosidl_typesupport_introspection_c.h
[0.502s] -- Up-to-date: /home/rob/project/csci5551-s26-team-pointbot/install/include/zed_msgs/zed_msgs/msg/detail/svo_status__rosidl_typesupport_introspection_c.h
[0.502s] -- Installing: /home/rob/project/csci5551-s26-team-pointbot/install/include/zed_msgs/zed_msgs/msg/detail/health_status_stamped__type_support.c
[0.502s] -- Installing: /home/rob/project/csci5551-s26-team-pointbot/install/include/zed_msgs/zed_msgs/msg/detail/keypoint2_di__type_support.c
[0.502s] -- Installing: /home/rob/project/csci5551-s26-team-pointbot/install/include/zed_msgs/zed_msgs/msg/detail/skeleton3_d__type_support.c
[0.502s] -- Installing: /home/rob/project/csci5551-s26-team-pointbot/install/include/zed_msgs/zed_msgs/msg/detail/object__type_support.c
[0.502s] -- Installing: /home/rob/project/csci5551-s26-team-pointbot/install/include/zed_msgs/zed_msgs/msg/detail/depth_info_stamped__type_support.c
[0.502s] -- Installing: /home/rob/project/csci5551-s26-team-pointbot/install/include/zed_msgs/zed_msgs/msg/detail/pos_track_status__type_support.c
[0.502s] -- Up-to-date: /home/rob/project/csci5551-s26-team-pointbot/install/include/zed_msgs/zed_msgs/msg/detail/heartbeat__rosidl_typesupport_introspection_c.h
[0.502s] -- Installing: /home/rob/project/csci5551-s26-team-pointbot/install/include/zed_msgs/zed_msgs/msg/detail/svo_status__type_support.c
[0.502s] -- Up-to-date: /home/rob/project/csci5551-s26-team-pointbot/install/include/zed_msgs/zed_msgs/srv
[0.503s] -- Up-to-date: /home/rob/project/csci5551-s26-team-pointbot/install/include/zed_msgs/zed_msgs/srv/detail
[0.503s] -- Installing: /home/rob/project/csci5551-s26-team-pointbot/install/include/zed_msgs/zed_msgs/srv/detail/start_svo_rec__type_support.c
[0.503s] -- Up-to-date: /home/rob/project/csci5551-s26-team-pointbot/install/include/zed_msgs/zed_msgs/srv/detail/start_svo_rec__rosidl_typesupport_introspection_c.h
[0.503s] -- Up-to-date: /home/rob/project/csci5551-s26-team-pointbot/install/include/zed_msgs/zed_msgs/srv/detail/set_roi__rosidl_typesupport_introspection_c.h
[0.503s] -- Installing: /home/rob/project/csci5551-s26-team-pointbot/install/include/zed_msgs/zed_msgs/srv/detail/save_area_memory__type_support.c
[0.503s] -- Up-to-date: /home/rob/project/csci5551-s26-team-pointbot/install/include/zed_msgs/zed_msgs/srv/detail/set_svo_frame__rosidl_typesupport_introspection_c.h
[0.503s] -- Installing: /home/rob/project/csci5551-s26-team-pointbot/install/include/zed_msgs/zed_msgs/srv/detail/set_svo_frame__type_support.c
[0.503s] -- Installing: /home/rob/project/csci5551-s26-team-pointbot/install/include/zed_msgs/zed_msgs/srv/detail/set_roi__type_support.c
[0.503s] -- Up-to-date: /home/rob/project/csci5551-s26-team-pointbot/install/include/zed_msgs/zed_msgs/srv/detail/set_pose__rosidl_typesupport_introspection_c.h
[0.503s] -- Up-to-date: /home/rob/project/csci5551-s26-team-pointbot/install/include/zed_msgs/zed_msgs/srv/detail/save_area_memory__rosidl_typesupport_introspection_c.h
[0.503s] -- Installing: /home/rob/project/csci5551-s26-team-pointbot/install/include/zed_msgs/zed_msgs/srv/detail/set_pose__type_support.c
[0.510s] -- Up-to-date: /home/rob/project/csci5551-s26-team-pointbot/install/lib/libzed_msgs__rosidl_typesupport_introspection_c.so
[0.510s] -- Up-to-date: /home/rob/project/csci5551-s26-team-pointbot/install/lib/libzed_msgs__rosidl_typesupport_c.so
[0.510s] -- Up-to-date: /home/rob/project/csci5551-s26-team-pointbot/install/include/zed_msgs/zed_msgs
[0.510s] -- Up-to-date: /home/rob/project/csci5551-s26-team-pointbot/install/include/zed_msgs/zed_msgs/msg
[0.510s] -- Up-to-date: /home/rob/project/csci5551-s26-team-pointbot/install/include/zed_msgs/zed_msgs/msg/detail
[0.510s] -- Up-to-date: /home/rob/project/csci5551-s26-team-pointbot/install/include/zed_msgs/zed_msgs/msg/detail/bounding_box3_d__rosidl_typesupport_introspection_cpp.hpp
[0.510s] -- Up-to-date: /home/rob/project/csci5551-s26-team-pointbot/install/include/zed_msgs/zed_msgs/msg/detail/keypoint2_df__type_support.cpp
[0.510s] -- Up-to-date: /home/rob/project/csci5551-s26-team-pointbot/install/include/zed_msgs/zed_msgs/msg/detail/keypoint3_d__rosidl_typesupport_introspection_cpp.hpp
[0.510s] -- Up-to-date: /home/rob/project/csci5551-s26-team-pointbot/install/include/zed_msgs/zed_msgs/msg/detail/depth_info_stamped__rosidl_typesupport_introspection_cpp.hpp
[0.510s] -- Up-to-date: /home/rob/project/csci5551-s26-team-pointbot/install/include/zed_msgs/zed_msgs/msg/detail/objects_stamped__type_support.cpp
[0.510s] -- Up-to-date: /home/rob/project/csci5551-s26-team-pointbot/install/include/zed_msgs/zed_msgs/msg/detail/object__type_support.cpp
[0.510s] -- Up-to-date: /home/rob/project/csci5551-s26-team-pointbot/install/include/zed_msgs/zed_msgs/msg/detail/health_status_stamped__type_support.cpp
[0.510s] -- Up-to-date: /home/rob/project/csci5551-s26-team-pointbot/install/include/zed_msgs/zed_msgs/msg/detail/object__rosidl_typesupport_introspection_cpp.hpp
[0.510s] -- Up-to-date: /home/rob/project/csci5551-s26-team-pointbot/install/include/zed_msgs/zed_msgs/msg/detail/gnss_fusion_status__rosidl_typesupport_introspection_cpp.hpp
[0.510s] -- Up-to-date: /home/rob/project/csci5551-s26-team-pointbot/install/include/zed_msgs/zed_msgs/msg/detail/bounding_box2_df__rosidl_typesupport_introspection_cpp.hpp
[0.510s] -- Up-to-date: /home/rob/project/csci5551-s26-team-pointbot/install/include/zed_msgs/zed_msgs/msg/detail/skeleton3_d__rosidl_typesupport_introspection_cpp.hpp
[0.510s] -- Up-to-date: /home/rob/project/csci5551-s26-team-pointbot/install/include/zed_msgs/zed_msgs/msg/detail/bounding_box2_di__type_support.cpp
[0.510s] -- Up-to-date: /home/rob/project/csci5551-s26-team-pointbot/install/include/zed_msgs/zed_msgs/msg/detail/health_status_stamped__rosidl_typesupport_introspection_cpp.hpp
[0.510s] -- Up-to-date: /home/rob/project/csci5551-s26-team-pointbot/install/include/zed_msgs/zed_msgs/msg/detail/pos_track_status__type_support.cpp
[0.511s] -- Up-to-date: /home/rob/project/csci5551-s26-team-pointbot/install/include/zed_msgs/zed_msgs/msg/detail/plane_stamped__rosidl_typesupport_introspection_cpp.hpp
[0.511s] -- Up-to-date: /home/rob/project/csci5551-s26-team-pointbot/install/include/zed_msgs/zed_msgs/msg/detail/heartbeat__rosidl_typesupport_introspection_cpp.hpp
[0.511s] -- Up-to-date: /home/rob/project/csci5551-s26-team-pointbot/install/include/zed_msgs/zed_msgs/msg/detail/keypoint2_di__type_support.cpp
[0.511s] -- Up-to-date: /home/rob/project/csci5551-s26-team-pointbot/install/include/zed_msgs/zed_msgs/msg/detail/mag_heading_status__rosidl_typesupport_introspection_cpp.hpp
[0.512s] -- Up-to-date: /home/rob/project/csci5551-s26-team-pointbot/install/include/zed_msgs/zed_msgs/msg/detail/bounding_box2_di__rosidl_typesupport_introspection_cpp.hpp
[0.512s] -- Up-to-date: /home/rob/project/csci5551-s26-team-pointbot/install/include/zed_msgs/zed_msgs/msg/detail/skeleton2_d__type_support.cpp
[0.512s] -- Up-to-date: /home/rob/project/csci5551-s26-team-pointbot/install/include/zed_msgs/zed_msgs/msg/detail/depth_info_stamped__type_support.cpp
[0.512s] -- Up-to-date: /home/rob/project/csci5551-s26-team-pointbot/install/include/zed_msgs/zed_msgs/msg/detail/heartbeat__type_support.cpp
[0.512s] -- Up-to-date: /home/rob/project/csci5551-s26-team-pointbot/install/include/zed_msgs/zed_msgs/msg/detail/bounding_box3_d__type_support.cpp
[0.512s] -- Up-to-date: /home/rob/project/csci5551-s26-team-pointbot/install/include/zed_msgs/zed_msgs/msg/detail/bounding_box2_df__type_support.cpp
[0.512s] -- Up-to-date: /home/rob/project/csci5551-s26-team-pointbot/install/include/zed_msgs/zed_msgs/msg/detail/keypoint2_df__rosidl_typesupport_introspection_cpp.hpp
[0.513s] -- Up-to-date: /home/rob/project/csci5551-s26-team-pointbot/install/include/zed_msgs/zed_msgs/msg/detail/keypoint2_di__rosidl_typesupport_introspection_cpp.hpp
[0.513s] -- Up-to-date: /home/rob/project/csci5551-s26-team-pointbot/install/include/zed_msgs/zed_msgs/msg/detail/svo_status__rosidl_typesupport_introspection_cpp.hpp
[0.513s] -- Up-to-date: /home/rob/project/csci5551-s26-team-pointbot/install/include/zed_msgs/zed_msgs/msg/detail/mag_heading_status__type_support.cpp
[0.513s] -- Up-to-date: /home/rob/project/csci5551-s26-team-pointbot/install/include/zed_msgs/zed_msgs/msg/detail/keypoint3_d__type_support.cpp
[0.513s] -- Up-to-date: /home/rob/project/csci5551-s26-team-pointbot/install/include/zed_msgs/zed_msgs/msg/detail/skeleton3_d__type_support.cpp
[0.513s] -- Up-to-date: /home/rob/project/csci5551-s26-team-pointbot/install/include/zed_msgs/zed_msgs/msg/detail/pos_track_status__rosidl_typesupport_introspection_cpp.hpp
[0.513s] -- Up-to-date: /home/rob/project/csci5551-s26-team-pointbot/install/include/zed_msgs/zed_msgs/msg/detail/skeleton2_d__rosidl_typesupport_introspection_cpp.hpp
[0.513s] -- Up-to-date: /home/rob/project/csci5551-s26-team-pointbot/install/include/zed_msgs/zed_msgs/msg/detail/gnss_fusion_status__type_support.cpp
[0.513s] -- Up-to-date: /home/rob/project/csci5551-s26-team-pointbot/install/include/zed_msgs/zed_msgs/msg/detail/objects_stamped__rosidl_typesupport_introspection_cpp.hpp
[0.513s] -- Up-to-date: /home/rob/project/csci5551-s26-team-pointbot/install/include/zed_msgs/zed_msgs/msg/detail/plane_stamped__type_support.cpp
[0.513s] -- Up-to-date: /home/rob/project/csci5551-s26-team-pointbot/install/include/zed_msgs/zed_msgs/msg/detail/svo_status__type_support.cpp
[0.513s] -- Up-to-date: /home/rob/project/csci5551-s26-team-pointbot/install/include/zed_msgs/zed_msgs/srv
[0.513s] -- Up-to-date: /home/rob/project/csci5551-s26-team-pointbot/install/include/zed_msgs/zed_msgs/srv/detail
[0.513s] -- Up-to-date: /home/rob/project/csci5551-s26-team-pointbot/install/include/zed_msgs/zed_msgs/srv/detail/set_pose__rosidl_typesupport_introspection_cpp.hpp
[0.513s] -- Up-to-date: /home/rob/project/csci5551-s26-team-pointbot/install/include/zed_msgs/zed_msgs/srv/detail/set_svo_frame__type_support.cpp
[0.513s] -- Up-to-date: /home/rob/project/csci5551-s26-team-pointbot/install/include/zed_msgs/zed_msgs/srv/detail/start_svo_rec__rosidl_typesupport_introspection_cpp.hpp
[0.514s] -- Up-to-date: /home/rob/project/csci5551-s26-team-pointbot/install/include/zed_msgs/zed_msgs/srv/detail/set_pose__type_support.cpp
[0.514s] -- Up-to-date: /home/rob/project/csci5551-s26-team-pointbot/install/include/zed_msgs/zed_msgs/srv/detail/set_roi__rosidl_typesupport_introspection_cpp.hpp
[0.514s] -- Up-to-date: /home/rob/project/csci5551-s26-team-pointbot/install/include/zed_msgs/zed_msgs/srv/detail/save_area_memory__type_support.cpp
[0.514s] -- Up-to-date: /home/rob/project/csci5551-s26-team-pointbot/install/include/zed_msgs/zed_msgs/srv/detail/set_svo_frame__rosidl_typesupport_introspection_cpp.hpp
[0.514s] -- Up-to-date: /home/rob/project/csci5551-s26-team-pointbot/install/include/zed_msgs/zed_msgs/srv/detail/start_svo_rec__type_support.cpp
[0.514s] -- Up-to-date: /home/rob/project/csci5551-s26-team-pointbot/install/include/zed_msgs/zed_msgs/srv/detail/save_area_memory__rosidl_typesupport_introspection_cpp.hpp
[0.514s] -- Up-to-date: /home/rob/project/csci5551-s26-team-pointbot/install/include/zed_msgs/zed_msgs/srv/detail/set_roi__type_support.cpp
[0.514s] -- Up-to-date: /home/rob/project/csci5551-s26-team-pointbot/install/lib/libzed_msgs__rosidl_typesupport_introspection_cpp.so
[0.514s] -- Up-to-date: /home/rob/project/csci5551-s26-team-pointbot/install/lib/libzed_msgs__rosidl_typesupport_cpp.so
[0.514s] -- Up-to-date: /home/rob/project/csci5551-s26-team-pointbot/install/share/zed_msgs/environment/pythonpath.sh
[0.515s] -- Up-to-date: /home/rob/project/csci5551-s26-team-pointbot/install/share/zed_msgs/environment/pythonpath.dsv
[0.515s] -- Up-to-date: /home/rob/project/csci5551-s26-team-pointbot/install/lib/python3.13/site-packages/zed_msgs-5.2.1-py3.13.egg-info
[0.515s] -- Installing: /home/rob/project/csci5551-s26-team-pointbot/install/lib/python3.13/site-packages/zed_msgs-5.2.1-py3.13.egg-info/PKG-INFO
[0.515s] -- Installing: /home/rob/project/csci5551-s26-team-pointbot/install/lib/python3.13/site-packages/zed_msgs-5.2.1-py3.13.egg-info/dependency_links.txt
[0.515s] -- Installing: /home/rob/project/csci5551-s26-team-pointbot/install/lib/python3.13/site-packages/zed_msgs-5.2.1-py3.13.egg-info/SOURCES.txt
[0.515s] -- Installing: /home/rob/project/csci5551-s26-team-pointbot/install/lib/python3.13/site-packages/zed_msgs-5.2.1-py3.13.egg-info/top_level.txt
[0.515s] -- Up-to-date: /home/rob/project/csci5551-s26-team-pointbot/install/lib/python3.13/site-packages/zed_msgs
[0.515s] -- Up-to-date: /home/rob/project/csci5551-s26-team-pointbot/install/lib/python3.13/site-packages/zed_msgs/zed_msgs_s__rosidl_typesupport_introspection_c.so
[0.515s] -- Up-to-date: /home/rob/project/csci5551-s26-team-pointbot/install/lib/python3.13/site-packages/zed_msgs/_zed_msgs_s.ep.rosidl_typesupport_c.c
[0.515s] -- Up-to-date: /home/rob/project/csci5551-s26-team-pointbot/install/lib/python3.13/site-packages/zed_msgs/_zed_msgs_s.ep.rosidl_typesupport_fastrtps_c.c
[0.515s] -- Up-to-date: /home/rob/project/csci5551-s26-team-pointbot/install/lib/python3.13/site-packages/zed_msgs/__init__.py
[0.515s] -- Up-to-date: /home/rob/project/csci5551-s26-team-pointbot/install/lib/python3.13/site-packages/zed_msgs/_zed_msgs_s.ep.rosidl_typesupport_introspection_c.c
[0.515s] -- Up-to-date: /home/rob/project/csci5551-s26-team-pointbot/install/lib/python3.13/site-packages/zed_msgs/zed_msgs_s__rosidl_typesupport_fastrtps_c.so
[0.515s] -- Up-to-date: /home/rob/project/csci5551-s26-team-pointbot/install/lib/python3.13/site-packages/zed_msgs/msg
[0.515s] -- Up-to-date: /home/rob/project/csci5551-s26-team-pointbot/install/lib/python3.13/site-packages/zed_msgs/msg/_keypoint2_di.py
[0.515s] -- Up-to-date: /home/rob/project/csci5551-s26-team-pointbot/install/lib/python3.13/site-packages/zed_msgs/msg/_svo_status_s.c
[0.515s] -- Up-to-date: /home/rob/project/csci5551-s26-team-pointbot/install/lib/python3.13/site-packages/zed_msgs/msg/_svo_status.py
[0.515s] -- Up-to-date: /home/rob/project/csci5551-s26-team-pointbot/install/lib/python3.13/site-packages/zed_msgs/msg/_keypoint2_df_s.c
[0.515s] -- Up-to-date: /home/rob/project/csci5551-s26-team-pointbot/install/lib/python3.13/site-packages/zed_msgs/msg/_bounding_box3_d.py
[0.516s] -- Up-to-date: /home/rob/project/csci5551-s26-team-pointbot/install/lib/python3.13/site-packages/zed_msgs/msg/_bounding_box2_di_s.c
[0.516s] -- Up-to-date: /home/rob/project/csci5551-s26-team-pointbot/install/lib/python3.13/site-packages/zed_msgs/msg/_bounding_box2_df_s.c
[0.516s] -- Up-to-date: /home/rob/project/csci5551-s26-team-pointbot/install/lib/python3.13/site-packages/zed_msgs/msg/_bounding_box2_df.py
[0.516s] -- Up-to-date: /home/rob/project/csci5551-s26-team-pointbot/install/lib/python3.13/site-packages/zed_msgs/msg/_mag_heading_status.py
[0.516s] -- Up-to-date: /home/rob/project/csci5551-s26-team-pointbot/install/lib/python3.13/site-packages/zed_msgs/msg/_skeleton3_d_s.c
[0.516s] -- Up-to-date: /home/rob/project/csci5551-s26-team-pointbot/install/lib/python3.13/site-packages/zed_msgs/msg/_health_status_stamped_s.c
[0.516s] -- Up-to-date: /home/rob/project/csci5551-s26-team-pointbot/install/lib/python3.13/site-packages/zed_msgs/msg/_heartbeat_s.c
[0.516s] -- Up-to-date: /home/rob/project/csci5551-s26-team-pointbot/install/lib/python3.13/site-packages/zed_msgs/msg/_object.py
[0.516s] -- Up-to-date: /home/rob/project/csci5551-s26-team-pointbot/install/lib/python3.13/site-packages/zed_msgs/msg/_gnss_fusion_status_s.c
[0.516s] -- Up-to-date: /home/rob/project/csci5551-s26-team-pointbot/install/lib/python3.13/site-packages/zed_msgs/msg/_skeleton2_d.py
[0.516s] -- Up-to-date: /home/rob/project/csci5551-s26-team-pointbot/install/lib/python3.13/site-packages/zed_msgs/msg/_pos_track_status_s.c
[0.516s] -- Up-to-date: /home/rob/project/csci5551-s26-team-pointbot/install/lib/python3.13/site-packages/zed_msgs/msg/_mag_heading_status_s.c
[0.516s] -- Up-to-date: /home/rob/project/csci5551-s26-team-pointbot/install/lib/python3.13/site-packages/zed_msgs/msg/_objects_stamped.py
[0.516s] -- Up-to-date: /home/rob/project/csci5551-s26-team-pointbot/install/lib/python3.13/site-packages/zed_msgs/msg/__init__.py
[0.516s] -- Up-to-date: /home/rob/project/csci5551-s26-team-pointbot/install/lib/python3.13/site-packages/zed_msgs/msg/_object_s.c
[0.516s] -- Up-to-date: /home/rob/project/csci5551-s26-team-pointbot/install/lib/python3.13/site-packages/zed_msgs/msg/_keypoint2_df.py
[0.516s] -- Up-to-date: /home/rob/project/csci5551-s26-team-pointbot/install/lib/python3.13/site-packages/zed_msgs/msg/_objects_stamped_s.c
[0.516s] -- Up-to-date: /home/rob/project/csci5551-s26-team-pointbot/install/lib/python3.13/site-packages/zed_msgs/msg/_keypoint3_d_s.c
[0.516s] -- Up-to-date: /home/rob/project/csci5551-s26-team-pointbot/install/lib/python3.13/site-packages/zed_msgs/msg/_keypoint2_di_s.c
[0.516s] -- Up-to-date: /home/rob/project/csci5551-s26-team-pointbot/install/lib/python3.13/site-packages/zed_msgs/msg/_skeleton3_d.py
[0.516s] -- Up-to-date: /home/rob/project/csci5551-s26-team-pointbot/install/lib/python3.13/site-packages/zed_msgs/msg/_bounding_box2_di.py
[0.516s] -- Up-to-date: /home/rob/project/csci5551-s26-team-pointbot/install/lib/python3.13/site-packages/zed_msgs/msg/_pos_track_status.py
[0.516s] -- Up-to-date: /home/rob/project/csci5551-s26-team-pointbot/install/lib/python3.13/site-packages/zed_msgs/msg/_heartbeat.py
[0.520s] -- Up-to-date: /home/rob/project/csci5551-s26-team-pointbot/install/lib/python3.13/site-packages/zed_msgs/msg/_health_status_stamped.py
[0.520s] -- Up-to-date: /home/rob/project/csci5551-s26-team-pointbot/install/lib/python3.13/site-packages/zed_msgs/msg/_keypoint3_d.py
[0.520s] -- Up-to-date: /home/rob/project/csci5551-s26-team-pointbot/install/lib/python3.13/site-packages/zed_msgs/msg/_gnss_fusion_status.py
[0.521s] -- Up-to-date: /home/rob/project/csci5551-s26-team-pointbot/install/lib/python3.13/site-packages/zed_msgs/msg/_depth_info_stamped_s.c
[0.521s] -- Up-to-date: /home/rob/project/csci5551-s26-team-pointbot/install/lib/python3.13/site-packages/zed_msgs/msg/_bounding_box3_d_s.c
[0.521s] -- Up-to-date: /home/rob/project/csci5551-s26-team-pointbot/install/lib/python3.13/site-packages/zed_msgs/msg/_skeleton2_d_s.c
[0.521s] -- Up-to-date: /home/rob/project/csci5551-s26-team-pointbot/install/lib/python3.13/site-packages/zed_msgs/msg/_plane_stamped_s.c
[0.521s] -- Up-to-date: /home/rob/project/csci5551-s26-team-pointbot/install/lib/python3.13/site-packages/zed_msgs/msg/_plane_stamped.py
[0.521s] -- Up-to-date: /home/rob/project/csci5551-s26-team-pointbot/install/lib/python3.13/site-packages/zed_msgs/msg/_depth_info_stamped.py
[0.521s] -- Up-to-date: /home/rob/project/csci5551-s26-team-pointbot/install/lib/python3.13/site-packages/zed_msgs/zed_msgs_s__rosidl_typesupport_c.so
[0.521s] -- Up-to-date: /home/rob/project/csci5551-s26-team-pointbot/install/lib/python3.13/site-packages/zed_msgs/srv
[0.521s] -- Up-to-date: /home/rob/project/csci5551-s26-team-pointbot/install/lib/python3.13/site-packages/zed_msgs/srv/_set_roi.py
[0.521s] -- Up-to-date: /home/rob/project/csci5551-s26-team-pointbot/install/lib/python3.13/site-packages/zed_msgs/srv/_save_area_memory.py
[0.521s] -- Up-to-date: /home/rob/project/csci5551-s26-team-pointbot/install/lib/python3.13/site-packages/zed_msgs/srv/_set_roi_s.c
[0.521s] -- Up-to-date: /home/rob/project/csci5551-s26-team-pointbot/install/lib/python3.13/site-packages/zed_msgs/srv/_start_svo_rec_s.c
[0.521s] -- Up-to-date: /home/rob/project/csci5551-s26-team-pointbot/install/lib/python3.13/site-packages/zed_msgs/srv/_set_svo_frame.py
[0.521s] -- Up-to-date: /home/rob/project/csci5551-s26-team-pointbot/install/lib/python3.13/site-packages/zed_msgs/srv/_set_pose.py
[0.521s] -- Up-to-date: /home/rob/project/csci5551-s26-team-pointbot/install/lib/python3.13/site-packages/zed_msgs/srv/__init__.py
[0.521s] -- Up-to-date: /home/rob/project/csci5551-s26-team-pointbot/install/lib/python3.13/site-packages/zed_msgs/srv/_set_pose_s.c
[0.522s] -- Up-to-date: /home/rob/project/csci5551-s26-team-pointbot/install/lib/python3.13/site-packages/zed_msgs/srv/_set_svo_frame_s.c
[0.522s] -- Up-to-date: /home/rob/project/csci5551-s26-team-pointbot/install/lib/python3.13/site-packages/zed_msgs/srv/_save_area_memory_s.c
[0.522s] -- Up-to-date: /home/rob/project/csci5551-s26-team-pointbot/install/lib/python3.13/site-packages/zed_msgs/srv/_start_svo_rec.py
[0.568s] Listing '/home/rob/project/csci5551-s26-team-pointbot/install/lib/python3.13/site-packages/zed_msgs'...
[0.568s] Listing '/home/rob/project/csci5551-s26-team-pointbot/install/lib/python3.13/site-packages/zed_msgs/msg'...
[0.568s] Listing '/home/rob/project/csci5551-s26-team-pointbot/install/lib/python3.13/site-packages/zed_msgs/srv'...
[0.568s] -- Up-to-date: /home/rob/project/csci5551-s26-team-pointbot/install/lib/python3.13/site-packages/zed_msgs/zed_msgs_s__rosidl_typesupport_fastrtps_c.so
[0.568s] -- Up-to-date: /home/rob/project/csci5551-s26-team-pointbot/install/lib/python3.13/site-packages/zed_msgs/zed_msgs_s__rosidl_typesupport_introspection_c.so
[0.568s] -- Up-to-date: /home/rob/project/csci5551-s26-team-pointbot/install/lib/python3.13/site-packages/zed_msgs/zed_msgs_s__rosidl_typesupport_c.so
[0.568s] -- Up-to-date: /home/rob/project/csci5551-s26-team-pointbot/install/lib/libzed_msgs__rosidl_generator_py.so
[0.568s] -- Up-to-date: /home/rob/project/csci5551-s26-team-pointbot/install/share/zed_msgs/msg/Object.idl
[0.568s] -- Up-to-date: /home/rob/project/csci5551-s26-team-pointbot/install/share/zed_msgs/msg/ObjectsStamped.idl
[0.568s] -- Up-to-date: /home/rob/project/csci5551-s26-team-pointbot/install/share/zed_msgs/msg/Keypoint2Di.idl
[0.569s] -- Up-to-date: /home/rob/project/csci5551-s26-team-pointbot/install/share/zed_msgs/msg/Keypoint2Df.idl
[0.569s] -- Up-to-date: /home/rob/project/csci5551-s26-team-pointbot/install/share/zed_msgs/msg/Keypoint3D.idl
[0.569s] -- Up-to-date: /home/rob/project/csci5551-s26-team-pointbot/install/share/zed_msgs/msg/BoundingBox2Di.idl
[0.569s] -- Up-to-date: /home/rob/project/csci5551-s26-team-pointbot/install/share/zed_msgs/msg/BoundingBox2Df.idl
[0.569s] -- Up-to-date: /home/rob/project/csci5551-s26-team-pointbot/install/share/zed_msgs/msg/BoundingBox3D.idl
[0.569s] -- Up-to-date: /home/rob/project/csci5551-s26-team-pointbot/install/share/zed_msgs/msg/Skeleton2D.idl
[0.569s] -- Up-to-date: /home/rob/project/csci5551-s26-team-pointbot/install/share/zed_msgs/msg/Skeleton3D.idl
[0.569s] -- Up-to-date: /home/rob/project/csci5551-s26-team-pointbot/install/share/zed_msgs/msg/DepthInfoStamped.idl
[0.569s] -- Up-to-date: /home/rob/project/csci5551-s26-team-pointbot/install/share/zed_msgs/msg/PlaneStamped.idl
[0.569s] -- Up-to-date: /home/rob/project/csci5551-s26-team-pointbot/install/share/zed_msgs/msg/PosTrackStatus.idl
[0.569s] -- Up-to-date: /home/rob/project/csci5551-s26-team-pointbot/install/share/zed_msgs/msg/GnssFusionStatus.idl
[0.569s] -- Up-to-date: /home/rob/project/csci5551-s26-team-pointbot/install/share/zed_msgs/msg/Heartbeat.idl
[0.569s] -- Up-to-date: /home/rob/project/csci5551-s26-team-pointbot/install/share/zed_msgs/msg/MagHeadingStatus.idl
[0.569s] -- Up-to-date: /home/rob/project/csci5551-s26-team-pointbot/install/share/zed_msgs/msg/SvoStatus.idl
[0.569s] -- Up-to-date: /home/rob/project/csci5551-s26-team-pointbot/install/share/zed_msgs/msg/HealthStatusStamped.idl
[0.569s] -- Up-to-date: /home/rob/project/csci5551-s26-team-pointbot/install/share/zed_msgs/srv/SetPose.idl
[0.569s] -- Up-to-date: /home/rob/project/csci5551-s26-team-pointbot/install/share/zed_msgs/srv/StartSvoRec.idl
[0.569s] -- Up-to-date: /home/rob/project/csci5551-s26-team-pointbot/install/share/zed_msgs/srv/SetROI.idl
[0.569s] -- Up-to-date: /home/rob/project/csci5551-s26-team-pointbot/install/share/zed_msgs/srv/SetSvoFrame.idl
[0.570s] -- Up-to-date: /home/rob/project/csci5551-s26-team-pointbot/install/share/zed_msgs/srv/SaveAreaMemory.idl
[0.570s] -- Up-to-date: /home/rob/project/csci5551-s26-team-pointbot/install/share/zed_msgs/msg/Object.msg
[0.570s] -- Up-to-date: /home/rob/project/csci5551-s26-team-pointbot/install/share/zed_msgs/msg/ObjectsStamped.msg
[0.570s] -- Up-to-date: /home/rob/project/csci5551-s26-team-pointbot/install/share/zed_msgs/msg/Keypoint2Di.msg
[0.570s] -- Up-to-date: /home/rob/project/csci5551-s26-team-pointbot/install/share/zed_msgs/msg/Keypoint2Df.msg
[0.570s] -- Up-to-date: /home/rob/project/csci5551-s26-team-pointbot/install/share/zed_msgs/msg/Keypoint3D.msg
[0.570s] -- Up-to-date: /home/rob/project/csci5551-s26-team-pointbot/install/share/zed_msgs/msg/BoundingBox2Di.msg
[0.570s] -- Up-to-date: /home/rob/project/csci5551-s26-team-pointbot/install/share/zed_msgs/msg/BoundingBox2Df.msg
[0.570s] -- Up-to-date: /home/rob/project/csci5551-s26-team-pointbot/install/share/zed_msgs/msg/BoundingBox3D.msg
[0.570s] -- Up-to-date: /home/rob/project/csci5551-s26-team-pointbot/install/share/zed_msgs/msg/Skeleton2D.msg
[0.570s] -- Up-to-date: /home/rob/project/csci5551-s26-team-pointbot/install/share/zed_msgs/msg/Skeleton3D.msg
[0.570s] -- Up-to-date: /home/rob/project/csci5551-s26-team-pointbot/install/share/zed_msgs/msg/DepthInfoStamped.msg
[0.570s] -- Up-to-date: /home/rob/project/csci5551-s26-team-pointbot/install/share/zed_msgs/msg/PlaneStamped.msg
[0.570s] -- Up-to-date: /home/rob/project/csci5551-s26-team-pointbot/install/share/zed_msgs/msg/PosTrackStatus.msg
[0.570s] -- Up-to-date: /home/rob/project/csci5551-s26-team-pointbot/install/share/zed_msgs/msg/GnssFusionStatus.msg
[0.570s] -- Up-to-date: /home/rob/project/csci5551-s26-team-pointbot/install/share/zed_msgs/msg/Heartbeat.msg
[0.570s] -- Up-to-date: /home/rob/project/csci5551-s26-team-pointbot/install/share/zed_msgs/msg/MagHeadingStatus.msg
[0.570s] -- Up-to-date: /home/rob/project/csci5551-s26-team-pointbot/install/share/zed_msgs/msg/SvoStatus.msg
[0.570s] -- Up-to-date: /home/rob/project/csci5551-s26-team-pointbot/install/share/zed_msgs/msg/HealthStatusStamped.msg
[0.571s] -- Up-to-date: /home/rob/project/csci5551-s26-team-pointbot/install/share/zed_msgs/srv/SetPose.srv
[0.571s] -- Up-to-date: /home/rob/project/csci5551-s26-team-pointbot/install/share/zed_msgs/srv/StartSvoRec.srv
[0.571s] -- Up-to-date: /home/rob/project/csci5551-s26-team-pointbot/install/share/zed_msgs/srv/SetROI.srv
[0.571s] -- Up-to-date: /home/rob/project/csci5551-s26-team-pointbot/install/share/zed_msgs/srv/SetSvoFrame.srv
[0.571s] -- Up-to-date: /home/rob/project/csci5551-s26-team-pointbot/install/share/zed_msgs/srv/SaveAreaMemory.srv
[0.571s] -- Up-to-date: /home/rob/project/csci5551-s26-team-pointbot/install/share/ament_index/resource_index/package_run_dependencies/zed_msgs
[0.571s] -- Up-to-date: /home/rob/project/csci5551-s26-team-pointbot/install/share/ament_index/resource_index/parent_prefix_path/zed_msgs
[0.571s] -- Up-to-date: /home/rob/project/csci5551-s26-team-pointbot/install/share/zed_msgs/environment/ament_prefix_path.sh
[0.571s] -- Up-to-date: /home/rob/project/csci5551-s26-team-pointbot/install/share/zed_msgs/environment/ament_prefix_path.dsv
[0.571s] -- Up-to-date: /home/rob/project/csci5551-s26-team-pointbot/install/share/zed_msgs/environment/path.sh
[0.571s] -- Up-to-date: /home/rob/project/csci5551-s26-team-pointbot/install/share/zed_msgs/environment/path.dsv
[0.571s] -- Up-to-date: /home/rob/project/csci5551-s26-team-pointbot/install/share/zed_msgs/local_setup.bash
[0.571s] -- Up-to-date: /home/rob/project/csci5551-s26-team-pointbot/install/share/zed_msgs/local_setup.sh
[0.571s] -- Up-to-date: /home/rob/project/csci5551-s26-team-pointbot/install/share/zed_msgs/local_setup.zsh
[0.571s] -- Up-to-date: /home/rob/project/csci5551-s26-team-pointbot/install/share/zed_msgs/local_setup.dsv
[0.571s] -- Installing: /home/rob/project/csci5551-s26-team-pointbot/install/share/zed_msgs/package.dsv
[0.571s] -- Up-to-date: /home/rob/project/csci5551-s26-team-pointbot/install/share/ament_index/resource_index/packages/zed_msgs
[0.571s] -- Up-to-date: /home/rob/project/csci5551-s26-team-pointbot/install/share/zed_msgs/cmake/export_zed_msgs__rosidl_generator_cExport.cmake
[0.572s] -- Up-to-date: /home/rob/project/csci5551-s26-team-pointbot/install/share/zed_msgs/cmake/export_zed_msgs__rosidl_generator_cExport-noconfig.cmake
[0.572s] -- Up-to-date: /home/rob/project/csci5551-s26-team-pointbot/install/share/zed_msgs/cmake/export_zed_msgs__rosidl_typesupport_fastrtps_cExport.cmake
[0.572s] -- Up-to-date: /home/rob/project/csci5551-s26-team-pointbot/install/share/zed_msgs/cmake/export_zed_msgs__rosidl_typesupport_fastrtps_cExport-noconfig.cmake
[0.572s] -- Up-to-date: /home/rob/project/csci5551-s26-team-pointbot/install/share/zed_msgs/cmake/export_zed_msgs__rosidl_generator_cppExport.cmake
[0.572s] -- Up-to-date: /home/rob/project/csci5551-s26-team-pointbot/install/share/zed_msgs/cmake/export_zed_msgs__rosidl_typesupport_fastrtps_cppExport.cmake
[0.572s] -- Up-to-date: /home/rob/project/csci5551-s26-team-pointbot/install/share/zed_msgs/cmake/export_zed_msgs__rosidl_typesupport_fastrtps_cppExport-noconfig.cmake
[0.572s] -- Up-to-date: /home/rob/project/csci5551-s26-team-pointbot/install/share/zed_msgs/cmake/zed_msgs__rosidl_typesupport_introspection_cExport.cmake
[0.572s] -- Up-to-date: /home/rob/project/csci5551-s26-team-pointbot/install/share/zed_msgs/cmake/zed_msgs__rosidl_typesupport_introspection_cExport-noconfig.cmake
[0.572s] -- Up-to-date: /home/rob/project/csci5551-s26-team-pointbot/install/share/zed_msgs/cmake/zed_msgs__rosidl_typesupport_cExport.cmake
[0.572s] -- Up-to-date: /home/rob/project/csci5551-s26-team-pointbot/install/share/zed_msgs/cmake/zed_msgs__rosidl_typesupport_cExport-noconfig.cmake
[0.572s] -- Up-to-date: /home/rob/project/csci5551-s26-team-pointbot/install/share/zed_msgs/cmake/zed_msgs__rosidl_typesupport_introspection_cppExport.cmake
[0.572s] -- Up-to-date: /home/rob/project/csci5551-s26-team-pointbot/install/share/zed_msgs/cmake/zed_msgs__rosidl_typesupport_introspection_cppExport-noconfig.cmake
[0.572s] -- Up-to-date: /home/rob/project/csci5551-s26-team-pointbot/install/share/zed_msgs/cmake/zed_msgs__rosidl_typesupport_cppExport.cmake
[0.572s] -- Up-to-date: /home/rob/project/csci5551-s26-team-pointbot/install/share/zed_msgs/cmake/zed_msgs__rosidl_typesupport_cppExport-noconfig.cmake
[0.572s] -- Up-to-date: /home/rob/project/csci5551-s26-team-pointbot/install/share/zed_msgs/cmake/export_zed_msgs__rosidl_generator_pyExport.cmake
[0.572s] -- Up-to-date: /home/rob/project/csci5551-s26-team-pointbot/install/share/zed_msgs/cmake/export_zed_msgs__rosidl_generator_pyExport-noconfig.cmake
[0.572s] -- Up-to-date: /home/rob/project/csci5551-s26-team-pointbot/install/share/zed_msgs/cmake/rosidl_cmake-extras.cmake
[0.572s] -- Up-to-date: /home/rob/project/csci5551-s26-team-pointbot/install/share/zed_msgs/cmake/ament_cmake_export_dependencies-extras.cmake
[0.572s] -- Up-to-date: /home/rob/project/csci5551-s26-team-pointbot/install/share/zed_msgs/cmake/ament_cmake_export_include_directories-extras.cmake
[0.573s] -- Up-to-date: /home/rob/project/csci5551-s26-team-pointbot/install/share/zed_msgs/cmake/ament_cmake_export_libraries-extras.cmake
[0.573s] -- Up-to-date: /home/rob/project/csci5551-s26-team-pointbot/install/share/zed_msgs/cmake/ament_cmake_export_targets-extras.cmake
[0.573s] -- Up-to-date: /home/rob/project/csci5551-s26-team-pointbot/install/share/zed_msgs/cmake/rosidl_cmake_export_typesupport_targets-extras.cmake
[0.573s] -- Up-to-date: /home/rob/project/csci5551-s26-team-pointbot/install/share/zed_msgs/cmake/rosidl_cmake_export_typesupport_libraries-extras.cmake
[0.573s] -- Up-to-date: /home/rob/project/csci5551-s26-team-pointbot/install/share/zed_msgs/cmake/zed_msgsConfig.cmake
[0.573s] -- Up-to-date: /home/rob/project/csci5551-s26-team-pointbot/install/share/zed_msgs/cmake/zed_msgsConfig-version.cmake
[0.573s] -- Up-to-date: /home/rob/project/csci5551-s26-team-pointbot/install/share/zed_msgs/package.xml
[0.573s] Invoked command in '/home/rob/project/csci5551-s26-team-pointbot/build/zed_msgs' returned '0': CMAKE_PREFIX_PATH=${CMAKE_PREFIX_PATH}:/opt/ros/jazzy CONDA_PROMPT_MODIFIER=(base) DEBUGINFOD_URLS=https://debuginfod.ubuntu.com /usr/bin/cmake --install /home/rob/project/csci5551-s26-team-pointbot/build/zed_msgs
