[0.030s] Invoking command in '/home/rob/project/csci5551-s26-team-pointbot/build/xarm_sdk': CMAKE_PREFIX_PATH=${CMAKE_PREFIX_PATH}:/home/rob/project/csci5551-s26-team-pointbot/install/planning:/home/rob/project/csci5551-s26-team-pointbot/install/perception:/home/rob/project/csci5551-s26-team-pointbot/install/pointbot_rviz:/home/rob/project/csci5551-s26-team-pointbot/install/uf_ros_lib:/opt/ros/jazzy DEBUGINFOD_URLS=https://debuginfod.ubuntu.com /usr/bin/cmake --build /home/rob/project/csci5551-s26-team-pointbot/build/xarm_sdk -- -j16 -l16
[0.342s] [100%] Built target xarm_cxx_sdk
[0.359s] Invoked command in '/home/rob/project/csci5551-s26-team-pointbot/build/xarm_sdk' returned '0': CMAKE_PREFIX_PATH=${CMAKE_PREFIX_PATH}:/home/rob/project/csci5551-s26-team-pointbot/install/planning:/home/rob/project/csci5551-s26-team-pointbot/install/perception:/home/rob/project/csci5551-s26-team-pointbot/install/pointbot_rviz:/home/rob/project/csci5551-s26-team-pointbot/install/uf_ros_lib:/opt/ros/jazzy DEBUGINFOD_URLS=https://debuginfod.ubuntu.com /usr/bin/cmake --build /home/rob/project/csci5551-s26-team-pointbot/build/xarm_sdk -- -j16 -l16
[0.363s] Invoking command in '/home/rob/project/csci5551-s26-team-pointbot/build/xarm_sdk': CMAKE_PREFIX_PATH=${CMAKE_PREFIX_PATH}:/home/rob/project/csci5551-s26-team-pointbot/install/planning:/home/rob/project/csci5551-s26-team-pointbot/install/perception:/home/rob/project/csci5551-s26-team-pointbot/install/pointbot_rviz:/home/rob/project/csci5551-s26-team-pointbot/install/uf_ros_lib:/opt/ros/jazzy DEBUGINFOD_URLS=https://debuginfod.ubuntu.com /usr/bin/cmake --install /home/rob/project/csci5551-s26-team-pointbot/build/xarm_sdk
[0.380s] -- Install configuration: ""
[0.381s] -- Up-to-date: /home/rob/project/csci5551-s26-team-pointbot/install/xarm_sdk/share/xarm_sdk/environment/library_path.sh
[0.381s] -- Up-to-date: /home/rob/project/csci5551-s26-team-pointbot/install/xarm_sdk/share/xarm_sdk/environment/library_path.dsv
[0.381s] -- Up-to-date: /home/rob/project/csci5551-s26-team-pointbot/install/xarm_sdk/cxx/include
[0.381s] -- Up-to-date: /home/rob/project/csci5551-s26-team-pointbot/install/xarm_sdk/cxx/include/xarm
[0.381s] -- Up-to-date: /home/rob/project/csci5551-s26-team-pointbot/install/xarm_sdk/cxx/include/xarm/wrapper
[0.381s] -- Up-to-date: /home/rob/project/csci5551-s26-team-pointbot/install/xarm_sdk/cxx/include/xarm/wrapper/xarm_api.h
[0.381s] -- Up-to-date: /home/rob/project/csci5551-s26-team-pointbot/install/xarm_sdk/cxx/include/xarm/wrapper/common
[0.381s] -- Up-to-date: /home/rob/project/csci5551-s26-team-pointbot/install/xarm_sdk/cxx/include/xarm/wrapper/common/utils.h
[0.381s] -- Up-to-date: /home/rob/project/csci5551-s26-team-pointbot/install/xarm_sdk/cxx/include/xarm/wrapper/common/timer.h
[0.381s] -- Up-to-date: /home/rob/project/csci5551-s26-team-pointbot/install/xarm_sdk/cxx/include/xarm/core
[0.382s] -- Up-to-date: /home/rob/project/csci5551-s26-team-pointbot/install/xarm_sdk/cxx/include/xarm/core/connect.h
[0.382s] -- Up-to-date: /home/rob/project/csci5551-s26-team-pointbot/install/xarm_sdk/cxx/include/xarm/core/report_data.h
[0.382s] -- Up-to-date: /home/rob/project/csci5551-s26-team-pointbot/install/xarm_sdk/cxx/include/xarm/core/xarm_config.h
[0.382s] -- Up-to-date: /home/rob/project/csci5551-s26-team-pointbot/install/xarm_sdk/cxx/include/xarm/core/instruction
[0.382s] -- Up-to-date: /home/rob/project/csci5551-s26-team-pointbot/install/xarm_sdk/cxx/include/xarm/core/instruction/servo3_config.h
[0.382s] -- Up-to-date: /home/rob/project/csci5551-s26-team-pointbot/install/xarm_sdk/cxx/include/xarm/core/instruction/uxbus_cmd_tcp.h
[0.382s] -- Up-to-date: /home/rob/project/csci5551-s26-team-pointbot/install/xarm_sdk/cxx/include/xarm/core/instruction/uxbus_cmd.h
[0.382s] -- Up-to-date: /home/rob/project/csci5551-s26-team-pointbot/install/xarm_sdk/cxx/include/xarm/core/instruction/uxbus_cmd_ser.h
[0.382s] -- Up-to-date: /home/rob/project/csci5551-s26-team-pointbot/install/xarm_sdk/cxx/include/xarm/core/instruction/uxbus_cmd_config.h
[0.383s] -- Up-to-date: /home/rob/project/csci5551-s26-team-pointbot/install/xarm_sdk/cxx/include/xarm/core/common
[0.383s] -- Up-to-date: /home/rob/project/csci5551-s26-team-pointbot/install/xarm_sdk/cxx/include/xarm/core/common/data_type.h
[0.383s] -- Up-to-date: /home/rob/project/csci5551-s26-team-pointbot/install/xarm_sdk/cxx/include/xarm/core/common/queue_memcpy.h
[0.383s] -- Up-to-date: /home/rob/project/csci5551-s26-team-pointbot/install/xarm_sdk/cxx/include/xarm/core/common/crc16.h
[0.383s] -- Up-to-date: /home/rob/project/csci5551-s26-team-pointbot/install/xarm_sdk/cxx/include/xarm/core/debug
[0.383s] -- Up-to-date: /home/rob/project/csci5551-s26-team-pointbot/install/xarm_sdk/cxx/include/xarm/core/debug/debug_print.h
[0.383s] -- Up-to-date: /home/rob/project/csci5551-s26-team-pointbot/install/xarm_sdk/cxx/include/xarm/core/os
[0.383s] -- Up-to-date: /home/rob/project/csci5551-s26-team-pointbot/install/xarm_sdk/cxx/include/xarm/core/os/network.h
[0.383s] -- Up-to-date: /home/rob/project/csci5551-s26-team-pointbot/install/xarm_sdk/cxx/include/xarm/core/os/bak
[0.383s] -- Up-to-date: /home/rob/project/csci5551-s26-team-pointbot/install/xarm_sdk/cxx/include/xarm/core/os/bak/thread.h
[0.383s] -- Up-to-date: /home/rob/project/csci5551-s26-team-pointbot/install/xarm_sdk/cxx/include/xarm/core/port
[0.383s] -- Up-to-date: /home/rob/project/csci5551-s26-team-pointbot/install/xarm_sdk/cxx/include/xarm/core/port/ser.h
[0.383s] -- Up-to-date: /home/rob/project/csci5551-s26-team-pointbot/install/xarm_sdk/cxx/include/xarm/core/port/socket.h
[0.383s] -- Up-to-date: /home/rob/project/csci5551-s26-team-pointbot/install/xarm_sdk/cxx/include/serial
[0.383s] -- Up-to-date: /home/rob/project/csci5551-s26-team-pointbot/install/xarm_sdk/cxx/include/serial/serial.h
[0.383s] -- Up-to-date: /home/rob/project/csci5551-s26-team-pointbot/install/xarm_sdk/cxx/include/serial/v8stdint.h
[0.383s] -- Up-to-date: /home/rob/project/csci5551-s26-team-pointbot/install/xarm_sdk/cxx/include/serial/impl
[0.393s] -- Up-to-date: /home/rob/project/csci5551-s26-team-pointbot/install/xarm_sdk/cxx/include/serial/impl/win.h
[0.393s] -- Up-to-date: /home/rob/project/csci5551-s26-team-pointbot/install/xarm_sdk/cxx/include/serial/impl/unix.h
[0.393s] -- Up-to-date: /home/rob/project/csci5551-s26-team-pointbot/install/xarm_sdk/lib/libxarm_cxx_sdk.so
[0.393s] -- Up-to-date: /home/rob/project/csci5551-s26-team-pointbot/install/xarm_sdk/share/ament_index/resource_index/package_run_dependencies/xarm_sdk
[0.393s] -- Up-to-date: /home/rob/project/csci5551-s26-team-pointbot/install/xarm_sdk/share/ament_index/resource_index/parent_prefix_path/xarm_sdk
[0.393s] -- Up-to-date: /home/rob/project/csci5551-s26-team-pointbot/install/xarm_sdk/share/xarm_sdk/environment/ament_prefix_path.sh
[0.401s] -- Up-to-date: /home/rob/project/csci5551-s26-team-pointbot/install/xarm_sdk/share/xarm_sdk/environment/ament_prefix_path.dsv
[0.401s] -- Up-to-date: /home/rob/project/csci5551-s26-team-pointbot/install/xarm_sdk/share/xarm_sdk/environment/path.sh
[0.401s] -- Up-to-date: /home/rob/project/csci5551-s26-team-pointbot/install/xarm_sdk/share/xarm_sdk/environment/path.dsv
[0.401s] -- Up-to-date: /home/rob/project/csci5551-s26-team-pointbot/install/xarm_sdk/share/xarm_sdk/local_setup.bash
[0.402s] -- Up-to-date: /home/rob/project/csci5551-s26-team-pointbot/install/xarm_sdk/share/xarm_sdk/local_setup.sh
[0.402s] -- Up-to-date: /home/rob/project/csci5551-s26-team-pointbot/install/xarm_sdk/share/xarm_sdk/local_setup.zsh
[0.402s] -- Up-to-date: /home/rob/project/csci5551-s26-team-pointbot/install/xarm_sdk/share/xarm_sdk/local_setup.dsv
[0.402s] -- Installing: /home/rob/project/csci5551-s26-team-pointbot/install/xarm_sdk/share/xarm_sdk/package.dsv
[0.402s] -- Up-to-date: /home/rob/project/csci5551-s26-team-pointbot/install/xarm_sdk/share/ament_index/resource_index/packages/xarm_sdk
[0.402s] -- Up-to-date: /home/rob/project/csci5551-s26-team-pointbot/install/xarm_sdk/share/xarm_sdk/cmake/ament_cmake_export_libraries-extras.cmake
[0.402s] -- Up-to-date: /home/rob/project/csci5551-s26-team-pointbot/install/xarm_sdk/share/xarm_sdk/cmake/ament_cmake_export_include_directories-extras.cmake
[0.402s] -- Up-to-date: /home/rob/project/csci5551-s26-team-pointbot/install/xarm_sdk/share/xarm_sdk/cmake/xarm_sdkConfig.cmake
[0.402s] -- Up-to-date: /home/rob/project/csci5551-s26-team-pointbot/install/xarm_sdk/share/xarm_sdk/cmake/xarm_sdkConfig-version.cmake
[0.403s] -- Up-to-date: /home/rob/project/csci5551-s26-team-pointbot/install/xarm_sdk/share/xarm_sdk/package.xml
[0.467s] Invoked command in '/home/rob/project/csci5551-s26-team-pointbot/build/xarm_sdk' returned '0': CMAKE_PREFIX_PATH=${CMAKE_PREFIX_PATH}:/home/rob/project/csci5551-s26-team-pointbot/install/planning:/home/rob/project/csci5551-s26-team-pointbot/install/perception:/home/rob/project/csci5551-s26-team-pointbot/install/pointbot_rviz:/home/rob/project/csci5551-s26-team-pointbot/install/uf_ros_lib:/opt/ros/jazzy DEBUGINFOD_URLS=https://debuginfod.ubuntu.com /usr/bin/cmake --install /home/rob/project/csci5551-s26-team-pointbot/build/xarm_sdk
