Traceback (most recent call last):
  File "/home/rob/project/csci5551-s26-team-pointbot/build/xarm_msgs/ament_cmake_python/xarm_msgs/setup.py", line 1, in <module>
gmake[1]: *** [CMakeFiles/Makefile2:391: CMakeFiles/xarm_msgs__rosidl_typesupport_c.dir/all] Interrupt
    from setuptools import find_packages
  File "/usr/lib/python3/dist-packages/setuptools/__init__.py", line 15, in <module>
    import setuptools.version
  File "/usr/lib/python3/dist-packages/setuptools/version.py", line 1, in <module>
    from ._importlib import metadata
  File "/usr/lib/python3/dist-packages/setuptools/_importlib.py", line 45, in <module>
gmake[2]: *** [CMakeFiles/xarm_msgs__rosidl_typesupport_fastrtps_cpp.dir/build.make:1554: CMakeFiles/xarm_msgs__rosidl_typesupport_fastrtps_cpp.dir/depend] Interrupt
gmake[2]: *** [CMakeFiles/xarm_msgs__rosidl_typesupport_fastrtps_c.dir/build.make:1555: CMakeFiles/xarm_msgs__rosidl_typesupport_fastrtps_c.dir/depend] Interrupt
gmake[2]: *** [CMakeFiles/xarm_msgs__rosidl_typesupport_cpp.dir/build.make:1330: CMakeFiles/xarm_msgs__rosidl_typesupport_cpp.dir/depend] Interrupt
    import importlib.metadata as metadata  # noqa: F401
    ^^^^^^^^^^^^^^^^^^^^^^^^^^^^^^^^^^^^^
  File "<frozen importlib._bootstrap>", line 1360, in _find_and_load
  File "<frozen importlib._bootstrap>", line 1331, in _find_and_load_unlocked
  File "<frozen importlib._bootstrap>", line 935, in _load_unlocked
gmake[2]: *** [CMakeFiles/xarm_msgs__rosidl_typesupport_introspection_cpp.dir/build.make:1552: CMakeFiles/xarm_msgs__rosidl_typesupport_introspection_cpp.dir/depend] Interrupt
  File "<frozen importlib._bootstrap_external>", line 991, in exec_module
  File "<frozen importlib._bootstrap_external>", line 1124, in get_code
  File "<frozen importlib._bootstrap_external>", line 753, in _compile_bytecode
KeyboardInterrupt
gmake[1]: *** [CMakeFiles/Makefile2:285: CMakeFiles/xarm_msgs__rosidl_typesupport_fastrtps_c.dir/all] Interrupt
gmake[1]: *** [CMakeFiles/Makefile2:338: CMakeFiles/xarm_msgs__rosidl_typesupport_fastrtps_cpp.dir/all] Interrupt
gmake[1]: *** [CMakeFiles/Makefile2:444: CMakeFiles/xarm_msgs__rosidl_typesupport_cpp.dir/all] Interrupt
gmake[1]: *** [CMakeFiles/Makefile2:417: CMakeFiles/xarm_msgs__rosidl_typesupport_introspection_cpp.dir/all] Interrupt
gmake[2]: *** [CMakeFiles/ament_cmake_python_build_xarm_msgs_egg.dir/build.make:70: CMakeFiles/ament_cmake_python_build_xarm_msgs_egg] Interrupt
gmake[1]: *** [CMakeFiles/Makefile2:497: CMakeFiles/ament_cmake_python_build_xarm_msgs_egg.dir/all] Interrupt
gmake[1]: *** wait: No child processes.  Stop.
gmake[1]: *** Waiting for unfinished jobs....
gmake[1]: *** wait: No child processes.  Stop.
gmake: *** [Makefile:146: all] Error 2
