running egg_info
creating ../../build/pointbot_rviz/pointbot_rviz.egg-info
writing ../../build/pointbot_rviz/pointbot_rviz.egg-info/PKG-INFO
writing dependency_links to ../../build/pointbot_rviz/pointbot_rviz.egg-info/dependency_links.txt
writing entry points to ../../build/pointbot_rviz/pointbot_rviz.egg-info/entry_points.txt
writing requirements to ../../build/pointbot_rviz/pointbot_rviz.egg-info/requires.txt
writing top-level names to ../../build/pointbot_rviz/pointbot_rviz.egg-info/top_level.txt
writing manifest file '../../build/pointbot_rviz/pointbot_rviz.egg-info/SOURCES.txt'
reading manifest file '../../build/pointbot_rviz/pointbot_rviz.egg-info/SOURCES.txt'
writing manifest file '../../build/pointbot_rviz/pointbot_rviz.egg-info/SOURCES.txt'
running build
running build_py
creating /home/rob/project/csci5551-s26-team-pointbot/build/pointbot_rviz/build
creating /home/rob/project/csci5551-s26-team-pointbot/build/pointbot_rviz/build/lib
creating /home/rob/project/csci5551-s26-team-pointbot/build/pointbot_rviz/build/lib/pointbot_rviz
copying pointbot_rviz/__init__.py -> /home/rob/project/csci5551-s26-team-pointbot/build/pointbot_rviz/build/lib/pointbot_rviz
copying pointbot_rviz/visualization_helpers.py -> /home/rob/project/csci5551-s26-team-pointbot/build/pointbot_rviz/build/lib/pointbot_rviz
copying pointbot_rviz/test_visualizer.py -> /home/rob/project/csci5551-s26-team-pointbot/build/pointbot_rviz/build/lib/pointbot_rviz
running install
running install_lib
creating /home/rob/project/csci5551-s26-team-pointbot/install/lib/python3.12/site-packages/pointbot_rviz
copying /home/rob/project/csci5551-s26-team-pointbot/build/pointbot_rviz/build/lib/pointbot_rviz/__init__.py -> /home/rob/project/csci5551-s26-team-pointbot/install/lib/python3.12/site-packages/pointbot_rviz
copying /home/rob/project/csci5551-s26-team-pointbot/build/pointbot_rviz/build/lib/pointbot_rviz/visualization_helpers.py -> /home/rob/project/csci5551-s26-team-pointbot/install/lib/python3.12/site-packages/pointbot_rviz
copying /home/rob/project/csci5551-s26-team-pointbot/build/pointbot_rviz/build/lib/pointbot_rviz/test_visualizer.py -> /home/rob/project/csci5551-s26-team-pointbot/install/lib/python3.12/site-packages/pointbot_rviz
byte-compiling /home/rob/project/csci5551-s26-team-pointbot/install/lib/python3.12/site-packages/pointbot_rviz/__init__.py to __init__.cpython-312.pyc
byte-compiling /home/rob/project/csci5551-s26-team-pointbot/install/lib/python3.12/site-packages/pointbot_rviz/visualization_helpers.py to visualization_helpers.cpython-312.pyc
byte-compiling /home/rob/project/csci5551-s26-team-pointbot/install/lib/python3.12/site-packages/pointbot_rviz/test_visualizer.py to test_visualizer.cpython-312.pyc
running install_data
copying resource/pointbot_rviz -> /home/rob/project/csci5551-s26-team-pointbot/install/share/ament_index/resource_index/packages
creating /home/rob/project/csci5551-s26-team-pointbot/install/share/pointbot_rviz
copying package.xml -> /home/rob/project/csci5551-s26-team-pointbot/install/share/pointbot_rviz
creating /home/rob/project/csci5551-s26-team-pointbot/install/share/pointbot_rviz/launch
copying launch/pointbot_rviz_display.launch.py -> /home/rob/project/csci5551-s26-team-pointbot/install/share/pointbot_rviz/launch
copying launch/pointbot_rviz_test.launch.py -> /home/rob/project/csci5551-s26-team-pointbot/install/share/pointbot_rviz/launch
creating /home/rob/project/csci5551-s26-team-pointbot/install/share/pointbot_rviz/rviz
copying rviz/pointbot.rviz -> /home/rob/project/csci5551-s26-team-pointbot/install/share/pointbot_rviz/rviz
running install_egg_info
Copying ../../build/pointbot_rviz/pointbot_rviz.egg-info to /home/rob/project/csci5551-s26-team-pointbot/install/lib/python3.12/site-packages/pointbot_rviz-0.0.0-py3.12.egg-info
running install_scripts
Installing test_visualizer script to /home/rob/project/csci5551-s26-team-pointbot/install/lib/pointbot_rviz
writing list of installed files to '/home/rob/project/csci5551-s26-team-pointbot/build/pointbot_rviz/install.log'
