[0.714s] Invoking command in '/home/rob/project/csci5551-s26-team-pointbot/src/pointbot_rviz': CONDA_PROMPT_MODIFIER=(base) DEBUGINFOD_URLS=https://debuginfod.ubuntu.com PYTHONPATH=/home/rob/project/csci5551-s26-team-pointbot/build/pointbot_rviz/prefix_override:/usr/lib/python3/dist-packages/colcon_core/task/python/colcon_distutils_commands:/home/rob/project/csci5551-s26-team-pointbot/install/lib/python3.12/site-packages:${PYTHONPATH} /usr/bin/python3 -W ignore:setup.py install is deprecated -W ignore:easy_install command is deprecated setup.py egg_info --egg-base ../../build/pointbot_rviz build --build-base /home/rob/project/csci5551-s26-team-pointbot/build/pointbot_rviz/build install --record /home/rob/project/csci5551-s26-team-pointbot/build/pointbot_rviz/install.log --single-version-externally-managed install_data
[1.023s] running egg_info
[1.025s] creating ../../build/pointbot_rviz/pointbot_rviz.egg-info
[1.076s] writing ../../build/pointbot_rviz/pointbot_rviz.egg-info/PKG-INFO
[1.076s] writing dependency_links to ../../build/pointbot_rviz/pointbot_rviz.egg-info/dependency_links.txt
[1.076s] writing entry points to ../../build/pointbot_rviz/pointbot_rviz.egg-info/entry_points.txt
[1.076s] writing requirements to ../../build/pointbot_rviz/pointbot_rviz.egg-info/requires.txt
[1.076s] writing top-level names to ../../build/pointbot_rviz/pointbot_rviz.egg-info/top_level.txt
[1.076s] writing manifest file '../../build/pointbot_rviz/pointbot_rviz.egg-info/SOURCES.txt'
[1.176s] reading manifest file '../../build/pointbot_rviz/pointbot_rviz.egg-info/SOURCES.txt'
[1.176s] writing manifest file '../../build/pointbot_rviz/pointbot_rviz.egg-info/SOURCES.txt'
[1.177s] running build
[1.178s] running build_py
[1.183s] creating /home/rob/project/csci5551-s26-team-pointbot/build/pointbot_rviz/build
[1.183s] creating /home/rob/project/csci5551-s26-team-pointbot/build/pointbot_rviz/build/lib
[1.183s] creating /home/rob/project/csci5551-s26-team-pointbot/build/pointbot_rviz/build/lib/pointbot_rviz
[1.183s] copying pointbot_rviz/__init__.py -> /home/rob/project/csci5551-s26-team-pointbot/build/pointbot_rviz/build/lib/pointbot_rviz
[1.183s] copying pointbot_rviz/visualization_helpers.py -> /home/rob/project/csci5551-s26-team-pointbot/build/pointbot_rviz/build/lib/pointbot_rviz
[1.183s] copying pointbot_rviz/test_visualizer.py -> /home/rob/project/csci5551-s26-team-pointbot/build/pointbot_rviz/build/lib/pointbot_rviz
[1.183s] running install
[1.195s] running install_lib
[1.246s] creating /home/rob/project/csci5551-s26-team-pointbot/install/lib/python3.12/site-packages/pointbot_rviz
[1.247s] copying /home/rob/project/csci5551-s26-team-pointbot/build/pointbot_rviz/build/lib/pointbot_rviz/__init__.py -> /home/rob/project/csci5551-s26-team-pointbot/install/lib/python3.12/site-packages/pointbot_rviz
[1.247s] copying /home/rob/project/csci5551-s26-team-pointbot/build/pointbot_rviz/build/lib/pointbot_rviz/visualization_helpers.py -> /home/rob/project/csci5551-s26-team-pointbot/install/lib/python3.12/site-packages/pointbot_rviz
[1.248s] copying /home/rob/project/csci5551-s26-team-pointbot/build/pointbot_rviz/build/lib/pointbot_rviz/test_visualizer.py -> /home/rob/project/csci5551-s26-team-pointbot/install/lib/python3.12/site-packages/pointbot_rviz
[1.251s] byte-compiling /home/rob/project/csci5551-s26-team-pointbot/install/lib/python3.12/site-packages/pointbot_rviz/__init__.py to __init__.cpython-312.pyc
[1.256s] byte-compiling /home/rob/project/csci5551-s26-team-pointbot/install/lib/python3.12/site-packages/pointbot_rviz/visualization_helpers.py to visualization_helpers.cpython-312.pyc
[1.258s] byte-compiling /home/rob/project/csci5551-s26-team-pointbot/install/lib/python3.12/site-packages/pointbot_rviz/test_visualizer.py to test_visualizer.cpython-312.pyc
[1.263s] running install_data
[1.263s] copying resource/pointbot_rviz -> /home/rob/project/csci5551-s26-team-pointbot/install/share/ament_index/resource_index/packages
[1.264s] creating /home/rob/project/csci5551-s26-team-pointbot/install/share/pointbot_rviz
[1.264s] copying package.xml -> /home/rob/project/csci5551-s26-team-pointbot/install/share/pointbot_rviz
[1.264s] creating /home/rob/project/csci5551-s26-team-pointbot/install/share/pointbot_rviz/launch
[1.264s] copying launch/pointbot_rviz_display.launch.py -> /home/rob/project/csci5551-s26-team-pointbot/install/share/pointbot_rviz/launch
[1.265s] copying launch/pointbot_rviz_test.launch.py -> /home/rob/project/csci5551-s26-team-pointbot/install/share/pointbot_rviz/launch
[1.265s] creating /home/rob/project/csci5551-s26-team-pointbot/install/share/pointbot_rviz/rviz
[1.265s] copying rviz/pointbot.rviz -> /home/rob/project/csci5551-s26-team-pointbot/install/share/pointbot_rviz/rviz
[1.268s] running install_egg_info
[1.313s] Copying ../../build/pointbot_rviz/pointbot_rviz.egg-info to /home/rob/project/csci5551-s26-team-pointbot/install/lib/python3.12/site-packages/pointbot_rviz-0.0.0-py3.12.egg-info
[1.316s] running install_scripts
[1.700s] Installing test_visualizer script to /home/rob/project/csci5551-s26-team-pointbot/install/lib/pointbot_rviz
[1.701s] writing list of installed files to '/home/rob/project/csci5551-s26-team-pointbot/build/pointbot_rviz/install.log'
[1.825s] Invoked command in '/home/rob/project/csci5551-s26-team-pointbot/src/pointbot_rviz' returned '0': CONDA_PROMPT_MODIFIER=(base) DEBUGINFOD_URLS=https://debuginfod.ubuntu.com PYTHONPATH=/home/rob/project/csci5551-s26-team-pointbot/build/pointbot_rviz/prefix_override:/usr/lib/python3/dist-packages/colcon_core/task/python/colcon_distutils_commands:/home/rob/project/csci5551-s26-team-pointbot/install/lib/python3.12/site-packages:${PYTHONPATH} /usr/bin/python3 -W ignore:setup.py install is deprecated -W ignore:easy_install command is deprecated setup.py egg_info --egg-base ../../build/pointbot_rviz build --build-base /home/rob/project/csci5551-s26-team-pointbot/build/pointbot_rviz/build install --record /home/rob/project/csci5551-s26-team-pointbot/build/pointbot_rviz/install.log --single-version-externally-managed install_data
