[0.369s] Invoking command in '/home/rob/project/csci5551-s26-team-pointbot/build/zed_description': CMAKE_PREFIX_PATH=${CMAKE_PREFIX_PATH}:/home/rob/project/csci5551-s26-team-pointbot/install/planning:/home/rob/project/csci5551-s26-team-pointbot/install/perception:/home/rob/project/csci5551-s26-team-pointbot/install/pointbot_rviz:/home/rob/project/csci5551-s26-team-pointbot/install/uf_ros_lib:/opt/ros/jazzy DEBUGINFOD_URLS=https://debuginfod.ubuntu.com /usr/bin/cmake --build /home/rob/project/csci5551-s26-team-pointbot/build/zed_description -- -j16 -l16
[0.505s] Invoked command in '/home/rob/project/csci5551-s26-team-pointbot/build/zed_description' returned '0': CMAKE_PREFIX_PATH=${CMAKE_PREFIX_PATH}:/home/rob/project/csci5551-s26-team-pointbot/install/planning:/home/rob/project/csci5551-s26-team-pointbot/install/perception:/home/rob/project/csci5551-s26-team-pointbot/install/pointbot_rviz:/home/rob/project/csci5551-s26-team-pointbot/install/uf_ros_lib:/opt/ros/jazzy DEBUGINFOD_URLS=https://debuginfod.ubuntu.com /usr/bin/cmake --build /home/rob/project/csci5551-s26-team-pointbot/build/zed_description -- -j16 -l16
[0.512s] Invoking command in '/home/rob/project/csci5551-s26-team-pointbot/build/zed_description': CMAKE_PREFIX_PATH=${CMAKE_PREFIX_PATH}:/home/rob/project/csci5551-s26-team-pointbot/install/planning:/home/rob/project/csci5551-s26-team-pointbot/install/perception:/home/rob/project/csci5551-s26-team-pointbot/install/pointbot_rviz:/home/rob/project/csci5551-s26-team-pointbot/install/uf_ros_lib:/opt/ros/jazzy DEBUGINFOD_URLS=https://debuginfod.ubuntu.com /usr/bin/cmake --install /home/rob/project/csci5551-s26-team-pointbot/build/zed_description
[0.527s] -- Install configuration: ""
[0.527s] -- Up-to-date: /home/rob/project/csci5551-s26-team-pointbot/install/zed_description/share/zed_description/urdf
[0.527s] -- Up-to-date: /home/rob/project/csci5551-s26-team-pointbot/install/zed_description/share/zed_description/urdf/zed_descr.urdf.xacro
[0.527s] -- Up-to-date: /home/rob/project/csci5551-s26-team-pointbot/install/zed_description/share/zed_description/urdf/include
[0.527s] -- Up-to-date: /home/rob/project/csci5551-s26-team-pointbot/install/zed_description/share/zed_description/urdf/include/materials.urdf.xacro
[0.527s] -- Up-to-date: /home/rob/project/csci5551-s26-team-pointbot/install/zed_description/share/zed_description/urdf/zed_macro.urdf.xacro
[0.527s] -- Up-to-date: /home/rob/project/csci5551-s26-team-pointbot/install/zed_description/share/zed_description/meshes
[0.529s] -- Up-to-date: /home/rob/project/csci5551-s26-team-pointbot/install/zed_description/share/zed_description/meshes/virtual.stl
[0.529s] -- Up-to-date: /home/rob/project/csci5551-s26-team-pointbot/install/zed_description/share/zed_description/meshes/zed2i.stl
[0.529s] -- Up-to-date: /home/rob/project/csci5551-s26-team-pointbot/install/zed_description/share/zed_description/meshes/zedxone4k.stl
[0.529s] -- Up-to-date: /home/rob/project/csci5551-s26-team-pointbot/install/zed_description/share/zed_description/meshes/zedxm.stl
[0.529s] -- Up-to-date: /home/rob/project/csci5551-s26-team-pointbot/install/zed_description/share/zed_description/meshes/zedxonegs.stl
[0.529s] -- Up-to-date: /home/rob/project/csci5551-s26-team-pointbot/install/zed_description/share/zed_description/meshes/zedm.stl
[0.529s] -- Up-to-date: /home/rob/project/csci5551-s26-team-pointbot/install/zed_description/share/zed_description/meshes/zed2.stl
[0.529s] -- Up-to-date: /home/rob/project/csci5551-s26-team-pointbot/install/zed_description/share/zed_description/meshes/zedxhdrmini.stl
[0.529s] -- Up-to-date: /home/rob/project/csci5551-s26-team-pointbot/install/zed_description/share/zed_description/meshes/zed.stl
[0.529s] -- Up-to-date: /home/rob/project/csci5551-s26-team-pointbot/install/zed_description/share/zed_description/meshes/zedxonehdr.stl
[0.529s] -- Up-to-date: /home/rob/project/csci5551-s26-team-pointbot/install/zed_description/share/zed_description/meshes/zedx.stl
[0.529s] -- Up-to-date: /home/rob/project/csci5551-s26-team-pointbot/install/zed_description/share/zed_description/meshes/zedxhdr.stl
[0.529s] -- Up-to-date: /home/rob/project/csci5551-s26-team-pointbot/install/zed_description/share/zed_description/meshes/zedxhdrmax.stl
[0.530s] -- Up-to-date: /home/rob/project/csci5551-s26-team-pointbot/install/zed_description/share/zed_description/rviz2
[0.530s] -- Up-to-date: /home/rob/project/csci5551-s26-team-pointbot/install/zed_description/share/zed_description/rviz2/zed_description.rviz
[0.530s] -- Up-to-date: /home/rob/project/csci5551-s26-team-pointbot/install/zed_description/share/zed_description/launch
[0.530s] -- Up-to-date: /home/rob/project/csci5551-s26-team-pointbot/install/zed_description/share/zed_description/launch/zed_viz.launch.py
[0.530s] -- Up-to-date: /home/rob/project/csci5551-s26-team-pointbot/install/zed_description/share/ament_index/resource_index/package_run_dependencies/zed_description
[0.530s] -- Up-to-date: /home/rob/project/csci5551-s26-team-pointbot/install/zed_description/share/ament_index/resource_index/parent_prefix_path/zed_description
[0.530s] -- Up-to-date: /home/rob/project/csci5551-s26-team-pointbot/install/zed_description/share/zed_description/environment/ament_prefix_path.sh
[0.530s] -- Up-to-date: /home/rob/project/csci5551-s26-team-pointbot/install/zed_description/share/zed_description/environment/ament_prefix_path.dsv
[0.530s] -- Up-to-date: /home/rob/project/csci5551-s26-team-pointbot/install/zed_description/share/zed_description/environment/path.sh
[0.530s] -- Up-to-date: /home/rob/project/csci5551-s26-team-pointbot/install/zed_description/share/zed_description/environment/path.dsv
[0.530s] -- Up-to-date: /home/rob/project/csci5551-s26-team-pointbot/install/zed_description/share/zed_description/local_setup.bash
[0.530s] -- Up-to-date: /home/rob/project/csci5551-s26-team-pointbot/install/zed_description/share/zed_description/local_setup.sh
[0.530s] -- Up-to-date: /home/rob/project/csci5551-s26-team-pointbot/install/zed_description/share/zed_description/local_setup.zsh
[0.530s] -- Up-to-date: /home/rob/project/csci5551-s26-team-pointbot/install/zed_description/share/zed_description/local_setup.dsv
[0.530s] -- Installing: /home/rob/project/csci5551-s26-team-pointbot/install/zed_description/share/zed_description/package.dsv
[0.530s] -- Up-to-date: /home/rob/project/csci5551-s26-team-pointbot/install/zed_description/share/ament_index/resource_index/packages/zed_description
[0.530s] -- Up-to-date: /home/rob/project/csci5551-s26-team-pointbot/install/zed_description/share/zed_description/cmake/zed_descriptionConfig.cmake
[0.531s] -- Up-to-date: /home/rob/project/csci5551-s26-team-pointbot/install/zed_description/share/zed_description/cmake/zed_descriptionConfig-version.cmake
[0.531s] -- Up-to-date: /home/rob/project/csci5551-s26-team-pointbot/install/zed_description/share/zed_description/package.xml
[0.535s] Invoked command in '/home/rob/project/csci5551-s26-team-pointbot/build/zed_description' returned '0': CMAKE_PREFIX_PATH=${CMAKE_PREFIX_PATH}:/home/rob/project/csci5551-s26-team-pointbot/install/planning:/home/rob/project/csci5551-s26-team-pointbot/install/perception:/home/rob/project/csci5551-s26-team-pointbot/install/pointbot_rviz:/home/rob/project/csci5551-s26-team-pointbot/install/uf_ros_lib:/opt/ros/jazzy DEBUGINFOD_URLS=https://debuginfod.ubuntu.com /usr/bin/cmake --install /home/rob/project/csci5551-s26-team-pointbot/build/zed_description
