[0.302s] Invoking command in '/home/rob/project/csci5551-s26-team-pointbot/build/zed_msgs': CMAKE_PREFIX_PATH=${CMAKE_PREFIX_PATH}:/home/rob/project/csci5551-s26-team-pointbot/install/planning:/home/rob/project/csci5551-s26-team-pointbot/install/perception:/home/rob/project/csci5551-s26-team-pointbot/install/pointbot_rviz:/home/rob/project/csci5551-s26-team-pointbot/install/uf_ros_lib:/opt/ros/jazzy DEBUGINFOD_URLS=https://debuginfod.ubuntu.com /usr/bin/cmake --build /home/rob/project/csci5551-s26-team-pointbot/build/zed_msgs -- -j16 -l16
[0.429s] [  0%] Built target zed_msgs__rs
[0.447s] [  0%] Built target zed_msgs__rosidl_generator_type_description
[0.488s] [  0%] Built target zed_msgs__cpp
[0.500s] [  0%] Built target ament_cmake_python_copy_zed_msgs
[0.526s] [ 28%] Built target zed_msgs__rosidl_generator_c
[0.579s] [ 48%] Built target zed_msgs__rosidl_typesupport_fastrtps_cpp
[0.581s] [ 48%] Built target zed_msgs__rosidl_typesupport_c
[0.585s] [ 57%] Built target zed_msgs__rosidl_typesupport_fastrtps_c
[0.597s] [ 67%] Built target zed_msgs__rosidl_typesupport_cpp
[0.603s] [ 77%] Built target zed_msgs__rosidl_typesupport_introspection_c
[0.608s] [ 87%] Built target zed_msgs__rosidl_typesupport_introspection_cpp
[0.647s] [ 87%] Built target zed_msgs
[0.706s] [ 87%] Built target zed_msgs__py
[0.762s] [ 97%] Built target zed_msgs__rosidl_generator_py
[0.807s] [100%] Built target zed_msgs_s__rosidl_typesupport_fastrtps_c
[0.807s] [100%] Built target zed_msgs_s__rosidl_typesupport_introspection_c
[0.807s] [100%] Built target zed_msgs_s__rosidl_typesupport_c
[0.832s] running egg_info
[0.893s] writing zed_msgs.egg-info/PKG-INFO
[0.894s] writing dependency_links to zed_msgs.egg-info/dependency_links.txt
[0.894s] writing top-level names to zed_msgs.egg-info/top_level.txt
[0.967s] reading manifest file 'zed_msgs.egg-info/SOURCES.txt'
[0.967s] writing manifest file 'zed_msgs.egg-info/SOURCES.txt'
[0.967s] [100%] Built target ament_cmake_python_build_zed_msgs_egg
[1.428s] Invoked command in '/home/rob/project/csci5551-s26-team-pointbot/build/zed_msgs' returned '0': CMAKE_PREFIX_PATH=${CMAKE_PREFIX_PATH}:/home/rob/project/csci5551-s26-team-pointbot/install/planning:/home/rob/project/csci5551-s26-team-pointbot/install/perception:/home/rob/project/csci5551-s26-team-pointbot/install/pointbot_rviz:/home/rob/project/csci5551-s26-team-pointbot/install/uf_ros_lib:/opt/ros/jazzy DEBUGINFOD_URLS=https://debuginfod.ubuntu.com /usr/bin/cmake --build /home/rob/project/csci5551-s26-team-pointbot/build/zed_msgs -- -j16 -l16
[1.429s] Invoking command in '/home/rob/project/csci5551-s26-team-pointbot/build/zed_msgs': CMAKE_PREFIX_PATH=${CMAKE_PREFIX_PATH}:/home/rob/project/csci5551-s26-team-pointbot/install/planning:/home/rob/project/csci5551-s26-team-pointbot/install/perception:/home/rob/project/csci5551-s26-team-pointbot/install/pointbot_rviz:/home/rob/project/csci5551-s26-team-pointbot/install/uf_ros_lib:/opt/ros/jazzy DEBUGINFOD_URLS=https://debuginfod.ubuntu.com /usr/bin/cmake --install /home/rob/project/csci5551-s26-team-pointbot/build/zed_msgs
[1.493s] -- Install configuration: ""
[1.494s] -- Up-to-date: /home/rob/project/csci5551-s26-team-pointbot/install/zed_msgs/share/ament_index/resource_index/rosidl_interfaces/zed_msgs
[1.494s] -- Up-to-date: /home/rob/project/csci5551-s26-team-pointbot/install/zed_msgs/share/zed_msgs/msg/Object.json
[1.494s] -- Up-to-date: /home/rob/project/csci5551-s26-team-pointbot/install/zed_msgs/share/zed_msgs/msg/ObjectsStamped.json
[1.494s] -- Up-to-date: /home/rob/project/csci5551-s26-team-pointbot/install/zed_msgs/share/zed_msgs/msg/Keypoint2Di.json
[1.494s] -- Up-to-date: /home/rob/project/csci5551-s26-team-pointbot/install/zed_msgs/share/zed_msgs/msg/Keypoint2Df.json
[1.494s] -- Up-to-date: /home/rob/project/csci5551-s26-team-pointbot/install/zed_msgs/share/zed_msgs/msg/Keypoint3D.json
[1.494s] -- Up-to-date: /home/rob/project/csci5551-s26-team-pointbot/install/zed_msgs/share/zed_msgs/msg/BoundingBox2Di.json
[1.494s] -- Up-to-date: /home/rob/project/csci5551-s26-team-pointbot/install/zed_msgs/share/zed_msgs/msg/BoundingBox2Df.json
[1.494s] -- Up-to-date: /home/rob/project/csci5551-s26-team-pointbot/install/zed_msgs/share/zed_msgs/msg/BoundingBox3D.json
[1.494s] -- Up-to-date: /home/rob/project/csci5551-s26-team-pointbot/install/zed_msgs/share/zed_msgs/msg/Skeleton2D.json
[1.494s] -- Up-to-date: /home/rob/project/csci5551-s26-team-pointbot/install/zed_msgs/share/zed_msgs/msg/Skeleton3D.json
[1.495s] -- Up-to-date: /home/rob/project/csci5551-s26-team-pointbot/install/zed_msgs/share/zed_msgs/msg/DepthInfoStamped.json
[1.495s] -- Up-to-date: /home/rob/project/csci5551-s26-team-pointbot/install/zed_msgs/share/zed_msgs/msg/PlaneStamped.json
[1.495s] -- Up-to-date: /home/rob/project/csci5551-s26-team-pointbot/install/zed_msgs/share/zed_msgs/msg/PosTrackStatus.json
[1.495s] -- Up-to-date: /home/rob/project/csci5551-s26-team-pointbot/install/zed_msgs/share/zed_msgs/msg/GnssFusionStatus.json
[1.495s] -- Up-to-date: /home/rob/project/csci5551-s26-team-pointbot/install/zed_msgs/share/zed_msgs/msg/Heartbeat.json
[1.495s] -- Up-to-date: /home/rob/project/csci5551-s26-team-pointbot/install/zed_msgs/share/zed_msgs/msg/MagHeadingStatus.json
[1.495s] -- Up-to-date: /home/rob/project/csci5551-s26-team-pointbot/install/zed_msgs/share/zed_msgs/msg/SvoStatus.json
[1.495s] -- Up-to-date: /home/rob/project/csci5551-s26-team-pointbot/install/zed_msgs/share/zed_msgs/msg/HealthStatusStamped.json
[1.495s] -- Up-to-date: /home/rob/project/csci5551-s26-team-pointbot/install/zed_msgs/share/zed_msgs/srv/SetPose.json
[1.495s] -- Up-to-date: /home/rob/project/csci5551-s26-team-pointbot/install/zed_msgs/share/zed_msgs/srv/StartSvoRec.json
[1.495s] -- Up-to-date: /home/rob/project/csci5551-s26-team-pointbot/install/zed_msgs/share/zed_msgs/srv/SetROI.json
[1.497s] -- Up-to-date: /home/rob/project/csci5551-s26-team-pointbot/install/zed_msgs/share/zed_msgs/srv/SetSvoFrame.json
[1.500s] -- Up-to-date: /home/rob/project/csci5551-s26-team-pointbot/install/zed_msgs/share/zed_msgs/srv/SaveAreaMemory.json
[1.500s] -- Up-to-date: /home/rob/project/csci5551-s26-team-pointbot/install/zed_msgs/include/zed_msgs/zed_msgs
[1.501s] -- Up-to-date: /home/rob/project/csci5551-s26-team-pointbot/install/zed_msgs/include/zed_msgs/zed_msgs/msg
[1.501s] -- Up-to-date: /home/rob/project/csci5551-s26-team-pointbot/install/zed_msgs/include/zed_msgs/zed_msgs/msg/skeleton3_d.h
[1.501s] -- Up-to-date: /home/rob/project/csci5551-s26-team-pointbot/install/zed_msgs/include/zed_msgs/zed_msgs/msg/keypoint3_d.h
[1.507s] -- Up-to-date: /home/rob/project/csci5551-s26-team-pointbot/install/zed_msgs/include/zed_msgs/zed_msgs/msg/svo_status.h
[1.507s] -- Up-to-date: /home/rob/project/csci5551-s26-team-pointbot/install/zed_msgs/include/zed_msgs/zed_msgs/msg/keypoint2_df.h
[1.510s] -- Up-to-date: /home/rob/project/csci5551-s26-team-pointbot/install/zed_msgs/include/zed_msgs/zed_msgs/msg/gnss_fusion_status.h
[1.511s] -- Up-to-date: /home/rob/project/csci5551-s26-team-pointbot/install/zed_msgs/include/zed_msgs/zed_msgs/msg/bounding_box2_df.h
[1.511s] -- Up-to-date: /home/rob/project/csci5551-s26-team-pointbot/install/zed_msgs/include/zed_msgs/zed_msgs/msg/skeleton2_d.h
[1.511s] -- Up-to-date: /home/rob/project/csci5551-s26-team-pointbot/install/zed_msgs/include/zed_msgs/zed_msgs/msg/keypoint2_di.h
[1.512s] -- Up-to-date: /home/rob/project/csci5551-s26-team-pointbot/install/zed_msgs/include/zed_msgs/zed_msgs/msg/pos_track_status.h
[1.512s] -- Up-to-date: /home/rob/project/csci5551-s26-team-pointbot/install/zed_msgs/include/zed_msgs/zed_msgs/msg/bounding_box2_di.h
[1.512s] -- Up-to-date: /home/rob/project/csci5551-s26-team-pointbot/install/zed_msgs/include/zed_msgs/zed_msgs/msg/heartbeat.h
[1.512s] -- Up-to-date: /home/rob/project/csci5551-s26-team-pointbot/install/zed_msgs/include/zed_msgs/zed_msgs/msg/rosidl_generator_c__visibility_control.h
[1.513s] -- Up-to-date: /home/rob/project/csci5551-s26-team-pointbot/install/zed_msgs/include/zed_msgs/zed_msgs/msg/health_status_stamped.h
[1.513s] -- Up-to-date: /home/rob/project/csci5551-s26-team-pointbot/install/zed_msgs/include/zed_msgs/zed_msgs/msg/objects_stamped.h
[1.513s] -- Up-to-date: /home/rob/project/csci5551-s26-team-pointbot/install/zed_msgs/include/zed_msgs/zed_msgs/msg/bounding_box3_d.h
[1.513s] -- Up-to-date: /home/rob/project/csci5551-s26-team-pointbot/install/zed_msgs/include/zed_msgs/zed_msgs/msg/plane_stamped.h
[1.513s] -- Up-to-date: /home/rob/project/csci5551-s26-team-pointbot/install/zed_msgs/include/zed_msgs/zed_msgs/msg/detail
[1.513s] -- Up-to-date: /home/rob/project/csci5551-s26-team-pointbot/install/zed_msgs/include/zed_msgs/zed_msgs/msg/detail/depth_info_stamped__functions.h
[1.513s] -- Up-to-date: /home/rob/project/csci5551-s26-team-pointbot/install/zed_msgs/include/zed_msgs/zed_msgs/msg/detail/plane_stamped__type_support.h
[1.513s] -- Up-to-date: /home/rob/project/csci5551-s26-team-pointbot/install/zed_msgs/include/zed_msgs/zed_msgs/msg/detail/keypoint2_di__functions.c
[1.513s] -- Up-to-date: /home/rob/project/csci5551-s26-team-pointbot/install/zed_msgs/include/zed_msgs/zed_msgs/msg/detail/objects_stamped__description.c
[1.514s] -- Up-to-date: /home/rob/project/csci5551-s26-team-pointbot/install/zed_msgs/include/zed_msgs/zed_msgs/msg/detail/gnss_fusion_status__description.c
[1.514s] -- Up-to-date: /home/rob/project/csci5551-s26-team-pointbot/install/zed_msgs/include/zed_msgs/zed_msgs/msg/detail/depth_info_stamped__type_support.h
[1.515s] -- Up-to-date: /home/rob/project/csci5551-s26-team-pointbot/install/zed_msgs/include/zed_msgs/zed_msgs/msg/detail/keypoint2_df__type_support.h
[1.515s] -- Up-to-date: /home/rob/project/csci5551-s26-team-pointbot/install/zed_msgs/include/zed_msgs/zed_msgs/msg/detail/health_status_stamped__functions.c
[1.515s] -- Up-to-date: /home/rob/project/csci5551-s26-team-pointbot/install/zed_msgs/include/zed_msgs/zed_msgs/msg/detail/object__type_support.h
[1.515s] -- Up-to-date: /home/rob/project/csci5551-s26-team-pointbot/install/zed_msgs/include/zed_msgs/zed_msgs/msg/detail/plane_stamped__functions.h
[1.515s] -- Up-to-date: /home/rob/project/csci5551-s26-team-pointbot/install/zed_msgs/include/zed_msgs/zed_msgs/msg/detail/plane_stamped__functions.c
[1.515s] -- Up-to-date: /home/rob/project/csci5551-s26-team-pointbot/install/zed_msgs/include/zed_msgs/zed_msgs/msg/detail/object__functions.c
[1.516s] -- Up-to-date: /home/rob/project/csci5551-s26-team-pointbot/install/zed_msgs/include/zed_msgs/zed_msgs/msg/detail/object__functions.h
[1.516s] -- Up-to-date: /home/rob/project/csci5551-s26-team-pointbot/install/zed_msgs/include/zed_msgs/zed_msgs/msg/detail/objects_stamped__functions.h
[1.516s] -- Up-to-date: /home/rob/project/csci5551-s26-team-pointbot/install/zed_msgs/include/zed_msgs/zed_msgs/msg/detail/skeleton3_d__struct.h
[1.516s] -- Up-to-date: /home/rob/project/csci5551-s26-team-pointbot/install/zed_msgs/include/zed_msgs/zed_msgs/msg/detail/bounding_box2_di__functions.c
[1.516s] -- Up-to-date: /home/rob/project/csci5551-s26-team-pointbot/install/zed_msgs/include/zed_msgs/zed_msgs/msg/detail/heartbeat__type_support.h
[1.516s] -- Installing: /home/rob/project/csci5551-s26-team-pointbot/install/zed_msgs/include/zed_msgs/zed_msgs/msg/detail/mag_heading_status__type_support.c
[1.517s] -- Up-to-date: /home/rob/project/csci5551-s26-team-pointbot/install/zed_msgs/include/zed_msgs/zed_msgs/msg/detail/pos_track_status__struct.h
[1.517s] -- Up-to-date: /home/rob/project/csci5551-s26-team-pointbot/install/zed_msgs/include/zed_msgs/zed_msgs/msg/detail/plane_stamped__struct.h
[1.517s] -- Up-to-date: /home/rob/project/csci5551-s26-team-pointbot/install/zed_msgs/include/zed_msgs/zed_msgs/msg/detail/bounding_box3_d__type_support.h
[1.517s] -- Installing: /home/rob/project/csci5551-s26-team-pointbot/install/zed_msgs/include/zed_msgs/zed_msgs/msg/detail/plane_stamped__type_support.c
[1.517s] -- Up-to-date: /home/rob/project/csci5551-s26-team-pointbot/install/zed_msgs/include/zed_msgs/zed_msgs/msg/detail/svo_status__description.c
[1.517s] -- Up-to-date: /home/rob/project/csci5551-s26-team-pointbot/install/zed_msgs/include/zed_msgs/zed_msgs/msg/detail/mag_heading_status__description.c
[1.517s] -- Up-to-date: /home/rob/project/csci5551-s26-team-pointbot/install/zed_msgs/include/zed_msgs/zed_msgs/msg/detail/bounding_box2_df__description.c
[1.517s] -- Up-to-date: /home/rob/project/csci5551-s26-team-pointbot/install/zed_msgs/include/zed_msgs/zed_msgs/msg/detail/mag_heading_status__functions.h
[1.519s] -- Up-to-date: /home/rob/project/csci5551-s26-team-pointbot/install/zed_msgs/include/zed_msgs/zed_msgs/msg/detail/skeleton3_d__type_support.h
[1.519s] -- Installing: /home/rob/project/csci5551-s26-team-pointbot/install/zed_msgs/include/zed_msgs/zed_msgs/msg/detail/gnss_fusion_status__type_support.c
[1.519s] -- Up-to-date: /home/rob/project/csci5551-s26-team-pointbot/install/zed_msgs/include/zed_msgs/zed_msgs/msg/detail/depth_info_stamped__description.c
[1.519s] -- Up-to-date: /home/rob/project/csci5551-s26-team-pointbot/install/zed_msgs/include/zed_msgs/zed_msgs/msg/detail/skeleton2_d__functions.h
[1.520s] -- Up-to-date: /home/rob/project/csci5551-s26-team-pointbot/install/zed_msgs/include/zed_msgs/zed_msgs/msg/detail/bounding_box3_d__functions.c
[1.520s] -- Up-to-date: /home/rob/project/csci5551-s26-team-pointbot/install/zed_msgs/include/zed_msgs/zed_msgs/msg/detail/bounding_box2_di__type_support.h
[1.520s] -- Up-to-date: /home/rob/project/csci5551-s26-team-pointbot/install/zed_msgs/include/zed_msgs/zed_msgs/msg/detail/health_status_stamped__description.c
[1.520s] -- Installing: /home/rob/project/csci5551-s26-team-pointbot/install/zed_msgs/include/zed_msgs/zed_msgs/msg/detail/keypoint2_df__type_support.c
[1.520s] -- Up-to-date: /home/rob/project/csci5551-s26-team-pointbot/install/zed_msgs/include/zed_msgs/zed_msgs/msg/detail/heartbeat__description.c
[1.520s] -- Installing: /home/rob/project/csci5551-s26-team-pointbot/install/zed_msgs/include/zed_msgs/zed_msgs/msg/detail/heartbeat__type_support.c
[1.520s] -- Up-to-date: /home/rob/project/csci5551-s26-team-pointbot/install/zed_msgs/include/zed_msgs/zed_msgs/msg/detail/bounding_box2_di__functions.h
[1.520s] -- Installing: /home/rob/project/csci5551-s26-team-pointbot/install/zed_msgs/include/zed_msgs/zed_msgs/msg/detail/bounding_box3_d__type_support.c
[1.520s] -- Up-to-date: /home/rob/project/csci5551-s26-team-pointbot/install/zed_msgs/include/zed_msgs/zed_msgs/msg/detail/keypoint2_di__description.c
[1.521s] -- Up-to-date: /home/rob/project/csci5551-s26-team-pointbot/install/zed_msgs/include/zed_msgs/zed_msgs/msg/detail/bounding_box2_df__functions.c
[1.521s] -- Up-to-date: /home/rob/project/csci5551-s26-team-pointbot/install/zed_msgs/include/zed_msgs/zed_msgs/msg/detail/keypoint3_d__struct.h
[1.521s] -- Up-to-date: /home/rob/project/csci5551-s26-team-pointbot/install/zed_msgs/include/zed_msgs/zed_msgs/msg/detail/bounding_box2_df__functions.h
[1.521s] -- Up-to-date: /home/rob/project/csci5551-s26-team-pointbot/install/zed_msgs/include/zed_msgs/zed_msgs/msg/detail/heartbeat__struct.h
[1.521s] -- Installing: /home/rob/project/csci5551-s26-team-pointbot/install/zed_msgs/include/zed_msgs/zed_msgs/msg/detail/keypoint3_d__type_support.c
[1.521s] -- Up-to-date: /home/rob/project/csci5551-s26-team-pointbot/install/zed_msgs/include/zed_msgs/zed_msgs/msg/detail/keypoint3_d__description.c
[1.522s] -- Up-to-date: /home/rob/project/csci5551-s26-team-pointbot/install/zed_msgs/include/zed_msgs/zed_msgs/msg/detail/gnss_fusion_status__type_support.h
[1.522s] -- Up-to-date: /home/rob/project/csci5551-s26-team-pointbot/install/zed_msgs/include/zed_msgs/zed_msgs/msg/detail/skeleton3_d__functions.c
[1.522s] -- Up-to-date: /home/rob/project/csci5551-s26-team-pointbot/install/zed_msgs/include/zed_msgs/zed_msgs/msg/detail/heartbeat__functions.c
[1.522s] -- Up-to-date: /home/rob/project/csci5551-s26-team-pointbot/install/zed_msgs/include/zed_msgs/zed_msgs/msg/detail/bounding_box3_d__description.c
[1.522s] -- Installing: /home/rob/project/csci5551-s26-team-pointbot/install/zed_msgs/include/zed_msgs/zed_msgs/msg/detail/bounding_box2_df__type_support.c
[1.522s] -- Up-to-date: /home/rob/project/csci5551-s26-team-pointbot/install/zed_msgs/include/zed_msgs/zed_msgs/msg/detail/skeleton2_d__type_support.h
[1.522s] -- Up-to-date: /home/rob/project/csci5551-s26-team-pointbot/install/zed_msgs/include/zed_msgs/zed_msgs/msg/detail/skeleton2_d__struct.h
[1.522s] -- Up-to-date: /home/rob/project/csci5551-s26-team-pointbot/install/zed_msgs/include/zed_msgs/zed_msgs/msg/detail/objects_stamped__functions.c
[1.523s] -- Up-to-date: /home/rob/project/csci5551-s26-team-pointbot/install/zed_msgs/include/zed_msgs/zed_msgs/msg/detail/keypoint2_df__struct.h
[1.523s] -- Up-to-date: /home/rob/project/csci5551-s26-team-pointbot/install/zed_msgs/include/zed_msgs/zed_msgs/msg/detail/depth_info_stamped__struct.h
[1.523s] -- Installing: /home/rob/project/csci5551-s26-team-pointbot/install/zed_msgs/include/zed_msgs/zed_msgs/msg/detail/skeleton2_d__type_support.c
[1.523s] -- Up-to-date: /home/rob/project/csci5551-s26-team-pointbot/install/zed_msgs/include/zed_msgs/zed_msgs/msg/detail/mag_heading_status__functions.c
[1.523s] -- Installing: /home/rob/project/csci5551-s26-team-pointbot/install/zed_msgs/include/zed_msgs/zed_msgs/msg/detail/bounding_box2_di__type_support.c
[1.523s] -- Up-to-date: /home/rob/project/csci5551-s26-team-pointbot/install/zed_msgs/include/zed_msgs/zed_msgs/msg/detail/keypoint2_di__type_support.h
[1.523s] -- Up-to-date: /home/rob/project/csci5551-s26-team-pointbot/install/zed_msgs/include/zed_msgs/zed_msgs/msg/detail/skeleton2_d__description.c
[1.523s] -- Up-to-date: /home/rob/project/csci5551-s26-team-pointbot/install/zed_msgs/include/zed_msgs/zed_msgs/msg/detail/keypoint2_df__description.c
[1.523s] -- Up-to-date: /home/rob/project/csci5551-s26-team-pointbot/install/zed_msgs/include/zed_msgs/zed_msgs/msg/detail/keypoint2_df__functions.h
[1.523s] -- Up-to-date: /home/rob/project/csci5551-s26-team-pointbot/install/zed_msgs/include/zed_msgs/zed_msgs/msg/detail/svo_status__struct.h
[1.523s] -- Up-to-date: /home/rob/project/csci5551-s26-team-pointbot/install/zed_msgs/include/zed_msgs/zed_msgs/msg/detail/gnss_fusion_status__functions.c
[1.524s] -- Up-to-date: /home/rob/project/csci5551-s26-team-pointbot/install/zed_msgs/include/zed_msgs/zed_msgs/msg/detail/svo_status__functions.h
[1.524s] -- Up-to-date: /home/rob/project/csci5551-s26-team-pointbot/install/zed_msgs/include/zed_msgs/zed_msgs/msg/detail/bounding_box2_di__struct.h
[1.524s] -- Up-to-date: /home/rob/project/csci5551-s26-team-pointbot/install/zed_msgs/include/zed_msgs/zed_msgs/msg/detail/skeleton3_d__functions.h
[1.524s] -- Up-to-date: /home/rob/project/csci5551-s26-team-pointbot/install/zed_msgs/include/zed_msgs/zed_msgs/msg/detail/keypoint3_d__type_support.h
[1.524s] -- Installing: /home/rob/project/csci5551-s26-team-pointbot/install/zed_msgs/include/zed_msgs/zed_msgs/msg/detail/objects_stamped__type_support.c
[1.524s] -- Up-to-date: /home/rob/project/csci5551-s26-team-pointbot/install/zed_msgs/include/zed_msgs/zed_msgs/msg/detail/keypoint2_di__functions.h
[1.524s] -- Up-to-date: /home/rob/project/csci5551-s26-team-pointbot/install/zed_msgs/include/zed_msgs/zed_msgs/msg/detail/mag_heading_status__struct.h
[1.524s] -- Up-to-date: /home/rob/project/csci5551-s26-team-pointbot/install/zed_msgs/include/zed_msgs/zed_msgs/msg/detail/svo_status__functions.c
[1.524s] -- Up-to-date: /home/rob/project/csci5551-s26-team-pointbot/install/zed_msgs/include/zed_msgs/zed_msgs/msg/detail/pos_track_status__functions.h
[1.525s] -- Up-to-date: /home/rob/project/csci5551-s26-team-pointbot/install/zed_msgs/include/zed_msgs/zed_msgs/msg/detail/skeleton3_d__description.c
[1.525s] -- Up-to-date: /home/rob/project/csci5551-s26-team-pointbot/install/zed_msgs/include/zed_msgs/zed_msgs/msg/detail/plane_stamped__description.c
[1.525s] -- Up-to-date: /home/rob/project/csci5551-s26-team-pointbot/install/zed_msgs/include/zed_msgs/zed_msgs/msg/detail/health_status_stamped__struct.h
[1.526s] -- Up-to-date: /home/rob/project/csci5551-s26-team-pointbot/install/zed_msgs/include/zed_msgs/zed_msgs/msg/detail/gnss_fusion_status__functions.h
[1.526s] -- Up-to-date: /home/rob/project/csci5551-s26-team-pointbot/install/zed_msgs/include/zed_msgs/zed_msgs/msg/detail/keypoint3_d__functions.c
[1.526s] -- Up-to-date: /home/rob/project/csci5551-s26-team-pointbot/install/zed_msgs/include/zed_msgs/zed_msgs/msg/detail/keypoint2_df__functions.c
[1.526s] -- Up-to-date: /home/rob/project/csci5551-s26-team-pointbot/install/zed_msgs/include/zed_msgs/zed_msgs/msg/detail/health_status_stamped__functions.h
[1.526s] -- Installing: /home/rob/project/csci5551-s26-team-pointbot/install/zed_msgs/include/zed_msgs/zed_msgs/msg/detail/health_status_stamped__type_support.c
[1.526s] -- Up-to-date: /home/rob/project/csci5551-s26-team-pointbot/install/zed_msgs/include/zed_msgs/zed_msgs/msg/detail/skeleton2_d__functions.c
[1.526s] -- Up-to-date: /home/rob/project/csci5551-s26-team-pointbot/install/zed_msgs/include/zed_msgs/zed_msgs/msg/detail/objects_stamped__type_support.h
[1.527s] -- Up-to-date: /home/rob/project/csci5551-s26-team-pointbot/install/zed_msgs/include/zed_msgs/zed_msgs/msg/detail/heartbeat__functions.h
[1.527s] -- Up-to-date: /home/rob/project/csci5551-s26-team-pointbot/install/zed_msgs/include/zed_msgs/zed_msgs/msg/detail/bounding_box3_d__struct.h
[1.527s] -- Up-to-date: /home/rob/project/csci5551-s26-team-pointbot/install/zed_msgs/include/zed_msgs/zed_msgs/msg/detail/svo_status__type_support.h
[1.527s] -- Installing: /home/rob/project/csci5551-s26-team-pointbot/install/zed_msgs/include/zed_msgs/zed_msgs/msg/detail/keypoint2_di__type_support.c
[1.527s] -- Up-to-date: /home/rob/project/csci5551-s26-team-pointbot/install/zed_msgs/include/zed_msgs/zed_msgs/msg/detail/object__struct.h
[1.527s] -- Up-to-date: /home/rob/project/csci5551-s26-team-pointbot/install/zed_msgs/include/zed_msgs/zed_msgs/msg/detail/pos_track_status__functions.c
[1.527s] -- Installing: /home/rob/project/csci5551-s26-team-pointbot/install/zed_msgs/include/zed_msgs/zed_msgs/msg/detail/skeleton3_d__type_support.c
[1.527s] -- Up-to-date: /home/rob/project/csci5551-s26-team-pointbot/install/zed_msgs/include/zed_msgs/zed_msgs/msg/detail/bounding_box2_di__description.c
[1.527s] -- Up-to-date: /home/rob/project/csci5551-s26-team-pointbot/install/zed_msgs/include/zed_msgs/zed_msgs/msg/detail/object__description.c
[1.527s] -- Up-to-date: /home/rob/project/csci5551-s26-team-pointbot/install/zed_msgs/include/zed_msgs/zed_msgs/msg/detail/mag_heading_status__type_support.h
[1.528s] -- Installing: /home/rob/project/csci5551-s26-team-pointbot/install/zed_msgs/include/zed_msgs/zed_msgs/msg/detail/object__type_support.c
[1.528s] -- Installing: /home/rob/project/csci5551-s26-team-pointbot/install/zed_msgs/include/zed_msgs/zed_msgs/msg/detail/depth_info_stamped__type_support.c
[1.528s] -- Up-to-date: /home/rob/project/csci5551-s26-team-pointbot/install/zed_msgs/include/zed_msgs/zed_msgs/msg/detail/bounding_box2_df__type_support.h
[1.528s] -- Up-to-date: /home/rob/project/csci5551-s26-team-pointbot/install/zed_msgs/include/zed_msgs/zed_msgs/msg/detail/pos_track_status__type_support.h
[1.528s] -- Up-to-date: /home/rob/project/csci5551-s26-team-pointbot/install/zed_msgs/include/zed_msgs/zed_msgs/msg/detail/pos_track_status__description.c
[1.528s] -- Up-to-date: /home/rob/project/csci5551-s26-team-pointbot/install/zed_msgs/include/zed_msgs/zed_msgs/msg/detail/keypoint3_d__functions.h
[1.528s] -- Up-to-date: /home/rob/project/csci5551-s26-team-pointbot/install/zed_msgs/include/zed_msgs/zed_msgs/msg/detail/bounding_box2_df__struct.h
[1.530s] -- Up-to-date: /home/rob/project/csci5551-s26-team-pointbot/install/zed_msgs/include/zed_msgs/zed_msgs/msg/detail/objects_stamped__struct.h
[1.531s] -- Up-to-date: /home/rob/project/csci5551-s26-team-pointbot/install/zed_msgs/include/zed_msgs/zed_msgs/msg/detail/keypoint2_di__struct.h
[1.532s] -- Installing: /home/rob/project/csci5551-s26-team-pointbot/install/zed_msgs/include/zed_msgs/zed_msgs/msg/detail/pos_track_status__type_support.c
[1.532s] -- Up-to-date: /home/rob/project/csci5551-s26-team-pointbot/install/zed_msgs/include/zed_msgs/zed_msgs/msg/detail/bounding_box3_d__functions.h
[1.533s] -- Up-to-date: /home/rob/project/csci5551-s26-team-pointbot/install/zed_msgs/include/zed_msgs/zed_msgs/msg/detail/health_status_stamped__type_support.h
[1.534s] -- Installing: /home/rob/project/csci5551-s26-team-pointbot/install/zed_msgs/include/zed_msgs/zed_msgs/msg/detail/svo_status__type_support.c
[1.535s] -- Up-to-date: /home/rob/project/csci5551-s26-team-pointbot/install/zed_msgs/include/zed_msgs/zed_msgs/msg/detail/depth_info_stamped__functions.c
[1.535s] -- Up-to-date: /home/rob/project/csci5551-s26-team-pointbot/install/zed_msgs/include/zed_msgs/zed_msgs/msg/detail/gnss_fusion_status__struct.h
[1.536s] -- Up-to-date: /home/rob/project/csci5551-s26-team-pointbot/install/zed_msgs/include/zed_msgs/zed_msgs/msg/object.h
[1.536s] -- Up-to-date: /home/rob/project/csci5551-s26-team-pointbot/install/zed_msgs/include/zed_msgs/zed_msgs/msg/mag_heading_status.h
[1.537s] -- Up-to-date: /home/rob/project/csci5551-s26-team-pointbot/install/zed_msgs/include/zed_msgs/zed_msgs/msg/depth_info_stamped.h
[1.537s] -- Up-to-date: /home/rob/project/csci5551-s26-team-pointbot/install/zed_msgs/include/zed_msgs/zed_msgs/srv
[1.537s] -- Up-to-date: /home/rob/project/csci5551-s26-team-pointbot/install/zed_msgs/include/zed_msgs/zed_msgs/srv/set_svo_frame.h
[1.538s] -- Up-to-date: /home/rob/project/csci5551-s26-team-pointbot/install/zed_msgs/include/zed_msgs/zed_msgs/srv/save_area_memory.h
[1.538s] -- Up-to-date: /home/rob/project/csci5551-s26-team-pointbot/install/zed_msgs/include/zed_msgs/zed_msgs/srv/start_svo_rec.h
[1.538s] -- Up-to-date: /home/rob/project/csci5551-s26-team-pointbot/install/zed_msgs/include/zed_msgs/zed_msgs/srv/set_pose.h
[1.539s] -- Up-to-date: /home/rob/project/csci5551-s26-team-pointbot/install/zed_msgs/include/zed_msgs/zed_msgs/srv/set_roi.h
[1.539s] -- Up-to-date: /home/rob/project/csci5551-s26-team-pointbot/install/zed_msgs/include/zed_msgs/zed_msgs/srv/detail
[1.540s] -- Installing: /home/rob/project/csci5551-s26-team-pointbot/install/zed_msgs/include/zed_msgs/zed_msgs/srv/detail/start_svo_rec__type_support.c
[1.540s] -- Up-to-date: /home/rob/project/csci5551-s26-team-pointbot/install/zed_msgs/include/zed_msgs/zed_msgs/srv/detail/set_roi__struct.h
[1.540s] -- Up-to-date: /home/rob/project/csci5551-s26-team-pointbot/install/zed_msgs/include/zed_msgs/zed_msgs/srv/detail/save_area_memory__struct.h
[1.541s] -- Up-to-date: /home/rob/project/csci5551-s26-team-pointbot/install/zed_msgs/include/zed_msgs/zed_msgs/srv/detail/set_pose__functions.h
[1.541s] -- Up-to-date: /home/rob/project/csci5551-s26-team-pointbot/install/zed_msgs/include/zed_msgs/zed_msgs/srv/detail/set_pose__description.c
[1.542s] -- Installing: /home/rob/project/csci5551-s26-team-pointbot/install/zed_msgs/include/zed_msgs/zed_msgs/srv/detail/save_area_memory__type_support.c
[1.543s] -- Up-to-date: /home/rob/project/csci5551-s26-team-pointbot/install/zed_msgs/include/zed_msgs/zed_msgs/srv/detail/save_area_memory__type_support.h
[1.543s] -- Up-to-date: /home/rob/project/csci5551-s26-team-pointbot/install/zed_msgs/include/zed_msgs/zed_msgs/srv/detail/save_area_memory__functions.c
[1.544s] -- Up-to-date: /home/rob/project/csci5551-s26-team-pointbot/install/zed_msgs/include/zed_msgs/zed_msgs/srv/detail/set_roi__description.c
[1.544s] -- Up-to-date: /home/rob/project/csci5551-s26-team-pointbot/install/zed_msgs/include/zed_msgs/zed_msgs/srv/detail/set_svo_frame__functions.h
[1.545s] -- Up-to-date: /home/rob/project/csci5551-s26-team-pointbot/install/zed_msgs/include/zed_msgs/zed_msgs/srv/detail/start_svo_rec__functions.c
[1.545s] -- Up-to-date: /home/rob/project/csci5551-s26-team-pointbot/install/zed_msgs/include/zed_msgs/zed_msgs/srv/detail/set_pose__type_support.h
[1.546s] -- Up-to-date: /home/rob/project/csci5551-s26-team-pointbot/install/zed_msgs/include/zed_msgs/zed_msgs/srv/detail/save_area_memory__description.c
[1.547s] -- Up-to-date: /home/rob/project/csci5551-s26-team-pointbot/install/zed_msgs/include/zed_msgs/zed_msgs/srv/detail/start_svo_rec__description.c
[1.547s] -- Up-to-date: /home/rob/project/csci5551-s26-team-pointbot/install/zed_msgs/include/zed_msgs/zed_msgs/srv/detail/set_pose__struct.h
[1.548s] -- Up-to-date: /home/rob/project/csci5551-s26-team-pointbot/install/zed_msgs/include/zed_msgs/zed_msgs/srv/detail/set_roi__type_support.h
[1.549s] -- Up-to-date: /home/rob/project/csci5551-s26-team-pointbot/install/zed_msgs/include/zed_msgs/zed_msgs/srv/detail/set_roi__functions.h
[1.550s] -- Installing: /home/rob/project/csci5551-s26-team-pointbot/install/zed_msgs/include/zed_msgs/zed_msgs/srv/detail/set_svo_frame__type_support.c
[1.552s] -- Installing: /home/rob/project/csci5551-s26-team-pointbot/install/zed_msgs/include/zed_msgs/zed_msgs/srv/detail/set_roi__type_support.c
[1.552s] -- Up-to-date: /home/rob/project/csci5551-s26-team-pointbot/install/zed_msgs/include/zed_msgs/zed_msgs/srv/detail/set_svo_frame__struct.h
[1.552s] -- Up-to-date: /home/rob/project/csci5551-s26-team-pointbot/install/zed_msgs/include/zed_msgs/zed_msgs/srv/detail/set_svo_frame__type_support.h
[1.554s] -- Up-to-date: /home/rob/project/csci5551-s26-team-pointbot/install/zed_msgs/include/zed_msgs/zed_msgs/srv/detail/set_svo_frame__functions.c
[1.556s] -- Up-to-date: /home/rob/project/csci5551-s26-team-pointbot/install/zed_msgs/include/zed_msgs/zed_msgs/srv/detail/save_area_memory__functions.h
[1.557s] -- Up-to-date: /home/rob/project/csci5551-s26-team-pointbot/install/zed_msgs/include/zed_msgs/zed_msgs/srv/detail/start_svo_rec__struct.h
[1.558s] -- Up-to-date: /home/rob/project/csci5551-s26-team-pointbot/install/zed_msgs/include/zed_msgs/zed_msgs/srv/detail/set_roi__functions.c
[1.558s] -- Installing: /home/rob/project/csci5551-s26-team-pointbot/install/zed_msgs/include/zed_msgs/zed_msgs/srv/detail/set_pose__type_support.c
[1.559s] -- Up-to-date: /home/rob/project/csci5551-s26-team-pointbot/install/zed_msgs/include/zed_msgs/zed_msgs/srv/detail/set_svo_frame__description.c
[1.562s] -- Up-to-date: /home/rob/project/csci5551-s26-team-pointbot/install/zed_msgs/include/zed_msgs/zed_msgs/srv/detail/set_pose__functions.c
[1.563s] -- Up-to-date: /home/rob/project/csci5551-s26-team-pointbot/install/zed_msgs/include/zed_msgs/zed_msgs/srv/detail/start_svo_rec__type_support.h
[1.563s] -- Up-to-date: /home/rob/project/csci5551-s26-team-pointbot/install/zed_msgs/include/zed_msgs/zed_msgs/srv/detail/start_svo_rec__functions.h
[1.563s] -- Up-to-date: /home/rob/project/csci5551-s26-team-pointbot/install/zed_msgs/share/zed_msgs/environment/library_path.sh
[1.564s] -- Up-to-date: /home/rob/project/csci5551-s26-team-pointbot/install/zed_msgs/share/zed_msgs/environment/library_path.dsv
[1.566s] -- Up-to-date: /home/rob/project/csci5551-s26-team-pointbot/install/zed_msgs/lib/libzed_msgs__rosidl_generator_c.so
[1.567s] -- Up-to-date: /home/rob/project/csci5551-s26-team-pointbot/install/zed_msgs/include/zed_msgs/zed_msgs
[1.567s] -- Up-to-date: /home/rob/project/csci5551-s26-team-pointbot/install/zed_msgs/include/zed_msgs/zed_msgs/msg
[1.567s] -- Up-to-date: /home/rob/project/csci5551-s26-team-pointbot/install/zed_msgs/include/zed_msgs/zed_msgs/msg/rosidl_typesupport_fastrtps_c__visibility_control.h
[1.567s] -- Up-to-date: /home/rob/project/csci5551-s26-team-pointbot/install/zed_msgs/include/zed_msgs/zed_msgs/msg/detail
[1.568s] -- Up-to-date: /home/rob/project/csci5551-s26-team-pointbot/install/zed_msgs/include/zed_msgs/zed_msgs/msg/detail/keypoint2_di__rosidl_typesupport_fastrtps_c.h
[1.569s] -- Up-to-date: /home/rob/project/csci5551-s26-team-pointbot/install/zed_msgs/include/zed_msgs/zed_msgs/msg/detail/heartbeat__rosidl_typesupport_fastrtps_c.h
[1.569s] -- Up-to-date: /home/rob/project/csci5551-s26-team-pointbot/install/zed_msgs/include/zed_msgs/zed_msgs/msg/detail/plane_stamped__rosidl_typesupport_fastrtps_c.h
[1.569s] -- Up-to-date: /home/rob/project/csci5551-s26-team-pointbot/install/zed_msgs/include/zed_msgs/zed_msgs/msg/detail/skeleton3_d__rosidl_typesupport_fastrtps_c.h
[1.571s] -- Up-to-date: /home/rob/project/csci5551-s26-team-pointbot/install/zed_msgs/include/zed_msgs/zed_msgs/msg/detail/bounding_box2_df__rosidl_typesupport_fastrtps_c.h
[1.571s] -- Up-to-date: /home/rob/project/csci5551-s26-team-pointbot/install/zed_msgs/include/zed_msgs/zed_msgs/msg/detail/depth_info_stamped__rosidl_typesupport_fastrtps_c.h
[1.571s] -- Up-to-date: /home/rob/project/csci5551-s26-team-pointbot/install/zed_msgs/include/zed_msgs/zed_msgs/msg/detail/objects_stamped__rosidl_typesupport_fastrtps_c.h
[1.571s] -- Up-to-date: /home/rob/project/csci5551-s26-team-pointbot/install/zed_msgs/include/zed_msgs/zed_msgs/msg/detail/object__rosidl_typesupport_fastrtps_c.h
[1.571s] -- Up-to-date: /home/rob/project/csci5551-s26-team-pointbot/install/zed_msgs/include/zed_msgs/zed_msgs/msg/detail/bounding_box2_di__rosidl_typesupport_fastrtps_c.h
[1.572s] -- Up-to-date: /home/rob/project/csci5551-s26-team-pointbot/install/zed_msgs/include/zed_msgs/zed_msgs/msg/detail/mag_heading_status__rosidl_typesupport_fastrtps_c.h
[1.572s] -- Up-to-date: /home/rob/project/csci5551-s26-team-pointbot/install/zed_msgs/include/zed_msgs/zed_msgs/msg/detail/keypoint2_df__rosidl_typesupport_fastrtps_c.h
[1.573s] -- Up-to-date: /home/rob/project/csci5551-s26-team-pointbot/install/zed_msgs/include/zed_msgs/zed_msgs/msg/detail/gnss_fusion_status__rosidl_typesupport_fastrtps_c.h
[1.573s] -- Up-to-date: /home/rob/project/csci5551-s26-team-pointbot/install/zed_msgs/include/zed_msgs/zed_msgs/msg/detail/keypoint3_d__rosidl_typesupport_fastrtps_c.h
[1.573s] -- Up-to-date: /home/rob/project/csci5551-s26-team-pointbot/install/zed_msgs/include/zed_msgs/zed_msgs/msg/detail/health_status_stamped__rosidl_typesupport_fastrtps_c.h
[1.573s] -- Up-to-date: /home/rob/project/csci5551-s26-team-pointbot/install/zed_msgs/include/zed_msgs/zed_msgs/msg/detail/skeleton2_d__rosidl_typesupport_fastrtps_c.h
[1.573s] -- Up-to-date: /home/rob/project/csci5551-s26-team-pointbot/install/zed_msgs/include/zed_msgs/zed_msgs/msg/detail/pos_track_status__rosidl_typesupport_fastrtps_c.h
[1.573s] -- Up-to-date: /home/rob/project/csci5551-s26-team-pointbot/install/zed_msgs/include/zed_msgs/zed_msgs/msg/detail/svo_status__rosidl_typesupport_fastrtps_c.h
[1.573s] -- Up-to-date: /home/rob/project/csci5551-s26-team-pointbot/install/zed_msgs/include/zed_msgs/zed_msgs/msg/detail/bounding_box3_d__rosidl_typesupport_fastrtps_c.h
[1.573s] -- Up-to-date: /home/rob/project/csci5551-s26-team-pointbot/install/zed_msgs/include/zed_msgs/zed_msgs/srv
[1.574s] -- Up-to-date: /home/rob/project/csci5551-s26-team-pointbot/install/zed_msgs/include/zed_msgs/zed_msgs/srv/detail
[1.574s] -- Up-to-date: /home/rob/project/csci5551-s26-team-pointbot/install/zed_msgs/include/zed_msgs/zed_msgs/srv/detail/set_pose__rosidl_typesupport_fastrtps_c.h
[1.576s] -- Up-to-date: /home/rob/project/csci5551-s26-team-pointbot/install/zed_msgs/include/zed_msgs/zed_msgs/srv/detail/start_svo_rec__rosidl_typesupport_fastrtps_c.h
[1.576s] -- Up-to-date: /home/rob/project/csci5551-s26-team-pointbot/install/zed_msgs/include/zed_msgs/zed_msgs/srv/detail/set_roi__rosidl_typesupport_fastrtps_c.h
[1.576s] -- Up-to-date: /home/rob/project/csci5551-s26-team-pointbot/install/zed_msgs/include/zed_msgs/zed_msgs/srv/detail/save_area_memory__rosidl_typesupport_fastrtps_c.h
[1.577s] -- Up-to-date: /home/rob/project/csci5551-s26-team-pointbot/install/zed_msgs/include/zed_msgs/zed_msgs/srv/detail/set_svo_frame__rosidl_typesupport_fastrtps_c.h
[1.577s] -- Up-to-date: /home/rob/project/csci5551-s26-team-pointbot/install/zed_msgs/lib/libzed_msgs__rosidl_typesupport_fastrtps_c.so
[1.577s] -- Up-to-date: /home/rob/project/csci5551-s26-team-pointbot/install/zed_msgs/include/zed_msgs/zed_msgs
[1.577s] -- Up-to-date: /home/rob/project/csci5551-s26-team-pointbot/install/zed_msgs/include/zed_msgs/zed_msgs/msg
[1.577s] -- Up-to-date: /home/rob/project/csci5551-s26-team-pointbot/install/zed_msgs/include/zed_msgs/zed_msgs/msg/bounding_box2_df.hpp
[1.577s] -- Up-to-date: /home/rob/project/csci5551-s26-team-pointbot/install/zed_msgs/include/zed_msgs/zed_msgs/msg/health_status_stamped.hpp
[1.577s] -- Up-to-date: /home/rob/project/csci5551-s26-team-pointbot/install/zed_msgs/include/zed_msgs/zed_msgs/msg/bounding_box3_d.hpp
[1.578s] -- Up-to-date: /home/rob/project/csci5551-s26-team-pointbot/install/zed_msgs/include/zed_msgs/zed_msgs/msg/gnss_fusion_status.hpp
[1.578s] -- Up-to-date: /home/rob/project/csci5551-s26-team-pointbot/install/zed_msgs/include/zed_msgs/zed_msgs/msg/skeleton3_d.hpp
[1.578s] -- Up-to-date: /home/rob/project/csci5551-s26-team-pointbot/install/zed_msgs/include/zed_msgs/zed_msgs/msg/keypoint2_df.hpp
[1.578s] -- Up-to-date: /home/rob/project/csci5551-s26-team-pointbot/install/zed_msgs/include/zed_msgs/zed_msgs/msg/heartbeat.hpp
[1.578s] -- Up-to-date: /home/rob/project/csci5551-s26-team-pointbot/install/zed_msgs/include/zed_msgs/zed_msgs/msg/plane_stamped.hpp
[1.578s] -- Up-to-date: /home/rob/project/csci5551-s26-team-pointbot/install/zed_msgs/include/zed_msgs/zed_msgs/msg/objects_stamped.hpp
[1.579s] -- Up-to-date: /home/rob/project/csci5551-s26-team-pointbot/install/zed_msgs/include/zed_msgs/zed_msgs/msg/depth_info_stamped.hpp
[1.579s] -- Up-to-date: /home/rob/project/csci5551-s26-team-pointbot/install/zed_msgs/include/zed_msgs/zed_msgs/msg/pos_track_status.hpp
[1.579s] -- Up-to-date: /home/rob/project/csci5551-s26-team-pointbot/install/zed_msgs/include/zed_msgs/zed_msgs/msg/bounding_box2_di.hpp
[1.579s] -- Up-to-date: /home/rob/project/csci5551-s26-team-pointbot/install/zed_msgs/include/zed_msgs/zed_msgs/msg/svo_status.hpp
[1.579s] -- Up-to-date: /home/rob/project/csci5551-s26-team-pointbot/install/zed_msgs/include/zed_msgs/zed_msgs/msg/rosidl_generator_cpp__visibility_control.hpp
[1.579s] -- Up-to-date: /home/rob/project/csci5551-s26-team-pointbot/install/zed_msgs/include/zed_msgs/zed_msgs/msg/keypoint3_d.hpp
[1.579s] -- Up-to-date: /home/rob/project/csci5551-s26-team-pointbot/install/zed_msgs/include/zed_msgs/zed_msgs/msg/object.hpp
[1.579s] -- Up-to-date: /home/rob/project/csci5551-s26-team-pointbot/install/zed_msgs/include/zed_msgs/zed_msgs/msg/detail
[1.579s] -- Up-to-date: /home/rob/project/csci5551-s26-team-pointbot/install/zed_msgs/include/zed_msgs/zed_msgs/msg/detail/gnss_fusion_status__traits.hpp
[1.579s] -- Up-to-date: /home/rob/project/csci5551-s26-team-pointbot/install/zed_msgs/include/zed_msgs/zed_msgs/msg/detail/svo_status__builder.hpp
[1.580s] -- Up-to-date: /home/rob/project/csci5551-s26-team-pointbot/install/zed_msgs/include/zed_msgs/zed_msgs/msg/detail/keypoint2_df__builder.hpp
[1.580s] -- Up-to-date: /home/rob/project/csci5551-s26-team-pointbot/install/zed_msgs/include/zed_msgs/zed_msgs/msg/detail/svo_status__struct.hpp
[1.580s] -- Up-to-date: /home/rob/project/csci5551-s26-team-pointbot/install/zed_msgs/include/zed_msgs/zed_msgs/msg/detail/pos_track_status__type_support.hpp
[1.580s] -- Up-to-date: /home/rob/project/csci5551-s26-team-pointbot/install/zed_msgs/include/zed_msgs/zed_msgs/msg/detail/skeleton2_d__builder.hpp
[1.580s] -- Up-to-date: /home/rob/project/csci5551-s26-team-pointbot/install/zed_msgs/include/zed_msgs/zed_msgs/msg/detail/bounding_box2_di__type_support.hpp
[1.580s] -- Up-to-date: /home/rob/project/csci5551-s26-team-pointbot/install/zed_msgs/include/zed_msgs/zed_msgs/msg/detail/keypoint3_d__type_support.hpp
[1.580s] -- Up-to-date: /home/rob/project/csci5551-s26-team-pointbot/install/zed_msgs/include/zed_msgs/zed_msgs/msg/detail/object__type_support.hpp
[1.580s] -- Up-to-date: /home/rob/project/csci5551-s26-team-pointbot/install/zed_msgs/include/zed_msgs/zed_msgs/msg/detail/gnss_fusion_status__struct.hpp
[1.580s] -- Up-to-date: /home/rob/project/csci5551-s26-team-pointbot/install/zed_msgs/include/zed_msgs/zed_msgs/msg/detail/bounding_box2_df__struct.hpp
[1.580s] -- Up-to-date: /home/rob/project/csci5551-s26-team-pointbot/install/zed_msgs/include/zed_msgs/zed_msgs/msg/detail/keypoint3_d__traits.hpp
[1.580s] -- Up-to-date: /home/rob/project/csci5551-s26-team-pointbot/install/zed_msgs/include/zed_msgs/zed_msgs/msg/detail/skeleton3_d__struct.hpp
[1.581s] -- Up-to-date: /home/rob/project/csci5551-s26-team-pointbot/install/zed_msgs/include/zed_msgs/zed_msgs/msg/detail/plane_stamped__struct.hpp
[1.581s] -- Up-to-date: /home/rob/project/csci5551-s26-team-pointbot/install/zed_msgs/include/zed_msgs/zed_msgs/msg/detail/mag_heading_status__struct.hpp
[1.581s] -- Up-to-date: /home/rob/project/csci5551-s26-team-pointbot/install/zed_msgs/include/zed_msgs/zed_msgs/msg/detail/plane_stamped__traits.hpp
[1.581s] -- Up-to-date: /home/rob/project/csci5551-s26-team-pointbot/install/zed_msgs/include/zed_msgs/zed_msgs/msg/detail/pos_track_status__struct.hpp
[1.581s] -- Up-to-date: /home/rob/project/csci5551-s26-team-pointbot/install/zed_msgs/include/zed_msgs/zed_msgs/msg/detail/keypoint3_d__builder.hpp
[1.581s] -- Up-to-date: /home/rob/project/csci5551-s26-team-pointbot/install/zed_msgs/include/zed_msgs/zed_msgs/msg/detail/bounding_box3_d__builder.hpp
[1.581s] -- Up-to-date: /home/rob/project/csci5551-s26-team-pointbot/install/zed_msgs/include/zed_msgs/zed_msgs/msg/detail/plane_stamped__type_support.hpp
[1.581s] -- Up-to-date: /home/rob/project/csci5551-s26-team-pointbot/install/zed_msgs/include/zed_msgs/zed_msgs/msg/detail/depth_info_stamped__type_support.hpp
[1.581s] -- Up-to-date: /home/rob/project/csci5551-s26-team-pointbot/install/zed_msgs/include/zed_msgs/zed_msgs/msg/detail/depth_info_stamped__traits.hpp
[1.581s] -- Up-to-date: /home/rob/project/csci5551-s26-team-pointbot/install/zed_msgs/include/zed_msgs/zed_msgs/msg/detail/mag_heading_status__builder.hpp
[1.582s] -- Up-to-date: /home/rob/project/csci5551-s26-team-pointbot/install/zed_msgs/include/zed_msgs/zed_msgs/msg/detail/bounding_box3_d__traits.hpp
[1.582s] -- Up-to-date: /home/rob/project/csci5551-s26-team-pointbot/install/zed_msgs/include/zed_msgs/zed_msgs/msg/detail/keypoint2_di__builder.hpp
[1.582s] -- Up-to-date: /home/rob/project/csci5551-s26-team-pointbot/install/zed_msgs/include/zed_msgs/zed_msgs/msg/detail/object__builder.hpp
[1.582s] -- Up-to-date: /home/rob/project/csci5551-s26-team-pointbot/install/zed_msgs/include/zed_msgs/zed_msgs/msg/detail/bounding_box2_df__traits.hpp
[1.582s] -- Up-to-date: /home/rob/project/csci5551-s26-team-pointbot/install/zed_msgs/include/zed_msgs/zed_msgs/msg/detail/mag_heading_status__type_support.hpp
[1.582s] -- Up-to-date: /home/rob/project/csci5551-s26-team-pointbot/install/zed_msgs/include/zed_msgs/zed_msgs/msg/detail/bounding_box3_d__struct.hpp
[1.583s] -- Up-to-date: /home/rob/project/csci5551-s26-team-pointbot/install/zed_msgs/include/zed_msgs/zed_msgs/msg/detail/objects_stamped__traits.hpp
[1.583s] -- Up-to-date: /home/rob/project/csci5551-s26-team-pointbot/install/zed_msgs/include/zed_msgs/zed_msgs/msg/detail/bounding_box2_df__builder.hpp
[1.583s] -- Up-to-date: /home/rob/project/csci5551-s26-team-pointbot/install/zed_msgs/include/zed_msgs/zed_msgs/msg/detail/keypoint2_df__type_support.hpp
[1.583s] -- Up-to-date: /home/rob/project/csci5551-s26-team-pointbot/install/zed_msgs/include/zed_msgs/zed_msgs/msg/detail/heartbeat__traits.hpp
[1.583s] -- Up-to-date: /home/rob/project/csci5551-s26-team-pointbot/install/zed_msgs/include/zed_msgs/zed_msgs/msg/detail/bounding_box2_df__type_support.hpp
[1.583s] -- Up-to-date: /home/rob/project/csci5551-s26-team-pointbot/install/zed_msgs/include/zed_msgs/zed_msgs/msg/detail/skeleton2_d__traits.hpp
[1.584s] -- Up-to-date: /home/rob/project/csci5551-s26-team-pointbot/install/zed_msgs/include/zed_msgs/zed_msgs/msg/detail/object__struct.hpp
[1.584s] -- Up-to-date: /home/rob/project/csci5551-s26-team-pointbot/install/zed_msgs/include/zed_msgs/zed_msgs/msg/detail/keypoint3_d__struct.hpp
[1.584s] -- Up-to-date: /home/rob/project/csci5551-s26-team-pointbot/install/zed_msgs/include/zed_msgs/zed_msgs/msg/detail/object__traits.hpp
[1.584s] -- Up-to-date: /home/rob/project/csci5551-s26-team-pointbot/install/zed_msgs/include/zed_msgs/zed_msgs/msg/detail/skeleton3_d__type_support.hpp
[1.584s] -- Up-to-date: /home/rob/project/csci5551-s26-team-pointbot/install/zed_msgs/include/zed_msgs/zed_msgs/msg/detail/bounding_box2_di__builder.hpp
[1.584s] -- Up-to-date: /home/rob/project/csci5551-s26-team-pointbot/install/zed_msgs/include/zed_msgs/zed_msgs/msg/detail/heartbeat__builder.hpp
[1.584s] -- Up-to-date: /home/rob/project/csci5551-s26-team-pointbot/install/zed_msgs/include/zed_msgs/zed_msgs/msg/detail/bounding_box2_di__traits.hpp
[1.584s] -- Up-to-date: /home/rob/project/csci5551-s26-team-pointbot/install/zed_msgs/include/zed_msgs/zed_msgs/msg/detail/skeleton2_d__struct.hpp
[1.585s] -- Up-to-date: /home/rob/project/csci5551-s26-team-pointbot/install/zed_msgs/include/zed_msgs/zed_msgs/msg/detail/pos_track_status__builder.hpp
[1.585s] -- Up-to-date: /home/rob/project/csci5551-s26-team-pointbot/install/zed_msgs/include/zed_msgs/zed_msgs/msg/detail/svo_status__traits.hpp
[1.585s] -- Up-to-date: /home/rob/project/csci5551-s26-team-pointbot/install/zed_msgs/include/zed_msgs/zed_msgs/msg/detail/gnss_fusion_status__builder.hpp
[1.585s] -- Up-to-date: /home/rob/project/csci5551-s26-team-pointbot/install/zed_msgs/include/zed_msgs/zed_msgs/msg/detail/bounding_box2_di__struct.hpp
[1.585s] -- Up-to-date: /home/rob/project/csci5551-s26-team-pointbot/install/zed_msgs/include/zed_msgs/zed_msgs/msg/detail/health_status_stamped__struct.hpp
[1.585s] -- Up-to-date: /home/rob/project/csci5551-s26-team-pointbot/install/zed_msgs/include/zed_msgs/zed_msgs/msg/detail/keypoint2_df__traits.hpp
[1.585s] -- Up-to-date: /home/rob/project/csci5551-s26-team-pointbot/install/zed_msgs/include/zed_msgs/zed_msgs/msg/detail/depth_info_stamped__builder.hpp
[1.585s] -- Up-to-date: /home/rob/project/csci5551-s26-team-pointbot/install/zed_msgs/include/zed_msgs/zed_msgs/msg/detail/skeleton3_d__builder.hpp
[1.585s] -- Up-to-date: /home/rob/project/csci5551-s26-team-pointbot/install/zed_msgs/include/zed_msgs/zed_msgs/msg/detail/svo_status__type_support.hpp
[1.585s] -- Up-to-date: /home/rob/project/csci5551-s26-team-pointbot/install/zed_msgs/include/zed_msgs/zed_msgs/msg/detail/keypoint2_di__type_support.hpp
[1.585s] -- Up-to-date: /home/rob/project/csci5551-s26-team-pointbot/install/zed_msgs/include/zed_msgs/zed_msgs/msg/detail/pos_track_status__traits.hpp
[1.586s] -- Up-to-date: /home/rob/project/csci5551-s26-team-pointbot/install/zed_msgs/include/zed_msgs/zed_msgs/msg/detail/health_status_stamped__type_support.hpp
[1.586s] -- Up-to-date: /home/rob/project/csci5551-s26-team-pointbot/install/zed_msgs/include/zed_msgs/zed_msgs/msg/detail/health_status_stamped__builder.hpp
[1.586s] -- Up-to-date: /home/rob/project/csci5551-s26-team-pointbot/install/zed_msgs/include/zed_msgs/zed_msgs/msg/detail/keypoint2_di__struct.hpp
[1.586s] -- Up-to-date: /home/rob/project/csci5551-s26-team-pointbot/install/zed_msgs/include/zed_msgs/zed_msgs/msg/detail/bounding_box3_d__type_support.hpp
[1.586s] -- Up-to-date: /home/rob/project/csci5551-s26-team-pointbot/install/zed_msgs/include/zed_msgs/zed_msgs/msg/detail/heartbeat__struct.hpp
[1.586s] -- Up-to-date: /home/rob/project/csci5551-s26-team-pointbot/install/zed_msgs/include/zed_msgs/zed_msgs/msg/detail/heartbeat__type_support.hpp
[1.586s] -- Up-to-date: /home/rob/project/csci5551-s26-team-pointbot/install/zed_msgs/include/zed_msgs/zed_msgs/msg/detail/objects_stamped__type_support.hpp
[1.586s] -- Up-to-date: /home/rob/project/csci5551-s26-team-pointbot/install/zed_msgs/include/zed_msgs/zed_msgs/msg/detail/plane_stamped__builder.hpp
[1.586s] -- Up-to-date: /home/rob/project/csci5551-s26-team-pointbot/install/zed_msgs/include/zed_msgs/zed_msgs/msg/detail/keypoint2_df__struct.hpp
[1.586s] -- Up-to-date: /home/rob/project/csci5551-s26-team-pointbot/install/zed_msgs/include/zed_msgs/zed_msgs/msg/detail/gnss_fusion_status__type_support.hpp
[1.586s] -- Up-to-date: /home/rob/project/csci5551-s26-team-pointbot/install/zed_msgs/include/zed_msgs/zed_msgs/msg/detail/skeleton3_d__traits.hpp
[1.587s] -- Up-to-date: /home/rob/project/csci5551-s26-team-pointbot/install/zed_msgs/include/zed_msgs/zed_msgs/msg/detail/skeleton2_d__type_support.hpp
[1.587s] -- Up-to-date: /home/rob/project/csci5551-s26-team-pointbot/install/zed_msgs/include/zed_msgs/zed_msgs/msg/detail/health_status_stamped__traits.hpp
[1.587s] -- Up-to-date: /home/rob/project/csci5551-s26-team-pointbot/install/zed_msgs/include/zed_msgs/zed_msgs/msg/detail/keypoint2_di__traits.hpp
[1.587s] -- Up-to-date: /home/rob/project/csci5551-s26-team-pointbot/install/zed_msgs/include/zed_msgs/zed_msgs/msg/detail/mag_heading_status__traits.hpp
[1.587s] -- Up-to-date: /home/rob/project/csci5551-s26-team-pointbot/install/zed_msgs/include/zed_msgs/zed_msgs/msg/detail/objects_stamped__builder.hpp
[1.587s] -- Up-to-date: /home/rob/project/csci5551-s26-team-pointbot/install/zed_msgs/include/zed_msgs/zed_msgs/msg/detail/objects_stamped__struct.hpp
[1.587s] -- Up-to-date: /home/rob/project/csci5551-s26-team-pointbot/install/zed_msgs/include/zed_msgs/zed_msgs/msg/detail/depth_info_stamped__struct.hpp
[1.587s] -- Up-to-date: /home/rob/project/csci5551-s26-team-pointbot/install/zed_msgs/include/zed_msgs/zed_msgs/msg/skeleton2_d.hpp
[1.587s] -- Up-to-date: /home/rob/project/csci5551-s26-team-pointbot/install/zed_msgs/include/zed_msgs/zed_msgs/msg/mag_heading_status.hpp
[1.587s] -- Up-to-date: /home/rob/project/csci5551-s26-team-pointbot/install/zed_msgs/include/zed_msgs/zed_msgs/msg/keypoint2_di.hpp
[1.592s] -- Up-to-date: /home/rob/project/csci5551-s26-team-pointbot/install/zed_msgs/include/zed_msgs/zed_msgs/srv
[1.592s] -- Up-to-date: /home/rob/project/csci5551-s26-team-pointbot/install/zed_msgs/include/zed_msgs/zed_msgs/srv/set_pose.hpp
[1.592s] -- Up-to-date: /home/rob/project/csci5551-s26-team-pointbot/install/zed_msgs/include/zed_msgs/zed_msgs/srv/detail
[1.592s] -- Up-to-date: /home/rob/project/csci5551-s26-team-pointbot/install/zed_msgs/include/zed_msgs/zed_msgs/srv/detail/save_area_memory__type_support.hpp
[1.593s] -- Up-to-date: /home/rob/project/csci5551-s26-team-pointbot/install/zed_msgs/include/zed_msgs/zed_msgs/srv/detail/start_svo_rec__traits.hpp
[1.593s] -- Up-to-date: /home/rob/project/csci5551-s26-team-pointbot/install/zed_msgs/include/zed_msgs/zed_msgs/srv/detail/set_svo_frame__builder.hpp
[1.593s] -- Up-to-date: /home/rob/project/csci5551-s26-team-pointbot/install/zed_msgs/include/zed_msgs/zed_msgs/srv/detail/set_pose__struct.hpp
[1.593s] -- Up-to-date: /home/rob/project/csci5551-s26-team-pointbot/install/zed_msgs/include/zed_msgs/zed_msgs/srv/detail/save_area_memory__traits.hpp
[1.593s] -- Up-to-date: /home/rob/project/csci5551-s26-team-pointbot/install/zed_msgs/include/zed_msgs/zed_msgs/srv/detail/save_area_memory__builder.hpp
[1.593s] -- Up-to-date: /home/rob/project/csci5551-s26-team-pointbot/install/zed_msgs/include/zed_msgs/zed_msgs/srv/detail/set_roi__struct.hpp
[1.593s] -- Up-to-date: /home/rob/project/csci5551-s26-team-pointbot/install/zed_msgs/include/zed_msgs/zed_msgs/srv/detail/save_area_memory__struct.hpp
[1.593s] -- Up-to-date: /home/rob/project/csci5551-s26-team-pointbot/install/zed_msgs/include/zed_msgs/zed_msgs/srv/detail/set_roi__builder.hpp
[1.593s] -- Up-to-date: /home/rob/project/csci5551-s26-team-pointbot/install/zed_msgs/include/zed_msgs/zed_msgs/srv/detail/set_svo_frame__struct.hpp
[1.593s] -- Up-to-date: /home/rob/project/csci5551-s26-team-pointbot/install/zed_msgs/include/zed_msgs/zed_msgs/srv/detail/set_pose__builder.hpp
[1.594s] -- Up-to-date: /home/rob/project/csci5551-s26-team-pointbot/install/zed_msgs/include/zed_msgs/zed_msgs/srv/detail/set_pose__type_support.hpp
[1.594s] -- Up-to-date: /home/rob/project/csci5551-s26-team-pointbot/install/zed_msgs/include/zed_msgs/zed_msgs/srv/detail/start_svo_rec__struct.hpp
[1.594s] -- Up-to-date: /home/rob/project/csci5551-s26-team-pointbot/install/zed_msgs/include/zed_msgs/zed_msgs/srv/detail/set_pose__traits.hpp
[1.594s] -- Up-to-date: /home/rob/project/csci5551-s26-team-pointbot/install/zed_msgs/include/zed_msgs/zed_msgs/srv/detail/start_svo_rec__type_support.hpp
[1.594s] -- Up-to-date: /home/rob/project/csci5551-s26-team-pointbot/install/zed_msgs/include/zed_msgs/zed_msgs/srv/detail/set_roi__traits.hpp
[1.594s] -- Up-to-date: /home/rob/project/csci5551-s26-team-pointbot/install/zed_msgs/include/zed_msgs/zed_msgs/srv/detail/set_roi__type_support.hpp
[1.594s] -- Up-to-date: /home/rob/project/csci5551-s26-team-pointbot/install/zed_msgs/include/zed_msgs/zed_msgs/srv/detail/set_svo_frame__traits.hpp
[1.595s] -- Up-to-date: /home/rob/project/csci5551-s26-team-pointbot/install/zed_msgs/include/zed_msgs/zed_msgs/srv/detail/set_svo_frame__type_support.hpp
[1.595s] -- Up-to-date: /home/rob/project/csci5551-s26-team-pointbot/install/zed_msgs/include/zed_msgs/zed_msgs/srv/detail/start_svo_rec__builder.hpp
[1.595s] -- Up-to-date: /home/rob/project/csci5551-s26-team-pointbot/install/zed_msgs/include/zed_msgs/zed_msgs/srv/set_roi.hpp
[1.595s] -- Up-to-date: /home/rob/project/csci5551-s26-team-pointbot/install/zed_msgs/include/zed_msgs/zed_msgs/srv/set_svo_frame.hpp
[1.595s] -- Up-to-date: /home/rob/project/csci5551-s26-team-pointbot/install/zed_msgs/include/zed_msgs/zed_msgs/srv/save_area_memory.hpp
[1.595s] -- Up-to-date: /home/rob/project/csci5551-s26-team-pointbot/install/zed_msgs/include/zed_msgs/zed_msgs/srv/start_svo_rec.hpp
[1.595s] -- Up-to-date: /home/rob/project/csci5551-s26-team-pointbot/install/zed_msgs/include/zed_msgs/zed_msgs
[1.595s] -- Up-to-date: /home/rob/project/csci5551-s26-team-pointbot/install/zed_msgs/include/zed_msgs/zed_msgs/msg
[1.595s] -- Up-to-date: /home/rob/project/csci5551-s26-team-pointbot/install/zed_msgs/include/zed_msgs/zed_msgs/msg/rosidl_typesupport_fastrtps_cpp__visibility_control.h
[1.595s] -- Up-to-date: /home/rob/project/csci5551-s26-team-pointbot/install/zed_msgs/include/zed_msgs/zed_msgs/msg/detail
[1.595s] -- Up-to-date: /home/rob/project/csci5551-s26-team-pointbot/install/zed_msgs/include/zed_msgs/zed_msgs/msg/detail/gnss_fusion_status__rosidl_typesupport_fastrtps_cpp.hpp
[1.596s] -- Up-to-date: /home/rob/project/csci5551-s26-team-pointbot/install/zed_msgs/include/zed_msgs/zed_msgs/msg/detail/keypoint3_d__rosidl_typesupport_fastrtps_cpp.hpp
[1.596s] -- Up-to-date: /home/rob/project/csci5551-s26-team-pointbot/install/zed_msgs/include/zed_msgs/zed_msgs/msg/detail/dds_fastrtps
[1.596s] -- Up-to-date: /home/rob/project/csci5551-s26-team-pointbot/install/zed_msgs/include/zed_msgs/zed_msgs/msg/detail/heartbeat__rosidl_typesupport_fastrtps_cpp.hpp
[1.598s] -- Up-to-date: /home/rob/project/csci5551-s26-team-pointbot/install/zed_msgs/include/zed_msgs/zed_msgs/msg/detail/skeleton3_d__rosidl_typesupport_fastrtps_cpp.hpp
[1.599s] -- Up-to-date: /home/rob/project/csci5551-s26-team-pointbot/install/zed_msgs/include/zed_msgs/zed_msgs/msg/detail/pos_track_status__rosidl_typesupport_fastrtps_cpp.hpp
[1.605s] -- Up-to-date: /home/rob/project/csci5551-s26-team-pointbot/install/zed_msgs/include/zed_msgs/zed_msgs/msg/detail/bounding_box2_df__rosidl_typesupport_fastrtps_cpp.hpp
[1.605s] -- Up-to-date: /home/rob/project/csci5551-s26-team-pointbot/install/zed_msgs/include/zed_msgs/zed_msgs/msg/detail/plane_stamped__rosidl_typesupport_fastrtps_cpp.hpp
[1.605s] -- Up-to-date: /home/rob/project/csci5551-s26-team-pointbot/install/zed_msgs/include/zed_msgs/zed_msgs/msg/detail/mag_heading_status__rosidl_typesupport_fastrtps_cpp.hpp
[1.605s] -- Up-to-date: /home/rob/project/csci5551-s26-team-pointbot/install/zed_msgs/include/zed_msgs/zed_msgs/msg/detail/bounding_box2_di__rosidl_typesupport_fastrtps_cpp.hpp
[1.605s] -- Up-to-date: /home/rob/project/csci5551-s26-team-pointbot/install/zed_msgs/include/zed_msgs/zed_msgs/msg/detail/bounding_box3_d__rosidl_typesupport_fastrtps_cpp.hpp
[1.605s] -- Up-to-date: /home/rob/project/csci5551-s26-team-pointbot/install/zed_msgs/include/zed_msgs/zed_msgs/msg/detail/keypoint2_df__rosidl_typesupport_fastrtps_cpp.hpp
[1.605s] -- Up-to-date: /home/rob/project/csci5551-s26-team-pointbot/install/zed_msgs/include/zed_msgs/zed_msgs/msg/detail/depth_info_stamped__rosidl_typesupport_fastrtps_cpp.hpp
[1.606s] -- Up-to-date: /home/rob/project/csci5551-s26-team-pointbot/install/zed_msgs/include/zed_msgs/zed_msgs/msg/detail/objects_stamped__rosidl_typesupport_fastrtps_cpp.hpp
[1.607s] -- Up-to-date: /home/rob/project/csci5551-s26-team-pointbot/install/zed_msgs/include/zed_msgs/zed_msgs/msg/detail/skeleton2_d__rosidl_typesupport_fastrtps_cpp.hpp
[1.607s] -- Up-to-date: /home/rob/project/csci5551-s26-team-pointbot/install/zed_msgs/include/zed_msgs/zed_msgs/msg/detail/svo_status__rosidl_typesupport_fastrtps_cpp.hpp
[1.607s] -- Up-to-date: /home/rob/project/csci5551-s26-team-pointbot/install/zed_msgs/include/zed_msgs/zed_msgs/msg/detail/object__rosidl_typesupport_fastrtps_cpp.hpp
[1.607s] -- Up-to-date: /home/rob/project/csci5551-s26-team-pointbot/install/zed_msgs/include/zed_msgs/zed_msgs/msg/detail/health_status_stamped__rosidl_typesupport_fastrtps_cpp.hpp
[1.607s] -- Up-to-date: /home/rob/project/csci5551-s26-team-pointbot/install/zed_msgs/include/zed_msgs/zed_msgs/msg/detail/keypoint2_di__rosidl_typesupport_fastrtps_cpp.hpp
[1.607s] -- Up-to-date: /home/rob/project/csci5551-s26-team-pointbot/install/zed_msgs/include/zed_msgs/zed_msgs/srv
[1.607s] -- Up-to-date: /home/rob/project/csci5551-s26-team-pointbot/install/zed_msgs/include/zed_msgs/zed_msgs/srv/detail
[1.608s] -- Up-to-date: /home/rob/project/csci5551-s26-team-pointbot/install/zed_msgs/include/zed_msgs/zed_msgs/srv/detail/save_area_memory__rosidl_typesupport_fastrtps_cpp.hpp
[1.608s] -- Up-to-date: /home/rob/project/csci5551-s26-team-pointbot/install/zed_msgs/include/zed_msgs/zed_msgs/srv/detail/dds_fastrtps
[1.608s] -- Up-to-date: /home/rob/project/csci5551-s26-team-pointbot/install/zed_msgs/include/zed_msgs/zed_msgs/srv/detail/set_pose__rosidl_typesupport_fastrtps_cpp.hpp
[1.608s] -- Up-to-date: /home/rob/project/csci5551-s26-team-pointbot/install/zed_msgs/include/zed_msgs/zed_msgs/srv/detail/start_svo_rec__rosidl_typesupport_fastrtps_cpp.hpp
[1.608s] -- Up-to-date: /home/rob/project/csci5551-s26-team-pointbot/install/zed_msgs/include/zed_msgs/zed_msgs/srv/detail/set_roi__rosidl_typesupport_fastrtps_cpp.hpp
[1.608s] -- Up-to-date: /home/rob/project/csci5551-s26-team-pointbot/install/zed_msgs/include/zed_msgs/zed_msgs/srv/detail/set_svo_frame__rosidl_typesupport_fastrtps_cpp.hpp
[1.608s] -- Up-to-date: /home/rob/project/csci5551-s26-team-pointbot/install/zed_msgs/lib/libzed_msgs__rosidl_typesupport_fastrtps_cpp.so
[1.608s] -- Up-to-date: /home/rob/project/csci5551-s26-team-pointbot/install/zed_msgs/include/zed_msgs/zed_msgs
[1.608s] -- Up-to-date: /home/rob/project/csci5551-s26-team-pointbot/install/zed_msgs/include/zed_msgs/zed_msgs/msg
[1.608s] -- Up-to-date: /home/rob/project/csci5551-s26-team-pointbot/install/zed_msgs/include/zed_msgs/zed_msgs/msg/rosidl_typesupport_introspection_c__visibility_control.h
[1.609s] -- Up-to-date: /home/rob/project/csci5551-s26-team-pointbot/install/zed_msgs/include/zed_msgs/zed_msgs/msg/detail
[1.609s] -- Up-to-date: /home/rob/project/csci5551-s26-team-pointbot/install/zed_msgs/include/zed_msgs/zed_msgs/msg/detail/gnss_fusion_status__rosidl_typesupport_introspection_c.h
[1.609s] -- Up-to-date: /home/rob/project/csci5551-s26-team-pointbot/install/zed_msgs/include/zed_msgs/zed_msgs/msg/detail/keypoint2_df__rosidl_typesupport_introspection_c.h
[1.609s] -- Up-to-date: /home/rob/project/csci5551-s26-team-pointbot/install/zed_msgs/include/zed_msgs/zed_msgs/msg/detail/skeleton3_d__rosidl_typesupport_introspection_c.h
[1.609s] -- Up-to-date: /home/rob/project/csci5551-s26-team-pointbot/install/zed_msgs/include/zed_msgs/zed_msgs/msg/detail/objects_stamped__rosidl_typesupport_introspection_c.h
[1.609s] -- Up-to-date: /home/rob/project/csci5551-s26-team-pointbot/install/zed_msgs/include/zed_msgs/zed_msgs/msg/detail/depth_info_stamped__rosidl_typesupport_introspection_c.h
[1.609s] -- Installing: /home/rob/project/csci5551-s26-team-pointbot/install/zed_msgs/include/zed_msgs/zed_msgs/msg/detail/mag_heading_status__type_support.c
[1.609s] -- Up-to-date: /home/rob/project/csci5551-s26-team-pointbot/install/zed_msgs/include/zed_msgs/zed_msgs/msg/detail/object__rosidl_typesupport_introspection_c.h
[1.609s] -- Up-to-date: /home/rob/project/csci5551-s26-team-pointbot/install/zed_msgs/include/zed_msgs/zed_msgs/msg/detail/skeleton2_d__rosidl_typesupport_introspection_c.h
[1.609s] -- Installing: /home/rob/project/csci5551-s26-team-pointbot/install/zed_msgs/include/zed_msgs/zed_msgs/msg/detail/plane_stamped__type_support.c
[1.609s] -- Installing: /home/rob/project/csci5551-s26-team-pointbot/install/zed_msgs/include/zed_msgs/zed_msgs/msg/detail/gnss_fusion_status__type_support.c
[1.611s] -- Up-to-date: /home/rob/project/csci5551-s26-team-pointbot/install/zed_msgs/include/zed_msgs/zed_msgs/msg/detail/health_status_stamped__rosidl_typesupport_introspection_c.h
[1.611s] -- Installing: /home/rob/project/csci5551-s26-team-pointbot/install/zed_msgs/include/zed_msgs/zed_msgs/msg/detail/keypoint2_df__type_support.c
[1.611s] -- Installing: /home/rob/project/csci5551-s26-team-pointbot/install/zed_msgs/include/zed_msgs/zed_msgs/msg/detail/heartbeat__type_support.c
[1.612s] -- Up-to-date: /home/rob/project/csci5551-s26-team-pointbot/install/zed_msgs/include/zed_msgs/zed_msgs/msg/detail/pos_track_status__rosidl_typesupport_introspection_c.h
[1.614s] -- Installing: /home/rob/project/csci5551-s26-team-pointbot/install/zed_msgs/include/zed_msgs/zed_msgs/msg/detail/bounding_box3_d__type_support.c
[1.618s] -- Up-to-date: /home/rob/project/csci5551-s26-team-pointbot/install/zed_msgs/include/zed_msgs/zed_msgs/msg/detail/keypoint3_d__rosidl_typesupport_introspection_c.h
[1.618s] -- Installing: /home/rob/project/csci5551-s26-team-pointbot/install/zed_msgs/include/zed_msgs/zed_msgs/msg/detail/keypoint3_d__type_support.c
[1.618s] -- Installing: /home/rob/project/csci5551-s26-team-pointbot/install/zed_msgs/include/zed_msgs/zed_msgs/msg/detail/bounding_box2_df__type_support.c
[1.618s] -- Up-to-date: /home/rob/project/csci5551-s26-team-pointbot/install/zed_msgs/include/zed_msgs/zed_msgs/msg/detail/plane_stamped__rosidl_typesupport_introspection_c.h
[1.618s] -- Up-to-date: /home/rob/project/csci5551-s26-team-pointbot/install/zed_msgs/include/zed_msgs/zed_msgs/msg/detail/bounding_box2_di__rosidl_typesupport_introspection_c.h
[1.618s] -- Installing: /home/rob/project/csci5551-s26-team-pointbot/install/zed_msgs/include/zed_msgs/zed_msgs/msg/detail/skeleton2_d__type_support.c
[1.618s] -- Installing: /home/rob/project/csci5551-s26-team-pointbot/install/zed_msgs/include/zed_msgs/zed_msgs/msg/detail/bounding_box2_di__type_support.c
[1.618s] -- Up-to-date: /home/rob/project/csci5551-s26-team-pointbot/install/zed_msgs/include/zed_msgs/zed_msgs/msg/detail/bounding_box2_df__rosidl_typesupport_introspection_c.h
[1.619s] -- Up-to-date: /home/rob/project/csci5551-s26-team-pointbot/install/zed_msgs/include/zed_msgs/zed_msgs/msg/detail/mag_heading_status__rosidl_typesupport_introspection_c.h
[1.619s] -- Up-to-date: /home/rob/project/csci5551-s26-team-pointbot/install/zed_msgs/include/zed_msgs/zed_msgs/msg/detail/bounding_box3_d__rosidl_typesupport_introspection_c.h
[1.619s] -- Installing: /home/rob/project/csci5551-s26-team-pointbot/install/zed_msgs/include/zed_msgs/zed_msgs/msg/detail/objects_stamped__type_support.c
[1.619s] -- Up-to-date: /home/rob/project/csci5551-s26-team-pointbot/install/zed_msgs/include/zed_msgs/zed_msgs/msg/detail/keypoint2_di__rosidl_typesupport_introspection_c.h
[1.619s] -- Up-to-date: /home/rob/project/csci5551-s26-team-pointbot/install/zed_msgs/include/zed_msgs/zed_msgs/msg/detail/svo_status__rosidl_typesupport_introspection_c.h
[1.619s] -- Installing: /home/rob/project/csci5551-s26-team-pointbot/install/zed_msgs/include/zed_msgs/zed_msgs/msg/detail/health_status_stamped__type_support.c
[1.619s] -- Installing: /home/rob/project/csci5551-s26-team-pointbot/install/zed_msgs/include/zed_msgs/zed_msgs/msg/detail/keypoint2_di__type_support.c
[1.619s] -- Installing: /home/rob/project/csci5551-s26-team-pointbot/install/zed_msgs/include/zed_msgs/zed_msgs/msg/detail/skeleton3_d__type_support.c
[1.619s] -- Installing: /home/rob/project/csci5551-s26-team-pointbot/install/zed_msgs/include/zed_msgs/zed_msgs/msg/detail/object__type_support.c
[1.619s] -- Installing: /home/rob/project/csci5551-s26-team-pointbot/install/zed_msgs/include/zed_msgs/zed_msgs/msg/detail/depth_info_stamped__type_support.c
[1.619s] -- Installing: /home/rob/project/csci5551-s26-team-pointbot/install/zed_msgs/include/zed_msgs/zed_msgs/msg/detail/pos_track_status__type_support.c
[1.620s] -- Up-to-date: /home/rob/project/csci5551-s26-team-pointbot/install/zed_msgs/include/zed_msgs/zed_msgs/msg/detail/heartbeat__rosidl_typesupport_introspection_c.h
[1.622s] -- Installing: /home/rob/project/csci5551-s26-team-pointbot/install/zed_msgs/include/zed_msgs/zed_msgs/msg/detail/svo_status__type_support.c
[1.622s] -- Up-to-date: /home/rob/project/csci5551-s26-team-pointbot/install/zed_msgs/include/zed_msgs/zed_msgs/srv
[1.623s] -- Up-to-date: /home/rob/project/csci5551-s26-team-pointbot/install/zed_msgs/include/zed_msgs/zed_msgs/srv/detail
[1.623s] -- Installing: /home/rob/project/csci5551-s26-team-pointbot/install/zed_msgs/include/zed_msgs/zed_msgs/srv/detail/start_svo_rec__type_support.c
[1.623s] -- Up-to-date: /home/rob/project/csci5551-s26-team-pointbot/install/zed_msgs/include/zed_msgs/zed_msgs/srv/detail/start_svo_rec__rosidl_typesupport_introspection_c.h
[1.624s] -- Up-to-date: /home/rob/project/csci5551-s26-team-pointbot/install/zed_msgs/include/zed_msgs/zed_msgs/srv/detail/set_roi__rosidl_typesupport_introspection_c.h
[1.624s] -- Installing: /home/rob/project/csci5551-s26-team-pointbot/install/zed_msgs/include/zed_msgs/zed_msgs/srv/detail/save_area_memory__type_support.c
[1.625s] -- Up-to-date: /home/rob/project/csci5551-s26-team-pointbot/install/zed_msgs/include/zed_msgs/zed_msgs/srv/detail/set_svo_frame__rosidl_typesupport_introspection_c.h
[1.626s] -- Installing: /home/rob/project/csci5551-s26-team-pointbot/install/zed_msgs/include/zed_msgs/zed_msgs/srv/detail/set_svo_frame__type_support.c
[1.627s] -- Installing: /home/rob/project/csci5551-s26-team-pointbot/install/zed_msgs/include/zed_msgs/zed_msgs/srv/detail/set_roi__type_support.c
[1.627s] -- Up-to-date: /home/rob/project/csci5551-s26-team-pointbot/install/zed_msgs/include/zed_msgs/zed_msgs/srv/detail/set_pose__rosidl_typesupport_introspection_c.h
[1.628s] -- Up-to-date: /home/rob/project/csci5551-s26-team-pointbot/install/zed_msgs/include/zed_msgs/zed_msgs/srv/detail/save_area_memory__rosidl_typesupport_introspection_c.h
[1.628s] -- Installing: /home/rob/project/csci5551-s26-team-pointbot/install/zed_msgs/include/zed_msgs/zed_msgs/srv/detail/set_pose__type_support.c
[1.628s] -- Up-to-date: /home/rob/project/csci5551-s26-team-pointbot/install/zed_msgs/lib/libzed_msgs__rosidl_typesupport_introspection_c.so
[1.629s] -- Up-to-date: /home/rob/project/csci5551-s26-team-pointbot/install/zed_msgs/lib/libzed_msgs__rosidl_typesupport_c.so
[1.630s] -- Up-to-date: /home/rob/project/csci5551-s26-team-pointbot/install/zed_msgs/include/zed_msgs/zed_msgs
[1.630s] -- Up-to-date: /home/rob/project/csci5551-s26-team-pointbot/install/zed_msgs/include/zed_msgs/zed_msgs/msg
[1.631s] -- Up-to-date: /home/rob/project/csci5551-s26-team-pointbot/install/zed_msgs/include/zed_msgs/zed_msgs/msg/detail
[1.631s] -- Up-to-date: /home/rob/project/csci5551-s26-team-pointbot/install/zed_msgs/include/zed_msgs/zed_msgs/msg/detail/bounding_box3_d__rosidl_typesupport_introspection_cpp.hpp
[1.632s] -- Up-to-date: /home/rob/project/csci5551-s26-team-pointbot/install/zed_msgs/include/zed_msgs/zed_msgs/msg/detail/keypoint2_df__type_support.cpp
[1.632s] -- Up-to-date: /home/rob/project/csci5551-s26-team-pointbot/install/zed_msgs/include/zed_msgs/zed_msgs/msg/detail/keypoint3_d__rosidl_typesupport_introspection_cpp.hpp
[1.633s] -- Up-to-date: /home/rob/project/csci5551-s26-team-pointbot/install/zed_msgs/include/zed_msgs/zed_msgs/msg/detail/depth_info_stamped__rosidl_typesupport_introspection_cpp.hpp
[1.633s] -- Up-to-date: /home/rob/project/csci5551-s26-team-pointbot/install/zed_msgs/include/zed_msgs/zed_msgs/msg/detail/objects_stamped__type_support.cpp
[1.634s] -- Up-to-date: /home/rob/project/csci5551-s26-team-pointbot/install/zed_msgs/include/zed_msgs/zed_msgs/msg/detail/object__type_support.cpp
[1.634s] -- Up-to-date: /home/rob/project/csci5551-s26-team-pointbot/install/zed_msgs/include/zed_msgs/zed_msgs/msg/detail/health_status_stamped__type_support.cpp
[1.636s] -- Up-to-date: /home/rob/project/csci5551-s26-team-pointbot/install/zed_msgs/include/zed_msgs/zed_msgs/msg/detail/object__rosidl_typesupport_introspection_cpp.hpp
[1.636s] -- Up-to-date: /home/rob/project/csci5551-s26-team-pointbot/install/zed_msgs/include/zed_msgs/zed_msgs/msg/detail/gnss_fusion_status__rosidl_typesupport_introspection_cpp.hpp
[1.636s] -- Up-to-date: /home/rob/project/csci5551-s26-team-pointbot/install/zed_msgs/include/zed_msgs/zed_msgs/msg/detail/bounding_box2_df__rosidl_typesupport_introspection_cpp.hpp
[1.636s] -- Up-to-date: /home/rob/project/csci5551-s26-team-pointbot/install/zed_msgs/include/zed_msgs/zed_msgs/msg/detail/skeleton3_d__rosidl_typesupport_introspection_cpp.hpp
[1.637s] -- Up-to-date: /home/rob/project/csci5551-s26-team-pointbot/install/zed_msgs/include/zed_msgs/zed_msgs/msg/detail/bounding_box2_di__type_support.cpp
[1.637s] -- Up-to-date: /home/rob/project/csci5551-s26-team-pointbot/install/zed_msgs/include/zed_msgs/zed_msgs/msg/detail/health_status_stamped__rosidl_typesupport_introspection_cpp.hpp
[1.637s] -- Up-to-date: /home/rob/project/csci5551-s26-team-pointbot/install/zed_msgs/include/zed_msgs/zed_msgs/msg/detail/pos_track_status__type_support.cpp
[1.638s] -- Up-to-date: /home/rob/project/csci5551-s26-team-pointbot/install/zed_msgs/include/zed_msgs/zed_msgs/msg/detail/plane_stamped__rosidl_typesupport_introspection_cpp.hpp
[1.638s] -- Up-to-date: /home/rob/project/csci5551-s26-team-pointbot/install/zed_msgs/include/zed_msgs/zed_msgs/msg/detail/heartbeat__rosidl_typesupport_introspection_cpp.hpp
[1.638s] -- Up-to-date: /home/rob/project/csci5551-s26-team-pointbot/install/zed_msgs/include/zed_msgs/zed_msgs/msg/detail/keypoint2_di__type_support.cpp
[1.639s] -- Up-to-date: /home/rob/project/csci5551-s26-team-pointbot/install/zed_msgs/include/zed_msgs/zed_msgs/msg/detail/mag_heading_status__rosidl_typesupport_introspection_cpp.hpp
[1.639s] -- Up-to-date: /home/rob/project/csci5551-s26-team-pointbot/install/zed_msgs/include/zed_msgs/zed_msgs/msg/detail/bounding_box2_di__rosidl_typesupport_introspection_cpp.hpp
[1.640s] -- Up-to-date: /home/rob/project/csci5551-s26-team-pointbot/install/zed_msgs/include/zed_msgs/zed_msgs/msg/detail/skeleton2_d__type_support.cpp
[1.640s] -- Up-to-date: /home/rob/project/csci5551-s26-team-pointbot/install/zed_msgs/include/zed_msgs/zed_msgs/msg/detail/depth_info_stamped__type_support.cpp
[1.640s] -- Up-to-date: /home/rob/project/csci5551-s26-team-pointbot/install/zed_msgs/include/zed_msgs/zed_msgs/msg/detail/heartbeat__type_support.cpp
[1.641s] -- Up-to-date: /home/rob/project/csci5551-s26-team-pointbot/install/zed_msgs/include/zed_msgs/zed_msgs/msg/detail/bounding_box3_d__type_support.cpp
[1.641s] -- Up-to-date: /home/rob/project/csci5551-s26-team-pointbot/install/zed_msgs/include/zed_msgs/zed_msgs/msg/detail/bounding_box2_df__type_support.cpp
[1.642s] -- Up-to-date: /home/rob/project/csci5551-s26-team-pointbot/install/zed_msgs/include/zed_msgs/zed_msgs/msg/detail/keypoint2_df__rosidl_typesupport_introspection_cpp.hpp
[1.642s] -- Up-to-date: /home/rob/project/csci5551-s26-team-pointbot/install/zed_msgs/include/zed_msgs/zed_msgs/msg/detail/keypoint2_di__rosidl_typesupport_introspection_cpp.hpp
[1.642s] -- Up-to-date: /home/rob/project/csci5551-s26-team-pointbot/install/zed_msgs/include/zed_msgs/zed_msgs/msg/detail/svo_status__rosidl_typesupport_introspection_cpp.hpp
[1.643s] -- Up-to-date: /home/rob/project/csci5551-s26-team-pointbot/install/zed_msgs/include/zed_msgs/zed_msgs/msg/detail/mag_heading_status__type_support.cpp
[1.644s] -- Up-to-date: /home/rob/project/csci5551-s26-team-pointbot/install/zed_msgs/include/zed_msgs/zed_msgs/msg/detail/keypoint3_d__type_support.cpp
[1.644s] -- Up-to-date: /home/rob/project/csci5551-s26-team-pointbot/install/zed_msgs/include/zed_msgs/zed_msgs/msg/detail/skeleton3_d__type_support.cpp
[1.645s] -- Up-to-date: /home/rob/project/csci5551-s26-team-pointbot/install/zed_msgs/include/zed_msgs/zed_msgs/msg/detail/pos_track_status__rosidl_typesupport_introspection_cpp.hpp
[1.646s] -- Up-to-date: /home/rob/project/csci5551-s26-team-pointbot/install/zed_msgs/include/zed_msgs/zed_msgs/msg/detail/skeleton2_d__rosidl_typesupport_introspection_cpp.hpp
[1.646s] -- Up-to-date: /home/rob/project/csci5551-s26-team-pointbot/install/zed_msgs/include/zed_msgs/zed_msgs/msg/detail/gnss_fusion_status__type_support.cpp
[1.647s] -- Up-to-date: /home/rob/project/csci5551-s26-team-pointbot/install/zed_msgs/include/zed_msgs/zed_msgs/msg/detail/objects_stamped__rosidl_typesupport_introspection_cpp.hpp
[1.647s] -- Up-to-date: /home/rob/project/csci5551-s26-team-pointbot/install/zed_msgs/include/zed_msgs/zed_msgs/msg/detail/plane_stamped__type_support.cpp
[1.647s] -- Up-to-date: /home/rob/project/csci5551-s26-team-pointbot/install/zed_msgs/include/zed_msgs/zed_msgs/msg/detail/svo_status__type_support.cpp
[1.648s] -- Up-to-date: /home/rob/project/csci5551-s26-team-pointbot/install/zed_msgs/include/zed_msgs/zed_msgs/srv
[1.650s] -- Up-to-date: /home/rob/project/csci5551-s26-team-pointbot/install/zed_msgs/include/zed_msgs/zed_msgs/srv/detail
[1.652s] -- Up-to-date: /home/rob/project/csci5551-s26-team-pointbot/install/zed_msgs/include/zed_msgs/zed_msgs/srv/detail/set_pose__rosidl_typesupport_introspection_cpp.hpp
[1.652s] -- Up-to-date: /home/rob/project/csci5551-s26-team-pointbot/install/zed_msgs/include/zed_msgs/zed_msgs/srv/detail/set_svo_frame__type_support.cpp
[1.652s] -- Up-to-date: /home/rob/project/csci5551-s26-team-pointbot/install/zed_msgs/include/zed_msgs/zed_msgs/srv/detail/start_svo_rec__rosidl_typesupport_introspection_cpp.hpp
[1.653s] -- Up-to-date: /home/rob/project/csci5551-s26-team-pointbot/install/zed_msgs/include/zed_msgs/zed_msgs/srv/detail/set_pose__type_support.cpp
[1.653s] -- Up-to-date: /home/rob/project/csci5551-s26-team-pointbot/install/zed_msgs/include/zed_msgs/zed_msgs/srv/detail/set_roi__rosidl_typesupport_introspection_cpp.hpp
[1.654s] -- Up-to-date: /home/rob/project/csci5551-s26-team-pointbot/install/zed_msgs/include/zed_msgs/zed_msgs/srv/detail/save_area_memory__type_support.cpp
[1.655s] -- Up-to-date: /home/rob/project/csci5551-s26-team-pointbot/install/zed_msgs/include/zed_msgs/zed_msgs/srv/detail/set_svo_frame__rosidl_typesupport_introspection_cpp.hpp
[1.655s] -- Up-to-date: /home/rob/project/csci5551-s26-team-pointbot/install/zed_msgs/include/zed_msgs/zed_msgs/srv/detail/start_svo_rec__type_support.cpp
[1.655s] -- Up-to-date: /home/rob/project/csci5551-s26-team-pointbot/install/zed_msgs/include/zed_msgs/zed_msgs/srv/detail/save_area_memory__rosidl_typesupport_introspection_cpp.hpp
[1.656s] -- Up-to-date: /home/rob/project/csci5551-s26-team-pointbot/install/zed_msgs/include/zed_msgs/zed_msgs/srv/detail/set_roi__type_support.cpp
[1.656s] -- Up-to-date: /home/rob/project/csci5551-s26-team-pointbot/install/zed_msgs/lib/libzed_msgs__rosidl_typesupport_introspection_cpp.so
[1.656s] -- Up-to-date: /home/rob/project/csci5551-s26-team-pointbot/install/zed_msgs/lib/libzed_msgs__rosidl_typesupport_cpp.so
[1.657s] -- Up-to-date: /home/rob/project/csci5551-s26-team-pointbot/install/zed_msgs/share/zed_msgs/environment/pythonpath.sh
[1.657s] -- Up-to-date: /home/rob/project/csci5551-s26-team-pointbot/install/zed_msgs/share/zed_msgs/environment/pythonpath.dsv
[1.657s] -- Up-to-date: /home/rob/project/csci5551-s26-team-pointbot/install/zed_msgs/lib/python3.12/site-packages/zed_msgs-5.2.1-py3.12.egg-info
[1.658s] -- Installing: /home/rob/project/csci5551-s26-team-pointbot/install/zed_msgs/lib/python3.12/site-packages/zed_msgs-5.2.1-py3.12.egg-info/PKG-INFO
[1.658s] -- Installing: /home/rob/project/csci5551-s26-team-pointbot/install/zed_msgs/lib/python3.12/site-packages/zed_msgs-5.2.1-py3.12.egg-info/dependency_links.txt
[1.659s] -- Installing: /home/rob/project/csci5551-s26-team-pointbot/install/zed_msgs/lib/python3.12/site-packages/zed_msgs-5.2.1-py3.12.egg-info/SOURCES.txt
[1.660s] -- Installing: /home/rob/project/csci5551-s26-team-pointbot/install/zed_msgs/lib/python3.12/site-packages/zed_msgs-5.2.1-py3.12.egg-info/top_level.txt
[1.660s] -- Up-to-date: /home/rob/project/csci5551-s26-team-pointbot/install/zed_msgs/lib/python3.12/site-packages/zed_msgs
[1.660s] -- Up-to-date: /home/rob/project/csci5551-s26-team-pointbot/install/zed_msgs/lib/python3.12/site-packages/zed_msgs/zed_msgs_s__rosidl_typesupport_introspection_c.so
[1.662s] -- Up-to-date: /home/rob/project/csci5551-s26-team-pointbot/install/zed_msgs/lib/python3.12/site-packages/zed_msgs/_zed_msgs_s.ep.rosidl_typesupport_c.c
[1.663s] -- Up-to-date: /home/rob/project/csci5551-s26-team-pointbot/install/zed_msgs/lib/python3.12/site-packages/zed_msgs/_zed_msgs_s.ep.rosidl_typesupport_fastrtps_c.c
[1.663s] -- Up-to-date: /home/rob/project/csci5551-s26-team-pointbot/install/zed_msgs/lib/python3.12/site-packages/zed_msgs/__init__.py
[1.665s] -- Up-to-date: /home/rob/project/csci5551-s26-team-pointbot/install/zed_msgs/lib/python3.12/site-packages/zed_msgs/_zed_msgs_s.ep.rosidl_typesupport_introspection_c.c
[1.666s] -- Up-to-date: /home/rob/project/csci5551-s26-team-pointbot/install/zed_msgs/lib/python3.12/site-packages/zed_msgs/zed_msgs_s__rosidl_typesupport_fastrtps_c.so
[1.668s] -- Up-to-date: /home/rob/project/csci5551-s26-team-pointbot/install/zed_msgs/lib/python3.12/site-packages/zed_msgs/msg
[1.668s] -- Up-to-date: /home/rob/project/csci5551-s26-team-pointbot/install/zed_msgs/lib/python3.12/site-packages/zed_msgs/msg/_keypoint2_di.py
[1.668s] -- Up-to-date: /home/rob/project/csci5551-s26-team-pointbot/install/zed_msgs/lib/python3.12/site-packages/zed_msgs/msg/_svo_status_s.c
[1.668s] -- Up-to-date: /home/rob/project/csci5551-s26-team-pointbot/install/zed_msgs/lib/python3.12/site-packages/zed_msgs/msg/_svo_status.py
[1.668s] -- Up-to-date: /home/rob/project/csci5551-s26-team-pointbot/install/zed_msgs/lib/python3.12/site-packages/zed_msgs/msg/_keypoint2_df_s.c
[1.669s] -- Up-to-date: /home/rob/project/csci5551-s26-team-pointbot/install/zed_msgs/lib/python3.12/site-packages/zed_msgs/msg/_bounding_box3_d.py
[1.669s] -- Up-to-date: /home/rob/project/csci5551-s26-team-pointbot/install/zed_msgs/lib/python3.12/site-packages/zed_msgs/msg/_bounding_box2_di_s.c
[1.670s] -- Up-to-date: /home/rob/project/csci5551-s26-team-pointbot/install/zed_msgs/lib/python3.12/site-packages/zed_msgs/msg/_bounding_box2_df_s.c
[1.671s] -- Up-to-date: /home/rob/project/csci5551-s26-team-pointbot/install/zed_msgs/lib/python3.12/site-packages/zed_msgs/msg/_bounding_box2_df.py
[1.672s] -- Up-to-date: /home/rob/project/csci5551-s26-team-pointbot/install/zed_msgs/lib/python3.12/site-packages/zed_msgs/msg/_mag_heading_status.py
[1.672s] -- Up-to-date: /home/rob/project/csci5551-s26-team-pointbot/install/zed_msgs/lib/python3.12/site-packages/zed_msgs/msg/_skeleton3_d_s.c
[1.672s] -- Up-to-date: /home/rob/project/csci5551-s26-team-pointbot/install/zed_msgs/lib/python3.12/site-packages/zed_msgs/msg/_health_status_stamped_s.c
[1.672s] -- Up-to-date: /home/rob/project/csci5551-s26-team-pointbot/install/zed_msgs/lib/python3.12/site-packages/zed_msgs/msg/_heartbeat_s.c
[1.672s] -- Up-to-date: /home/rob/project/csci5551-s26-team-pointbot/install/zed_msgs/lib/python3.12/site-packages/zed_msgs/msg/_object.py
[1.673s] -- Up-to-date: /home/rob/project/csci5551-s26-team-pointbot/install/zed_msgs/lib/python3.12/site-packages/zed_msgs/msg/_gnss_fusion_status_s.c
[1.673s] -- Up-to-date: /home/rob/project/csci5551-s26-team-pointbot/install/zed_msgs/lib/python3.12/site-packages/zed_msgs/msg/_skeleton2_d.py
[1.673s] -- Up-to-date: /home/rob/project/csci5551-s26-team-pointbot/install/zed_msgs/lib/python3.12/site-packages/zed_msgs/msg/_pos_track_status_s.c
[1.673s] -- Up-to-date: /home/rob/project/csci5551-s26-team-pointbot/install/zed_msgs/lib/python3.12/site-packages/zed_msgs/msg/_mag_heading_status_s.c
[1.673s] -- Up-to-date: /home/rob/project/csci5551-s26-team-pointbot/install/zed_msgs/lib/python3.12/site-packages/zed_msgs/msg/_objects_stamped.py
[1.674s] -- Up-to-date: /home/rob/project/csci5551-s26-team-pointbot/install/zed_msgs/lib/python3.12/site-packages/zed_msgs/msg/__init__.py
[1.675s] -- Up-to-date: /home/rob/project/csci5551-s26-team-pointbot/install/zed_msgs/lib/python3.12/site-packages/zed_msgs/msg/_object_s.c
[1.675s] -- Up-to-date: /home/rob/project/csci5551-s26-team-pointbot/install/zed_msgs/lib/python3.12/site-packages/zed_msgs/msg/_keypoint2_df.py
[1.675s] -- Up-to-date: /home/rob/project/csci5551-s26-team-pointbot/install/zed_msgs/lib/python3.12/site-packages/zed_msgs/msg/_objects_stamped_s.c
[1.675s] -- Up-to-date: /home/rob/project/csci5551-s26-team-pointbot/install/zed_msgs/lib/python3.12/site-packages/zed_msgs/msg/_keypoint3_d_s.c
[1.675s] -- Up-to-date: /home/rob/project/csci5551-s26-team-pointbot/install/zed_msgs/lib/python3.12/site-packages/zed_msgs/msg/_keypoint2_di_s.c
[1.675s] -- Up-to-date: /home/rob/project/csci5551-s26-team-pointbot/install/zed_msgs/lib/python3.12/site-packages/zed_msgs/msg/_skeleton3_d.py
[1.679s] -- Up-to-date: /home/rob/project/csci5551-s26-team-pointbot/install/zed_msgs/lib/python3.12/site-packages/zed_msgs/msg/_bounding_box2_di.py
[1.680s] -- Up-to-date: /home/rob/project/csci5551-s26-team-pointbot/install/zed_msgs/lib/python3.12/site-packages/zed_msgs/msg/_pos_track_status.py
[1.680s] -- Up-to-date: /home/rob/project/csci5551-s26-team-pointbot/install/zed_msgs/lib/python3.12/site-packages/zed_msgs/msg/_heartbeat.py
[1.680s] -- Up-to-date: /home/rob/project/csci5551-s26-team-pointbot/install/zed_msgs/lib/python3.12/site-packages/zed_msgs/msg/_health_status_stamped.py
[1.680s] -- Up-to-date: /home/rob/project/csci5551-s26-team-pointbot/install/zed_msgs/lib/python3.12/site-packages/zed_msgs/msg/_keypoint3_d.py
[1.680s] -- Up-to-date: /home/rob/project/csci5551-s26-team-pointbot/install/zed_msgs/lib/python3.12/site-packages/zed_msgs/msg/_gnss_fusion_status.py
[1.680s] -- Up-to-date: /home/rob/project/csci5551-s26-team-pointbot/install/zed_msgs/lib/python3.12/site-packages/zed_msgs/msg/_depth_info_stamped_s.c
[1.680s] -- Up-to-date: /home/rob/project/csci5551-s26-team-pointbot/install/zed_msgs/lib/python3.12/site-packages/zed_msgs/msg/_bounding_box3_d_s.c
[1.680s] -- Up-to-date: /home/rob/project/csci5551-s26-team-pointbot/install/zed_msgs/lib/python3.12/site-packages/zed_msgs/msg/_skeleton2_d_s.c
[1.680s] -- Up-to-date: /home/rob/project/csci5551-s26-team-pointbot/install/zed_msgs/lib/python3.12/site-packages/zed_msgs/msg/_plane_stamped_s.c
[1.680s] -- Up-to-date: /home/rob/project/csci5551-s26-team-pointbot/install/zed_msgs/lib/python3.12/site-packages/zed_msgs/msg/_plane_stamped.py
[1.681s] -- Up-to-date: /home/rob/project/csci5551-s26-team-pointbot/install/zed_msgs/lib/python3.12/site-packages/zed_msgs/msg/_depth_info_stamped.py
[1.681s] -- Up-to-date: /home/rob/project/csci5551-s26-team-pointbot/install/zed_msgs/lib/python3.12/site-packages/zed_msgs/zed_msgs_s__rosidl_typesupport_c.so
[1.681s] -- Up-to-date: /home/rob/project/csci5551-s26-team-pointbot/install/zed_msgs/lib/python3.12/site-packages/zed_msgs/srv
[1.681s] -- Up-to-date: /home/rob/project/csci5551-s26-team-pointbot/install/zed_msgs/lib/python3.12/site-packages/zed_msgs/srv/_set_roi.py
[1.681s] -- Up-to-date: /home/rob/project/csci5551-s26-team-pointbot/install/zed_msgs/lib/python3.12/site-packages/zed_msgs/srv/_save_area_memory.py
[1.681s] -- Up-to-date: /home/rob/project/csci5551-s26-team-pointbot/install/zed_msgs/lib/python3.12/site-packages/zed_msgs/srv/_set_roi_s.c
[1.681s] -- Up-to-date: /home/rob/project/csci5551-s26-team-pointbot/install/zed_msgs/lib/python3.12/site-packages/zed_msgs/srv/_start_svo_rec_s.c
[1.681s] -- Up-to-date: /home/rob/project/csci5551-s26-team-pointbot/install/zed_msgs/lib/python3.12/site-packages/zed_msgs/srv/_set_svo_frame.py
[1.681s] -- Up-to-date: /home/rob/project/csci5551-s26-team-pointbot/install/zed_msgs/lib/python3.12/site-packages/zed_msgs/srv/_set_pose.py
[1.681s] -- Up-to-date: /home/rob/project/csci5551-s26-team-pointbot/install/zed_msgs/lib/python3.12/site-packages/zed_msgs/srv/__init__.py
[1.681s] -- Up-to-date: /home/rob/project/csci5551-s26-team-pointbot/install/zed_msgs/lib/python3.12/site-packages/zed_msgs/srv/_set_pose_s.c
[1.682s] -- Up-to-date: /home/rob/project/csci5551-s26-team-pointbot/install/zed_msgs/lib/python3.12/site-packages/zed_msgs/srv/_set_svo_frame_s.c
[1.682s] -- Up-to-date: /home/rob/project/csci5551-s26-team-pointbot/install/zed_msgs/lib/python3.12/site-packages/zed_msgs/srv/_save_area_memory_s.c
[1.682s] -- Up-to-date: /home/rob/project/csci5551-s26-team-pointbot/install/zed_msgs/lib/python3.12/site-packages/zed_msgs/srv/_start_svo_rec.py
[1.703s] Listing '/home/rob/project/csci5551-s26-team-pointbot/install/zed_msgs/lib/python3.12/site-packages/zed_msgs'...
[1.703s] Listing '/home/rob/project/csci5551-s26-team-pointbot/install/zed_msgs/lib/python3.12/site-packages/zed_msgs/msg'...
[1.703s] Listing '/home/rob/project/csci5551-s26-team-pointbot/install/zed_msgs/lib/python3.12/site-packages/zed_msgs/srv'...
[1.703s] -- Up-to-date: /home/rob/project/csci5551-s26-team-pointbot/install/zed_msgs/lib/python3.12/site-packages/zed_msgs/zed_msgs_s__rosidl_typesupport_fastrtps_c.so
[1.703s] -- Up-to-date: /home/rob/project/csci5551-s26-team-pointbot/install/zed_msgs/lib/python3.12/site-packages/zed_msgs/zed_msgs_s__rosidl_typesupport_introspection_c.so
[1.703s] -- Up-to-date: /home/rob/project/csci5551-s26-team-pointbot/install/zed_msgs/lib/python3.12/site-packages/zed_msgs/zed_msgs_s__rosidl_typesupport_c.so
[1.703s] -- Up-to-date: /home/rob/project/csci5551-s26-team-pointbot/install/zed_msgs/lib/libzed_msgs__rosidl_generator_py.so
[1.703s] -- Up-to-date: /home/rob/project/csci5551-s26-team-pointbot/install/zed_msgs/share/ament_index/resource_index/rust_packages/zed_msgs
[1.703s] -- Up-to-date: /home/rob/project/csci5551-s26-team-pointbot/install/zed_msgs/share/zed_msgs/rust
[1.703s] -- Up-to-date: /home/rob/project/csci5551-s26-team-pointbot/install/zed_msgs/share/zed_msgs/rust/Cargo.toml
[1.703s] -- Up-to-date: /home/rob/project/csci5551-s26-team-pointbot/install/zed_msgs/share/zed_msgs/rust/src
[1.704s] -- Up-to-date: /home/rob/project/csci5551-s26-team-pointbot/install/zed_msgs/share/zed_msgs/rust/src/lib.rs
[1.704s] -- Up-to-date: /home/rob/project/csci5551-s26-team-pointbot/install/zed_msgs/share/zed_msgs/rust/src/msg.rs
[1.704s] -- Up-to-date: /home/rob/project/csci5551-s26-team-pointbot/install/zed_msgs/share/zed_msgs/rust/src/srv.rs
[1.704s] -- Up-to-date: /home/rob/project/csci5551-s26-team-pointbot/install/zed_msgs/share/zed_msgs/rust/src/msg
[1.704s] -- Up-to-date: /home/rob/project/csci5551-s26-team-pointbot/install/zed_msgs/share/zed_msgs/rust/src/msg/rmw.rs
[1.704s] -- Up-to-date: /home/rob/project/csci5551-s26-team-pointbot/install/zed_msgs/share/zed_msgs/rust/src/srv
[1.704s] -- Up-to-date: /home/rob/project/csci5551-s26-team-pointbot/install/zed_msgs/share/zed_msgs/rust/src/srv/rmw.rs
[1.704s] -- Up-to-date: /home/rob/project/csci5551-s26-team-pointbot/install/zed_msgs/share/zed_msgs/rust/build.rs
[1.704s] -- Up-to-date: /home/rob/project/csci5551-s26-team-pointbot/install/zed_msgs/share/zed_msgs/msg/Object.idl
[1.704s] -- Up-to-date: /home/rob/project/csci5551-s26-team-pointbot/install/zed_msgs/share/zed_msgs/msg/ObjectsStamped.idl
[1.704s] -- Up-to-date: /home/rob/project/csci5551-s26-team-pointbot/install/zed_msgs/share/zed_msgs/msg/Keypoint2Di.idl
[1.704s] -- Up-to-date: /home/rob/project/csci5551-s26-team-pointbot/install/zed_msgs/share/zed_msgs/msg/Keypoint2Df.idl
[1.704s] -- Up-to-date: /home/rob/project/csci5551-s26-team-pointbot/install/zed_msgs/share/zed_msgs/msg/Keypoint3D.idl
[1.704s] -- Up-to-date: /home/rob/project/csci5551-s26-team-pointbot/install/zed_msgs/share/zed_msgs/msg/BoundingBox2Di.idl
[1.705s] -- Up-to-date: /home/rob/project/csci5551-s26-team-pointbot/install/zed_msgs/share/zed_msgs/msg/BoundingBox2Df.idl
[1.705s] -- Up-to-date: /home/rob/project/csci5551-s26-team-pointbot/install/zed_msgs/share/zed_msgs/msg/BoundingBox3D.idl
[1.705s] -- Up-to-date: /home/rob/project/csci5551-s26-team-pointbot/install/zed_msgs/share/zed_msgs/msg/Skeleton2D.idl
[1.705s] -- Up-to-date: /home/rob/project/csci5551-s26-team-pointbot/install/zed_msgs/share/zed_msgs/msg/Skeleton3D.idl
[1.705s] -- Up-to-date: /home/rob/project/csci5551-s26-team-pointbot/install/zed_msgs/share/zed_msgs/msg/DepthInfoStamped.idl
[1.705s] -- Up-to-date: /home/rob/project/csci5551-s26-team-pointbot/install/zed_msgs/share/zed_msgs/msg/PlaneStamped.idl
[1.705s] -- Up-to-date: /home/rob/project/csci5551-s26-team-pointbot/install/zed_msgs/share/zed_msgs/msg/PosTrackStatus.idl
[1.705s] -- Up-to-date: /home/rob/project/csci5551-s26-team-pointbot/install/zed_msgs/share/zed_msgs/msg/GnssFusionStatus.idl
[1.705s] -- Up-to-date: /home/rob/project/csci5551-s26-team-pointbot/install/zed_msgs/share/zed_msgs/msg/Heartbeat.idl
[1.705s] -- Up-to-date: /home/rob/project/csci5551-s26-team-pointbot/install/zed_msgs/share/zed_msgs/msg/MagHeadingStatus.idl
[1.705s] -- Up-to-date: /home/rob/project/csci5551-s26-team-pointbot/install/zed_msgs/share/zed_msgs/msg/SvoStatus.idl
[1.705s] -- Up-to-date: /home/rob/project/csci5551-s26-team-pointbot/install/zed_msgs/share/zed_msgs/msg/HealthStatusStamped.idl
[1.705s] -- Up-to-date: /home/rob/project/csci5551-s26-team-pointbot/install/zed_msgs/share/zed_msgs/srv/SetPose.idl
[1.705s] -- Up-to-date: /home/rob/project/csci5551-s26-team-pointbot/install/zed_msgs/share/zed_msgs/srv/StartSvoRec.idl
[1.708s] -- Up-to-date: /home/rob/project/csci5551-s26-team-pointbot/install/zed_msgs/share/zed_msgs/srv/SetROI.idl
[1.709s] -- Up-to-date: /home/rob/project/csci5551-s26-team-pointbot/install/zed_msgs/share/zed_msgs/srv/SetSvoFrame.idl
[1.709s] -- Up-to-date: /home/rob/project/csci5551-s26-team-pointbot/install/zed_msgs/share/zed_msgs/srv/SaveAreaMemory.idl
[1.710s] -- Up-to-date: /home/rob/project/csci5551-s26-team-pointbot/install/zed_msgs/share/zed_msgs/msg/Object.msg
[1.710s] -- Up-to-date: /home/rob/project/csci5551-s26-team-pointbot/install/zed_msgs/share/zed_msgs/msg/ObjectsStamped.msg
[1.710s] -- Up-to-date: /home/rob/project/csci5551-s26-team-pointbot/install/zed_msgs/share/zed_msgs/msg/Keypoint2Di.msg
[1.710s] -- Up-to-date: /home/rob/project/csci5551-s26-team-pointbot/install/zed_msgs/share/zed_msgs/msg/Keypoint2Df.msg
[1.710s] -- Up-to-date: /home/rob/project/csci5551-s26-team-pointbot/install/zed_msgs/share/zed_msgs/msg/Keypoint3D.msg
[1.710s] -- Up-to-date: /home/rob/project/csci5551-s26-team-pointbot/install/zed_msgs/share/zed_msgs/msg/BoundingBox2Di.msg
[1.710s] -- Up-to-date: /home/rob/project/csci5551-s26-team-pointbot/install/zed_msgs/share/zed_msgs/msg/BoundingBox2Df.msg
[1.711s] -- Up-to-date: /home/rob/project/csci5551-s26-team-pointbot/install/zed_msgs/share/zed_msgs/msg/BoundingBox3D.msg
[1.711s] -- Up-to-date: /home/rob/project/csci5551-s26-team-pointbot/install/zed_msgs/share/zed_msgs/msg/Skeleton2D.msg
[1.711s] -- Up-to-date: /home/rob/project/csci5551-s26-team-pointbot/install/zed_msgs/share/zed_msgs/msg/Skeleton3D.msg
[1.712s] -- Up-to-date: /home/rob/project/csci5551-s26-team-pointbot/install/zed_msgs/share/zed_msgs/msg/DepthInfoStamped.msg
[1.712s] -- Up-to-date: /home/rob/project/csci5551-s26-team-pointbot/install/zed_msgs/share/zed_msgs/msg/PlaneStamped.msg
[1.712s] -- Up-to-date: /home/rob/project/csci5551-s26-team-pointbot/install/zed_msgs/share/zed_msgs/msg/PosTrackStatus.msg
[1.713s] -- Up-to-date: /home/rob/project/csci5551-s26-team-pointbot/install/zed_msgs/share/zed_msgs/msg/GnssFusionStatus.msg
[1.713s] -- Up-to-date: /home/rob/project/csci5551-s26-team-pointbot/install/zed_msgs/share/zed_msgs/msg/Heartbeat.msg
[1.713s] -- Up-to-date: /home/rob/project/csci5551-s26-team-pointbot/install/zed_msgs/share/zed_msgs/msg/MagHeadingStatus.msg
[1.713s] -- Up-to-date: /home/rob/project/csci5551-s26-team-pointbot/install/zed_msgs/share/zed_msgs/msg/SvoStatus.msg
[1.713s] -- Up-to-date: /home/rob/project/csci5551-s26-team-pointbot/install/zed_msgs/share/zed_msgs/msg/HealthStatusStamped.msg
[1.713s] -- Up-to-date: /home/rob/project/csci5551-s26-team-pointbot/install/zed_msgs/share/zed_msgs/srv/SetPose.srv
[1.713s] -- Up-to-date: /home/rob/project/csci5551-s26-team-pointbot/install/zed_msgs/share/zed_msgs/srv/StartSvoRec.srv
[1.713s] -- Up-to-date: /home/rob/project/csci5551-s26-team-pointbot/install/zed_msgs/share/zed_msgs/srv/SetROI.srv
[1.714s] -- Up-to-date: /home/rob/project/csci5551-s26-team-pointbot/install/zed_msgs/share/zed_msgs/srv/SetSvoFrame.srv
[1.714s] -- Up-to-date: /home/rob/project/csci5551-s26-team-pointbot/install/zed_msgs/share/zed_msgs/srv/SaveAreaMemory.srv
[1.714s] -- Up-to-date: /home/rob/project/csci5551-s26-team-pointbot/install/zed_msgs/share/ament_index/resource_index/package_run_dependencies/zed_msgs
[1.714s] -- Up-to-date: /home/rob/project/csci5551-s26-team-pointbot/install/zed_msgs/share/ament_index/resource_index/parent_prefix_path/zed_msgs
[1.714s] -- Up-to-date: /home/rob/project/csci5551-s26-team-pointbot/install/zed_msgs/share/zed_msgs/environment/ament_prefix_path.sh
[1.714s] -- Up-to-date: /home/rob/project/csci5551-s26-team-pointbot/install/zed_msgs/share/zed_msgs/environment/ament_prefix_path.dsv
[1.714s] -- Up-to-date: /home/rob/project/csci5551-s26-team-pointbot/install/zed_msgs/share/zed_msgs/environment/path.sh
[1.715s] -- Up-to-date: /home/rob/project/csci5551-s26-team-pointbot/install/zed_msgs/share/zed_msgs/environment/path.dsv
[1.715s] -- Up-to-date: /home/rob/project/csci5551-s26-team-pointbot/install/zed_msgs/share/zed_msgs/local_setup.bash
[1.715s] -- Up-to-date: /home/rob/project/csci5551-s26-team-pointbot/install/zed_msgs/share/zed_msgs/local_setup.sh
[1.715s] -- Up-to-date: /home/rob/project/csci5551-s26-team-pointbot/install/zed_msgs/share/zed_msgs/local_setup.zsh
[1.715s] -- Up-to-date: /home/rob/project/csci5551-s26-team-pointbot/install/zed_msgs/share/zed_msgs/local_setup.dsv
[1.715s] -- Installing: /home/rob/project/csci5551-s26-team-pointbot/install/zed_msgs/share/zed_msgs/package.dsv
[1.715s] -- Up-to-date: /home/rob/project/csci5551-s26-team-pointbot/install/zed_msgs/share/ament_index/resource_index/packages/zed_msgs
[1.715s] -- Up-to-date: /home/rob/project/csci5551-s26-team-pointbot/install/zed_msgs/share/zed_msgs/cmake/export_zed_msgs__rosidl_generator_cExport.cmake
[1.715s] -- Up-to-date: /home/rob/project/csci5551-s26-team-pointbot/install/zed_msgs/share/zed_msgs/cmake/export_zed_msgs__rosidl_generator_cExport-noconfig.cmake
[1.716s] -- Up-to-date: /home/rob/project/csci5551-s26-team-pointbot/install/zed_msgs/share/zed_msgs/cmake/export_zed_msgs__rosidl_typesupport_fastrtps_cExport.cmake
[1.716s] -- Up-to-date: /home/rob/project/csci5551-s26-team-pointbot/install/zed_msgs/share/zed_msgs/cmake/export_zed_msgs__rosidl_typesupport_fastrtps_cExport-noconfig.cmake
[1.716s] -- Up-to-date: /home/rob/project/csci5551-s26-team-pointbot/install/zed_msgs/share/zed_msgs/cmake/export_zed_msgs__rosidl_generator_cppExport.cmake
[1.716s] -- Up-to-date: /home/rob/project/csci5551-s26-team-pointbot/install/zed_msgs/share/zed_msgs/cmake/export_zed_msgs__rosidl_typesupport_fastrtps_cppExport.cmake
[1.716s] -- Up-to-date: /home/rob/project/csci5551-s26-team-pointbot/install/zed_msgs/share/zed_msgs/cmake/export_zed_msgs__rosidl_typesupport_fastrtps_cppExport-noconfig.cmake
[1.716s] -- Up-to-date: /home/rob/project/csci5551-s26-team-pointbot/install/zed_msgs/share/zed_msgs/cmake/zed_msgs__rosidl_typesupport_introspection_cExport.cmake
[1.716s] -- Up-to-date: /home/rob/project/csci5551-s26-team-pointbot/install/zed_msgs/share/zed_msgs/cmake/zed_msgs__rosidl_typesupport_introspection_cExport-noconfig.cmake
[1.716s] -- Up-to-date: /home/rob/project/csci5551-s26-team-pointbot/install/zed_msgs/share/zed_msgs/cmake/zed_msgs__rosidl_typesupport_cExport.cmake
[1.717s] -- Up-to-date: /home/rob/project/csci5551-s26-team-pointbot/install/zed_msgs/share/zed_msgs/cmake/zed_msgs__rosidl_typesupport_cExport-noconfig.cmake
[1.717s] -- Up-to-date: /home/rob/project/csci5551-s26-team-pointbot/install/zed_msgs/share/zed_msgs/cmake/zed_msgs__rosidl_typesupport_introspection_cppExport.cmake
[1.717s] -- Up-to-date: /home/rob/project/csci5551-s26-team-pointbot/install/zed_msgs/share/zed_msgs/cmake/zed_msgs__rosidl_typesupport_introspection_cppExport-noconfig.cmake
[1.717s] -- Up-to-date: /home/rob/project/csci5551-s26-team-pointbot/install/zed_msgs/share/zed_msgs/cmake/zed_msgs__rosidl_typesupport_cppExport.cmake
[1.717s] -- Up-to-date: /home/rob/project/csci5551-s26-team-pointbot/install/zed_msgs/share/zed_msgs/cmake/zed_msgs__rosidl_typesupport_cppExport-noconfig.cmake
[1.717s] -- Up-to-date: /home/rob/project/csci5551-s26-team-pointbot/install/zed_msgs/share/zed_msgs/cmake/export_zed_msgs__rosidl_generator_pyExport.cmake
[1.717s] -- Up-to-date: /home/rob/project/csci5551-s26-team-pointbot/install/zed_msgs/share/zed_msgs/cmake/export_zed_msgs__rosidl_generator_pyExport-noconfig.cmake
[1.717s] -- Up-to-date: /home/rob/project/csci5551-s26-team-pointbot/install/zed_msgs/share/zed_msgs/cmake/rosidl_cmake-extras.cmake
[1.718s] -- Up-to-date: /home/rob/project/csci5551-s26-team-pointbot/install/zed_msgs/share/zed_msgs/cmake/ament_cmake_export_dependencies-extras.cmake
[1.718s] -- Up-to-date: /home/rob/project/csci5551-s26-team-pointbot/install/zed_msgs/share/zed_msgs/cmake/ament_cmake_export_include_directories-extras.cmake
[1.718s] -- Up-to-date: /home/rob/project/csci5551-s26-team-pointbot/install/zed_msgs/share/zed_msgs/cmake/ament_cmake_export_libraries-extras.cmake
[1.718s] -- Up-to-date: /home/rob/project/csci5551-s26-team-pointbot/install/zed_msgs/share/zed_msgs/cmake/ament_cmake_export_targets-extras.cmake
[1.718s] -- Up-to-date: /home/rob/project/csci5551-s26-team-pointbot/install/zed_msgs/share/zed_msgs/cmake/rosidl_cmake_export_typesupport_targets-extras.cmake
[1.718s] -- Up-to-date: /home/rob/project/csci5551-s26-team-pointbot/install/zed_msgs/share/zed_msgs/cmake/rosidl_cmake_export_typesupport_libraries-extras.cmake
[1.718s] -- Up-to-date: /home/rob/project/csci5551-s26-team-pointbot/install/zed_msgs/share/zed_msgs/cmake/zed_msgsConfig.cmake
[1.718s] -- Up-to-date: /home/rob/project/csci5551-s26-team-pointbot/install/zed_msgs/share/zed_msgs/cmake/zed_msgsConfig-version.cmake
[1.719s] -- Up-to-date: /home/rob/project/csci5551-s26-team-pointbot/install/zed_msgs/share/zed_msgs/package.xml
[1.721s] Invoked command in '/home/rob/project/csci5551-s26-team-pointbot/build/zed_msgs' returned '0': CMAKE_PREFIX_PATH=${CMAKE_PREFIX_PATH}:/home/rob/project/csci5551-s26-team-pointbot/install/planning:/home/rob/project/csci5551-s26-team-pointbot/install/perception:/home/rob/project/csci5551-s26-team-pointbot/install/pointbot_rviz:/home/rob/project/csci5551-s26-team-pointbot/install/uf_ros_lib:/opt/ros/jazzy DEBUGINFOD_URLS=https://debuginfod.ubuntu.com /usr/bin/cmake --install /home/rob/project/csci5551-s26-team-pointbot/build/zed_msgs
