[0.019s] Invoking command in '/home/rob/project/csci5551-s26-team-pointbot/build/xarm_sdk': CMAKE_PREFIX_PATH=${CMAKE_PREFIX_PATH}:/opt/ros/jazzy CONDA_PROMPT_MODIFIER=(base) DEBUGINFOD_URLS=https://debuginfod.ubuntu.com /usr/bin/cmake --build /home/rob/project/csci5551-s26-team-pointbot/build/xarm_sdk -- -j16 -l16
[0.336s] [100%] Built target xarm_cxx_sdk
[0.346s] Invoked command in '/home/rob/project/csci5551-s26-team-pointbot/build/xarm_sdk' returned '0': CMAKE_PREFIX_PATH=${CMAKE_PREFIX_PATH}:/opt/ros/jazzy CONDA_PROMPT_MODIFIER=(base) DEBUGINFOD_URLS=https://debuginfod.ubuntu.com /usr/bin/cmake --build /home/rob/project/csci5551-s26-team-pointbot/build/xarm_sdk -- -j16 -l16
[0.347s] Invoking command in '/home/rob/project/csci5551-s26-team-pointbot/build/xarm_sdk': CMAKE_PREFIX_PATH=${CMAKE_PREFIX_PATH}:/opt/ros/jazzy CONDA_PROMPT_MODIFIER=(base) DEBUGINFOD_URLS=https://debuginfod.ubuntu.com /usr/bin/cmake --install /home/rob/project/csci5551-s26-team-pointbot/build/xarm_sdk
[0.354s] -- Install configuration: ""
[0.355s] -- Up-to-date: /home/rob/project/csci5551-s26-team-pointbot/install/share/xarm_sdk/environment/library_path.sh
[0.355s] -- Up-to-date: /home/rob/project/csci5551-s26-team-pointbot/install/share/xarm_sdk/environment/library_path.dsv
[0.355s] -- Up-to-date: /home/rob/project/csci5551-s26-team-pointbot/install/cxx/include
[0.355s] -- Up-to-date: /home/rob/project/csci5551-s26-team-pointbot/install/cxx/include/xarm
[0.356s] -- Up-to-date: /home/rob/project/csci5551-s26-team-pointbot/install/cxx/include/xarm/wrapper
[0.356s] -- Up-to-date: /home/rob/project/csci5551-s26-team-pointbot/install/cxx/include/xarm/wrapper/xarm_api.h
[0.356s] -- Up-to-date: /home/rob/project/csci5551-s26-team-pointbot/install/cxx/include/xarm/wrapper/common
[0.356s] -- Up-to-date: /home/rob/project/csci5551-s26-team-pointbot/install/cxx/include/xarm/wrapper/common/utils.h
[0.357s] -- Up-to-date: /home/rob/project/csci5551-s26-team-pointbot/install/cxx/include/xarm/wrapper/common/timer.h
[0.357s] -- Up-to-date: /home/rob/project/csci5551-s26-team-pointbot/install/cxx/include/xarm/core
[0.357s] -- Up-to-date: /home/rob/project/csci5551-s26-team-pointbot/install/cxx/include/xarm/core/connect.h
[0.358s] -- Up-to-date: /home/rob/project/csci5551-s26-team-pointbot/install/cxx/include/xarm/core/report_data.h
[0.358s] -- Up-to-date: /home/rob/project/csci5551-s26-team-pointbot/install/cxx/include/xarm/core/xarm_config.h
[0.358s] -- Up-to-date: /home/rob/project/csci5551-s26-team-pointbot/install/cxx/include/xarm/core/instruction
[0.358s] -- Up-to-date: /home/rob/project/csci5551-s26-team-pointbot/install/cxx/include/xarm/core/instruction/servo3_config.h
[0.358s] -- Up-to-date: /home/rob/project/csci5551-s26-team-pointbot/install/cxx/include/xarm/core/instruction/uxbus_cmd_tcp.h
[0.358s] -- Up-to-date: /home/rob/project/csci5551-s26-team-pointbot/install/cxx/include/xarm/core/instruction/uxbus_cmd.h
[0.358s] -- Up-to-date: /home/rob/project/csci5551-s26-team-pointbot/install/cxx/include/xarm/core/instruction/uxbus_cmd_ser.h
[0.358s] -- Up-to-date: /home/rob/project/csci5551-s26-team-pointbot/install/cxx/include/xarm/core/instruction/uxbus_cmd_config.h
[0.358s] -- Up-to-date: /home/rob/project/csci5551-s26-team-pointbot/install/cxx/include/xarm/core/common
[0.359s] -- Up-to-date: /home/rob/project/csci5551-s26-team-pointbot/install/cxx/include/xarm/core/common/data_type.h
[0.359s] -- Up-to-date: /home/rob/project/csci5551-s26-team-pointbot/install/cxx/include/xarm/core/common/queue_memcpy.h
[0.359s] -- Up-to-date: /home/rob/project/csci5551-s26-team-pointbot/install/cxx/include/xarm/core/common/crc16.h
[0.359s] -- Up-to-date: /home/rob/project/csci5551-s26-team-pointbot/install/cxx/include/xarm/core/debug
[0.359s] -- Up-to-date: /home/rob/project/csci5551-s26-team-pointbot/install/cxx/include/xarm/core/debug/debug_print.h
[0.359s] -- Up-to-date: /home/rob/project/csci5551-s26-team-pointbot/install/cxx/include/xarm/core/os
[0.359s] -- Up-to-date: /home/rob/project/csci5551-s26-team-pointbot/install/cxx/include/xarm/core/os/network.h
[0.359s] -- Up-to-date: /home/rob/project/csci5551-s26-team-pointbot/install/cxx/include/xarm/core/os/bak
[0.360s] -- Up-to-date: /home/rob/project/csci5551-s26-team-pointbot/install/cxx/include/xarm/core/os/bak/thread.h
[0.360s] -- Up-to-date: /home/rob/project/csci5551-s26-team-pointbot/install/cxx/include/xarm/core/port
[0.360s] -- Up-to-date: /home/rob/project/csci5551-s26-team-pointbot/install/cxx/include/xarm/core/port/ser.h
[0.360s] -- Up-to-date: /home/rob/project/csci5551-s26-team-pointbot/install/cxx/include/xarm/core/port/socket.h
[0.360s] -- Up-to-date: /home/rob/project/csci5551-s26-team-pointbot/install/cxx/include/serial
[0.360s] -- Up-to-date: /home/rob/project/csci5551-s26-team-pointbot/install/cxx/include/serial/serial.h
[0.360s] -- Up-to-date: /home/rob/project/csci5551-s26-team-pointbot/install/cxx/include/serial/v8stdint.h
[0.360s] -- Up-to-date: /home/rob/project/csci5551-s26-team-pointbot/install/cxx/include/serial/impl
[0.360s] -- Up-to-date: /home/rob/project/csci5551-s26-team-pointbot/install/cxx/include/serial/impl/win.h
[0.360s] -- Up-to-date: /home/rob/project/csci5551-s26-team-pointbot/install/cxx/include/serial/impl/unix.h
[0.360s] -- Up-to-date: /home/rob/project/csci5551-s26-team-pointbot/install/lib/libxarm_cxx_sdk.so
[0.361s] -- Up-to-date: /home/rob/project/csci5551-s26-team-pointbot/install/share/ament_index/resource_index/package_run_dependencies/xarm_sdk
[0.361s] -- Up-to-date: /home/rob/project/csci5551-s26-team-pointbot/install/share/ament_index/resource_index/parent_prefix_path/xarm_sdk
[0.361s] -- Up-to-date: /home/rob/project/csci5551-s26-team-pointbot/install/share/xarm_sdk/environment/ament_prefix_path.sh
[0.361s] -- Up-to-date: /home/rob/project/csci5551-s26-team-pointbot/install/share/xarm_sdk/environment/ament_prefix_path.dsv
[0.361s] -- Up-to-date: /home/rob/project/csci5551-s26-team-pointbot/install/share/xarm_sdk/environment/path.sh
[0.361s] -- Up-to-date: /home/rob/project/csci5551-s26-team-pointbot/install/share/xarm_sdk/environment/path.dsv
[0.361s] -- Up-to-date: /home/rob/project/csci5551-s26-team-pointbot/install/share/xarm_sdk/local_setup.bash
[0.361s] -- Up-to-date: /home/rob/project/csci5551-s26-team-pointbot/install/share/xarm_sdk/local_setup.sh
[0.361s] -- Up-to-date: /home/rob/project/csci5551-s26-team-pointbot/install/share/xarm_sdk/local_setup.zsh
[0.362s] -- Up-to-date: /home/rob/project/csci5551-s26-team-pointbot/install/share/xarm_sdk/local_setup.dsv
[0.362s] -- Installing: /home/rob/project/csci5551-s26-team-pointbot/install/share/xarm_sdk/package.dsv
[0.362s] -- Up-to-date: /home/rob/project/csci5551-s26-team-pointbot/install/share/ament_index/resource_index/packages/xarm_sdk
[0.362s] -- Up-to-date: /home/rob/project/csci5551-s26-team-pointbot/install/share/xarm_sdk/cmake/ament_cmake_export_libraries-extras.cmake
[0.362s] -- Up-to-date: /home/rob/project/csci5551-s26-team-pointbot/install/share/xarm_sdk/cmake/ament_cmake_export_include_directories-extras.cmake
[0.362s] -- Up-to-date: /home/rob/project/csci5551-s26-team-pointbot/install/share/xarm_sdk/cmake/xarm_sdkConfig.cmake
[0.362s] -- Up-to-date: /home/rob/project/csci5551-s26-team-pointbot/install/share/xarm_sdk/cmake/xarm_sdkConfig-version.cmake
[0.362s] -- Up-to-date: /home/rob/project/csci5551-s26-team-pointbot/install/share/xarm_sdk/package.xml
[0.383s] Invoked command in '/home/rob/project/csci5551-s26-team-pointbot/build/xarm_sdk' returned '0': CMAKE_PREFIX_PATH=${CMAKE_PREFIX_PATH}:/opt/ros/jazzy CONDA_PROMPT_MODIFIER=(base) DEBUGINFOD_URLS=https://debuginfod.ubuntu.com /usr/bin/cmake --install /home/rob/project/csci5551-s26-team-pointbot/build/xarm_sdk
