-- The C compiler identification is GNU 13.3.0
-- The CXX compiler identification is GNU 13.3.0
-- Detecting C compiler ABI info
-- Detecting C compiler ABI info - done
-- Check for working C compiler: /usr/bin/cc - skipped
-- Detecting C compile features
-- Detecting C compile features - done
-- Detecting CXX compiler ABI info
-- Detecting CXX compiler ABI info - done
-- Check for working CXX compiler: /usr/bin/c++ - skipped
-- Detecting CXX compile features
-- Detecting CXX compile features - done
-- Found ament_cmake: 2.5.5 (/opt/ros/jazzy/share/ament_cmake/cmake)
-- Found Python3: /home/rob/miniforge3/bin/python3 (found version "3.13.12") found components: Interpreter 
-- Found rclcpp: 28.1.16 (/opt/ros/jazzy/share/rclcpp/cmake)
-- Found rosidl_generator_c: 4.6.7 (/opt/ros/jazzy/share/rosidl_generator_c/cmake)
-- Found rosidl_generator_cpp: 4.6.7 (/opt/ros/jazzy/share/rosidl_generator_cpp/cmake)
-- Using all available rosidl_typesupport_c: rosidl_typesupport_fastrtps_c;rosidl_typesupport_introspection_c
-- Using all available rosidl_typesupport_cpp: rosidl_typesupport_fastrtps_cpp;rosidl_typesupport_introspection_cpp
-- Found rmw_implementation_cmake: 7.3.3 (/opt/ros/jazzy/share/rmw_implementation_cmake/cmake)
-- Found rmw_fastrtps_cpp: 8.4.3 (/opt/ros/jazzy/share/rmw_fastrtps_cpp/cmake)
-- Found OpenSSL: /usr/lib/x86_64-linux-gnu/libcrypto.so (found version "3.0.13")  
-- Found FastRTPS: /opt/ros/jazzy/include (Required is at least version "2.13") 
-- Using RMW implementation 'rmw_fastrtps_cpp' as default
-- Found rclcpp_components: 28.1.16 (/opt/ros/jazzy/share/rclcpp_components/cmake)
-- Found std_msgs: 5.3.6 (/opt/ros/jazzy/share/std_msgs/cmake)
-- Found std_srvs: 5.3.6 (/opt/ros/jazzy/share/std_srvs/cmake)
-- Found sensor_msgs: 5.3.6 (/opt/ros/jazzy/share/sensor_msgs/cmake)
-- Found control_msgs: 5.7.0 (/opt/ros/jazzy/share/control_msgs/cmake)
-- Found moveit_msgs: 2.6.0 (/opt/ros/jazzy/share/moveit_msgs/cmake)
-- Found moveit_ros_planning: 2.12.4 (/opt/ros/jazzy/share/moveit_ros_planning/cmake)
-- Found Boost: /usr/lib/x86_64-linux-gnu/cmake/Boost-1.83.0/BoostConfig.cmake (found version "1.83.0") found components: system filesystem date_time program_options thread chrono 
-- Found parameter_traits: 0.6.0 (/opt/ros/jazzy/share/parameter_traits/cmake)
-- Found rclcpp_lifecycle: 28.1.16 (/opt/ros/jazzy/share/rclcpp_lifecycle/cmake)
-- Found Boost: /usr/lib/x86_64-linux-gnu/cmake/Boost-1.83.0/BoostConfig.cmake (found version "1.83.0") found components: chrono date_time filesystem iostreams program_options regex serialization system thread 
-- Found Boost: /usr/lib/x86_64-linux-gnu/cmake/Boost-1.83.0/BoostConfig.cmake (found version "1.83.0") found components: filesystem 
-- Found Eigen3: TRUE (found version "3.4.0") 
-- Ensuring Eigen3 include directory is part of orocos-kdl CMake target
-- Found ament_lint_auto: 0.17.4 (/opt/ros/jazzy/share/ament_lint_auto/cmake)
-- Added test 'copyright' to check source files copyright and LICENSE
-- Added test 'cppcheck' to perform static code analysis on C / C++ code
-- Configured cppcheck include dirs: /home/rob/project/csci5551-s26-team-pointbot/src/xarm_ros2/xarm_moveit_servo/include
-- Configured cppcheck exclude dirs and/or files: 
-- Added test 'cpplint' to check C / C++ code against the Google style
-- Configured cpplint exclude dirs and/or files: 
-- Added test 'flake8' to check Python code syntax and style conventions
-- Configured 'flake8' exclude dirs and/or files: 
-- Added test 'lint_cmake' to check CMake code style
-- Added test 'pep257' to check Python code against some of the docstring style conventions in PEP 257
-- Added test 'uncrustify' to check C / C++ code style
-- Configured uncrustify additional arguments: 
-- Added test 'xmllint' to check XML markup files
-- Configuring done (1.7s)
-- Generating done (0.0s)
-- Build files have been written to: /home/rob/project/csci5551-s26-team-pointbot/build/xarm_moveit_servo
[ 33%] [32mBuilding CXX object CMakeFiles/xarm_joystick_input_node.dir/rclcpp_components/node_main_xarm_joystick_input_node.cpp.o[0m
[ 33%] [32mBuilding CXX object CMakeFiles/xarm_joystick_input.dir/src/xarm_joystick_input.cpp.o[0m
[ 50%] [32mBuilding CXX object CMakeFiles/xarm_keyboard_input.dir/src/xarm_keyboard_input.cpp.o[0m
[ 66%] [32m[1mLinking CXX executable xarm_joystick_input_node[0m
[ 66%] Built target xarm_joystick_input_node
[ 83%] [32m[1mLinking CXX executable xarm_keyboard_input[0m
[ 83%] Built target xarm_keyboard_input
[100%] [32m[1mLinking CXX shared library libxarm_joystick_input.so[0m
[100%] Built target xarm_joystick_input
-- Install configuration: ""
-- Installing: /home/rob/project/csci5551-s26-team-pointbot/install/lib/xarm_moveit_servo/xarm_joystick_input_node
-- Set non-toolchain portion of runtime path of "/home/rob/project/csci5551-s26-team-pointbot/install/lib/xarm_moveit_servo/xarm_joystick_input_node" to ""
-- Installing: /home/rob/project/csci5551-s26-team-pointbot/install/lib/libxarm_joystick_input.so
-- Set non-toolchain portion of runtime path of "/home/rob/project/csci5551-s26-team-pointbot/install/lib/libxarm_joystick_input.so" to ""
-- Up-to-date: /home/rob/project/csci5551-s26-team-pointbot/install/lib/xarm_moveit_servo/xarm_joystick_input_node
-- Installing: /home/rob/project/csci5551-s26-team-pointbot/install/lib/xarm_moveit_servo/xarm_keyboard_input
-- Set non-toolchain portion of runtime path of "/home/rob/project/csci5551-s26-team-pointbot/install/lib/xarm_moveit_servo/xarm_keyboard_input" to ""
-- Installing: /home/rob/project/csci5551-s26-team-pointbot/install/share/xarm_moveit_servo//config
-- Installing: /home/rob/project/csci5551-s26-team-pointbot/install/share/xarm_moveit_servo//config/xarm_moveit_servo_config.yaml
-- Installing: /home/rob/project/csci5551-s26-team-pointbot/install/share/xarm_moveit_servo//launch
-- Installing: /home/rob/project/csci5551-s26-team-pointbot/install/share/xarm_moveit_servo//launch/lite6_moveit_servo_fake.launch.py
-- Installing: /home/rob/project/csci5551-s26-team-pointbot/install/share/xarm_moveit_servo//launch/xarm_moveit_servo_fake.launch.py
-- Installing: /home/rob/project/csci5551-s26-team-pointbot/install/share/xarm_moveit_servo//launch/uf850_moveit_servo_fake.launch.py
-- Installing: /home/rob/project/csci5551-s26-team-pointbot/install/share/xarm_moveit_servo//launch/lite6_moveit_servo_realmove.launch.py
-- Installing: /home/rob/project/csci5551-s26-team-pointbot/install/share/xarm_moveit_servo//launch/xarm_moveit_servo_realmove.launch.py
-- Installing: /home/rob/project/csci5551-s26-team-pointbot/install/share/xarm_moveit_servo//launch/uf850_moveit_servo_realmove.launch.py
-- Installing: /home/rob/project/csci5551-s26-team-pointbot/install/share/xarm_moveit_servo//launch/_robot_moveit_servo.launch.py
-- Installing: /home/rob/project/csci5551-s26-team-pointbot/install/share/xarm_moveit_servo//launch/_robot_moveit_servo_realmove.launch.py
-- Installing: /home/rob/project/csci5551-s26-team-pointbot/install/share/xarm_moveit_servo//launch/_robot_moveit_servo_fake.launch.py
-- Installing: /home/rob/project/csci5551-s26-team-pointbot/install/share/xarm_moveit_servo//rviz
-- Installing: /home/rob/project/csci5551-s26-team-pointbot/install/share/xarm_moveit_servo//rviz/servo.rviz
-- Installing: /home/rob/project/csci5551-s26-team-pointbot/install/share/ament_index/resource_index/package_run_dependencies/xarm_moveit_servo
-- Installing: /home/rob/project/csci5551-s26-team-pointbot/install/share/ament_index/resource_index/parent_prefix_path/xarm_moveit_servo
-- Installing: /home/rob/project/csci5551-s26-team-pointbot/install/share/xarm_moveit_servo/environment/ament_prefix_path.sh
-- Installing: /home/rob/project/csci5551-s26-team-pointbot/install/share/xarm_moveit_servo/environment/ament_prefix_path.dsv
-- Installing: /home/rob/project/csci5551-s26-team-pointbot/install/share/xarm_moveit_servo/environment/path.sh
-- Installing: /home/rob/project/csci5551-s26-team-pointbot/install/share/xarm_moveit_servo/environment/path.dsv
-- Installing: /home/rob/project/csci5551-s26-team-pointbot/install/share/xarm_moveit_servo/local_setup.bash
-- Installing: /home/rob/project/csci5551-s26-team-pointbot/install/share/xarm_moveit_servo/local_setup.sh
-- Installing: /home/rob/project/csci5551-s26-team-pointbot/install/share/xarm_moveit_servo/local_setup.zsh
-- Installing: /home/rob/project/csci5551-s26-team-pointbot/install/share/xarm_moveit_servo/local_setup.dsv
-- Installing: /home/rob/project/csci5551-s26-team-pointbot/install/share/xarm_moveit_servo/package.dsv
-- Installing: /home/rob/project/csci5551-s26-team-pointbot/install/share/ament_index/resource_index/packages/xarm_moveit_servo
-- Installing: /home/rob/project/csci5551-s26-team-pointbot/install/share/ament_index/resource_index/rclcpp_components/xarm_moveit_servo
-- Installing: /home/rob/project/csci5551-s26-team-pointbot/install/share/xarm_moveit_servo/cmake/xarm_moveit_servoConfig.cmake
-- Installing: /home/rob/project/csci5551-s26-team-pointbot/install/share/xarm_moveit_servo/cmake/xarm_moveit_servoConfig-version.cmake
-- Installing: /home/rob/project/csci5551-s26-team-pointbot/install/share/xarm_moveit_servo/package.xml
