[0.036s] Invoking command in '/home/rob/project/csci5551-s26-team-pointbot/build/xarm_moveit_servo': CMAKE_PREFIX_PATH=${CMAKE_PREFIX_PATH}:/opt/ros/jazzy CONDA_PROMPT_MODIFIER=(base) DEBUGINFOD_URLS=https://debuginfod.ubuntu.com LD_LIBRARY_PATH=/home/rob/project/csci5551-s26-team-pointbot/install/lib:/opt/ros/jazzy/opt/sdformat_vendor/lib:/opt/ros/jazzy/opt/rviz_ogre_vendor/lib:/opt/ros/jazzy/lib/x86_64-linux-gnu:/opt/ros/jazzy/opt/gz_math_vendor/lib:/opt/ros/jazzy/opt/gz_utils_vendor/lib:/opt/ros/jazzy/opt/gz_tools_vendor/lib:/opt/ros/jazzy/opt/gz_cmake_vendor/lib:/opt/ros/jazzy/lib:/usr/local/cuda-12.8/lib64’ PYTHONPATH=/home/rob/project/csci5551-s26-team-pointbot/install/lib/python3.12/site-packages:/home/rob/project/csci5551-s26-team-pointbot/install/lib/python3.13/site-packages:/opt/ros/jazzy/lib/python3.12/site-packages:/home/rob/robotics5551:/home/rob/robotics5551 /usr/bin/cmake /home/rob/project/csci5551-s26-team-pointbot/src/xarm_ros2/xarm_moveit_servo -DCMAKE_INSTALL_PREFIX=/home/rob/project/csci5551-s26-team-pointbot/install
[0.137s] -- The C compiler identification is GNU 13.3.0
[0.211s] -- The CXX compiler identification is GNU 13.3.0
[0.230s] -- Detecting C compiler ABI info
[0.348s] -- Detecting C compiler ABI info - done
[0.359s] -- Check for working C compiler: /usr/bin/cc - skipped
[0.359s] -- Detecting C compile features
[0.360s] -- Detecting C compile features - done
[0.370s] -- Detecting CXX compiler ABI info
[0.497s] -- Detecting CXX compiler ABI info - done
[0.509s] -- Check for working CXX compiler: /usr/bin/c++ - skipped
[0.509s] -- Detecting CXX compile features
[0.510s] -- Detecting CXX compile features - done
[0.513s] -- Found ament_cmake: 2.5.5 (/opt/ros/jazzy/share/ament_cmake/cmake)
[0.661s] -- Found Python3: /home/rob/miniforge3/bin/python3 (found version "3.13.12") found components: Interpreter 
[0.770s] -- Found rclcpp: 28.1.16 (/opt/ros/jazzy/share/rclcpp/cmake)
[0.794s] -- Found rosidl_generator_c: 4.6.7 (/opt/ros/jazzy/share/rosidl_generator_c/cmake)
[0.801s] -- Found rosidl_generator_cpp: 4.6.7 (/opt/ros/jazzy/share/rosidl_generator_cpp/cmake)
[0.810s] -- Using all available rosidl_typesupport_c: rosidl_typesupport_fastrtps_c;rosidl_typesupport_introspection_c
[0.820s] -- Using all available rosidl_typesupport_cpp: rosidl_typesupport_fastrtps_cpp;rosidl_typesupport_introspection_cpp
[0.862s] -- Found rmw_implementation_cmake: 7.3.3 (/opt/ros/jazzy/share/rmw_implementation_cmake/cmake)
[0.863s] -- Found rmw_fastrtps_cpp: 8.4.3 (/opt/ros/jazzy/share/rmw_fastrtps_cpp/cmake)
[0.935s] -- Found OpenSSL: /usr/lib/x86_64-linux-gnu/libcrypto.so (found version "3.0.13")  
[0.956s] -- Found FastRTPS: /opt/ros/jazzy/include (Required is at least version "2.13") 
[0.986s] -- Using RMW implementation 'rmw_fastrtps_cpp' as default
[1.046s] -- Found rclcpp_components: 28.1.16 (/opt/ros/jazzy/share/rclcpp_components/cmake)
[1.068s] -- Found std_msgs: 5.3.6 (/opt/ros/jazzy/share/std_msgs/cmake)
[1.076s] -- Found std_srvs: 5.3.6 (/opt/ros/jazzy/share/std_srvs/cmake)
[1.086s] -- Found sensor_msgs: 5.3.6 (/opt/ros/jazzy/share/sensor_msgs/cmake)
[1.123s] -- Found control_msgs: 5.7.0 (/opt/ros/jazzy/share/control_msgs/cmake)
[1.178s] -- Found moveit_msgs: 2.6.0 (/opt/ros/jazzy/share/moveit_msgs/cmake)
[1.265s] -- Found moveit_ros_planning: 2.12.4 (/opt/ros/jazzy/share/moveit_ros_planning/cmake)
[1.433s] -- Found Boost: /usr/lib/x86_64-linux-gnu/cmake/Boost-1.83.0/BoostConfig.cmake (found version "1.83.0") found components: system filesystem date_time program_options thread chrono 
[1.453s] -- Found parameter_traits: 0.6.0 (/opt/ros/jazzy/share/parameter_traits/cmake)
[1.460s] -- Found rclcpp_lifecycle: 28.1.16 (/opt/ros/jazzy/share/rclcpp_lifecycle/cmake)
[1.490s] -- Found Boost: /usr/lib/x86_64-linux-gnu/cmake/Boost-1.83.0/BoostConfig.cmake (found version "1.83.0") found components: chrono date_time filesystem iostreams program_options regex serialization system thread 
[1.519s] -- Found Boost: /usr/lib/x86_64-linux-gnu/cmake/Boost-1.83.0/BoostConfig.cmake (found version "1.83.0") found components: filesystem 
[1.552s] -- Found Eigen3: TRUE (found version "3.4.0") 
[1.552s] -- Ensuring Eigen3 include directory is part of orocos-kdl CMake target
[1.636s] -- Found ament_lint_auto: 0.17.4 (/opt/ros/jazzy/share/ament_lint_auto/cmake)
[1.763s] -- Added test 'copyright' to check source files copyright and LICENSE
[1.764s] -- Added test 'cppcheck' to perform static code analysis on C / C++ code
[1.764s] -- Configured cppcheck include dirs: /home/rob/project/csci5551-s26-team-pointbot/src/xarm_ros2/xarm_moveit_servo/include
[1.765s] -- Configured cppcheck exclude dirs and/or files: 
[1.765s] -- Added test 'cpplint' to check C / C++ code against the Google style
[1.765s] -- Configured cpplint exclude dirs and/or files: 
[1.765s] -- Added test 'flake8' to check Python code syntax and style conventions
[1.766s] -- Configured 'flake8' exclude dirs and/or files: 
[1.766s] -- Added test 'lint_cmake' to check CMake code style
[1.766s] -- Added test 'pep257' to check Python code against some of the docstring style conventions in PEP 257
[1.767s] -- Added test 'uncrustify' to check C / C++ code style
[1.767s] -- Configured uncrustify additional arguments: 
[1.767s] -- Added test 'xmllint' to check XML markup files
[1.767s] -- Configuring done (1.7s)
[1.790s] -- Generating done (0.0s)
[1.796s] -- Build files have been written to: /home/rob/project/csci5551-s26-team-pointbot/build/xarm_moveit_servo
[1.808s] Invoked command in '/home/rob/project/csci5551-s26-team-pointbot/build/xarm_moveit_servo' returned '0': CMAKE_PREFIX_PATH=${CMAKE_PREFIX_PATH}:/opt/ros/jazzy CONDA_PROMPT_MODIFIER=(base) DEBUGINFOD_URLS=https://debuginfod.ubuntu.com LD_LIBRARY_PATH=/home/rob/project/csci5551-s26-team-pointbot/install/lib:/opt/ros/jazzy/opt/sdformat_vendor/lib:/opt/ros/jazzy/opt/rviz_ogre_vendor/lib:/opt/ros/jazzy/lib/x86_64-linux-gnu:/opt/ros/jazzy/opt/gz_math_vendor/lib:/opt/ros/jazzy/opt/gz_utils_vendor/lib:/opt/ros/jazzy/opt/gz_tools_vendor/lib:/opt/ros/jazzy/opt/gz_cmake_vendor/lib:/opt/ros/jazzy/lib:/usr/local/cuda-12.8/lib64’ PYTHONPATH=/home/rob/project/csci5551-s26-team-pointbot/install/lib/python3.12/site-packages:/home/rob/project/csci5551-s26-team-pointbot/install/lib/python3.13/site-packages:/opt/ros/jazzy/lib/python3.12/site-packages:/home/rob/robotics5551:/home/rob/robotics5551 /usr/bin/cmake /home/rob/project/csci5551-s26-team-pointbot/src/xarm_ros2/xarm_moveit_servo -DCMAKE_INSTALL_PREFIX=/home/rob/project/csci5551-s26-team-pointbot/install
[1.812s] Invoking command in '/home/rob/project/csci5551-s26-team-pointbot/build/xarm_moveit_servo': CMAKE_PREFIX_PATH=${CMAKE_PREFIX_PATH}:/opt/ros/jazzy CONDA_PROMPT_MODIFIER=(base) DEBUGINFOD_URLS=https://debuginfod.ubuntu.com LD_LIBRARY_PATH=/home/rob/project/csci5551-s26-team-pointbot/install/lib:/opt/ros/jazzy/opt/sdformat_vendor/lib:/opt/ros/jazzy/opt/rviz_ogre_vendor/lib:/opt/ros/jazzy/lib/x86_64-linux-gnu:/opt/ros/jazzy/opt/gz_math_vendor/lib:/opt/ros/jazzy/opt/gz_utils_vendor/lib:/opt/ros/jazzy/opt/gz_tools_vendor/lib:/opt/ros/jazzy/opt/gz_cmake_vendor/lib:/opt/ros/jazzy/lib:/usr/local/cuda-12.8/lib64’ PYTHONPATH=/home/rob/project/csci5551-s26-team-pointbot/install/lib/python3.12/site-packages:/home/rob/project/csci5551-s26-team-pointbot/install/lib/python3.13/site-packages:/opt/ros/jazzy/lib/python3.12/site-packages:/home/rob/robotics5551:/home/rob/robotics5551 /usr/bin/cmake --build /home/rob/project/csci5551-s26-team-pointbot/build/xarm_moveit_servo -- -j16 -l16
[1.912s] [ 33%] [32mBuilding CXX object CMakeFiles/xarm_joystick_input_node.dir/rclcpp_components/node_main_xarm_joystick_input_node.cpp.o[0m
[1.912s] [ 33%] [32mBuilding CXX object CMakeFiles/xarm_joystick_input.dir/src/xarm_joystick_input.cpp.o[0m
[1.916s] [ 50%] [32mBuilding CXX object CMakeFiles/xarm_keyboard_input.dir/src/xarm_keyboard_input.cpp.o[0m
[4.875s] [ 66%] [32m[1mLinking CXX executable xarm_joystick_input_node[0m
[5.106s] [ 66%] Built target xarm_joystick_input_node
[8.079s] [ 83%] [32m[1mLinking CXX executable xarm_keyboard_input[0m
[8.673s] [ 83%] Built target xarm_keyboard_input
[13.851s] [100%] [32m[1mLinking CXX shared library libxarm_joystick_input.so[0m
[14.971s] [100%] Built target xarm_joystick_input
[14.992s] Invoked command in '/home/rob/project/csci5551-s26-team-pointbot/build/xarm_moveit_servo' returned '0': CMAKE_PREFIX_PATH=${CMAKE_PREFIX_PATH}:/opt/ros/jazzy CONDA_PROMPT_MODIFIER=(base) DEBUGINFOD_URLS=https://debuginfod.ubuntu.com LD_LIBRARY_PATH=/home/rob/project/csci5551-s26-team-pointbot/install/lib:/opt/ros/jazzy/opt/sdformat_vendor/lib:/opt/ros/jazzy/opt/rviz_ogre_vendor/lib:/opt/ros/jazzy/lib/x86_64-linux-gnu:/opt/ros/jazzy/opt/gz_math_vendor/lib:/opt/ros/jazzy/opt/gz_utils_vendor/lib:/opt/ros/jazzy/opt/gz_tools_vendor/lib:/opt/ros/jazzy/opt/gz_cmake_vendor/lib:/opt/ros/jazzy/lib:/usr/local/cuda-12.8/lib64’ PYTHONPATH=/home/rob/project/csci5551-s26-team-pointbot/install/lib/python3.12/site-packages:/home/rob/project/csci5551-s26-team-pointbot/install/lib/python3.13/site-packages:/opt/ros/jazzy/lib/python3.12/site-packages:/home/rob/robotics5551:/home/rob/robotics5551 /usr/bin/cmake --build /home/rob/project/csci5551-s26-team-pointbot/build/xarm_moveit_servo -- -j16 -l16
[14.995s] Invoking command in '/home/rob/project/csci5551-s26-team-pointbot/build/xarm_moveit_servo': CMAKE_PREFIX_PATH=${CMAKE_PREFIX_PATH}:/opt/ros/jazzy CONDA_PROMPT_MODIFIER=(base) DEBUGINFOD_URLS=https://debuginfod.ubuntu.com LD_LIBRARY_PATH=/home/rob/project/csci5551-s26-team-pointbot/install/lib:/opt/ros/jazzy/opt/sdformat_vendor/lib:/opt/ros/jazzy/opt/rviz_ogre_vendor/lib:/opt/ros/jazzy/lib/x86_64-linux-gnu:/opt/ros/jazzy/opt/gz_math_vendor/lib:/opt/ros/jazzy/opt/gz_utils_vendor/lib:/opt/ros/jazzy/opt/gz_tools_vendor/lib:/opt/ros/jazzy/opt/gz_cmake_vendor/lib:/opt/ros/jazzy/lib:/usr/local/cuda-12.8/lib64’ PYTHONPATH=/home/rob/project/csci5551-s26-team-pointbot/install/lib/python3.12/site-packages:/home/rob/project/csci5551-s26-team-pointbot/install/lib/python3.13/site-packages:/opt/ros/jazzy/lib/python3.12/site-packages:/home/rob/robotics5551:/home/rob/robotics5551 /usr/bin/cmake --install /home/rob/project/csci5551-s26-team-pointbot/build/xarm_moveit_servo
[15.014s] -- Install configuration: ""
[15.014s] -- Installing: /home/rob/project/csci5551-s26-team-pointbot/install/lib/xarm_moveit_servo/xarm_joystick_input_node
[15.016s] -- Set non-toolchain portion of runtime path of "/home/rob/project/csci5551-s26-team-pointbot/install/lib/xarm_moveit_servo/xarm_joystick_input_node" to ""
[15.016s] -- Installing: /home/rob/project/csci5551-s26-team-pointbot/install/lib/libxarm_joystick_input.so
[15.030s] -- Set non-toolchain portion of runtime path of "/home/rob/project/csci5551-s26-team-pointbot/install/lib/libxarm_joystick_input.so" to ""
[15.030s] -- Up-to-date: /home/rob/project/csci5551-s26-team-pointbot/install/lib/xarm_moveit_servo/xarm_joystick_input_node
[15.030s] -- Installing: /home/rob/project/csci5551-s26-team-pointbot/install/lib/xarm_moveit_servo/xarm_keyboard_input
[15.037s] -- Set non-toolchain portion of runtime path of "/home/rob/project/csci5551-s26-team-pointbot/install/lib/xarm_moveit_servo/xarm_keyboard_input" to ""
[15.037s] -- Installing: /home/rob/project/csci5551-s26-team-pointbot/install/share/xarm_moveit_servo//config
[15.037s] -- Installing: /home/rob/project/csci5551-s26-team-pointbot/install/share/xarm_moveit_servo//config/xarm_moveit_servo_config.yaml
[15.037s] -- Installing: /home/rob/project/csci5551-s26-team-pointbot/install/share/xarm_moveit_servo//launch
[15.038s] -- Installing: /home/rob/project/csci5551-s26-team-pointbot/install/share/xarm_moveit_servo//launch/lite6_moveit_servo_fake.launch.py
[15.038s] -- Installing: /home/rob/project/csci5551-s26-team-pointbot/install/share/xarm_moveit_servo//launch/xarm_moveit_servo_fake.launch.py
[15.038s] -- Installing: /home/rob/project/csci5551-s26-team-pointbot/install/share/xarm_moveit_servo//launch/uf850_moveit_servo_fake.launch.py
[15.038s] -- Installing: /home/rob/project/csci5551-s26-team-pointbot/install/share/xarm_moveit_servo//launch/lite6_moveit_servo_realmove.launch.py
[15.038s] -- Installing: /home/rob/project/csci5551-s26-team-pointbot/install/share/xarm_moveit_servo//launch/xarm_moveit_servo_realmove.launch.py
[15.039s] -- Installing: /home/rob/project/csci5551-s26-team-pointbot/install/share/xarm_moveit_servo//launch/uf850_moveit_servo_realmove.launch.py
[15.039s] -- Installing: /home/rob/project/csci5551-s26-team-pointbot/install/share/xarm_moveit_servo//launch/_robot_moveit_servo.launch.py
[15.039s] -- Installing: /home/rob/project/csci5551-s26-team-pointbot/install/share/xarm_moveit_servo//launch/_robot_moveit_servo_realmove.launch.py
[15.039s] -- Installing: /home/rob/project/csci5551-s26-team-pointbot/install/share/xarm_moveit_servo//launch/_robot_moveit_servo_fake.launch.py
[15.040s] -- Installing: /home/rob/project/csci5551-s26-team-pointbot/install/share/xarm_moveit_servo//rviz
[15.040s] -- Installing: /home/rob/project/csci5551-s26-team-pointbot/install/share/xarm_moveit_servo//rviz/servo.rviz
[15.040s] -- Installing: /home/rob/project/csci5551-s26-team-pointbot/install/share/ament_index/resource_index/package_run_dependencies/xarm_moveit_servo
[15.040s] -- Installing: /home/rob/project/csci5551-s26-team-pointbot/install/share/ament_index/resource_index/parent_prefix_path/xarm_moveit_servo
[15.040s] -- Installing: /home/rob/project/csci5551-s26-team-pointbot/install/share/xarm_moveit_servo/environment/ament_prefix_path.sh
[15.041s] -- Installing: /home/rob/project/csci5551-s26-team-pointbot/install/share/xarm_moveit_servo/environment/ament_prefix_path.dsv
[15.041s] -- Installing: /home/rob/project/csci5551-s26-team-pointbot/install/share/xarm_moveit_servo/environment/path.sh
[15.041s] -- Installing: /home/rob/project/csci5551-s26-team-pointbot/install/share/xarm_moveit_servo/environment/path.dsv
[15.041s] -- Installing: /home/rob/project/csci5551-s26-team-pointbot/install/share/xarm_moveit_servo/local_setup.bash
[15.041s] -- Installing: /home/rob/project/csci5551-s26-team-pointbot/install/share/xarm_moveit_servo/local_setup.sh
[15.042s] -- Installing: /home/rob/project/csci5551-s26-team-pointbot/install/share/xarm_moveit_servo/local_setup.zsh
[15.042s] -- Installing: /home/rob/project/csci5551-s26-team-pointbot/install/share/xarm_moveit_servo/local_setup.dsv
[15.042s] -- Installing: /home/rob/project/csci5551-s26-team-pointbot/install/share/xarm_moveit_servo/package.dsv
[15.042s] -- Installing: /home/rob/project/csci5551-s26-team-pointbot/install/share/ament_index/resource_index/packages/xarm_moveit_servo
[15.042s] -- Installing: /home/rob/project/csci5551-s26-team-pointbot/install/share/ament_index/resource_index/rclcpp_components/xarm_moveit_servo
[15.043s] -- Installing: /home/rob/project/csci5551-s26-team-pointbot/install/share/xarm_moveit_servo/cmake/xarm_moveit_servoConfig.cmake
[15.043s] -- Installing: /home/rob/project/csci5551-s26-team-pointbot/install/share/xarm_moveit_servo/cmake/xarm_moveit_servoConfig-version.cmake
[15.043s] -- Installing: /home/rob/project/csci5551-s26-team-pointbot/install/share/xarm_moveit_servo/package.xml
[15.048s] Invoked command in '/home/rob/project/csci5551-s26-team-pointbot/build/xarm_moveit_servo' returned '0': CMAKE_PREFIX_PATH=${CMAKE_PREFIX_PATH}:/opt/ros/jazzy CONDA_PROMPT_MODIFIER=(base) DEBUGINFOD_URLS=https://debuginfod.ubuntu.com LD_LIBRARY_PATH=/home/rob/project/csci5551-s26-team-pointbot/install/lib:/opt/ros/jazzy/opt/sdformat_vendor/lib:/opt/ros/jazzy/opt/rviz_ogre_vendor/lib:/opt/ros/jazzy/lib/x86_64-linux-gnu:/opt/ros/jazzy/opt/gz_math_vendor/lib:/opt/ros/jazzy/opt/gz_utils_vendor/lib:/opt/ros/jazzy/opt/gz_tools_vendor/lib:/opt/ros/jazzy/opt/gz_cmake_vendor/lib:/opt/ros/jazzy/lib:/usr/local/cuda-12.8/lib64’ PYTHONPATH=/home/rob/project/csci5551-s26-team-pointbot/install/lib/python3.12/site-packages:/home/rob/project/csci5551-s26-team-pointbot/install/lib/python3.13/site-packages:/opt/ros/jazzy/lib/python3.12/site-packages:/home/rob/robotics5551:/home/rob/robotics5551 /usr/bin/cmake --install /home/rob/project/csci5551-s26-team-pointbot/build/xarm_moveit_servo
