[0.030s] Invoking command in '/home/rob/project/csci5551-s26-team-pointbot/build/mbot_demo': CMAKE_PREFIX_PATH=${CMAKE_PREFIX_PATH}:/opt/ros/jazzy CONDA_PROMPT_MODIFIER=(base) DEBUGINFOD_URLS=https://debuginfod.ubuntu.com PYTHONPATH=/home/rob/project/csci5551-s26-team-pointbot/install/lib/python3.12/site-packages:/home/rob/project/csci5551-s26-team-pointbot/install/lib/python3.13/site-packages:/opt/ros/jazzy/lib/python3.12/site-packages:/home/rob/robotics5551:/home/rob/robotics5551 /usr/bin/cmake /home/rob/project/csci5551-s26-team-pointbot/src/xarm_ros2/demo/mbot_demo -DCMAKE_INSTALL_PREFIX=/home/rob/project/csci5551-s26-team-pointbot/install
[0.170s] -- The C compiler identification is GNU 13.3.0
[0.333s] -- The CXX compiler identification is GNU 13.3.0
[0.389s] -- Detecting C compiler ABI info
[0.718s] -- Detecting C compiler ABI info - done
[0.737s] -- Check for working C compiler: /usr/bin/cc - skipped
[0.738s] -- Detecting C compile features
[0.744s] -- Detecting C compile features - done
[0.778s] -- Detecting CXX compiler ABI info
[1.032s] -- Detecting CXX compiler ABI info - done
[1.042s] -- Check for working CXX compiler: /usr/bin/c++ - skipped
[1.042s] -- Detecting CXX compile features
[1.042s] -- Detecting CXX compile features - done
[1.046s] -- Found ament_cmake: 2.5.5 (/opt/ros/jazzy/share/ament_cmake/cmake)
[1.360s] -- Found Python3: /home/rob/miniforge3/bin/python3 (found version "3.13.12") found components: Interpreter 
[1.542s] -- Found ament_lint_auto: 0.17.4 (/opt/ros/jazzy/share/ament_lint_auto/cmake)
[1.720s] -- Added test 'copyright' to check source files copyright and LICENSE
[1.722s] -- Added test 'flake8' to check Python code syntax and style conventions
[1.722s] -- Configured 'flake8' exclude dirs and/or files: 
[1.723s] -- Added test 'lint_cmake' to check CMake code style
[1.723s] -- Added test 'pep257' to check Python code against some of the docstring style conventions in PEP 257
[1.725s] -- Added test 'xmllint' to check XML markup files
[1.726s] -- Configuring done (1.7s)
[1.729s] -- Generating done (0.0s)
[1.731s] -- Build files have been written to: /home/rob/project/csci5551-s26-team-pointbot/build/mbot_demo
[1.738s] Invoked command in '/home/rob/project/csci5551-s26-team-pointbot/build/mbot_demo' returned '0': CMAKE_PREFIX_PATH=${CMAKE_PREFIX_PATH}:/opt/ros/jazzy CONDA_PROMPT_MODIFIER=(base) DEBUGINFOD_URLS=https://debuginfod.ubuntu.com PYTHONPATH=/home/rob/project/csci5551-s26-team-pointbot/install/lib/python3.12/site-packages:/home/rob/project/csci5551-s26-team-pointbot/install/lib/python3.13/site-packages:/opt/ros/jazzy/lib/python3.12/site-packages:/home/rob/robotics5551:/home/rob/robotics5551 /usr/bin/cmake /home/rob/project/csci5551-s26-team-pointbot/src/xarm_ros2/demo/mbot_demo -DCMAKE_INSTALL_PREFIX=/home/rob/project/csci5551-s26-team-pointbot/install
[1.739s] Invoking command in '/home/rob/project/csci5551-s26-team-pointbot/build/mbot_demo': CMAKE_PREFIX_PATH=${CMAKE_PREFIX_PATH}:/opt/ros/jazzy CONDA_PROMPT_MODIFIER=(base) DEBUGINFOD_URLS=https://debuginfod.ubuntu.com PYTHONPATH=/home/rob/project/csci5551-s26-team-pointbot/install/lib/python3.12/site-packages:/home/rob/project/csci5551-s26-team-pointbot/install/lib/python3.13/site-packages:/opt/ros/jazzy/lib/python3.12/site-packages:/home/rob/robotics5551:/home/rob/robotics5551 /usr/bin/cmake --build /home/rob/project/csci5551-s26-team-pointbot/build/mbot_demo -- -j16 -l16
[1.805s] Invoked command in '/home/rob/project/csci5551-s26-team-pointbot/build/mbot_demo' returned '0': CMAKE_PREFIX_PATH=${CMAKE_PREFIX_PATH}:/opt/ros/jazzy CONDA_PROMPT_MODIFIER=(base) DEBUGINFOD_URLS=https://debuginfod.ubuntu.com PYTHONPATH=/home/rob/project/csci5551-s26-team-pointbot/install/lib/python3.12/site-packages:/home/rob/project/csci5551-s26-team-pointbot/install/lib/python3.13/site-packages:/opt/ros/jazzy/lib/python3.12/site-packages:/home/rob/robotics5551:/home/rob/robotics5551 /usr/bin/cmake --build /home/rob/project/csci5551-s26-team-pointbot/build/mbot_demo -- -j16 -l16
[1.807s] Invoking command in '/home/rob/project/csci5551-s26-team-pointbot/build/mbot_demo': CMAKE_PREFIX_PATH=${CMAKE_PREFIX_PATH}:/opt/ros/jazzy CONDA_PROMPT_MODIFIER=(base) DEBUGINFOD_URLS=https://debuginfod.ubuntu.com PYTHONPATH=/home/rob/project/csci5551-s26-team-pointbot/install/lib/python3.12/site-packages:/home/rob/project/csci5551-s26-team-pointbot/install/lib/python3.13/site-packages:/opt/ros/jazzy/lib/python3.12/site-packages:/home/rob/robotics5551:/home/rob/robotics5551 /usr/bin/cmake --install /home/rob/project/csci5551-s26-team-pointbot/build/mbot_demo
[1.816s] -- Install configuration: ""
[1.816s] -- Installing: /home/rob/project/csci5551-s26-team-pointbot/install/share/mbot_demo//rviz
[1.816s] -- Installing: /home/rob/project/csci5551-s26-team-pointbot/install/share/mbot_demo//rviz/moveit.rviz
[1.816s] -- Installing: /home/rob/project/csci5551-s26-team-pointbot/install/share/mbot_demo//urdf
[1.817s] -- Installing: /home/rob/project/csci5551-s26-team-pointbot/install/share/mbot_demo//urdf/mbot_macro.xacro
[1.817s] -- Installing: /home/rob/project/csci5551-s26-team-pointbot/install/share/mbot_demo//urdf/mbot.transmission.xacro
[1.817s] -- Installing: /home/rob/project/csci5551-s26-team-pointbot/install/share/mbot_demo//urdf/mbot.ros2_control.xacro
[1.817s] -- Installing: /home/rob/project/csci5551-s26-team-pointbot/install/share/mbot_demo//urdf/mbot.urdf.xacro
[1.817s] -- Installing: /home/rob/project/csci5551-s26-team-pointbot/install/share/mbot_demo//urdf/mbot_with_xarm.urdf.xacro
[1.817s] -- Installing: /home/rob/project/csci5551-s26-team-pointbot/install/share/mbot_demo//urdf/mbot.gazebo.xacro
[1.817s] -- Installing: /home/rob/project/csci5551-s26-team-pointbot/install/share/mbot_demo//srdf
[1.817s] -- Installing: /home/rob/project/csci5551-s26-team-pointbot/install/share/mbot_demo//srdf/mbot_macro.srdf.xacro
[1.817s] -- Installing: /home/rob/project/csci5551-s26-team-pointbot/install/share/mbot_demo//srdf/mbot_with_xarm.srdf.xacro
[1.817s] -- Installing: /home/rob/project/csci5551-s26-team-pointbot/install/share/mbot_demo//config
[1.817s] -- Installing: /home/rob/project/csci5551-s26-team-pointbot/install/share/mbot_demo//config/kinematics.yaml
[1.817s] -- Installing: /home/rob/project/csci5551-s26-team-pointbot/install/share/mbot_demo//config/joint_limits.yaml
[1.817s] -- Installing: /home/rob/project/csci5551-s26-team-pointbot/install/share/mbot_demo//config/controllers.yaml
[1.817s] -- Installing: /home/rob/project/csci5551-s26-team-pointbot/install/share/mbot_demo//config/ros2_controllers.yaml
[1.817s] -- Installing: /home/rob/project/csci5551-s26-team-pointbot/install/share/mbot_demo//config/ompl_planning.yaml
[1.817s] -- Installing: /home/rob/project/csci5551-s26-team-pointbot/install/share/mbot_demo//worlds
[1.818s] -- Installing: /home/rob/project/csci5551-s26-team-pointbot/install/share/mbot_demo//worlds/empty.world
[1.818s] -- Installing: /home/rob/project/csci5551-s26-team-pointbot/install/share/mbot_demo//launch
[1.818s] -- Installing: /home/rob/project/csci5551-s26-team-pointbot/install/share/mbot_demo//launch/mbot_moveit_realmove.launch.py
[1.818s] -- Installing: /home/rob/project/csci5551-s26-team-pointbot/install/share/mbot_demo//launch/mbot_moveit_gazebo.launch.py
[1.818s] -- Installing: /home/rob/project/csci5551-s26-team-pointbot/install/share/mbot_demo//launch/mbot_moveit_fake.launch.py
[1.818s] -- Installing: /home/rob/project/csci5551-s26-team-pointbot/install/share/mbot_demo//launch/_robot_on_mbot_gazebo.launch.py
[1.818s] -- Installing: /home/rob/project/csci5551-s26-team-pointbot/install/share/mbot_demo//launch/_robot_on_mbot_gz.launch.py
[1.818s] -- Installing: /home/rob/project/csci5551-s26-team-pointbot/install/share/ament_index/resource_index/package_run_dependencies/mbot_demo
[1.818s] -- Installing: /home/rob/project/csci5551-s26-team-pointbot/install/share/ament_index/resource_index/parent_prefix_path/mbot_demo
[1.818s] -- Installing: /home/rob/project/csci5551-s26-team-pointbot/install/share/mbot_demo/environment/ament_prefix_path.sh
[1.818s] -- Installing: /home/rob/project/csci5551-s26-team-pointbot/install/share/mbot_demo/environment/ament_prefix_path.dsv
[1.818s] -- Installing: /home/rob/project/csci5551-s26-team-pointbot/install/share/mbot_demo/environment/path.sh
[1.818s] -- Installing: /home/rob/project/csci5551-s26-team-pointbot/install/share/mbot_demo/environment/path.dsv
[1.818s] -- Installing: /home/rob/project/csci5551-s26-team-pointbot/install/share/mbot_demo/local_setup.bash
[1.818s] -- Installing: /home/rob/project/csci5551-s26-team-pointbot/install/share/mbot_demo/local_setup.sh
[1.818s] -- Installing: /home/rob/project/csci5551-s26-team-pointbot/install/share/mbot_demo/local_setup.zsh
[1.819s] -- Installing: /home/rob/project/csci5551-s26-team-pointbot/install/share/mbot_demo/local_setup.dsv
[1.819s] -- Installing: /home/rob/project/csci5551-s26-team-pointbot/install/share/mbot_demo/package.dsv
[1.819s] -- Installing: /home/rob/project/csci5551-s26-team-pointbot/install/share/ament_index/resource_index/packages/mbot_demo
[1.819s] -- Installing: /home/rob/project/csci5551-s26-team-pointbot/install/share/mbot_demo/cmake/mbot_demoConfig.cmake
[1.819s] -- Installing: /home/rob/project/csci5551-s26-team-pointbot/install/share/mbot_demo/cmake/mbot_demoConfig-version.cmake
[1.819s] -- Installing: /home/rob/project/csci5551-s26-team-pointbot/install/share/mbot_demo/package.xml
[1.821s] Invoked command in '/home/rob/project/csci5551-s26-team-pointbot/build/mbot_demo' returned '0': CMAKE_PREFIX_PATH=${CMAKE_PREFIX_PATH}:/opt/ros/jazzy CONDA_PROMPT_MODIFIER=(base) DEBUGINFOD_URLS=https://debuginfod.ubuntu.com PYTHONPATH=/home/rob/project/csci5551-s26-team-pointbot/install/lib/python3.12/site-packages:/home/rob/project/csci5551-s26-team-pointbot/install/lib/python3.13/site-packages:/opt/ros/jazzy/lib/python3.12/site-packages:/home/rob/robotics5551:/home/rob/robotics5551 /usr/bin/cmake --install /home/rob/project/csci5551-s26-team-pointbot/build/mbot_demo
