[100%] Built target zed_debug_proc
-- Install configuration: ""
-- Up-to-date: /home/rob/project/csci5551-s26-team-pointbot/install/lib/zed_debug/zed_debug_proc
-- Up-to-date: /home/rob/project/csci5551-s26-team-pointbot/install/share/zed_debug/launch
-- Up-to-date: /home/rob/project/csci5551-s26-team-pointbot/install/share/zed_debug/launch/zed_camera_debug.launch.py
-- Up-to-date: /home/rob/project/csci5551-s26-team-pointbot/install/share/zed_debug/config
-- Up-to-date: /home/rob/project/csci5551-s26-team-pointbot/install/share/zed_debug/config/zedm.yaml
-- Up-to-date: /home/rob/project/csci5551-s26-team-pointbot/install/share/zed_debug/config/virtual.yaml
-- Up-to-date: /home/rob/project/csci5551-s26-team-pointbot/install/share/zed_debug/config/custom_object_detection.yaml
-- Up-to-date: /home/rob/project/csci5551-s26-team-pointbot/install/share/zed_debug/config/common_mono.yaml
-- Up-to-date: /home/rob/project/csci5551-s26-team-pointbot/install/share/zed_debug/config/zed2.yaml
-- Up-to-date: /home/rob/project/csci5551-s26-team-pointbot/install/share/zed_debug/config/zed2i.yaml
-- Up-to-date: /home/rob/project/csci5551-s26-team-pointbot/install/share/zed_debug/config/zedxone4k.yaml
-- Up-to-date: /home/rob/project/csci5551-s26-team-pointbot/install/share/zed_debug/config/zedxm.yaml
-- Up-to-date: /home/rob/project/csci5551-s26-team-pointbot/install/share/zed_debug/config/zedxonehdr.yaml
-- Up-to-date: /home/rob/project/csci5551-s26-team-pointbot/install/share/zed_debug/config/zedxhdrmax.yaml
-- Up-to-date: /home/rob/project/csci5551-s26-team-pointbot/install/share/zed_debug/config/zedxonegs.yaml
-- Up-to-date: /home/rob/project/csci5551-s26-team-pointbot/install/share/zed_debug/config/zed.yaml
-- Up-to-date: /home/rob/project/csci5551-s26-team-pointbot/install/share/zed_debug/config/zedx.yaml
-- Up-to-date: /home/rob/project/csci5551-s26-team-pointbot/install/share/zed_debug/config/zedxhdrmini.yaml
-- Up-to-date: /home/rob/project/csci5551-s26-team-pointbot/install/share/zed_debug/config/zedxhdr.yaml
-- Up-to-date: /home/rob/project/csci5551-s26-team-pointbot/install/share/zed_debug/config/common_stereo.yaml
-- Up-to-date: /home/rob/project/csci5551-s26-team-pointbot/install/share/zed_debug/config/object_detection.yaml
-- Up-to-date: /home/rob/project/csci5551-s26-team-pointbot/install/share/ament_index/resource_index/package_run_dependencies/zed_debug
-- Up-to-date: /home/rob/project/csci5551-s26-team-pointbot/install/share/ament_index/resource_index/parent_prefix_path/zed_debug
-- Up-to-date: /home/rob/project/csci5551-s26-team-pointbot/install/share/zed_debug/environment/ament_prefix_path.sh
-- Up-to-date: /home/rob/project/csci5551-s26-team-pointbot/install/share/zed_debug/environment/ament_prefix_path.dsv
-- Up-to-date: /home/rob/project/csci5551-s26-team-pointbot/install/share/zed_debug/environment/path.sh
-- Up-to-date: /home/rob/project/csci5551-s26-team-pointbot/install/share/zed_debug/environment/path.dsv
-- Up-to-date: /home/rob/project/csci5551-s26-team-pointbot/install/share/zed_debug/local_setup.bash
-- Up-to-date: /home/rob/project/csci5551-s26-team-pointbot/install/share/zed_debug/local_setup.sh
-- Up-to-date: /home/rob/project/csci5551-s26-team-pointbot/install/share/zed_debug/local_setup.zsh
-- Up-to-date: /home/rob/project/csci5551-s26-team-pointbot/install/share/zed_debug/local_setup.dsv
-- Installing: /home/rob/project/csci5551-s26-team-pointbot/install/share/zed_debug/package.dsv
-- Up-to-date: /home/rob/project/csci5551-s26-team-pointbot/install/share/ament_index/resource_index/packages/zed_debug
-- Up-to-date: /home/rob/project/csci5551-s26-team-pointbot/install/share/zed_debug/cmake/zed_debugConfig.cmake
-- Up-to-date: /home/rob/project/csci5551-s26-team-pointbot/install/share/zed_debug/cmake/zed_debugConfig-version.cmake
-- Up-to-date: /home/rob/project/csci5551-s26-team-pointbot/install/share/zed_debug/package.xml
