[0.019s] Invoking command in '/home/rob/project/csci5551-s26-team-pointbot/build/zed_debug': CMAKE_PREFIX_PATH=${CMAKE_PREFIX_PATH}:/opt/ros/jazzy CONDA_PROMPT_MODIFIER=(base) DEBUGINFOD_URLS=https://debuginfod.ubuntu.com LD_LIBRARY_PATH=/home/rob/project/csci5551-s26-team-pointbot/install/lib:/opt/ros/jazzy/opt/sdformat_vendor/lib:/opt/ros/jazzy/opt/rviz_ogre_vendor/lib:/opt/ros/jazzy/lib/x86_64-linux-gnu:/opt/ros/jazzy/opt/gz_math_vendor/lib:/opt/ros/jazzy/opt/gz_utils_vendor/lib:/opt/ros/jazzy/opt/gz_tools_vendor/lib:/opt/ros/jazzy/opt/gz_cmake_vendor/lib:/opt/ros/jazzy/lib:/usr/local/cuda-12.8/lib64’ PYTHONPATH=/home/rob/project/csci5551-s26-team-pointbot/install/lib/python3.12/site-packages:/home/rob/project/csci5551-s26-team-pointbot/install/lib/python3.13/site-packages:/opt/ros/jazzy/lib/python3.12/site-packages:/home/rob/robotics5551:/home/rob/robotics5551 /usr/bin/cmake --build /home/rob/project/csci5551-s26-team-pointbot/build/zed_debug -- -j16 -l16
[0.096s] [100%] Built target zed_debug_proc
[0.108s] Invoked command in '/home/rob/project/csci5551-s26-team-pointbot/build/zed_debug' returned '0': CMAKE_PREFIX_PATH=${CMAKE_PREFIX_PATH}:/opt/ros/jazzy CONDA_PROMPT_MODIFIER=(base) DEBUGINFOD_URLS=https://debuginfod.ubuntu.com LD_LIBRARY_PATH=/home/rob/project/csci5551-s26-team-pointbot/install/lib:/opt/ros/jazzy/opt/sdformat_vendor/lib:/opt/ros/jazzy/opt/rviz_ogre_vendor/lib:/opt/ros/jazzy/lib/x86_64-linux-gnu:/opt/ros/jazzy/opt/gz_math_vendor/lib:/opt/ros/jazzy/opt/gz_utils_vendor/lib:/opt/ros/jazzy/opt/gz_tools_vendor/lib:/opt/ros/jazzy/opt/gz_cmake_vendor/lib:/opt/ros/jazzy/lib:/usr/local/cuda-12.8/lib64’ PYTHONPATH=/home/rob/project/csci5551-s26-team-pointbot/install/lib/python3.12/site-packages:/home/rob/project/csci5551-s26-team-pointbot/install/lib/python3.13/site-packages:/opt/ros/jazzy/lib/python3.12/site-packages:/home/rob/robotics5551:/home/rob/robotics5551 /usr/bin/cmake --build /home/rob/project/csci5551-s26-team-pointbot/build/zed_debug -- -j16 -l16
[0.110s] Invoking command in '/home/rob/project/csci5551-s26-team-pointbot/build/zed_debug': CMAKE_PREFIX_PATH=${CMAKE_PREFIX_PATH}:/opt/ros/jazzy CONDA_PROMPT_MODIFIER=(base) DEBUGINFOD_URLS=https://debuginfod.ubuntu.com LD_LIBRARY_PATH=/home/rob/project/csci5551-s26-team-pointbot/install/lib:/opt/ros/jazzy/opt/sdformat_vendor/lib:/opt/ros/jazzy/opt/rviz_ogre_vendor/lib:/opt/ros/jazzy/lib/x86_64-linux-gnu:/opt/ros/jazzy/opt/gz_math_vendor/lib:/opt/ros/jazzy/opt/gz_utils_vendor/lib:/opt/ros/jazzy/opt/gz_tools_vendor/lib:/opt/ros/jazzy/opt/gz_cmake_vendor/lib:/opt/ros/jazzy/lib:/usr/local/cuda-12.8/lib64’ PYTHONPATH=/home/rob/project/csci5551-s26-team-pointbot/install/lib/python3.12/site-packages:/home/rob/project/csci5551-s26-team-pointbot/install/lib/python3.13/site-packages:/opt/ros/jazzy/lib/python3.12/site-packages:/home/rob/robotics5551:/home/rob/robotics5551 /usr/bin/cmake --install /home/rob/project/csci5551-s26-team-pointbot/build/zed_debug
[0.125s] -- Install configuration: ""
[0.126s] -- Up-to-date: /home/rob/project/csci5551-s26-team-pointbot/install/lib/zed_debug/zed_debug_proc
[0.126s] -- Up-to-date: /home/rob/project/csci5551-s26-team-pointbot/install/share/zed_debug/launch
[0.126s] -- Up-to-date: /home/rob/project/csci5551-s26-team-pointbot/install/share/zed_debug/launch/zed_camera_debug.launch.py
[0.127s] -- Up-to-date: /home/rob/project/csci5551-s26-team-pointbot/install/share/zed_debug/config
[0.127s] -- Up-to-date: /home/rob/project/csci5551-s26-team-pointbot/install/share/zed_debug/config/zedm.yaml
[0.127s] -- Up-to-date: /home/rob/project/csci5551-s26-team-pointbot/install/share/zed_debug/config/virtual.yaml
[0.127s] -- Up-to-date: /home/rob/project/csci5551-s26-team-pointbot/install/share/zed_debug/config/custom_object_detection.yaml
[0.128s] -- Up-to-date: /home/rob/project/csci5551-s26-team-pointbot/install/share/zed_debug/config/common_mono.yaml
[0.128s] -- Up-to-date: /home/rob/project/csci5551-s26-team-pointbot/install/share/zed_debug/config/zed2.yaml
[0.128s] -- Up-to-date: /home/rob/project/csci5551-s26-team-pointbot/install/share/zed_debug/config/zed2i.yaml
[0.128s] -- Up-to-date: /home/rob/project/csci5551-s26-team-pointbot/install/share/zed_debug/config/zedxone4k.yaml
[0.128s] -- Up-to-date: /home/rob/project/csci5551-s26-team-pointbot/install/share/zed_debug/config/zedxm.yaml
[0.128s] -- Up-to-date: /home/rob/project/csci5551-s26-team-pointbot/install/share/zed_debug/config/zedxonehdr.yaml
[0.128s] -- Up-to-date: /home/rob/project/csci5551-s26-team-pointbot/install/share/zed_debug/config/zedxhdrmax.yaml
[0.128s] -- Up-to-date: /home/rob/project/csci5551-s26-team-pointbot/install/share/zed_debug/config/zedxonegs.yaml
[0.128s] -- Up-to-date: /home/rob/project/csci5551-s26-team-pointbot/install/share/zed_debug/config/zed.yaml
[0.129s] -- Up-to-date: /home/rob/project/csci5551-s26-team-pointbot/install/share/zed_debug/config/zedx.yaml
[0.129s] -- Up-to-date: /home/rob/project/csci5551-s26-team-pointbot/install/share/zed_debug/config/zedxhdrmini.yaml
[0.129s] -- Up-to-date: /home/rob/project/csci5551-s26-team-pointbot/install/share/zed_debug/config/zedxhdr.yaml
[0.129s] -- Up-to-date: /home/rob/project/csci5551-s26-team-pointbot/install/share/zed_debug/config/common_stereo.yaml
[0.129s] -- Up-to-date: /home/rob/project/csci5551-s26-team-pointbot/install/share/zed_debug/config/object_detection.yaml
[0.129s] -- Up-to-date: /home/rob/project/csci5551-s26-team-pointbot/install/share/ament_index/resource_index/package_run_dependencies/zed_debug
[0.129s] -- Up-to-date: /home/rob/project/csci5551-s26-team-pointbot/install/share/ament_index/resource_index/parent_prefix_path/zed_debug
[0.129s] -- Up-to-date: /home/rob/project/csci5551-s26-team-pointbot/install/share/zed_debug/environment/ament_prefix_path.sh
[0.129s] -- Up-to-date: /home/rob/project/csci5551-s26-team-pointbot/install/share/zed_debug/environment/ament_prefix_path.dsv
[0.129s] -- Up-to-date: /home/rob/project/csci5551-s26-team-pointbot/install/share/zed_debug/environment/path.sh
[0.129s] -- Up-to-date: /home/rob/project/csci5551-s26-team-pointbot/install/share/zed_debug/environment/path.dsv
[0.130s] -- Up-to-date: /home/rob/project/csci5551-s26-team-pointbot/install/share/zed_debug/local_setup.bash
[0.130s] -- Up-to-date: /home/rob/project/csci5551-s26-team-pointbot/install/share/zed_debug/local_setup.sh
[0.130s] -- Up-to-date: /home/rob/project/csci5551-s26-team-pointbot/install/share/zed_debug/local_setup.zsh
[0.130s] -- Up-to-date: /home/rob/project/csci5551-s26-team-pointbot/install/share/zed_debug/local_setup.dsv
[0.130s] -- Installing: /home/rob/project/csci5551-s26-team-pointbot/install/share/zed_debug/package.dsv
[0.130s] -- Up-to-date: /home/rob/project/csci5551-s26-team-pointbot/install/share/ament_index/resource_index/packages/zed_debug
[0.130s] -- Up-to-date: /home/rob/project/csci5551-s26-team-pointbot/install/share/zed_debug/cmake/zed_debugConfig.cmake
[0.130s] -- Up-to-date: /home/rob/project/csci5551-s26-team-pointbot/install/share/zed_debug/cmake/zed_debugConfig-version.cmake
[0.130s] -- Up-to-date: /home/rob/project/csci5551-s26-team-pointbot/install/share/zed_debug/package.xml
[0.132s] Invoked command in '/home/rob/project/csci5551-s26-team-pointbot/build/zed_debug' returned '0': CMAKE_PREFIX_PATH=${CMAKE_PREFIX_PATH}:/opt/ros/jazzy CONDA_PROMPT_MODIFIER=(base) DEBUGINFOD_URLS=https://debuginfod.ubuntu.com LD_LIBRARY_PATH=/home/rob/project/csci5551-s26-team-pointbot/install/lib:/opt/ros/jazzy/opt/sdformat_vendor/lib:/opt/ros/jazzy/opt/rviz_ogre_vendor/lib:/opt/ros/jazzy/lib/x86_64-linux-gnu:/opt/ros/jazzy/opt/gz_math_vendor/lib:/opt/ros/jazzy/opt/gz_utils_vendor/lib:/opt/ros/jazzy/opt/gz_tools_vendor/lib:/opt/ros/jazzy/opt/gz_cmake_vendor/lib:/opt/ros/jazzy/lib:/usr/local/cuda-12.8/lib64’ PYTHONPATH=/home/rob/project/csci5551-s26-team-pointbot/install/lib/python3.12/site-packages:/home/rob/project/csci5551-s26-team-pointbot/install/lib/python3.13/site-packages:/opt/ros/jazzy/lib/python3.12/site-packages:/home/rob/robotics5551:/home/rob/robotics5551 /usr/bin/cmake --install /home/rob/project/csci5551-s26-team-pointbot/build/zed_debug
