[0.015s] Invoking command in '/home/rob/project/csci5551-s26-team-pointbot/build/xarm_api': CMAKE_PREFIX_PATH=${CMAKE_PREFIX_PATH}:/opt/ros/jazzy CONDA_PROMPT_MODIFIER=(base) DEBUGINFOD_URLS=https://debuginfod.ubuntu.com LD_LIBRARY_PATH=/home/rob/project/csci5551-s26-team-pointbot/install/lib:/opt/ros/jazzy/opt/sdformat_vendor/lib:/opt/ros/jazzy/opt/rviz_ogre_vendor/lib:/opt/ros/jazzy/lib/x86_64-linux-gnu:/opt/ros/jazzy/opt/gz_math_vendor/lib:/opt/ros/jazzy/opt/gz_utils_vendor/lib:/opt/ros/jazzy/opt/gz_tools_vendor/lib:/opt/ros/jazzy/opt/gz_cmake_vendor/lib:/opt/ros/jazzy/lib:/usr/local/cuda-12.8/lib64’ PYTHONPATH=/home/rob/project/csci5551-s26-team-pointbot/install/lib/python3.12/site-packages:/home/rob/project/csci5551-s26-team-pointbot/install/lib/python3.13/site-packages:/opt/ros/jazzy/lib/python3.12/site-packages:/home/rob/robotics5551:/home/rob/robotics5551 /usr/bin/cmake --build /home/rob/project/csci5551-s26-team-pointbot/build/xarm_api -- -j16 -l16
[0.075s] [ 15%] Built target xarm_ros_client
[0.075s] [ 30%] Built target test_robot_states
[0.076s] [ 53%] Built target xarm_ros_driver
[0.102s] [ 69%] Built target test_xarm_velo_move
[0.107s] [100%] Built target test_xarm_ros_client
[0.108s] [100%] Built target xarm_driver_node
[0.135s] Invoked command in '/home/rob/project/csci5551-s26-team-pointbot/build/xarm_api' returned '0': CMAKE_PREFIX_PATH=${CMAKE_PREFIX_PATH}:/opt/ros/jazzy CONDA_PROMPT_MODIFIER=(base) DEBUGINFOD_URLS=https://debuginfod.ubuntu.com LD_LIBRARY_PATH=/home/rob/project/csci5551-s26-team-pointbot/install/lib:/opt/ros/jazzy/opt/sdformat_vendor/lib:/opt/ros/jazzy/opt/rviz_ogre_vendor/lib:/opt/ros/jazzy/lib/x86_64-linux-gnu:/opt/ros/jazzy/opt/gz_math_vendor/lib:/opt/ros/jazzy/opt/gz_utils_vendor/lib:/opt/ros/jazzy/opt/gz_tools_vendor/lib:/opt/ros/jazzy/opt/gz_cmake_vendor/lib:/opt/ros/jazzy/lib:/usr/local/cuda-12.8/lib64’ PYTHONPATH=/home/rob/project/csci5551-s26-team-pointbot/install/lib/python3.12/site-packages:/home/rob/project/csci5551-s26-team-pointbot/install/lib/python3.13/site-packages:/opt/ros/jazzy/lib/python3.12/site-packages:/home/rob/robotics5551:/home/rob/robotics5551 /usr/bin/cmake --build /home/rob/project/csci5551-s26-team-pointbot/build/xarm_api -- -j16 -l16
[0.136s] Invoking command in '/home/rob/project/csci5551-s26-team-pointbot/build/xarm_api': CMAKE_PREFIX_PATH=${CMAKE_PREFIX_PATH}:/opt/ros/jazzy CONDA_PROMPT_MODIFIER=(base) DEBUGINFOD_URLS=https://debuginfod.ubuntu.com LD_LIBRARY_PATH=/home/rob/project/csci5551-s26-team-pointbot/install/lib:/opt/ros/jazzy/opt/sdformat_vendor/lib:/opt/ros/jazzy/opt/rviz_ogre_vendor/lib:/opt/ros/jazzy/lib/x86_64-linux-gnu:/opt/ros/jazzy/opt/gz_math_vendor/lib:/opt/ros/jazzy/opt/gz_utils_vendor/lib:/opt/ros/jazzy/opt/gz_tools_vendor/lib:/opt/ros/jazzy/opt/gz_cmake_vendor/lib:/opt/ros/jazzy/lib:/usr/local/cuda-12.8/lib64’ PYTHONPATH=/home/rob/project/csci5551-s26-team-pointbot/install/lib/python3.12/site-packages:/home/rob/project/csci5551-s26-team-pointbot/install/lib/python3.13/site-packages:/opt/ros/jazzy/lib/python3.12/site-packages:/home/rob/robotics5551:/home/rob/robotics5551 /usr/bin/cmake --install /home/rob/project/csci5551-s26-team-pointbot/build/xarm_api
[0.150s] -- Install configuration: ""
[0.151s] -- Up-to-date: /home/rob/project/csci5551-s26-team-pointbot/install/share/xarm_api/environment/library_path.sh
[0.151s] -- Up-to-date: /home/rob/project/csci5551-s26-team-pointbot/install/share/xarm_api/environment/library_path.dsv
[0.151s] -- Up-to-date: /home/rob/project/csci5551-s26-team-pointbot/install/include
[0.151s] -- Up-to-date: /home/rob/project/csci5551-s26-team-pointbot/install/include/xarm_api
[0.151s] -- Up-to-date: /home/rob/project/csci5551-s26-team-pointbot/install/include/xarm_api/xarm_driver.h
[0.151s] -- Up-to-date: /home/rob/project/csci5551-s26-team-pointbot/install/include/xarm_api/xarm_ros_client.h
[0.151s] -- Up-to-date: /home/rob/project/csci5551-s26-team-pointbot/install/include/xarm_api/xarm_msgs.h
[0.151s] -- Up-to-date: /home/rob/project/csci5551-s26-team-pointbot/install/include/xarm_api/visibility_control.h
[0.151s] -- Up-to-date: /home/rob/project/csci5551-s26-team-pointbot/install/lib/libxarm_ros_driver.so
[0.152s] -- Up-to-date: /home/rob/project/csci5551-s26-team-pointbot/install/lib/libxarm_ros_client.so
[0.152s] -- Up-to-date: /home/rob/project/csci5551-s26-team-pointbot/install/lib/xarm_api/xarm_driver_node
[0.152s] -- Up-to-date: /home/rob/project/csci5551-s26-team-pointbot/install/lib/xarm_api/test_xarm_ros_client
[0.153s] -- Up-to-date: /home/rob/project/csci5551-s26-team-pointbot/install/lib/xarm_api/test_xarm_velo_move
[0.153s] -- Up-to-date: /home/rob/project/csci5551-s26-team-pointbot/install/lib/xarm_api/test_robot_states
[0.153s] -- Up-to-date: /home/rob/project/csci5551-s26-team-pointbot/install/share/xarm_api//launch
[0.153s] -- Up-to-date: /home/rob/project/csci5551-s26-team-pointbot/install/share/xarm_api//launch/uf850_driver.launch.py
[0.153s] -- Up-to-date: /home/rob/project/csci5551-s26-team-pointbot/install/share/xarm_api//launch/xarm7_driver.launch.py
[0.154s] -- Up-to-date: /home/rob/project/csci5551-s26-team-pointbot/install/share/xarm_api//launch/lite6_driver.launch.py
[0.154s] -- Up-to-date: /home/rob/project/csci5551-s26-team-pointbot/install/share/xarm_api//launch/xarm5_driver.launch.py
[0.154s] -- Up-to-date: /home/rob/project/csci5551-s26-team-pointbot/install/share/xarm_api//launch/lib
[0.154s] -- Up-to-date: /home/rob/project/csci5551-s26-team-pointbot/install/share/xarm_api//launch/lib/robot_api_lib.py
[0.154s] -- Up-to-date: /home/rob/project/csci5551-s26-team-pointbot/install/share/xarm_api//launch/xarm6_driver.launch.py
[0.154s] -- Up-to-date: /home/rob/project/csci5551-s26-team-pointbot/install/share/xarm_api//launch/_robot_driver.launch.py
[0.154s] -- Up-to-date: /home/rob/project/csci5551-s26-team-pointbot/install/share/xarm_api//config
[0.154s] -- Up-to-date: /home/rob/project/csci5551-s26-team-pointbot/install/share/xarm_api//config/xarm_params.yaml
[0.154s] -- Up-to-date: /home/rob/project/csci5551-s26-team-pointbot/install/share/ament_index/resource_index/package_run_dependencies/xarm_api
[0.154s] -- Up-to-date: /home/rob/project/csci5551-s26-team-pointbot/install/share/ament_index/resource_index/parent_prefix_path/xarm_api
[0.154s] -- Up-to-date: /home/rob/project/csci5551-s26-team-pointbot/install/share/xarm_api/environment/ament_prefix_path.sh
[0.155s] -- Up-to-date: /home/rob/project/csci5551-s26-team-pointbot/install/share/xarm_api/environment/ament_prefix_path.dsv
[0.155s] -- Up-to-date: /home/rob/project/csci5551-s26-team-pointbot/install/share/xarm_api/environment/path.sh
[0.155s] -- Up-to-date: /home/rob/project/csci5551-s26-team-pointbot/install/share/xarm_api/environment/path.dsv
[0.155s] -- Up-to-date: /home/rob/project/csci5551-s26-team-pointbot/install/share/xarm_api/local_setup.bash
[0.155s] -- Up-to-date: /home/rob/project/csci5551-s26-team-pointbot/install/share/xarm_api/local_setup.sh
[0.155s] -- Up-to-date: /home/rob/project/csci5551-s26-team-pointbot/install/share/xarm_api/local_setup.zsh
[0.155s] -- Up-to-date: /home/rob/project/csci5551-s26-team-pointbot/install/share/xarm_api/local_setup.dsv
[0.155s] -- Installing: /home/rob/project/csci5551-s26-team-pointbot/install/share/xarm_api/package.dsv
[0.155s] -- Up-to-date: /home/rob/project/csci5551-s26-team-pointbot/install/share/ament_index/resource_index/packages/xarm_api
[0.155s] -- Up-to-date: /home/rob/project/csci5551-s26-team-pointbot/install/share/xarm_api/cmake/ament_cmake_export_libraries-extras.cmake
[0.155s] -- Up-to-date: /home/rob/project/csci5551-s26-team-pointbot/install/share/xarm_api/cmake/ament_cmake_export_include_directories-extras.cmake
[0.156s] -- Up-to-date: /home/rob/project/csci5551-s26-team-pointbot/install/share/xarm_api/cmake/xarm_apiConfig.cmake
[0.156s] -- Up-to-date: /home/rob/project/csci5551-s26-team-pointbot/install/share/xarm_api/cmake/xarm_apiConfig-version.cmake
[0.156s] -- Up-to-date: /home/rob/project/csci5551-s26-team-pointbot/install/share/xarm_api/package.xml
[0.157s] Invoked command in '/home/rob/project/csci5551-s26-team-pointbot/build/xarm_api' returned '0': CMAKE_PREFIX_PATH=${CMAKE_PREFIX_PATH}:/opt/ros/jazzy CONDA_PROMPT_MODIFIER=(base) DEBUGINFOD_URLS=https://debuginfod.ubuntu.com LD_LIBRARY_PATH=/home/rob/project/csci5551-s26-team-pointbot/install/lib:/opt/ros/jazzy/opt/sdformat_vendor/lib:/opt/ros/jazzy/opt/rviz_ogre_vendor/lib:/opt/ros/jazzy/lib/x86_64-linux-gnu:/opt/ros/jazzy/opt/gz_math_vendor/lib:/opt/ros/jazzy/opt/gz_utils_vendor/lib:/opt/ros/jazzy/opt/gz_tools_vendor/lib:/opt/ros/jazzy/opt/gz_cmake_vendor/lib:/opt/ros/jazzy/lib:/usr/local/cuda-12.8/lib64’ PYTHONPATH=/home/rob/project/csci5551-s26-team-pointbot/install/lib/python3.12/site-packages:/home/rob/project/csci5551-s26-team-pointbot/install/lib/python3.13/site-packages:/opt/ros/jazzy/lib/python3.12/site-packages:/home/rob/robotics5551:/home/rob/robotics5551 /usr/bin/cmake --install /home/rob/project/csci5551-s26-team-pointbot/build/xarm_api
