[  4%] Built target point_bot_interfaces__rs
[  4%] Built target point_bot_interfaces__rosidl_generator_type_description
[  4%] Built target ament_cmake_python_copy_point_bot_interfaces
[  6%] Built target point_bot_interfaces__cpp
[ 24%] Built target point_bot_interfaces__rosidl_generator_c
[ 33%] Built target point_bot_interfaces__rosidl_typesupport_c
[ 42%] Built target point_bot_interfaces__rosidl_typesupport_fastrtps_c
[ 51%] Built target point_bot_interfaces__rosidl_typesupport_cpp
[ 60%] Built target point_bot_interfaces__rosidl_typesupport_introspection_cpp
[ 68%] Built target point_bot_interfaces__rosidl_typesupport_introspection_c
[ 77%] Built target point_bot_interfaces__rosidl_typesupport_fastrtps_cpp
[ 77%] Built target point_bot_interfaces
[ 80%] Built target point_bot_interfaces__py
[ 86%] Built target point_bot_interfaces__rosidl_generator_py
[ 91%] Built target point_bot_interfaces_s__rosidl_typesupport_fastrtps_c
[ 95%] Built target point_bot_interfaces_s__rosidl_typesupport_c
[100%] Built target point_bot_interfaces_s__rosidl_typesupport_introspection_c
running egg_info
writing point_bot_interfaces.egg-info/PKG-INFO
writing dependency_links to point_bot_interfaces.egg-info/dependency_links.txt
writing top-level names to point_bot_interfaces.egg-info/top_level.txt
reading manifest file 'point_bot_interfaces.egg-info/SOURCES.txt'
writing manifest file 'point_bot_interfaces.egg-info/SOURCES.txt'
[100%] Built target ament_cmake_python_build_point_bot_interfaces_egg
-- Install configuration: ""
-- Up-to-date: /home/rob/project/csci5551-s26-team-pointbot/install/point_bot_interfaces/share/ament_index/resource_index/rosidl_interfaces/point_bot_interfaces
-- Up-to-date: /home/rob/project/csci5551-s26-team-pointbot/install/point_bot_interfaces/share/point_bot_interfaces/action/Perception.json
-- Up-to-date: /home/rob/project/csci5551-s26-team-pointbot/install/point_bot_interfaces/share/point_bot_interfaces/action/MoveObject.json
-- Up-to-date: /home/rob/project/csci5551-s26-team-pointbot/install/point_bot_interfaces/include/point_bot_interfaces/point_bot_interfaces
-- Up-to-date: /home/rob/project/csci5551-s26-team-pointbot/install/point_bot_interfaces/include/point_bot_interfaces/point_bot_interfaces/action
-- Up-to-date: /home/rob/project/csci5551-s26-team-pointbot/install/point_bot_interfaces/include/point_bot_interfaces/point_bot_interfaces/action/perception.h
-- Up-to-date: /home/rob/project/csci5551-s26-team-pointbot/install/point_bot_interfaces/include/point_bot_interfaces/point_bot_interfaces/action/move_object.h
-- Up-to-date: /home/rob/project/csci5551-s26-team-pointbot/install/point_bot_interfaces/include/point_bot_interfaces/point_bot_interfaces/action/detail
-- Up-to-date: /home/rob/project/csci5551-s26-team-pointbot/install/point_bot_interfaces/include/point_bot_interfaces/point_bot_interfaces/action/detail/perception__functions.h
-- Up-to-date: /home/rob/project/csci5551-s26-team-pointbot/install/point_bot_interfaces/include/point_bot_interfaces/point_bot_interfaces/action/detail/move_object__type_support.c
-- Up-to-date: /home/rob/project/csci5551-s26-team-pointbot/install/point_bot_interfaces/include/point_bot_interfaces/point_bot_interfaces/action/detail/move_object__description.c
-- Up-to-date: /home/rob/project/csci5551-s26-team-pointbot/install/point_bot_interfaces/include/point_bot_interfaces/point_bot_interfaces/action/detail/perception__functions.c
-- Up-to-date: /home/rob/project/csci5551-s26-team-pointbot/install/point_bot_interfaces/include/point_bot_interfaces/point_bot_interfaces/action/detail/perception__description.c
-- Up-to-date: /home/rob/project/csci5551-s26-team-pointbot/install/point_bot_interfaces/include/point_bot_interfaces/point_bot_interfaces/action/detail/perception__type_support.h
-- Up-to-date: /home/rob/project/csci5551-s26-team-pointbot/install/point_bot_interfaces/include/point_bot_interfaces/point_bot_interfaces/action/detail/move_object__type_support.h
-- Up-to-date: /home/rob/project/csci5551-s26-team-pointbot/install/point_bot_interfaces/include/point_bot_interfaces/point_bot_interfaces/action/detail/perception__type_support.c
-- Up-to-date: /home/rob/project/csci5551-s26-team-pointbot/install/point_bot_interfaces/include/point_bot_interfaces/point_bot_interfaces/action/detail/move_object__functions.h
-- Up-to-date: /home/rob/project/csci5551-s26-team-pointbot/install/point_bot_interfaces/include/point_bot_interfaces/point_bot_interfaces/action/detail/move_object__functions.c
-- Up-to-date: /home/rob/project/csci5551-s26-team-pointbot/install/point_bot_interfaces/include/point_bot_interfaces/point_bot_interfaces/action/detail/perception__struct.h
-- Up-to-date: /home/rob/project/csci5551-s26-team-pointbot/install/point_bot_interfaces/include/point_bot_interfaces/point_bot_interfaces/action/detail/move_object__struct.h
-- Up-to-date: /home/rob/project/csci5551-s26-team-pointbot/install/point_bot_interfaces/include/point_bot_interfaces/point_bot_interfaces/msg
-- Up-to-date: /home/rob/project/csci5551-s26-team-pointbot/install/point_bot_interfaces/include/point_bot_interfaces/point_bot_interfaces/msg/rosidl_generator_c__visibility_control.h
-- Up-to-date: /home/rob/project/csci5551-s26-team-pointbot/install/point_bot_interfaces/share/point_bot_interfaces/environment/library_path.sh
-- Up-to-date: /home/rob/project/csci5551-s26-team-pointbot/install/point_bot_interfaces/share/point_bot_interfaces/environment/library_path.dsv
-- Up-to-date: /home/rob/project/csci5551-s26-team-pointbot/install/point_bot_interfaces/lib/libpoint_bot_interfaces__rosidl_generator_c.so
-- Up-to-date: /home/rob/project/csci5551-s26-team-pointbot/install/point_bot_interfaces/include/point_bot_interfaces/point_bot_interfaces
-- Up-to-date: /home/rob/project/csci5551-s26-team-pointbot/install/point_bot_interfaces/include/point_bot_interfaces/point_bot_interfaces/action
-- Up-to-date: /home/rob/project/csci5551-s26-team-pointbot/install/point_bot_interfaces/include/point_bot_interfaces/point_bot_interfaces/action/detail
-- Up-to-date: /home/rob/project/csci5551-s26-team-pointbot/install/point_bot_interfaces/include/point_bot_interfaces/point_bot_interfaces/action/detail/move_object__rosidl_typesupport_fastrtps_c.h
-- Up-to-date: /home/rob/project/csci5551-s26-team-pointbot/install/point_bot_interfaces/include/point_bot_interfaces/point_bot_interfaces/action/detail/perception__rosidl_typesupport_fastrtps_c.h
-- Up-to-date: /home/rob/project/csci5551-s26-team-pointbot/install/point_bot_interfaces/include/point_bot_interfaces/point_bot_interfaces/msg
-- Up-to-date: /home/rob/project/csci5551-s26-team-pointbot/install/point_bot_interfaces/include/point_bot_interfaces/point_bot_interfaces/msg/rosidl_typesupport_fastrtps_c__visibility_control.h
-- Up-to-date: /home/rob/project/csci5551-s26-team-pointbot/install/point_bot_interfaces/lib/libpoint_bot_interfaces__rosidl_typesupport_fastrtps_c.so
-- Up-to-date: /home/rob/project/csci5551-s26-team-pointbot/install/point_bot_interfaces/include/point_bot_interfaces/point_bot_interfaces
-- Up-to-date: /home/rob/project/csci5551-s26-team-pointbot/install/point_bot_interfaces/include/point_bot_interfaces/point_bot_interfaces/action
-- Up-to-date: /home/rob/project/csci5551-s26-team-pointbot/install/point_bot_interfaces/include/point_bot_interfaces/point_bot_interfaces/action/perception.hpp
-- Up-to-date: /home/rob/project/csci5551-s26-team-pointbot/install/point_bot_interfaces/include/point_bot_interfaces/point_bot_interfaces/action/move_object.hpp
-- Up-to-date: /home/rob/project/csci5551-s26-team-pointbot/install/point_bot_interfaces/include/point_bot_interfaces/point_bot_interfaces/action/detail
-- Up-to-date: /home/rob/project/csci5551-s26-team-pointbot/install/point_bot_interfaces/include/point_bot_interfaces/point_bot_interfaces/action/detail/move_object__builder.hpp
-- Up-to-date: /home/rob/project/csci5551-s26-team-pointbot/install/point_bot_interfaces/include/point_bot_interfaces/point_bot_interfaces/action/detail/perception__type_support.hpp
-- Up-to-date: /home/rob/project/csci5551-s26-team-pointbot/install/point_bot_interfaces/include/point_bot_interfaces/point_bot_interfaces/action/detail/move_object__type_support.hpp
-- Up-to-date: /home/rob/project/csci5551-s26-team-pointbot/install/point_bot_interfaces/include/point_bot_interfaces/point_bot_interfaces/action/detail/move_object__struct.hpp
-- Up-to-date: /home/rob/project/csci5551-s26-team-pointbot/install/point_bot_interfaces/include/point_bot_interfaces/point_bot_interfaces/action/detail/perception__traits.hpp
-- Up-to-date: /home/rob/project/csci5551-s26-team-pointbot/install/point_bot_interfaces/include/point_bot_interfaces/point_bot_interfaces/action/detail/perception__struct.hpp
-- Up-to-date: /home/rob/project/csci5551-s26-team-pointbot/install/point_bot_interfaces/include/point_bot_interfaces/point_bot_interfaces/action/detail/perception__builder.hpp
-- Up-to-date: /home/rob/project/csci5551-s26-team-pointbot/install/point_bot_interfaces/include/point_bot_interfaces/point_bot_interfaces/action/detail/move_object__traits.hpp
-- Up-to-date: /home/rob/project/csci5551-s26-team-pointbot/install/point_bot_interfaces/include/point_bot_interfaces/point_bot_interfaces/msg
-- Up-to-date: /home/rob/project/csci5551-s26-team-pointbot/install/point_bot_interfaces/include/point_bot_interfaces/point_bot_interfaces/msg/rosidl_generator_cpp__visibility_control.hpp
-- Up-to-date: /home/rob/project/csci5551-s26-team-pointbot/install/point_bot_interfaces/include/point_bot_interfaces/point_bot_interfaces
-- Up-to-date: /home/rob/project/csci5551-s26-team-pointbot/install/point_bot_interfaces/include/point_bot_interfaces/point_bot_interfaces/action
-- Up-to-date: /home/rob/project/csci5551-s26-team-pointbot/install/point_bot_interfaces/include/point_bot_interfaces/point_bot_interfaces/action/detail
-- Up-to-date: /home/rob/project/csci5551-s26-team-pointbot/install/point_bot_interfaces/include/point_bot_interfaces/point_bot_interfaces/action/detail/dds_fastrtps
-- Up-to-date: /home/rob/project/csci5551-s26-team-pointbot/install/point_bot_interfaces/include/point_bot_interfaces/point_bot_interfaces/action/detail/move_object__rosidl_typesupport_fastrtps_cpp.hpp
-- Up-to-date: /home/rob/project/csci5551-s26-team-pointbot/install/point_bot_interfaces/include/point_bot_interfaces/point_bot_interfaces/action/detail/perception__rosidl_typesupport_fastrtps_cpp.hpp
-- Up-to-date: /home/rob/project/csci5551-s26-team-pointbot/install/point_bot_interfaces/include/point_bot_interfaces/point_bot_interfaces/msg
-- Up-to-date: /home/rob/project/csci5551-s26-team-pointbot/install/point_bot_interfaces/include/point_bot_interfaces/point_bot_interfaces/msg/rosidl_typesupport_fastrtps_cpp__visibility_control.h
-- Up-to-date: /home/rob/project/csci5551-s26-team-pointbot/install/point_bot_interfaces/lib/libpoint_bot_interfaces__rosidl_typesupport_fastrtps_cpp.so
-- Up-to-date: /home/rob/project/csci5551-s26-team-pointbot/install/point_bot_interfaces/include/point_bot_interfaces/point_bot_interfaces
-- Up-to-date: /home/rob/project/csci5551-s26-team-pointbot/install/point_bot_interfaces/include/point_bot_interfaces/point_bot_interfaces/action
-- Up-to-date: /home/rob/project/csci5551-s26-team-pointbot/install/point_bot_interfaces/include/point_bot_interfaces/point_bot_interfaces/action/detail
-- Up-to-date: /home/rob/project/csci5551-s26-team-pointbot/install/point_bot_interfaces/include/point_bot_interfaces/point_bot_interfaces/action/detail/move_object__type_support.c
-- Up-to-date: /home/rob/project/csci5551-s26-team-pointbot/install/point_bot_interfaces/include/point_bot_interfaces/point_bot_interfaces/action/detail/move_object__rosidl_typesupport_introspection_c.h
-- Up-to-date: /home/rob/project/csci5551-s26-team-pointbot/install/point_bot_interfaces/include/point_bot_interfaces/point_bot_interfaces/action/detail/perception__type_support.c
-- Up-to-date: /home/rob/project/csci5551-s26-team-pointbot/install/point_bot_interfaces/include/point_bot_interfaces/point_bot_interfaces/action/detail/perception__rosidl_typesupport_introspection_c.h
-- Up-to-date: /home/rob/project/csci5551-s26-team-pointbot/install/point_bot_interfaces/include/point_bot_interfaces/point_bot_interfaces/msg
-- Up-to-date: /home/rob/project/csci5551-s26-team-pointbot/install/point_bot_interfaces/include/point_bot_interfaces/point_bot_interfaces/msg/rosidl_typesupport_introspection_c__visibility_control.h
-- Up-to-date: /home/rob/project/csci5551-s26-team-pointbot/install/point_bot_interfaces/lib/libpoint_bot_interfaces__rosidl_typesupport_introspection_c.so
-- Up-to-date: /home/rob/project/csci5551-s26-team-pointbot/install/point_bot_interfaces/lib/libpoint_bot_interfaces__rosidl_typesupport_c.so
-- Up-to-date: /home/rob/project/csci5551-s26-team-pointbot/install/point_bot_interfaces/include/point_bot_interfaces/point_bot_interfaces
-- Up-to-date: /home/rob/project/csci5551-s26-team-pointbot/install/point_bot_interfaces/include/point_bot_interfaces/point_bot_interfaces/action
-- Up-to-date: /home/rob/project/csci5551-s26-team-pointbot/install/point_bot_interfaces/include/point_bot_interfaces/point_bot_interfaces/action/detail
-- Up-to-date: /home/rob/project/csci5551-s26-team-pointbot/install/point_bot_interfaces/include/point_bot_interfaces/point_bot_interfaces/action/detail/move_object__type_support.cpp
-- Up-to-date: /home/rob/project/csci5551-s26-team-pointbot/install/point_bot_interfaces/include/point_bot_interfaces/point_bot_interfaces/action/detail/move_object__rosidl_typesupport_introspection_cpp.hpp
-- Up-to-date: /home/rob/project/csci5551-s26-team-pointbot/install/point_bot_interfaces/include/point_bot_interfaces/point_bot_interfaces/action/detail/perception__rosidl_typesupport_introspection_cpp.hpp
-- Up-to-date: /home/rob/project/csci5551-s26-team-pointbot/install/point_bot_interfaces/include/point_bot_interfaces/point_bot_interfaces/action/detail/perception__type_support.cpp
-- Up-to-date: /home/rob/project/csci5551-s26-team-pointbot/install/point_bot_interfaces/lib/libpoint_bot_interfaces__rosidl_typesupport_introspection_cpp.so
-- Up-to-date: /home/rob/project/csci5551-s26-team-pointbot/install/point_bot_interfaces/lib/libpoint_bot_interfaces__rosidl_typesupport_cpp.so
-- Up-to-date: /home/rob/project/csci5551-s26-team-pointbot/install/point_bot_interfaces/share/point_bot_interfaces/environment/pythonpath.sh
-- Up-to-date: /home/rob/project/csci5551-s26-team-pointbot/install/point_bot_interfaces/share/point_bot_interfaces/environment/pythonpath.dsv
-- Up-to-date: /home/rob/project/csci5551-s26-team-pointbot/install/point_bot_interfaces/lib/python3.12/site-packages/point_bot_interfaces-0.0.0-py3.12.egg-info
-- Installing: /home/rob/project/csci5551-s26-team-pointbot/install/point_bot_interfaces/lib/python3.12/site-packages/point_bot_interfaces-0.0.0-py3.12.egg-info/PKG-INFO
-- Installing: /home/rob/project/csci5551-s26-team-pointbot/install/point_bot_interfaces/lib/python3.12/site-packages/point_bot_interfaces-0.0.0-py3.12.egg-info/dependency_links.txt
-- Installing: /home/rob/project/csci5551-s26-team-pointbot/install/point_bot_interfaces/lib/python3.12/site-packages/point_bot_interfaces-0.0.0-py3.12.egg-info/SOURCES.txt
-- Installing: /home/rob/project/csci5551-s26-team-pointbot/install/point_bot_interfaces/lib/python3.12/site-packages/point_bot_interfaces-0.0.0-py3.12.egg-info/top_level.txt
-- Up-to-date: /home/rob/project/csci5551-s26-team-pointbot/install/point_bot_interfaces/lib/python3.12/site-packages/point_bot_interfaces
-- Up-to-date: /home/rob/project/csci5551-s26-team-pointbot/install/point_bot_interfaces/lib/python3.12/site-packages/point_bot_interfaces/point_bot_interfaces_s__rosidl_typesupport_fastrtps_c.so
-- Up-to-date: /home/rob/project/csci5551-s26-team-pointbot/install/point_bot_interfaces/lib/python3.12/site-packages/point_bot_interfaces/_point_bot_interfaces_s.ep.rosidl_typesupport_fastrtps_c.c
-- Up-to-date: /home/rob/project/csci5551-s26-team-pointbot/install/point_bot_interfaces/lib/python3.12/site-packages/point_bot_interfaces/point_bot_interfaces_s__rosidl_typesupport_introspection_c.so
-- Up-to-date: /home/rob/project/csci5551-s26-team-pointbot/install/point_bot_interfaces/lib/python3.12/site-packages/point_bot_interfaces/__init__.py
-- Up-to-date: /home/rob/project/csci5551-s26-team-pointbot/install/point_bot_interfaces/lib/python3.12/site-packages/point_bot_interfaces/_point_bot_interfaces_s.ep.rosidl_typesupport_c.c
-- Up-to-date: /home/rob/project/csci5551-s26-team-pointbot/install/point_bot_interfaces/lib/python3.12/site-packages/point_bot_interfaces/action
-- Up-to-date: /home/rob/project/csci5551-s26-team-pointbot/install/point_bot_interfaces/lib/python3.12/site-packages/point_bot_interfaces/action/_move_object_s.c
-- Up-to-date: /home/rob/project/csci5551-s26-team-pointbot/install/point_bot_interfaces/lib/python3.12/site-packages/point_bot_interfaces/action/__init__.py
-- Up-to-date: /home/rob/project/csci5551-s26-team-pointbot/install/point_bot_interfaces/lib/python3.12/site-packages/point_bot_interfaces/action/_perception.py
-- Up-to-date: /home/rob/project/csci5551-s26-team-pointbot/install/point_bot_interfaces/lib/python3.12/site-packages/point_bot_interfaces/action/_perception_s.c
-- Up-to-date: /home/rob/project/csci5551-s26-team-pointbot/install/point_bot_interfaces/lib/python3.12/site-packages/point_bot_interfaces/action/_move_object.py
-- Up-to-date: /home/rob/project/csci5551-s26-team-pointbot/install/point_bot_interfaces/lib/python3.12/site-packages/point_bot_interfaces/point_bot_interfaces_s__rosidl_typesupport_c.so
-- Up-to-date: /home/rob/project/csci5551-s26-team-pointbot/install/point_bot_interfaces/lib/python3.12/site-packages/point_bot_interfaces/_point_bot_interfaces_s.ep.rosidl_typesupport_introspection_c.c
Listing '/home/rob/project/csci5551-s26-team-pointbot/install/point_bot_interfaces/lib/python3.12/site-packages/point_bot_interfaces'...
Listing '/home/rob/project/csci5551-s26-team-pointbot/install/point_bot_interfaces/lib/python3.12/site-packages/point_bot_interfaces/action'...
-- Up-to-date: /home/rob/project/csci5551-s26-team-pointbot/install/point_bot_interfaces/lib/python3.12/site-packages/point_bot_interfaces/point_bot_interfaces_s__rosidl_typesupport_fastrtps_c.so
-- Up-to-date: /home/rob/project/csci5551-s26-team-pointbot/install/point_bot_interfaces/lib/python3.12/site-packages/point_bot_interfaces/point_bot_interfaces_s__rosidl_typesupport_introspection_c.so
-- Up-to-date: /home/rob/project/csci5551-s26-team-pointbot/install/point_bot_interfaces/lib/python3.12/site-packages/point_bot_interfaces/point_bot_interfaces_s__rosidl_typesupport_c.so
-- Up-to-date: /home/rob/project/csci5551-s26-team-pointbot/install/point_bot_interfaces/lib/libpoint_bot_interfaces__rosidl_generator_py.so
-- Up-to-date: /home/rob/project/csci5551-s26-team-pointbot/install/point_bot_interfaces/share/ament_index/resource_index/rust_packages/point_bot_interfaces
-- Up-to-date: /home/rob/project/csci5551-s26-team-pointbot/install/point_bot_interfaces/share/point_bot_interfaces/rust
-- Up-to-date: /home/rob/project/csci5551-s26-team-pointbot/install/point_bot_interfaces/share/point_bot_interfaces/rust/Cargo.toml
-- Up-to-date: /home/rob/project/csci5551-s26-team-pointbot/install/point_bot_interfaces/share/point_bot_interfaces/rust/src
-- Up-to-date: /home/rob/project/csci5551-s26-team-pointbot/install/point_bot_interfaces/share/point_bot_interfaces/rust/src/lib.rs
-- Up-to-date: /home/rob/project/csci5551-s26-team-pointbot/install/point_bot_interfaces/share/point_bot_interfaces/rust/src/action
-- Up-to-date: /home/rob/project/csci5551-s26-team-pointbot/install/point_bot_interfaces/share/point_bot_interfaces/rust/src/action/rmw.rs
-- Up-to-date: /home/rob/project/csci5551-s26-team-pointbot/install/point_bot_interfaces/share/point_bot_interfaces/rust/src/action.rs
-- Up-to-date: /home/rob/project/csci5551-s26-team-pointbot/install/point_bot_interfaces/share/point_bot_interfaces/rust/build.rs
-- Up-to-date: /home/rob/project/csci5551-s26-team-pointbot/install/point_bot_interfaces/share/point_bot_interfaces/action/Perception.idl
-- Up-to-date: /home/rob/project/csci5551-s26-team-pointbot/install/point_bot_interfaces/share/point_bot_interfaces/action/MoveObject.idl
-- Up-to-date: /home/rob/project/csci5551-s26-team-pointbot/install/point_bot_interfaces/share/point_bot_interfaces/action/Perception.action
-- Up-to-date: /home/rob/project/csci5551-s26-team-pointbot/install/point_bot_interfaces/share/point_bot_interfaces/action/MoveObject.action
-- Up-to-date: /home/rob/project/csci5551-s26-team-pointbot/install/point_bot_interfaces/share/ament_index/resource_index/package_run_dependencies/point_bot_interfaces
-- Up-to-date: /home/rob/project/csci5551-s26-team-pointbot/install/point_bot_interfaces/share/ament_index/resource_index/parent_prefix_path/point_bot_interfaces
-- Up-to-date: /home/rob/project/csci5551-s26-team-pointbot/install/point_bot_interfaces/share/point_bot_interfaces/environment/ament_prefix_path.sh
-- Up-to-date: /home/rob/project/csci5551-s26-team-pointbot/install/point_bot_interfaces/share/point_bot_interfaces/environment/ament_prefix_path.dsv
-- Up-to-date: /home/rob/project/csci5551-s26-team-pointbot/install/point_bot_interfaces/share/point_bot_interfaces/environment/path.sh
-- Up-to-date: /home/rob/project/csci5551-s26-team-pointbot/install/point_bot_interfaces/share/point_bot_interfaces/environment/path.dsv
-- Up-to-date: /home/rob/project/csci5551-s26-team-pointbot/install/point_bot_interfaces/share/point_bot_interfaces/local_setup.bash
-- Up-to-date: /home/rob/project/csci5551-s26-team-pointbot/install/point_bot_interfaces/share/point_bot_interfaces/local_setup.sh
-- Up-to-date: /home/rob/project/csci5551-s26-team-pointbot/install/point_bot_interfaces/share/point_bot_interfaces/local_setup.zsh
-- Up-to-date: /home/rob/project/csci5551-s26-team-pointbot/install/point_bot_interfaces/share/point_bot_interfaces/local_setup.dsv
-- Installing: /home/rob/project/csci5551-s26-team-pointbot/install/point_bot_interfaces/share/point_bot_interfaces/package.dsv
-- Up-to-date: /home/rob/project/csci5551-s26-team-pointbot/install/point_bot_interfaces/share/ament_index/resource_index/packages/point_bot_interfaces
-- Up-to-date: /home/rob/project/csci5551-s26-team-pointbot/install/point_bot_interfaces/share/point_bot_interfaces/cmake/export_point_bot_interfaces__rosidl_generator_cExport.cmake
-- Up-to-date: /home/rob/project/csci5551-s26-team-pointbot/install/point_bot_interfaces/share/point_bot_interfaces/cmake/export_point_bot_interfaces__rosidl_generator_cExport-noconfig.cmake
-- Up-to-date: /home/rob/project/csci5551-s26-team-pointbot/install/point_bot_interfaces/share/point_bot_interfaces/cmake/export_point_bot_interfaces__rosidl_typesupport_fastrtps_cExport.cmake
-- Up-to-date: /home/rob/project/csci5551-s26-team-pointbot/install/point_bot_interfaces/share/point_bot_interfaces/cmake/export_point_bot_interfaces__rosidl_typesupport_fastrtps_cExport-noconfig.cmake
-- Up-to-date: /home/rob/project/csci5551-s26-team-pointbot/install/point_bot_interfaces/share/point_bot_interfaces/cmake/export_point_bot_interfaces__rosidl_generator_cppExport.cmake
-- Up-to-date: /home/rob/project/csci5551-s26-team-pointbot/install/point_bot_interfaces/share/point_bot_interfaces/cmake/export_point_bot_interfaces__rosidl_typesupport_fastrtps_cppExport.cmake
-- Up-to-date: /home/rob/project/csci5551-s26-team-pointbot/install/point_bot_interfaces/share/point_bot_interfaces/cmake/export_point_bot_interfaces__rosidl_typesupport_fastrtps_cppExport-noconfig.cmake
-- Up-to-date: /home/rob/project/csci5551-s26-team-pointbot/install/point_bot_interfaces/share/point_bot_interfaces/cmake/point_bot_interfaces__rosidl_typesupport_introspection_cExport.cmake
-- Up-to-date: /home/rob/project/csci5551-s26-team-pointbot/install/point_bot_interfaces/share/point_bot_interfaces/cmake/point_bot_interfaces__rosidl_typesupport_introspection_cExport-noconfig.cmake
-- Up-to-date: /home/rob/project/csci5551-s26-team-pointbot/install/point_bot_interfaces/share/point_bot_interfaces/cmake/point_bot_interfaces__rosidl_typesupport_cExport.cmake
-- Up-to-date: /home/rob/project/csci5551-s26-team-pointbot/install/point_bot_interfaces/share/point_bot_interfaces/cmake/point_bot_interfaces__rosidl_typesupport_cExport-noconfig.cmake
-- Up-to-date: /home/rob/project/csci5551-s26-team-pointbot/install/point_bot_interfaces/share/point_bot_interfaces/cmake/point_bot_interfaces__rosidl_typesupport_introspection_cppExport.cmake
-- Up-to-date: /home/rob/project/csci5551-s26-team-pointbot/install/point_bot_interfaces/share/point_bot_interfaces/cmake/point_bot_interfaces__rosidl_typesupport_introspection_cppExport-noconfig.cmake
-- Up-to-date: /home/rob/project/csci5551-s26-team-pointbot/install/point_bot_interfaces/share/point_bot_interfaces/cmake/point_bot_interfaces__rosidl_typesupport_cppExport.cmake
-- Up-to-date: /home/rob/project/csci5551-s26-team-pointbot/install/point_bot_interfaces/share/point_bot_interfaces/cmake/point_bot_interfaces__rosidl_typesupport_cppExport-noconfig.cmake
-- Up-to-date: /home/rob/project/csci5551-s26-team-pointbot/install/point_bot_interfaces/share/point_bot_interfaces/cmake/export_point_bot_interfaces__rosidl_generator_pyExport.cmake
-- Up-to-date: /home/rob/project/csci5551-s26-team-pointbot/install/point_bot_interfaces/share/point_bot_interfaces/cmake/export_point_bot_interfaces__rosidl_generator_pyExport-noconfig.cmake
-- Up-to-date: /home/rob/project/csci5551-s26-team-pointbot/install/point_bot_interfaces/share/point_bot_interfaces/cmake/rosidl_cmake-extras.cmake
-- Up-to-date: /home/rob/project/csci5551-s26-team-pointbot/install/point_bot_interfaces/share/point_bot_interfaces/cmake/ament_cmake_export_dependencies-extras.cmake
-- Up-to-date: /home/rob/project/csci5551-s26-team-pointbot/install/point_bot_interfaces/share/point_bot_interfaces/cmake/ament_cmake_export_include_directories-extras.cmake
-- Up-to-date: /home/rob/project/csci5551-s26-team-pointbot/install/point_bot_interfaces/share/point_bot_interfaces/cmake/ament_cmake_export_libraries-extras.cmake
-- Up-to-date: /home/rob/project/csci5551-s26-team-pointbot/install/point_bot_interfaces/share/point_bot_interfaces/cmake/ament_cmake_export_targets-extras.cmake
-- Up-to-date: /home/rob/project/csci5551-s26-team-pointbot/install/point_bot_interfaces/share/point_bot_interfaces/cmake/rosidl_cmake_export_typesupport_targets-extras.cmake
-- Up-to-date: /home/rob/project/csci5551-s26-team-pointbot/install/point_bot_interfaces/share/point_bot_interfaces/cmake/rosidl_cmake_export_typesupport_libraries-extras.cmake
-- Up-to-date: /home/rob/project/csci5551-s26-team-pointbot/install/point_bot_interfaces/share/point_bot_interfaces/cmake/point_bot_interfacesConfig.cmake
-- Up-to-date: /home/rob/project/csci5551-s26-team-pointbot/install/point_bot_interfaces/share/point_bot_interfaces/cmake/point_bot_interfacesConfig-version.cmake
-- Up-to-date: /home/rob/project/csci5551-s26-team-pointbot/install/point_bot_interfaces/share/point_bot_interfaces/package.xml
