[0.022s] Invoking command in '/home/rob/project/csci5551-s26-team-pointbot/build/zed_ros2': CMAKE_PREFIX_PATH=${CMAKE_PREFIX_PATH}:/opt/ros/jazzy CONDA_PROMPT_MODIFIER=(base) DEBUGINFOD_URLS=https://debuginfod.ubuntu.com LD_LIBRARY_PATH=/home/rob/project/csci5551-s26-team-pointbot/install/lib:/opt/ros/jazzy/opt/sdformat_vendor/lib:/opt/ros/jazzy/opt/rviz_ogre_vendor/lib:/opt/ros/jazzy/lib/x86_64-linux-gnu:/opt/ros/jazzy/opt/gz_math_vendor/lib:/opt/ros/jazzy/opt/gz_utils_vendor/lib:/opt/ros/jazzy/opt/gz_tools_vendor/lib:/opt/ros/jazzy/opt/gz_cmake_vendor/lib:/opt/ros/jazzy/lib:/usr/local/cuda-12.8/lib64’ PYTHONPATH=/home/rob/project/csci5551-s26-team-pointbot/install/lib/python3.12/site-packages:/home/rob/project/csci5551-s26-team-pointbot/install/lib/python3.13/site-packages:/opt/ros/jazzy/lib/python3.12/site-packages:/home/rob/robotics5551:/home/rob/robotics5551 /usr/bin/cmake --build /home/rob/project/csci5551-s26-team-pointbot/build/zed_ros2 -- -j16 -l16
[0.092s] Invoked command in '/home/rob/project/csci5551-s26-team-pointbot/build/zed_ros2' returned '0': CMAKE_PREFIX_PATH=${CMAKE_PREFIX_PATH}:/opt/ros/jazzy CONDA_PROMPT_MODIFIER=(base) DEBUGINFOD_URLS=https://debuginfod.ubuntu.com LD_LIBRARY_PATH=/home/rob/project/csci5551-s26-team-pointbot/install/lib:/opt/ros/jazzy/opt/sdformat_vendor/lib:/opt/ros/jazzy/opt/rviz_ogre_vendor/lib:/opt/ros/jazzy/lib/x86_64-linux-gnu:/opt/ros/jazzy/opt/gz_math_vendor/lib:/opt/ros/jazzy/opt/gz_utils_vendor/lib:/opt/ros/jazzy/opt/gz_tools_vendor/lib:/opt/ros/jazzy/opt/gz_cmake_vendor/lib:/opt/ros/jazzy/lib:/usr/local/cuda-12.8/lib64’ PYTHONPATH=/home/rob/project/csci5551-s26-team-pointbot/install/lib/python3.12/site-packages:/home/rob/project/csci5551-s26-team-pointbot/install/lib/python3.13/site-packages:/opt/ros/jazzy/lib/python3.12/site-packages:/home/rob/robotics5551:/home/rob/robotics5551 /usr/bin/cmake --build /home/rob/project/csci5551-s26-team-pointbot/build/zed_ros2 -- -j16 -l16
[0.094s] Invoking command in '/home/rob/project/csci5551-s26-team-pointbot/build/zed_ros2': CMAKE_PREFIX_PATH=${CMAKE_PREFIX_PATH}:/opt/ros/jazzy CONDA_PROMPT_MODIFIER=(base) DEBUGINFOD_URLS=https://debuginfod.ubuntu.com LD_LIBRARY_PATH=/home/rob/project/csci5551-s26-team-pointbot/install/lib:/opt/ros/jazzy/opt/sdformat_vendor/lib:/opt/ros/jazzy/opt/rviz_ogre_vendor/lib:/opt/ros/jazzy/lib/x86_64-linux-gnu:/opt/ros/jazzy/opt/gz_math_vendor/lib:/opt/ros/jazzy/opt/gz_utils_vendor/lib:/opt/ros/jazzy/opt/gz_tools_vendor/lib:/opt/ros/jazzy/opt/gz_cmake_vendor/lib:/opt/ros/jazzy/lib:/usr/local/cuda-12.8/lib64’ PYTHONPATH=/home/rob/project/csci5551-s26-team-pointbot/install/lib/python3.12/site-packages:/home/rob/project/csci5551-s26-team-pointbot/install/lib/python3.13/site-packages:/opt/ros/jazzy/lib/python3.12/site-packages:/home/rob/robotics5551:/home/rob/robotics5551 /usr/bin/cmake --install /home/rob/project/csci5551-s26-team-pointbot/build/zed_ros2
[0.108s] -- Install configuration: ""
[0.109s] -- Up-to-date: /home/rob/project/csci5551-s26-team-pointbot/install/share/ament_index/resource_index/package_run_dependencies/zed_ros2
[0.109s] -- Up-to-date: /home/rob/project/csci5551-s26-team-pointbot/install/share/ament_index/resource_index/parent_prefix_path/zed_ros2
[0.109s] -- Up-to-date: /home/rob/project/csci5551-s26-team-pointbot/install/share/zed_ros2/environment/ament_prefix_path.sh
[0.109s] -- Up-to-date: /home/rob/project/csci5551-s26-team-pointbot/install/share/zed_ros2/environment/ament_prefix_path.dsv
[0.109s] -- Up-to-date: /home/rob/project/csci5551-s26-team-pointbot/install/share/zed_ros2/environment/path.sh
[0.109s] -- Up-to-date: /home/rob/project/csci5551-s26-team-pointbot/install/share/zed_ros2/environment/path.dsv
[0.109s] -- Up-to-date: /home/rob/project/csci5551-s26-team-pointbot/install/share/zed_ros2/local_setup.bash
[0.109s] -- Up-to-date: /home/rob/project/csci5551-s26-team-pointbot/install/share/zed_ros2/local_setup.sh
[0.109s] -- Up-to-date: /home/rob/project/csci5551-s26-team-pointbot/install/share/zed_ros2/local_setup.zsh
[0.109s] -- Up-to-date: /home/rob/project/csci5551-s26-team-pointbot/install/share/zed_ros2/local_setup.dsv
[0.109s] -- Up-to-date: /home/rob/project/csci5551-s26-team-pointbot/install/share/zed_ros2/package.dsv
[0.109s] -- Up-to-date: /home/rob/project/csci5551-s26-team-pointbot/install/share/ament_index/resource_index/packages/zed_ros2
[0.110s] -- Up-to-date: /home/rob/project/csci5551-s26-team-pointbot/install/share/zed_ros2/cmake/zed_ros2Config.cmake
[0.110s] -- Up-to-date: /home/rob/project/csci5551-s26-team-pointbot/install/share/zed_ros2/cmake/zed_ros2Config-version.cmake
[0.110s] -- Up-to-date: /home/rob/project/csci5551-s26-team-pointbot/install/share/zed_ros2/package.xml
[0.112s] Invoked command in '/home/rob/project/csci5551-s26-team-pointbot/build/zed_ros2' returned '0': CMAKE_PREFIX_PATH=${CMAKE_PREFIX_PATH}:/opt/ros/jazzy CONDA_PROMPT_MODIFIER=(base) DEBUGINFOD_URLS=https://debuginfod.ubuntu.com LD_LIBRARY_PATH=/home/rob/project/csci5551-s26-team-pointbot/install/lib:/opt/ros/jazzy/opt/sdformat_vendor/lib:/opt/ros/jazzy/opt/rviz_ogre_vendor/lib:/opt/ros/jazzy/lib/x86_64-linux-gnu:/opt/ros/jazzy/opt/gz_math_vendor/lib:/opt/ros/jazzy/opt/gz_utils_vendor/lib:/opt/ros/jazzy/opt/gz_tools_vendor/lib:/opt/ros/jazzy/opt/gz_cmake_vendor/lib:/opt/ros/jazzy/lib:/usr/local/cuda-12.8/lib64’ PYTHONPATH=/home/rob/project/csci5551-s26-team-pointbot/install/lib/python3.12/site-packages:/home/rob/project/csci5551-s26-team-pointbot/install/lib/python3.13/site-packages:/opt/ros/jazzy/lib/python3.12/site-packages:/home/rob/robotics5551:/home/rob/robotics5551 /usr/bin/cmake --install /home/rob/project/csci5551-s26-team-pointbot/build/zed_ros2
