[0.328s] Invoking command in '/home/rob/project/csci5551-s26-team-pointbot/build/zed_msgs': CMAKE_PREFIX_PATH=${CMAKE_PREFIX_PATH}:/home/rob/project/csci5551-s26-team-pointbot/install/planning:/home/rob/project/csci5551-s26-team-pointbot/install/perception:/home/rob/project/csci5551-s26-team-pointbot/install/pointbot_rviz:/home/rob/project/csci5551-s26-team-pointbot/install/uf_ros_lib:/opt/ros/jazzy DEBUGINFOD_URLS=https://debuginfod.ubuntu.com /usr/bin/cmake --build /home/rob/project/csci5551-s26-team-pointbot/build/zed_msgs -- -j16 -l16
[0.481s] [  0%] Built target zed_msgs__rs
[0.484s] [  0%] Built target zed_msgs__rosidl_generator_type_description
[0.502s] [  0%] Built target ament_cmake_python_copy_zed_msgs
[0.547s] [  0%] Built target zed_msgs__cpp
[0.582s] [ 28%] Built target zed_msgs__rosidl_generator_c
[0.647s] [ 38%] Built target zed_msgs__rosidl_typesupport_c
[0.660s] [ 48%] Built target zed_msgs__rosidl_typesupport_cpp
[0.684s] [ 58%] Built target zed_msgs__rosidl_typesupport_introspection_c
[0.688s] [ 67%] Built target zed_msgs__rosidl_typesupport_fastrtps_c
[0.712s] [ 77%] Built target zed_msgs__rosidl_typesupport_introspection_cpp
[0.720s] [ 87%] Built target zed_msgs__rosidl_typesupport_fastrtps_cpp
[0.758s] [ 87%] Built target zed_msgs
[0.801s] [ 87%] Built target zed_msgs__py
[0.823s] running egg_info
[0.852s] writing zed_msgs.egg-info/PKG-INFO
[0.852s] writing dependency_links to zed_msgs.egg-info/dependency_links.txt
[0.852s] writing top-level names to zed_msgs.egg-info/top_level.txt
[0.886s] [ 97%] Built target zed_msgs__rosidl_generator_py
[0.918s] reading manifest file 'zed_msgs.egg-info/SOURCES.txt'
[0.919s] writing manifest file 'zed_msgs.egg-info/SOURCES.txt'
[0.934s] [100%] Built target zed_msgs_s__rosidl_typesupport_introspection_c
[0.934s] [100%] Built target zed_msgs_s__rosidl_typesupport_fastrtps_c
[0.934s] [100%] Built target zed_msgs_s__rosidl_typesupport_c
[0.953s] [100%] Built target ament_cmake_python_build_zed_msgs_egg
[1.075s] Invoked command in '/home/rob/project/csci5551-s26-team-pointbot/build/zed_msgs' returned '0': CMAKE_PREFIX_PATH=${CMAKE_PREFIX_PATH}:/home/rob/project/csci5551-s26-team-pointbot/install/planning:/home/rob/project/csci5551-s26-team-pointbot/install/perception:/home/rob/project/csci5551-s26-team-pointbot/install/pointbot_rviz:/home/rob/project/csci5551-s26-team-pointbot/install/uf_ros_lib:/opt/ros/jazzy DEBUGINFOD_URLS=https://debuginfod.ubuntu.com /usr/bin/cmake --build /home/rob/project/csci5551-s26-team-pointbot/build/zed_msgs -- -j16 -l16
[1.077s] Invoking command in '/home/rob/project/csci5551-s26-team-pointbot/build/zed_msgs': CMAKE_PREFIX_PATH=${CMAKE_PREFIX_PATH}:/home/rob/project/csci5551-s26-team-pointbot/install/planning:/home/rob/project/csci5551-s26-team-pointbot/install/perception:/home/rob/project/csci5551-s26-team-pointbot/install/pointbot_rviz:/home/rob/project/csci5551-s26-team-pointbot/install/uf_ros_lib:/opt/ros/jazzy DEBUGINFOD_URLS=https://debuginfod.ubuntu.com /usr/bin/cmake --install /home/rob/project/csci5551-s26-team-pointbot/build/zed_msgs
[1.381s] -- Install configuration: ""
[1.381s] -- Up-to-date: /home/rob/project/csci5551-s26-team-pointbot/install/zed_msgs/share/ament_index/resource_index/rosidl_interfaces/zed_msgs
[1.381s] -- Up-to-date: /home/rob/project/csci5551-s26-team-pointbot/install/zed_msgs/share/zed_msgs/msg/Object.json
[1.381s] -- Up-to-date: /home/rob/project/csci5551-s26-team-pointbot/install/zed_msgs/share/zed_msgs/msg/ObjectsStamped.json
[1.381s] -- Up-to-date: /home/rob/project/csci5551-s26-team-pointbot/install/zed_msgs/share/zed_msgs/msg/Keypoint2Di.json
[1.381s] -- Up-to-date: /home/rob/project/csci5551-s26-team-pointbot/install/zed_msgs/share/zed_msgs/msg/Keypoint2Df.json
[1.381s] -- Up-to-date: /home/rob/project/csci5551-s26-team-pointbot/install/zed_msgs/share/zed_msgs/msg/Keypoint3D.json
[1.382s] -- Up-to-date: /home/rob/project/csci5551-s26-team-pointbot/install/zed_msgs/share/zed_msgs/msg/BoundingBox2Di.json
[1.382s] -- Up-to-date: /home/rob/project/csci5551-s26-team-pointbot/install/zed_msgs/share/zed_msgs/msg/BoundingBox2Df.json
[1.382s] -- Up-to-date: /home/rob/project/csci5551-s26-team-pointbot/install/zed_msgs/share/zed_msgs/msg/BoundingBox3D.json
[1.382s] -- Up-to-date: /home/rob/project/csci5551-s26-team-pointbot/install/zed_msgs/share/zed_msgs/msg/Skeleton2D.json
[1.382s] -- Up-to-date: /home/rob/project/csci5551-s26-team-pointbot/install/zed_msgs/share/zed_msgs/msg/Skeleton3D.json
[1.382s] -- Up-to-date: /home/rob/project/csci5551-s26-team-pointbot/install/zed_msgs/share/zed_msgs/msg/DepthInfoStamped.json
[1.382s] -- Up-to-date: /home/rob/project/csci5551-s26-team-pointbot/install/zed_msgs/share/zed_msgs/msg/PlaneStamped.json
[1.382s] -- Up-to-date: /home/rob/project/csci5551-s26-team-pointbot/install/zed_msgs/share/zed_msgs/msg/PosTrackStatus.json
[1.382s] -- Up-to-date: /home/rob/project/csci5551-s26-team-pointbot/install/zed_msgs/share/zed_msgs/msg/GnssFusionStatus.json
[1.382s] -- Up-to-date: /home/rob/project/csci5551-s26-team-pointbot/install/zed_msgs/share/zed_msgs/msg/Heartbeat.json
[1.383s] -- Up-to-date: /home/rob/project/csci5551-s26-team-pointbot/install/zed_msgs/share/zed_msgs/msg/MagHeadingStatus.json
[1.383s] -- Up-to-date: /home/rob/project/csci5551-s26-team-pointbot/install/zed_msgs/share/zed_msgs/msg/SvoStatus.json
[1.383s] -- Up-to-date: /home/rob/project/csci5551-s26-team-pointbot/install/zed_msgs/share/zed_msgs/msg/HealthStatusStamped.json
[1.383s] -- Up-to-date: /home/rob/project/csci5551-s26-team-pointbot/install/zed_msgs/share/zed_msgs/srv/SetPose.json
[1.383s] -- Up-to-date: /home/rob/project/csci5551-s26-team-pointbot/install/zed_msgs/share/zed_msgs/srv/StartSvoRec.json
[1.383s] -- Up-to-date: /home/rob/project/csci5551-s26-team-pointbot/install/zed_msgs/share/zed_msgs/srv/SetROI.json
[1.383s] -- Up-to-date: /home/rob/project/csci5551-s26-team-pointbot/install/zed_msgs/share/zed_msgs/srv/SetSvoFrame.json
[1.384s] -- Up-to-date: /home/rob/project/csci5551-s26-team-pointbot/install/zed_msgs/share/zed_msgs/srv/SaveAreaMemory.json
[1.385s] -- Up-to-date: /home/rob/project/csci5551-s26-team-pointbot/install/zed_msgs/include/zed_msgs/zed_msgs
[1.385s] -- Up-to-date: /home/rob/project/csci5551-s26-team-pointbot/install/zed_msgs/include/zed_msgs/zed_msgs/msg
[1.385s] -- Up-to-date: /home/rob/project/csci5551-s26-team-pointbot/install/zed_msgs/include/zed_msgs/zed_msgs/msg/skeleton3_d.h
[1.385s] -- Up-to-date: /home/rob/project/csci5551-s26-team-pointbot/install/zed_msgs/include/zed_msgs/zed_msgs/msg/keypoint3_d.h
[1.386s] -- Up-to-date: /home/rob/project/csci5551-s26-team-pointbot/install/zed_msgs/include/zed_msgs/zed_msgs/msg/svo_status.h
[1.386s] -- Up-to-date: /home/rob/project/csci5551-s26-team-pointbot/install/zed_msgs/include/zed_msgs/zed_msgs/msg/keypoint2_df.h
[1.386s] -- Up-to-date: /home/rob/project/csci5551-s26-team-pointbot/install/zed_msgs/include/zed_msgs/zed_msgs/msg/gnss_fusion_status.h
[1.386s] -- Up-to-date: /home/rob/project/csci5551-s26-team-pointbot/install/zed_msgs/include/zed_msgs/zed_msgs/msg/bounding_box2_df.h
[1.386s] -- Up-to-date: /home/rob/project/csci5551-s26-team-pointbot/install/zed_msgs/include/zed_msgs/zed_msgs/msg/skeleton2_d.h
[1.386s] -- Up-to-date: /home/rob/project/csci5551-s26-team-pointbot/install/zed_msgs/include/zed_msgs/zed_msgs/msg/keypoint2_di.h
[1.409s] -- Up-to-date: /home/rob/project/csci5551-s26-team-pointbot/install/zed_msgs/include/zed_msgs/zed_msgs/msg/pos_track_status.h
[1.409s] -- Up-to-date: /home/rob/project/csci5551-s26-team-pointbot/install/zed_msgs/include/zed_msgs/zed_msgs/msg/bounding_box2_di.h
[1.409s] -- Up-to-date: /home/rob/project/csci5551-s26-team-pointbot/install/zed_msgs/include/zed_msgs/zed_msgs/msg/heartbeat.h
[1.409s] -- Up-to-date: /home/rob/project/csci5551-s26-team-pointbot/install/zed_msgs/include/zed_msgs/zed_msgs/msg/rosidl_generator_c__visibility_control.h
[1.409s] -- Up-to-date: /home/rob/project/csci5551-s26-team-pointbot/install/zed_msgs/include/zed_msgs/zed_msgs/msg/health_status_stamped.h
[1.409s] -- Up-to-date: /home/rob/project/csci5551-s26-team-pointbot/install/zed_msgs/include/zed_msgs/zed_msgs/msg/objects_stamped.h
[1.409s] -- Up-to-date: /home/rob/project/csci5551-s26-team-pointbot/install/zed_msgs/include/zed_msgs/zed_msgs/msg/bounding_box3_d.h
[1.410s] -- Up-to-date: /home/rob/project/csci5551-s26-team-pointbot/install/zed_msgs/include/zed_msgs/zed_msgs/msg/plane_stamped.h
[1.410s] -- Up-to-date: /home/rob/project/csci5551-s26-team-pointbot/install/zed_msgs/include/zed_msgs/zed_msgs/msg/detail
[1.410s] -- Up-to-date: /home/rob/project/csci5551-s26-team-pointbot/install/zed_msgs/include/zed_msgs/zed_msgs/msg/detail/depth_info_stamped__functions.h
[1.410s] -- Up-to-date: /home/rob/project/csci5551-s26-team-pointbot/install/zed_msgs/include/zed_msgs/zed_msgs/msg/detail/plane_stamped__type_support.h
[1.410s] -- Up-to-date: /home/rob/project/csci5551-s26-team-pointbot/install/zed_msgs/include/zed_msgs/zed_msgs/msg/detail/keypoint2_di__functions.c
[1.410s] -- Up-to-date: /home/rob/project/csci5551-s26-team-pointbot/install/zed_msgs/include/zed_msgs/zed_msgs/msg/detail/objects_stamped__description.c
[1.410s] -- Up-to-date: /home/rob/project/csci5551-s26-team-pointbot/install/zed_msgs/include/zed_msgs/zed_msgs/msg/detail/gnss_fusion_status__description.c
[1.410s] -- Up-to-date: /home/rob/project/csci5551-s26-team-pointbot/install/zed_msgs/include/zed_msgs/zed_msgs/msg/detail/depth_info_stamped__type_support.h
[1.411s] -- Up-to-date: /home/rob/project/csci5551-s26-team-pointbot/install/zed_msgs/include/zed_msgs/zed_msgs/msg/detail/keypoint2_df__type_support.h
[1.411s] -- Up-to-date: /home/rob/project/csci5551-s26-team-pointbot/install/zed_msgs/include/zed_msgs/zed_msgs/msg/detail/health_status_stamped__functions.c
[1.411s] -- Up-to-date: /home/rob/project/csci5551-s26-team-pointbot/install/zed_msgs/include/zed_msgs/zed_msgs/msg/detail/object__type_support.h
[1.411s] -- Up-to-date: /home/rob/project/csci5551-s26-team-pointbot/install/zed_msgs/include/zed_msgs/zed_msgs/msg/detail/plane_stamped__functions.h
[1.411s] -- Up-to-date: /home/rob/project/csci5551-s26-team-pointbot/install/zed_msgs/include/zed_msgs/zed_msgs/msg/detail/plane_stamped__functions.c
[1.411s] -- Up-to-date: /home/rob/project/csci5551-s26-team-pointbot/install/zed_msgs/include/zed_msgs/zed_msgs/msg/detail/object__functions.c
[1.411s] -- Up-to-date: /home/rob/project/csci5551-s26-team-pointbot/install/zed_msgs/include/zed_msgs/zed_msgs/msg/detail/object__functions.h
[1.411s] -- Up-to-date: /home/rob/project/csci5551-s26-team-pointbot/install/zed_msgs/include/zed_msgs/zed_msgs/msg/detail/objects_stamped__functions.h
[1.412s] -- Up-to-date: /home/rob/project/csci5551-s26-team-pointbot/install/zed_msgs/include/zed_msgs/zed_msgs/msg/detail/skeleton3_d__struct.h
[1.412s] -- Up-to-date: /home/rob/project/csci5551-s26-team-pointbot/install/zed_msgs/include/zed_msgs/zed_msgs/msg/detail/bounding_box2_di__functions.c
[1.412s] -- Up-to-date: /home/rob/project/csci5551-s26-team-pointbot/install/zed_msgs/include/zed_msgs/zed_msgs/msg/detail/heartbeat__type_support.h
[1.412s] -- Installing: /home/rob/project/csci5551-s26-team-pointbot/install/zed_msgs/include/zed_msgs/zed_msgs/msg/detail/mag_heading_status__type_support.c
[1.412s] -- Up-to-date: /home/rob/project/csci5551-s26-team-pointbot/install/zed_msgs/include/zed_msgs/zed_msgs/msg/detail/pos_track_status__struct.h
[1.412s] -- Up-to-date: /home/rob/project/csci5551-s26-team-pointbot/install/zed_msgs/include/zed_msgs/zed_msgs/msg/detail/plane_stamped__struct.h
[1.412s] -- Up-to-date: /home/rob/project/csci5551-s26-team-pointbot/install/zed_msgs/include/zed_msgs/zed_msgs/msg/detail/bounding_box3_d__type_support.h
[1.412s] -- Installing: /home/rob/project/csci5551-s26-team-pointbot/install/zed_msgs/include/zed_msgs/zed_msgs/msg/detail/plane_stamped__type_support.c
[1.412s] -- Up-to-date: /home/rob/project/csci5551-s26-team-pointbot/install/zed_msgs/include/zed_msgs/zed_msgs/msg/detail/svo_status__description.c
[1.412s] -- Up-to-date: /home/rob/project/csci5551-s26-team-pointbot/install/zed_msgs/include/zed_msgs/zed_msgs/msg/detail/mag_heading_status__description.c
[1.413s] -- Up-to-date: /home/rob/project/csci5551-s26-team-pointbot/install/zed_msgs/include/zed_msgs/zed_msgs/msg/detail/bounding_box2_df__description.c
[1.413s] -- Up-to-date: /home/rob/project/csci5551-s26-team-pointbot/install/zed_msgs/include/zed_msgs/zed_msgs/msg/detail/mag_heading_status__functions.h
[1.413s] -- Up-to-date: /home/rob/project/csci5551-s26-team-pointbot/install/zed_msgs/include/zed_msgs/zed_msgs/msg/detail/skeleton3_d__type_support.h
[1.413s] -- Installing: /home/rob/project/csci5551-s26-team-pointbot/install/zed_msgs/include/zed_msgs/zed_msgs/msg/detail/gnss_fusion_status__type_support.c
[1.413s] -- Up-to-date: /home/rob/project/csci5551-s26-team-pointbot/install/zed_msgs/include/zed_msgs/zed_msgs/msg/detail/depth_info_stamped__description.c
[1.413s] -- Up-to-date: /home/rob/project/csci5551-s26-team-pointbot/install/zed_msgs/include/zed_msgs/zed_msgs/msg/detail/skeleton2_d__functions.h
[1.414s] -- Up-to-date: /home/rob/project/csci5551-s26-team-pointbot/install/zed_msgs/include/zed_msgs/zed_msgs/msg/detail/bounding_box3_d__functions.c
[1.414s] -- Up-to-date: /home/rob/project/csci5551-s26-team-pointbot/install/zed_msgs/include/zed_msgs/zed_msgs/msg/detail/bounding_box2_di__type_support.h
[1.414s] -- Up-to-date: /home/rob/project/csci5551-s26-team-pointbot/install/zed_msgs/include/zed_msgs/zed_msgs/msg/detail/health_status_stamped__description.c
[1.414s] -- Installing: /home/rob/project/csci5551-s26-team-pointbot/install/zed_msgs/include/zed_msgs/zed_msgs/msg/detail/keypoint2_df__type_support.c
[1.414s] -- Up-to-date: /home/rob/project/csci5551-s26-team-pointbot/install/zed_msgs/include/zed_msgs/zed_msgs/msg/detail/heartbeat__description.c
[1.414s] -- Installing: /home/rob/project/csci5551-s26-team-pointbot/install/zed_msgs/include/zed_msgs/zed_msgs/msg/detail/heartbeat__type_support.c
[1.414s] -- Up-to-date: /home/rob/project/csci5551-s26-team-pointbot/install/zed_msgs/include/zed_msgs/zed_msgs/msg/detail/bounding_box2_di__functions.h
[1.415s] -- Installing: /home/rob/project/csci5551-s26-team-pointbot/install/zed_msgs/include/zed_msgs/zed_msgs/msg/detail/bounding_box3_d__type_support.c
[1.415s] -- Up-to-date: /home/rob/project/csci5551-s26-team-pointbot/install/zed_msgs/include/zed_msgs/zed_msgs/msg/detail/keypoint2_di__description.c
[1.415s] -- Up-to-date: /home/rob/project/csci5551-s26-team-pointbot/install/zed_msgs/include/zed_msgs/zed_msgs/msg/detail/bounding_box2_df__functions.c
[1.415s] -- Up-to-date: /home/rob/project/csci5551-s26-team-pointbot/install/zed_msgs/include/zed_msgs/zed_msgs/msg/detail/keypoint3_d__struct.h
[1.415s] -- Up-to-date: /home/rob/project/csci5551-s26-team-pointbot/install/zed_msgs/include/zed_msgs/zed_msgs/msg/detail/bounding_box2_df__functions.h
[1.415s] -- Up-to-date: /home/rob/project/csci5551-s26-team-pointbot/install/zed_msgs/include/zed_msgs/zed_msgs/msg/detail/heartbeat__struct.h
[1.415s] -- Installing: /home/rob/project/csci5551-s26-team-pointbot/install/zed_msgs/include/zed_msgs/zed_msgs/msg/detail/keypoint3_d__type_support.c
[1.415s] -- Up-to-date: /home/rob/project/csci5551-s26-team-pointbot/install/zed_msgs/include/zed_msgs/zed_msgs/msg/detail/keypoint3_d__description.c
[1.416s] -- Up-to-date: /home/rob/project/csci5551-s26-team-pointbot/install/zed_msgs/include/zed_msgs/zed_msgs/msg/detail/gnss_fusion_status__type_support.h
[1.416s] -- Up-to-date: /home/rob/project/csci5551-s26-team-pointbot/install/zed_msgs/include/zed_msgs/zed_msgs/msg/detail/skeleton3_d__functions.c
[1.416s] -- Up-to-date: /home/rob/project/csci5551-s26-team-pointbot/install/zed_msgs/include/zed_msgs/zed_msgs/msg/detail/heartbeat__functions.c
[1.416s] -- Up-to-date: /home/rob/project/csci5551-s26-team-pointbot/install/zed_msgs/include/zed_msgs/zed_msgs/msg/detail/bounding_box3_d__description.c
[1.416s] -- Installing: /home/rob/project/csci5551-s26-team-pointbot/install/zed_msgs/include/zed_msgs/zed_msgs/msg/detail/bounding_box2_df__type_support.c
[1.417s] -- Up-to-date: /home/rob/project/csci5551-s26-team-pointbot/install/zed_msgs/include/zed_msgs/zed_msgs/msg/detail/skeleton2_d__type_support.h
[1.417s] -- Up-to-date: /home/rob/project/csci5551-s26-team-pointbot/install/zed_msgs/include/zed_msgs/zed_msgs/msg/detail/skeleton2_d__struct.h
[1.417s] -- Up-to-date: /home/rob/project/csci5551-s26-team-pointbot/install/zed_msgs/include/zed_msgs/zed_msgs/msg/detail/objects_stamped__functions.c
[1.417s] -- Up-to-date: /home/rob/project/csci5551-s26-team-pointbot/install/zed_msgs/include/zed_msgs/zed_msgs/msg/detail/keypoint2_df__struct.h
[1.417s] -- Up-to-date: /home/rob/project/csci5551-s26-team-pointbot/install/zed_msgs/include/zed_msgs/zed_msgs/msg/detail/depth_info_stamped__struct.h
[1.417s] -- Installing: /home/rob/project/csci5551-s26-team-pointbot/install/zed_msgs/include/zed_msgs/zed_msgs/msg/detail/skeleton2_d__type_support.c
[1.418s] -- Up-to-date: /home/rob/project/csci5551-s26-team-pointbot/install/zed_msgs/include/zed_msgs/zed_msgs/msg/detail/mag_heading_status__functions.c
[1.418s] -- Installing: /home/rob/project/csci5551-s26-team-pointbot/install/zed_msgs/include/zed_msgs/zed_msgs/msg/detail/bounding_box2_di__type_support.c
[1.418s] -- Up-to-date: /home/rob/project/csci5551-s26-team-pointbot/install/zed_msgs/include/zed_msgs/zed_msgs/msg/detail/keypoint2_di__type_support.h
[1.418s] -- Up-to-date: /home/rob/project/csci5551-s26-team-pointbot/install/zed_msgs/include/zed_msgs/zed_msgs/msg/detail/skeleton2_d__description.c
[1.418s] -- Up-to-date: /home/rob/project/csci5551-s26-team-pointbot/install/zed_msgs/include/zed_msgs/zed_msgs/msg/detail/keypoint2_df__description.c
[1.418s] -- Up-to-date: /home/rob/project/csci5551-s26-team-pointbot/install/zed_msgs/include/zed_msgs/zed_msgs/msg/detail/keypoint2_df__functions.h
[1.418s] -- Up-to-date: /home/rob/project/csci5551-s26-team-pointbot/install/zed_msgs/include/zed_msgs/zed_msgs/msg/detail/svo_status__struct.h
[1.419s] -- Up-to-date: /home/rob/project/csci5551-s26-team-pointbot/install/zed_msgs/include/zed_msgs/zed_msgs/msg/detail/gnss_fusion_status__functions.c
[1.419s] -- Up-to-date: /home/rob/project/csci5551-s26-team-pointbot/install/zed_msgs/include/zed_msgs/zed_msgs/msg/detail/svo_status__functions.h
[1.419s] -- Up-to-date: /home/rob/project/csci5551-s26-team-pointbot/install/zed_msgs/include/zed_msgs/zed_msgs/msg/detail/bounding_box2_di__struct.h
[1.419s] -- Up-to-date: /home/rob/project/csci5551-s26-team-pointbot/install/zed_msgs/include/zed_msgs/zed_msgs/msg/detail/skeleton3_d__functions.h
[1.419s] -- Up-to-date: /home/rob/project/csci5551-s26-team-pointbot/install/zed_msgs/include/zed_msgs/zed_msgs/msg/detail/keypoint3_d__type_support.h
[1.419s] -- Installing: /home/rob/project/csci5551-s26-team-pointbot/install/zed_msgs/include/zed_msgs/zed_msgs/msg/detail/objects_stamped__type_support.c
[1.419s] -- Up-to-date: /home/rob/project/csci5551-s26-team-pointbot/install/zed_msgs/include/zed_msgs/zed_msgs/msg/detail/keypoint2_di__functions.h
[1.419s] -- Up-to-date: /home/rob/project/csci5551-s26-team-pointbot/install/zed_msgs/include/zed_msgs/zed_msgs/msg/detail/mag_heading_status__struct.h
[1.419s] -- Up-to-date: /home/rob/project/csci5551-s26-team-pointbot/install/zed_msgs/include/zed_msgs/zed_msgs/msg/detail/svo_status__functions.c
[1.419s] -- Up-to-date: /home/rob/project/csci5551-s26-team-pointbot/install/zed_msgs/include/zed_msgs/zed_msgs/msg/detail/pos_track_status__functions.h
[1.420s] -- Up-to-date: /home/rob/project/csci5551-s26-team-pointbot/install/zed_msgs/include/zed_msgs/zed_msgs/msg/detail/skeleton3_d__description.c
[1.420s] -- Up-to-date: /home/rob/project/csci5551-s26-team-pointbot/install/zed_msgs/include/zed_msgs/zed_msgs/msg/detail/plane_stamped__description.c
[1.420s] -- Up-to-date: /home/rob/project/csci5551-s26-team-pointbot/install/zed_msgs/include/zed_msgs/zed_msgs/msg/detail/health_status_stamped__struct.h
[1.420s] -- Up-to-date: /home/rob/project/csci5551-s26-team-pointbot/install/zed_msgs/include/zed_msgs/zed_msgs/msg/detail/gnss_fusion_status__functions.h
[1.420s] -- Up-to-date: /home/rob/project/csci5551-s26-team-pointbot/install/zed_msgs/include/zed_msgs/zed_msgs/msg/detail/keypoint3_d__functions.c
[1.425s] -- Up-to-date: /home/rob/project/csci5551-s26-team-pointbot/install/zed_msgs/include/zed_msgs/zed_msgs/msg/detail/keypoint2_df__functions.c
[1.425s] -- Up-to-date: /home/rob/project/csci5551-s26-team-pointbot/install/zed_msgs/include/zed_msgs/zed_msgs/msg/detail/health_status_stamped__functions.h
[1.425s] -- Installing: /home/rob/project/csci5551-s26-team-pointbot/install/zed_msgs/include/zed_msgs/zed_msgs/msg/detail/health_status_stamped__type_support.c
[1.425s] -- Up-to-date: /home/rob/project/csci5551-s26-team-pointbot/install/zed_msgs/include/zed_msgs/zed_msgs/msg/detail/skeleton2_d__functions.c
[1.425s] -- Up-to-date: /home/rob/project/csci5551-s26-team-pointbot/install/zed_msgs/include/zed_msgs/zed_msgs/msg/detail/objects_stamped__type_support.h
[1.426s] -- Up-to-date: /home/rob/project/csci5551-s26-team-pointbot/install/zed_msgs/include/zed_msgs/zed_msgs/msg/detail/heartbeat__functions.h
[1.426s] -- Up-to-date: /home/rob/project/csci5551-s26-team-pointbot/install/zed_msgs/include/zed_msgs/zed_msgs/msg/detail/bounding_box3_d__struct.h
[1.426s] -- Up-to-date: /home/rob/project/csci5551-s26-team-pointbot/install/zed_msgs/include/zed_msgs/zed_msgs/msg/detail/svo_status__type_support.h
[1.426s] -- Installing: /home/rob/project/csci5551-s26-team-pointbot/install/zed_msgs/include/zed_msgs/zed_msgs/msg/detail/keypoint2_di__type_support.c
[1.426s] -- Up-to-date: /home/rob/project/csci5551-s26-team-pointbot/install/zed_msgs/include/zed_msgs/zed_msgs/msg/detail/object__struct.h
[1.426s] -- Up-to-date: /home/rob/project/csci5551-s26-team-pointbot/install/zed_msgs/include/zed_msgs/zed_msgs/msg/detail/pos_track_status__functions.c
[1.426s] -- Installing: /home/rob/project/csci5551-s26-team-pointbot/install/zed_msgs/include/zed_msgs/zed_msgs/msg/detail/skeleton3_d__type_support.c
[1.426s] -- Up-to-date: /home/rob/project/csci5551-s26-team-pointbot/install/zed_msgs/include/zed_msgs/zed_msgs/msg/detail/bounding_box2_di__description.c
[1.427s] -- Up-to-date: /home/rob/project/csci5551-s26-team-pointbot/install/zed_msgs/include/zed_msgs/zed_msgs/msg/detail/object__description.c
[1.427s] -- Up-to-date: /home/rob/project/csci5551-s26-team-pointbot/install/zed_msgs/include/zed_msgs/zed_msgs/msg/detail/mag_heading_status__type_support.h
[1.427s] -- Installing: /home/rob/project/csci5551-s26-team-pointbot/install/zed_msgs/include/zed_msgs/zed_msgs/msg/detail/object__type_support.c
[1.427s] -- Installing: /home/rob/project/csci5551-s26-team-pointbot/install/zed_msgs/include/zed_msgs/zed_msgs/msg/detail/depth_info_stamped__type_support.c
[1.427s] -- Up-to-date: /home/rob/project/csci5551-s26-team-pointbot/install/zed_msgs/include/zed_msgs/zed_msgs/msg/detail/bounding_box2_df__type_support.h
[1.428s] -- Up-to-date: /home/rob/project/csci5551-s26-team-pointbot/install/zed_msgs/include/zed_msgs/zed_msgs/msg/detail/pos_track_status__type_support.h
[1.428s] -- Up-to-date: /home/rob/project/csci5551-s26-team-pointbot/install/zed_msgs/include/zed_msgs/zed_msgs/msg/detail/pos_track_status__description.c
[1.428s] -- Up-to-date: /home/rob/project/csci5551-s26-team-pointbot/install/zed_msgs/include/zed_msgs/zed_msgs/msg/detail/keypoint3_d__functions.h
[1.428s] -- Up-to-date: /home/rob/project/csci5551-s26-team-pointbot/install/zed_msgs/include/zed_msgs/zed_msgs/msg/detail/bounding_box2_df__struct.h
[1.428s] -- Up-to-date: /home/rob/project/csci5551-s26-team-pointbot/install/zed_msgs/include/zed_msgs/zed_msgs/msg/detail/objects_stamped__struct.h
[1.429s] -- Up-to-date: /home/rob/project/csci5551-s26-team-pointbot/install/zed_msgs/include/zed_msgs/zed_msgs/msg/detail/keypoint2_di__struct.h
[1.429s] -- Installing: /home/rob/project/csci5551-s26-team-pointbot/install/zed_msgs/include/zed_msgs/zed_msgs/msg/detail/pos_track_status__type_support.c
[1.429s] -- Up-to-date: /home/rob/project/csci5551-s26-team-pointbot/install/zed_msgs/include/zed_msgs/zed_msgs/msg/detail/bounding_box3_d__functions.h
[1.429s] -- Up-to-date: /home/rob/project/csci5551-s26-team-pointbot/install/zed_msgs/include/zed_msgs/zed_msgs/msg/detail/health_status_stamped__type_support.h
[1.429s] -- Installing: /home/rob/project/csci5551-s26-team-pointbot/install/zed_msgs/include/zed_msgs/zed_msgs/msg/detail/svo_status__type_support.c
[1.429s] -- Up-to-date: /home/rob/project/csci5551-s26-team-pointbot/install/zed_msgs/include/zed_msgs/zed_msgs/msg/detail/depth_info_stamped__functions.c
[1.429s] -- Up-to-date: /home/rob/project/csci5551-s26-team-pointbot/install/zed_msgs/include/zed_msgs/zed_msgs/msg/detail/gnss_fusion_status__struct.h
[1.430s] -- Up-to-date: /home/rob/project/csci5551-s26-team-pointbot/install/zed_msgs/include/zed_msgs/zed_msgs/msg/object.h
[1.430s] -- Up-to-date: /home/rob/project/csci5551-s26-team-pointbot/install/zed_msgs/include/zed_msgs/zed_msgs/msg/mag_heading_status.h
[1.430s] -- Up-to-date: /home/rob/project/csci5551-s26-team-pointbot/install/zed_msgs/include/zed_msgs/zed_msgs/msg/depth_info_stamped.h
[1.430s] -- Up-to-date: /home/rob/project/csci5551-s26-team-pointbot/install/zed_msgs/include/zed_msgs/zed_msgs/srv
[1.430s] -- Up-to-date: /home/rob/project/csci5551-s26-team-pointbot/install/zed_msgs/include/zed_msgs/zed_msgs/srv/set_svo_frame.h
[1.430s] -- Up-to-date: /home/rob/project/csci5551-s26-team-pointbot/install/zed_msgs/include/zed_msgs/zed_msgs/srv/save_area_memory.h
[1.430s] -- Up-to-date: /home/rob/project/csci5551-s26-team-pointbot/install/zed_msgs/include/zed_msgs/zed_msgs/srv/start_svo_rec.h
[1.430s] -- Up-to-date: /home/rob/project/csci5551-s26-team-pointbot/install/zed_msgs/include/zed_msgs/zed_msgs/srv/set_pose.h
[1.431s] -- Up-to-date: /home/rob/project/csci5551-s26-team-pointbot/install/zed_msgs/include/zed_msgs/zed_msgs/srv/set_roi.h
[1.431s] -- Up-to-date: /home/rob/project/csci5551-s26-team-pointbot/install/zed_msgs/include/zed_msgs/zed_msgs/srv/detail
[1.431s] -- Installing: /home/rob/project/csci5551-s26-team-pointbot/install/zed_msgs/include/zed_msgs/zed_msgs/srv/detail/start_svo_rec__type_support.c
[1.431s] -- Up-to-date: /home/rob/project/csci5551-s26-team-pointbot/install/zed_msgs/include/zed_msgs/zed_msgs/srv/detail/set_roi__struct.h
[1.431s] -- Up-to-date: /home/rob/project/csci5551-s26-team-pointbot/install/zed_msgs/include/zed_msgs/zed_msgs/srv/detail/save_area_memory__struct.h
[1.431s] -- Up-to-date: /home/rob/project/csci5551-s26-team-pointbot/install/zed_msgs/include/zed_msgs/zed_msgs/srv/detail/set_pose__functions.h
[1.431s] -- Up-to-date: /home/rob/project/csci5551-s26-team-pointbot/install/zed_msgs/include/zed_msgs/zed_msgs/srv/detail/set_pose__description.c
[1.431s] -- Installing: /home/rob/project/csci5551-s26-team-pointbot/install/zed_msgs/include/zed_msgs/zed_msgs/srv/detail/save_area_memory__type_support.c
[1.432s] -- Up-to-date: /home/rob/project/csci5551-s26-team-pointbot/install/zed_msgs/include/zed_msgs/zed_msgs/srv/detail/save_area_memory__type_support.h
[1.432s] -- Up-to-date: /home/rob/project/csci5551-s26-team-pointbot/install/zed_msgs/include/zed_msgs/zed_msgs/srv/detail/save_area_memory__functions.c
[1.432s] -- Up-to-date: /home/rob/project/csci5551-s26-team-pointbot/install/zed_msgs/include/zed_msgs/zed_msgs/srv/detail/set_roi__description.c
[1.432s] -- Up-to-date: /home/rob/project/csci5551-s26-team-pointbot/install/zed_msgs/include/zed_msgs/zed_msgs/srv/detail/set_svo_frame__functions.h
[1.432s] -- Up-to-date: /home/rob/project/csci5551-s26-team-pointbot/install/zed_msgs/include/zed_msgs/zed_msgs/srv/detail/start_svo_rec__functions.c
[1.432s] -- Up-to-date: /home/rob/project/csci5551-s26-team-pointbot/install/zed_msgs/include/zed_msgs/zed_msgs/srv/detail/set_pose__type_support.h
[1.432s] -- Up-to-date: /home/rob/project/csci5551-s26-team-pointbot/install/zed_msgs/include/zed_msgs/zed_msgs/srv/detail/save_area_memory__description.c
[1.432s] -- Up-to-date: /home/rob/project/csci5551-s26-team-pointbot/install/zed_msgs/include/zed_msgs/zed_msgs/srv/detail/start_svo_rec__description.c
[1.433s] -- Up-to-date: /home/rob/project/csci5551-s26-team-pointbot/install/zed_msgs/include/zed_msgs/zed_msgs/srv/detail/set_pose__struct.h
[1.433s] -- Up-to-date: /home/rob/project/csci5551-s26-team-pointbot/install/zed_msgs/include/zed_msgs/zed_msgs/srv/detail/set_roi__type_support.h
[1.433s] -- Up-to-date: /home/rob/project/csci5551-s26-team-pointbot/install/zed_msgs/include/zed_msgs/zed_msgs/srv/detail/set_roi__functions.h
[1.433s] -- Installing: /home/rob/project/csci5551-s26-team-pointbot/install/zed_msgs/include/zed_msgs/zed_msgs/srv/detail/set_svo_frame__type_support.c
[1.433s] -- Installing: /home/rob/project/csci5551-s26-team-pointbot/install/zed_msgs/include/zed_msgs/zed_msgs/srv/detail/set_roi__type_support.c
[1.435s] -- Up-to-date: /home/rob/project/csci5551-s26-team-pointbot/install/zed_msgs/include/zed_msgs/zed_msgs/srv/detail/set_svo_frame__struct.h
[1.436s] -- Up-to-date: /home/rob/project/csci5551-s26-team-pointbot/install/zed_msgs/include/zed_msgs/zed_msgs/srv/detail/set_svo_frame__type_support.h
[1.436s] -- Up-to-date: /home/rob/project/csci5551-s26-team-pointbot/install/zed_msgs/include/zed_msgs/zed_msgs/srv/detail/set_svo_frame__functions.c
[1.436s] -- Up-to-date: /home/rob/project/csci5551-s26-team-pointbot/install/zed_msgs/include/zed_msgs/zed_msgs/srv/detail/save_area_memory__functions.h
[1.436s] -- Up-to-date: /home/rob/project/csci5551-s26-team-pointbot/install/zed_msgs/include/zed_msgs/zed_msgs/srv/detail/start_svo_rec__struct.h
[1.436s] -- Up-to-date: /home/rob/project/csci5551-s26-team-pointbot/install/zed_msgs/include/zed_msgs/zed_msgs/srv/detail/set_roi__functions.c
[1.436s] -- Installing: /home/rob/project/csci5551-s26-team-pointbot/install/zed_msgs/include/zed_msgs/zed_msgs/srv/detail/set_pose__type_support.c
[1.436s] -- Up-to-date: /home/rob/project/csci5551-s26-team-pointbot/install/zed_msgs/include/zed_msgs/zed_msgs/srv/detail/set_svo_frame__description.c
[1.436s] -- Up-to-date: /home/rob/project/csci5551-s26-team-pointbot/install/zed_msgs/include/zed_msgs/zed_msgs/srv/detail/set_pose__functions.c
[1.436s] -- Up-to-date: /home/rob/project/csci5551-s26-team-pointbot/install/zed_msgs/include/zed_msgs/zed_msgs/srv/detail/start_svo_rec__type_support.h
[1.437s] -- Up-to-date: /home/rob/project/csci5551-s26-team-pointbot/install/zed_msgs/include/zed_msgs/zed_msgs/srv/detail/start_svo_rec__functions.h
[1.437s] -- Up-to-date: /home/rob/project/csci5551-s26-team-pointbot/install/zed_msgs/share/zed_msgs/environment/library_path.sh
[1.437s] -- Up-to-date: /home/rob/project/csci5551-s26-team-pointbot/install/zed_msgs/share/zed_msgs/environment/library_path.dsv
[1.437s] -- Up-to-date: /home/rob/project/csci5551-s26-team-pointbot/install/zed_msgs/lib/libzed_msgs__rosidl_generator_c.so
[1.437s] -- Up-to-date: /home/rob/project/csci5551-s26-team-pointbot/install/zed_msgs/include/zed_msgs/zed_msgs
[1.437s] -- Up-to-date: /home/rob/project/csci5551-s26-team-pointbot/install/zed_msgs/include/zed_msgs/zed_msgs/msg
[1.437s] -- Up-to-date: /home/rob/project/csci5551-s26-team-pointbot/install/zed_msgs/include/zed_msgs/zed_msgs/msg/rosidl_typesupport_fastrtps_c__visibility_control.h
[1.437s] -- Up-to-date: /home/rob/project/csci5551-s26-team-pointbot/install/zed_msgs/include/zed_msgs/zed_msgs/msg/detail
[1.437s] -- Up-to-date: /home/rob/project/csci5551-s26-team-pointbot/install/zed_msgs/include/zed_msgs/zed_msgs/msg/detail/keypoint2_di__rosidl_typesupport_fastrtps_c.h
[1.437s] -- Up-to-date: /home/rob/project/csci5551-s26-team-pointbot/install/zed_msgs/include/zed_msgs/zed_msgs/msg/detail/heartbeat__rosidl_typesupport_fastrtps_c.h
[1.437s] -- Up-to-date: /home/rob/project/csci5551-s26-team-pointbot/install/zed_msgs/include/zed_msgs/zed_msgs/msg/detail/plane_stamped__rosidl_typesupport_fastrtps_c.h
[1.438s] -- Up-to-date: /home/rob/project/csci5551-s26-team-pointbot/install/zed_msgs/include/zed_msgs/zed_msgs/msg/detail/skeleton3_d__rosidl_typesupport_fastrtps_c.h
[1.438s] -- Up-to-date: /home/rob/project/csci5551-s26-team-pointbot/install/zed_msgs/include/zed_msgs/zed_msgs/msg/detail/bounding_box2_df__rosidl_typesupport_fastrtps_c.h
[1.438s] -- Up-to-date: /home/rob/project/csci5551-s26-team-pointbot/install/zed_msgs/include/zed_msgs/zed_msgs/msg/detail/depth_info_stamped__rosidl_typesupport_fastrtps_c.h
[1.438s] -- Up-to-date: /home/rob/project/csci5551-s26-team-pointbot/install/zed_msgs/include/zed_msgs/zed_msgs/msg/detail/objects_stamped__rosidl_typesupport_fastrtps_c.h
[1.441s] -- Up-to-date: /home/rob/project/csci5551-s26-team-pointbot/install/zed_msgs/include/zed_msgs/zed_msgs/msg/detail/object__rosidl_typesupport_fastrtps_c.h
[1.442s] -- Up-to-date: /home/rob/project/csci5551-s26-team-pointbot/install/zed_msgs/include/zed_msgs/zed_msgs/msg/detail/bounding_box2_di__rosidl_typesupport_fastrtps_c.h
[1.442s] -- Up-to-date: /home/rob/project/csci5551-s26-team-pointbot/install/zed_msgs/include/zed_msgs/zed_msgs/msg/detail/mag_heading_status__rosidl_typesupport_fastrtps_c.h
[1.442s] -- Up-to-date: /home/rob/project/csci5551-s26-team-pointbot/install/zed_msgs/include/zed_msgs/zed_msgs/msg/detail/keypoint2_df__rosidl_typesupport_fastrtps_c.h
[1.442s] -- Up-to-date: /home/rob/project/csci5551-s26-team-pointbot/install/zed_msgs/include/zed_msgs/zed_msgs/msg/detail/gnss_fusion_status__rosidl_typesupport_fastrtps_c.h
[1.443s] -- Up-to-date: /home/rob/project/csci5551-s26-team-pointbot/install/zed_msgs/include/zed_msgs/zed_msgs/msg/detail/keypoint3_d__rosidl_typesupport_fastrtps_c.h
[1.443s] -- Up-to-date: /home/rob/project/csci5551-s26-team-pointbot/install/zed_msgs/include/zed_msgs/zed_msgs/msg/detail/health_status_stamped__rosidl_typesupport_fastrtps_c.h
[1.443s] -- Up-to-date: /home/rob/project/csci5551-s26-team-pointbot/install/zed_msgs/include/zed_msgs/zed_msgs/msg/detail/skeleton2_d__rosidl_typesupport_fastrtps_c.h
[1.443s] -- Up-to-date: /home/rob/project/csci5551-s26-team-pointbot/install/zed_msgs/include/zed_msgs/zed_msgs/msg/detail/pos_track_status__rosidl_typesupport_fastrtps_c.h
[1.444s] -- Up-to-date: /home/rob/project/csci5551-s26-team-pointbot/install/zed_msgs/include/zed_msgs/zed_msgs/msg/detail/svo_status__rosidl_typesupport_fastrtps_c.h
[1.445s] -- Up-to-date: /home/rob/project/csci5551-s26-team-pointbot/install/zed_msgs/include/zed_msgs/zed_msgs/msg/detail/bounding_box3_d__rosidl_typesupport_fastrtps_c.h
[1.445s] -- Up-to-date: /home/rob/project/csci5551-s26-team-pointbot/install/zed_msgs/include/zed_msgs/zed_msgs/srv
[1.445s] -- Up-to-date: /home/rob/project/csci5551-s26-team-pointbot/install/zed_msgs/include/zed_msgs/zed_msgs/srv/detail
[1.445s] -- Up-to-date: /home/rob/project/csci5551-s26-team-pointbot/install/zed_msgs/include/zed_msgs/zed_msgs/srv/detail/set_pose__rosidl_typesupport_fastrtps_c.h
[1.446s] -- Up-to-date: /home/rob/project/csci5551-s26-team-pointbot/install/zed_msgs/include/zed_msgs/zed_msgs/srv/detail/start_svo_rec__rosidl_typesupport_fastrtps_c.h
[1.446s] -- Up-to-date: /home/rob/project/csci5551-s26-team-pointbot/install/zed_msgs/include/zed_msgs/zed_msgs/srv/detail/set_roi__rosidl_typesupport_fastrtps_c.h
[1.447s] -- Up-to-date: /home/rob/project/csci5551-s26-team-pointbot/install/zed_msgs/include/zed_msgs/zed_msgs/srv/detail/save_area_memory__rosidl_typesupport_fastrtps_c.h
[1.447s] -- Up-to-date: /home/rob/project/csci5551-s26-team-pointbot/install/zed_msgs/include/zed_msgs/zed_msgs/srv/detail/set_svo_frame__rosidl_typesupport_fastrtps_c.h
[1.449s] -- Up-to-date: /home/rob/project/csci5551-s26-team-pointbot/install/zed_msgs/lib/libzed_msgs__rosidl_typesupport_fastrtps_c.so
[1.449s] -- Up-to-date: /home/rob/project/csci5551-s26-team-pointbot/install/zed_msgs/include/zed_msgs/zed_msgs
[1.451s] -- Up-to-date: /home/rob/project/csci5551-s26-team-pointbot/install/zed_msgs/include/zed_msgs/zed_msgs/msg
[1.451s] -- Up-to-date: /home/rob/project/csci5551-s26-team-pointbot/install/zed_msgs/include/zed_msgs/zed_msgs/msg/bounding_box2_df.hpp
[1.451s] -- Up-to-date: /home/rob/project/csci5551-s26-team-pointbot/install/zed_msgs/include/zed_msgs/zed_msgs/msg/health_status_stamped.hpp
[1.453s] -- Up-to-date: /home/rob/project/csci5551-s26-team-pointbot/install/zed_msgs/include/zed_msgs/zed_msgs/msg/bounding_box3_d.hpp
[1.453s] -- Up-to-date: /home/rob/project/csci5551-s26-team-pointbot/install/zed_msgs/include/zed_msgs/zed_msgs/msg/gnss_fusion_status.hpp
[1.453s] -- Up-to-date: /home/rob/project/csci5551-s26-team-pointbot/install/zed_msgs/include/zed_msgs/zed_msgs/msg/skeleton3_d.hpp
[1.453s] -- Up-to-date: /home/rob/project/csci5551-s26-team-pointbot/install/zed_msgs/include/zed_msgs/zed_msgs/msg/keypoint2_df.hpp
[1.454s] -- Up-to-date: /home/rob/project/csci5551-s26-team-pointbot/install/zed_msgs/include/zed_msgs/zed_msgs/msg/heartbeat.hpp
[1.454s] -- Up-to-date: /home/rob/project/csci5551-s26-team-pointbot/install/zed_msgs/include/zed_msgs/zed_msgs/msg/plane_stamped.hpp
[1.454s] -- Up-to-date: /home/rob/project/csci5551-s26-team-pointbot/install/zed_msgs/include/zed_msgs/zed_msgs/msg/objects_stamped.hpp
[1.454s] -- Up-to-date: /home/rob/project/csci5551-s26-team-pointbot/install/zed_msgs/include/zed_msgs/zed_msgs/msg/depth_info_stamped.hpp
[1.455s] -- Up-to-date: /home/rob/project/csci5551-s26-team-pointbot/install/zed_msgs/include/zed_msgs/zed_msgs/msg/pos_track_status.hpp
[1.456s] -- Up-to-date: /home/rob/project/csci5551-s26-team-pointbot/install/zed_msgs/include/zed_msgs/zed_msgs/msg/bounding_box2_di.hpp
[1.456s] -- Up-to-date: /home/rob/project/csci5551-s26-team-pointbot/install/zed_msgs/include/zed_msgs/zed_msgs/msg/svo_status.hpp
[1.457s] -- Up-to-date: /home/rob/project/csci5551-s26-team-pointbot/install/zed_msgs/include/zed_msgs/zed_msgs/msg/rosidl_generator_cpp__visibility_control.hpp
[1.457s] -- Up-to-date: /home/rob/project/csci5551-s26-team-pointbot/install/zed_msgs/include/zed_msgs/zed_msgs/msg/keypoint3_d.hpp
[1.458s] -- Up-to-date: /home/rob/project/csci5551-s26-team-pointbot/install/zed_msgs/include/zed_msgs/zed_msgs/msg/object.hpp
[1.458s] -- Up-to-date: /home/rob/project/csci5551-s26-team-pointbot/install/zed_msgs/include/zed_msgs/zed_msgs/msg/detail
[1.458s] -- Up-to-date: /home/rob/project/csci5551-s26-team-pointbot/install/zed_msgs/include/zed_msgs/zed_msgs/msg/detail/gnss_fusion_status__traits.hpp
[1.459s] -- Up-to-date: /home/rob/project/csci5551-s26-team-pointbot/install/zed_msgs/include/zed_msgs/zed_msgs/msg/detail/svo_status__builder.hpp
[1.459s] -- Up-to-date: /home/rob/project/csci5551-s26-team-pointbot/install/zed_msgs/include/zed_msgs/zed_msgs/msg/detail/keypoint2_df__builder.hpp
[1.459s] -- Up-to-date: /home/rob/project/csci5551-s26-team-pointbot/install/zed_msgs/include/zed_msgs/zed_msgs/msg/detail/svo_status__struct.hpp
[1.459s] -- Up-to-date: /home/rob/project/csci5551-s26-team-pointbot/install/zed_msgs/include/zed_msgs/zed_msgs/msg/detail/pos_track_status__type_support.hpp
[1.460s] -- Up-to-date: /home/rob/project/csci5551-s26-team-pointbot/install/zed_msgs/include/zed_msgs/zed_msgs/msg/detail/skeleton2_d__builder.hpp
[1.460s] -- Up-to-date: /home/rob/project/csci5551-s26-team-pointbot/install/zed_msgs/include/zed_msgs/zed_msgs/msg/detail/bounding_box2_di__type_support.hpp
[1.460s] -- Up-to-date: /home/rob/project/csci5551-s26-team-pointbot/install/zed_msgs/include/zed_msgs/zed_msgs/msg/detail/keypoint3_d__type_support.hpp
[1.460s] -- Up-to-date: /home/rob/project/csci5551-s26-team-pointbot/install/zed_msgs/include/zed_msgs/zed_msgs/msg/detail/object__type_support.hpp
[1.461s] -- Up-to-date: /home/rob/project/csci5551-s26-team-pointbot/install/zed_msgs/include/zed_msgs/zed_msgs/msg/detail/gnss_fusion_status__struct.hpp
[1.461s] -- Up-to-date: /home/rob/project/csci5551-s26-team-pointbot/install/zed_msgs/include/zed_msgs/zed_msgs/msg/detail/bounding_box2_df__struct.hpp
[1.461s] -- Up-to-date: /home/rob/project/csci5551-s26-team-pointbot/install/zed_msgs/include/zed_msgs/zed_msgs/msg/detail/keypoint3_d__traits.hpp
[1.461s] -- Up-to-date: /home/rob/project/csci5551-s26-team-pointbot/install/zed_msgs/include/zed_msgs/zed_msgs/msg/detail/skeleton3_d__struct.hpp
[1.461s] -- Up-to-date: /home/rob/project/csci5551-s26-team-pointbot/install/zed_msgs/include/zed_msgs/zed_msgs/msg/detail/plane_stamped__struct.hpp
[1.461s] -- Up-to-date: /home/rob/project/csci5551-s26-team-pointbot/install/zed_msgs/include/zed_msgs/zed_msgs/msg/detail/mag_heading_status__struct.hpp
[1.462s] -- Up-to-date: /home/rob/project/csci5551-s26-team-pointbot/install/zed_msgs/include/zed_msgs/zed_msgs/msg/detail/plane_stamped__traits.hpp
[1.462s] -- Up-to-date: /home/rob/project/csci5551-s26-team-pointbot/install/zed_msgs/include/zed_msgs/zed_msgs/msg/detail/pos_track_status__struct.hpp
[1.462s] -- Up-to-date: /home/rob/project/csci5551-s26-team-pointbot/install/zed_msgs/include/zed_msgs/zed_msgs/msg/detail/keypoint3_d__builder.hpp
[1.462s] -- Up-to-date: /home/rob/project/csci5551-s26-team-pointbot/install/zed_msgs/include/zed_msgs/zed_msgs/msg/detail/bounding_box3_d__builder.hpp
[1.462s] -- Up-to-date: /home/rob/project/csci5551-s26-team-pointbot/install/zed_msgs/include/zed_msgs/zed_msgs/msg/detail/plane_stamped__type_support.hpp
[1.463s] -- Up-to-date: /home/rob/project/csci5551-s26-team-pointbot/install/zed_msgs/include/zed_msgs/zed_msgs/msg/detail/depth_info_stamped__type_support.hpp
[1.463s] -- Up-to-date: /home/rob/project/csci5551-s26-team-pointbot/install/zed_msgs/include/zed_msgs/zed_msgs/msg/detail/depth_info_stamped__traits.hpp
[1.464s] -- Up-to-date: /home/rob/project/csci5551-s26-team-pointbot/install/zed_msgs/include/zed_msgs/zed_msgs/msg/detail/mag_heading_status__builder.hpp
[1.464s] -- Up-to-date: /home/rob/project/csci5551-s26-team-pointbot/install/zed_msgs/include/zed_msgs/zed_msgs/msg/detail/bounding_box3_d__traits.hpp
[1.464s] -- Up-to-date: /home/rob/project/csci5551-s26-team-pointbot/install/zed_msgs/include/zed_msgs/zed_msgs/msg/detail/keypoint2_di__builder.hpp
[1.465s] -- Up-to-date: /home/rob/project/csci5551-s26-team-pointbot/install/zed_msgs/include/zed_msgs/zed_msgs/msg/detail/object__builder.hpp
[1.465s] -- Up-to-date: /home/rob/project/csci5551-s26-team-pointbot/install/zed_msgs/include/zed_msgs/zed_msgs/msg/detail/bounding_box2_df__traits.hpp
[1.465s] -- Up-to-date: /home/rob/project/csci5551-s26-team-pointbot/install/zed_msgs/include/zed_msgs/zed_msgs/msg/detail/mag_heading_status__type_support.hpp
[1.465s] -- Up-to-date: /home/rob/project/csci5551-s26-team-pointbot/install/zed_msgs/include/zed_msgs/zed_msgs/msg/detail/bounding_box3_d__struct.hpp
[1.465s] -- Up-to-date: /home/rob/project/csci5551-s26-team-pointbot/install/zed_msgs/include/zed_msgs/zed_msgs/msg/detail/objects_stamped__traits.hpp
[1.466s] -- Up-to-date: /home/rob/project/csci5551-s26-team-pointbot/install/zed_msgs/include/zed_msgs/zed_msgs/msg/detail/bounding_box2_df__builder.hpp
[1.466s] -- Up-to-date: /home/rob/project/csci5551-s26-team-pointbot/install/zed_msgs/include/zed_msgs/zed_msgs/msg/detail/keypoint2_df__type_support.hpp
[1.466s] -- Up-to-date: /home/rob/project/csci5551-s26-team-pointbot/install/zed_msgs/include/zed_msgs/zed_msgs/msg/detail/heartbeat__traits.hpp
[1.466s] -- Up-to-date: /home/rob/project/csci5551-s26-team-pointbot/install/zed_msgs/include/zed_msgs/zed_msgs/msg/detail/bounding_box2_df__type_support.hpp
[1.467s] -- Up-to-date: /home/rob/project/csci5551-s26-team-pointbot/install/zed_msgs/include/zed_msgs/zed_msgs/msg/detail/skeleton2_d__traits.hpp
[1.467s] -- Up-to-date: /home/rob/project/csci5551-s26-team-pointbot/install/zed_msgs/include/zed_msgs/zed_msgs/msg/detail/object__struct.hpp
[1.467s] -- Up-to-date: /home/rob/project/csci5551-s26-team-pointbot/install/zed_msgs/include/zed_msgs/zed_msgs/msg/detail/keypoint3_d__struct.hpp
[1.467s] -- Up-to-date: /home/rob/project/csci5551-s26-team-pointbot/install/zed_msgs/include/zed_msgs/zed_msgs/msg/detail/object__traits.hpp
[1.468s] -- Up-to-date: /home/rob/project/csci5551-s26-team-pointbot/install/zed_msgs/include/zed_msgs/zed_msgs/msg/detail/skeleton3_d__type_support.hpp
[1.468s] -- Up-to-date: /home/rob/project/csci5551-s26-team-pointbot/install/zed_msgs/include/zed_msgs/zed_msgs/msg/detail/bounding_box2_di__builder.hpp
[1.468s] -- Up-to-date: /home/rob/project/csci5551-s26-team-pointbot/install/zed_msgs/include/zed_msgs/zed_msgs/msg/detail/heartbeat__builder.hpp
[1.468s] -- Up-to-date: /home/rob/project/csci5551-s26-team-pointbot/install/zed_msgs/include/zed_msgs/zed_msgs/msg/detail/bounding_box2_di__traits.hpp
[1.468s] -- Up-to-date: /home/rob/project/csci5551-s26-team-pointbot/install/zed_msgs/include/zed_msgs/zed_msgs/msg/detail/skeleton2_d__struct.hpp
[1.468s] -- Up-to-date: /home/rob/project/csci5551-s26-team-pointbot/install/zed_msgs/include/zed_msgs/zed_msgs/msg/detail/pos_track_status__builder.hpp
[1.469s] -- Up-to-date: /home/rob/project/csci5551-s26-team-pointbot/install/zed_msgs/include/zed_msgs/zed_msgs/msg/detail/svo_status__traits.hpp
[1.469s] -- Up-to-date: /home/rob/project/csci5551-s26-team-pointbot/install/zed_msgs/include/zed_msgs/zed_msgs/msg/detail/gnss_fusion_status__builder.hpp
[1.469s] -- Up-to-date: /home/rob/project/csci5551-s26-team-pointbot/install/zed_msgs/include/zed_msgs/zed_msgs/msg/detail/bounding_box2_di__struct.hpp
[1.469s] -- Up-to-date: /home/rob/project/csci5551-s26-team-pointbot/install/zed_msgs/include/zed_msgs/zed_msgs/msg/detail/health_status_stamped__struct.hpp
[1.469s] -- Up-to-date: /home/rob/project/csci5551-s26-team-pointbot/install/zed_msgs/include/zed_msgs/zed_msgs/msg/detail/keypoint2_df__traits.hpp
[1.470s] -- Up-to-date: /home/rob/project/csci5551-s26-team-pointbot/install/zed_msgs/include/zed_msgs/zed_msgs/msg/detail/depth_info_stamped__builder.hpp
[1.470s] -- Up-to-date: /home/rob/project/csci5551-s26-team-pointbot/install/zed_msgs/include/zed_msgs/zed_msgs/msg/detail/skeleton3_d__builder.hpp
[1.470s] -- Up-to-date: /home/rob/project/csci5551-s26-team-pointbot/install/zed_msgs/include/zed_msgs/zed_msgs/msg/detail/svo_status__type_support.hpp
[1.470s] -- Up-to-date: /home/rob/project/csci5551-s26-team-pointbot/install/zed_msgs/include/zed_msgs/zed_msgs/msg/detail/keypoint2_di__type_support.hpp
[1.472s] -- Up-to-date: /home/rob/project/csci5551-s26-team-pointbot/install/zed_msgs/include/zed_msgs/zed_msgs/msg/detail/pos_track_status__traits.hpp
[1.472s] -- Up-to-date: /home/rob/project/csci5551-s26-team-pointbot/install/zed_msgs/include/zed_msgs/zed_msgs/msg/detail/health_status_stamped__type_support.hpp
[1.473s] -- Up-to-date: /home/rob/project/csci5551-s26-team-pointbot/install/zed_msgs/include/zed_msgs/zed_msgs/msg/detail/health_status_stamped__builder.hpp
[1.473s] -- Up-to-date: /home/rob/project/csci5551-s26-team-pointbot/install/zed_msgs/include/zed_msgs/zed_msgs/msg/detail/keypoint2_di__struct.hpp
[1.475s] -- Up-to-date: /home/rob/project/csci5551-s26-team-pointbot/install/zed_msgs/include/zed_msgs/zed_msgs/msg/detail/bounding_box3_d__type_support.hpp
[1.477s] -- Up-to-date: /home/rob/project/csci5551-s26-team-pointbot/install/zed_msgs/include/zed_msgs/zed_msgs/msg/detail/heartbeat__struct.hpp
[1.478s] -- Up-to-date: /home/rob/project/csci5551-s26-team-pointbot/install/zed_msgs/include/zed_msgs/zed_msgs/msg/detail/heartbeat__type_support.hpp
[1.478s] -- Up-to-date: /home/rob/project/csci5551-s26-team-pointbot/install/zed_msgs/include/zed_msgs/zed_msgs/msg/detail/objects_stamped__type_support.hpp
[1.478s] -- Up-to-date: /home/rob/project/csci5551-s26-team-pointbot/install/zed_msgs/include/zed_msgs/zed_msgs/msg/detail/plane_stamped__builder.hpp
[1.478s] -- Up-to-date: /home/rob/project/csci5551-s26-team-pointbot/install/zed_msgs/include/zed_msgs/zed_msgs/msg/detail/keypoint2_df__struct.hpp
[1.479s] -- Up-to-date: /home/rob/project/csci5551-s26-team-pointbot/install/zed_msgs/include/zed_msgs/zed_msgs/msg/detail/gnss_fusion_status__type_support.hpp
[1.479s] -- Up-to-date: /home/rob/project/csci5551-s26-team-pointbot/install/zed_msgs/include/zed_msgs/zed_msgs/msg/detail/skeleton3_d__traits.hpp
[1.479s] -- Up-to-date: /home/rob/project/csci5551-s26-team-pointbot/install/zed_msgs/include/zed_msgs/zed_msgs/msg/detail/skeleton2_d__type_support.hpp
[1.479s] -- Up-to-date: /home/rob/project/csci5551-s26-team-pointbot/install/zed_msgs/include/zed_msgs/zed_msgs/msg/detail/health_status_stamped__traits.hpp
[1.479s] -- Up-to-date: /home/rob/project/csci5551-s26-team-pointbot/install/zed_msgs/include/zed_msgs/zed_msgs/msg/detail/keypoint2_di__traits.hpp
[1.479s] -- Up-to-date: /home/rob/project/csci5551-s26-team-pointbot/install/zed_msgs/include/zed_msgs/zed_msgs/msg/detail/mag_heading_status__traits.hpp
[1.480s] -- Up-to-date: /home/rob/project/csci5551-s26-team-pointbot/install/zed_msgs/include/zed_msgs/zed_msgs/msg/detail/objects_stamped__builder.hpp
[1.480s] -- Up-to-date: /home/rob/project/csci5551-s26-team-pointbot/install/zed_msgs/include/zed_msgs/zed_msgs/msg/detail/objects_stamped__struct.hpp
[1.480s] -- Up-to-date: /home/rob/project/csci5551-s26-team-pointbot/install/zed_msgs/include/zed_msgs/zed_msgs/msg/detail/depth_info_stamped__struct.hpp
[1.480s] -- Up-to-date: /home/rob/project/csci5551-s26-team-pointbot/install/zed_msgs/include/zed_msgs/zed_msgs/msg/skeleton2_d.hpp
[1.480s] -- Up-to-date: /home/rob/project/csci5551-s26-team-pointbot/install/zed_msgs/include/zed_msgs/zed_msgs/msg/mag_heading_status.hpp
[1.480s] -- Up-to-date: /home/rob/project/csci5551-s26-team-pointbot/install/zed_msgs/include/zed_msgs/zed_msgs/msg/keypoint2_di.hpp
[1.480s] -- Up-to-date: /home/rob/project/csci5551-s26-team-pointbot/install/zed_msgs/include/zed_msgs/zed_msgs/srv
[1.481s] -- Up-to-date: /home/rob/project/csci5551-s26-team-pointbot/install/zed_msgs/include/zed_msgs/zed_msgs/srv/set_pose.hpp
[1.481s] -- Up-to-date: /home/rob/project/csci5551-s26-team-pointbot/install/zed_msgs/include/zed_msgs/zed_msgs/srv/detail
[1.482s] -- Up-to-date: /home/rob/project/csci5551-s26-team-pointbot/install/zed_msgs/include/zed_msgs/zed_msgs/srv/detail/save_area_memory__type_support.hpp
[1.482s] -- Up-to-date: /home/rob/project/csci5551-s26-team-pointbot/install/zed_msgs/include/zed_msgs/zed_msgs/srv/detail/start_svo_rec__traits.hpp
[1.482s] -- Up-to-date: /home/rob/project/csci5551-s26-team-pointbot/install/zed_msgs/include/zed_msgs/zed_msgs/srv/detail/set_svo_frame__builder.hpp
[1.482s] -- Up-to-date: /home/rob/project/csci5551-s26-team-pointbot/install/zed_msgs/include/zed_msgs/zed_msgs/srv/detail/set_pose__struct.hpp
[1.482s] -- Up-to-date: /home/rob/project/csci5551-s26-team-pointbot/install/zed_msgs/include/zed_msgs/zed_msgs/srv/detail/save_area_memory__traits.hpp
[1.483s] -- Up-to-date: /home/rob/project/csci5551-s26-team-pointbot/install/zed_msgs/include/zed_msgs/zed_msgs/srv/detail/save_area_memory__builder.hpp
[1.483s] -- Up-to-date: /home/rob/project/csci5551-s26-team-pointbot/install/zed_msgs/include/zed_msgs/zed_msgs/srv/detail/set_roi__struct.hpp
[1.483s] -- Up-to-date: /home/rob/project/csci5551-s26-team-pointbot/install/zed_msgs/include/zed_msgs/zed_msgs/srv/detail/save_area_memory__struct.hpp
[1.483s] -- Up-to-date: /home/rob/project/csci5551-s26-team-pointbot/install/zed_msgs/include/zed_msgs/zed_msgs/srv/detail/set_roi__builder.hpp
[1.483s] -- Up-to-date: /home/rob/project/csci5551-s26-team-pointbot/install/zed_msgs/include/zed_msgs/zed_msgs/srv/detail/set_svo_frame__struct.hpp
[1.484s] -- Up-to-date: /home/rob/project/csci5551-s26-team-pointbot/install/zed_msgs/include/zed_msgs/zed_msgs/srv/detail/set_pose__builder.hpp
[1.484s] -- Up-to-date: /home/rob/project/csci5551-s26-team-pointbot/install/zed_msgs/include/zed_msgs/zed_msgs/srv/detail/set_pose__type_support.hpp
[1.484s] -- Up-to-date: /home/rob/project/csci5551-s26-team-pointbot/install/zed_msgs/include/zed_msgs/zed_msgs/srv/detail/start_svo_rec__struct.hpp
[1.484s] -- Up-to-date: /home/rob/project/csci5551-s26-team-pointbot/install/zed_msgs/include/zed_msgs/zed_msgs/srv/detail/set_pose__traits.hpp
[1.484s] -- Up-to-date: /home/rob/project/csci5551-s26-team-pointbot/install/zed_msgs/include/zed_msgs/zed_msgs/srv/detail/start_svo_rec__type_support.hpp
[1.484s] -- Up-to-date: /home/rob/project/csci5551-s26-team-pointbot/install/zed_msgs/include/zed_msgs/zed_msgs/srv/detail/set_roi__traits.hpp
[1.485s] -- Up-to-date: /home/rob/project/csci5551-s26-team-pointbot/install/zed_msgs/include/zed_msgs/zed_msgs/srv/detail/set_roi__type_support.hpp
[1.485s] -- Up-to-date: /home/rob/project/csci5551-s26-team-pointbot/install/zed_msgs/include/zed_msgs/zed_msgs/srv/detail/set_svo_frame__traits.hpp
[1.485s] -- Up-to-date: /home/rob/project/csci5551-s26-team-pointbot/install/zed_msgs/include/zed_msgs/zed_msgs/srv/detail/set_svo_frame__type_support.hpp
[1.485s] -- Up-to-date: /home/rob/project/csci5551-s26-team-pointbot/install/zed_msgs/include/zed_msgs/zed_msgs/srv/detail/start_svo_rec__builder.hpp
[1.485s] -- Up-to-date: /home/rob/project/csci5551-s26-team-pointbot/install/zed_msgs/include/zed_msgs/zed_msgs/srv/set_roi.hpp
[1.485s] -- Up-to-date: /home/rob/project/csci5551-s26-team-pointbot/install/zed_msgs/include/zed_msgs/zed_msgs/srv/set_svo_frame.hpp
[1.485s] -- Up-to-date: /home/rob/project/csci5551-s26-team-pointbot/install/zed_msgs/include/zed_msgs/zed_msgs/srv/save_area_memory.hpp
[1.485s] -- Up-to-date: /home/rob/project/csci5551-s26-team-pointbot/install/zed_msgs/include/zed_msgs/zed_msgs/srv/start_svo_rec.hpp
[1.486s] -- Up-to-date: /home/rob/project/csci5551-s26-team-pointbot/install/zed_msgs/include/zed_msgs/zed_msgs
[1.486s] -- Up-to-date: /home/rob/project/csci5551-s26-team-pointbot/install/zed_msgs/include/zed_msgs/zed_msgs/msg
[1.486s] -- Up-to-date: /home/rob/project/csci5551-s26-team-pointbot/install/zed_msgs/include/zed_msgs/zed_msgs/msg/rosidl_typesupport_fastrtps_cpp__visibility_control.h
[1.486s] -- Up-to-date: /home/rob/project/csci5551-s26-team-pointbot/install/zed_msgs/include/zed_msgs/zed_msgs/msg/detail
[1.486s] -- Up-to-date: /home/rob/project/csci5551-s26-team-pointbot/install/zed_msgs/include/zed_msgs/zed_msgs/msg/detail/gnss_fusion_status__rosidl_typesupport_fastrtps_cpp.hpp
[1.486s] -- Up-to-date: /home/rob/project/csci5551-s26-team-pointbot/install/zed_msgs/include/zed_msgs/zed_msgs/msg/detail/keypoint3_d__rosidl_typesupport_fastrtps_cpp.hpp
[1.486s] -- Up-to-date: /home/rob/project/csci5551-s26-team-pointbot/install/zed_msgs/include/zed_msgs/zed_msgs/msg/detail/dds_fastrtps
[1.487s] -- Up-to-date: /home/rob/project/csci5551-s26-team-pointbot/install/zed_msgs/include/zed_msgs/zed_msgs/msg/detail/heartbeat__rosidl_typesupport_fastrtps_cpp.hpp
[1.487s] -- Up-to-date: /home/rob/project/csci5551-s26-team-pointbot/install/zed_msgs/include/zed_msgs/zed_msgs/msg/detail/skeleton3_d__rosidl_typesupport_fastrtps_cpp.hpp
[1.488s] -- Up-to-date: /home/rob/project/csci5551-s26-team-pointbot/install/zed_msgs/include/zed_msgs/zed_msgs/msg/detail/pos_track_status__rosidl_typesupport_fastrtps_cpp.hpp
[1.488s] -- Up-to-date: /home/rob/project/csci5551-s26-team-pointbot/install/zed_msgs/include/zed_msgs/zed_msgs/msg/detail/bounding_box2_df__rosidl_typesupport_fastrtps_cpp.hpp
[1.488s] -- Up-to-date: /home/rob/project/csci5551-s26-team-pointbot/install/zed_msgs/include/zed_msgs/zed_msgs/msg/detail/plane_stamped__rosidl_typesupport_fastrtps_cpp.hpp
[1.488s] -- Up-to-date: /home/rob/project/csci5551-s26-team-pointbot/install/zed_msgs/include/zed_msgs/zed_msgs/msg/detail/mag_heading_status__rosidl_typesupport_fastrtps_cpp.hpp
[1.488s] -- Up-to-date: /home/rob/project/csci5551-s26-team-pointbot/install/zed_msgs/include/zed_msgs/zed_msgs/msg/detail/bounding_box2_di__rosidl_typesupport_fastrtps_cpp.hpp
[1.488s] -- Up-to-date: /home/rob/project/csci5551-s26-team-pointbot/install/zed_msgs/include/zed_msgs/zed_msgs/msg/detail/bounding_box3_d__rosidl_typesupport_fastrtps_cpp.hpp
[1.488s] -- Up-to-date: /home/rob/project/csci5551-s26-team-pointbot/install/zed_msgs/include/zed_msgs/zed_msgs/msg/detail/keypoint2_df__rosidl_typesupport_fastrtps_cpp.hpp
[1.489s] -- Up-to-date: /home/rob/project/csci5551-s26-team-pointbot/install/zed_msgs/include/zed_msgs/zed_msgs/msg/detail/depth_info_stamped__rosidl_typesupport_fastrtps_cpp.hpp
[1.489s] -- Up-to-date: /home/rob/project/csci5551-s26-team-pointbot/install/zed_msgs/include/zed_msgs/zed_msgs/msg/detail/objects_stamped__rosidl_typesupport_fastrtps_cpp.hpp
[1.489s] -- Up-to-date: /home/rob/project/csci5551-s26-team-pointbot/install/zed_msgs/include/zed_msgs/zed_msgs/msg/detail/skeleton2_d__rosidl_typesupport_fastrtps_cpp.hpp
[1.489s] -- Up-to-date: /home/rob/project/csci5551-s26-team-pointbot/install/zed_msgs/include/zed_msgs/zed_msgs/msg/detail/svo_status__rosidl_typesupport_fastrtps_cpp.hpp
[1.489s] -- Up-to-date: /home/rob/project/csci5551-s26-team-pointbot/install/zed_msgs/include/zed_msgs/zed_msgs/msg/detail/object__rosidl_typesupport_fastrtps_cpp.hpp
[1.489s] -- Up-to-date: /home/rob/project/csci5551-s26-team-pointbot/install/zed_msgs/include/zed_msgs/zed_msgs/msg/detail/health_status_stamped__rosidl_typesupport_fastrtps_cpp.hpp
[1.490s] -- Up-to-date: /home/rob/project/csci5551-s26-team-pointbot/install/zed_msgs/include/zed_msgs/zed_msgs/msg/detail/keypoint2_di__rosidl_typesupport_fastrtps_cpp.hpp
[1.491s] -- Up-to-date: /home/rob/project/csci5551-s26-team-pointbot/install/zed_msgs/include/zed_msgs/zed_msgs/srv
[1.491s] -- Up-to-date: /home/rob/project/csci5551-s26-team-pointbot/install/zed_msgs/include/zed_msgs/zed_msgs/srv/detail
[1.492s] -- Up-to-date: /home/rob/project/csci5551-s26-team-pointbot/install/zed_msgs/include/zed_msgs/zed_msgs/srv/detail/save_area_memory__rosidl_typesupport_fastrtps_cpp.hpp
[1.492s] -- Up-to-date: /home/rob/project/csci5551-s26-team-pointbot/install/zed_msgs/include/zed_msgs/zed_msgs/srv/detail/dds_fastrtps
[1.493s] -- Up-to-date: /home/rob/project/csci5551-s26-team-pointbot/install/zed_msgs/include/zed_msgs/zed_msgs/srv/detail/set_pose__rosidl_typesupport_fastrtps_cpp.hpp
[1.493s] -- Up-to-date: /home/rob/project/csci5551-s26-team-pointbot/install/zed_msgs/include/zed_msgs/zed_msgs/srv/detail/start_svo_rec__rosidl_typesupport_fastrtps_cpp.hpp
[1.493s] -- Up-to-date: /home/rob/project/csci5551-s26-team-pointbot/install/zed_msgs/include/zed_msgs/zed_msgs/srv/detail/set_roi__rosidl_typesupport_fastrtps_cpp.hpp
[1.493s] -- Up-to-date: /home/rob/project/csci5551-s26-team-pointbot/install/zed_msgs/include/zed_msgs/zed_msgs/srv/detail/set_svo_frame__rosidl_typesupport_fastrtps_cpp.hpp
[1.493s] -- Up-to-date: /home/rob/project/csci5551-s26-team-pointbot/install/zed_msgs/lib/libzed_msgs__rosidl_typesupport_fastrtps_cpp.so
[1.495s] -- Up-to-date: /home/rob/project/csci5551-s26-team-pointbot/install/zed_msgs/include/zed_msgs/zed_msgs
[1.497s] -- Up-to-date: /home/rob/project/csci5551-s26-team-pointbot/install/zed_msgs/include/zed_msgs/zed_msgs/msg
[1.498s] -- Up-to-date: /home/rob/project/csci5551-s26-team-pointbot/install/zed_msgs/include/zed_msgs/zed_msgs/msg/rosidl_typesupport_introspection_c__visibility_control.h
[1.498s] -- Up-to-date: /home/rob/project/csci5551-s26-team-pointbot/install/zed_msgs/include/zed_msgs/zed_msgs/msg/detail
[1.498s] -- Up-to-date: /home/rob/project/csci5551-s26-team-pointbot/install/zed_msgs/include/zed_msgs/zed_msgs/msg/detail/gnss_fusion_status__rosidl_typesupport_introspection_c.h
[1.498s] -- Up-to-date: /home/rob/project/csci5551-s26-team-pointbot/install/zed_msgs/include/zed_msgs/zed_msgs/msg/detail/keypoint2_df__rosidl_typesupport_introspection_c.h
[1.498s] -- Up-to-date: /home/rob/project/csci5551-s26-team-pointbot/install/zed_msgs/include/zed_msgs/zed_msgs/msg/detail/skeleton3_d__rosidl_typesupport_introspection_c.h
[1.498s] -- Up-to-date: /home/rob/project/csci5551-s26-team-pointbot/install/zed_msgs/include/zed_msgs/zed_msgs/msg/detail/objects_stamped__rosidl_typesupport_introspection_c.h
[1.498s] -- Up-to-date: /home/rob/project/csci5551-s26-team-pointbot/install/zed_msgs/include/zed_msgs/zed_msgs/msg/detail/depth_info_stamped__rosidl_typesupport_introspection_c.h
[1.499s] -- Installing: /home/rob/project/csci5551-s26-team-pointbot/install/zed_msgs/include/zed_msgs/zed_msgs/msg/detail/mag_heading_status__type_support.c
[1.499s] -- Up-to-date: /home/rob/project/csci5551-s26-team-pointbot/install/zed_msgs/include/zed_msgs/zed_msgs/msg/detail/object__rosidl_typesupport_introspection_c.h
[1.499s] -- Up-to-date: /home/rob/project/csci5551-s26-team-pointbot/install/zed_msgs/include/zed_msgs/zed_msgs/msg/detail/skeleton2_d__rosidl_typesupport_introspection_c.h
[1.499s] -- Installing: /home/rob/project/csci5551-s26-team-pointbot/install/zed_msgs/include/zed_msgs/zed_msgs/msg/detail/plane_stamped__type_support.c
[1.499s] -- Installing: /home/rob/project/csci5551-s26-team-pointbot/install/zed_msgs/include/zed_msgs/zed_msgs/msg/detail/gnss_fusion_status__type_support.c
[1.499s] -- Up-to-date: /home/rob/project/csci5551-s26-team-pointbot/install/zed_msgs/include/zed_msgs/zed_msgs/msg/detail/health_status_stamped__rosidl_typesupport_introspection_c.h
[1.499s] -- Installing: /home/rob/project/csci5551-s26-team-pointbot/install/zed_msgs/include/zed_msgs/zed_msgs/msg/detail/keypoint2_df__type_support.c
[1.500s] -- Installing: /home/rob/project/csci5551-s26-team-pointbot/install/zed_msgs/include/zed_msgs/zed_msgs/msg/detail/heartbeat__type_support.c
[1.500s] -- Up-to-date: /home/rob/project/csci5551-s26-team-pointbot/install/zed_msgs/include/zed_msgs/zed_msgs/msg/detail/pos_track_status__rosidl_typesupport_introspection_c.h
[1.500s] -- Installing: /home/rob/project/csci5551-s26-team-pointbot/install/zed_msgs/include/zed_msgs/zed_msgs/msg/detail/bounding_box3_d__type_support.c
[1.500s] -- Up-to-date: /home/rob/project/csci5551-s26-team-pointbot/install/zed_msgs/include/zed_msgs/zed_msgs/msg/detail/keypoint3_d__rosidl_typesupport_introspection_c.h
[1.500s] -- Installing: /home/rob/project/csci5551-s26-team-pointbot/install/zed_msgs/include/zed_msgs/zed_msgs/msg/detail/keypoint3_d__type_support.c
[1.501s] -- Installing: /home/rob/project/csci5551-s26-team-pointbot/install/zed_msgs/include/zed_msgs/zed_msgs/msg/detail/bounding_box2_df__type_support.c
[1.501s] -- Up-to-date: /home/rob/project/csci5551-s26-team-pointbot/install/zed_msgs/include/zed_msgs/zed_msgs/msg/detail/plane_stamped__rosidl_typesupport_introspection_c.h
[1.501s] -- Up-to-date: /home/rob/project/csci5551-s26-team-pointbot/install/zed_msgs/include/zed_msgs/zed_msgs/msg/detail/bounding_box2_di__rosidl_typesupport_introspection_c.h
[1.501s] -- Installing: /home/rob/project/csci5551-s26-team-pointbot/install/zed_msgs/include/zed_msgs/zed_msgs/msg/detail/skeleton2_d__type_support.c
[1.501s] -- Installing: /home/rob/project/csci5551-s26-team-pointbot/install/zed_msgs/include/zed_msgs/zed_msgs/msg/detail/bounding_box2_di__type_support.c
[1.502s] -- Up-to-date: /home/rob/project/csci5551-s26-team-pointbot/install/zed_msgs/include/zed_msgs/zed_msgs/msg/detail/bounding_box2_df__rosidl_typesupport_introspection_c.h
[1.502s] -- Up-to-date: /home/rob/project/csci5551-s26-team-pointbot/install/zed_msgs/include/zed_msgs/zed_msgs/msg/detail/mag_heading_status__rosidl_typesupport_introspection_c.h
[1.502s] -- Up-to-date: /home/rob/project/csci5551-s26-team-pointbot/install/zed_msgs/include/zed_msgs/zed_msgs/msg/detail/bounding_box3_d__rosidl_typesupport_introspection_c.h
[1.502s] -- Installing: /home/rob/project/csci5551-s26-team-pointbot/install/zed_msgs/include/zed_msgs/zed_msgs/msg/detail/objects_stamped__type_support.c
[1.503s] -- Up-to-date: /home/rob/project/csci5551-s26-team-pointbot/install/zed_msgs/include/zed_msgs/zed_msgs/msg/detail/keypoint2_di__rosidl_typesupport_introspection_c.h
[1.504s] -- Up-to-date: /home/rob/project/csci5551-s26-team-pointbot/install/zed_msgs/include/zed_msgs/zed_msgs/msg/detail/svo_status__rosidl_typesupport_introspection_c.h
[1.505s] -- Installing: /home/rob/project/csci5551-s26-team-pointbot/install/zed_msgs/include/zed_msgs/zed_msgs/msg/detail/health_status_stamped__type_support.c
[1.505s] -- Installing: /home/rob/project/csci5551-s26-team-pointbot/install/zed_msgs/include/zed_msgs/zed_msgs/msg/detail/keypoint2_di__type_support.c
[1.505s] -- Installing: /home/rob/project/csci5551-s26-team-pointbot/install/zed_msgs/include/zed_msgs/zed_msgs/msg/detail/skeleton3_d__type_support.c
[1.506s] -- Installing: /home/rob/project/csci5551-s26-team-pointbot/install/zed_msgs/include/zed_msgs/zed_msgs/msg/detail/object__type_support.c
[1.506s] -- Installing: /home/rob/project/csci5551-s26-team-pointbot/install/zed_msgs/include/zed_msgs/zed_msgs/msg/detail/depth_info_stamped__type_support.c
[1.507s] -- Installing: /home/rob/project/csci5551-s26-team-pointbot/install/zed_msgs/include/zed_msgs/zed_msgs/msg/detail/pos_track_status__type_support.c
[1.507s] -- Up-to-date: /home/rob/project/csci5551-s26-team-pointbot/install/zed_msgs/include/zed_msgs/zed_msgs/msg/detail/heartbeat__rosidl_typesupport_introspection_c.h
[1.508s] -- Installing: /home/rob/project/csci5551-s26-team-pointbot/install/zed_msgs/include/zed_msgs/zed_msgs/msg/detail/svo_status__type_support.c
[1.508s] -- Up-to-date: /home/rob/project/csci5551-s26-team-pointbot/install/zed_msgs/include/zed_msgs/zed_msgs/srv
[1.508s] -- Up-to-date: /home/rob/project/csci5551-s26-team-pointbot/install/zed_msgs/include/zed_msgs/zed_msgs/srv/detail
[1.509s] -- Installing: /home/rob/project/csci5551-s26-team-pointbot/install/zed_msgs/include/zed_msgs/zed_msgs/srv/detail/start_svo_rec__type_support.c
[1.509s] -- Up-to-date: /home/rob/project/csci5551-s26-team-pointbot/install/zed_msgs/include/zed_msgs/zed_msgs/srv/detail/start_svo_rec__rosidl_typesupport_introspection_c.h
[1.510s] -- Up-to-date: /home/rob/project/csci5551-s26-team-pointbot/install/zed_msgs/include/zed_msgs/zed_msgs/srv/detail/set_roi__rosidl_typesupport_introspection_c.h
[1.510s] -- Installing: /home/rob/project/csci5551-s26-team-pointbot/install/zed_msgs/include/zed_msgs/zed_msgs/srv/detail/save_area_memory__type_support.c
[1.510s] -- Up-to-date: /home/rob/project/csci5551-s26-team-pointbot/install/zed_msgs/include/zed_msgs/zed_msgs/srv/detail/set_svo_frame__rosidl_typesupport_introspection_c.h
[1.510s] -- Installing: /home/rob/project/csci5551-s26-team-pointbot/install/zed_msgs/include/zed_msgs/zed_msgs/srv/detail/set_svo_frame__type_support.c
[1.510s] -- Installing: /home/rob/project/csci5551-s26-team-pointbot/install/zed_msgs/include/zed_msgs/zed_msgs/srv/detail/set_roi__type_support.c
[1.510s] -- Up-to-date: /home/rob/project/csci5551-s26-team-pointbot/install/zed_msgs/include/zed_msgs/zed_msgs/srv/detail/set_pose__rosidl_typesupport_introspection_c.h
[1.510s] -- Up-to-date: /home/rob/project/csci5551-s26-team-pointbot/install/zed_msgs/include/zed_msgs/zed_msgs/srv/detail/save_area_memory__rosidl_typesupport_introspection_c.h
[1.510s] -- Installing: /home/rob/project/csci5551-s26-team-pointbot/install/zed_msgs/include/zed_msgs/zed_msgs/srv/detail/set_pose__type_support.c
[1.511s] -- Up-to-date: /home/rob/project/csci5551-s26-team-pointbot/install/zed_msgs/lib/libzed_msgs__rosidl_typesupport_introspection_c.so
[1.511s] -- Up-to-date: /home/rob/project/csci5551-s26-team-pointbot/install/zed_msgs/lib/libzed_msgs__rosidl_typesupport_c.so
[1.511s] -- Up-to-date: /home/rob/project/csci5551-s26-team-pointbot/install/zed_msgs/include/zed_msgs/zed_msgs
[1.511s] -- Up-to-date: /home/rob/project/csci5551-s26-team-pointbot/install/zed_msgs/include/zed_msgs/zed_msgs/msg
[1.511s] -- Up-to-date: /home/rob/project/csci5551-s26-team-pointbot/install/zed_msgs/include/zed_msgs/zed_msgs/msg/detail
[1.511s] -- Up-to-date: /home/rob/project/csci5551-s26-team-pointbot/install/zed_msgs/include/zed_msgs/zed_msgs/msg/detail/bounding_box3_d__rosidl_typesupport_introspection_cpp.hpp
[1.511s] -- Up-to-date: /home/rob/project/csci5551-s26-team-pointbot/install/zed_msgs/include/zed_msgs/zed_msgs/msg/detail/keypoint2_df__type_support.cpp
[1.511s] -- Up-to-date: /home/rob/project/csci5551-s26-team-pointbot/install/zed_msgs/include/zed_msgs/zed_msgs/msg/detail/keypoint3_d__rosidl_typesupport_introspection_cpp.hpp
[1.511s] -- Up-to-date: /home/rob/project/csci5551-s26-team-pointbot/install/zed_msgs/include/zed_msgs/zed_msgs/msg/detail/depth_info_stamped__rosidl_typesupport_introspection_cpp.hpp
[1.512s] -- Up-to-date: /home/rob/project/csci5551-s26-team-pointbot/install/zed_msgs/include/zed_msgs/zed_msgs/msg/detail/objects_stamped__type_support.cpp
[1.512s] -- Up-to-date: /home/rob/project/csci5551-s26-team-pointbot/install/zed_msgs/include/zed_msgs/zed_msgs/msg/detail/object__type_support.cpp
[1.512s] -- Up-to-date: /home/rob/project/csci5551-s26-team-pointbot/install/zed_msgs/include/zed_msgs/zed_msgs/msg/detail/health_status_stamped__type_support.cpp
[1.512s] -- Up-to-date: /home/rob/project/csci5551-s26-team-pointbot/install/zed_msgs/include/zed_msgs/zed_msgs/msg/detail/object__rosidl_typesupport_introspection_cpp.hpp
[1.512s] -- Up-to-date: /home/rob/project/csci5551-s26-team-pointbot/install/zed_msgs/include/zed_msgs/zed_msgs/msg/detail/gnss_fusion_status__rosidl_typesupport_introspection_cpp.hpp
[1.512s] -- Up-to-date: /home/rob/project/csci5551-s26-team-pointbot/install/zed_msgs/include/zed_msgs/zed_msgs/msg/detail/bounding_box2_df__rosidl_typesupport_introspection_cpp.hpp
[1.512s] -- Up-to-date: /home/rob/project/csci5551-s26-team-pointbot/install/zed_msgs/include/zed_msgs/zed_msgs/msg/detail/skeleton3_d__rosidl_typesupport_introspection_cpp.hpp
[1.513s] -- Up-to-date: /home/rob/project/csci5551-s26-team-pointbot/install/zed_msgs/include/zed_msgs/zed_msgs/msg/detail/bounding_box2_di__type_support.cpp
[1.513s] -- Up-to-date: /home/rob/project/csci5551-s26-team-pointbot/install/zed_msgs/include/zed_msgs/zed_msgs/msg/detail/health_status_stamped__rosidl_typesupport_introspection_cpp.hpp
[1.514s] -- Up-to-date: /home/rob/project/csci5551-s26-team-pointbot/install/zed_msgs/include/zed_msgs/zed_msgs/msg/detail/pos_track_status__type_support.cpp
[1.514s] -- Up-to-date: /home/rob/project/csci5551-s26-team-pointbot/install/zed_msgs/include/zed_msgs/zed_msgs/msg/detail/plane_stamped__rosidl_typesupport_introspection_cpp.hpp
[1.514s] -- Up-to-date: /home/rob/project/csci5551-s26-team-pointbot/install/zed_msgs/include/zed_msgs/zed_msgs/msg/detail/heartbeat__rosidl_typesupport_introspection_cpp.hpp
[1.515s] -- Up-to-date: /home/rob/project/csci5551-s26-team-pointbot/install/zed_msgs/include/zed_msgs/zed_msgs/msg/detail/keypoint2_di__type_support.cpp
[1.515s] -- Up-to-date: /home/rob/project/csci5551-s26-team-pointbot/install/zed_msgs/include/zed_msgs/zed_msgs/msg/detail/mag_heading_status__rosidl_typesupport_introspection_cpp.hpp
[1.515s] -- Up-to-date: /home/rob/project/csci5551-s26-team-pointbot/install/zed_msgs/include/zed_msgs/zed_msgs/msg/detail/bounding_box2_di__rosidl_typesupport_introspection_cpp.hpp
[1.516s] -- Up-to-date: /home/rob/project/csci5551-s26-team-pointbot/install/zed_msgs/include/zed_msgs/zed_msgs/msg/detail/skeleton2_d__type_support.cpp
[1.516s] -- Up-to-date: /home/rob/project/csci5551-s26-team-pointbot/install/zed_msgs/include/zed_msgs/zed_msgs/msg/detail/depth_info_stamped__type_support.cpp
[1.516s] -- Up-to-date: /home/rob/project/csci5551-s26-team-pointbot/install/zed_msgs/include/zed_msgs/zed_msgs/msg/detail/heartbeat__type_support.cpp
[1.517s] -- Up-to-date: /home/rob/project/csci5551-s26-team-pointbot/install/zed_msgs/include/zed_msgs/zed_msgs/msg/detail/bounding_box3_d__type_support.cpp
[1.517s] -- Up-to-date: /home/rob/project/csci5551-s26-team-pointbot/install/zed_msgs/include/zed_msgs/zed_msgs/msg/detail/bounding_box2_df__type_support.cpp
[1.517s] -- Up-to-date: /home/rob/project/csci5551-s26-team-pointbot/install/zed_msgs/include/zed_msgs/zed_msgs/msg/detail/keypoint2_df__rosidl_typesupport_introspection_cpp.hpp
[1.517s] -- Up-to-date: /home/rob/project/csci5551-s26-team-pointbot/install/zed_msgs/include/zed_msgs/zed_msgs/msg/detail/keypoint2_di__rosidl_typesupport_introspection_cpp.hpp
[1.518s] -- Up-to-date: /home/rob/project/csci5551-s26-team-pointbot/install/zed_msgs/include/zed_msgs/zed_msgs/msg/detail/svo_status__rosidl_typesupport_introspection_cpp.hpp
[1.518s] -- Up-to-date: /home/rob/project/csci5551-s26-team-pointbot/install/zed_msgs/include/zed_msgs/zed_msgs/msg/detail/mag_heading_status__type_support.cpp
[1.519s] -- Up-to-date: /home/rob/project/csci5551-s26-team-pointbot/install/zed_msgs/include/zed_msgs/zed_msgs/msg/detail/keypoint3_d__type_support.cpp
[1.519s] -- Up-to-date: /home/rob/project/csci5551-s26-team-pointbot/install/zed_msgs/include/zed_msgs/zed_msgs/msg/detail/skeleton3_d__type_support.cpp
[1.519s] -- Up-to-date: /home/rob/project/csci5551-s26-team-pointbot/install/zed_msgs/include/zed_msgs/zed_msgs/msg/detail/pos_track_status__rosidl_typesupport_introspection_cpp.hpp
[1.520s] -- Up-to-date: /home/rob/project/csci5551-s26-team-pointbot/install/zed_msgs/include/zed_msgs/zed_msgs/msg/detail/skeleton2_d__rosidl_typesupport_introspection_cpp.hpp
[1.520s] -- Up-to-date: /home/rob/project/csci5551-s26-team-pointbot/install/zed_msgs/include/zed_msgs/zed_msgs/msg/detail/gnss_fusion_status__type_support.cpp
[1.521s] -- Up-to-date: /home/rob/project/csci5551-s26-team-pointbot/install/zed_msgs/include/zed_msgs/zed_msgs/msg/detail/objects_stamped__rosidl_typesupport_introspection_cpp.hpp
[1.522s] -- Up-to-date: /home/rob/project/csci5551-s26-team-pointbot/install/zed_msgs/include/zed_msgs/zed_msgs/msg/detail/plane_stamped__type_support.cpp
[1.522s] -- Up-to-date: /home/rob/project/csci5551-s26-team-pointbot/install/zed_msgs/include/zed_msgs/zed_msgs/msg/detail/svo_status__type_support.cpp
[1.523s] -- Up-to-date: /home/rob/project/csci5551-s26-team-pointbot/install/zed_msgs/include/zed_msgs/zed_msgs/srv
[1.523s] -- Up-to-date: /home/rob/project/csci5551-s26-team-pointbot/install/zed_msgs/include/zed_msgs/zed_msgs/srv/detail
[1.524s] -- Up-to-date: /home/rob/project/csci5551-s26-team-pointbot/install/zed_msgs/include/zed_msgs/zed_msgs/srv/detail/set_pose__rosidl_typesupport_introspection_cpp.hpp
[1.524s] -- Up-to-date: /home/rob/project/csci5551-s26-team-pointbot/install/zed_msgs/include/zed_msgs/zed_msgs/srv/detail/set_svo_frame__type_support.cpp
[1.524s] -- Up-to-date: /home/rob/project/csci5551-s26-team-pointbot/install/zed_msgs/include/zed_msgs/zed_msgs/srv/detail/start_svo_rec__rosidl_typesupport_introspection_cpp.hpp
[1.524s] -- Up-to-date: /home/rob/project/csci5551-s26-team-pointbot/install/zed_msgs/include/zed_msgs/zed_msgs/srv/detail/set_pose__type_support.cpp
[1.525s] -- Up-to-date: /home/rob/project/csci5551-s26-team-pointbot/install/zed_msgs/include/zed_msgs/zed_msgs/srv/detail/set_roi__rosidl_typesupport_introspection_cpp.hpp
[1.525s] -- Up-to-date: /home/rob/project/csci5551-s26-team-pointbot/install/zed_msgs/include/zed_msgs/zed_msgs/srv/detail/save_area_memory__type_support.cpp
[1.525s] -- Up-to-date: /home/rob/project/csci5551-s26-team-pointbot/install/zed_msgs/include/zed_msgs/zed_msgs/srv/detail/set_svo_frame__rosidl_typesupport_introspection_cpp.hpp
[1.526s] -- Up-to-date: /home/rob/project/csci5551-s26-team-pointbot/install/zed_msgs/include/zed_msgs/zed_msgs/srv/detail/start_svo_rec__type_support.cpp
[1.526s] -- Up-to-date: /home/rob/project/csci5551-s26-team-pointbot/install/zed_msgs/include/zed_msgs/zed_msgs/srv/detail/save_area_memory__rosidl_typesupport_introspection_cpp.hpp
[1.528s] -- Up-to-date: /home/rob/project/csci5551-s26-team-pointbot/install/zed_msgs/include/zed_msgs/zed_msgs/srv/detail/set_roi__type_support.cpp
[1.528s] -- Up-to-date: /home/rob/project/csci5551-s26-team-pointbot/install/zed_msgs/lib/libzed_msgs__rosidl_typesupport_introspection_cpp.so
[1.529s] -- Up-to-date: /home/rob/project/csci5551-s26-team-pointbot/install/zed_msgs/lib/libzed_msgs__rosidl_typesupport_cpp.so
[1.529s] -- Up-to-date: /home/rob/project/csci5551-s26-team-pointbot/install/zed_msgs/share/zed_msgs/environment/pythonpath.sh
[1.529s] -- Up-to-date: /home/rob/project/csci5551-s26-team-pointbot/install/zed_msgs/share/zed_msgs/environment/pythonpath.dsv
[1.530s] -- Up-to-date: /home/rob/project/csci5551-s26-team-pointbot/install/zed_msgs/lib/python3.12/site-packages/zed_msgs-5.2.1-py3.12.egg-info
[1.530s] -- Installing: /home/rob/project/csci5551-s26-team-pointbot/install/zed_msgs/lib/python3.12/site-packages/zed_msgs-5.2.1-py3.12.egg-info/PKG-INFO
[1.531s] -- Installing: /home/rob/project/csci5551-s26-team-pointbot/install/zed_msgs/lib/python3.12/site-packages/zed_msgs-5.2.1-py3.12.egg-info/dependency_links.txt
[1.531s] -- Installing: /home/rob/project/csci5551-s26-team-pointbot/install/zed_msgs/lib/python3.12/site-packages/zed_msgs-5.2.1-py3.12.egg-info/SOURCES.txt
[1.531s] -- Installing: /home/rob/project/csci5551-s26-team-pointbot/install/zed_msgs/lib/python3.12/site-packages/zed_msgs-5.2.1-py3.12.egg-info/top_level.txt
[1.532s] -- Up-to-date: /home/rob/project/csci5551-s26-team-pointbot/install/zed_msgs/lib/python3.12/site-packages/zed_msgs
[1.532s] -- Up-to-date: /home/rob/project/csci5551-s26-team-pointbot/install/zed_msgs/lib/python3.12/site-packages/zed_msgs/zed_msgs_s__rosidl_typesupport_introspection_c.so
[1.532s] -- Up-to-date: /home/rob/project/csci5551-s26-team-pointbot/install/zed_msgs/lib/python3.12/site-packages/zed_msgs/_zed_msgs_s.ep.rosidl_typesupport_c.c
[1.533s] -- Up-to-date: /home/rob/project/csci5551-s26-team-pointbot/install/zed_msgs/lib/python3.12/site-packages/zed_msgs/_zed_msgs_s.ep.rosidl_typesupport_fastrtps_c.c
[1.533s] -- Up-to-date: /home/rob/project/csci5551-s26-team-pointbot/install/zed_msgs/lib/python3.12/site-packages/zed_msgs/__init__.py
[1.533s] -- Up-to-date: /home/rob/project/csci5551-s26-team-pointbot/install/zed_msgs/lib/python3.12/site-packages/zed_msgs/_zed_msgs_s.ep.rosidl_typesupport_introspection_c.c
[1.534s] -- Up-to-date: /home/rob/project/csci5551-s26-team-pointbot/install/zed_msgs/lib/python3.12/site-packages/zed_msgs/zed_msgs_s__rosidl_typesupport_fastrtps_c.so
[1.534s] -- Up-to-date: /home/rob/project/csci5551-s26-team-pointbot/install/zed_msgs/lib/python3.12/site-packages/zed_msgs/msg
[1.535s] -- Up-to-date: /home/rob/project/csci5551-s26-team-pointbot/install/zed_msgs/lib/python3.12/site-packages/zed_msgs/msg/_keypoint2_di.py
[1.535s] -- Up-to-date: /home/rob/project/csci5551-s26-team-pointbot/install/zed_msgs/lib/python3.12/site-packages/zed_msgs/msg/_svo_status_s.c
[1.536s] -- Up-to-date: /home/rob/project/csci5551-s26-team-pointbot/install/zed_msgs/lib/python3.12/site-packages/zed_msgs/msg/_svo_status.py
[1.537s] -- Up-to-date: /home/rob/project/csci5551-s26-team-pointbot/install/zed_msgs/lib/python3.12/site-packages/zed_msgs/msg/_keypoint2_df_s.c
[1.538s] -- Up-to-date: /home/rob/project/csci5551-s26-team-pointbot/install/zed_msgs/lib/python3.12/site-packages/zed_msgs/msg/_bounding_box3_d.py
[1.538s] -- Up-to-date: /home/rob/project/csci5551-s26-team-pointbot/install/zed_msgs/lib/python3.12/site-packages/zed_msgs/msg/_bounding_box2_di_s.c
[1.538s] -- Up-to-date: /home/rob/project/csci5551-s26-team-pointbot/install/zed_msgs/lib/python3.12/site-packages/zed_msgs/msg/_bounding_box2_df_s.c
[1.538s] -- Up-to-date: /home/rob/project/csci5551-s26-team-pointbot/install/zed_msgs/lib/python3.12/site-packages/zed_msgs/msg/_bounding_box2_df.py
[1.539s] -- Up-to-date: /home/rob/project/csci5551-s26-team-pointbot/install/zed_msgs/lib/python3.12/site-packages/zed_msgs/msg/_mag_heading_status.py
[1.540s] -- Up-to-date: /home/rob/project/csci5551-s26-team-pointbot/install/zed_msgs/lib/python3.12/site-packages/zed_msgs/msg/_skeleton3_d_s.c
[1.540s] -- Up-to-date: /home/rob/project/csci5551-s26-team-pointbot/install/zed_msgs/lib/python3.12/site-packages/zed_msgs/msg/_health_status_stamped_s.c
[1.541s] -- Up-to-date: /home/rob/project/csci5551-s26-team-pointbot/install/zed_msgs/lib/python3.12/site-packages/zed_msgs/msg/_heartbeat_s.c
[1.541s] -- Up-to-date: /home/rob/project/csci5551-s26-team-pointbot/install/zed_msgs/lib/python3.12/site-packages/zed_msgs/msg/_object.py
[1.542s] -- Up-to-date: /home/rob/project/csci5551-s26-team-pointbot/install/zed_msgs/lib/python3.12/site-packages/zed_msgs/msg/_gnss_fusion_status_s.c
[1.542s] -- Up-to-date: /home/rob/project/csci5551-s26-team-pointbot/install/zed_msgs/lib/python3.12/site-packages/zed_msgs/msg/_skeleton2_d.py
[1.543s] -- Up-to-date: /home/rob/project/csci5551-s26-team-pointbot/install/zed_msgs/lib/python3.12/site-packages/zed_msgs/msg/_pos_track_status_s.c
[1.543s] -- Up-to-date: /home/rob/project/csci5551-s26-team-pointbot/install/zed_msgs/lib/python3.12/site-packages/zed_msgs/msg/_mag_heading_status_s.c
[1.544s] -- Up-to-date: /home/rob/project/csci5551-s26-team-pointbot/install/zed_msgs/lib/python3.12/site-packages/zed_msgs/msg/_objects_stamped.py
[1.544s] -- Up-to-date: /home/rob/project/csci5551-s26-team-pointbot/install/zed_msgs/lib/python3.12/site-packages/zed_msgs/msg/__init__.py
[1.545s] -- Up-to-date: /home/rob/project/csci5551-s26-team-pointbot/install/zed_msgs/lib/python3.12/site-packages/zed_msgs/msg/_object_s.c
[1.547s] -- Up-to-date: /home/rob/project/csci5551-s26-team-pointbot/install/zed_msgs/lib/python3.12/site-packages/zed_msgs/msg/_keypoint2_df.py
[1.547s] -- Up-to-date: /home/rob/project/csci5551-s26-team-pointbot/install/zed_msgs/lib/python3.12/site-packages/zed_msgs/msg/_objects_stamped_s.c
[1.548s] -- Up-to-date: /home/rob/project/csci5551-s26-team-pointbot/install/zed_msgs/lib/python3.12/site-packages/zed_msgs/msg/_keypoint3_d_s.c
[1.548s] -- Up-to-date: /home/rob/project/csci5551-s26-team-pointbot/install/zed_msgs/lib/python3.12/site-packages/zed_msgs/msg/_keypoint2_di_s.c
[1.548s] -- Up-to-date: /home/rob/project/csci5551-s26-team-pointbot/install/zed_msgs/lib/python3.12/site-packages/zed_msgs/msg/_skeleton3_d.py
[1.549s] -- Up-to-date: /home/rob/project/csci5551-s26-team-pointbot/install/zed_msgs/lib/python3.12/site-packages/zed_msgs/msg/_bounding_box2_di.py
[1.549s] -- Up-to-date: /home/rob/project/csci5551-s26-team-pointbot/install/zed_msgs/lib/python3.12/site-packages/zed_msgs/msg/_pos_track_status.py
[1.550s] -- Up-to-date: /home/rob/project/csci5551-s26-team-pointbot/install/zed_msgs/lib/python3.12/site-packages/zed_msgs/msg/_heartbeat.py
[1.550s] -- Up-to-date: /home/rob/project/csci5551-s26-team-pointbot/install/zed_msgs/lib/python3.12/site-packages/zed_msgs/msg/_health_status_stamped.py
[1.550s] -- Up-to-date: /home/rob/project/csci5551-s26-team-pointbot/install/zed_msgs/lib/python3.12/site-packages/zed_msgs/msg/_keypoint3_d.py
[1.551s] -- Up-to-date: /home/rob/project/csci5551-s26-team-pointbot/install/zed_msgs/lib/python3.12/site-packages/zed_msgs/msg/_gnss_fusion_status.py
[1.551s] -- Up-to-date: /home/rob/project/csci5551-s26-team-pointbot/install/zed_msgs/lib/python3.12/site-packages/zed_msgs/msg/_depth_info_stamped_s.c
[1.551s] -- Up-to-date: /home/rob/project/csci5551-s26-team-pointbot/install/zed_msgs/lib/python3.12/site-packages/zed_msgs/msg/_bounding_box3_d_s.c
[1.551s] -- Up-to-date: /home/rob/project/csci5551-s26-team-pointbot/install/zed_msgs/lib/python3.12/site-packages/zed_msgs/msg/_skeleton2_d_s.c
[1.552s] -- Up-to-date: /home/rob/project/csci5551-s26-team-pointbot/install/zed_msgs/lib/python3.12/site-packages/zed_msgs/msg/_plane_stamped_s.c
[1.552s] -- Up-to-date: /home/rob/project/csci5551-s26-team-pointbot/install/zed_msgs/lib/python3.12/site-packages/zed_msgs/msg/_plane_stamped.py
[1.552s] -- Up-to-date: /home/rob/project/csci5551-s26-team-pointbot/install/zed_msgs/lib/python3.12/site-packages/zed_msgs/msg/_depth_info_stamped.py
[1.553s] -- Up-to-date: /home/rob/project/csci5551-s26-team-pointbot/install/zed_msgs/lib/python3.12/site-packages/zed_msgs/zed_msgs_s__rosidl_typesupport_c.so
[1.554s] -- Up-to-date: /home/rob/project/csci5551-s26-team-pointbot/install/zed_msgs/lib/python3.12/site-packages/zed_msgs/srv
[1.554s] -- Up-to-date: /home/rob/project/csci5551-s26-team-pointbot/install/zed_msgs/lib/python3.12/site-packages/zed_msgs/srv/_set_roi.py
[1.555s] -- Up-to-date: /home/rob/project/csci5551-s26-team-pointbot/install/zed_msgs/lib/python3.12/site-packages/zed_msgs/srv/_save_area_memory.py
[1.555s] -- Up-to-date: /home/rob/project/csci5551-s26-team-pointbot/install/zed_msgs/lib/python3.12/site-packages/zed_msgs/srv/_set_roi_s.c
[1.556s] -- Up-to-date: /home/rob/project/csci5551-s26-team-pointbot/install/zed_msgs/lib/python3.12/site-packages/zed_msgs/srv/_start_svo_rec_s.c
[1.556s] -- Up-to-date: /home/rob/project/csci5551-s26-team-pointbot/install/zed_msgs/lib/python3.12/site-packages/zed_msgs/srv/_set_svo_frame.py
[1.557s] -- Up-to-date: /home/rob/project/csci5551-s26-team-pointbot/install/zed_msgs/lib/python3.12/site-packages/zed_msgs/srv/_set_pose.py
[1.557s] -- Up-to-date: /home/rob/project/csci5551-s26-team-pointbot/install/zed_msgs/lib/python3.12/site-packages/zed_msgs/srv/__init__.py
[1.558s] -- Up-to-date: /home/rob/project/csci5551-s26-team-pointbot/install/zed_msgs/lib/python3.12/site-packages/zed_msgs/srv/_set_pose_s.c
[1.558s] -- Up-to-date: /home/rob/project/csci5551-s26-team-pointbot/install/zed_msgs/lib/python3.12/site-packages/zed_msgs/srv/_set_svo_frame_s.c
[1.559s] -- Up-to-date: /home/rob/project/csci5551-s26-team-pointbot/install/zed_msgs/lib/python3.12/site-packages/zed_msgs/srv/_save_area_memory_s.c
[1.559s] -- Up-to-date: /home/rob/project/csci5551-s26-team-pointbot/install/zed_msgs/lib/python3.12/site-packages/zed_msgs/srv/_start_svo_rec.py
[1.603s] Listing '/home/rob/project/csci5551-s26-team-pointbot/install/zed_msgs/lib/python3.12/site-packages/zed_msgs'...
[1.603s] Listing '/home/rob/project/csci5551-s26-team-pointbot/install/zed_msgs/lib/python3.12/site-packages/zed_msgs/msg'...
[1.603s] Listing '/home/rob/project/csci5551-s26-team-pointbot/install/zed_msgs/lib/python3.12/site-packages/zed_msgs/srv'...
[1.603s] -- Up-to-date: /home/rob/project/csci5551-s26-team-pointbot/install/zed_msgs/lib/python3.12/site-packages/zed_msgs/zed_msgs_s__rosidl_typesupport_fastrtps_c.so
[1.603s] -- Up-to-date: /home/rob/project/csci5551-s26-team-pointbot/install/zed_msgs/lib/python3.12/site-packages/zed_msgs/zed_msgs_s__rosidl_typesupport_introspection_c.so
[1.603s] -- Up-to-date: /home/rob/project/csci5551-s26-team-pointbot/install/zed_msgs/lib/python3.12/site-packages/zed_msgs/zed_msgs_s__rosidl_typesupport_c.so
[1.603s] -- Up-to-date: /home/rob/project/csci5551-s26-team-pointbot/install/zed_msgs/lib/libzed_msgs__rosidl_generator_py.so
[1.604s] -- Up-to-date: /home/rob/project/csci5551-s26-team-pointbot/install/zed_msgs/share/ament_index/resource_index/rust_packages/zed_msgs
[1.604s] -- Up-to-date: /home/rob/project/csci5551-s26-team-pointbot/install/zed_msgs/share/zed_msgs/rust
[1.604s] -- Up-to-date: /home/rob/project/csci5551-s26-team-pointbot/install/zed_msgs/share/zed_msgs/rust/Cargo.toml
[1.604s] -- Up-to-date: /home/rob/project/csci5551-s26-team-pointbot/install/zed_msgs/share/zed_msgs/rust/src
[1.604s] -- Up-to-date: /home/rob/project/csci5551-s26-team-pointbot/install/zed_msgs/share/zed_msgs/rust/src/lib.rs
[1.604s] -- Up-to-date: /home/rob/project/csci5551-s26-team-pointbot/install/zed_msgs/share/zed_msgs/rust/src/msg.rs
[1.604s] -- Up-to-date: /home/rob/project/csci5551-s26-team-pointbot/install/zed_msgs/share/zed_msgs/rust/src/srv.rs
[1.604s] -- Up-to-date: /home/rob/project/csci5551-s26-team-pointbot/install/zed_msgs/share/zed_msgs/rust/src/msg
[1.604s] -- Up-to-date: /home/rob/project/csci5551-s26-team-pointbot/install/zed_msgs/share/zed_msgs/rust/src/msg/rmw.rs
[1.604s] -- Up-to-date: /home/rob/project/csci5551-s26-team-pointbot/install/zed_msgs/share/zed_msgs/rust/src/srv
[1.604s] -- Up-to-date: /home/rob/project/csci5551-s26-team-pointbot/install/zed_msgs/share/zed_msgs/rust/src/srv/rmw.rs
[1.604s] -- Up-to-date: /home/rob/project/csci5551-s26-team-pointbot/install/zed_msgs/share/zed_msgs/rust/build.rs
[1.604s] -- Up-to-date: /home/rob/project/csci5551-s26-team-pointbot/install/zed_msgs/share/zed_msgs/msg/Object.idl
[1.605s] -- Up-to-date: /home/rob/project/csci5551-s26-team-pointbot/install/zed_msgs/share/zed_msgs/msg/ObjectsStamped.idl
[1.605s] -- Up-to-date: /home/rob/project/csci5551-s26-team-pointbot/install/zed_msgs/share/zed_msgs/msg/Keypoint2Di.idl
[1.605s] -- Up-to-date: /home/rob/project/csci5551-s26-team-pointbot/install/zed_msgs/share/zed_msgs/msg/Keypoint2Df.idl
[1.605s] -- Up-to-date: /home/rob/project/csci5551-s26-team-pointbot/install/zed_msgs/share/zed_msgs/msg/Keypoint3D.idl
[1.605s] -- Up-to-date: /home/rob/project/csci5551-s26-team-pointbot/install/zed_msgs/share/zed_msgs/msg/BoundingBox2Di.idl
[1.605s] -- Up-to-date: /home/rob/project/csci5551-s26-team-pointbot/install/zed_msgs/share/zed_msgs/msg/BoundingBox2Df.idl
[1.605s] -- Up-to-date: /home/rob/project/csci5551-s26-team-pointbot/install/zed_msgs/share/zed_msgs/msg/BoundingBox3D.idl
[1.606s] -- Up-to-date: /home/rob/project/csci5551-s26-team-pointbot/install/zed_msgs/share/zed_msgs/msg/Skeleton2D.idl
[1.606s] -- Up-to-date: /home/rob/project/csci5551-s26-team-pointbot/install/zed_msgs/share/zed_msgs/msg/Skeleton3D.idl
[1.606s] -- Up-to-date: /home/rob/project/csci5551-s26-team-pointbot/install/zed_msgs/share/zed_msgs/msg/DepthInfoStamped.idl
[1.607s] -- Up-to-date: /home/rob/project/csci5551-s26-team-pointbot/install/zed_msgs/share/zed_msgs/msg/PlaneStamped.idl
[1.607s] -- Up-to-date: /home/rob/project/csci5551-s26-team-pointbot/install/zed_msgs/share/zed_msgs/msg/PosTrackStatus.idl
[1.607s] -- Up-to-date: /home/rob/project/csci5551-s26-team-pointbot/install/zed_msgs/share/zed_msgs/msg/GnssFusionStatus.idl
[1.607s] -- Up-to-date: /home/rob/project/csci5551-s26-team-pointbot/install/zed_msgs/share/zed_msgs/msg/Heartbeat.idl
[1.607s] -- Up-to-date: /home/rob/project/csci5551-s26-team-pointbot/install/zed_msgs/share/zed_msgs/msg/MagHeadingStatus.idl
[1.607s] -- Up-to-date: /home/rob/project/csci5551-s26-team-pointbot/install/zed_msgs/share/zed_msgs/msg/SvoStatus.idl
[1.607s] -- Up-to-date: /home/rob/project/csci5551-s26-team-pointbot/install/zed_msgs/share/zed_msgs/msg/HealthStatusStamped.idl
[1.607s] -- Up-to-date: /home/rob/project/csci5551-s26-team-pointbot/install/zed_msgs/share/zed_msgs/srv/SetPose.idl
[1.607s] -- Up-to-date: /home/rob/project/csci5551-s26-team-pointbot/install/zed_msgs/share/zed_msgs/srv/StartSvoRec.idl
[1.608s] -- Up-to-date: /home/rob/project/csci5551-s26-team-pointbot/install/zed_msgs/share/zed_msgs/srv/SetROI.idl
[1.608s] -- Up-to-date: /home/rob/project/csci5551-s26-team-pointbot/install/zed_msgs/share/zed_msgs/srv/SetSvoFrame.idl
[1.608s] -- Up-to-date: /home/rob/project/csci5551-s26-team-pointbot/install/zed_msgs/share/zed_msgs/srv/SaveAreaMemory.idl
[1.608s] -- Up-to-date: /home/rob/project/csci5551-s26-team-pointbot/install/zed_msgs/share/zed_msgs/msg/Object.msg
[1.609s] -- Up-to-date: /home/rob/project/csci5551-s26-team-pointbot/install/zed_msgs/share/zed_msgs/msg/ObjectsStamped.msg
[1.609s] -- Up-to-date: /home/rob/project/csci5551-s26-team-pointbot/install/zed_msgs/share/zed_msgs/msg/Keypoint2Di.msg
[1.609s] -- Up-to-date: /home/rob/project/csci5551-s26-team-pointbot/install/zed_msgs/share/zed_msgs/msg/Keypoint2Df.msg
[1.609s] -- Up-to-date: /home/rob/project/csci5551-s26-team-pointbot/install/zed_msgs/share/zed_msgs/msg/Keypoint3D.msg
[1.609s] -- Up-to-date: /home/rob/project/csci5551-s26-team-pointbot/install/zed_msgs/share/zed_msgs/msg/BoundingBox2Di.msg
[1.610s] -- Up-to-date: /home/rob/project/csci5551-s26-team-pointbot/install/zed_msgs/share/zed_msgs/msg/BoundingBox2Df.msg
[1.610s] -- Up-to-date: /home/rob/project/csci5551-s26-team-pointbot/install/zed_msgs/share/zed_msgs/msg/BoundingBox3D.msg
[1.610s] -- Up-to-date: /home/rob/project/csci5551-s26-team-pointbot/install/zed_msgs/share/zed_msgs/msg/Skeleton2D.msg
[1.610s] -- Up-to-date: /home/rob/project/csci5551-s26-team-pointbot/install/zed_msgs/share/zed_msgs/msg/Skeleton3D.msg
[1.610s] -- Up-to-date: /home/rob/project/csci5551-s26-team-pointbot/install/zed_msgs/share/zed_msgs/msg/DepthInfoStamped.msg
[1.610s] -- Up-to-date: /home/rob/project/csci5551-s26-team-pointbot/install/zed_msgs/share/zed_msgs/msg/PlaneStamped.msg
[1.610s] -- Up-to-date: /home/rob/project/csci5551-s26-team-pointbot/install/zed_msgs/share/zed_msgs/msg/PosTrackStatus.msg
[1.610s] -- Up-to-date: /home/rob/project/csci5551-s26-team-pointbot/install/zed_msgs/share/zed_msgs/msg/GnssFusionStatus.msg
[1.610s] -- Up-to-date: /home/rob/project/csci5551-s26-team-pointbot/install/zed_msgs/share/zed_msgs/msg/Heartbeat.msg
[1.610s] -- Up-to-date: /home/rob/project/csci5551-s26-team-pointbot/install/zed_msgs/share/zed_msgs/msg/MagHeadingStatus.msg
[1.612s] -- Up-to-date: /home/rob/project/csci5551-s26-team-pointbot/install/zed_msgs/share/zed_msgs/msg/SvoStatus.msg
[1.612s] -- Up-to-date: /home/rob/project/csci5551-s26-team-pointbot/install/zed_msgs/share/zed_msgs/msg/HealthStatusStamped.msg
[1.612s] -- Up-to-date: /home/rob/project/csci5551-s26-team-pointbot/install/zed_msgs/share/zed_msgs/srv/SetPose.srv
[1.612s] -- Up-to-date: /home/rob/project/csci5551-s26-team-pointbot/install/zed_msgs/share/zed_msgs/srv/StartSvoRec.srv
[1.612s] -- Up-to-date: /home/rob/project/csci5551-s26-team-pointbot/install/zed_msgs/share/zed_msgs/srv/SetROI.srv
[1.613s] -- Up-to-date: /home/rob/project/csci5551-s26-team-pointbot/install/zed_msgs/share/zed_msgs/srv/SetSvoFrame.srv
[1.613s] -- Up-to-date: /home/rob/project/csci5551-s26-team-pointbot/install/zed_msgs/share/zed_msgs/srv/SaveAreaMemory.srv
[1.615s] -- Up-to-date: /home/rob/project/csci5551-s26-team-pointbot/install/zed_msgs/share/ament_index/resource_index/package_run_dependencies/zed_msgs
[1.615s] -- Up-to-date: /home/rob/project/csci5551-s26-team-pointbot/install/zed_msgs/share/ament_index/resource_index/parent_prefix_path/zed_msgs
[1.615s] -- Up-to-date: /home/rob/project/csci5551-s26-team-pointbot/install/zed_msgs/share/zed_msgs/environment/ament_prefix_path.sh
[1.615s] -- Up-to-date: /home/rob/project/csci5551-s26-team-pointbot/install/zed_msgs/share/zed_msgs/environment/ament_prefix_path.dsv
[1.615s] -- Up-to-date: /home/rob/project/csci5551-s26-team-pointbot/install/zed_msgs/share/zed_msgs/environment/path.sh
[1.616s] -- Up-to-date: /home/rob/project/csci5551-s26-team-pointbot/install/zed_msgs/share/zed_msgs/environment/path.dsv
[1.616s] -- Up-to-date: /home/rob/project/csci5551-s26-team-pointbot/install/zed_msgs/share/zed_msgs/local_setup.bash
[1.616s] -- Up-to-date: /home/rob/project/csci5551-s26-team-pointbot/install/zed_msgs/share/zed_msgs/local_setup.sh
[1.617s] -- Up-to-date: /home/rob/project/csci5551-s26-team-pointbot/install/zed_msgs/share/zed_msgs/local_setup.zsh
[1.617s] -- Up-to-date: /home/rob/project/csci5551-s26-team-pointbot/install/zed_msgs/share/zed_msgs/local_setup.dsv
[1.618s] -- Installing: /home/rob/project/csci5551-s26-team-pointbot/install/zed_msgs/share/zed_msgs/package.dsv
[1.618s] -- Up-to-date: /home/rob/project/csci5551-s26-team-pointbot/install/zed_msgs/share/ament_index/resource_index/packages/zed_msgs
[1.618s] -- Up-to-date: /home/rob/project/csci5551-s26-team-pointbot/install/zed_msgs/share/zed_msgs/cmake/export_zed_msgs__rosidl_generator_cExport.cmake
[1.619s] -- Up-to-date: /home/rob/project/csci5551-s26-team-pointbot/install/zed_msgs/share/zed_msgs/cmake/export_zed_msgs__rosidl_generator_cExport-noconfig.cmake
[1.620s] -- Up-to-date: /home/rob/project/csci5551-s26-team-pointbot/install/zed_msgs/share/zed_msgs/cmake/export_zed_msgs__rosidl_typesupport_fastrtps_cExport.cmake
[1.620s] -- Up-to-date: /home/rob/project/csci5551-s26-team-pointbot/install/zed_msgs/share/zed_msgs/cmake/export_zed_msgs__rosidl_typesupport_fastrtps_cExport-noconfig.cmake
[1.621s] -- Up-to-date: /home/rob/project/csci5551-s26-team-pointbot/install/zed_msgs/share/zed_msgs/cmake/export_zed_msgs__rosidl_generator_cppExport.cmake
[1.621s] -- Up-to-date: /home/rob/project/csci5551-s26-team-pointbot/install/zed_msgs/share/zed_msgs/cmake/export_zed_msgs__rosidl_typesupport_fastrtps_cppExport.cmake
[1.621s] -- Up-to-date: /home/rob/project/csci5551-s26-team-pointbot/install/zed_msgs/share/zed_msgs/cmake/export_zed_msgs__rosidl_typesupport_fastrtps_cppExport-noconfig.cmake
[1.621s] -- Up-to-date: /home/rob/project/csci5551-s26-team-pointbot/install/zed_msgs/share/zed_msgs/cmake/zed_msgs__rosidl_typesupport_introspection_cExport.cmake
[1.622s] -- Up-to-date: /home/rob/project/csci5551-s26-team-pointbot/install/zed_msgs/share/zed_msgs/cmake/zed_msgs__rosidl_typesupport_introspection_cExport-noconfig.cmake
[1.622s] -- Up-to-date: /home/rob/project/csci5551-s26-team-pointbot/install/zed_msgs/share/zed_msgs/cmake/zed_msgs__rosidl_typesupport_cExport.cmake
[1.622s] -- Up-to-date: /home/rob/project/csci5551-s26-team-pointbot/install/zed_msgs/share/zed_msgs/cmake/zed_msgs__rosidl_typesupport_cExport-noconfig.cmake
[1.622s] -- Up-to-date: /home/rob/project/csci5551-s26-team-pointbot/install/zed_msgs/share/zed_msgs/cmake/zed_msgs__rosidl_typesupport_introspection_cppExport.cmake
[1.623s] -- Up-to-date: /home/rob/project/csci5551-s26-team-pointbot/install/zed_msgs/share/zed_msgs/cmake/zed_msgs__rosidl_typesupport_introspection_cppExport-noconfig.cmake
[1.623s] -- Up-to-date: /home/rob/project/csci5551-s26-team-pointbot/install/zed_msgs/share/zed_msgs/cmake/zed_msgs__rosidl_typesupport_cppExport.cmake
[1.623s] -- Up-to-date: /home/rob/project/csci5551-s26-team-pointbot/install/zed_msgs/share/zed_msgs/cmake/zed_msgs__rosidl_typesupport_cppExport-noconfig.cmake
[1.624s] -- Up-to-date: /home/rob/project/csci5551-s26-team-pointbot/install/zed_msgs/share/zed_msgs/cmake/export_zed_msgs__rosidl_generator_pyExport.cmake
[1.624s] -- Up-to-date: /home/rob/project/csci5551-s26-team-pointbot/install/zed_msgs/share/zed_msgs/cmake/export_zed_msgs__rosidl_generator_pyExport-noconfig.cmake
[1.625s] -- Up-to-date: /home/rob/project/csci5551-s26-team-pointbot/install/zed_msgs/share/zed_msgs/cmake/rosidl_cmake-extras.cmake
[1.625s] -- Up-to-date: /home/rob/project/csci5551-s26-team-pointbot/install/zed_msgs/share/zed_msgs/cmake/ament_cmake_export_dependencies-extras.cmake
[1.625s] -- Up-to-date: /home/rob/project/csci5551-s26-team-pointbot/install/zed_msgs/share/zed_msgs/cmake/ament_cmake_export_include_directories-extras.cmake
[1.625s] -- Up-to-date: /home/rob/project/csci5551-s26-team-pointbot/install/zed_msgs/share/zed_msgs/cmake/ament_cmake_export_libraries-extras.cmake
[1.625s] -- Up-to-date: /home/rob/project/csci5551-s26-team-pointbot/install/zed_msgs/share/zed_msgs/cmake/ament_cmake_export_targets-extras.cmake
[1.625s] -- Up-to-date: /home/rob/project/csci5551-s26-team-pointbot/install/zed_msgs/share/zed_msgs/cmake/rosidl_cmake_export_typesupport_targets-extras.cmake
[1.626s] -- Up-to-date: /home/rob/project/csci5551-s26-team-pointbot/install/zed_msgs/share/zed_msgs/cmake/rosidl_cmake_export_typesupport_libraries-extras.cmake
[1.626s] -- Up-to-date: /home/rob/project/csci5551-s26-team-pointbot/install/zed_msgs/share/zed_msgs/cmake/zed_msgsConfig.cmake
[1.626s] -- Up-to-date: /home/rob/project/csci5551-s26-team-pointbot/install/zed_msgs/share/zed_msgs/cmake/zed_msgsConfig-version.cmake
[1.626s] -- Up-to-date: /home/rob/project/csci5551-s26-team-pointbot/install/zed_msgs/share/zed_msgs/package.xml
[1.628s] Invoked command in '/home/rob/project/csci5551-s26-team-pointbot/build/zed_msgs' returned '0': CMAKE_PREFIX_PATH=${CMAKE_PREFIX_PATH}:/home/rob/project/csci5551-s26-team-pointbot/install/planning:/home/rob/project/csci5551-s26-team-pointbot/install/perception:/home/rob/project/csci5551-s26-team-pointbot/install/pointbot_rviz:/home/rob/project/csci5551-s26-team-pointbot/install/uf_ros_lib:/opt/ros/jazzy DEBUGINFOD_URLS=https://debuginfod.ubuntu.com /usr/bin/cmake --install /home/rob/project/csci5551-s26-team-pointbot/build/zed_msgs
