[ 50%] [32mBuilding CXX object CMakeFiles/control_tree.dir/src/control_tree.cpp.o[0m
[100%] [32m[1mLinking CXX executable control_tree[0m
[100%] Built target control_tree
-- Install configuration: ""
-- Installing: /home/rob/project/csci5551-s26-team-pointbot/install/control/lib/control/control_tree
-- Set non-toolchain portion of runtime path of "/home/rob/project/csci5551-s26-team-pointbot/install/control/lib/control/control_tree" to ""
-- Up-to-date: /home/rob/project/csci5551-s26-team-pointbot/install/control/share/control/point_bot_tree.btproj
-- Installing: /home/rob/project/csci5551-s26-team-pointbot/install/control/share/control/point_bot_tree.xml
-- Up-to-date: /home/rob/project/csci5551-s26-team-pointbot/install/control/share/control/launch
-- Installing: /home/rob/project/csci5551-s26-team-pointbot/install/control/share/control/launch/full_system_launch.py
-- Up-to-date: /home/rob/project/csci5551-s26-team-pointbot/install/control/share/ament_index/resource_index/package_run_dependencies/control
-- Up-to-date: /home/rob/project/csci5551-s26-team-pointbot/install/control/share/ament_index/resource_index/parent_prefix_path/control
-- Up-to-date: /home/rob/project/csci5551-s26-team-pointbot/install/control/share/control/environment/ament_prefix_path.sh
-- Up-to-date: /home/rob/project/csci5551-s26-team-pointbot/install/control/share/control/environment/ament_prefix_path.dsv
-- Up-to-date: /home/rob/project/csci5551-s26-team-pointbot/install/control/share/control/environment/path.sh
-- Up-to-date: /home/rob/project/csci5551-s26-team-pointbot/install/control/share/control/environment/path.dsv
-- Up-to-date: /home/rob/project/csci5551-s26-team-pointbot/install/control/share/control/local_setup.bash
-- Up-to-date: /home/rob/project/csci5551-s26-team-pointbot/install/control/share/control/local_setup.sh
-- Up-to-date: /home/rob/project/csci5551-s26-team-pointbot/install/control/share/control/local_setup.zsh
-- Up-to-date: /home/rob/project/csci5551-s26-team-pointbot/install/control/share/control/local_setup.dsv
-- Installing: /home/rob/project/csci5551-s26-team-pointbot/install/control/share/control/package.dsv
-- Up-to-date: /home/rob/project/csci5551-s26-team-pointbot/install/control/share/ament_index/resource_index/packages/control
-- Up-to-date: /home/rob/project/csci5551-s26-team-pointbot/install/control/share/control/cmake/controlConfig.cmake
-- Up-to-date: /home/rob/project/csci5551-s26-team-pointbot/install/control/share/control/cmake/controlConfig-version.cmake
-- Up-to-date: /home/rob/project/csci5551-s26-team-pointbot/install/control/share/control/package.xml
