-- The C compiler identification is GNU 13.3.0
-- The CXX compiler identification is GNU 13.3.0
-- Detecting C compiler ABI info
-- Detecting C compiler ABI info - done
-- Check for working C compiler: /usr/bin/cc - skipped
-- Detecting C compile features
-- Detecting C compile features - done
-- Detecting CXX compiler ABI info
-- Detecting CXX compiler ABI info - done
-- Check for working CXX compiler: /usr/bin/c++ - skipped
-- Detecting CXX compile features
-- Detecting CXX compile features - done
-- Found ament_cmake: 2.5.5 (/opt/ros/jazzy/share/ament_cmake/cmake)
-- Found Python3: /home/rob/miniforge3/bin/python3 (found version "3.13.12") found components: Interpreter 
-- Found moveit: 2.12.4 (/opt/ros/jazzy/share/moveit/cmake)
-- Found moveit_ros_planning_interface: 2.12.4 (/opt/ros/jazzy/share/moveit_ros_planning_interface/cmake)
-- Found Boost: /usr/lib/x86_64-linux-gnu/cmake/Boost-1.83.0/BoostConfig.cmake (found version "1.83.0") found components: date_time filesystem program_options system thread 
-- Found rosidl_generator_c: 4.6.7 (/opt/ros/jazzy/share/rosidl_generator_c/cmake)
-- Found rosidl_generator_cpp: 4.6.7 (/opt/ros/jazzy/share/rosidl_generator_cpp/cmake)
-- Using all available rosidl_typesupport_c: rosidl_typesupport_fastrtps_c;rosidl_typesupport_introspection_c
-- Using all available rosidl_typesupport_cpp: rosidl_typesupport_fastrtps_cpp;rosidl_typesupport_introspection_cpp
-- Found Boost: /usr/lib/x86_64-linux-gnu/cmake/Boost-1.83.0/BoostConfig.cmake (found version "1.83.0") found components: chrono date_time filesystem iostreams program_options regex serialization system thread 
-- Found parameter_traits: 0.6.0 (/opt/ros/jazzy/share/parameter_traits/cmake)
-- Found rmw_implementation_cmake: 7.3.3 (/opt/ros/jazzy/share/rmw_implementation_cmake/cmake)
-- Found rmw_fastrtps_cpp: 8.4.3 (/opt/ros/jazzy/share/rmw_fastrtps_cpp/cmake)
-- Found OpenSSL: /usr/lib/x86_64-linux-gnu/libcrypto.so (found version "3.0.13")  
-- Found FastRTPS: /opt/ros/jazzy/include (Required is at least version "2.13") 
-- Using RMW implementation 'rmw_fastrtps_cpp' as default
-- Found rclcpp_lifecycle: 28.1.16 (/opt/ros/jazzy/share/rclcpp_lifecycle/cmake)
-- Found Boost: /usr/lib/x86_64-linux-gnu/cmake/Boost-1.83.0/BoostConfig.cmake (found version "1.83.0") found components: filesystem 
-- Found Eigen3: TRUE (found version "3.4.0") 
-- Ensuring Eigen3 include directory is part of orocos-kdl CMake target
-- Found Boost: /usr/lib/x86_64-linux-gnu/cmake/Boost-1.83.0/BoostConfig.cmake (found version "1.83.0") found components: system filesystem date_time program_options thread chrono 
-- Found Boost: /usr/lib/x86_64-linux-gnu/cmake/Boost-1.83.0/BoostConfig.cmake (found version "1.83.0") found components: thread system filesystem regex date_time program_options 
-- Found Boost: /usr/lib/x86_64-linux-gnu/cmake/Boost-1.83.0/BoostConfig.cmake (found version "1.83.0") found components: system filesystem date_time program_options thread 
-- Found xarm_msgs: 0.0.0 (/home/rob/project/csci5551-s26-team-pointbot/install/share/xarm_msgs/cmake)
-- Found ament_lint_auto: 0.17.4 (/opt/ros/jazzy/share/ament_lint_auto/cmake)
-- Added test 'copyright' to check source files copyright and LICENSE
-- Added test 'cppcheck' to perform static code analysis on C / C++ code
-- Configured cppcheck include dirs: /home/rob/project/csci5551-s26-team-pointbot/src/xarm_ros2/xarm_planner/include
-- Configured cppcheck exclude dirs and/or files: 
-- Added test 'cpplint' to check C / C++ code against the Google style
-- Configured cpplint exclude dirs and/or files: 
-- Added test 'flake8' to check Python code syntax and style conventions
-- Configured 'flake8' exclude dirs and/or files: 
-- Added test 'lint_cmake' to check CMake code style
-- Added test 'pep257' to check Python code against some of the docstring style conventions in PEP 257
-- Added test 'uncrustify' to check C / C++ code style
-- Configured uncrustify additional arguments: 
-- Added test 'xmllint' to check XML markup files
-- Configuring done (1.9s)
[33mCMake Warning at CMakeLists.txt:42 (add_library):
  Cannot generate a safe runtime search path for target xarm_planner because
  files in some directories may conflict with libraries in implicit
  directories:

    runtime library [libcrypto.so.3] in /usr/lib/x86_64-linux-gnu may be hidden by files in:
      /home/rob/miniforge3/lib

  Some of these libraries may not be found correctly.

[0m
[33mCMake Warning at CMakeLists.txt:50 (add_executable):
  Cannot generate a safe runtime search path for target xarm_planner_node
  because files in some directories may conflict with libraries in implicit
  directories:

    runtime library [libcrypto.so.3] in /usr/lib/x86_64-linux-gnu may be hidden by files in:
      /home/rob/miniforge3/lib

  Some of these libraries may not be found correctly.

[0m
[33mCMake Warning at CMakeLists.txt:59 (add_executable):
  Cannot generate a safe runtime search path for target
  xarm_gripper_planner_node because files in some directories may conflict
  with libraries in implicit directories:

    runtime library [libcrypto.so.3] in /usr/lib/x86_64-linux-gnu may be hidden by files in:
      /home/rob/miniforge3/lib

  Some of these libraries may not be found correctly.

[0m
[33mCMake Warning at CMakeLists.txt:68 (add_executable):
  Cannot generate a safe runtime search path for target
  test_xarm_planner_api_joint because files in some directories may conflict
  with libraries in implicit directories:

    runtime library [libcrypto.so.3] in /usr/lib/x86_64-linux-gnu may be hidden by files in:
      /home/rob/miniforge3/lib

  Some of these libraries may not be found correctly.

[0m
[33mCMake Warning at CMakeLists.txt:77 (add_executable):
  Cannot generate a safe runtime search path for target
  test_dual_xarm_planner_api_joint because files in some directories may
  conflict with libraries in implicit directories:

    runtime library [libcrypto.so.3] in /usr/lib/x86_64-linux-gnu may be hidden by files in:
      /home/rob/miniforge3/lib

  Some of these libraries may not be found correctly.

[0m
[33mCMake Warning at CMakeLists.txt:86 (add_executable):
  Cannot generate a safe runtime search path for target
  test_xarm_planner_api_pose because files in some directories may conflict
  with libraries in implicit directories:

    runtime library [libcrypto.so.3] in /usr/lib/x86_64-linux-gnu may be hidden by files in:
      /home/rob/miniforge3/lib

  Some of these libraries may not be found correctly.

[0m
[33mCMake Warning at CMakeLists.txt:95 (add_executable):
  Cannot generate a safe runtime search path for target
  test_xarm_gripper_planner_api_joint because files in some directories may
  conflict with libraries in implicit directories:

    runtime library [libcrypto.so.3] in /usr/lib/x86_64-linux-gnu may be hidden by files in:
      /home/rob/miniforge3/lib

  Some of these libraries may not be found correctly.

[0m
-- Generating done (0.0s)
-- Build files have been written to: /home/rob/project/csci5551-s26-team-pointbot/build/xarm_planner
[ 22%] [32mBuilding CXX object CMakeFiles/test_xarm_gripper_planner_client_joint.dir/test/test_xarm_gripper_planner_client_joint.cpp.o[0m
[ 22%] [32mBuilding CXX object CMakeFiles/test_xarm_planner_client_joint.dir/test/test_xarm_planner_client_joint.cpp.o[0m
[ 22%] [32mBuilding CXX object CMakeFiles/xarm_planner.dir/src/xarm_planner.cpp.o[0m
[ 22%] [32mBuilding CXX object CMakeFiles/test_xarm_planner_client_pose.dir/test/test_xarm_planner_client_pose.cpp.o[0m
[ 22%] [32mBuilding CXX object CMakeFiles/test_lite_gripper_realmove.dir/test/test_lite_gripper_realmove.cpp.o[0m
[ 27%] [32m[1mLinking CXX executable test_lite_gripper_realmove[0m
[ 27%] Built target test_lite_gripper_realmove
[ 31%] [32m[1mLinking CXX executable test_xarm_planner_client_joint[0m
[ 31%] Built target test_xarm_planner_client_joint
[ 36%] [32m[1mLinking CXX executable test_xarm_gripper_planner_client_joint[0m
[ 40%] [32m[1mLinking CXX executable test_xarm_planner_client_pose[0m
[ 40%] Built target test_xarm_gripper_planner_client_joint
[ 40%] Built target test_xarm_planner_client_pose
[ 45%] [32m[1mLinking CXX shared library libxarm_planner.so[0m
[ 45%] Built target xarm_planner
[ 72%] [32mBuilding CXX object CMakeFiles/test_xarm_planner_api_pose.dir/test/test_xarm_planner_api_pose.cpp.o[0m
[ 72%] [32mBuilding CXX object CMakeFiles/test_xarm_gripper_planner_api_joint.dir/test/test_xarm_gripper_planner_api_joint.cpp.o[0m
[ 72%] [32mBuilding CXX object CMakeFiles/xarm_planner_node.dir/src/xarm_planner_node.cpp.o[0m
[ 72%] [32mBuilding CXX object CMakeFiles/xarm_gripper_planner_node.dir/src/xarm_gripper_planner_node.cpp.o[0m
[ 72%] [32mBuilding CXX object CMakeFiles/test_dual_xarm_planner_api_joint.dir/test/test_dual_xarm_planner_api_joint.cpp.o[0m
[ 72%] [32mBuilding CXX object CMakeFiles/test_xarm_planner_api_joint.dir/test/test_xarm_planner_api_joint.cpp.o[0m
[ 77%] [32m[1mLinking CXX executable test_xarm_gripper_planner_api_joint[0m
[ 81%] [32m[1mLinking CXX executable test_xarm_planner_api_joint[0m
[ 86%] [32m[1mLinking CXX executable test_xarm_planner_api_pose[0m
/usr/bin/ld: /home/rob/miniforge3/lib/libssl.so.3: undefined reference to `X509_STORE_CTX_init_rpk@OPENSSL_3.2.0'
/usr/bin/ld: /home/rob/miniforge3/lib/libssl.so.3: undefined reference to `BIO_recvmmsg@OPENSSL_3.2.0'
/usr/bin/ld: /home/rob/miniforge3/lib/libssl.so.3: undefined reference to `CRYPTO_malloc_array@OPENSSL_3.6.0'
/usr/bin/ld: /opt/ros/jazzy/lib/libresource_retriever.so: undefined reference to `curl_global_init@CURL_OPENSSL_4'
/usr/bin/ld: /opt/ros/jazzy/lib/libresource_retriever.so: undefined reference to `curl_easy_perform@CURL_OPENSSL_4'
/usr/bin/ld: /home/rob/miniforge3/lib/libssl.so.3: undefined reference to `OSSL_sleep@OPENSSL_3.2.0'
/usr/bin/ld: /home/rob/miniforge3/lib/libssl.so.3: undefined reference to `OSSL_ERR_STATE_restore@OPENSSL_3.2.0'
/usr/bin/ld: /home/rob/miniforge3/lib/libssl.so.3: undefined reference to `OPENSSL_strtoul@OPENSSL_3.4.0'
/usr/bin/ld: /opt/ros/jazzy/lib/libresource_retriever.so: undefined reference to `curl_easy_setopt@CURL_OPENSSL_4'
/usr/bin/ld: /home/rob/miniforge3/lib/libssl.so.3: undefined reference to `OPENSSL_sk_set_thunks@OPENSSL_3.6.0'
/usr/bin/ld: /home/rob/miniforge3/lib/libssl.so.3: undefined reference to `OPENSSL_LH_set_thunks@OPENSSL_3.3.0'
/usr/bin/ld: /opt/ros/jazzy/lib/libresource_retriever.so: undefined reference to `curl_easy_init@CURL_OPENSSL_4'
/usr/bin/ld: /home/rob/miniforge3/lib/libssl.so.3: undefined reference to `BIO_sendmmsg@OPENSSL_3.2.0'
/usr/bin/ld: /home/rob/miniforge3/lib/libssl.so.3: undefined reference to `BIO_err_is_non_fatal@OPENSSL_3.2.0'
/usr/bin/ld: /home/rob/miniforge3/lib/libssl.so.3: undefined reference to `BIO_get_rpoll_descriptor@OPENSSL_3.2.0'
/usr/bin/ld: /home/rob/miniforge3/lib/libssl.so.3: undefined reference to `OSSL_ERR_STATE_free@OPENSSL_3.2.0'
/usr/bin/ld: /home/rob/miniforge3/lib/libssl.so.3: undefined reference to `OSSL_LIB_CTX_get_data@OPENSSL_3.4.0'
/usr/bin/ld: /home/rob/miniforge3/lib/libssl.so.3: undefined reference to `BIO_ADDR_copy@OPENSSL_3.2.0'
/usr/bin/ld: /home/rob/miniforge3/lib/libssl.so.3: undefined reference to `OSSL_STACK_OF_X509_free@OPENSSL_3.2.0'
/usr/bin/ld: /home/rob/miniforge3/lib/libssl.so.3: undefined reference to `OSSL_ERR_STATE_save_to_mark@OPENSSL_3.2.0'
/usr/bin/ld: /home/rob/miniforge3/lib/libssl.so.3: undefined reference to `OSSL_ERR_STATE_save@OPENSSL_3.2.0'
/usr/bin/ld: /home/rob/miniforge3/lib/libssl.so.3: undefined reference to `BIO_get_wpoll_descriptor@OPENSSL_3.2.0'
/usr/bin/ld: /home/rob/miniforge3/lib/libssl.so.3: undefined reference to `BIO_s_dgram_mem@OPENSSL_3.2.0'
/usr/bin/ld: /home/rob/miniforge3/lib/libssl.so.3: undefined reference to `CRYPTO_calloc@OPENSSL_3.6.0'
/usr/bin/ld: /home/rob/miniforge3/lib/libssl.so.3: undefined reference to `EVP_MD_CTX_get_size_ex@OPENSSL_3.4.0'
/usr/bin/ld: /opt/ros/jazzy/lib/libresource_retriever.so: undefined reference to `curl_easy_cleanup@CURL_OPENSSL_4'
/usr/bin/ld: /home/rob/miniforge3/lib/libssl.so.3: undefined reference to `OSSL_LIB_CTX_get_conf_diagnostics@OPENSSL_3.4.0'
/usr/bin/ld: /home/rob/miniforge3/lib/libssl.so.3: undefined reference to `CRYPTO_realloc_array@OPENSSL_3.6.0'
/usr/bin/ld: /home/rob/miniforge3/lib/libssl.so.3: undefined reference to `OSSL_ERR_STATE_new@OPENSSL_3.2.0'
/usr/bin/ld: /home/rob/miniforge3/lib/libssl.so.3: undefined reference to `ERR_count_to_mark@OPENSSL_3.2.0'
/usr/bin/ld: /home/rob/miniforge3/lib/libssl.so.3: undefined reference to `X509_STORE_CTX_set_ocsp_resp@OPENSSL_3.6.0'
/usr/bin/ld: /home/rob/miniforge3/lib/libssl.so.3: undefined reference to `X509_STORE_CTX_init_rpk@OPENSSL_3.2.0'
/usr/bin/ld: /opt/ros/jazzy/lib/libresource_retriever.so: undefined reference to `curl_global_cleanup@CURL_OPENSSL_4'
/usr/bin/ld: /home/rob/miniforge3/lib/libssl.so.3: undefined reference to `BIO_recvmmsg@OPENSSL_3.2.0'
/usr/bin/ld: /home/rob/miniforge3/lib/libssl.so.3: undefined reference to `CRYPTO_malloc_array@OPENSSL_3.6.0'
/usr/bin/ld: /opt/ros/jazzy/lib/libresource_retriever.so: undefined reference to `curl_global_init@CURL_OPENSSL_4'
/usr/bin/ld: /opt/ros/jazzy/lib/libresource_retriever.so: undefined reference to `curl_easy_perform@CURL_OPENSSL_4'
/usr/bin/ld: /home/rob/miniforge3/lib/libssl.so.3: undefined reference to `OSSL_sleep@OPENSSL_3.2.0'
/usr/bin/ld: /home/rob/miniforge3/lib/libssl.so.3: undefined reference to `OSSL_ERR_STATE_restore@OPENSSL_3.2.0'
/usr/bin/ld: /home/rob/miniforge3/lib/libssl.so.3: undefined reference to `OPENSSL_strtoul@OPENSSL_3.4.0'
/usr/bin/ld: /opt/ros/jazzy/lib/libresource_retriever.so: undefined reference to `curl_easy_setopt@CURL_OPENSSL_4'
/usr/bin/ld: /home/rob/miniforge3/lib/libssl.so.3: undefined reference to `OPENSSL_sk_set_thunks@OPENSSL_3.6.0'
/usr/bin/ld: /home/rob/miniforge3/lib/libssl.so.3: undefined reference to `OPENSSL_LH_set_thunks@OPENSSL_3.3.0'
/usr/bin/ld: /opt/ros/jazzy/lib/libresource_retriever.so: undefined reference to `curl_easy_init@CURL_OPENSSL_4'
/usr/bin/ld: /home/rob/miniforge3/lib/libssl.so.3: undefined reference to `BIO_sendmmsg@OPENSSL_3.2.0'
/usr/bin/ld: /home/rob/miniforge3/lib/libssl.so.3: undefined reference to `BIO_err_is_non_fatal@OPENSSL_3.2.0'
/usr/bin/ld: /home/rob/miniforge3/lib/libssl.so.3: undefined reference to `BIO_get_rpoll_descriptor@OPENSSL_3.2.0'
/usr/bin/ld: /home/rob/miniforge3/lib/libssl.so.3: undefined reference to `OSSL_ERR_STATE_free@OPENSSL_3.2.0'
/usr/bin/ld: /home/rob/miniforge3/lib/libssl.so.3: undefined reference to `OSSL_LIB_CTX_get_data@OPENSSL_3.4.0'
/usr/bin/ld: /home/rob/miniforge3/lib/libssl.so.3: undefined reference to `BIO_ADDR_copy@OPENSSL_3.2.0'
/usr/bin/ld: /home/rob/miniforge3/lib/libssl.so.3: undefined reference to `X509_STORE_CTX_init_rpk@OPENSSL_3.2.0'
/usr/bin/ld: /home/rob/miniforge3/lib/libssl.so.3: undefined reference to `BIO_recvmmsg@OPENSSL_3.2.0'
/usr/bin/ld: /home/rob/miniforge3/lib/libssl.so.3: undefined reference to `OSSL_STACK_OF_X509_free@OPENSSL_3.2.0'
/usr/bin/ld: /home/rob/miniforge3/lib/libssl.so.3: undefined reference to `CRYPTO_malloc_array@OPENSSL_3.6.0'
/usr/bin/ld: /opt/ros/jazzy/lib/libresource_retriever.so: undefined reference to `curl_global_init@CURL_OPENSSL_4'
/usr/bin/ld: /home/rob/miniforge3/lib/libssl.so.3: undefined reference to `OSSL_ERR_STATE_save_to_mark@OPENSSL_3.2.0'
/usr/bin/ld: /home/rob/miniforge3/lib/libssl.so.3: undefined reference to `OSSL_ERR_STATE_save@OPENSSL_3.2.0'
/usr/bin/ld: /opt/ros/jazzy/lib/libresource_retriever.so: undefined reference to `curl_easy_perform@CURL_OPENSSL_4'
/usr/bin/ld: /home/rob/miniforge3/lib/libssl.so.3: undefined reference to `OSSL_sleep@OPENSSL_3.2.0'
/usr/bin/ld: /home/rob/miniforge3/lib/libssl.so.3: undefined reference to `BIO_get_wpoll_descriptor@OPENSSL_3.2.0'
/usr/bin/ld: /home/rob/miniforge3/lib/libssl.so.3: undefined reference to `BIO_s_dgram_mem@OPENSSL_3.2.0'
/usr/bin/ld: /home/rob/miniforge3/lib/libssl.so.3: undefined reference to `CRYPTO_calloc@OPENSSL_3.6.0'
/usr/bin/ld: /home/rob/miniforge3/lib/libssl.so.3: undefined reference to `OSSL_ERR_STATE_restore@OPENSSL_3.2.0'
/usr/bin/ld: /home/rob/miniforge3/lib/libssl.so.3: undefined reference to `EVP_MD_CTX_get_size_ex@OPENSSL_3.4.0'
/usr/bin/ld: /home/rob/miniforge3/lib/libssl.so.3: undefined reference to `OPENSSL_strtoul@OPENSSL_3.4.0'
/usr/bin/ld: /opt/ros/jazzy/lib/libresource_retriever.so: undefined reference to `curl_easy_cleanup@CURL_OPENSSL_4'
collect2: error: ld returned 1 exit status
/usr/bin/ld: /opt/ros/jazzy/lib/libresource_retriever.so: undefined reference to `curl_easy_setopt@CURL_OPENSSL_4'
/usr/bin/ld: /home/rob/miniforge3/lib/libssl.so.3: undefined reference to `OSSL_LIB_CTX_get_conf_diagnostics@OPENSSL_3.4.0'
/usr/bin/ld: /home/rob/miniforge3/lib/libssl.so.3: undefined reference to `OPENSSL_sk_set_thunks@OPENSSL_3.6.0'
/usr/bin/ld: /home/rob/miniforge3/lib/libssl.so.3: undefined reference to `OPENSSL_LH_set_thunks@OPENSSL_3.3.0'
/usr/bin/ld: /opt/ros/jazzy/lib/libresource_retriever.so: undefined reference to `curl_easy_init@CURL_OPENSSL_4'
/usr/bin/ld: /home/rob/miniforge3/lib/libssl.so.3: undefined reference to `CRYPTO_realloc_array@OPENSSL_3.6.0'
/usr/bin/ld: /home/rob/miniforge3/lib/libssl.so.3: undefined reference to `BIO_sendmmsg@OPENSSL_3.2.0'
/usr/bin/ld: /home/rob/miniforge3/lib/libssl.so.3: undefined reference to `OSSL_ERR_STATE_new@OPENSSL_3.2.0'
/usr/bin/ld: /home/rob/miniforge3/lib/libssl.so.3: undefined reference to `BIO_err_is_non_fatal@OPENSSL_3.2.0'
/usr/bin/ld: /home/rob/miniforge3/lib/libssl.so.3: undefined reference to `ERR_count_to_mark@OPENSSL_3.2.0'
/usr/bin/ld: /home/rob/miniforge3/lib/libssl.so.3: undefined reference to `BIO_get_rpoll_descriptor@OPENSSL_3.2.0'
/usr/bin/ld: /home/rob/miniforge3/lib/libssl.so.3: undefined reference to `X509_STORE_CTX_set_ocsp_resp@OPENSSL_3.6.0'
/usr/bin/ld: /home/rob/miniforge3/lib/libssl.so.3: undefined reference to `OSSL_ERR_STATE_free@OPENSSL_3.2.0'
/usr/bin/ld: /home/rob/miniforge3/lib/libssl.so.3: undefined reference to `OSSL_LIB_CTX_get_data@OPENSSL_3.4.0'
/usr/bin/ld: /opt/ros/jazzy/lib/libresource_retriever.so: undefined reference to `curl_global_cleanup@CURL_OPENSSL_4'
/usr/bin/ld: /home/rob/miniforge3/lib/libssl.so.3: undefined reference to `BIO_ADDR_copy@OPENSSL_3.2.0'
/usr/bin/ld: /home/rob/miniforge3/lib/libssl.so.3: undefined reference to `OSSL_STACK_OF_X509_free@OPENSSL_3.2.0'
gmake[2]: *** [CMakeFiles/test_xarm_planner_api_joint.dir/build.make:376: test_xarm_planner_api_joint] Error 1
/usr/bin/ld: /home/rob/miniforge3/lib/libssl.so.3: undefined reference to `OSSL_ERR_STATE_save_to_mark@OPENSSL_3.2.0'
/usr/bin/ld: /home/rob/miniforge3/lib/libssl.so.3: undefined reference to `OSSL_ERR_STATE_save@OPENSSL_3.2.0'
gmake[1]: *** [CMakeFiles/Makefile2:235: CMakeFiles/test_xarm_planner_api_joint.dir/all] Error 2
gmake[1]: *** Waiting for unfinished jobs....
/usr/bin/ld: /home/rob/miniforge3/lib/libssl.so.3: undefined reference to `BIO_get_wpoll_descriptor@OPENSSL_3.2.0'
/usr/bin/ld: /home/rob/miniforge3/lib/libssl.so.3: undefined reference to `BIO_s_dgram_mem@OPENSSL_3.2.0'
/usr/bin/ld: /home/rob/miniforge3/lib/libssl.so.3: undefined reference to `CRYPTO_calloc@OPENSSL_3.6.0'
/usr/bin/ld: /home/rob/miniforge3/lib/libssl.so.3: undefined reference to `EVP_MD_CTX_get_size_ex@OPENSSL_3.4.0'
/usr/bin/ld: /opt/ros/jazzy/lib/libresource_retriever.so: undefined reference to `curl_easy_cleanup@CURL_OPENSSL_4'
/usr/bin/ld: /home/rob/miniforge3/lib/libssl.so.3: undefined reference to `OSSL_LIB_CTX_get_conf_diagnostics@OPENSSL_3.4.0'
/usr/bin/ld: /home/rob/miniforge3/lib/libssl.so.3: undefined reference to `CRYPTO_realloc_array@OPENSSL_3.6.0'
/usr/bin/ld: /home/rob/miniforge3/lib/libssl.so.3: undefined reference to `OSSL_ERR_STATE_new@OPENSSL_3.2.0'
/usr/bin/ld: /home/rob/miniforge3/lib/libssl.so.3: undefined reference to `ERR_count_to_mark@OPENSSL_3.2.0'
/usr/bin/ld: /home/rob/miniforge3/lib/libssl.so.3: undefined reference to `X509_STORE_CTX_set_ocsp_resp@OPENSSL_3.6.0'
/usr/bin/ld: /opt/ros/jazzy/lib/libresource_retriever.so: undefined reference to `curl_global_cleanup@CURL_OPENSSL_4'
collect2: error: ld returned 1 exit status
gmake[2]: *** [CMakeFiles/test_xarm_gripper_planner_api_joint.dir/build.make:376: test_xarm_gripper_planner_api_joint] Error 1
gmake[1]: *** [CMakeFiles/Makefile2:313: CMakeFiles/test_xarm_gripper_planner_api_joint.dir/all] Error 2
collect2: error: ld returned 1 exit status
gmake[2]: *** [CMakeFiles/test_xarm_planner_api_pose.dir/build.make:376: test_xarm_planner_api_pose] Error 1
gmake[1]: *** [CMakeFiles/Makefile2:287: CMakeFiles/test_xarm_planner_api_pose.dir/all] Error 2
[ 90%] [32m[1mLinking CXX executable test_dual_xarm_planner_api_joint[0m
[ 95%] [32m[1mLinking CXX executable xarm_gripper_planner_node[0m
/usr/bin/ld: /home/rob/miniforge3/lib/libssl.so.3: undefined reference to `X509_STORE_CTX_init_rpk@OPENSSL_3.2.0'
/usr/bin/ld: /home/rob/miniforge3/lib/libssl.so.3: undefined reference to `BIO_recvmmsg@OPENSSL_3.2.0'
/usr/bin/ld: /home/rob/miniforge3/lib/libssl.so.3: undefined reference to `CRYPTO_malloc_array@OPENSSL_3.6.0'
/usr/bin/ld: /opt/ros/jazzy/lib/libresource_retriever.so: undefined reference to `curl_global_init@CURL_OPENSSL_4'
/usr/bin/ld: /opt/ros/jazzy/lib/libresource_retriever.so: undefined reference to `curl_easy_perform@CURL_OPENSSL_4'
/usr/bin/ld: /home/rob/miniforge3/lib/libssl.so.3: undefined reference to `OSSL_sleep@OPENSSL_3.2.0'
/usr/bin/ld: /home/rob/miniforge3/lib/libssl.so.3: undefined reference to `OSSL_ERR_STATE_restore@OPENSSL_3.2.0'
/usr/bin/ld: /home/rob/miniforge3/lib/libssl.so.3: undefined reference to `OPENSSL_strtoul@OPENSSL_3.4.0'
/usr/bin/ld: /opt/ros/jazzy/lib/libresource_retriever.so: undefined reference to `curl_easy_setopt@CURL_OPENSSL_4'
/usr/bin/ld: /home/rob/miniforge3/lib/libssl.so.3: undefined reference to `OPENSSL_sk_set_thunks@OPENSSL_3.6.0'
/usr/bin/ld: /home/rob/miniforge3/lib/libssl.so.3: undefined reference to `OPENSSL_LH_set_thunks@OPENSSL_3.3.0'
/usr/bin/ld: /opt/ros/jazzy/lib/libresource_retriever.so: undefined reference to `curl_easy_init@CURL_OPENSSL_4'
/usr/bin/ld: /home/rob/miniforge3/lib/libssl.so.3: undefined reference to `BIO_sendmmsg@OPENSSL_3.2.0'
/usr/bin/ld: /home/rob/miniforge3/lib/libssl.so.3: undefined reference to `BIO_err_is_non_fatal@OPENSSL_3.2.0'
/usr/bin/ld: /home/rob/miniforge3/lib/libssl.so.3: undefined reference to `BIO_get_rpoll_descriptor@OPENSSL_3.2.0'
/usr/bin/ld: /home/rob/miniforge3/lib/libssl.so.3: undefined reference to `OSSL_ERR_STATE_free@OPENSSL_3.2.0'
/usr/bin/ld: /home/rob/miniforge3/lib/libssl.so.3: undefined reference to `OSSL_LIB_CTX_get_data@OPENSSL_3.4.0'
/usr/bin/ld: /home/rob/miniforge3/lib/libssl.so.3: undefined reference to `BIO_ADDR_copy@OPENSSL_3.2.0'
/usr/bin/ld: /home/rob/miniforge3/lib/libssl.so.3: undefined reference to `OSSL_STACK_OF_X509_free@OPENSSL_3.2.0'
/usr/bin/ld: /home/rob/miniforge3/lib/libssl.so.3: undefined reference to `OSSL_ERR_STATE_save_to_mark@OPENSSL_3.2.0'
/usr/bin/ld: /home/rob/miniforge3/lib/libssl.so.3: undefined reference to `OSSL_ERR_STATE_save@OPENSSL_3.2.0'
/usr/bin/ld: /home/rob/miniforge3/lib/libssl.so.3: undefined reference to `BIO_get_wpoll_descriptor@OPENSSL_3.2.0'
/usr/bin/ld: /home/rob/miniforge3/lib/libssl.so.3: undefined reference to `BIO_s_dgram_mem@OPENSSL_3.2.0'
/usr/bin/ld: /home/rob/miniforge3/lib/libssl.so.3: undefined reference to `CRYPTO_calloc@OPENSSL_3.6.0'
/usr/bin/ld: /home/rob/miniforge3/lib/libssl.so.3: undefined reference to `EVP_MD_CTX_get_size_ex@OPENSSL_3.4.0'
/usr/bin/ld: /opt/ros/jazzy/lib/libresource_retriever.so: undefined reference to `curl_easy_cleanup@CURL_OPENSSL_4'
/usr/bin/ld: /home/rob/miniforge3/lib/libssl.so.3: undefined reference to `OSSL_LIB_CTX_get_conf_diagnostics@OPENSSL_3.4.0'
/usr/bin/ld: /home/rob/miniforge3/lib/libssl.so.3: undefined reference to `CRYPTO_realloc_array@OPENSSL_3.6.0'
/usr/bin/ld: /home/rob/miniforge3/lib/libssl.so.3: undefined reference to `OSSL_ERR_STATE_new@OPENSSL_3.2.0'
/usr/bin/ld: /home/rob/miniforge3/lib/libssl.so.3: undefined reference to `ERR_count_to_mark@OPENSSL_3.2.0'
/usr/bin/ld: /home/rob/miniforge3/lib/libssl.so.3: undefined reference to `X509_STORE_CTX_set_ocsp_resp@OPENSSL_3.6.0'
/usr/bin/ld: /opt/ros/jazzy/lib/libresource_retriever.so: undefined reference to `curl_global_cleanup@CURL_OPENSSL_4'
collect2: error: ld returned 1 exit status
gmake[2]: *** [CMakeFiles/test_dual_xarm_planner_api_joint.dir/build.make:376: test_dual_xarm_planner_api_joint] Error 1
gmake[1]: *** [CMakeFiles/Makefile2:261: CMakeFiles/test_dual_xarm_planner_api_joint.dir/all] Error 2
/usr/bin/ld: /home/rob/miniforge3/lib/libssl.so.3: undefined reference to `X509_STORE_CTX_init_rpk@OPENSSL_3.2.0'
/usr/bin/ld: /home/rob/miniforge3/lib/libssl.so.3: undefined reference to `BIO_recvmmsg@OPENSSL_3.2.0'
/usr/bin/ld: /home/rob/miniforge3/lib/libssl.so.3: undefined reference to `CRYPTO_malloc_array@OPENSSL_3.6.0'
/usr/bin/ld: /opt/ros/jazzy/lib/libresource_retriever.so: undefined reference to `curl_global_init@CURL_OPENSSL_4'
/usr/bin/ld: /opt/ros/jazzy/lib/libresource_retriever.so: undefined reference to `curl_easy_perform@CURL_OPENSSL_4'
/usr/bin/ld: /home/rob/miniforge3/lib/libssl.so.3: undefined reference to `OSSL_sleep@OPENSSL_3.2.0'
/usr/bin/ld: /home/rob/miniforge3/lib/libssl.so.3: undefined reference to `OSSL_ERR_STATE_restore@OPENSSL_3.2.0'
/usr/bin/ld: /home/rob/miniforge3/lib/libssl.so.3: undefined reference to `OPENSSL_strtoul@OPENSSL_3.4.0'
/usr/bin/ld: /opt/ros/jazzy/lib/libresource_retriever.so: undefined reference to `curl_easy_setopt@CURL_OPENSSL_4'
/usr/bin/ld: /home/rob/miniforge3/lib/libssl.so.3: undefined reference to `OPENSSL_sk_set_thunks@OPENSSL_3.6.0'
/usr/bin/ld: /home/rob/miniforge3/lib/libssl.so.3: undefined reference to `OPENSSL_LH_set_thunks@OPENSSL_3.3.0'
/usr/bin/ld: /opt/ros/jazzy/lib/libresource_retriever.so: undefined reference to `curl_easy_init@CURL_OPENSSL_4'
/usr/bin/ld: /home/rob/miniforge3/lib/libssl.so.3: undefined reference to `BIO_sendmmsg@OPENSSL_3.2.0'
/usr/bin/ld: /home/rob/miniforge3/lib/libssl.so.3: undefined reference to `BIO_err_is_non_fatal@OPENSSL_3.2.0'
/usr/bin/ld: /home/rob/miniforge3/lib/libssl.so.3: undefined reference to `BIO_get_rpoll_descriptor@OPENSSL_3.2.0'
/usr/bin/ld: /home/rob/miniforge3/lib/libssl.so.3: undefined reference to `OSSL_ERR_STATE_free@OPENSSL_3.2.0'
/usr/bin/ld: /home/rob/miniforge3/lib/libssl.so.3: undefined reference to `OSSL_LIB_CTX_get_data@OPENSSL_3.4.0'
/usr/bin/ld: /home/rob/miniforge3/lib/libssl.so.3: undefined reference to `BIO_ADDR_copy@OPENSSL_3.2.0'
/usr/bin/ld: /home/rob/miniforge3/lib/libssl.so.3: undefined reference to `OSSL_STACK_OF_X509_free@OPENSSL_3.2.0'
/usr/bin/ld: /home/rob/miniforge3/lib/libssl.so.3: undefined reference to `OSSL_ERR_STATE_save_to_mark@OPENSSL_3.2.0'
/usr/bin/ld: /home/rob/miniforge3/lib/libssl.so.3: undefined reference to `OSSL_ERR_STATE_save@OPENSSL_3.2.0'
/usr/bin/ld: /home/rob/miniforge3/lib/libssl.so.3: undefined reference to `BIO_get_wpoll_descriptor@OPENSSL_3.2.0'
/usr/bin/ld: /home/rob/miniforge3/lib/libssl.so.3: undefined reference to `BIO_s_dgram_mem@OPENSSL_3.2.0'
/usr/bin/ld: /home/rob/miniforge3/lib/libssl.so.3: undefined reference to `CRYPTO_calloc@OPENSSL_3.6.0'
/usr/bin/ld: /home/rob/miniforge3/lib/libssl.so.3: undefined reference to `EVP_MD_CTX_get_size_ex@OPENSSL_3.4.0'
/usr/bin/ld: /opt/ros/jazzy/lib/libresource_retriever.so: undefined reference to `curl_easy_cleanup@CURL_OPENSSL_4'
/usr/bin/ld: /home/rob/miniforge3/lib/libssl.so.3: undefined reference to `OSSL_LIB_CTX_get_conf_diagnostics@OPENSSL_3.4.0'
/usr/bin/ld: /home/rob/miniforge3/lib/libssl.so.3: undefined reference to `CRYPTO_realloc_array@OPENSSL_3.6.0'
/usr/bin/ld: /home/rob/miniforge3/lib/libssl.so.3: undefined reference to `OSSL_ERR_STATE_new@OPENSSL_3.2.0'
/usr/bin/ld: /home/rob/miniforge3/lib/libssl.so.3: undefined reference to `ERR_count_to_mark@OPENSSL_3.2.0'
/usr/bin/ld: /home/rob/miniforge3/lib/libssl.so.3: undefined reference to `X509_STORE_CTX_set_ocsp_resp@OPENSSL_3.6.0'
/usr/bin/ld: /opt/ros/jazzy/lib/libresource_retriever.so: undefined reference to `curl_global_cleanup@CURL_OPENSSL_4'
collect2: error: ld returned 1 exit status
gmake[2]: *** [CMakeFiles/xarm_gripper_planner_node.dir/build.make:376: xarm_gripper_planner_node] Error 1
gmake[1]: *** [CMakeFiles/Makefile2:209: CMakeFiles/xarm_gripper_planner_node.dir/all] Error 2
[100%] [32m[1mLinking CXX executable xarm_planner_node[0m
/usr/bin/ld: /home/rob/miniforge3/lib/libssl.so.3: undefined reference to `X509_STORE_CTX_init_rpk@OPENSSL_3.2.0'
/usr/bin/ld: /home/rob/miniforge3/lib/libssl.so.3: undefined reference to `BIO_recvmmsg@OPENSSL_3.2.0'
/usr/bin/ld: /home/rob/miniforge3/lib/libssl.so.3: undefined reference to `CRYPTO_malloc_array@OPENSSL_3.6.0'
/usr/bin/ld: /opt/ros/jazzy/lib/libresource_retriever.so: undefined reference to `curl_global_init@CURL_OPENSSL_4'
/usr/bin/ld: /opt/ros/jazzy/lib/libresource_retriever.so: undefined reference to `curl_easy_perform@CURL_OPENSSL_4'
/usr/bin/ld: /home/rob/miniforge3/lib/libssl.so.3: undefined reference to `OSSL_sleep@OPENSSL_3.2.0'
/usr/bin/ld: /home/rob/miniforge3/lib/libssl.so.3: undefined reference to `OSSL_ERR_STATE_restore@OPENSSL_3.2.0'
/usr/bin/ld: /home/rob/miniforge3/lib/libssl.so.3: undefined reference to `OPENSSL_strtoul@OPENSSL_3.4.0'
/usr/bin/ld: /opt/ros/jazzy/lib/libresource_retriever.so: undefined reference to `curl_easy_setopt@CURL_OPENSSL_4'
/usr/bin/ld: /home/rob/miniforge3/lib/libssl.so.3: undefined reference to `OPENSSL_sk_set_thunks@OPENSSL_3.6.0'
/usr/bin/ld: /home/rob/miniforge3/lib/libssl.so.3: undefined reference to `OPENSSL_LH_set_thunks@OPENSSL_3.3.0'
/usr/bin/ld: /opt/ros/jazzy/lib/libresource_retriever.so: undefined reference to `curl_easy_init@CURL_OPENSSL_4'
/usr/bin/ld: /home/rob/miniforge3/lib/libssl.so.3: undefined reference to `BIO_sendmmsg@OPENSSL_3.2.0'
/usr/bin/ld: /home/rob/miniforge3/lib/libssl.so.3: undefined reference to `BIO_err_is_non_fatal@OPENSSL_3.2.0'
/usr/bin/ld: /home/rob/miniforge3/lib/libssl.so.3: undefined reference to `BIO_get_rpoll_descriptor@OPENSSL_3.2.0'
/usr/bin/ld: /home/rob/miniforge3/lib/libssl.so.3: undefined reference to `OSSL_ERR_STATE_free@OPENSSL_3.2.0'
/usr/bin/ld: /home/rob/miniforge3/lib/libssl.so.3: undefined reference to `OSSL_LIB_CTX_get_data@OPENSSL_3.4.0'
/usr/bin/ld: /home/rob/miniforge3/lib/libssl.so.3: undefined reference to `BIO_ADDR_copy@OPENSSL_3.2.0'
/usr/bin/ld: /home/rob/miniforge3/lib/libssl.so.3: undefined reference to `OSSL_STACK_OF_X509_free@OPENSSL_3.2.0'
/usr/bin/ld: /home/rob/miniforge3/lib/libssl.so.3: undefined reference to `OSSL_ERR_STATE_save_to_mark@OPENSSL_3.2.0'
/usr/bin/ld: /home/rob/miniforge3/lib/libssl.so.3: undefined reference to `OSSL_ERR_STATE_save@OPENSSL_3.2.0'
/usr/bin/ld: /home/rob/miniforge3/lib/libssl.so.3: undefined reference to `BIO_get_wpoll_descriptor@OPENSSL_3.2.0'
/usr/bin/ld: /home/rob/miniforge3/lib/libssl.so.3: undefined reference to `BIO_s_dgram_mem@OPENSSL_3.2.0'
/usr/bin/ld: /home/rob/miniforge3/lib/libssl.so.3: undefined reference to `CRYPTO_calloc@OPENSSL_3.6.0'
/usr/bin/ld: /home/rob/miniforge3/lib/libssl.so.3: undefined reference to `EVP_MD_CTX_get_size_ex@OPENSSL_3.4.0'
/usr/bin/ld: /opt/ros/jazzy/lib/libresource_retriever.so: undefined reference to `curl_easy_cleanup@CURL_OPENSSL_4'
/usr/bin/ld: /home/rob/miniforge3/lib/libssl.so.3: undefined reference to `OSSL_LIB_CTX_get_conf_diagnostics@OPENSSL_3.4.0'
/usr/bin/ld: /home/rob/miniforge3/lib/libssl.so.3: undefined reference to `CRYPTO_realloc_array@OPENSSL_3.6.0'
/usr/bin/ld: /home/rob/miniforge3/lib/libssl.so.3: undefined reference to `OSSL_ERR_STATE_new@OPENSSL_3.2.0'
/usr/bin/ld: /home/rob/miniforge3/lib/libssl.so.3: undefined reference to `ERR_count_to_mark@OPENSSL_3.2.0'
/usr/bin/ld: /home/rob/miniforge3/lib/libssl.so.3: undefined reference to `X509_STORE_CTX_set_ocsp_resp@OPENSSL_3.6.0'
/usr/bin/ld: /opt/ros/jazzy/lib/libresource_retriever.so: undefined reference to `curl_global_cleanup@CURL_OPENSSL_4'
collect2: error: ld returned 1 exit status
gmake[2]: *** [CMakeFiles/xarm_planner_node.dir/build.make:376: xarm_planner_node] Error 1
gmake[1]: *** [CMakeFiles/Makefile2:183: CMakeFiles/xarm_planner_node.dir/all] Error 2
gmake: *** [Makefile:146: all] Error 2
