[0.041s] Invoking command in '/home/rob/project/csci5551-s26-team-pointbot/build/xarm_planner': CMAKE_PREFIX_PATH=${CMAKE_PREFIX_PATH}:/opt/ros/jazzy CONDA_PROMPT_MODIFIER=(base) DEBUGINFOD_URLS=https://debuginfod.ubuntu.com LD_LIBRARY_PATH=/home/rob/project/csci5551-s26-team-pointbot/install/lib:/opt/ros/jazzy/opt/sdformat_vendor/lib:/opt/ros/jazzy/opt/rviz_ogre_vendor/lib:/opt/ros/jazzy/lib/x86_64-linux-gnu:/opt/ros/jazzy/opt/gz_math_vendor/lib:/opt/ros/jazzy/opt/gz_utils_vendor/lib:/opt/ros/jazzy/opt/gz_tools_vendor/lib:/opt/ros/jazzy/opt/gz_cmake_vendor/lib:/opt/ros/jazzy/lib:/usr/local/cuda-12.8/lib64’ PYTHONPATH=/home/rob/project/csci5551-s26-team-pointbot/install/lib/python3.12/site-packages:/home/rob/project/csci5551-s26-team-pointbot/install/lib/python3.13/site-packages:/opt/ros/jazzy/lib/python3.12/site-packages:/home/rob/robotics5551:/home/rob/robotics5551 /usr/bin/cmake /home/rob/project/csci5551-s26-team-pointbot/src/xarm_ros2/xarm_planner -DCMAKE_INSTALL_PREFIX=/home/rob/project/csci5551-s26-team-pointbot/install
[0.147s] -- The C compiler identification is GNU 13.3.0
[0.220s] -- The CXX compiler identification is GNU 13.3.0
[0.245s] -- Detecting C compiler ABI info
[0.353s] -- Detecting C compiler ABI info - done
[0.362s] -- Check for working C compiler: /usr/bin/cc - skipped
[0.362s] -- Detecting C compile features
[0.362s] -- Detecting C compile features - done
[0.372s] -- Detecting CXX compiler ABI info
[0.490s] -- Detecting CXX compiler ABI info - done
[0.506s] -- Check for working CXX compiler: /usr/bin/c++ - skipped
[0.506s] -- Detecting CXX compile features
[0.507s] -- Detecting CXX compile features - done
[0.512s] -- Found ament_cmake: 2.5.5 (/opt/ros/jazzy/share/ament_cmake/cmake)
[0.666s] -- Found Python3: /home/rob/miniforge3/bin/python3 (found version "3.13.12") found components: Interpreter 
[0.804s] -- Found moveit: 2.12.4 (/opt/ros/jazzy/share/moveit/cmake)
[0.808s] -- Found moveit_ros_planning_interface: 2.12.4 (/opt/ros/jazzy/share/moveit_ros_planning_interface/cmake)
[0.971s] -- Found Boost: /usr/lib/x86_64-linux-gnu/cmake/Boost-1.83.0/BoostConfig.cmake (found version "1.83.0") found components: date_time filesystem program_options system thread 
[1.012s] -- Found rosidl_generator_c: 4.6.7 (/opt/ros/jazzy/share/rosidl_generator_c/cmake)
[1.021s] -- Found rosidl_generator_cpp: 4.6.7 (/opt/ros/jazzy/share/rosidl_generator_cpp/cmake)
[1.033s] -- Using all available rosidl_typesupport_c: rosidl_typesupport_fastrtps_c;rosidl_typesupport_introspection_c
[1.051s] -- Using all available rosidl_typesupport_cpp: rosidl_typesupport_fastrtps_cpp;rosidl_typesupport_introspection_cpp
[1.235s] -- Found Boost: /usr/lib/x86_64-linux-gnu/cmake/Boost-1.83.0/BoostConfig.cmake (found version "1.83.0") found components: chrono date_time filesystem iostreams program_options regex serialization system thread 
[1.270s] -- Found parameter_traits: 0.6.0 (/opt/ros/jazzy/share/parameter_traits/cmake)
[1.298s] -- Found rmw_implementation_cmake: 7.3.3 (/opt/ros/jazzy/share/rmw_implementation_cmake/cmake)
[1.299s] -- Found rmw_fastrtps_cpp: 8.4.3 (/opt/ros/jazzy/share/rmw_fastrtps_cpp/cmake)
[1.398s] -- Found OpenSSL: /usr/lib/x86_64-linux-gnu/libcrypto.so (found version "3.0.13")  
[1.429s] -- Found FastRTPS: /opt/ros/jazzy/include (Required is at least version "2.13") 
[1.470s] -- Using RMW implementation 'rmw_fastrtps_cpp' as default
[1.549s] -- Found rclcpp_lifecycle: 28.1.16 (/opt/ros/jazzy/share/rclcpp_lifecycle/cmake)
[1.570s] -- Found Boost: /usr/lib/x86_64-linux-gnu/cmake/Boost-1.83.0/BoostConfig.cmake (found version "1.83.0") found components: filesystem 
[1.605s] -- Found Eigen3: TRUE (found version "3.4.0") 
[1.605s] -- Ensuring Eigen3 include directory is part of orocos-kdl CMake target
[1.692s] -- Found Boost: /usr/lib/x86_64-linux-gnu/cmake/Boost-1.83.0/BoostConfig.cmake (found version "1.83.0") found components: system filesystem date_time program_options thread chrono 
[1.721s] -- Found Boost: /usr/lib/x86_64-linux-gnu/cmake/Boost-1.83.0/BoostConfig.cmake (found version "1.83.0") found components: thread system filesystem regex date_time program_options 
[1.736s] -- Found Boost: /usr/lib/x86_64-linux-gnu/cmake/Boost-1.83.0/BoostConfig.cmake (found version "1.83.0") found components: system filesystem date_time program_options thread 
[1.758s] -- Found xarm_msgs: 0.0.0 (/home/rob/project/csci5551-s26-team-pointbot/install/share/xarm_msgs/cmake)
[1.805s] -- Found ament_lint_auto: 0.17.4 (/opt/ros/jazzy/share/ament_lint_auto/cmake)
[1.927s] -- Added test 'copyright' to check source files copyright and LICENSE
[1.929s] -- Added test 'cppcheck' to perform static code analysis on C / C++ code
[1.929s] -- Configured cppcheck include dirs: /home/rob/project/csci5551-s26-team-pointbot/src/xarm_ros2/xarm_planner/include
[1.929s] -- Configured cppcheck exclude dirs and/or files: 
[1.930s] -- Added test 'cpplint' to check C / C++ code against the Google style
[1.930s] -- Configured cpplint exclude dirs and/or files: 
[1.931s] -- Added test 'flake8' to check Python code syntax and style conventions
[1.931s] -- Configured 'flake8' exclude dirs and/or files: 
[1.931s] -- Added test 'lint_cmake' to check CMake code style
[1.932s] -- Added test 'pep257' to check Python code against some of the docstring style conventions in PEP 257
[1.932s] -- Added test 'uncrustify' to check C / C++ code style
[1.933s] -- Configured uncrustify additional arguments: 
[1.933s] -- Added test 'xmllint' to check XML markup files
[1.933s] -- Configuring done (1.9s)
[1.957s] [33mCMake Warning at CMakeLists.txt:42 (add_library):
[1.957s]   Cannot generate a safe runtime search path for target xarm_planner because
[1.957s]   files in some directories may conflict with libraries in implicit
[1.957s]   directories:
[1.957s] 
[1.958s]     runtime library [libcrypto.so.3] in /usr/lib/x86_64-linux-gnu may be hidden by files in:
[1.958s]       /home/rob/miniforge3/lib
[1.958s] 
[1.958s]   Some of these libraries may not be found correctly.
[1.958s] 
[1.958s] [0m
[1.962s] [33mCMake Warning at CMakeLists.txt:50 (add_executable):
[1.963s]   Cannot generate a safe runtime search path for target xarm_planner_node
[1.963s]   because files in some directories may conflict with libraries in implicit
[1.963s]   directories:
[1.963s] 
[1.963s]     runtime library [libcrypto.so.3] in /usr/lib/x86_64-linux-gnu may be hidden by files in:
[1.963s]       /home/rob/miniforge3/lib
[1.964s] 
[1.964s]   Some of these libraries may not be found correctly.
[1.964s] 
[1.964s] [0m
[1.967s] [33mCMake Warning at CMakeLists.txt:59 (add_executable):
[1.968s]   Cannot generate a safe runtime search path for target
[1.968s]   xarm_gripper_planner_node because files in some directories may conflict
[1.968s]   with libraries in implicit directories:
[1.968s] 
[1.968s]     runtime library [libcrypto.so.3] in /usr/lib/x86_64-linux-gnu may be hidden by files in:
[1.968s]       /home/rob/miniforge3/lib
[1.968s] 
[1.969s]   Some of these libraries may not be found correctly.
[1.969s] 
[1.969s] [0m
[1.973s] [33mCMake Warning at CMakeLists.txt:68 (add_executable):
[1.973s]   Cannot generate a safe runtime search path for target
[1.973s]   test_xarm_planner_api_joint because files in some directories may conflict
[1.973s]   with libraries in implicit directories:
[1.973s] 
[1.974s]     runtime library [libcrypto.so.3] in /usr/lib/x86_64-linux-gnu may be hidden by files in:
[1.974s]       /home/rob/miniforge3/lib
[1.974s] 
[1.974s]   Some of these libraries may not be found correctly.
[1.974s] 
[1.974s] [0m
[1.978s] [33mCMake Warning at CMakeLists.txt:77 (add_executable):
[1.978s]   Cannot generate a safe runtime search path for target
[1.979s]   test_dual_xarm_planner_api_joint because files in some directories may
[1.979s]   conflict with libraries in implicit directories:
[1.979s] 
[1.979s]     runtime library [libcrypto.so.3] in /usr/lib/x86_64-linux-gnu may be hidden by files in:
[1.979s]       /home/rob/miniforge3/lib
[1.979s] 
[1.979s]   Some of these libraries may not be found correctly.
[1.980s] 
[1.980s] [0m
[1.983s] [33mCMake Warning at CMakeLists.txt:86 (add_executable):
[1.983s]   Cannot generate a safe runtime search path for target
[1.984s]   test_xarm_planner_api_pose because files in some directories may conflict
[1.984s]   with libraries in implicit directories:
[1.984s] 
[1.984s]     runtime library [libcrypto.so.3] in /usr/lib/x86_64-linux-gnu may be hidden by files in:
[1.984s]       /home/rob/miniforge3/lib
[1.984s] 
[1.984s]   Some of these libraries may not be found correctly.
[1.985s] 
[1.985s] [0m
[1.988s] [33mCMake Warning at CMakeLists.txt:95 (add_executable):
[1.988s]   Cannot generate a safe runtime search path for target
[1.989s]   test_xarm_gripper_planner_api_joint because files in some directories may
[1.989s]   conflict with libraries in implicit directories:
[1.989s] 
[1.989s]     runtime library [libcrypto.so.3] in /usr/lib/x86_64-linux-gnu may be hidden by files in:
[1.989s]       /home/rob/miniforge3/lib
[1.989s] 
[1.990s]   Some of these libraries may not be found correctly.
[1.990s] 
[1.990s] [0m
[1.999s] -- Generating done (0.0s)
[2.015s] -- Build files have been written to: /home/rob/project/csci5551-s26-team-pointbot/build/xarm_planner
[2.031s] Invoked command in '/home/rob/project/csci5551-s26-team-pointbot/build/xarm_planner' returned '0': CMAKE_PREFIX_PATH=${CMAKE_PREFIX_PATH}:/opt/ros/jazzy CONDA_PROMPT_MODIFIER=(base) DEBUGINFOD_URLS=https://debuginfod.ubuntu.com LD_LIBRARY_PATH=/home/rob/project/csci5551-s26-team-pointbot/install/lib:/opt/ros/jazzy/opt/sdformat_vendor/lib:/opt/ros/jazzy/opt/rviz_ogre_vendor/lib:/opt/ros/jazzy/lib/x86_64-linux-gnu:/opt/ros/jazzy/opt/gz_math_vendor/lib:/opt/ros/jazzy/opt/gz_utils_vendor/lib:/opt/ros/jazzy/opt/gz_tools_vendor/lib:/opt/ros/jazzy/opt/gz_cmake_vendor/lib:/opt/ros/jazzy/lib:/usr/local/cuda-12.8/lib64’ PYTHONPATH=/home/rob/project/csci5551-s26-team-pointbot/install/lib/python3.12/site-packages:/home/rob/project/csci5551-s26-team-pointbot/install/lib/python3.13/site-packages:/opt/ros/jazzy/lib/python3.12/site-packages:/home/rob/robotics5551:/home/rob/robotics5551 /usr/bin/cmake /home/rob/project/csci5551-s26-team-pointbot/src/xarm_ros2/xarm_planner -DCMAKE_INSTALL_PREFIX=/home/rob/project/csci5551-s26-team-pointbot/install
[2.034s] Invoking command in '/home/rob/project/csci5551-s26-team-pointbot/build/xarm_planner': CMAKE_PREFIX_PATH=${CMAKE_PREFIX_PATH}:/opt/ros/jazzy CONDA_PROMPT_MODIFIER=(base) DEBUGINFOD_URLS=https://debuginfod.ubuntu.com LD_LIBRARY_PATH=/home/rob/project/csci5551-s26-team-pointbot/install/lib:/opt/ros/jazzy/opt/sdformat_vendor/lib:/opt/ros/jazzy/opt/rviz_ogre_vendor/lib:/opt/ros/jazzy/lib/x86_64-linux-gnu:/opt/ros/jazzy/opt/gz_math_vendor/lib:/opt/ros/jazzy/opt/gz_utils_vendor/lib:/opt/ros/jazzy/opt/gz_tools_vendor/lib:/opt/ros/jazzy/opt/gz_cmake_vendor/lib:/opt/ros/jazzy/lib:/usr/local/cuda-12.8/lib64’ PYTHONPATH=/home/rob/project/csci5551-s26-team-pointbot/install/lib/python3.12/site-packages:/home/rob/project/csci5551-s26-team-pointbot/install/lib/python3.13/site-packages:/opt/ros/jazzy/lib/python3.12/site-packages:/home/rob/robotics5551:/home/rob/robotics5551 /usr/bin/cmake --build /home/rob/project/csci5551-s26-team-pointbot/build/xarm_planner -- -j16 -l16
[2.124s] [ 22%] [32mBuilding CXX object CMakeFiles/test_xarm_gripper_planner_client_joint.dir/test/test_xarm_gripper_planner_client_joint.cpp.o[0m
[2.124s] [ 22%] [32mBuilding CXX object CMakeFiles/test_xarm_planner_client_joint.dir/test/test_xarm_planner_client_joint.cpp.o[0m
[2.125s] [ 22%] [32mBuilding CXX object CMakeFiles/xarm_planner.dir/src/xarm_planner.cpp.o[0m
[2.125s] [ 22%] [32mBuilding CXX object CMakeFiles/test_xarm_planner_client_pose.dir/test/test_xarm_planner_client_pose.cpp.o[0m
[2.125s] [ 22%] [32mBuilding CXX object CMakeFiles/test_lite_gripper_realmove.dir/test/test_lite_gripper_realmove.cpp.o[0m
[5.889s] [ 27%] [32m[1mLinking CXX executable test_lite_gripper_realmove[0m
[6.386s] [ 27%] Built target test_lite_gripper_realmove
[6.502s] [ 31%] [32m[1mLinking CXX executable test_xarm_planner_client_joint[0m
[6.753s] [ 31%] Built target test_xarm_planner_client_joint
[7.046s] [ 36%] [32m[1mLinking CXX executable test_xarm_gripper_planner_client_joint[0m
[7.197s] [ 40%] [32m[1mLinking CXX executable test_xarm_planner_client_pose[0m
[7.285s] [ 40%] Built target test_xarm_gripper_planner_client_joint
[7.439s] [ 40%] Built target test_xarm_planner_client_pose
[8.941s] [ 45%] [32m[1mLinking CXX shared library libxarm_planner.so[0m
[9.248s] [ 45%] Built target xarm_planner
[9.291s] [ 72%] [32mBuilding CXX object CMakeFiles/test_xarm_planner_api_pose.dir/test/test_xarm_planner_api_pose.cpp.o[0m
[9.292s] [ 72%] [32mBuilding CXX object CMakeFiles/test_xarm_gripper_planner_api_joint.dir/test/test_xarm_gripper_planner_api_joint.cpp.o[0m
[9.292s] [ 72%] [32mBuilding CXX object CMakeFiles/xarm_planner_node.dir/src/xarm_planner_node.cpp.o[0m
[9.292s] [ 72%] [32mBuilding CXX object CMakeFiles/xarm_gripper_planner_node.dir/src/xarm_gripper_planner_node.cpp.o[0m
[9.292s] [ 72%] [32mBuilding CXX object CMakeFiles/test_dual_xarm_planner_api_joint.dir/test/test_dual_xarm_planner_api_joint.cpp.o[0m
[9.292s] [ 72%] [32mBuilding CXX object CMakeFiles/test_xarm_planner_api_joint.dir/test/test_xarm_planner_api_joint.cpp.o[0m
[16.533s] [ 77%] [32m[1mLinking CXX executable test_xarm_gripper_planner_api_joint[0m
[16.533s] [ 81%] [32m[1mLinking CXX executable test_xarm_planner_api_joint[0m
[16.549s] [ 86%] [32m[1mLinking CXX executable test_xarm_planner_api_pose[0m
[16.759s] /usr/bin/ld: /home/rob/miniforge3/lib/libssl.so.3: undefined reference to `X509_STORE_CTX_init_rpk@OPENSSL_3.2.0'
[16.759s] /usr/bin/ld: /home/rob/miniforge3/lib/libssl.so.3: undefined reference to `BIO_recvmmsg@OPENSSL_3.2.0'
[16.760s] /usr/bin/ld: /home/rob/miniforge3/lib/libssl.so.3: undefined reference to `CRYPTO_malloc_array@OPENSSL_3.6.0'
[16.760s] /usr/bin/ld: /opt/ros/jazzy/lib/libresource_retriever.so: undefined reference to `curl_global_init@CURL_OPENSSL_4'
[16.761s] /usr/bin/ld: /opt/ros/jazzy/lib/libresource_retriever.so: undefined reference to `curl_easy_perform@CURL_OPENSSL_4'
[16.761s] /usr/bin/ld: /home/rob/miniforge3/lib/libssl.so.3: undefined reference to `OSSL_sleep@OPENSSL_3.2.0'
[16.761s] /usr/bin/ld: /home/rob/miniforge3/lib/libssl.so.3: undefined reference to `OSSL_ERR_STATE_restore@OPENSSL_3.2.0'
[16.762s] /usr/bin/ld: /home/rob/miniforge3/lib/libssl.so.3: undefined reference to `OPENSSL_strtoul@OPENSSL_3.4.0'
[16.762s] /usr/bin/ld: /opt/ros/jazzy/lib/libresource_retriever.so: undefined reference to `curl_easy_setopt@CURL_OPENSSL_4'
[16.762s] /usr/bin/ld: /home/rob/miniforge3/lib/libssl.so.3: undefined reference to `OPENSSL_sk_set_thunks@OPENSSL_3.6.0'
[16.763s] /usr/bin/ld: /home/rob/miniforge3/lib/libssl.so.3: undefined reference to `OPENSSL_LH_set_thunks@OPENSSL_3.3.0'
[16.763s] /usr/bin/ld: /opt/ros/jazzy/lib/libresource_retriever.so: undefined reference to `curl_easy_init@CURL_OPENSSL_4'
[16.763s] /usr/bin/ld: /home/rob/miniforge3/lib/libssl.so.3: undefined reference to `BIO_sendmmsg@OPENSSL_3.2.0'
[16.763s] /usr/bin/ld: /home/rob/miniforge3/lib/libssl.so.3: undefined reference to `BIO_err_is_non_fatal@OPENSSL_3.2.0'
[16.764s] /usr/bin/ld: /home/rob/miniforge3/lib/libssl.so.3: undefined reference to `BIO_get_rpoll_descriptor@OPENSSL_3.2.0'
[16.764s] /usr/bin/ld: /home/rob/miniforge3/lib/libssl.so.3: undefined reference to `OSSL_ERR_STATE_free@OPENSSL_3.2.0'
[16.764s] /usr/bin/ld: /home/rob/miniforge3/lib/libssl.so.3: undefined reference to `OSSL_LIB_CTX_get_data@OPENSSL_3.4.0'
[16.765s] /usr/bin/ld: /home/rob/miniforge3/lib/libssl.so.3: undefined reference to `BIO_ADDR_copy@OPENSSL_3.2.0'
[16.765s] /usr/bin/ld: /home/rob/miniforge3/lib/libssl.so.3: undefined reference to `OSSL_STACK_OF_X509_free@OPENSSL_3.2.0'
[16.766s] /usr/bin/ld: /home/rob/miniforge3/lib/libssl.so.3: undefined reference to `OSSL_ERR_STATE_save_to_mark@OPENSSL_3.2.0'
[16.766s] /usr/bin/ld: /home/rob/miniforge3/lib/libssl.so.3: undefined reference to `OSSL_ERR_STATE_save@OPENSSL_3.2.0'
[16.766s] /usr/bin/ld: /home/rob/miniforge3/lib/libssl.so.3: undefined reference to `BIO_get_wpoll_descriptor@OPENSSL_3.2.0'
[16.766s] /usr/bin/ld: /home/rob/miniforge3/lib/libssl.so.3: undefined reference to `BIO_s_dgram_mem@OPENSSL_3.2.0'
[16.767s] /usr/bin/ld: /home/rob/miniforge3/lib/libssl.so.3: undefined reference to `CRYPTO_calloc@OPENSSL_3.6.0'
[16.767s] /usr/bin/ld: /home/rob/miniforge3/lib/libssl.so.3: undefined reference to `EVP_MD_CTX_get_size_ex@OPENSSL_3.4.0'
[16.767s] /usr/bin/ld: /opt/ros/jazzy/lib/libresource_retriever.so: undefined reference to `curl_easy_cleanup@CURL_OPENSSL_4'
[16.767s] /usr/bin/ld: /home/rob/miniforge3/lib/libssl.so.3: undefined reference to `OSSL_LIB_CTX_get_conf_diagnostics@OPENSSL_3.4.0'
[16.768s] /usr/bin/ld: /home/rob/miniforge3/lib/libssl.so.3: undefined reference to `CRYPTO_realloc_array@OPENSSL_3.6.0'
[16.768s] /usr/bin/ld: /home/rob/miniforge3/lib/libssl.so.3: undefined reference to `OSSL_ERR_STATE_new@OPENSSL_3.2.0'
[16.769s] /usr/bin/ld: /home/rob/miniforge3/lib/libssl.so.3: undefined reference to `ERR_count_to_mark@OPENSSL_3.2.0'
[16.769s] /usr/bin/ld: /home/rob/miniforge3/lib/libssl.so.3: undefined reference to `X509_STORE_CTX_set_ocsp_resp@OPENSSL_3.6.0'
[16.769s] /usr/bin/ld: /home/rob/miniforge3/lib/libssl.so.3: undefined reference to `X509_STORE_CTX_init_rpk@OPENSSL_3.2.0'
[16.770s] /usr/bin/ld: /opt/ros/jazzy/lib/libresource_retriever.so: undefined reference to `curl_global_cleanup@CURL_OPENSSL_4'
[16.770s] /usr/bin/ld: /home/rob/miniforge3/lib/libssl.so.3: undefined reference to `BIO_recvmmsg@OPENSSL_3.2.0'
[16.770s] /usr/bin/ld: /home/rob/miniforge3/lib/libssl.so.3: undefined reference to `CRYPTO_malloc_array@OPENSSL_3.6.0'
[16.771s] /usr/bin/ld: /opt/ros/jazzy/lib/libresource_retriever.so: undefined reference to `curl_global_init@CURL_OPENSSL_4'
[16.771s] /usr/bin/ld: /opt/ros/jazzy/lib/libresource_retriever.so: undefined reference to `curl_easy_perform@CURL_OPENSSL_4'
[16.771s] /usr/bin/ld: /home/rob/miniforge3/lib/libssl.so.3: undefined reference to `OSSL_sleep@OPENSSL_3.2.0'
[16.772s] /usr/bin/ld: /home/rob/miniforge3/lib/libssl.so.3: undefined reference to `OSSL_ERR_STATE_restore@OPENSSL_3.2.0'
[16.772s] /usr/bin/ld: /home/rob/miniforge3/lib/libssl.so.3: undefined reference to `OPENSSL_strtoul@OPENSSL_3.4.0'
[16.772s] /usr/bin/ld: /opt/ros/jazzy/lib/libresource_retriever.so: undefined reference to `curl_easy_setopt@CURL_OPENSSL_4'
[16.773s] /usr/bin/ld: /home/rob/miniforge3/lib/libssl.so.3: undefined reference to `OPENSSL_sk_set_thunks@OPENSSL_3.6.0'
[16.773s] /usr/bin/ld: /home/rob/miniforge3/lib/libssl.so.3: undefined reference to `OPENSSL_LH_set_thunks@OPENSSL_3.3.0'
[16.773s] /usr/bin/ld: /opt/ros/jazzy/lib/libresource_retriever.so: undefined reference to `curl_easy_init@CURL_OPENSSL_4'
[16.773s] /usr/bin/ld: /home/rob/miniforge3/lib/libssl.so.3: undefined reference to `BIO_sendmmsg@OPENSSL_3.2.0'
[16.774s] /usr/bin/ld: /home/rob/miniforge3/lib/libssl.so.3: undefined reference to `BIO_err_is_non_fatal@OPENSSL_3.2.0'
[16.774s] /usr/bin/ld: /home/rob/miniforge3/lib/libssl.so.3: undefined reference to `BIO_get_rpoll_descriptor@OPENSSL_3.2.0'
[16.774s] /usr/bin/ld: /home/rob/miniforge3/lib/libssl.so.3: undefined reference to `OSSL_ERR_STATE_free@OPENSSL_3.2.0'
[16.775s] /usr/bin/ld: /home/rob/miniforge3/lib/libssl.so.3: undefined reference to `OSSL_LIB_CTX_get_data@OPENSSL_3.4.0'
[16.775s] /usr/bin/ld: /home/rob/miniforge3/lib/libssl.so.3: undefined reference to `BIO_ADDR_copy@OPENSSL_3.2.0'
[16.775s] /usr/bin/ld: /home/rob/miniforge3/lib/libssl.so.3: undefined reference to `X509_STORE_CTX_init_rpk@OPENSSL_3.2.0'
[16.775s] /usr/bin/ld: /home/rob/miniforge3/lib/libssl.so.3: undefined reference to `BIO_recvmmsg@OPENSSL_3.2.0'
[16.776s] /usr/bin/ld: /home/rob/miniforge3/lib/libssl.so.3: undefined reference to `OSSL_STACK_OF_X509_free@OPENSSL_3.2.0'
[16.776s] /usr/bin/ld: /home/rob/miniforge3/lib/libssl.so.3: undefined reference to `CRYPTO_malloc_array@OPENSSL_3.6.0'
[16.776s] /usr/bin/ld: /opt/ros/jazzy/lib/libresource_retriever.so: undefined reference to `curl_global_init@CURL_OPENSSL_4'
[16.776s] /usr/bin/ld: /home/rob/miniforge3/lib/libssl.so.3: undefined reference to `OSSL_ERR_STATE_save_to_mark@OPENSSL_3.2.0'
[16.776s] /usr/bin/ld: /home/rob/miniforge3/lib/libssl.so.3: undefined reference to `OSSL_ERR_STATE_save@OPENSSL_3.2.0'
[16.777s] /usr/bin/ld: /opt/ros/jazzy/lib/libresource_retriever.so: undefined reference to `curl_easy_perform@CURL_OPENSSL_4'
[16.777s] /usr/bin/ld: /home/rob/miniforge3/lib/libssl.so.3: undefined reference to `OSSL_sleep@OPENSSL_3.2.0'
[16.777s] /usr/bin/ld: /home/rob/miniforge3/lib/libssl.so.3: undefined reference to `BIO_get_wpoll_descriptor@OPENSSL_3.2.0'
[16.778s] /usr/bin/ld: /home/rob/miniforge3/lib/libssl.so.3: undefined reference to `BIO_s_dgram_mem@OPENSSL_3.2.0'
[16.778s] /usr/bin/ld: /home/rob/miniforge3/lib/libssl.so.3: undefined reference to `CRYPTO_calloc@OPENSSL_3.6.0'
[16.778s] /usr/bin/ld: /home/rob/miniforge3/lib/libssl.so.3: undefined reference to `OSSL_ERR_STATE_restore@OPENSSL_3.2.0'
[16.778s] /usr/bin/ld: /home/rob/miniforge3/lib/libssl.so.3: undefined reference to `EVP_MD_CTX_get_size_ex@OPENSSL_3.4.0'
[16.779s] /usr/bin/ld: /home/rob/miniforge3/lib/libssl.so.3: undefined reference to `OPENSSL_strtoul@OPENSSL_3.4.0'
[16.779s] /usr/bin/ld: /opt/ros/jazzy/lib/libresource_retriever.so: undefined reference to `curl_easy_cleanup@CURL_OPENSSL_4'
[16.779s] collect2: error: ld returned 1 exit status
[16.779s] /usr/bin/ld: /opt/ros/jazzy/lib/libresource_retriever.so: undefined reference to `curl_easy_setopt@CURL_OPENSSL_4'
[16.779s] /usr/bin/ld: /home/rob/miniforge3/lib/libssl.so.3: undefined reference to `OSSL_LIB_CTX_get_conf_diagnostics@OPENSSL_3.4.0'
[16.780s] /usr/bin/ld: /home/rob/miniforge3/lib/libssl.so.3: undefined reference to `OPENSSL_sk_set_thunks@OPENSSL_3.6.0'
[16.780s] /usr/bin/ld: /home/rob/miniforge3/lib/libssl.so.3: undefined reference to `OPENSSL_LH_set_thunks@OPENSSL_3.3.0'
[16.780s] /usr/bin/ld: /opt/ros/jazzy/lib/libresource_retriever.so: undefined reference to `curl_easy_init@CURL_OPENSSL_4'
[16.780s] /usr/bin/ld: /home/rob/miniforge3/lib/libssl.so.3: undefined reference to `CRYPTO_realloc_array@OPENSSL_3.6.0'
[16.780s] /usr/bin/ld: /home/rob/miniforge3/lib/libssl.so.3: undefined reference to `BIO_sendmmsg@OPENSSL_3.2.0'
[16.781s] /usr/bin/ld: /home/rob/miniforge3/lib/libssl.so.3: undefined reference to `OSSL_ERR_STATE_new@OPENSSL_3.2.0'
[16.781s] /usr/bin/ld: /home/rob/miniforge3/lib/libssl.so.3: undefined reference to `BIO_err_is_non_fatal@OPENSSL_3.2.0'
[16.781s] /usr/bin/ld: /home/rob/miniforge3/lib/libssl.so.3: undefined reference to `ERR_count_to_mark@OPENSSL_3.2.0'
[16.781s] /usr/bin/ld: /home/rob/miniforge3/lib/libssl.so.3: undefined reference to `BIO_get_rpoll_descriptor@OPENSSL_3.2.0'
[16.781s] /usr/bin/ld: /home/rob/miniforge3/lib/libssl.so.3: undefined reference to `X509_STORE_CTX_set_ocsp_resp@OPENSSL_3.6.0'
[16.781s] /usr/bin/ld: /home/rob/miniforge3/lib/libssl.so.3: undefined reference to `OSSL_ERR_STATE_free@OPENSSL_3.2.0'
[16.782s] /usr/bin/ld: /home/rob/miniforge3/lib/libssl.so.3: undefined reference to `OSSL_LIB_CTX_get_data@OPENSSL_3.4.0'
[16.782s] /usr/bin/ld: /opt/ros/jazzy/lib/libresource_retriever.so: undefined reference to `curl_global_cleanup@CURL_OPENSSL_4'
[16.782s] /usr/bin/ld: /home/rob/miniforge3/lib/libssl.so.3: undefined reference to `BIO_ADDR_copy@OPENSSL_3.2.0'
[16.782s] /usr/bin/ld: /home/rob/miniforge3/lib/libssl.so.3: undefined reference to `OSSL_STACK_OF_X509_free@OPENSSL_3.2.0'
[16.783s] gmake[2]: *** [CMakeFiles/test_xarm_planner_api_joint.dir/build.make:376: test_xarm_planner_api_joint] Error 1
[16.783s] /usr/bin/ld: /home/rob/miniforge3/lib/libssl.so.3: undefined reference to `OSSL_ERR_STATE_save_to_mark@OPENSSL_3.2.0'
[16.783s] /usr/bin/ld: /home/rob/miniforge3/lib/libssl.so.3: undefined reference to `OSSL_ERR_STATE_save@OPENSSL_3.2.0'
[16.783s] gmake[1]: *** [CMakeFiles/Makefile2:235: CMakeFiles/test_xarm_planner_api_joint.dir/all] Error 2
[16.783s] gmake[1]: *** Waiting for unfinished jobs....
[16.783s] /usr/bin/ld: /home/rob/miniforge3/lib/libssl.so.3: undefined reference to `BIO_get_wpoll_descriptor@OPENSSL_3.2.0'
[16.784s] /usr/bin/ld: /home/rob/miniforge3/lib/libssl.so.3: undefined reference to `BIO_s_dgram_mem@OPENSSL_3.2.0'
[16.784s] /usr/bin/ld: /home/rob/miniforge3/lib/libssl.so.3: undefined reference to `CRYPTO_calloc@OPENSSL_3.6.0'
[16.784s] /usr/bin/ld: /home/rob/miniforge3/lib/libssl.so.3: undefined reference to `EVP_MD_CTX_get_size_ex@OPENSSL_3.4.0'
[16.784s] /usr/bin/ld: /opt/ros/jazzy/lib/libresource_retriever.so: undefined reference to `curl_easy_cleanup@CURL_OPENSSL_4'
[16.784s] /usr/bin/ld: /home/rob/miniforge3/lib/libssl.so.3: undefined reference to `OSSL_LIB_CTX_get_conf_diagnostics@OPENSSL_3.4.0'
[16.785s] /usr/bin/ld: /home/rob/miniforge3/lib/libssl.so.3: undefined reference to `CRYPTO_realloc_array@OPENSSL_3.6.0'
[16.785s] /usr/bin/ld: /home/rob/miniforge3/lib/libssl.so.3: undefined reference to `OSSL_ERR_STATE_new@OPENSSL_3.2.0'
[16.785s] /usr/bin/ld: /home/rob/miniforge3/lib/libssl.so.3: undefined reference to `ERR_count_to_mark@OPENSSL_3.2.0'
[16.785s] /usr/bin/ld: /home/rob/miniforge3/lib/libssl.so.3: undefined reference to `X509_STORE_CTX_set_ocsp_resp@OPENSSL_3.6.0'
[16.785s] /usr/bin/ld: /opt/ros/jazzy/lib/libresource_retriever.so: undefined reference to `curl_global_cleanup@CURL_OPENSSL_4'
[16.788s] collect2: error: ld returned 1 exit status
[16.789s] gmake[2]: *** [CMakeFiles/test_xarm_gripper_planner_api_joint.dir/build.make:376: test_xarm_gripper_planner_api_joint] Error 1
[16.790s] gmake[1]: *** [CMakeFiles/Makefile2:313: CMakeFiles/test_xarm_gripper_planner_api_joint.dir/all] Error 2
[16.792s] collect2: error: ld returned 1 exit status
[16.795s] gmake[2]: *** [CMakeFiles/test_xarm_planner_api_pose.dir/build.make:376: test_xarm_planner_api_pose] Error 1
[16.795s] gmake[1]: *** [CMakeFiles/Makefile2:287: CMakeFiles/test_xarm_planner_api_pose.dir/all] Error 2
[17.214s] [ 90%] [32m[1mLinking CXX executable test_dual_xarm_planner_api_joint[0m
[17.270s] [ 95%] [32m[1mLinking CXX executable xarm_gripper_planner_node[0m
[17.412s] /usr/bin/ld: /home/rob/miniforge3/lib/libssl.so.3: undefined reference to `X509_STORE_CTX_init_rpk@OPENSSL_3.2.0'
[17.412s] /usr/bin/ld: /home/rob/miniforge3/lib/libssl.so.3: undefined reference to `BIO_recvmmsg@OPENSSL_3.2.0'
[17.413s] /usr/bin/ld: /home/rob/miniforge3/lib/libssl.so.3: undefined reference to `CRYPTO_malloc_array@OPENSSL_3.6.0'
[17.413s] /usr/bin/ld: /opt/ros/jazzy/lib/libresource_retriever.so: undefined reference to `curl_global_init@CURL_OPENSSL_4'
[17.413s] /usr/bin/ld: /opt/ros/jazzy/lib/libresource_retriever.so: undefined reference to `curl_easy_perform@CURL_OPENSSL_4'
[17.413s] /usr/bin/ld: /home/rob/miniforge3/lib/libssl.so.3: undefined reference to `OSSL_sleep@OPENSSL_3.2.0'
[17.414s] /usr/bin/ld: /home/rob/miniforge3/lib/libssl.so.3: undefined reference to `OSSL_ERR_STATE_restore@OPENSSL_3.2.0'
[17.414s] /usr/bin/ld: /home/rob/miniforge3/lib/libssl.so.3: undefined reference to `OPENSSL_strtoul@OPENSSL_3.4.0'
[17.414s] /usr/bin/ld: /opt/ros/jazzy/lib/libresource_retriever.so: undefined reference to `curl_easy_setopt@CURL_OPENSSL_4'
[17.415s] /usr/bin/ld: /home/rob/miniforge3/lib/libssl.so.3: undefined reference to `OPENSSL_sk_set_thunks@OPENSSL_3.6.0'
[17.415s] /usr/bin/ld: /home/rob/miniforge3/lib/libssl.so.3: undefined reference to `OPENSSL_LH_set_thunks@OPENSSL_3.3.0'
[17.415s] /usr/bin/ld: /opt/ros/jazzy/lib/libresource_retriever.so: undefined reference to `curl_easy_init@CURL_OPENSSL_4'
[17.415s] /usr/bin/ld: /home/rob/miniforge3/lib/libssl.so.3: undefined reference to `BIO_sendmmsg@OPENSSL_3.2.0'
[17.416s] /usr/bin/ld: /home/rob/miniforge3/lib/libssl.so.3: undefined reference to `BIO_err_is_non_fatal@OPENSSL_3.2.0'
[17.416s] /usr/bin/ld: /home/rob/miniforge3/lib/libssl.so.3: undefined reference to `BIO_get_rpoll_descriptor@OPENSSL_3.2.0'
[17.416s] /usr/bin/ld: /home/rob/miniforge3/lib/libssl.so.3: undefined reference to `OSSL_ERR_STATE_free@OPENSSL_3.2.0'
[17.416s] /usr/bin/ld: /home/rob/miniforge3/lib/libssl.so.3: undefined reference to `OSSL_LIB_CTX_get_data@OPENSSL_3.4.0'
[17.416s] /usr/bin/ld: /home/rob/miniforge3/lib/libssl.so.3: undefined reference to `BIO_ADDR_copy@OPENSSL_3.2.0'
[17.417s] /usr/bin/ld: /home/rob/miniforge3/lib/libssl.so.3: undefined reference to `OSSL_STACK_OF_X509_free@OPENSSL_3.2.0'
[17.417s] /usr/bin/ld: /home/rob/miniforge3/lib/libssl.so.3: undefined reference to `OSSL_ERR_STATE_save_to_mark@OPENSSL_3.2.0'
[17.417s] /usr/bin/ld: /home/rob/miniforge3/lib/libssl.so.3: undefined reference to `OSSL_ERR_STATE_save@OPENSSL_3.2.0'
[17.418s] /usr/bin/ld: /home/rob/miniforge3/lib/libssl.so.3: undefined reference to `BIO_get_wpoll_descriptor@OPENSSL_3.2.0'
[17.418s] /usr/bin/ld: /home/rob/miniforge3/lib/libssl.so.3: undefined reference to `BIO_s_dgram_mem@OPENSSL_3.2.0'
[17.418s] /usr/bin/ld: /home/rob/miniforge3/lib/libssl.so.3: undefined reference to `CRYPTO_calloc@OPENSSL_3.6.0'
[17.418s] /usr/bin/ld: /home/rob/miniforge3/lib/libssl.so.3: undefined reference to `EVP_MD_CTX_get_size_ex@OPENSSL_3.4.0'
[17.419s] /usr/bin/ld: /opt/ros/jazzy/lib/libresource_retriever.so: undefined reference to `curl_easy_cleanup@CURL_OPENSSL_4'
[17.419s] /usr/bin/ld: /home/rob/miniforge3/lib/libssl.so.3: undefined reference to `OSSL_LIB_CTX_get_conf_diagnostics@OPENSSL_3.4.0'
[17.419s] /usr/bin/ld: /home/rob/miniforge3/lib/libssl.so.3: undefined reference to `CRYPTO_realloc_array@OPENSSL_3.6.0'
[17.420s] /usr/bin/ld: /home/rob/miniforge3/lib/libssl.so.3: undefined reference to `OSSL_ERR_STATE_new@OPENSSL_3.2.0'
[17.420s] /usr/bin/ld: /home/rob/miniforge3/lib/libssl.so.3: undefined reference to `ERR_count_to_mark@OPENSSL_3.2.0'
[17.420s] /usr/bin/ld: /home/rob/miniforge3/lib/libssl.so.3: undefined reference to `X509_STORE_CTX_set_ocsp_resp@OPENSSL_3.6.0'
[17.421s] /usr/bin/ld: /opt/ros/jazzy/lib/libresource_retriever.so: undefined reference to `curl_global_cleanup@CURL_OPENSSL_4'
[17.429s] collect2: error: ld returned 1 exit status
[17.432s] gmake[2]: *** [CMakeFiles/test_dual_xarm_planner_api_joint.dir/build.make:376: test_dual_xarm_planner_api_joint] Error 1
[17.433s] gmake[1]: *** [CMakeFiles/Makefile2:261: CMakeFiles/test_dual_xarm_planner_api_joint.dir/all] Error 2
[17.595s] /usr/bin/ld: /home/rob/miniforge3/lib/libssl.so.3: undefined reference to `X509_STORE_CTX_init_rpk@OPENSSL_3.2.0'
[17.595s] /usr/bin/ld: /home/rob/miniforge3/lib/libssl.so.3: undefined reference to `BIO_recvmmsg@OPENSSL_3.2.0'
[17.595s] /usr/bin/ld: /home/rob/miniforge3/lib/libssl.so.3: undefined reference to `CRYPTO_malloc_array@OPENSSL_3.6.0'
[17.596s] /usr/bin/ld: /opt/ros/jazzy/lib/libresource_retriever.so: undefined reference to `curl_global_init@CURL_OPENSSL_4'
[17.596s] /usr/bin/ld: /opt/ros/jazzy/lib/libresource_retriever.so: undefined reference to `curl_easy_perform@CURL_OPENSSL_4'
[17.596s] /usr/bin/ld: /home/rob/miniforge3/lib/libssl.so.3: undefined reference to `OSSL_sleep@OPENSSL_3.2.0'
[17.597s] /usr/bin/ld: /home/rob/miniforge3/lib/libssl.so.3: undefined reference to `OSSL_ERR_STATE_restore@OPENSSL_3.2.0'
[17.598s] /usr/bin/ld: /home/rob/miniforge3/lib/libssl.so.3: undefined reference to `OPENSSL_strtoul@OPENSSL_3.4.0'
[17.598s] /usr/bin/ld: /opt/ros/jazzy/lib/libresource_retriever.so: undefined reference to `curl_easy_setopt@CURL_OPENSSL_4'
[17.598s] /usr/bin/ld: /home/rob/miniforge3/lib/libssl.so.3: undefined reference to `OPENSSL_sk_set_thunks@OPENSSL_3.6.0'
[17.598s] /usr/bin/ld: /home/rob/miniforge3/lib/libssl.so.3: undefined reference to `OPENSSL_LH_set_thunks@OPENSSL_3.3.0'
[17.599s] /usr/bin/ld: /opt/ros/jazzy/lib/libresource_retriever.so: undefined reference to `curl_easy_init@CURL_OPENSSL_4'
[17.599s] /usr/bin/ld: /home/rob/miniforge3/lib/libssl.so.3: undefined reference to `BIO_sendmmsg@OPENSSL_3.2.0'
[17.599s] /usr/bin/ld: /home/rob/miniforge3/lib/libssl.so.3: undefined reference to `BIO_err_is_non_fatal@OPENSSL_3.2.0'
[17.600s] /usr/bin/ld: /home/rob/miniforge3/lib/libssl.so.3: undefined reference to `BIO_get_rpoll_descriptor@OPENSSL_3.2.0'
[17.601s] /usr/bin/ld: /home/rob/miniforge3/lib/libssl.so.3: undefined reference to `OSSL_ERR_STATE_free@OPENSSL_3.2.0'
[17.601s] /usr/bin/ld: /home/rob/miniforge3/lib/libssl.so.3: undefined reference to `OSSL_LIB_CTX_get_data@OPENSSL_3.4.0'
[17.601s] /usr/bin/ld: /home/rob/miniforge3/lib/libssl.so.3: undefined reference to `BIO_ADDR_copy@OPENSSL_3.2.0'
[17.602s] /usr/bin/ld: /home/rob/miniforge3/lib/libssl.so.3: undefined reference to `OSSL_STACK_OF_X509_free@OPENSSL_3.2.0'
[17.603s] /usr/bin/ld: /home/rob/miniforge3/lib/libssl.so.3: undefined reference to `OSSL_ERR_STATE_save_to_mark@OPENSSL_3.2.0'
[17.603s] /usr/bin/ld: /home/rob/miniforge3/lib/libssl.so.3: undefined reference to `OSSL_ERR_STATE_save@OPENSSL_3.2.0'
[17.603s] /usr/bin/ld: /home/rob/miniforge3/lib/libssl.so.3: undefined reference to `BIO_get_wpoll_descriptor@OPENSSL_3.2.0'
[17.604s] /usr/bin/ld: /home/rob/miniforge3/lib/libssl.so.3: undefined reference to `BIO_s_dgram_mem@OPENSSL_3.2.0'
[17.604s] /usr/bin/ld: /home/rob/miniforge3/lib/libssl.so.3: undefined reference to `CRYPTO_calloc@OPENSSL_3.6.0'
[17.604s] /usr/bin/ld: /home/rob/miniforge3/lib/libssl.so.3: undefined reference to `EVP_MD_CTX_get_size_ex@OPENSSL_3.4.0'
[17.605s] /usr/bin/ld: /opt/ros/jazzy/lib/libresource_retriever.so: undefined reference to `curl_easy_cleanup@CURL_OPENSSL_4'
[17.605s] /usr/bin/ld: /home/rob/miniforge3/lib/libssl.so.3: undefined reference to `OSSL_LIB_CTX_get_conf_diagnostics@OPENSSL_3.4.0'
[17.606s] /usr/bin/ld: /home/rob/miniforge3/lib/libssl.so.3: undefined reference to `CRYPTO_realloc_array@OPENSSL_3.6.0'
[17.606s] /usr/bin/ld: /home/rob/miniforge3/lib/libssl.so.3: undefined reference to `OSSL_ERR_STATE_new@OPENSSL_3.2.0'
[17.607s] /usr/bin/ld: /home/rob/miniforge3/lib/libssl.so.3: undefined reference to `ERR_count_to_mark@OPENSSL_3.2.0'
[17.607s] /usr/bin/ld: /home/rob/miniforge3/lib/libssl.so.3: undefined reference to `X509_STORE_CTX_set_ocsp_resp@OPENSSL_3.6.0'
[17.608s] /usr/bin/ld: /opt/ros/jazzy/lib/libresource_retriever.so: undefined reference to `curl_global_cleanup@CURL_OPENSSL_4'
[17.618s] collect2: error: ld returned 1 exit status
[17.621s] gmake[2]: *** [CMakeFiles/xarm_gripper_planner_node.dir/build.make:376: xarm_gripper_planner_node] Error 1
[17.621s] gmake[1]: *** [CMakeFiles/Makefile2:209: CMakeFiles/xarm_gripper_planner_node.dir/all] Error 2
[18.737s] [100%] [32m[1mLinking CXX executable xarm_planner_node[0m
[19.138s] /usr/bin/ld: /home/rob/miniforge3/lib/libssl.so.3: undefined reference to `X509_STORE_CTX_init_rpk@OPENSSL_3.2.0'
[19.139s] /usr/bin/ld: /home/rob/miniforge3/lib/libssl.so.3: undefined reference to `BIO_recvmmsg@OPENSSL_3.2.0'
[19.140s] /usr/bin/ld: /home/rob/miniforge3/lib/libssl.so.3: undefined reference to `CRYPTO_malloc_array@OPENSSL_3.6.0'
[19.140s] /usr/bin/ld: /opt/ros/jazzy/lib/libresource_retriever.so: undefined reference to `curl_global_init@CURL_OPENSSL_4'
[19.141s] /usr/bin/ld: /opt/ros/jazzy/lib/libresource_retriever.so: undefined reference to `curl_easy_perform@CURL_OPENSSL_4'
[19.142s] /usr/bin/ld: /home/rob/miniforge3/lib/libssl.so.3: undefined reference to `OSSL_sleep@OPENSSL_3.2.0'
[19.143s] /usr/bin/ld: /home/rob/miniforge3/lib/libssl.so.3: undefined reference to `OSSL_ERR_STATE_restore@OPENSSL_3.2.0'
[19.144s] /usr/bin/ld: /home/rob/miniforge3/lib/libssl.so.3: undefined reference to `OPENSSL_strtoul@OPENSSL_3.4.0'
[19.145s] /usr/bin/ld: /opt/ros/jazzy/lib/libresource_retriever.so: undefined reference to `curl_easy_setopt@CURL_OPENSSL_4'
[19.145s] /usr/bin/ld: /home/rob/miniforge3/lib/libssl.so.3: undefined reference to `OPENSSL_sk_set_thunks@OPENSSL_3.6.0'
[19.146s] /usr/bin/ld: /home/rob/miniforge3/lib/libssl.so.3: undefined reference to `OPENSSL_LH_set_thunks@OPENSSL_3.3.0'
[19.146s] /usr/bin/ld: /opt/ros/jazzy/lib/libresource_retriever.so: undefined reference to `curl_easy_init@CURL_OPENSSL_4'
[19.147s] /usr/bin/ld: /home/rob/miniforge3/lib/libssl.so.3: undefined reference to `BIO_sendmmsg@OPENSSL_3.2.0'
[19.147s] /usr/bin/ld: /home/rob/miniforge3/lib/libssl.so.3: undefined reference to `BIO_err_is_non_fatal@OPENSSL_3.2.0'
[19.149s] /usr/bin/ld: /home/rob/miniforge3/lib/libssl.so.3: undefined reference to `BIO_get_rpoll_descriptor@OPENSSL_3.2.0'
[19.150s] /usr/bin/ld: /home/rob/miniforge3/lib/libssl.so.3: undefined reference to `OSSL_ERR_STATE_free@OPENSSL_3.2.0'
[19.150s] /usr/bin/ld: /home/rob/miniforge3/lib/libssl.so.3: undefined reference to `OSSL_LIB_CTX_get_data@OPENSSL_3.4.0'
[19.151s] /usr/bin/ld: /home/rob/miniforge3/lib/libssl.so.3: undefined reference to `BIO_ADDR_copy@OPENSSL_3.2.0'
[19.152s] /usr/bin/ld: /home/rob/miniforge3/lib/libssl.so.3: undefined reference to `OSSL_STACK_OF_X509_free@OPENSSL_3.2.0'
[19.153s] /usr/bin/ld: /home/rob/miniforge3/lib/libssl.so.3: undefined reference to `OSSL_ERR_STATE_save_to_mark@OPENSSL_3.2.0'
[19.154s] /usr/bin/ld: /home/rob/miniforge3/lib/libssl.so.3: undefined reference to `OSSL_ERR_STATE_save@OPENSSL_3.2.0'
[19.155s] /usr/bin/ld: /home/rob/miniforge3/lib/libssl.so.3: undefined reference to `BIO_get_wpoll_descriptor@OPENSSL_3.2.0'
[19.155s] /usr/bin/ld: /home/rob/miniforge3/lib/libssl.so.3: undefined reference to `BIO_s_dgram_mem@OPENSSL_3.2.0'
[19.156s] /usr/bin/ld: /home/rob/miniforge3/lib/libssl.so.3: undefined reference to `CRYPTO_calloc@OPENSSL_3.6.0'
[19.156s] /usr/bin/ld: /home/rob/miniforge3/lib/libssl.so.3: undefined reference to `EVP_MD_CTX_get_size_ex@OPENSSL_3.4.0'
[19.157s] /usr/bin/ld: /opt/ros/jazzy/lib/libresource_retriever.so: undefined reference to `curl_easy_cleanup@CURL_OPENSSL_4'
[19.158s] /usr/bin/ld: /home/rob/miniforge3/lib/libssl.so.3: undefined reference to `OSSL_LIB_CTX_get_conf_diagnostics@OPENSSL_3.4.0'
[19.159s] /usr/bin/ld: /home/rob/miniforge3/lib/libssl.so.3: undefined reference to `CRYPTO_realloc_array@OPENSSL_3.6.0'
[19.160s] /usr/bin/ld: /home/rob/miniforge3/lib/libssl.so.3: undefined reference to `OSSL_ERR_STATE_new@OPENSSL_3.2.0'
[19.161s] /usr/bin/ld: /home/rob/miniforge3/lib/libssl.so.3: undefined reference to `ERR_count_to_mark@OPENSSL_3.2.0'
[19.162s] /usr/bin/ld: /home/rob/miniforge3/lib/libssl.so.3: undefined reference to `X509_STORE_CTX_set_ocsp_resp@OPENSSL_3.6.0'
[19.163s] /usr/bin/ld: /opt/ros/jazzy/lib/libresource_retriever.so: undefined reference to `curl_global_cleanup@CURL_OPENSSL_4'
[19.182s] collect2: error: ld returned 1 exit status
[19.186s] gmake[2]: *** [CMakeFiles/xarm_planner_node.dir/build.make:376: xarm_planner_node] Error 1
[19.186s] gmake[1]: *** [CMakeFiles/Makefile2:183: CMakeFiles/xarm_planner_node.dir/all] Error 2
[19.186s] gmake: *** [Makefile:146: all] Error 2
[19.191s] Invoked command in '/home/rob/project/csci5551-s26-team-pointbot/build/xarm_planner' returned '2': CMAKE_PREFIX_PATH=${CMAKE_PREFIX_PATH}:/opt/ros/jazzy CONDA_PROMPT_MODIFIER=(base) DEBUGINFOD_URLS=https://debuginfod.ubuntu.com LD_LIBRARY_PATH=/home/rob/project/csci5551-s26-team-pointbot/install/lib:/opt/ros/jazzy/opt/sdformat_vendor/lib:/opt/ros/jazzy/opt/rviz_ogre_vendor/lib:/opt/ros/jazzy/lib/x86_64-linux-gnu:/opt/ros/jazzy/opt/gz_math_vendor/lib:/opt/ros/jazzy/opt/gz_utils_vendor/lib:/opt/ros/jazzy/opt/gz_tools_vendor/lib:/opt/ros/jazzy/opt/gz_cmake_vendor/lib:/opt/ros/jazzy/lib:/usr/local/cuda-12.8/lib64’ PYTHONPATH=/home/rob/project/csci5551-s26-team-pointbot/install/lib/python3.12/site-packages:/home/rob/project/csci5551-s26-team-pointbot/install/lib/python3.13/site-packages:/opt/ros/jazzy/lib/python3.12/site-packages:/home/rob/robotics5551:/home/rob/robotics5551 /usr/bin/cmake --build /home/rob/project/csci5551-s26-team-pointbot/build/xarm_planner -- -j16 -l16
