-- The C compiler identification is GNU 13.3.0
-- The CXX compiler identification is GNU 13.3.0
-- Detecting C compiler ABI info
-- Detecting C compiler ABI info - done
-- Check for working C compiler: /usr/bin/cc - skipped
-- Detecting C compile features
-- Detecting C compile features - done
-- Detecting CXX compiler ABI info
-- Detecting CXX compiler ABI info - done
-- Check for working CXX compiler: /usr/bin/c++ - skipped
-- Detecting CXX compile features
-- Detecting CXX compile features - done
-- Looking for sgemm_
-- Looking for sgemm_ - not found
-- Performing Test CMAKE_HAVE_LIBC_PTHREAD
-- Performing Test CMAKE_HAVE_LIBC_PTHREAD - Success
-- Found Threads: TRUE  
-- Looking for sgemm_
-- Looking for sgemm_ - found
-- Found BLAS: /usr/lib/x86_64-linux-gnu/libopenblas.so  
[33mCMake Warning (dev) at /usr/local/zed/zed-config.cmake:79 (find_package):
  Policy CMP0146 is not set: The FindCUDA module is removed.  Run "cmake
  --help-policy CMP0146" for policy details.  Use the cmake_policy command to
  set the policy and suppress this warning.

Call Stack (most recent call first):
  CMakeLists.txt:74 (find_package)
This warning is for project developers.  Use -Wno-dev to suppress it.
[0m
-- Found CUDA: /usr/local/cuda (found suitable version "12.8", minimum required is "12") 
[33mCMake Warning (dev) at /usr/local/zed/zed-config.cmake:84 (exec_program):
  Policy CMP0153 is not set: The exec_program command should not be called.
  Run "cmake --help-policy CMP0153" for policy details.  Use the cmake_policy
  command to set the policy and suppress this warning.

  Use execute_process() instead.
Call Stack (most recent call first):
  CMakeLists.txt:74 (find_package)
This warning is for project developers.  Use -Wno-dev to suppress it.
[0m
[33mCMake Warning (dev) at /usr/local/zed/zed-config.cmake:85 (exec_program):
  Policy CMP0153 is not set: The exec_program command should not be called.
  Run "cmake --help-policy CMP0153" for policy details.  Use the cmake_policy
  command to set the policy and suppress this warning.

  Use execute_process() instead.
Call Stack (most recent call first):
  CMakeLists.txt:74 (find_package)
This warning is for project developers.  Use -Wno-dev to suppress it.
[0m
[33mCMake Warning (dev) at /usr/local/zed/zed-config.cmake:101 (exec_program):
  Policy CMP0153 is not set: The exec_program command should not be called.
  Run "cmake --help-policy CMP0153" for policy details.  Use the cmake_policy
  command to set the policy and suppress this warning.

  Use execute_process() instead.
Call Stack (most recent call first):
  CMakeLists.txt:74 (find_package)
This warning is for project developers.  Use -Wno-dev to suppress it.
[0m
[33mCMake Warning (dev) at /usr/local/zed/zed-config.cmake:121 (exec_program):
  Policy CMP0153 is not set: The exec_program command should not be called.
  Run "cmake --help-policy CMP0153" for policy details.  Use the cmake_policy
  command to set the policy and suppress this warning.

  Use execute_process() instead.
Call Stack (most recent call first):
  CMakeLists.txt:74 (find_package)
This warning is for project developers.  Use -Wno-dev to suppress it.
[0m
[33mCMake Warning (dev) at CMakeLists.txt:76 (exec_program):
  Policy CMP0153 is not set: The exec_program command should not be called.
  Run "cmake --help-policy CMP0153" for policy details.  Use the cmake_policy
  command to set the policy and suppress this warning.

  Use execute_process() instead.
This warning is for project developers.  Use -Wno-dev to suppress it.
[0m
[33mCMake Warning (dev) at CMakeLists.txt:81 (find_package):
  Policy CMP0146 is not set: The FindCUDA module is removed.  Run "cmake
  --help-policy CMP0146" for policy details.  Use the cmake_policy command to
  set the policy and suppress this warning.

This warning is for project developers.  Use -Wno-dev to suppress it.
[0m
-- Found CUDA: /usr/local/cuda (found version "12.8") 
-- Found ament_cmake_auto: 2.5.5 (/opt/ros/jazzy/share/ament_cmake_auto/cmake)
-- Found Python3: /home/rob/miniforge3/bin/python3 (found version "3.13.12") found components: Interpreter 
-- Found rosidl_generator_c: 4.6.7 (/opt/ros/jazzy/share/rosidl_generator_c/cmake)
-- Found rosidl_generator_cpp: 4.6.7 (/opt/ros/jazzy/share/rosidl_generator_cpp/cmake)
-- Using all available rosidl_typesupport_c: rosidl_typesupport_fastrtps_c;rosidl_typesupport_introspection_c
-- Using all available rosidl_typesupport_cpp: rosidl_typesupport_fastrtps_cpp;rosidl_typesupport_introspection_cpp
-- Found rmw_implementation_cmake: 7.3.3 (/opt/ros/jazzy/share/rmw_implementation_cmake/cmake)
-- Found rmw_fastrtps_cpp: 8.4.3 (/opt/ros/jazzy/share/rmw_fastrtps_cpp/cmake)
-- Found OpenSSL: /usr/lib/x86_64-linux-gnu/libcrypto.so (found version "3.0.13")  
-- Found FastRTPS: /opt/ros/jazzy/include (Required is at least version "2.13") 
-- Using RMW implementation 'rmw_fastrtps_cpp' as default
-- Found eigen3_cmake_module: 0.3.0 (/opt/ros/jazzy/share/eigen3_cmake_module/cmake)
-- Found Eigen3: TRUE (found version "3.4.0") 
-- Ensuring Eigen3 include directory is part of orocos-kdl CMake target
-- Found ament_lint_auto: 0.17.4 (/opt/ros/jazzy/share/ament_lint_auto/cmake)
-- Added test 'copyright' to check source files copyright and LICENSE
-- Added test 'cppcheck' to perform static code analysis on C / C++ code
-- Configured cppcheck include dirs: 
-- Configured cppcheck exclude dirs and/or files: 
-- Added test 'lint_cmake' to check CMake code style
-- Added test 'pep257' to check Python code against some of the docstring style conventions in PEP 257
-- Added test 'uncrustify' to check C / C++ code style
-- Configured uncrustify additional arguments: 
-- Added test 'xmllint' to check XML markup files
-- Configuring done (2.3s)
-- Generating done (0.0s)
-- Build files have been written to: /home/rob/project/csci5551-s26-team-pointbot/build/zed_debug
[ 50%] [32mBuilding CXX object CMakeFiles/zed_debug_proc.dir/src/zed_debug_proc.cpp.o[0m
[100%] [32m[1mLinking CXX executable zed_debug_proc[0m
[100%] Built target zed_debug_proc
-- Install configuration: ""
-- Installing: /home/rob/project/csci5551-s26-team-pointbot/install/lib/zed_debug/zed_debug_proc
-- Set non-toolchain portion of runtime path of "/home/rob/project/csci5551-s26-team-pointbot/install/lib/zed_debug/zed_debug_proc" to ""
-- Installing: /home/rob/project/csci5551-s26-team-pointbot/install/share/zed_debug/launch
-- Installing: /home/rob/project/csci5551-s26-team-pointbot/install/share/zed_debug/launch/zed_camera_debug.launch.py
-- Installing: /home/rob/project/csci5551-s26-team-pointbot/install/share/zed_debug/config
-- Installing: /home/rob/project/csci5551-s26-team-pointbot/install/share/zed_debug/config/zedm.yaml
-- Installing: /home/rob/project/csci5551-s26-team-pointbot/install/share/zed_debug/config/virtual.yaml
-- Installing: /home/rob/project/csci5551-s26-team-pointbot/install/share/zed_debug/config/custom_object_detection.yaml
-- Installing: /home/rob/project/csci5551-s26-team-pointbot/install/share/zed_debug/config/common_mono.yaml
-- Installing: /home/rob/project/csci5551-s26-team-pointbot/install/share/zed_debug/config/zed2.yaml
-- Installing: /home/rob/project/csci5551-s26-team-pointbot/install/share/zed_debug/config/zed2i.yaml
-- Installing: /home/rob/project/csci5551-s26-team-pointbot/install/share/zed_debug/config/zedxone4k.yaml
-- Installing: /home/rob/project/csci5551-s26-team-pointbot/install/share/zed_debug/config/zedxm.yaml
-- Installing: /home/rob/project/csci5551-s26-team-pointbot/install/share/zed_debug/config/zedxonehdr.yaml
-- Installing: /home/rob/project/csci5551-s26-team-pointbot/install/share/zed_debug/config/zedxhdrmax.yaml
-- Installing: /home/rob/project/csci5551-s26-team-pointbot/install/share/zed_debug/config/zedxonegs.yaml
-- Installing: /home/rob/project/csci5551-s26-team-pointbot/install/share/zed_debug/config/zed.yaml
-- Installing: /home/rob/project/csci5551-s26-team-pointbot/install/share/zed_debug/config/zedx.yaml
-- Installing: /home/rob/project/csci5551-s26-team-pointbot/install/share/zed_debug/config/zedxhdrmini.yaml
-- Installing: /home/rob/project/csci5551-s26-team-pointbot/install/share/zed_debug/config/zedxhdr.yaml
-- Installing: /home/rob/project/csci5551-s26-team-pointbot/install/share/zed_debug/config/common_stereo.yaml
-- Installing: /home/rob/project/csci5551-s26-team-pointbot/install/share/zed_debug/config/object_detection.yaml
-- Installing: /home/rob/project/csci5551-s26-team-pointbot/install/share/ament_index/resource_index/package_run_dependencies/zed_debug
-- Installing: /home/rob/project/csci5551-s26-team-pointbot/install/share/ament_index/resource_index/parent_prefix_path/zed_debug
-- Installing: /home/rob/project/csci5551-s26-team-pointbot/install/share/zed_debug/environment/ament_prefix_path.sh
-- Installing: /home/rob/project/csci5551-s26-team-pointbot/install/share/zed_debug/environment/ament_prefix_path.dsv
-- Installing: /home/rob/project/csci5551-s26-team-pointbot/install/share/zed_debug/environment/path.sh
-- Installing: /home/rob/project/csci5551-s26-team-pointbot/install/share/zed_debug/environment/path.dsv
-- Installing: /home/rob/project/csci5551-s26-team-pointbot/install/share/zed_debug/local_setup.bash
-- Installing: /home/rob/project/csci5551-s26-team-pointbot/install/share/zed_debug/local_setup.sh
-- Installing: /home/rob/project/csci5551-s26-team-pointbot/install/share/zed_debug/local_setup.zsh
-- Installing: /home/rob/project/csci5551-s26-team-pointbot/install/share/zed_debug/local_setup.dsv
-- Installing: /home/rob/project/csci5551-s26-team-pointbot/install/share/zed_debug/package.dsv
-- Installing: /home/rob/project/csci5551-s26-team-pointbot/install/share/ament_index/resource_index/packages/zed_debug
-- Installing: /home/rob/project/csci5551-s26-team-pointbot/install/share/zed_debug/cmake/zed_debugConfig.cmake
-- Installing: /home/rob/project/csci5551-s26-team-pointbot/install/share/zed_debug/cmake/zed_debugConfig-version.cmake
-- Installing: /home/rob/project/csci5551-s26-team-pointbot/install/share/zed_debug/package.xml
