[0.017s] Invoking command in '/home/rob/project/csci5551-s26-team-pointbot/build/zed_debug': CMAKE_PREFIX_PATH=${CMAKE_PREFIX_PATH}:/opt/ros/jazzy CONDA_PROMPT_MODIFIER=(base) DEBUGINFOD_URLS=https://debuginfod.ubuntu.com LD_LIBRARY_PATH=/home/rob/project/csci5551-s26-team-pointbot/install/lib:/opt/ros/jazzy/opt/sdformat_vendor/lib:/opt/ros/jazzy/opt/rviz_ogre_vendor/lib:/opt/ros/jazzy/lib/x86_64-linux-gnu:/opt/ros/jazzy/opt/gz_math_vendor/lib:/opt/ros/jazzy/opt/gz_utils_vendor/lib:/opt/ros/jazzy/opt/gz_tools_vendor/lib:/opt/ros/jazzy/opt/gz_cmake_vendor/lib:/opt/ros/jazzy/lib:/usr/local/cuda-12.8/lib64’ PYTHONPATH=/home/rob/project/csci5551-s26-team-pointbot/install/lib/python3.12/site-packages:/home/rob/project/csci5551-s26-team-pointbot/install/lib/python3.13/site-packages:/opt/ros/jazzy/lib/python3.12/site-packages:/home/rob/robotics5551:/home/rob/robotics5551 /usr/bin/cmake /home/rob/project/csci5551-s26-team-pointbot/src/zed-ros2-wrapper/zed_debug -DCMAKE_INSTALL_PREFIX=/home/rob/project/csci5551-s26-team-pointbot/install
[0.112s] -- The C compiler identification is GNU 13.3.0
[0.196s] -- The CXX compiler identification is GNU 13.3.0
[0.231s] -- Detecting C compiler ABI info
[0.404s] -- Detecting C compiler ABI info - done
[0.415s] -- Check for working C compiler: /usr/bin/cc - skipped
[0.415s] -- Detecting C compile features
[0.415s] -- Detecting C compile features - done
[0.436s] -- Detecting CXX compiler ABI info
[0.598s] -- Detecting CXX compiler ABI info - done
[0.612s] -- Check for working CXX compiler: /usr/bin/c++ - skipped
[0.612s] -- Detecting CXX compile features
[0.613s] -- Detecting CXX compile features - done
[0.619s] -- Looking for sgemm_
[0.765s] -- Looking for sgemm_ - not found
[0.766s] -- Performing Test CMAKE_HAVE_LIBC_PTHREAD
[0.905s] -- Performing Test CMAKE_HAVE_LIBC_PTHREAD - Success
[0.907s] -- Found Threads: TRUE  
[0.987s] -- Looking for sgemm_
[1.175s] -- Looking for sgemm_ - found
[1.176s] -- Found BLAS: /usr/lib/x86_64-linux-gnu/libopenblas.so  
[1.177s] [33mCMake Warning (dev) at /usr/local/zed/zed-config.cmake:79 (find_package):
[1.177s]   Policy CMP0146 is not set: The FindCUDA module is removed.  Run "cmake
[1.177s]   --help-policy CMP0146" for policy details.  Use the cmake_policy command to
[1.177s]   set the policy and suppress this warning.
[1.177s] 
[1.177s] Call Stack (most recent call first):
[1.177s]   CMakeLists.txt:74 (find_package)
[1.177s] This warning is for project developers.  Use -Wno-dev to suppress it.
[1.177s] [0m
[1.228s] -- Found CUDA: /usr/local/cuda (found suitable version "12.8", minimum required is "12") 
[1.229s] [33mCMake Warning (dev) at /usr/local/zed/zed-config.cmake:84 (exec_program):
[1.229s]   Policy CMP0153 is not set: The exec_program command should not be called.
[1.229s]   Run "cmake --help-policy CMP0153" for policy details.  Use the cmake_policy
[1.229s]   command to set the policy and suppress this warning.
[1.229s] 
[1.229s]   Use execute_process() instead.
[1.229s] Call Stack (most recent call first):
[1.229s]   CMakeLists.txt:74 (find_package)
[1.229s] This warning is for project developers.  Use -Wno-dev to suppress it.
[1.229s] [0m
[1.235s] [33mCMake Warning (dev) at /usr/local/zed/zed-config.cmake:85 (exec_program):
[1.235s]   Policy CMP0153 is not set: The exec_program command should not be called.
[1.235s]   Run "cmake --help-policy CMP0153" for policy details.  Use the cmake_policy
[1.235s]   command to set the policy and suppress this warning.
[1.235s] 
[1.235s]   Use execute_process() instead.
[1.235s] Call Stack (most recent call first):
[1.235s]   CMakeLists.txt:74 (find_package)
[1.236s] This warning is for project developers.  Use -Wno-dev to suppress it.
[1.236s] [0m
[1.242s] [33mCMake Warning (dev) at /usr/local/zed/zed-config.cmake:101 (exec_program):
[1.242s]   Policy CMP0153 is not set: The exec_program command should not be called.
[1.242s]   Run "cmake --help-policy CMP0153" for policy details.  Use the cmake_policy
[1.242s]   command to set the policy and suppress this warning.
[1.242s] 
[1.242s]   Use execute_process() instead.
[1.242s] Call Stack (most recent call first):
[1.242s]   CMakeLists.txt:74 (find_package)
[1.242s] This warning is for project developers.  Use -Wno-dev to suppress it.
[1.242s] [0m
[1.248s] [33mCMake Warning (dev) at /usr/local/zed/zed-config.cmake:121 (exec_program):
[1.248s]   Policy CMP0153 is not set: The exec_program command should not be called.
[1.248s]   Run "cmake --help-policy CMP0153" for policy details.  Use the cmake_policy
[1.248s]   command to set the policy and suppress this warning.
[1.248s] 
[1.248s]   Use execute_process() instead.
[1.248s] Call Stack (most recent call first):
[1.248s]   CMakeLists.txt:74 (find_package)
[1.248s] This warning is for project developers.  Use -Wno-dev to suppress it.
[1.248s] [0m
[1.272s] [33mCMake Warning (dev) at CMakeLists.txt:76 (exec_program):
[1.272s]   Policy CMP0153 is not set: The exec_program command should not be called.
[1.272s]   Run "cmake --help-policy CMP0153" for policy details.  Use the cmake_policy
[1.272s]   command to set the policy and suppress this warning.
[1.272s] 
[1.272s]   Use execute_process() instead.
[1.272s] This warning is for project developers.  Use -Wno-dev to suppress it.
[1.273s] [0m
[1.276s] [33mCMake Warning (dev) at CMakeLists.txt:81 (find_package):
[1.277s]   Policy CMP0146 is not set: The FindCUDA module is removed.  Run "cmake
[1.277s]   --help-policy CMP0146" for policy details.  Use the cmake_policy command to
[1.277s]   set the policy and suppress this warning.
[1.277s] 
[1.277s] This warning is for project developers.  Use -Wno-dev to suppress it.
[1.277s] [0m
[1.284s] -- Found CUDA: /usr/local/cuda (found version "12.8") 
[1.286s] -- Found ament_cmake_auto: 2.5.5 (/opt/ros/jazzy/share/ament_cmake_auto/cmake)
[1.379s] -- Found Python3: /home/rob/miniforge3/bin/python3 (found version "3.13.12") found components: Interpreter 
[1.632s] -- Found rosidl_generator_c: 4.6.7 (/opt/ros/jazzy/share/rosidl_generator_c/cmake)
[1.642s] -- Found rosidl_generator_cpp: 4.6.7 (/opt/ros/jazzy/share/rosidl_generator_cpp/cmake)
[1.653s] -- Using all available rosidl_typesupport_c: rosidl_typesupport_fastrtps_c;rosidl_typesupport_introspection_c
[1.665s] -- Using all available rosidl_typesupport_cpp: rosidl_typesupport_fastrtps_cpp;rosidl_typesupport_introspection_cpp
[1.723s] -- Found rmw_implementation_cmake: 7.3.3 (/opt/ros/jazzy/share/rmw_implementation_cmake/cmake)
[1.724s] -- Found rmw_fastrtps_cpp: 8.4.3 (/opt/ros/jazzy/share/rmw_fastrtps_cpp/cmake)
[1.834s] -- Found OpenSSL: /usr/lib/x86_64-linux-gnu/libcrypto.so (found version "3.0.13")  
[1.875s] -- Found FastRTPS: /opt/ros/jazzy/include (Required is at least version "2.13") 
[1.923s] -- Using RMW implementation 'rmw_fastrtps_cpp' as default
[2.123s] -- Found eigen3_cmake_module: 0.3.0 (/opt/ros/jazzy/share/eigen3_cmake_module/cmake)
[2.124s] -- Found Eigen3: TRUE (found version "3.4.0") 
[2.124s] -- Ensuring Eigen3 include directory is part of orocos-kdl CMake target
[2.286s] -- Found ament_lint_auto: 0.17.4 (/opt/ros/jazzy/share/ament_lint_auto/cmake)
[2.308s] -- Added test 'copyright' to check source files copyright and LICENSE
[2.309s] -- Added test 'cppcheck' to perform static code analysis on C / C++ code
[2.309s] -- Configured cppcheck include dirs: 
[2.309s] -- Configured cppcheck exclude dirs and/or files: 
[2.309s] -- Added test 'lint_cmake' to check CMake code style
[2.309s] -- Added test 'pep257' to check Python code against some of the docstring style conventions in PEP 257
[2.310s] -- Added test 'uncrustify' to check C / C++ code style
[2.310s] -- Configured uncrustify additional arguments: 
[2.310s] -- Added test 'xmllint' to check XML markup files
[2.311s] -- Configuring done (2.3s)
[2.337s] -- Generating done (0.0s)
[2.340s] -- Build files have been written to: /home/rob/project/csci5551-s26-team-pointbot/build/zed_debug
[2.354s] Invoked command in '/home/rob/project/csci5551-s26-team-pointbot/build/zed_debug' returned '0': CMAKE_PREFIX_PATH=${CMAKE_PREFIX_PATH}:/opt/ros/jazzy CONDA_PROMPT_MODIFIER=(base) DEBUGINFOD_URLS=https://debuginfod.ubuntu.com LD_LIBRARY_PATH=/home/rob/project/csci5551-s26-team-pointbot/install/lib:/opt/ros/jazzy/opt/sdformat_vendor/lib:/opt/ros/jazzy/opt/rviz_ogre_vendor/lib:/opt/ros/jazzy/lib/x86_64-linux-gnu:/opt/ros/jazzy/opt/gz_math_vendor/lib:/opt/ros/jazzy/opt/gz_utils_vendor/lib:/opt/ros/jazzy/opt/gz_tools_vendor/lib:/opt/ros/jazzy/opt/gz_cmake_vendor/lib:/opt/ros/jazzy/lib:/usr/local/cuda-12.8/lib64’ PYTHONPATH=/home/rob/project/csci5551-s26-team-pointbot/install/lib/python3.12/site-packages:/home/rob/project/csci5551-s26-team-pointbot/install/lib/python3.13/site-packages:/opt/ros/jazzy/lib/python3.12/site-packages:/home/rob/robotics5551:/home/rob/robotics5551 /usr/bin/cmake /home/rob/project/csci5551-s26-team-pointbot/src/zed-ros2-wrapper/zed_debug -DCMAKE_INSTALL_PREFIX=/home/rob/project/csci5551-s26-team-pointbot/install
[2.356s] Invoking command in '/home/rob/project/csci5551-s26-team-pointbot/build/zed_debug': CMAKE_PREFIX_PATH=${CMAKE_PREFIX_PATH}:/opt/ros/jazzy CONDA_PROMPT_MODIFIER=(base) DEBUGINFOD_URLS=https://debuginfod.ubuntu.com LD_LIBRARY_PATH=/home/rob/project/csci5551-s26-team-pointbot/install/lib:/opt/ros/jazzy/opt/sdformat_vendor/lib:/opt/ros/jazzy/opt/rviz_ogre_vendor/lib:/opt/ros/jazzy/lib/x86_64-linux-gnu:/opt/ros/jazzy/opt/gz_math_vendor/lib:/opt/ros/jazzy/opt/gz_utils_vendor/lib:/opt/ros/jazzy/opt/gz_tools_vendor/lib:/opt/ros/jazzy/opt/gz_cmake_vendor/lib:/opt/ros/jazzy/lib:/usr/local/cuda-12.8/lib64’ PYTHONPATH=/home/rob/project/csci5551-s26-team-pointbot/install/lib/python3.12/site-packages:/home/rob/project/csci5551-s26-team-pointbot/install/lib/python3.13/site-packages:/opt/ros/jazzy/lib/python3.12/site-packages:/home/rob/robotics5551:/home/rob/robotics5551 /usr/bin/cmake --build /home/rob/project/csci5551-s26-team-pointbot/build/zed_debug -- -j16 -l16
[2.468s] [ 50%] [32mBuilding CXX object CMakeFiles/zed_debug_proc.dir/src/zed_debug_proc.cpp.o[0m
[6.038s] [100%] [32m[1mLinking CXX executable zed_debug_proc[0m
[6.365s] [100%] Built target zed_debug_proc
[6.391s] Invoked command in '/home/rob/project/csci5551-s26-team-pointbot/build/zed_debug' returned '0': CMAKE_PREFIX_PATH=${CMAKE_PREFIX_PATH}:/opt/ros/jazzy CONDA_PROMPT_MODIFIER=(base) DEBUGINFOD_URLS=https://debuginfod.ubuntu.com LD_LIBRARY_PATH=/home/rob/project/csci5551-s26-team-pointbot/install/lib:/opt/ros/jazzy/opt/sdformat_vendor/lib:/opt/ros/jazzy/opt/rviz_ogre_vendor/lib:/opt/ros/jazzy/lib/x86_64-linux-gnu:/opt/ros/jazzy/opt/gz_math_vendor/lib:/opt/ros/jazzy/opt/gz_utils_vendor/lib:/opt/ros/jazzy/opt/gz_tools_vendor/lib:/opt/ros/jazzy/opt/gz_cmake_vendor/lib:/opt/ros/jazzy/lib:/usr/local/cuda-12.8/lib64’ PYTHONPATH=/home/rob/project/csci5551-s26-team-pointbot/install/lib/python3.12/site-packages:/home/rob/project/csci5551-s26-team-pointbot/install/lib/python3.13/site-packages:/opt/ros/jazzy/lib/python3.12/site-packages:/home/rob/robotics5551:/home/rob/robotics5551 /usr/bin/cmake --build /home/rob/project/csci5551-s26-team-pointbot/build/zed_debug -- -j16 -l16
[6.394s] Invoking command in '/home/rob/project/csci5551-s26-team-pointbot/build/zed_debug': CMAKE_PREFIX_PATH=${CMAKE_PREFIX_PATH}:/opt/ros/jazzy CONDA_PROMPT_MODIFIER=(base) DEBUGINFOD_URLS=https://debuginfod.ubuntu.com LD_LIBRARY_PATH=/home/rob/project/csci5551-s26-team-pointbot/install/lib:/opt/ros/jazzy/opt/sdformat_vendor/lib:/opt/ros/jazzy/opt/rviz_ogre_vendor/lib:/opt/ros/jazzy/lib/x86_64-linux-gnu:/opt/ros/jazzy/opt/gz_math_vendor/lib:/opt/ros/jazzy/opt/gz_utils_vendor/lib:/opt/ros/jazzy/opt/gz_tools_vendor/lib:/opt/ros/jazzy/opt/gz_cmake_vendor/lib:/opt/ros/jazzy/lib:/usr/local/cuda-12.8/lib64’ PYTHONPATH=/home/rob/project/csci5551-s26-team-pointbot/install/lib/python3.12/site-packages:/home/rob/project/csci5551-s26-team-pointbot/install/lib/python3.13/site-packages:/opt/ros/jazzy/lib/python3.12/site-packages:/home/rob/robotics5551:/home/rob/robotics5551 /usr/bin/cmake --install /home/rob/project/csci5551-s26-team-pointbot/build/zed_debug
[6.408s] -- Install configuration: ""
[6.408s] -- Installing: /home/rob/project/csci5551-s26-team-pointbot/install/lib/zed_debug/zed_debug_proc
[6.409s] -- Set non-toolchain portion of runtime path of "/home/rob/project/csci5551-s26-team-pointbot/install/lib/zed_debug/zed_debug_proc" to ""
[6.409s] -- Installing: /home/rob/project/csci5551-s26-team-pointbot/install/share/zed_debug/launch
[6.409s] -- Installing: /home/rob/project/csci5551-s26-team-pointbot/install/share/zed_debug/launch/zed_camera_debug.launch.py
[6.413s] -- Installing: /home/rob/project/csci5551-s26-team-pointbot/install/share/zed_debug/config
[6.413s] -- Installing: /home/rob/project/csci5551-s26-team-pointbot/install/share/zed_debug/config/zedm.yaml
[6.413s] -- Installing: /home/rob/project/csci5551-s26-team-pointbot/install/share/zed_debug/config/virtual.yaml
[6.413s] -- Installing: /home/rob/project/csci5551-s26-team-pointbot/install/share/zed_debug/config/custom_object_detection.yaml
[6.413s] -- Installing: /home/rob/project/csci5551-s26-team-pointbot/install/share/zed_debug/config/common_mono.yaml
[6.413s] -- Installing: /home/rob/project/csci5551-s26-team-pointbot/install/share/zed_debug/config/zed2.yaml
[6.413s] -- Installing: /home/rob/project/csci5551-s26-team-pointbot/install/share/zed_debug/config/zed2i.yaml
[6.413s] -- Installing: /home/rob/project/csci5551-s26-team-pointbot/install/share/zed_debug/config/zedxone4k.yaml
[6.413s] -- Installing: /home/rob/project/csci5551-s26-team-pointbot/install/share/zed_debug/config/zedxm.yaml
[6.413s] -- Installing: /home/rob/project/csci5551-s26-team-pointbot/install/share/zed_debug/config/zedxonehdr.yaml
[6.413s] -- Installing: /home/rob/project/csci5551-s26-team-pointbot/install/share/zed_debug/config/zedxhdrmax.yaml
[6.413s] -- Installing: /home/rob/project/csci5551-s26-team-pointbot/install/share/zed_debug/config/zedxonegs.yaml
[6.415s] -- Installing: /home/rob/project/csci5551-s26-team-pointbot/install/share/zed_debug/config/zed.yaml
[6.415s] -- Installing: /home/rob/project/csci5551-s26-team-pointbot/install/share/zed_debug/config/zedx.yaml
[6.415s] -- Installing: /home/rob/project/csci5551-s26-team-pointbot/install/share/zed_debug/config/zedxhdrmini.yaml
[6.415s] -- Installing: /home/rob/project/csci5551-s26-team-pointbot/install/share/zed_debug/config/zedxhdr.yaml
[6.416s] -- Installing: /home/rob/project/csci5551-s26-team-pointbot/install/share/zed_debug/config/common_stereo.yaml
[6.417s] -- Installing: /home/rob/project/csci5551-s26-team-pointbot/install/share/zed_debug/config/object_detection.yaml
[6.417s] -- Installing: /home/rob/project/csci5551-s26-team-pointbot/install/share/ament_index/resource_index/package_run_dependencies/zed_debug
[6.417s] -- Installing: /home/rob/project/csci5551-s26-team-pointbot/install/share/ament_index/resource_index/parent_prefix_path/zed_debug
[6.417s] -- Installing: /home/rob/project/csci5551-s26-team-pointbot/install/share/zed_debug/environment/ament_prefix_path.sh
[6.417s] -- Installing: /home/rob/project/csci5551-s26-team-pointbot/install/share/zed_debug/environment/ament_prefix_path.dsv
[6.417s] -- Installing: /home/rob/project/csci5551-s26-team-pointbot/install/share/zed_debug/environment/path.sh
[6.417s] -- Installing: /home/rob/project/csci5551-s26-team-pointbot/install/share/zed_debug/environment/path.dsv
[6.417s] -- Installing: /home/rob/project/csci5551-s26-team-pointbot/install/share/zed_debug/local_setup.bash
[6.417s] -- Installing: /home/rob/project/csci5551-s26-team-pointbot/install/share/zed_debug/local_setup.sh
[6.418s] -- Installing: /home/rob/project/csci5551-s26-team-pointbot/install/share/zed_debug/local_setup.zsh
[6.418s] -- Installing: /home/rob/project/csci5551-s26-team-pointbot/install/share/zed_debug/local_setup.dsv
[6.418s] -- Installing: /home/rob/project/csci5551-s26-team-pointbot/install/share/zed_debug/package.dsv
[6.418s] -- Installing: /home/rob/project/csci5551-s26-team-pointbot/install/share/ament_index/resource_index/packages/zed_debug
[6.418s] -- Installing: /home/rob/project/csci5551-s26-team-pointbot/install/share/zed_debug/cmake/zed_debugConfig.cmake
[6.418s] -- Installing: /home/rob/project/csci5551-s26-team-pointbot/install/share/zed_debug/cmake/zed_debugConfig-version.cmake
[6.418s] -- Installing: /home/rob/project/csci5551-s26-team-pointbot/install/share/zed_debug/package.xml
[6.419s] Invoked command in '/home/rob/project/csci5551-s26-team-pointbot/build/zed_debug' returned '0': CMAKE_PREFIX_PATH=${CMAKE_PREFIX_PATH}:/opt/ros/jazzy CONDA_PROMPT_MODIFIER=(base) DEBUGINFOD_URLS=https://debuginfod.ubuntu.com LD_LIBRARY_PATH=/home/rob/project/csci5551-s26-team-pointbot/install/lib:/opt/ros/jazzy/opt/sdformat_vendor/lib:/opt/ros/jazzy/opt/rviz_ogre_vendor/lib:/opt/ros/jazzy/lib/x86_64-linux-gnu:/opt/ros/jazzy/opt/gz_math_vendor/lib:/opt/ros/jazzy/opt/gz_utils_vendor/lib:/opt/ros/jazzy/opt/gz_tools_vendor/lib:/opt/ros/jazzy/opt/gz_cmake_vendor/lib:/opt/ros/jazzy/lib:/usr/local/cuda-12.8/lib64’ PYTHONPATH=/home/rob/project/csci5551-s26-team-pointbot/install/lib/python3.12/site-packages:/home/rob/project/csci5551-s26-team-pointbot/install/lib/python3.13/site-packages:/opt/ros/jazzy/lib/python3.12/site-packages:/home/rob/robotics5551:/home/rob/robotics5551 /usr/bin/cmake --install /home/rob/project/csci5551-s26-team-pointbot/build/zed_debug
