[0.380s] Invoking command in '/home/rob/project/csci5551-s26-team-pointbot/build/zed_description': CMAKE_PREFIX_PATH=${CMAKE_PREFIX_PATH}:/home/rob/project/csci5551-s26-team-pointbot/install/planning:/home/rob/project/csci5551-s26-team-pointbot/install/perception:/home/rob/project/csci5551-s26-team-pointbot/install/pointbot_rviz:/home/rob/project/csci5551-s26-team-pointbot/install/uf_ros_lib:/opt/ros/jazzy DEBUGINFOD_URLS=https://debuginfod.ubuntu.com /usr/bin/cmake /home/rob/project/csci5551-s26-team-pointbot/src/zed-ros2-description -DCMAKE_INSTALL_PREFIX=/home/rob/project/csci5551-s26-team-pointbot/install/zed_description
[0.470s] -- The C compiler identification is GNU 13.3.0
[0.596s] -- The CXX compiler identification is GNU 13.3.0
[0.622s] -- Detecting C compiler ABI info
[0.777s] -- Detecting C compiler ABI info - done
[0.840s] -- Check for working C compiler: /usr/bin/cc - skipped
[0.840s] -- Detecting C compile features
[0.841s] -- Detecting C compile features - done
[0.881s] -- Detecting CXX compiler ABI info
[0.962s] -- Detecting CXX compiler ABI info - done
[0.978s] -- Check for working CXX compiler: /usr/bin/c++ - skipped
[0.979s] -- Detecting CXX compile features
[0.979s] -- Detecting CXX compile features - done
[0.987s] -- Found ament_cmake_auto: 2.5.6 (/opt/ros/jazzy/share/ament_cmake_auto/cmake)
[1.273s] -- Found Python3: /usr/bin/python3 (found version "3.12.3") found components: Interpreter 
[1.708s] -- Found ament_lint_auto: 0.17.5 (/opt/ros/jazzy/share/ament_lint_auto/cmake)
[1.754s] -- Added test 'copyright' to check source files copyright and LICENSE
[1.761s] -- Added test 'lint_cmake' to check CMake code style
[1.763s] -- Added test 'pep257' to check Python code against some of the docstring style conventions in PEP 257
[1.769s] -- Added test 'xmllint' to check XML markup files
[1.773s] -- Configuring done (1.4s)
[1.778s] -- Generating done (0.0s)
[1.782s] -- Build files have been written to: /home/rob/project/csci5551-s26-team-pointbot/build/zed_description
[1.792s] Invoked command in '/home/rob/project/csci5551-s26-team-pointbot/build/zed_description' returned '0': CMAKE_PREFIX_PATH=${CMAKE_PREFIX_PATH}:/home/rob/project/csci5551-s26-team-pointbot/install/planning:/home/rob/project/csci5551-s26-team-pointbot/install/perception:/home/rob/project/csci5551-s26-team-pointbot/install/pointbot_rviz:/home/rob/project/csci5551-s26-team-pointbot/install/uf_ros_lib:/opt/ros/jazzy DEBUGINFOD_URLS=https://debuginfod.ubuntu.com /usr/bin/cmake /home/rob/project/csci5551-s26-team-pointbot/src/zed-ros2-description -DCMAKE_INSTALL_PREFIX=/home/rob/project/csci5551-s26-team-pointbot/install/zed_description
[1.794s] Invoking command in '/home/rob/project/csci5551-s26-team-pointbot/build/zed_description': CMAKE_PREFIX_PATH=${CMAKE_PREFIX_PATH}:/home/rob/project/csci5551-s26-team-pointbot/install/planning:/home/rob/project/csci5551-s26-team-pointbot/install/perception:/home/rob/project/csci5551-s26-team-pointbot/install/pointbot_rviz:/home/rob/project/csci5551-s26-team-pointbot/install/uf_ros_lib:/opt/ros/jazzy DEBUGINFOD_URLS=https://debuginfod.ubuntu.com /usr/bin/cmake --build /home/rob/project/csci5551-s26-team-pointbot/build/zed_description -- -j16 -l16
[1.869s] Invoked command in '/home/rob/project/csci5551-s26-team-pointbot/build/zed_description' returned '0': CMAKE_PREFIX_PATH=${CMAKE_PREFIX_PATH}:/home/rob/project/csci5551-s26-team-pointbot/install/planning:/home/rob/project/csci5551-s26-team-pointbot/install/perception:/home/rob/project/csci5551-s26-team-pointbot/install/pointbot_rviz:/home/rob/project/csci5551-s26-team-pointbot/install/uf_ros_lib:/opt/ros/jazzy DEBUGINFOD_URLS=https://debuginfod.ubuntu.com /usr/bin/cmake --build /home/rob/project/csci5551-s26-team-pointbot/build/zed_description -- -j16 -l16
[1.872s] Invoking command in '/home/rob/project/csci5551-s26-team-pointbot/build/zed_description': CMAKE_PREFIX_PATH=${CMAKE_PREFIX_PATH}:/home/rob/project/csci5551-s26-team-pointbot/install/planning:/home/rob/project/csci5551-s26-team-pointbot/install/perception:/home/rob/project/csci5551-s26-team-pointbot/install/pointbot_rviz:/home/rob/project/csci5551-s26-team-pointbot/install/uf_ros_lib:/opt/ros/jazzy DEBUGINFOD_URLS=https://debuginfod.ubuntu.com /usr/bin/cmake --install /home/rob/project/csci5551-s26-team-pointbot/build/zed_description
[1.887s] -- Install configuration: ""
[1.888s] -- Installing: /home/rob/project/csci5551-s26-team-pointbot/install/zed_description/share/zed_description/urdf
[1.888s] -- Installing: /home/rob/project/csci5551-s26-team-pointbot/install/zed_description/share/zed_description/urdf/zed_descr.urdf.xacro
[1.889s] -- Installing: /home/rob/project/csci5551-s26-team-pointbot/install/zed_description/share/zed_description/urdf/include
[1.889s] -- Installing: /home/rob/project/csci5551-s26-team-pointbot/install/zed_description/share/zed_description/urdf/include/materials.urdf.xacro
[1.889s] -- Installing: /home/rob/project/csci5551-s26-team-pointbot/install/zed_description/share/zed_description/urdf/zed_macro.urdf.xacro
[1.889s] -- Installing: /home/rob/project/csci5551-s26-team-pointbot/install/zed_description/share/zed_description/meshes
[1.890s] -- Installing: /home/rob/project/csci5551-s26-team-pointbot/install/zed_description/share/zed_description/meshes/virtual.stl
[1.890s] -- Installing: /home/rob/project/csci5551-s26-team-pointbot/install/zed_description/share/zed_description/meshes/zed2i.stl
[1.890s] -- Installing: /home/rob/project/csci5551-s26-team-pointbot/install/zed_description/share/zed_description/meshes/zedxone4k.stl
[1.892s] -- Installing: /home/rob/project/csci5551-s26-team-pointbot/install/zed_description/share/zed_description/meshes/zedxm.stl
[1.892s] -- Installing: /home/rob/project/csci5551-s26-team-pointbot/install/zed_description/share/zed_description/meshes/zedxonegs.stl
[1.894s] -- Installing: /home/rob/project/csci5551-s26-team-pointbot/install/zed_description/share/zed_description/meshes/zedm.stl
[1.894s] -- Installing: /home/rob/project/csci5551-s26-team-pointbot/install/zed_description/share/zed_description/meshes/zed2.stl
[1.895s] -- Installing: /home/rob/project/csci5551-s26-team-pointbot/install/zed_description/share/zed_description/meshes/zedxhdrmini.stl
[1.896s] -- Installing: /home/rob/project/csci5551-s26-team-pointbot/install/zed_description/share/zed_description/meshes/zed.stl
[1.896s] -- Installing: /home/rob/project/csci5551-s26-team-pointbot/install/zed_description/share/zed_description/meshes/zedxonehdr.stl
[1.897s] -- Installing: /home/rob/project/csci5551-s26-team-pointbot/install/zed_description/share/zed_description/meshes/zedx.stl
[1.897s] -- Installing: /home/rob/project/csci5551-s26-team-pointbot/install/zed_description/share/zed_description/meshes/zedxhdr.stl
[1.898s] -- Installing: /home/rob/project/csci5551-s26-team-pointbot/install/zed_description/share/zed_description/meshes/zedxhdrmax.stl
[1.899s] -- Installing: /home/rob/project/csci5551-s26-team-pointbot/install/zed_description/share/zed_description/rviz2
[1.901s] -- Installing: /home/rob/project/csci5551-s26-team-pointbot/install/zed_description/share/zed_description/rviz2/zed_description.rviz
[1.901s] -- Installing: /home/rob/project/csci5551-s26-team-pointbot/install/zed_description/share/zed_description/launch
[1.902s] -- Installing: /home/rob/project/csci5551-s26-team-pointbot/install/zed_description/share/zed_description/launch/zed_viz.launch.py
[1.902s] -- Installing: /home/rob/project/csci5551-s26-team-pointbot/install/zed_description/share/ament_index/resource_index/package_run_dependencies/zed_description
[1.902s] -- Installing: /home/rob/project/csci5551-s26-team-pointbot/install/zed_description/share/ament_index/resource_index/parent_prefix_path/zed_description
[1.902s] -- Installing: /home/rob/project/csci5551-s26-team-pointbot/install/zed_description/share/zed_description/environment/ament_prefix_path.sh
[1.902s] -- Installing: /home/rob/project/csci5551-s26-team-pointbot/install/zed_description/share/zed_description/environment/ament_prefix_path.dsv
[1.903s] -- Installing: /home/rob/project/csci5551-s26-team-pointbot/install/zed_description/share/zed_description/environment/path.sh
[1.903s] -- Installing: /home/rob/project/csci5551-s26-team-pointbot/install/zed_description/share/zed_description/environment/path.dsv
[1.903s] -- Installing: /home/rob/project/csci5551-s26-team-pointbot/install/zed_description/share/zed_description/local_setup.bash
[1.903s] -- Installing: /home/rob/project/csci5551-s26-team-pointbot/install/zed_description/share/zed_description/local_setup.sh
[1.904s] -- Installing: /home/rob/project/csci5551-s26-team-pointbot/install/zed_description/share/zed_description/local_setup.zsh
[1.904s] -- Installing: /home/rob/project/csci5551-s26-team-pointbot/install/zed_description/share/zed_description/local_setup.dsv
[1.905s] -- Installing: /home/rob/project/csci5551-s26-team-pointbot/install/zed_description/share/zed_description/package.dsv
[1.907s] -- Installing: /home/rob/project/csci5551-s26-team-pointbot/install/zed_description/share/ament_index/resource_index/packages/zed_description
[1.908s] -- Installing: /home/rob/project/csci5551-s26-team-pointbot/install/zed_description/share/zed_description/cmake/zed_descriptionConfig.cmake
[1.908s] -- Installing: /home/rob/project/csci5551-s26-team-pointbot/install/zed_description/share/zed_description/cmake/zed_descriptionConfig-version.cmake
[1.908s] -- Installing: /home/rob/project/csci5551-s26-team-pointbot/install/zed_description/share/zed_description/package.xml
[1.909s] Invoked command in '/home/rob/project/csci5551-s26-team-pointbot/build/zed_description' returned '0': CMAKE_PREFIX_PATH=${CMAKE_PREFIX_PATH}:/home/rob/project/csci5551-s26-team-pointbot/install/planning:/home/rob/project/csci5551-s26-team-pointbot/install/perception:/home/rob/project/csci5551-s26-team-pointbot/install/pointbot_rviz:/home/rob/project/csci5551-s26-team-pointbot/install/uf_ros_lib:/opt/ros/jazzy DEBUGINFOD_URLS=https://debuginfod.ubuntu.com /usr/bin/cmake --install /home/rob/project/csci5551-s26-team-pointbot/build/zed_description
