[01m[K/home/rob/project/csci5551-s26-team-pointbot/build/zed_msgs/rosidl_generator_py/zed_msgs/msg/_bounding_box3_d_s.c:11:10:[m[K [01;31m[Kfatal error: [m[Knumpy/ndarrayobject.h: No such file or directory
   11 | #include [01;31m[K"numpy/ndarrayobject.h"[m[K
      |          [01;31m[K^~~~~~~~~~~~~~~~~~~~~~~[m[K
compilation terminated.
gmake[2]: *** [CMakeFiles/zed_msgs__rosidl_generator_py.dir/build.make:174: CMakeFiles/zed_msgs__rosidl_generator_py.dir/rosidl_generator_py/zed_msgs/msg/_bounding_box3_d_s.c.o] Error 1
gmake[2]: *** Waiting for unfinished jobs....
[01m[K/home/rob/project/csci5551-s26-team-pointbot/build/zed_msgs/rosidl_generator_py/zed_msgs/msg/_keypoint2_df_s.c:11:10:[m[K [01;31m[Kfatal error: [m[Knumpy/ndarrayobject.h: No such file or directory
   11 | #include [01;31m[K"numpy/ndarrayobject.h"[m[K
      |          [01;31m[K^~~~~~~~~~~~~~~~~~~~~~~[m[K
compilation terminated.
[01m[K/home/rob/project/csci5551-s26-team-pointbot/build/zed_msgs/rosidl_generator_py/zed_msgs/msg/_skeleton3_d_s.c:11:10:[m[K [01;31m[Kfatal error: [m[Knumpy/ndarrayobject.h: No such file or directory
   11 | #include [01;31m[K"numpy/ndarrayobject.h"[m[K
      |          [01;31m[K^~~~~~~~~~~~~~~~~~~~~~~[m[K
compilation terminated.
gmake[2]: *** [CMakeFiles/zed_msgs__rosidl_generator_py.dir/build.make:118: CMakeFiles/zed_msgs__rosidl_generator_py.dir/rosidl_generator_py/zed_msgs/msg/_keypoint2_df_s.c.o] Error 1
gmake[2]: *** [CMakeFiles/zed_msgs__rosidl_generator_py.dir/build.make:202: CMakeFiles/zed_msgs__rosidl_generator_py.dir/rosidl_generator_py/zed_msgs/msg/_skeleton3_d_s.c.o] Error 1
[01m[K/home/rob/project/csci5551-s26-team-pointbot/build/zed_msgs/rosidl_generator_py/zed_msgs/msg/_keypoint2_di_s.c:11:10:[m[K [01;31m[Kfatal error: [m[Knumpy/ndarrayobject.h: No such file or directory
   11 | #include [01;31m[K"numpy/ndarrayobject.h"[m[K
      |          [01;31m[K^~~~~~~~~~~~~~~~~~~~~~~[m[K
compilation terminated.
[01m[K/home/rob/project/csci5551-s26-team-pointbot/build/zed_msgs/rosidl_generator_py/zed_msgs/msg/_pos_track_status_s.c:11:10:[m[K [01;31m[Kfatal error: [m[Knumpy/ndarrayobject.h: No such file or directory
   11 | #include [01;31m[K"numpy/ndarrayobject.h"[m[K
      |          [01;31m[K^~~~~~~~~~~~~~~~~~~~~~~[m[K
compilation terminated.
gmake[2]: *** [CMakeFiles/zed_msgs__rosidl_generator_py.dir/build.make:104: CMakeFiles/zed_msgs__rosidl_generator_py.dir/rosidl_generator_py/zed_msgs/msg/_keypoint2_di_s.c.o] Error 1
gmake[2]: *** [CMakeFiles/zed_msgs__rosidl_generator_py.dir/build.make:244: CMakeFiles/zed_msgs__rosidl_generator_py.dir/rosidl_generator_py/zed_msgs/msg/_pos_track_status_s.c.o] Error 1
[01m[K/home/rob/project/csci5551-s26-team-pointbot/build/zed_msgs/rosidl_generator_py/zed_msgs/msg/_skeleton2_d_s.c:11:10:[m[K [01;31m[Kfatal error: [m[Knumpy/ndarrayobject.h: No such file or directory
   11 | #include [01;31m[K"numpy/ndarrayobject.h"[m[K
      |          [01;31m[K^~~~~~~~~~~~~~~~~~~~~~~[m[K
compilation terminated.
gmake[2]: *** [CMakeFiles/zed_msgs__rosidl_generator_py.dir/build.make:188: CMakeFiles/zed_msgs__rosidl_generator_py.dir/rosidl_generator_py/zed_msgs/msg/_skeleton2_d_s.c.o] Error 1
[01m[K/home/rob/project/csci5551-s26-team-pointbot/build/zed_msgs/rosidl_generator_py/zed_msgs/msg/_objects_stamped_s.c:11:10:[m[K [01;31m[Kfatal error: [m[Knumpy/ndarrayobject.h: No such file or directory
   11 | #include [01;31m[K"numpy/ndarrayobject.h"[m[K
      |          [01;31m[K^~~~~~~~~~~~~~~~~~~~~~~[m[K
compilation terminated.
gmake[2]: *** [CMakeFiles/zed_msgs__rosidl_generator_py.dir/build.make:90: CMakeFiles/zed_msgs__rosidl_generator_py.dir/rosidl_generator_py/zed_msgs/msg/_objects_stamped_s.c.o] Error 1
[01m[K/home/rob/project/csci5551-s26-team-pointbot/build/zed_msgs/rosidl_generator_py/zed_msgs/msg/_mag_heading_status_s.c:11:10:[m[K [01;31m[Kfatal error: [m[Knumpy/ndarrayobject.h: No such file or directory
   11 | #include [01;31m[K"numpy/ndarrayobject.h"[m[K
      |          [01;31m[K^~~~~~~~~~~~~~~~~~~~~~~[m[K
compilation terminated.
gmake[2]: *** [CMakeFiles/zed_msgs__rosidl_generator_py.dir/build.make:286: CMakeFiles/zed_msgs__rosidl_generator_py.dir/rosidl_generator_py/zed_msgs/msg/_mag_heading_status_s.c.o] Error 1
[01m[K/home/rob/project/csci5551-s26-team-pointbot/build/zed_msgs/rosidl_generator_py/zed_msgs/msg/_heartbeat_s.c:11:10:[m[K [01;31m[Kfatal error: [m[Knumpy/ndarrayobject.h: No such file or directory
   11 | #include [01;31m[K"numpy/ndarrayobject.h"[m[K
      |          [01;31m[K^~~~~~~~~~~~~~~~~~~~~~~[m[K
compilation terminated.
gmake[2]: *** [CMakeFiles/zed_msgs__rosidl_generator_py.dir/build.make:272: CMakeFiles/zed_msgs__rosidl_generator_py.dir/rosidl_generator_py/zed_msgs/msg/_heartbeat_s.c.o] Error 1
[01m[K/home/rob/project/csci5551-s26-team-pointbot/build/zed_msgs/rosidl_generator_py/zed_msgs/msg/_object_s.c:11:10:[m[K [01;31m[Kfatal error: [m[Knumpy/ndarrayobject.h: No such file or directory
   11 | #include [01;31m[K"numpy/ndarrayobject.h"[m[K
      |          [01;31m[K^~~~~~~~~~~~~~~~~~~~~~~[m[K
compilation terminated.
gmake[2]: *** [CMakeFiles/zed_msgs__rosidl_generator_py.dir/build.make:76: CMakeFiles/zed_msgs__rosidl_generator_py.dir/rosidl_generator_py/zed_msgs/msg/_object_s.c.o] Error 1
[01m[K/home/rob/project/csci5551-s26-team-pointbot/build/zed_msgs/rosidl_generator_py/zed_msgs/msg/_keypoint3_d_s.c:11:10:[m[K [01;31m[Kfatal error: [m[Knumpy/ndarrayobject.h: No such file or directory
   11 | #include [01;31m[K"numpy/ndarrayobject.h"[m[K
      |          [01;31m[K^~~~~~~~~~~~~~~~~~~~~~~[m[K
compilation terminated.
[01m[K/home/rob/project/csci5551-s26-team-pointbot/build/zed_msgs/rosidl_generator_py/zed_msgs/msg/_bounding_box2_di_s.c:11:10:[m[K [01;31m[Kfatal error: [m[Knumpy/ndarrayobject.h: No such file or directory
   11 | #include [01;31m[K"numpy/ndarrayobject.h"[m[K
      |          [01;31m[K^~~~~~~~~~~~~~~~~~~~~~~[m[K
compilation terminated.
gmake[2]: *** [CMakeFiles/zed_msgs__rosidl_generator_py.dir/build.make:132: CMakeFiles/zed_msgs__rosidl_generator_py.dir/rosidl_generator_py/zed_msgs/msg/_keypoint3_d_s.c.o] Error 1
[01m[K/home/rob/project/csci5551-s26-team-pointbot/build/zed_msgs/rosidl_generator_py/zed_msgs/msg/_depth_info_stamped_s.c:11:10:[m[K [01;31m[Kfatal error: [m[Knumpy/ndarrayobject.h: No such file or directory
   11 | #include [01;31m[K"numpy/ndarrayobject.h"[m[K
      |          [01;31m[K^~~~~~~~~~~~~~~~~~~~~~~[m[K
compilation terminated.
gmake[2]: *** [CMakeFiles/zed_msgs__rosidl_generator_py.dir/build.make:146: CMakeFiles/zed_msgs__rosidl_generator_py.dir/rosidl_generator_py/zed_msgs/msg/_bounding_box2_di_s.c.o] Error 1
gmake[2]: *** [CMakeFiles/zed_msgs__rosidl_generator_py.dir/build.make:216: CMakeFiles/zed_msgs__rosidl_generator_py.dir/rosidl_generator_py/zed_msgs/msg/_depth_info_stamped_s.c.o] Error 1
[01m[K/home/rob/project/csci5551-s26-team-pointbot/build/zed_msgs/rosidl_generator_py/zed_msgs/msg/_bounding_box2_df_s.c:11:10:[m[K [01;31m[Kfatal error: [m[Knumpy/ndarrayobject.h: No such file or directory
   11 | #include [01;31m[K"numpy/ndarrayobject.h"[m[K
      |          [01;31m[K^~~~~~~~~~~~~~~~~~~~~~~[m[K
compilation terminated.
[01m[K/home/rob/project/csci5551-s26-team-pointbot/build/zed_msgs/rosidl_generator_py/zed_msgs/msg/_gnss_fusion_status_s.c:11:10:[m[K [01;31m[Kfatal error: [m[Knumpy/ndarrayobject.h: No such file or directory
   11 | #include [01;31m[K"numpy/ndarrayobject.h"[m[K
      |          [01;31m[K^~~~~~~~~~~~~~~~~~~~~~~[m[K
compilation terminated.
gmake[2]: *** [CMakeFiles/zed_msgs__rosidl_generator_py.dir/build.make:160: CMakeFiles/zed_msgs__rosidl_generator_py.dir/rosidl_generator_py/zed_msgs/msg/_bounding_box2_df_s.c.o] Error 1
gmake[2]: *** [CMakeFiles/zed_msgs__rosidl_generator_py.dir/build.make:258: CMakeFiles/zed_msgs__rosidl_generator_py.dir/rosidl_generator_py/zed_msgs/msg/_gnss_fusion_status_s.c.o] Error 1
[01m[K/home/rob/project/csci5551-s26-team-pointbot/build/zed_msgs/rosidl_generator_py/zed_msgs/msg/_plane_stamped_s.c:11:10:[m[K [01;31m[Kfatal error: [m[Knumpy/ndarrayobject.h: No such file or directory
   11 | #include [01;31m[K"numpy/ndarrayobject.h"[m[K
      |          [01;31m[K^~~~~~~~~~~~~~~~~~~~~~~[m[K
compilation terminated.
gmake[2]: *** [CMakeFiles/zed_msgs__rosidl_generator_py.dir/build.make:230: CMakeFiles/zed_msgs__rosidl_generator_py.dir/rosidl_generator_py/zed_msgs/msg/_plane_stamped_s.c.o] Error 1
gmake[1]: *** [CMakeFiles/Makefile2:552: CMakeFiles/zed_msgs__rosidl_generator_py.dir/all] Error 2
gmake: *** [Makefile:146: all] Error 2
