[0.279s] Invoking command in '/home/rob/project/csci5551-s26-team-pointbot/build/zed_msgs': CMAKE_PREFIX_PATH=${CMAKE_PREFIX_PATH}:/home/rob/project/csci5551-s26-team-pointbot/install/planning:/home/rob/project/csci5551-s26-team-pointbot/install/perception:/home/rob/project/csci5551-s26-team-pointbot/install/pointbot_rviz:/home/rob/project/csci5551-s26-team-pointbot/install/uf_ros_lib:/opt/ros/jazzy DEBUGINFOD_URLS=https://debuginfod.ubuntu.com /usr/bin/cmake --build /home/rob/project/csci5551-s26-team-pointbot/build/zed_msgs -- -j16 -l16
[0.452s] [  0%] Built target zed_msgs__rs
[0.456s] [  0%] Built target zed_msgs__rosidl_generator_type_description
[0.477s] [  0%] Built target ament_cmake_python_copy_zed_msgs
[0.524s] [  0%] Built target zed_msgs__cpp
[0.560s] [ 28%] Built target zed_msgs__rosidl_generator_c
[0.625s] [ 38%] Built target zed_msgs__rosidl_typesupport_fastrtps_cpp
[0.638s] [ 48%] Built target zed_msgs__rosidl_typesupport_introspection_c
[0.643s] [ 74%] Built target zed_msgs__rosidl_typesupport_cpp
[0.645s] [ 75%] Built target zed_msgs__rosidl_typesupport_c
[0.645s] [ 78%] Built target zed_msgs__rosidl_typesupport_introspection_cpp
[0.645s] [ 87%] Built target zed_msgs__rosidl_typesupport_fastrtps_c
[0.698s] [ 87%] Built target zed_msgs
[0.738s] [ 87%] Built target zed_msgs__py
[0.762s] running egg_info
[0.785s] writing zed_msgs.egg-info/PKG-INFO
[0.785s] writing dependency_links to zed_msgs.egg-info/dependency_links.txt
[0.785s] writing top-level names to zed_msgs.egg-info/top_level.txt
[0.797s] [ 88%] [32mBuilding C object CMakeFiles/zed_msgs__rosidl_generator_py.dir/rosidl_generator_py/zed_msgs/msg/_keypoint2_df_s.c.o[0m
[0.799s] [ 88%] [32mBuilding C object CMakeFiles/zed_msgs__rosidl_generator_py.dir/rosidl_generator_py/zed_msgs/msg/_objects_stamped_s.c.o[0m
[0.799s] [ 88%] [32mBuilding C object CMakeFiles/zed_msgs__rosidl_generator_py.dir/rosidl_generator_py/zed_msgs/msg/_keypoint3_d_s.c.o[0m
[0.801s] [ 88%] [32mBuilding C object CMakeFiles/zed_msgs__rosidl_generator_py.dir/rosidl_generator_py/zed_msgs/msg/_keypoint2_di_s.c.o[0m
[0.801s] [ 89%] [32mBuilding C object CMakeFiles/zed_msgs__rosidl_generator_py.dir/rosidl_generator_py/zed_msgs/msg/_bounding_box2_df_s.c.o[0m
[0.806s] [ 90%] [32mBuilding C object CMakeFiles/zed_msgs__rosidl_generator_py.dir/rosidl_generator_py/zed_msgs/msg/_object_s.c.o[0m
[0.806s] [ 90%] [32mBuilding C object CMakeFiles/zed_msgs__rosidl_generator_py.dir/rosidl_generator_py/zed_msgs/msg/_bounding_box3_d_s.c.o[0m
[0.807s] [ 90%] [32mBuilding C object CMakeFiles/zed_msgs__rosidl_generator_py.dir/rosidl_generator_py/zed_msgs/msg/_bounding_box2_di_s.c.o[0m
[0.822s] [ 91%] [32mBuilding C object CMakeFiles/zed_msgs__rosidl_generator_py.dir/rosidl_generator_py/zed_msgs/msg/_skeleton2_d_s.c.o[0m
[0.834s] [ 91%] [32mBuilding C object CMakeFiles/zed_msgs__rosidl_generator_py.dir/rosidl_generator_py/zed_msgs/msg/_skeleton3_d_s.c.o[0m
[0.834s] [ 91%] [32mBuilding C object CMakeFiles/zed_msgs__rosidl_generator_py.dir/rosidl_generator_py/zed_msgs/msg/_pos_track_status_s.c.o[0m
[0.834s] [ 91%] [32mBuilding C object CMakeFiles/zed_msgs__rosidl_generator_py.dir/rosidl_generator_py/zed_msgs/msg/_depth_info_stamped_s.c.o[0m
[0.841s] [ 92%] [32mBuilding C object CMakeFiles/zed_msgs__rosidl_generator_py.dir/rosidl_generator_py/zed_msgs/msg/_plane_stamped_s.c.o[0m
[0.841s] [ 93%] [32mBuilding C object CMakeFiles/zed_msgs__rosidl_generator_py.dir/rosidl_generator_py/zed_msgs/msg/_gnss_fusion_status_s.c.o[0m
[0.844s] [ 93%] [32mBuilding C object CMakeFiles/zed_msgs__rosidl_generator_py.dir/rosidl_generator_py/zed_msgs/msg/_heartbeat_s.c.o[0m
[0.861s] reading manifest file 'zed_msgs.egg-info/SOURCES.txt'
[0.862s] writing manifest file 'zed_msgs.egg-info/SOURCES.txt'
[0.908s] [ 93%] Built target ament_cmake_python_build_zed_msgs_egg
[0.921s] [ 93%] [32mBuilding C object CMakeFiles/zed_msgs__rosidl_generator_py.dir/rosidl_generator_py/zed_msgs/msg/_mag_heading_status_s.c.o[0m
[0.942s] [01m[K/home/rob/project/csci5551-s26-team-pointbot/build/zed_msgs/rosidl_generator_py/zed_msgs/msg/_bounding_box3_d_s.c:11:10:[m[K [01;31m[Kfatal error: [m[Knumpy/ndarrayobject.h: No such file or directory
[0.942s]    11 | #include [01;31m[K"numpy/ndarrayobject.h"[m[K
[0.942s]       |          [01;31m[K^~~~~~~~~~~~~~~~~~~~~~~[m[K
[0.942s] compilation terminated.
[0.944s] gmake[2]: *** [CMakeFiles/zed_msgs__rosidl_generator_py.dir/build.make:174: CMakeFiles/zed_msgs__rosidl_generator_py.dir/rosidl_generator_py/zed_msgs/msg/_bounding_box3_d_s.c.o] Error 1
[0.944s] gmake[2]: *** Waiting for unfinished jobs....
[0.966s] [01m[K/home/rob/project/csci5551-s26-team-pointbot/build/zed_msgs/rosidl_generator_py/zed_msgs/msg/_keypoint2_df_s.c:11:10:[m[K [01;31m[Kfatal error: [m[Knumpy/ndarrayobject.h: No such file or directory
[0.966s]    11 | #include [01;31m[K"numpy/ndarrayobject.h"[m[K
[0.966s]       |          [01;31m[K^~~~~~~~~~~~~~~~~~~~~~~[m[K
[0.966s] compilation terminated.
[0.966s] [01m[K/home/rob/project/csci5551-s26-team-pointbot/build/zed_msgs/rosidl_generator_py/zed_msgs/msg/_skeleton3_d_s.c:11:10:[m[K [01;31m[Kfatal error: [m[Knumpy/ndarrayobject.h: No such file or directory
[0.966s]    11 | #include [01;31m[K"numpy/ndarrayobject.h"[m[K
[0.966s]       |          [01;31m[K^~~~~~~~~~~~~~~~~~~~~~~[m[K
[0.966s] compilation terminated.
[0.966s] gmake[2]: *** [CMakeFiles/zed_msgs__rosidl_generator_py.dir/build.make:118: CMakeFiles/zed_msgs__rosidl_generator_py.dir/rosidl_generator_py/zed_msgs/msg/_keypoint2_df_s.c.o] Error 1
[0.969s] gmake[2]: *** [CMakeFiles/zed_msgs__rosidl_generator_py.dir/build.make:202: CMakeFiles/zed_msgs__rosidl_generator_py.dir/rosidl_generator_py/zed_msgs/msg/_skeleton3_d_s.c.o] Error 1
[0.998s] [01m[K/home/rob/project/csci5551-s26-team-pointbot/build/zed_msgs/rosidl_generator_py/zed_msgs/msg/_keypoint2_di_s.c:11:10:[m[K [01;31m[Kfatal error: [m[Knumpy/ndarrayobject.h: No such file or directory
[0.998s]    11 | #include [01;31m[K"numpy/ndarrayobject.h"[m[K
[0.999s]       |          [01;31m[K^~~~~~~~~~~~~~~~~~~~~~~[m[K
[0.999s] compilation terminated.
[1.004s] [01m[K/home/rob/project/csci5551-s26-team-pointbot/build/zed_msgs/rosidl_generator_py/zed_msgs/msg/_pos_track_status_s.c:11:10:[m[K [01;31m[Kfatal error: [m[Knumpy/ndarrayobject.h: No such file or directory
[1.004s]    11 | #include [01;31m[K"numpy/ndarrayobject.h"[m[K
[1.004s]       |          [01;31m[K^~~~~~~~~~~~~~~~~~~~~~~[m[K
[1.006s] compilation terminated.
[1.007s] gmake[2]: *** [CMakeFiles/zed_msgs__rosidl_generator_py.dir/build.make:104: CMakeFiles/zed_msgs__rosidl_generator_py.dir/rosidl_generator_py/zed_msgs/msg/_keypoint2_di_s.c.o] Error 1
[1.007s] gmake[2]: *** [CMakeFiles/zed_msgs__rosidl_generator_py.dir/build.make:244: CMakeFiles/zed_msgs__rosidl_generator_py.dir/rosidl_generator_py/zed_msgs/msg/_pos_track_status_s.c.o] Error 1
[1.018s] [01m[K/home/rob/project/csci5551-s26-team-pointbot/build/zed_msgs/rosidl_generator_py/zed_msgs/msg/_skeleton2_d_s.c:11:10:[m[K [01;31m[Kfatal error: [m[Knumpy/ndarrayobject.h: No such file or directory
[1.018s]    11 | #include [01;31m[K"numpy/ndarrayobject.h"[m[K
[1.018s]       |          [01;31m[K^~~~~~~~~~~~~~~~~~~~~~~[m[K
[1.018s] compilation terminated.
[1.024s] gmake[2]: *** [CMakeFiles/zed_msgs__rosidl_generator_py.dir/build.make:188: CMakeFiles/zed_msgs__rosidl_generator_py.dir/rosidl_generator_py/zed_msgs/msg/_skeleton2_d_s.c.o] Error 1
[1.024s] [01m[K/home/rob/project/csci5551-s26-team-pointbot/build/zed_msgs/rosidl_generator_py/zed_msgs/msg/_objects_stamped_s.c:11:10:[m[K [01;31m[Kfatal error: [m[Knumpy/ndarrayobject.h: No such file or directory
[1.024s]    11 | #include [01;31m[K"numpy/ndarrayobject.h"[m[K
[1.024s]       |          [01;31m[K^~~~~~~~~~~~~~~~~~~~~~~[m[K
[1.024s] compilation terminated.
[1.025s] gmake[2]: *** [CMakeFiles/zed_msgs__rosidl_generator_py.dir/build.make:90: CMakeFiles/zed_msgs__rosidl_generator_py.dir/rosidl_generator_py/zed_msgs/msg/_objects_stamped_s.c.o] Error 1
[1.031s] [01m[K/home/rob/project/csci5551-s26-team-pointbot/build/zed_msgs/rosidl_generator_py/zed_msgs/msg/_mag_heading_status_s.c:11:10:[m[K [01;31m[Kfatal error: [m[Knumpy/ndarrayobject.h: No such file or directory
[1.031s]    11 | #include [01;31m[K"numpy/ndarrayobject.h"[m[K
[1.031s]       |          [01;31m[K^~~~~~~~~~~~~~~~~~~~~~~[m[K
[1.031s] compilation terminated.
[1.032s] gmake[2]: *** [CMakeFiles/zed_msgs__rosidl_generator_py.dir/build.make:286: CMakeFiles/zed_msgs__rosidl_generator_py.dir/rosidl_generator_py/zed_msgs/msg/_mag_heading_status_s.c.o] Error 1
[1.037s] [01m[K/home/rob/project/csci5551-s26-team-pointbot/build/zed_msgs/rosidl_generator_py/zed_msgs/msg/_heartbeat_s.c:11:10:[m[K [01;31m[Kfatal error: [m[Knumpy/ndarrayobject.h: No such file or directory
[1.037s]    11 | #include [01;31m[K"numpy/ndarrayobject.h"[m[K
[1.037s]       |          [01;31m[K^~~~~~~~~~~~~~~~~~~~~~~[m[K
[1.037s] compilation terminated.
[1.040s] gmake[2]: *** [CMakeFiles/zed_msgs__rosidl_generator_py.dir/build.make:272: CMakeFiles/zed_msgs__rosidl_generator_py.dir/rosidl_generator_py/zed_msgs/msg/_heartbeat_s.c.o] Error 1
[1.041s] [01m[K/home/rob/project/csci5551-s26-team-pointbot/build/zed_msgs/rosidl_generator_py/zed_msgs/msg/_object_s.c:11:10:[m[K [01;31m[Kfatal error: [m[Knumpy/ndarrayobject.h: No such file or directory
[1.041s]    11 | #include [01;31m[K"numpy/ndarrayobject.h"[m[K
[1.041s]       |          [01;31m[K^~~~~~~~~~~~~~~~~~~~~~~[m[K
[1.041s] compilation terminated.
[1.044s] gmake[2]: *** [CMakeFiles/zed_msgs__rosidl_generator_py.dir/build.make:76: CMakeFiles/zed_msgs__rosidl_generator_py.dir/rosidl_generator_py/zed_msgs/msg/_object_s.c.o] Error 1
[1.046s] [01m[K/home/rob/project/csci5551-s26-team-pointbot/build/zed_msgs/rosidl_generator_py/zed_msgs/msg/_keypoint3_d_s.c:11:10:[m[K [01;31m[Kfatal error: [m[Knumpy/ndarrayobject.h: No such file or directory
[1.046s]    11 | #include [01;31m[K"numpy/ndarrayobject.h"[m[K
[1.046s]       |          [01;31m[K^~~~~~~~~~~~~~~~~~~~~~~[m[K
[1.047s] compilation terminated.
[1.048s] [01m[K/home/rob/project/csci5551-s26-team-pointbot/build/zed_msgs/rosidl_generator_py/zed_msgs/msg/_bounding_box2_di_s.c:11:10:[m[K [01;31m[Kfatal error: [m[Knumpy/ndarrayobject.h: No such file or directory
[1.048s]    11 | #include [01;31m[K"numpy/ndarrayobject.h"[m[K
[1.048s]       |          [01;31m[K^~~~~~~~~~~~~~~~~~~~~~~[m[K
[1.048s] compilation terminated.
[1.049s] gmake[2]: *** [CMakeFiles/zed_msgs__rosidl_generator_py.dir/build.make:132: CMakeFiles/zed_msgs__rosidl_generator_py.dir/rosidl_generator_py/zed_msgs/msg/_keypoint3_d_s.c.o] Error 1
[1.051s] [01m[K/home/rob/project/csci5551-s26-team-pointbot/build/zed_msgs/rosidl_generator_py/zed_msgs/msg/_depth_info_stamped_s.c:11:10:[m[K [01;31m[Kfatal error: [m[Knumpy/ndarrayobject.h: No such file or directory
[1.051s]    11 | #include [01;31m[K"numpy/ndarrayobject.h"[m[K
[1.051s]       |          [01;31m[K^~~~~~~~~~~~~~~~~~~~~~~[m[K
[1.051s] compilation terminated.
[1.051s] gmake[2]: *** [CMakeFiles/zed_msgs__rosidl_generator_py.dir/build.make:146: CMakeFiles/zed_msgs__rosidl_generator_py.dir/rosidl_generator_py/zed_msgs/msg/_bounding_box2_di_s.c.o] Error 1
[1.053s] gmake[2]: *** [CMakeFiles/zed_msgs__rosidl_generator_py.dir/build.make:216: CMakeFiles/zed_msgs__rosidl_generator_py.dir/rosidl_generator_py/zed_msgs/msg/_depth_info_stamped_s.c.o] Error 1
[1.056s] [01m[K/home/rob/project/csci5551-s26-team-pointbot/build/zed_msgs/rosidl_generator_py/zed_msgs/msg/_bounding_box2_df_s.c:11:10:[m[K [01;31m[Kfatal error: [m[Knumpy/ndarrayobject.h: No such file or directory
[1.057s]    11 | #include [01;31m[K"numpy/ndarrayobject.h"[m[K
[1.057s]       |          [01;31m[K^~~~~~~~~~~~~~~~~~~~~~~[m[K
[1.057s] compilation terminated.
[1.058s] [01m[K/home/rob/project/csci5551-s26-team-pointbot/build/zed_msgs/rosidl_generator_py/zed_msgs/msg/_gnss_fusion_status_s.c:11:10:[m[K [01;31m[Kfatal error: [m[Knumpy/ndarrayobject.h: No such file or directory
[1.058s]    11 | #include [01;31m[K"numpy/ndarrayobject.h"[m[K
[1.058s]       |          [01;31m[K^~~~~~~~~~~~~~~~~~~~~~~[m[K
[1.058s] compilation terminated.
[1.059s] gmake[2]: *** [CMakeFiles/zed_msgs__rosidl_generator_py.dir/build.make:160: CMakeFiles/zed_msgs__rosidl_generator_py.dir/rosidl_generator_py/zed_msgs/msg/_bounding_box2_df_s.c.o] Error 1
[1.060s] gmake[2]: *** [CMakeFiles/zed_msgs__rosidl_generator_py.dir/build.make:258: CMakeFiles/zed_msgs__rosidl_generator_py.dir/rosidl_generator_py/zed_msgs/msg/_gnss_fusion_status_s.c.o] Error 1
[1.091s] [01m[K/home/rob/project/csci5551-s26-team-pointbot/build/zed_msgs/rosidl_generator_py/zed_msgs/msg/_plane_stamped_s.c:11:10:[m[K [01;31m[Kfatal error: [m[Knumpy/ndarrayobject.h: No such file or directory
[1.091s]    11 | #include [01;31m[K"numpy/ndarrayobject.h"[m[K
[1.091s]       |          [01;31m[K^~~~~~~~~~~~~~~~~~~~~~~[m[K
[1.091s] compilation terminated.
[1.095s] gmake[2]: *** [CMakeFiles/zed_msgs__rosidl_generator_py.dir/build.make:230: CMakeFiles/zed_msgs__rosidl_generator_py.dir/rosidl_generator_py/zed_msgs/msg/_plane_stamped_s.c.o] Error 1
[1.095s] gmake[1]: *** [CMakeFiles/Makefile2:552: CMakeFiles/zed_msgs__rosidl_generator_py.dir/all] Error 2
[1.096s] gmake: *** [Makefile:146: all] Error 2
[1.389s] Invoked command in '/home/rob/project/csci5551-s26-team-pointbot/build/zed_msgs' returned '2': CMAKE_PREFIX_PATH=${CMAKE_PREFIX_PATH}:/home/rob/project/csci5551-s26-team-pointbot/install/planning:/home/rob/project/csci5551-s26-team-pointbot/install/perception:/home/rob/project/csci5551-s26-team-pointbot/install/pointbot_rviz:/home/rob/project/csci5551-s26-team-pointbot/install/uf_ros_lib:/opt/ros/jazzy DEBUGINFOD_URLS=https://debuginfod.ubuntu.com /usr/bin/cmake --build /home/rob/project/csci5551-s26-team-pointbot/build/zed_msgs -- -j16 -l16
