[0.028s] Invoking command in '/home/rob/project/csci5551-s26-team-pointbot/build/xarm_controller': CMAKE_PREFIX_PATH=${CMAKE_PREFIX_PATH}:/opt/ros/jazzy CONDA_PROMPT_MODIFIER=(base) DEBUGINFOD_URLS=https://debuginfod.ubuntu.com LD_LIBRARY_PATH=/home/rob/project/csci5551-s26-team-pointbot/install/lib:/opt/ros/jazzy/opt/sdformat_vendor/lib:/opt/ros/jazzy/opt/rviz_ogre_vendor/lib:/opt/ros/jazzy/lib/x86_64-linux-gnu:/opt/ros/jazzy/opt/gz_math_vendor/lib:/opt/ros/jazzy/opt/gz_utils_vendor/lib:/opt/ros/jazzy/opt/gz_tools_vendor/lib:/opt/ros/jazzy/opt/gz_cmake_vendor/lib:/opt/ros/jazzy/lib:/usr/local/cuda-12.8/lib64’ PYTHONPATH=/home/rob/project/csci5551-s26-team-pointbot/install/lib/python3.12/site-packages:/home/rob/project/csci5551-s26-team-pointbot/install/lib/python3.13/site-packages:/opt/ros/jazzy/lib/python3.12/site-packages:/home/rob/robotics5551:/home/rob/robotics5551 /usr/bin/cmake /home/rob/project/csci5551-s26-team-pointbot/src/xarm_ros2/xarm_controller -DCMAKE_INSTALL_PREFIX=/home/rob/project/csci5551-s26-team-pointbot/install
[0.133s] -- The C compiler identification is GNU 13.3.0
[0.210s] -- The CXX compiler identification is GNU 13.3.0
[0.241s] -- Detecting C compiler ABI info
[0.403s] -- Detecting C compiler ABI info - done
[0.425s] -- Check for working C compiler: /usr/bin/cc - skipped
[0.425s] -- Detecting C compile features
[0.426s] -- Detecting C compile features - done
[0.444s] -- Detecting CXX compiler ABI info
[0.618s] -- Detecting CXX compiler ABI info - done
[0.639s] -- Check for working CXX compiler: /usr/bin/c++ - skipped
[0.640s] -- Detecting CXX compile features
[0.640s] -- Detecting CXX compile features - done
[0.643s] -- Found ament_cmake: 2.5.5 (/opt/ros/jazzy/share/ament_cmake/cmake)
[0.836s] -- Found Python3: /home/rob/miniforge3/bin/python3 (found version "3.13.12") found components: Interpreter 
[0.977s] -- Found ament_lint_auto: 0.17.4 (/opt/ros/jazzy/share/ament_lint_auto/cmake)
[1.104s] -- Found hardware_interface: 4.42.2 (/opt/ros/jazzy/share/hardware_interface/cmake)
[1.138s] -- Found rosidl_generator_c: 4.6.7 (/opt/ros/jazzy/share/rosidl_generator_c/cmake)
[1.148s] -- Found rosidl_generator_cpp: 4.6.7 (/opt/ros/jazzy/share/rosidl_generator_cpp/cmake)
[1.159s] -- Using all available rosidl_typesupport_c: rosidl_typesupport_fastrtps_c;rosidl_typesupport_introspection_c
[1.170s] -- Using all available rosidl_typesupport_cpp: rosidl_typesupport_fastrtps_cpp;rosidl_typesupport_introspection_cpp
[1.288s] -- Found TinyXML2 via Config file: /usr/lib/x86_64-linux-gnu/cmake/tinyxml2
[1.312s] -- Found rmw_implementation_cmake: 7.3.3 (/opt/ros/jazzy/share/rmw_implementation_cmake/cmake)
[1.313s] -- Found rmw_fastrtps_cpp: 8.4.3 (/opt/ros/jazzy/share/rmw_fastrtps_cpp/cmake)
[1.326s] -- Found TinyXML2 via Config file: /usr/lib/x86_64-linux-gnu/cmake/tinyxml2
[1.414s] -- Found OpenSSL: /usr/lib/x86_64-linux-gnu/libcrypto.so (found version "3.0.13")  
[1.421s] -- Found TinyXML2 via Config file: /usr/lib/x86_64-linux-gnu/cmake/tinyxml2
[1.459s] -- Found FastRTPS: /opt/ros/jazzy/include (Required is at least version "2.13") 
[1.462s] -- Found TinyXML2 via Config file: /usr/lib/x86_64-linux-gnu/cmake/tinyxml2
[1.479s] -- Found TinyXML2 via Config file: /usr/lib/x86_64-linux-gnu/cmake/tinyxml2
[1.506s] -- Using RMW implementation 'rmw_fastrtps_cpp' as default
[1.812s] -- Found controller_manager_msgs: 4.42.2 (/opt/ros/jazzy/share/controller_manager_msgs/cmake)
[1.850s] -- Found xarm_msgs: 0.0.0 (/home/rob/project/csci5551-s26-team-pointbot/install/share/xarm_msgs/cmake)
[1.886s] -- Found xarm_api: 0.0.0 (/home/rob/project/csci5551-s26-team-pointbot/install/share/xarm_api/cmake)
[1.886s] -- Found xarm_sdk: 0.0.0 (/home/rob/project/csci5551-s26-team-pointbot/install/share/xarm_sdk/cmake)
[1.891s] -- Added test 'copyright' to check source files copyright and LICENSE
[1.892s] -- Added test 'cppcheck' to perform static code analysis on C / C++ code
[1.892s] -- Configured cppcheck include dirs: /home/rob/project/csci5551-s26-team-pointbot/src/xarm_ros2/xarm_controller/include
[1.892s] -- Configured cppcheck exclude dirs and/or files: 
[1.893s] -- Added test 'cpplint' to check C / C++ code against the Google style
[1.893s] -- Configured cpplint exclude dirs and/or files: 
[1.894s] -- Added test 'flake8' to check Python code syntax and style conventions
[1.894s] -- Configured 'flake8' exclude dirs and/or files: 
[1.894s] -- Added test 'lint_cmake' to check CMake code style
[1.894s] -- Added test 'pep257' to check Python code against some of the docstring style conventions in PEP 257
[1.895s] -- Added test 'uncrustify' to check C / C++ code style
[1.895s] -- Configured uncrustify additional arguments: 
[1.895s] -- Added test 'xmllint' to check XML markup files
[1.897s] -- Configuring done (1.9s)
[1.911s] -- Generating done (0.0s)
[1.913s] -- Build files have been written to: /home/rob/project/csci5551-s26-team-pointbot/build/xarm_controller
[1.925s] Invoked command in '/home/rob/project/csci5551-s26-team-pointbot/build/xarm_controller' returned '0': CMAKE_PREFIX_PATH=${CMAKE_PREFIX_PATH}:/opt/ros/jazzy CONDA_PROMPT_MODIFIER=(base) DEBUGINFOD_URLS=https://debuginfod.ubuntu.com LD_LIBRARY_PATH=/home/rob/project/csci5551-s26-team-pointbot/install/lib:/opt/ros/jazzy/opt/sdformat_vendor/lib:/opt/ros/jazzy/opt/rviz_ogre_vendor/lib:/opt/ros/jazzy/lib/x86_64-linux-gnu:/opt/ros/jazzy/opt/gz_math_vendor/lib:/opt/ros/jazzy/opt/gz_utils_vendor/lib:/opt/ros/jazzy/opt/gz_tools_vendor/lib:/opt/ros/jazzy/opt/gz_cmake_vendor/lib:/opt/ros/jazzy/lib:/usr/local/cuda-12.8/lib64’ PYTHONPATH=/home/rob/project/csci5551-s26-team-pointbot/install/lib/python3.12/site-packages:/home/rob/project/csci5551-s26-team-pointbot/install/lib/python3.13/site-packages:/opt/ros/jazzy/lib/python3.12/site-packages:/home/rob/robotics5551:/home/rob/robotics5551 /usr/bin/cmake /home/rob/project/csci5551-s26-team-pointbot/src/xarm_ros2/xarm_controller -DCMAKE_INSTALL_PREFIX=/home/rob/project/csci5551-s26-team-pointbot/install
[1.927s] Invoking command in '/home/rob/project/csci5551-s26-team-pointbot/build/xarm_controller': CMAKE_PREFIX_PATH=${CMAKE_PREFIX_PATH}:/opt/ros/jazzy CONDA_PROMPT_MODIFIER=(base) DEBUGINFOD_URLS=https://debuginfod.ubuntu.com LD_LIBRARY_PATH=/home/rob/project/csci5551-s26-team-pointbot/install/lib:/opt/ros/jazzy/opt/sdformat_vendor/lib:/opt/ros/jazzy/opt/rviz_ogre_vendor/lib:/opt/ros/jazzy/lib/x86_64-linux-gnu:/opt/ros/jazzy/opt/gz_math_vendor/lib:/opt/ros/jazzy/opt/gz_utils_vendor/lib:/opt/ros/jazzy/opt/gz_tools_vendor/lib:/opt/ros/jazzy/opt/gz_cmake_vendor/lib:/opt/ros/jazzy/lib:/usr/local/cuda-12.8/lib64’ PYTHONPATH=/home/rob/project/csci5551-s26-team-pointbot/install/lib/python3.12/site-packages:/home/rob/project/csci5551-s26-team-pointbot/install/lib/python3.13/site-packages:/opt/ros/jazzy/lib/python3.12/site-packages:/home/rob/robotics5551:/home/rob/robotics5551 /usr/bin/cmake --build /home/rob/project/csci5551-s26-team-pointbot/build/xarm_controller -- -j16 -l16
[2.038s] [ 33%] [32mBuilding CXX object CMakeFiles/uf_robot_hardware.dir/src/hardware/uf_robot_fake_system_hardware.cpp.o[0m
[2.038s] [ 66%] [32mBuilding CXX object CMakeFiles/uf_robot_hardware.dir/src/hardware/uf_robot_system_hardware.cpp.o[0m
[6.123s] [01m[K/home/rob/project/csci5551-s26-team-pointbot/src/xarm_ros2/xarm_controller/src/hardware/uf_robot_system_hardware.cpp:[m[K In member function ‘[01m[Kvirtual uf_robot_hardware::CallbackReturn uf_robot_hardware::UFRobotSystemHardware::[01;32m[Kon_init[m[K(const hardware_interface::HardwareInfo&)[m[K’:
[6.123s] [01m[K/home/rob/project/csci5551-s26-team-pointbot/src/xarm_ros2/xarm_controller/src/hardware/uf_robot_system_hardware.cpp:163:57:[m[K [01;35m[Kwarning: [m[K‘[01m[Kvirtual rclcpp_lifecycle::node_interfaces::LifecycleNodeInterface::CallbackReturn hardware_interface::HardwareComponentInterface::[01;32m[Kon_init[m[K(const hardware_interface::HardwareInfo&)[m[K’ is deprecated: Use on_init(const HardwareComponentInterfaceParams & params) instead. [[01;35m[K]8;;https://gcc.gnu.org/onlinedocs/gcc/Warning-Options.html#index-Wdeprecated-declarations-Wdeprecated-declarations]8;;[m[K]
[6.123s]   163 |         if ([01;35m[Khardware_interface::SystemInterface::on_init(info)[m[K != CallbackReturn::SUCCESS) {
[6.123s]       |             [01;35m[K~~~~~~~~~~~~~~~~~~~~~~~~~~~~~~~~~~~~~~~~~~~~^~~~~~[m[K
[6.123s] In file included from [01m[K/opt/ros/jazzy/include/hardware_interface/hardware_interface/system_interface.hpp:18[m[K,
[6.123s]                  from [01m[K/home/rob/project/csci5551-s26-team-pointbot/src/xarm_ros2/xarm_controller/include/xarm_controller/hardware/uf_robot_system_hardware.h:22[m[K,
[6.123s]                  from [01m[K/home/rob/project/csci5551-s26-team-pointbot/src/xarm_ros2/xarm_controller/src/hardware/uf_robot_system_hardware.cpp:9[m[K:
[6.123s] [01m[K/opt/ros/jazzy/include/hardware_interface/hardware_interface/hardware_component_interface.hpp:140:26:[m[K [01;36m[Knote: [m[Kdeclared here
[6.123s]   140 |   virtual CallbackReturn [01;36m[Kon_init[m[K(const HardwareInfo & hardware_info);
[6.123s]       |                          [01;36m[K^~~~~~~[m[K
[10.415s] [100%] [32m[1mLinking CXX shared library libuf_robot_hardware.so[0m
[11.482s] [100%] Built target uf_robot_hardware
[11.501s] Invoked command in '/home/rob/project/csci5551-s26-team-pointbot/build/xarm_controller' returned '0': CMAKE_PREFIX_PATH=${CMAKE_PREFIX_PATH}:/opt/ros/jazzy CONDA_PROMPT_MODIFIER=(base) DEBUGINFOD_URLS=https://debuginfod.ubuntu.com LD_LIBRARY_PATH=/home/rob/project/csci5551-s26-team-pointbot/install/lib:/opt/ros/jazzy/opt/sdformat_vendor/lib:/opt/ros/jazzy/opt/rviz_ogre_vendor/lib:/opt/ros/jazzy/lib/x86_64-linux-gnu:/opt/ros/jazzy/opt/gz_math_vendor/lib:/opt/ros/jazzy/opt/gz_utils_vendor/lib:/opt/ros/jazzy/opt/gz_tools_vendor/lib:/opt/ros/jazzy/opt/gz_cmake_vendor/lib:/opt/ros/jazzy/lib:/usr/local/cuda-12.8/lib64’ PYTHONPATH=/home/rob/project/csci5551-s26-team-pointbot/install/lib/python3.12/site-packages:/home/rob/project/csci5551-s26-team-pointbot/install/lib/python3.13/site-packages:/opt/ros/jazzy/lib/python3.12/site-packages:/home/rob/robotics5551:/home/rob/robotics5551 /usr/bin/cmake --build /home/rob/project/csci5551-s26-team-pointbot/build/xarm_controller -- -j16 -l16
[11.503s] Invoking command in '/home/rob/project/csci5551-s26-team-pointbot/build/xarm_controller': CMAKE_PREFIX_PATH=${CMAKE_PREFIX_PATH}:/opt/ros/jazzy CONDA_PROMPT_MODIFIER=(base) DEBUGINFOD_URLS=https://debuginfod.ubuntu.com LD_LIBRARY_PATH=/home/rob/project/csci5551-s26-team-pointbot/install/lib:/opt/ros/jazzy/opt/sdformat_vendor/lib:/opt/ros/jazzy/opt/rviz_ogre_vendor/lib:/opt/ros/jazzy/lib/x86_64-linux-gnu:/opt/ros/jazzy/opt/gz_math_vendor/lib:/opt/ros/jazzy/opt/gz_utils_vendor/lib:/opt/ros/jazzy/opt/gz_tools_vendor/lib:/opt/ros/jazzy/opt/gz_cmake_vendor/lib:/opt/ros/jazzy/lib:/usr/local/cuda-12.8/lib64’ PYTHONPATH=/home/rob/project/csci5551-s26-team-pointbot/install/lib/python3.12/site-packages:/home/rob/project/csci5551-s26-team-pointbot/install/lib/python3.13/site-packages:/opt/ros/jazzy/lib/python3.12/site-packages:/home/rob/robotics5551:/home/rob/robotics5551 /usr/bin/cmake --install /home/rob/project/csci5551-s26-team-pointbot/build/xarm_controller
[11.516s] -- Install configuration: ""
[11.517s] -- Installing: /home/rob/project/csci5551-s26-team-pointbot/install/share/xarm_controller/uf_hardware_interface_plugins.xml
[11.517s] -- Up-to-date: /home/rob/project/csci5551-s26-team-pointbot/install/include
[11.517s] -- Installing: /home/rob/project/csci5551-s26-team-pointbot/install/include/xarm_controller
[11.517s] -- Installing: /home/rob/project/csci5551-s26-team-pointbot/install/include/xarm_controller/hardware
[11.517s] -- Installing: /home/rob/project/csci5551-s26-team-pointbot/install/include/xarm_controller/hardware/uf_robot_fake_system_hardware.h
[11.517s] -- Installing: /home/rob/project/csci5551-s26-team-pointbot/install/include/xarm_controller/hardware/bak_uf_robot_fake_system_hardware.h
[11.518s] -- Installing: /home/rob/project/csci5551-s26-team-pointbot/install/include/xarm_controller/hardware/uf_robot_system_hardware.h
[11.518s] -- Installing: /home/rob/project/csci5551-s26-team-pointbot/install/lib/libuf_robot_hardware.so
[11.520s] -- Set non-toolchain portion of runtime path of "/home/rob/project/csci5551-s26-team-pointbot/install/lib/libuf_robot_hardware.so" to ""
[11.520s] -- Installing: /home/rob/project/csci5551-s26-team-pointbot/install/share/xarm_controller//launch
[11.520s] -- Installing: /home/rob/project/csci5551-s26-team-pointbot/install/share/xarm_controller//launch/lite6_control_rviz_display.launch.py
[11.520s] -- Installing: /home/rob/project/csci5551-s26-team-pointbot/install/share/xarm_controller//launch/xarm6_control_rviz_display.launch.py
[11.520s] -- Installing: /home/rob/project/csci5551-s26-team-pointbot/install/share/xarm_controller//launch/xarm5_control_rviz_display.launch.py
[11.521s] -- Installing: /home/rob/project/csci5551-s26-team-pointbot/install/share/xarm_controller//launch/_dual_ros2_control.launch.py
[11.521s] -- Installing: /home/rob/project/csci5551-s26-team-pointbot/install/share/xarm_controller//launch/uf850_control_rviz_display.launch.py
[11.521s] -- Installing: /home/rob/project/csci5551-s26-team-pointbot/install/share/xarm_controller//launch/_robot_ros2_control.launch.py
[11.521s] -- Installing: /home/rob/project/csci5551-s26-team-pointbot/install/share/xarm_controller//launch/lib
[11.521s] -- Installing: /home/rob/project/csci5551-s26-team-pointbot/install/share/xarm_controller//launch/lib/robot_controller_lib.py
[11.521s] -- Installing: /home/rob/project/csci5551-s26-team-pointbot/install/share/xarm_controller//launch/_ros2_control.launch.py
[11.521s] -- Installing: /home/rob/project/csci5551-s26-team-pointbot/install/share/xarm_controller//launch/xarm7_mirror_control_rviz_display.launch.py
[11.521s] -- Installing: /home/rob/project/csci5551-s26-team-pointbot/install/share/xarm_controller//launch/xarm7_control_rviz_display.launch.py
[11.522s] -- Installing: /home/rob/project/csci5551-s26-team-pointbot/install/share/xarm_controller//config
[11.522s] -- Installing: /home/rob/project/csci5551-s26-team-pointbot/install/share/xarm_controller//config/lite6_controllers.yaml
[11.522s] -- Installing: /home/rob/project/csci5551-s26-team-pointbot/install/share/xarm_controller//config/xarm6_controllers.yaml
[11.522s] -- Installing: /home/rob/project/csci5551-s26-team-pointbot/install/share/xarm_controller//config/xarm5_controllers.yaml
[11.522s] -- Installing: /home/rob/project/csci5551-s26-team-pointbot/install/share/xarm_controller//config/xarm7_mirror_controllers.yaml
[11.522s] -- Installing: /home/rob/project/csci5551-s26-team-pointbot/install/share/xarm_controller//config/uf850_gripper_controllers.yaml
[11.522s] -- Installing: /home/rob/project/csci5551-s26-team-pointbot/install/share/xarm_controller//config/xarm_gripper_controllers.yaml
[11.523s] -- Installing: /home/rob/project/csci5551-s26-team-pointbot/install/share/xarm_controller//config/xarm7_mirror_gripper_controllers.yaml
[11.523s] -- Installing: /home/rob/project/csci5551-s26-team-pointbot/install/share/xarm_controller//config/xarm7_controllers.yaml
[11.523s] -- Installing: /home/rob/project/csci5551-s26-team-pointbot/install/share/xarm_controller//config/bio_gripper_controllers.yaml
[11.523s] -- Installing: /home/rob/project/csci5551-s26-team-pointbot/install/share/xarm_controller//config/uf850_controllers.yaml
[11.523s] -- Installing: /home/rob/project/csci5551-s26-team-pointbot/install/share/xarm_controller/environment/library_path.sh
[11.523s] -- Installing: /home/rob/project/csci5551-s26-team-pointbot/install/share/xarm_controller/environment/library_path.dsv
[11.524s] -- Installing: /home/rob/project/csci5551-s26-team-pointbot/install/share/ament_index/resource_index/package_run_dependencies/xarm_controller
[11.524s] -- Installing: /home/rob/project/csci5551-s26-team-pointbot/install/share/ament_index/resource_index/parent_prefix_path/xarm_controller
[11.524s] -- Installing: /home/rob/project/csci5551-s26-team-pointbot/install/share/xarm_controller/environment/ament_prefix_path.sh
[11.524s] -- Installing: /home/rob/project/csci5551-s26-team-pointbot/install/share/xarm_controller/environment/ament_prefix_path.dsv
[11.524s] -- Installing: /home/rob/project/csci5551-s26-team-pointbot/install/share/xarm_controller/environment/path.sh
[11.524s] -- Installing: /home/rob/project/csci5551-s26-team-pointbot/install/share/xarm_controller/environment/path.dsv
[11.525s] -- Installing: /home/rob/project/csci5551-s26-team-pointbot/install/share/xarm_controller/local_setup.bash
[11.525s] -- Installing: /home/rob/project/csci5551-s26-team-pointbot/install/share/xarm_controller/local_setup.sh
[11.525s] -- Installing: /home/rob/project/csci5551-s26-team-pointbot/install/share/xarm_controller/local_setup.zsh
[11.526s] -- Installing: /home/rob/project/csci5551-s26-team-pointbot/install/share/xarm_controller/local_setup.dsv
[11.526s] -- Installing: /home/rob/project/csci5551-s26-team-pointbot/install/share/xarm_controller/package.dsv
[11.526s] -- Installing: /home/rob/project/csci5551-s26-team-pointbot/install/share/ament_index/resource_index/packages/xarm_controller
[11.526s] -- Installing: /home/rob/project/csci5551-s26-team-pointbot/install/share/ament_index/resource_index/hardware_interface__pluginlib__plugin/xarm_controller
[11.526s] -- Installing: /home/rob/project/csci5551-s26-team-pointbot/install/share/xarm_controller/cmake/ament_cmake_export_include_directories-extras.cmake
[11.526s] -- Installing: /home/rob/project/csci5551-s26-team-pointbot/install/share/xarm_controller/cmake/ament_cmake_export_libraries-extras.cmake
[11.526s] -- Installing: /home/rob/project/csci5551-s26-team-pointbot/install/share/xarm_controller/cmake/ament_cmake_export_dependencies-extras.cmake
[11.526s] -- Installing: /home/rob/project/csci5551-s26-team-pointbot/install/share/xarm_controller/cmake/xarm_controllerConfig.cmake
[11.527s] -- Installing: /home/rob/project/csci5551-s26-team-pointbot/install/share/xarm_controller/cmake/xarm_controllerConfig-version.cmake
[11.527s] -- Installing: /home/rob/project/csci5551-s26-team-pointbot/install/share/xarm_controller/package.xml
[11.529s] Invoked command in '/home/rob/project/csci5551-s26-team-pointbot/build/xarm_controller' returned '0': CMAKE_PREFIX_PATH=${CMAKE_PREFIX_PATH}:/opt/ros/jazzy CONDA_PROMPT_MODIFIER=(base) DEBUGINFOD_URLS=https://debuginfod.ubuntu.com LD_LIBRARY_PATH=/home/rob/project/csci5551-s26-team-pointbot/install/lib:/opt/ros/jazzy/opt/sdformat_vendor/lib:/opt/ros/jazzy/opt/rviz_ogre_vendor/lib:/opt/ros/jazzy/lib/x86_64-linux-gnu:/opt/ros/jazzy/opt/gz_math_vendor/lib:/opt/ros/jazzy/opt/gz_utils_vendor/lib:/opt/ros/jazzy/opt/gz_tools_vendor/lib:/opt/ros/jazzy/opt/gz_cmake_vendor/lib:/opt/ros/jazzy/lib:/usr/local/cuda-12.8/lib64’ PYTHONPATH=/home/rob/project/csci5551-s26-team-pointbot/install/lib/python3.12/site-packages:/home/rob/project/csci5551-s26-team-pointbot/install/lib/python3.13/site-packages:/opt/ros/jazzy/lib/python3.12/site-packages:/home/rob/robotics5551:/home/rob/robotics5551 /usr/bin/cmake --install /home/rob/project/csci5551-s26-team-pointbot/build/xarm_controller
