[0.021s] Invoking command in '/home/rob/project/csci5551-s26-team-pointbot/build/zed_components': AMENT_PREFIX_PATH=/home/rob/project/csci5551-s26-team-pointbot/install/zed_msgs:${AMENT_PREFIX_PATH} CMAKE_PREFIX_PATH=/home/rob/project/csci5551-s26-team-pointbot/install/zed_msgs:/home/rob/project/csci5551-s26-team-pointbot/install/control:/home/rob/project/csci5551-s26-team-pointbot/install/point_bot_interfaces:/home/rob/project/csci5551-s26-team-pointbot/install/behaviortree_ros2:/home/rob/project/csci5551-s26-team-pointbot/install/btcpp_ros2_interfaces:/home/rob/project/csci5551-s26-team-pointbot/install/xarm_gazebo:/home/rob/project/csci5551-s26-team-pointbot/install/xarm_moveit_config:/home/rob/project/csci5551-s26-team-pointbot/install/xarm_controller:/home/rob/project/csci5551-s26-team-pointbot/install/xarm_api:/home/rob/project/csci5551-s26-team-pointbot/install/xarm_sdk:/home/rob/project/csci5551-s26-team-pointbot/install/xarm_msgs:/home/rob/project/csci5551-s26-team-pointbot/install/xarm_description:/opt/ros/jazzy/opt/gz_sim_vendor:/opt/ros/jazzy/opt/gz_sensors_vendor:/opt/ros/jazzy/opt/gz_physics_vendor:/opt/ros/jazzy/opt/sdformat_vendor:/opt/ros/jazzy/opt/gz_gui_vendor:/opt/ros/jazzy/opt/gz_transport_vendor:/opt/ros/jazzy/opt/gz_rendering_vendor:/opt/ros/jazzy/opt/gz_plugin_vendor:/opt/ros/jazzy/opt/gz_fuel_tools_vendor:/opt/ros/jazzy/opt/gz_msgs_vendor:/opt/ros/jazzy/opt/gz_common_vendor:/opt/ros/jazzy/opt/gz_math_vendor:/opt/ros/jazzy/opt/gz_utils_vendor:/opt/ros/jazzy/opt/gz_tools_vendor:/opt/ros/jazzy/opt/gz_ogre_next_vendor:/opt/ros/jazzy/opt/gz_dartsim_vendor:/opt/ros/jazzy/opt/gz_cmake_vendor:/home/rob/project/csci5551-s26-team-pointbot/install/planning:/home/rob/project/csci5551-s26-team-pointbot/install/perception:/home/rob/project/csci5551-s26-team-pointbot/install/pointbot_rviz:/home/rob/project/csci5551-s26-team-pointbot/install/uf_ros_lib:/opt/ros/jazzy DEBUGINFOD_URLS=https://debuginfod.ubuntu.com LD_LIBRARY_PATH=/home/rob/project/csci5551-s26-team-pointbot/install/zed_msgs/lib:/home/rob/project/csci5551-s26-team-pointbot/install/xarm_gazebo/lib:/home/rob/project/csci5551-s26-team-pointbot/install/xarm_controller/lib:/home/rob/project/csci5551-s26-team-pointbot/install/xarm_api/lib:/home/rob/project/csci5551-s26-team-pointbot/install/xarm_sdk/lib:/home/rob/project/csci5551-s26-team-pointbot/install/xarm_msgs/lib:/home/rob/project/csci5551-s26-team-pointbot/install/point_bot_interfaces/lib:/home/rob/project/csci5551-s26-team-pointbot/install/behaviortree_ros2/lib:/home/rob/project/csci5551-s26-team-pointbot/install/btcpp_ros2_interfaces/lib:/opt/ros/jazzy/opt/gz_sim_vendor/lib:/opt/ros/jazzy/opt/gz_sensors_vendor/lib:/opt/ros/jazzy/opt/gz_physics_vendor/lib:/opt/ros/jazzy/opt/sdformat_vendor/lib:/opt/ros/jazzy/opt/rviz_ogre_vendor/lib:/opt/ros/jazzy/lib/x86_64-linux-gnu:/opt/ros/jazzy/opt/gz_gui_vendor/lib:/opt/ros/jazzy/opt/gz_transport_vendor/lib:/opt/ros/jazzy/opt/gz_rendering_vendor/lib:/opt/ros/jazzy/opt/gz_plugin_vendor/lib:/opt/ros/jazzy/opt/gz_fuel_tools_vendor/lib:/opt/ros/jazzy/opt/gz_msgs_vendor/lib:/opt/ros/jazzy/opt/gz_common_vendor/lib:/opt/ros/jazzy/opt/gz_math_vendor/lib:/opt/ros/jazzy/opt/gz_utils_vendor/lib:/opt/ros/jazzy/opt/gz_tools_vendor/lib:/opt/ros/jazzy/opt/gz_ogre_next_vendor/lib:/opt/ros/jazzy/opt/gz_dartsim_vendor/lib:/opt/ros/jazzy/opt/gz_cmake_vendor/lib:/opt/ros/jazzy/lib:/usr/local/cuda-12.8/lib64’ PYTHONPATH=/home/rob/project/csci5551-s26-team-pointbot/install/zed_msgs/lib/python3.12/site-packages:/home/rob/project/csci5551-s26-team-pointbot/install/planning/lib/python3.12/site-packages:/home/rob/project/csci5551-s26-team-pointbot/install/perception/lib/python3.12/site-packages:/home/rob/project/csci5551-s26-team-pointbot/install/point_bot_interfaces/lib/python3.12/site-packages:/home/rob/project/csci5551-s26-team-pointbot/install/btcpp_ros2_interfaces/lib/python3.12/site-packages:/home/rob/project/csci5551-s26-team-pointbot/install/pointbot_rviz/lib/python3.12/site-packages:/home/rob/project/csci5551-s26-team-pointbot/install/xarm_msgs/lib/python3.12/site-packages:/home/rob/project/csci5551-s26-team-pointbot/install/uf_ros_lib/lib/python3.12/site-packages:/opt/ros/jazzy/lib/python3.12/site-packages:/usr/local/zed/lib:/home/rob/.local/lib/python3.12/site-packages:/home/rob/.local/lib/python3.12/site-packages:/home/rob/.local/lib/python3.12/site-packages:/home/rob/.local/lib/python3.12/site-packages /usr/bin/cmake /home/rob/project/csci5551-s26-team-pointbot/src/zed-ros2-wrapper/zed_components -DCMAKE_INSTALL_PREFIX=/home/rob/project/csci5551-s26-team-pointbot/install/zed_components
[0.142s] -- The C compiler identification is GNU 13.3.0
[0.248s] -- The CXX compiler identification is GNU 13.3.0
[0.281s] -- Detecting C compiler ABI info
[0.459s] -- Detecting C compiler ABI info - done
[0.479s] -- Check for working C compiler: /usr/bin/cc - skipped
[0.480s] -- Detecting C compile features
[0.481s] -- Detecting C compile features - done
[0.499s] -- Detecting CXX compiler ABI info
[0.686s] -- Detecting CXX compiler ABI info - done
[0.706s] -- Check for working CXX compiler: /usr/bin/c++ - skipped
[0.707s] -- Detecting CXX compile features
[0.708s] -- Detecting CXX compile features - done
[0.718s] -- Found nlohmann_json: /usr/share/cmake/nlohmann_json/nlohmann_jsonConfig.cmake (found version "3.11.3") 
[0.727s] -- Looking for sgemm_
[0.890s] -- Looking for sgemm_ - not found
[0.893s] -- Performing Test CMAKE_HAVE_LIBC_PTHREAD
[1.094s] -- Performing Test CMAKE_HAVE_LIBC_PTHREAD - Success
[1.096s] -- Found Threads: TRUE  
[1.224s] -- Looking for sgemm_
[1.452s] -- Looking for sgemm_ - found
[1.453s] -- Found BLAS: /usr/lib/x86_64-linux-gnu/libopenblas.so  
[1.454s] [33mCMake Warning (dev) at /usr/local/zed/zed-config.cmake:79 (find_package):
[1.454s]   Policy CMP0146 is not set: The FindCUDA module is removed.  Run "cmake
[1.454s]   --help-policy CMP0146" for policy details.  Use the cmake_policy command to
[1.454s]   set the policy and suppress this warning.
[1.454s] 
[1.454s] Call Stack (most recent call first):
[1.454s]   CMakeLists.txt:85 (find_package)
[1.454s] This warning is for project developers.  Use -Wno-dev to suppress it.
[1.454s] [0m
[1.510s] -- Found CUDA: /usr/local/cuda (found suitable version "12.8", minimum required is "12") 
[1.511s] [33mCMake Warning (dev) at /usr/local/zed/zed-config.cmake:84 (exec_program):
[1.511s]   Policy CMP0153 is not set: The exec_program command should not be called.
[1.511s]   Run "cmake --help-policy CMP0153" for policy details.  Use the cmake_policy
[1.511s]   command to set the policy and suppress this warning.
[1.511s] 
[1.511s]   Use execute_process() instead.
[1.511s] Call Stack (most recent call first):
[1.511s]   CMakeLists.txt:85 (find_package)
[1.512s] This warning is for project developers.  Use -Wno-dev to suppress it.
[1.512s] [0m
[1.518s] [33mCMake Warning (dev) at /usr/local/zed/zed-config.cmake:85 (exec_program):
[1.518s]   Policy CMP0153 is not set: The exec_program command should not be called.
[1.518s]   Run "cmake --help-policy CMP0153" for policy details.  Use the cmake_policy
[1.518s]   command to set the policy and suppress this warning.
[1.518s] 
[1.518s]   Use execute_process() instead.
[1.518s] Call Stack (most recent call first):
[1.518s]   CMakeLists.txt:85 (find_package)
[1.518s] This warning is for project developers.  Use -Wno-dev to suppress it.
[1.518s] [0m
[1.525s] [33mCMake Warning (dev) at /usr/local/zed/zed-config.cmake:101 (exec_program):
[1.525s]   Policy CMP0153 is not set: The exec_program command should not be called.
[1.526s]   Run "cmake --help-policy CMP0153" for policy details.  Use the cmake_policy
[1.526s]   command to set the policy and suppress this warning.
[1.526s] 
[1.526s]   Use execute_process() instead.
[1.526s] Call Stack (most recent call first):
[1.526s]   CMakeLists.txt:85 (find_package)
[1.526s] This warning is for project developers.  Use -Wno-dev to suppress it.
[1.526s] [0m
[1.535s] [33mCMake Warning (dev) at /usr/local/zed/zed-config.cmake:121 (exec_program):
[1.535s]   Policy CMP0153 is not set: The exec_program command should not be called.
[1.535s]   Run "cmake --help-policy CMP0153" for policy details.  Use the cmake_policy
[1.535s]   command to set the policy and suppress this warning.
[1.535s] 
[1.535s]   Use execute_process() instead.
[1.535s] Call Stack (most recent call first):
[1.535s]   CMakeLists.txt:85 (find_package)
[1.536s] This warning is for project developers.  Use -Wno-dev to suppress it.
[1.536s] [0m
[1.589s] [33mCMake Warning (dev) at CMakeLists.txt:87 (exec_program):
[1.590s]   Policy CMP0153 is not set: The exec_program command should not be called.
[1.590s]   Run "cmake --help-policy CMP0153" for policy details.  Use the cmake_policy
[1.590s]   command to set the policy and suppress this warning.
[1.590s] 
[1.590s]   Use execute_process() instead.
[1.590s] This warning is for project developers.  Use -Wno-dev to suppress it.
[1.590s] [0m
[1.594s] [33mCMake Warning (dev) at CMakeLists.txt:92 (find_package):
[1.594s]   Policy CMP0146 is not set: The FindCUDA module is removed.  Run "cmake
[1.594s]   --help-policy CMP0146" for policy details.  Use the cmake_policy command to
[1.595s]   set the policy and suppress this warning.
[1.595s] 
[1.595s] This warning is for project developers.  Use -Wno-dev to suppress it.
[1.595s] [0m
[1.612s] -- Found CUDA: /usr/local/cuda (found version "12.8") 
[1.624s] -- Found ament_cmake_auto: 2.5.6 (/opt/ros/jazzy/share/ament_cmake_auto/cmake)
[1.955s] -- Found Python3: /usr/bin/python3 (found version "3.12.3") found components: Interpreter 
[2.471s] -- Found rosidl_generator_c: 4.6.7 (/opt/ros/jazzy/share/rosidl_generator_c/cmake)
[2.502s] -- Found rosidl_generator_cpp: 4.6.7 (/opt/ros/jazzy/share/rosidl_generator_cpp/cmake)
[2.534s] -- Using all available rosidl_typesupport_c: rosidl_typesupport_fastrtps_c;rosidl_typesupport_introspection_c
[2.566s] -- Using all available rosidl_typesupport_cpp: rosidl_typesupport_fastrtps_cpp;rosidl_typesupport_introspection_cpp
[2.765s] -- Found rmw_implementation_cmake: 7.3.3 (/opt/ros/jazzy/share/rmw_implementation_cmake/cmake)
[2.770s] -- Found rmw_fastrtps_cpp: 8.4.3 (/opt/ros/jazzy/share/rmw_fastrtps_cpp/cmake)
[2.950s] -- Found OpenSSL: /usr/lib/x86_64-linux-gnu/libcrypto.so (found version "3.0.13")  
[2.994s] -- Found FastRTPS: /opt/ros/jazzy/include (Required is at least version "2.13") 
[3.049s] -- Using RMW implementation 'rmw_fastrtps_cpp' as default
[3.574s] -- Found eigen3_cmake_module: 0.3.0 (/opt/ros/jazzy/share/eigen3_cmake_module/cmake)
[3.576s] -- Found Eigen3: TRUE (found version "3.4.0") 
[3.576s] -- Ensuring Eigen3 include directory is part of orocos-kdl CMake target
[3.777s] [0m * Point Cloud Transport is available[0m
[3.781s] -- Found ament_lint_auto: 0.17.5 (/opt/ros/jazzy/share/ament_lint_auto/cmake)
[3.846s] -- Added test 'copyright' to check source files copyright and LICENSE
[3.848s] -- Added test 'cppcheck' to perform static code analysis on C / C++ code
[3.848s] -- Configured cppcheck include dirs: /home/rob/project/csci5551-s26-team-pointbot/src/zed-ros2-wrapper/zed_components/src/include;/home/rob/project/csci5551-s26-team-pointbot/src/zed-ros2-wrapper/zed_components/src/zed_camera/include;/home/rob/project/csci5551-s26-team-pointbot/src/zed-ros2-wrapper/zed_components/src/tools/include;/home/rob/project/csci5551-s26-team-pointbot/src/zed-ros2-wrapper/zed_components/src/zed_camera_one/include
[3.849s] -- Configured cppcheck exclude dirs and/or files: 
[3.850s] -- Added test 'lint_cmake' to check CMake code style
[3.852s] -- Added test 'uncrustify' to check C / C++ code style
[3.852s] -- Configured uncrustify additional arguments: 
[3.853s] -- Added test 'xmllint' to check XML markup files
[3.856s] -- Configuring done (3.8s)
[3.893s] -- Generating done (0.0s)
[3.902s] -- Build files have been written to: /home/rob/project/csci5551-s26-team-pointbot/build/zed_components
[3.919s] Invoked command in '/home/rob/project/csci5551-s26-team-pointbot/build/zed_components' returned '0': AMENT_PREFIX_PATH=/home/rob/project/csci5551-s26-team-pointbot/install/zed_msgs:${AMENT_PREFIX_PATH} CMAKE_PREFIX_PATH=/home/rob/project/csci5551-s26-team-pointbot/install/zed_msgs:/home/rob/project/csci5551-s26-team-pointbot/install/control:/home/rob/project/csci5551-s26-team-pointbot/install/point_bot_interfaces:/home/rob/project/csci5551-s26-team-pointbot/install/behaviortree_ros2:/home/rob/project/csci5551-s26-team-pointbot/install/btcpp_ros2_interfaces:/home/rob/project/csci5551-s26-team-pointbot/install/xarm_gazebo:/home/rob/project/csci5551-s26-team-pointbot/install/xarm_moveit_config:/home/rob/project/csci5551-s26-team-pointbot/install/xarm_controller:/home/rob/project/csci5551-s26-team-pointbot/install/xarm_api:/home/rob/project/csci5551-s26-team-pointbot/install/xarm_sdk:/home/rob/project/csci5551-s26-team-pointbot/install/xarm_msgs:/home/rob/project/csci5551-s26-team-pointbot/install/xarm_description:/opt/ros/jazzy/opt/gz_sim_vendor:/opt/ros/jazzy/opt/gz_sensors_vendor:/opt/ros/jazzy/opt/gz_physics_vendor:/opt/ros/jazzy/opt/sdformat_vendor:/opt/ros/jazzy/opt/gz_gui_vendor:/opt/ros/jazzy/opt/gz_transport_vendor:/opt/ros/jazzy/opt/gz_rendering_vendor:/opt/ros/jazzy/opt/gz_plugin_vendor:/opt/ros/jazzy/opt/gz_fuel_tools_vendor:/opt/ros/jazzy/opt/gz_msgs_vendor:/opt/ros/jazzy/opt/gz_common_vendor:/opt/ros/jazzy/opt/gz_math_vendor:/opt/ros/jazzy/opt/gz_utils_vendor:/opt/ros/jazzy/opt/gz_tools_vendor:/opt/ros/jazzy/opt/gz_ogre_next_vendor:/opt/ros/jazzy/opt/gz_dartsim_vendor:/opt/ros/jazzy/opt/gz_cmake_vendor:/home/rob/project/csci5551-s26-team-pointbot/install/planning:/home/rob/project/csci5551-s26-team-pointbot/install/perception:/home/rob/project/csci5551-s26-team-pointbot/install/pointbot_rviz:/home/rob/project/csci5551-s26-team-pointbot/install/uf_ros_lib:/opt/ros/jazzy DEBUGINFOD_URLS=https://debuginfod.ubuntu.com LD_LIBRARY_PATH=/home/rob/project/csci5551-s26-team-pointbot/install/zed_msgs/lib:/home/rob/project/csci5551-s26-team-pointbot/install/xarm_gazebo/lib:/home/rob/project/csci5551-s26-team-pointbot/install/xarm_controller/lib:/home/rob/project/csci5551-s26-team-pointbot/install/xarm_api/lib:/home/rob/project/csci5551-s26-team-pointbot/install/xarm_sdk/lib:/home/rob/project/csci5551-s26-team-pointbot/install/xarm_msgs/lib:/home/rob/project/csci5551-s26-team-pointbot/install/point_bot_interfaces/lib:/home/rob/project/csci5551-s26-team-pointbot/install/behaviortree_ros2/lib:/home/rob/project/csci5551-s26-team-pointbot/install/btcpp_ros2_interfaces/lib:/opt/ros/jazzy/opt/gz_sim_vendor/lib:/opt/ros/jazzy/opt/gz_sensors_vendor/lib:/opt/ros/jazzy/opt/gz_physics_vendor/lib:/opt/ros/jazzy/opt/sdformat_vendor/lib:/opt/ros/jazzy/opt/rviz_ogre_vendor/lib:/opt/ros/jazzy/lib/x86_64-linux-gnu:/opt/ros/jazzy/opt/gz_gui_vendor/lib:/opt/ros/jazzy/opt/gz_transport_vendor/lib:/opt/ros/jazzy/opt/gz_rendering_vendor/lib:/opt/ros/jazzy/opt/gz_plugin_vendor/lib:/opt/ros/jazzy/opt/gz_fuel_tools_vendor/lib:/opt/ros/jazzy/opt/gz_msgs_vendor/lib:/opt/ros/jazzy/opt/gz_common_vendor/lib:/opt/ros/jazzy/opt/gz_math_vendor/lib:/opt/ros/jazzy/opt/gz_utils_vendor/lib:/opt/ros/jazzy/opt/gz_tools_vendor/lib:/opt/ros/jazzy/opt/gz_ogre_next_vendor/lib:/opt/ros/jazzy/opt/gz_dartsim_vendor/lib:/opt/ros/jazzy/opt/gz_cmake_vendor/lib:/opt/ros/jazzy/lib:/usr/local/cuda-12.8/lib64’ PYTHONPATH=/home/rob/project/csci5551-s26-team-pointbot/install/zed_msgs/lib/python3.12/site-packages:/home/rob/project/csci5551-s26-team-pointbot/install/planning/lib/python3.12/site-packages:/home/rob/project/csci5551-s26-team-pointbot/install/perception/lib/python3.12/site-packages:/home/rob/project/csci5551-s26-team-pointbot/install/point_bot_interfaces/lib/python3.12/site-packages:/home/rob/project/csci5551-s26-team-pointbot/install/btcpp_ros2_interfaces/lib/python3.12/site-packages:/home/rob/project/csci5551-s26-team-pointbot/install/pointbot_rviz/lib/python3.12/site-packages:/home/rob/project/csci5551-s26-team-pointbot/install/xarm_msgs/lib/python3.12/site-packages:/home/rob/project/csci5551-s26-team-pointbot/install/uf_ros_lib/lib/python3.12/site-packages:/opt/ros/jazzy/lib/python3.12/site-packages:/usr/local/zed/lib:/home/rob/.local/lib/python3.12/site-packages:/home/rob/.local/lib/python3.12/site-packages:/home/rob/.local/lib/python3.12/site-packages:/home/rob/.local/lib/python3.12/site-packages /usr/bin/cmake /home/rob/project/csci5551-s26-team-pointbot/src/zed-ros2-wrapper/zed_components -DCMAKE_INSTALL_PREFIX=/home/rob/project/csci5551-s26-team-pointbot/install/zed_components
[3.922s] Invoking command in '/home/rob/project/csci5551-s26-team-pointbot/build/zed_components': AMENT_PREFIX_PATH=/home/rob/project/csci5551-s26-team-pointbot/install/zed_msgs:${AMENT_PREFIX_PATH} CMAKE_PREFIX_PATH=/home/rob/project/csci5551-s26-team-pointbot/install/zed_msgs:/home/rob/project/csci5551-s26-team-pointbot/install/control:/home/rob/project/csci5551-s26-team-pointbot/install/point_bot_interfaces:/home/rob/project/csci5551-s26-team-pointbot/install/behaviortree_ros2:/home/rob/project/csci5551-s26-team-pointbot/install/btcpp_ros2_interfaces:/home/rob/project/csci5551-s26-team-pointbot/install/xarm_gazebo:/home/rob/project/csci5551-s26-team-pointbot/install/xarm_moveit_config:/home/rob/project/csci5551-s26-team-pointbot/install/xarm_controller:/home/rob/project/csci5551-s26-team-pointbot/install/xarm_api:/home/rob/project/csci5551-s26-team-pointbot/install/xarm_sdk:/home/rob/project/csci5551-s26-team-pointbot/install/xarm_msgs:/home/rob/project/csci5551-s26-team-pointbot/install/xarm_description:/opt/ros/jazzy/opt/gz_sim_vendor:/opt/ros/jazzy/opt/gz_sensors_vendor:/opt/ros/jazzy/opt/gz_physics_vendor:/opt/ros/jazzy/opt/sdformat_vendor:/opt/ros/jazzy/opt/gz_gui_vendor:/opt/ros/jazzy/opt/gz_transport_vendor:/opt/ros/jazzy/opt/gz_rendering_vendor:/opt/ros/jazzy/opt/gz_plugin_vendor:/opt/ros/jazzy/opt/gz_fuel_tools_vendor:/opt/ros/jazzy/opt/gz_msgs_vendor:/opt/ros/jazzy/opt/gz_common_vendor:/opt/ros/jazzy/opt/gz_math_vendor:/opt/ros/jazzy/opt/gz_utils_vendor:/opt/ros/jazzy/opt/gz_tools_vendor:/opt/ros/jazzy/opt/gz_ogre_next_vendor:/opt/ros/jazzy/opt/gz_dartsim_vendor:/opt/ros/jazzy/opt/gz_cmake_vendor:/home/rob/project/csci5551-s26-team-pointbot/install/planning:/home/rob/project/csci5551-s26-team-pointbot/install/perception:/home/rob/project/csci5551-s26-team-pointbot/install/pointbot_rviz:/home/rob/project/csci5551-s26-team-pointbot/install/uf_ros_lib:/opt/ros/jazzy DEBUGINFOD_URLS=https://debuginfod.ubuntu.com LD_LIBRARY_PATH=/home/rob/project/csci5551-s26-team-pointbot/install/zed_msgs/lib:/home/rob/project/csci5551-s26-team-pointbot/install/xarm_gazebo/lib:/home/rob/project/csci5551-s26-team-pointbot/install/xarm_controller/lib:/home/rob/project/csci5551-s26-team-pointbot/install/xarm_api/lib:/home/rob/project/csci5551-s26-team-pointbot/install/xarm_sdk/lib:/home/rob/project/csci5551-s26-team-pointbot/install/xarm_msgs/lib:/home/rob/project/csci5551-s26-team-pointbot/install/point_bot_interfaces/lib:/home/rob/project/csci5551-s26-team-pointbot/install/behaviortree_ros2/lib:/home/rob/project/csci5551-s26-team-pointbot/install/btcpp_ros2_interfaces/lib:/opt/ros/jazzy/opt/gz_sim_vendor/lib:/opt/ros/jazzy/opt/gz_sensors_vendor/lib:/opt/ros/jazzy/opt/gz_physics_vendor/lib:/opt/ros/jazzy/opt/sdformat_vendor/lib:/opt/ros/jazzy/opt/rviz_ogre_vendor/lib:/opt/ros/jazzy/lib/x86_64-linux-gnu:/opt/ros/jazzy/opt/gz_gui_vendor/lib:/opt/ros/jazzy/opt/gz_transport_vendor/lib:/opt/ros/jazzy/opt/gz_rendering_vendor/lib:/opt/ros/jazzy/opt/gz_plugin_vendor/lib:/opt/ros/jazzy/opt/gz_fuel_tools_vendor/lib:/opt/ros/jazzy/opt/gz_msgs_vendor/lib:/opt/ros/jazzy/opt/gz_common_vendor/lib:/opt/ros/jazzy/opt/gz_math_vendor/lib:/opt/ros/jazzy/opt/gz_utils_vendor/lib:/opt/ros/jazzy/opt/gz_tools_vendor/lib:/opt/ros/jazzy/opt/gz_ogre_next_vendor/lib:/opt/ros/jazzy/opt/gz_dartsim_vendor/lib:/opt/ros/jazzy/opt/gz_cmake_vendor/lib:/opt/ros/jazzy/lib:/usr/local/cuda-12.8/lib64’ PYTHONPATH=/home/rob/project/csci5551-s26-team-pointbot/install/zed_msgs/lib/python3.12/site-packages:/home/rob/project/csci5551-s26-team-pointbot/install/planning/lib/python3.12/site-packages:/home/rob/project/csci5551-s26-team-pointbot/install/perception/lib/python3.12/site-packages:/home/rob/project/csci5551-s26-team-pointbot/install/point_bot_interfaces/lib/python3.12/site-packages:/home/rob/project/csci5551-s26-team-pointbot/install/btcpp_ros2_interfaces/lib/python3.12/site-packages:/home/rob/project/csci5551-s26-team-pointbot/install/pointbot_rviz/lib/python3.12/site-packages:/home/rob/project/csci5551-s26-team-pointbot/install/xarm_msgs/lib/python3.12/site-packages:/home/rob/project/csci5551-s26-team-pointbot/install/uf_ros_lib/lib/python3.12/site-packages:/opt/ros/jazzy/lib/python3.12/site-packages:/usr/local/zed/lib:/home/rob/.local/lib/python3.12/site-packages:/home/rob/.local/lib/python3.12/site-packages:/home/rob/.local/lib/python3.12/site-packages:/home/rob/.local/lib/python3.12/site-packages /usr/bin/cmake --build /home/rob/project/csci5551-s26-team-pointbot/build/zed_components -- -j16 -l16
[4.034s] [  5%] [32mBuilding CXX object CMakeFiles/zed_camera_one_component.dir/src/tools/src/sl_tools.cpp.o[0m
[4.035s] [ 11%] [32mBuilding CXX object CMakeFiles/zed_camera_one_component.dir/src/zed_camera_one/src/zed_camera_one_component_sensors.cpp.o[0m
[4.040s] [ 17%] [32mBuilding CXX object CMakeFiles/zed_camera_component.dir/src/tools/src/sl_tools.cpp.o[0m
[4.040s] [ 23%] [32mBuilding CXX object CMakeFiles/zed_camera_one_component.dir/src/tools/src/sl_win_avg.cpp.o[0m
[4.040s] [ 29%] [32mBuilding CXX object CMakeFiles/zed_camera_one_component.dir/src/zed_camera_one/src/zed_camera_one_component_main.cpp.o[0m
[4.041s] [ 35%] [32mBuilding CXX object CMakeFiles/zed_camera_one_component.dir/src/tools/src/gnss_replay.cpp.o[0m
[4.043s] [ 41%] [32mBuilding CXX object CMakeFiles/zed_camera_one_component.dir/src/tools/src/sl_types.cpp.o[0m
[4.043s] [ 47%] [32mBuilding CXX object CMakeFiles/zed_camera_one_component.dir/src/zed_camera_one/src/zed_camera_one_component_video.cpp.o[0m
[4.043s] [ 52%] [32mBuilding CXX object CMakeFiles/zed_camera_component.dir/src/tools/src/gnss_replay.cpp.o[0m
[4.046s] [ 58%] [32mBuilding CXX object CMakeFiles/zed_camera_component.dir/src/zed_camera/src/zed_camera_component_bodytrk.cpp.o[0m
[4.046s] [ 64%] [32mBuilding CXX object CMakeFiles/zed_camera_component.dir/src/zed_camera/src/zed_camera_component_main.cpp.o[0m
[4.047s] [ 70%] [32mBuilding CXX object CMakeFiles/zed_camera_component.dir/src/zed_camera/src/zed_camera_component_objdet.cpp.o[0m
[4.051s] [ 76%] [32mBuilding CXX object CMakeFiles/zed_camera_component.dir/src/tools/src/sl_types.cpp.o[0m
[4.052s] [ 82%] [32mBuilding CXX object CMakeFiles/zed_camera_component.dir/src/tools/src/sl_win_avg.cpp.o[0m
[4.061s] [ 88%] [32mBuilding CXX object CMakeFiles/zed_camera_component.dir/src/zed_camera/src/zed_camera_component_video_depth.cpp.o[0m
[36.846s] [ 94%] [32m[1mLinking CXX shared library libzed_camera_one_component.so[0m
[37.534s] [ 94%] Built target zed_camera_one_component
[89.272s] [100%] [32m[1mLinking CXX shared library libzed_camera_component.so[0m
[90.099s] [100%] Built target zed_camera_component
[90.125s] Invoked command in '/home/rob/project/csci5551-s26-team-pointbot/build/zed_components' returned '0': AMENT_PREFIX_PATH=/home/rob/project/csci5551-s26-team-pointbot/install/zed_msgs:${AMENT_PREFIX_PATH} CMAKE_PREFIX_PATH=/home/rob/project/csci5551-s26-team-pointbot/install/zed_msgs:/home/rob/project/csci5551-s26-team-pointbot/install/control:/home/rob/project/csci5551-s26-team-pointbot/install/point_bot_interfaces:/home/rob/project/csci5551-s26-team-pointbot/install/behaviortree_ros2:/home/rob/project/csci5551-s26-team-pointbot/install/btcpp_ros2_interfaces:/home/rob/project/csci5551-s26-team-pointbot/install/xarm_gazebo:/home/rob/project/csci5551-s26-team-pointbot/install/xarm_moveit_config:/home/rob/project/csci5551-s26-team-pointbot/install/xarm_controller:/home/rob/project/csci5551-s26-team-pointbot/install/xarm_api:/home/rob/project/csci5551-s26-team-pointbot/install/xarm_sdk:/home/rob/project/csci5551-s26-team-pointbot/install/xarm_msgs:/home/rob/project/csci5551-s26-team-pointbot/install/xarm_description:/opt/ros/jazzy/opt/gz_sim_vendor:/opt/ros/jazzy/opt/gz_sensors_vendor:/opt/ros/jazzy/opt/gz_physics_vendor:/opt/ros/jazzy/opt/sdformat_vendor:/opt/ros/jazzy/opt/gz_gui_vendor:/opt/ros/jazzy/opt/gz_transport_vendor:/opt/ros/jazzy/opt/gz_rendering_vendor:/opt/ros/jazzy/opt/gz_plugin_vendor:/opt/ros/jazzy/opt/gz_fuel_tools_vendor:/opt/ros/jazzy/opt/gz_msgs_vendor:/opt/ros/jazzy/opt/gz_common_vendor:/opt/ros/jazzy/opt/gz_math_vendor:/opt/ros/jazzy/opt/gz_utils_vendor:/opt/ros/jazzy/opt/gz_tools_vendor:/opt/ros/jazzy/opt/gz_ogre_next_vendor:/opt/ros/jazzy/opt/gz_dartsim_vendor:/opt/ros/jazzy/opt/gz_cmake_vendor:/home/rob/project/csci5551-s26-team-pointbot/install/planning:/home/rob/project/csci5551-s26-team-pointbot/install/perception:/home/rob/project/csci5551-s26-team-pointbot/install/pointbot_rviz:/home/rob/project/csci5551-s26-team-pointbot/install/uf_ros_lib:/opt/ros/jazzy DEBUGINFOD_URLS=https://debuginfod.ubuntu.com LD_LIBRARY_PATH=/home/rob/project/csci5551-s26-team-pointbot/install/zed_msgs/lib:/home/rob/project/csci5551-s26-team-pointbot/install/xarm_gazebo/lib:/home/rob/project/csci5551-s26-team-pointbot/install/xarm_controller/lib:/home/rob/project/csci5551-s26-team-pointbot/install/xarm_api/lib:/home/rob/project/csci5551-s26-team-pointbot/install/xarm_sdk/lib:/home/rob/project/csci5551-s26-team-pointbot/install/xarm_msgs/lib:/home/rob/project/csci5551-s26-team-pointbot/install/point_bot_interfaces/lib:/home/rob/project/csci5551-s26-team-pointbot/install/behaviortree_ros2/lib:/home/rob/project/csci5551-s26-team-pointbot/install/btcpp_ros2_interfaces/lib:/opt/ros/jazzy/opt/gz_sim_vendor/lib:/opt/ros/jazzy/opt/gz_sensors_vendor/lib:/opt/ros/jazzy/opt/gz_physics_vendor/lib:/opt/ros/jazzy/opt/sdformat_vendor/lib:/opt/ros/jazzy/opt/rviz_ogre_vendor/lib:/opt/ros/jazzy/lib/x86_64-linux-gnu:/opt/ros/jazzy/opt/gz_gui_vendor/lib:/opt/ros/jazzy/opt/gz_transport_vendor/lib:/opt/ros/jazzy/opt/gz_rendering_vendor/lib:/opt/ros/jazzy/opt/gz_plugin_vendor/lib:/opt/ros/jazzy/opt/gz_fuel_tools_vendor/lib:/opt/ros/jazzy/opt/gz_msgs_vendor/lib:/opt/ros/jazzy/opt/gz_common_vendor/lib:/opt/ros/jazzy/opt/gz_math_vendor/lib:/opt/ros/jazzy/opt/gz_utils_vendor/lib:/opt/ros/jazzy/opt/gz_tools_vendor/lib:/opt/ros/jazzy/opt/gz_ogre_next_vendor/lib:/opt/ros/jazzy/opt/gz_dartsim_vendor/lib:/opt/ros/jazzy/opt/gz_cmake_vendor/lib:/opt/ros/jazzy/lib:/usr/local/cuda-12.8/lib64’ PYTHONPATH=/home/rob/project/csci5551-s26-team-pointbot/install/zed_msgs/lib/python3.12/site-packages:/home/rob/project/csci5551-s26-team-pointbot/install/planning/lib/python3.12/site-packages:/home/rob/project/csci5551-s26-team-pointbot/install/perception/lib/python3.12/site-packages:/home/rob/project/csci5551-s26-team-pointbot/install/point_bot_interfaces/lib/python3.12/site-packages:/home/rob/project/csci5551-s26-team-pointbot/install/btcpp_ros2_interfaces/lib/python3.12/site-packages:/home/rob/project/csci5551-s26-team-pointbot/install/pointbot_rviz/lib/python3.12/site-packages:/home/rob/project/csci5551-s26-team-pointbot/install/xarm_msgs/lib/python3.12/site-packages:/home/rob/project/csci5551-s26-team-pointbot/install/uf_ros_lib/lib/python3.12/site-packages:/opt/ros/jazzy/lib/python3.12/site-packages:/usr/local/zed/lib:/home/rob/.local/lib/python3.12/site-packages:/home/rob/.local/lib/python3.12/site-packages:/home/rob/.local/lib/python3.12/site-packages:/home/rob/.local/lib/python3.12/site-packages /usr/bin/cmake --build /home/rob/project/csci5551-s26-team-pointbot/build/zed_components -- -j16 -l16
[90.128s] Invoking command in '/home/rob/project/csci5551-s26-team-pointbot/build/zed_components': AMENT_PREFIX_PATH=/home/rob/project/csci5551-s26-team-pointbot/install/zed_msgs:${AMENT_PREFIX_PATH} CMAKE_PREFIX_PATH=/home/rob/project/csci5551-s26-team-pointbot/install/zed_msgs:/home/rob/project/csci5551-s26-team-pointbot/install/control:/home/rob/project/csci5551-s26-team-pointbot/install/point_bot_interfaces:/home/rob/project/csci5551-s26-team-pointbot/install/behaviortree_ros2:/home/rob/project/csci5551-s26-team-pointbot/install/btcpp_ros2_interfaces:/home/rob/project/csci5551-s26-team-pointbot/install/xarm_gazebo:/home/rob/project/csci5551-s26-team-pointbot/install/xarm_moveit_config:/home/rob/project/csci5551-s26-team-pointbot/install/xarm_controller:/home/rob/project/csci5551-s26-team-pointbot/install/xarm_api:/home/rob/project/csci5551-s26-team-pointbot/install/xarm_sdk:/home/rob/project/csci5551-s26-team-pointbot/install/xarm_msgs:/home/rob/project/csci5551-s26-team-pointbot/install/xarm_description:/opt/ros/jazzy/opt/gz_sim_vendor:/opt/ros/jazzy/opt/gz_sensors_vendor:/opt/ros/jazzy/opt/gz_physics_vendor:/opt/ros/jazzy/opt/sdformat_vendor:/opt/ros/jazzy/opt/gz_gui_vendor:/opt/ros/jazzy/opt/gz_transport_vendor:/opt/ros/jazzy/opt/gz_rendering_vendor:/opt/ros/jazzy/opt/gz_plugin_vendor:/opt/ros/jazzy/opt/gz_fuel_tools_vendor:/opt/ros/jazzy/opt/gz_msgs_vendor:/opt/ros/jazzy/opt/gz_common_vendor:/opt/ros/jazzy/opt/gz_math_vendor:/opt/ros/jazzy/opt/gz_utils_vendor:/opt/ros/jazzy/opt/gz_tools_vendor:/opt/ros/jazzy/opt/gz_ogre_next_vendor:/opt/ros/jazzy/opt/gz_dartsim_vendor:/opt/ros/jazzy/opt/gz_cmake_vendor:/home/rob/project/csci5551-s26-team-pointbot/install/planning:/home/rob/project/csci5551-s26-team-pointbot/install/perception:/home/rob/project/csci5551-s26-team-pointbot/install/pointbot_rviz:/home/rob/project/csci5551-s26-team-pointbot/install/uf_ros_lib:/opt/ros/jazzy DEBUGINFOD_URLS=https://debuginfod.ubuntu.com LD_LIBRARY_PATH=/home/rob/project/csci5551-s26-team-pointbot/install/zed_msgs/lib:/home/rob/project/csci5551-s26-team-pointbot/install/xarm_gazebo/lib:/home/rob/project/csci5551-s26-team-pointbot/install/xarm_controller/lib:/home/rob/project/csci5551-s26-team-pointbot/install/xarm_api/lib:/home/rob/project/csci5551-s26-team-pointbot/install/xarm_sdk/lib:/home/rob/project/csci5551-s26-team-pointbot/install/xarm_msgs/lib:/home/rob/project/csci5551-s26-team-pointbot/install/point_bot_interfaces/lib:/home/rob/project/csci5551-s26-team-pointbot/install/behaviortree_ros2/lib:/home/rob/project/csci5551-s26-team-pointbot/install/btcpp_ros2_interfaces/lib:/opt/ros/jazzy/opt/gz_sim_vendor/lib:/opt/ros/jazzy/opt/gz_sensors_vendor/lib:/opt/ros/jazzy/opt/gz_physics_vendor/lib:/opt/ros/jazzy/opt/sdformat_vendor/lib:/opt/ros/jazzy/opt/rviz_ogre_vendor/lib:/opt/ros/jazzy/lib/x86_64-linux-gnu:/opt/ros/jazzy/opt/gz_gui_vendor/lib:/opt/ros/jazzy/opt/gz_transport_vendor/lib:/opt/ros/jazzy/opt/gz_rendering_vendor/lib:/opt/ros/jazzy/opt/gz_plugin_vendor/lib:/opt/ros/jazzy/opt/gz_fuel_tools_vendor/lib:/opt/ros/jazzy/opt/gz_msgs_vendor/lib:/opt/ros/jazzy/opt/gz_common_vendor/lib:/opt/ros/jazzy/opt/gz_math_vendor/lib:/opt/ros/jazzy/opt/gz_utils_vendor/lib:/opt/ros/jazzy/opt/gz_tools_vendor/lib:/opt/ros/jazzy/opt/gz_ogre_next_vendor/lib:/opt/ros/jazzy/opt/gz_dartsim_vendor/lib:/opt/ros/jazzy/opt/gz_cmake_vendor/lib:/opt/ros/jazzy/lib:/usr/local/cuda-12.8/lib64’ PYTHONPATH=/home/rob/project/csci5551-s26-team-pointbot/install/zed_msgs/lib/python3.12/site-packages:/home/rob/project/csci5551-s26-team-pointbot/install/planning/lib/python3.12/site-packages:/home/rob/project/csci5551-s26-team-pointbot/install/perception/lib/python3.12/site-packages:/home/rob/project/csci5551-s26-team-pointbot/install/point_bot_interfaces/lib/python3.12/site-packages:/home/rob/project/csci5551-s26-team-pointbot/install/btcpp_ros2_interfaces/lib/python3.12/site-packages:/home/rob/project/csci5551-s26-team-pointbot/install/pointbot_rviz/lib/python3.12/site-packages:/home/rob/project/csci5551-s26-team-pointbot/install/xarm_msgs/lib/python3.12/site-packages:/home/rob/project/csci5551-s26-team-pointbot/install/uf_ros_lib/lib/python3.12/site-packages:/opt/ros/jazzy/lib/python3.12/site-packages:/usr/local/zed/lib:/home/rob/.local/lib/python3.12/site-packages:/home/rob/.local/lib/python3.12/site-packages:/home/rob/.local/lib/python3.12/site-packages:/home/rob/.local/lib/python3.12/site-packages /usr/bin/cmake --install /home/rob/project/csci5551-s26-team-pointbot/build/zed_components
[90.148s] -- Install configuration: "Release"
[90.148s] -- Installing: /home/rob/project/csci5551-s26-team-pointbot/install/zed_components/lib/libzed_camera_component.so
[90.161s] -- Set non-toolchain portion of runtime path of "/home/rob/project/csci5551-s26-team-pointbot/install/zed_components/lib/libzed_camera_component.so" to ""
[90.161s] -- Installing: /home/rob/project/csci5551-s26-team-pointbot/install/zed_components/lib/libzed_camera_one_component.so
[90.166s] -- Set non-toolchain portion of runtime path of "/home/rob/project/csci5551-s26-team-pointbot/install/zed_components/lib/libzed_camera_one_component.so" to ""
[90.166s] -- Installing: /home/rob/project/csci5551-s26-team-pointbot/install/zed_components/include/zed_components/
[90.166s] -- Installing: /home/rob/project/csci5551-s26-team-pointbot/install/zed_components/include/zed_components//zed_camera_component.hpp
[90.166s] -- Installing: /home/rob/project/csci5551-s26-team-pointbot/install/zed_components/include/zed_components//cost_traversability.hpp
[90.166s] -- Up-to-date: /home/rob/project/csci5551-s26-team-pointbot/install/zed_components/include/zed_components/
[90.166s] -- Installing: /home/rob/project/csci5551-s26-team-pointbot/install/zed_components/include/zed_components//zed_camera_one_component.hpp
[90.167s] -- Up-to-date: /home/rob/project/csci5551-s26-team-pointbot/install/zed_components/include/zed_components/
[90.167s] -- Installing: /home/rob/project/csci5551-s26-team-pointbot/install/zed_components/include/zed_components//sl_logging.hpp
[90.167s] -- Installing: /home/rob/project/csci5551-s26-team-pointbot/install/zed_components/include/zed_components//sl_types.hpp
[90.167s] -- Installing: /home/rob/project/csci5551-s26-team-pointbot/install/zed_components/include/zed_components//sl_win_avg.hpp
[90.167s] -- Installing: /home/rob/project/csci5551-s26-team-pointbot/install/zed_components/include/zed_components//sl_tools.hpp
[90.167s] -- Installing: /home/rob/project/csci5551-s26-team-pointbot/install/zed_components/include/zed_components//gnss_replay.hpp
[90.167s] -- Up-to-date: /home/rob/project/csci5551-s26-team-pointbot/install/zed_components/include/zed_components/
[90.167s] -- Installing: /home/rob/project/csci5551-s26-team-pointbot/install/zed_components/include/zed_components//visibility_control.hpp
[90.168s] -- Installing: /home/rob/project/csci5551-s26-team-pointbot/install/zed_components/include/zed_components//sl_version.hpp
[90.168s] -- Installing: /home/rob/project/csci5551-s26-team-pointbot/install/zed_components/share/zed_components/environment/library_path.sh
[90.168s] -- Installing: /home/rob/project/csci5551-s26-team-pointbot/install/zed_components/share/zed_components/environment/library_path.dsv
[90.169s] -- Installing: /home/rob/project/csci5551-s26-team-pointbot/install/zed_components/share/ament_index/resource_index/package_run_dependencies/zed_components
[90.169s] -- Installing: /home/rob/project/csci5551-s26-team-pointbot/install/zed_components/share/ament_index/resource_index/parent_prefix_path/zed_components
[90.169s] -- Installing: /home/rob/project/csci5551-s26-team-pointbot/install/zed_components/share/zed_components/environment/ament_prefix_path.sh
[90.171s] -- Installing: /home/rob/project/csci5551-s26-team-pointbot/install/zed_components/share/zed_components/environment/ament_prefix_path.dsv
[90.171s] -- Installing: /home/rob/project/csci5551-s26-team-pointbot/install/zed_components/share/zed_components/environment/path.sh
[90.171s] -- Installing: /home/rob/project/csci5551-s26-team-pointbot/install/zed_components/share/zed_components/environment/path.dsv
[90.171s] -- Installing: /home/rob/project/csci5551-s26-team-pointbot/install/zed_components/share/zed_components/local_setup.bash
[90.172s] -- Installing: /home/rob/project/csci5551-s26-team-pointbot/install/zed_components/share/zed_components/local_setup.sh
[90.172s] -- Installing: /home/rob/project/csci5551-s26-team-pointbot/install/zed_components/share/zed_components/local_setup.zsh
[90.172s] -- Installing: /home/rob/project/csci5551-s26-team-pointbot/install/zed_components/share/zed_components/local_setup.dsv
[90.172s] -- Installing: /home/rob/project/csci5551-s26-team-pointbot/install/zed_components/share/zed_components/package.dsv
[90.173s] -- Installing: /home/rob/project/csci5551-s26-team-pointbot/install/zed_components/share/ament_index/resource_index/packages/zed_components
[90.173s] -- Installing: /home/rob/project/csci5551-s26-team-pointbot/install/zed_components/share/ament_index/resource_index/rclcpp_components/zed_components
[90.173s] -- Installing: /home/rob/project/csci5551-s26-team-pointbot/install/zed_components/share/zed_components/cmake/ament_cmake_export_include_directories-extras.cmake
[90.173s] -- Installing: /home/rob/project/csci5551-s26-team-pointbot/install/zed_components/share/zed_components/cmake/ament_cmake_export_libraries-extras.cmake
[90.174s] -- Installing: /home/rob/project/csci5551-s26-team-pointbot/install/zed_components/share/zed_components/cmake/ament_cmake_export_dependencies-extras.cmake
[90.174s] -- Installing: /home/rob/project/csci5551-s26-team-pointbot/install/zed_components/share/zed_components/cmake/zed_componentsConfig.cmake
[90.174s] -- Installing: /home/rob/project/csci5551-s26-team-pointbot/install/zed_components/share/zed_components/cmake/zed_componentsConfig-version.cmake
[90.175s] -- Installing: /home/rob/project/csci5551-s26-team-pointbot/install/zed_components/share/zed_components/package.xml
[90.179s] Invoked command in '/home/rob/project/csci5551-s26-team-pointbot/build/zed_components' returned '0': AMENT_PREFIX_PATH=/home/rob/project/csci5551-s26-team-pointbot/install/zed_msgs:${AMENT_PREFIX_PATH} CMAKE_PREFIX_PATH=/home/rob/project/csci5551-s26-team-pointbot/install/zed_msgs:/home/rob/project/csci5551-s26-team-pointbot/install/control:/home/rob/project/csci5551-s26-team-pointbot/install/point_bot_interfaces:/home/rob/project/csci5551-s26-team-pointbot/install/behaviortree_ros2:/home/rob/project/csci5551-s26-team-pointbot/install/btcpp_ros2_interfaces:/home/rob/project/csci5551-s26-team-pointbot/install/xarm_gazebo:/home/rob/project/csci5551-s26-team-pointbot/install/xarm_moveit_config:/home/rob/project/csci5551-s26-team-pointbot/install/xarm_controller:/home/rob/project/csci5551-s26-team-pointbot/install/xarm_api:/home/rob/project/csci5551-s26-team-pointbot/install/xarm_sdk:/home/rob/project/csci5551-s26-team-pointbot/install/xarm_msgs:/home/rob/project/csci5551-s26-team-pointbot/install/xarm_description:/opt/ros/jazzy/opt/gz_sim_vendor:/opt/ros/jazzy/opt/gz_sensors_vendor:/opt/ros/jazzy/opt/gz_physics_vendor:/opt/ros/jazzy/opt/sdformat_vendor:/opt/ros/jazzy/opt/gz_gui_vendor:/opt/ros/jazzy/opt/gz_transport_vendor:/opt/ros/jazzy/opt/gz_rendering_vendor:/opt/ros/jazzy/opt/gz_plugin_vendor:/opt/ros/jazzy/opt/gz_fuel_tools_vendor:/opt/ros/jazzy/opt/gz_msgs_vendor:/opt/ros/jazzy/opt/gz_common_vendor:/opt/ros/jazzy/opt/gz_math_vendor:/opt/ros/jazzy/opt/gz_utils_vendor:/opt/ros/jazzy/opt/gz_tools_vendor:/opt/ros/jazzy/opt/gz_ogre_next_vendor:/opt/ros/jazzy/opt/gz_dartsim_vendor:/opt/ros/jazzy/opt/gz_cmake_vendor:/home/rob/project/csci5551-s26-team-pointbot/install/planning:/home/rob/project/csci5551-s26-team-pointbot/install/perception:/home/rob/project/csci5551-s26-team-pointbot/install/pointbot_rviz:/home/rob/project/csci5551-s26-team-pointbot/install/uf_ros_lib:/opt/ros/jazzy DEBUGINFOD_URLS=https://debuginfod.ubuntu.com LD_LIBRARY_PATH=/home/rob/project/csci5551-s26-team-pointbot/install/zed_msgs/lib:/home/rob/project/csci5551-s26-team-pointbot/install/xarm_gazebo/lib:/home/rob/project/csci5551-s26-team-pointbot/install/xarm_controller/lib:/home/rob/project/csci5551-s26-team-pointbot/install/xarm_api/lib:/home/rob/project/csci5551-s26-team-pointbot/install/xarm_sdk/lib:/home/rob/project/csci5551-s26-team-pointbot/install/xarm_msgs/lib:/home/rob/project/csci5551-s26-team-pointbot/install/point_bot_interfaces/lib:/home/rob/project/csci5551-s26-team-pointbot/install/behaviortree_ros2/lib:/home/rob/project/csci5551-s26-team-pointbot/install/btcpp_ros2_interfaces/lib:/opt/ros/jazzy/opt/gz_sim_vendor/lib:/opt/ros/jazzy/opt/gz_sensors_vendor/lib:/opt/ros/jazzy/opt/gz_physics_vendor/lib:/opt/ros/jazzy/opt/sdformat_vendor/lib:/opt/ros/jazzy/opt/rviz_ogre_vendor/lib:/opt/ros/jazzy/lib/x86_64-linux-gnu:/opt/ros/jazzy/opt/gz_gui_vendor/lib:/opt/ros/jazzy/opt/gz_transport_vendor/lib:/opt/ros/jazzy/opt/gz_rendering_vendor/lib:/opt/ros/jazzy/opt/gz_plugin_vendor/lib:/opt/ros/jazzy/opt/gz_fuel_tools_vendor/lib:/opt/ros/jazzy/opt/gz_msgs_vendor/lib:/opt/ros/jazzy/opt/gz_common_vendor/lib:/opt/ros/jazzy/opt/gz_math_vendor/lib:/opt/ros/jazzy/opt/gz_utils_vendor/lib:/opt/ros/jazzy/opt/gz_tools_vendor/lib:/opt/ros/jazzy/opt/gz_ogre_next_vendor/lib:/opt/ros/jazzy/opt/gz_dartsim_vendor/lib:/opt/ros/jazzy/opt/gz_cmake_vendor/lib:/opt/ros/jazzy/lib:/usr/local/cuda-12.8/lib64’ PYTHONPATH=/home/rob/project/csci5551-s26-team-pointbot/install/zed_msgs/lib/python3.12/site-packages:/home/rob/project/csci5551-s26-team-pointbot/install/planning/lib/python3.12/site-packages:/home/rob/project/csci5551-s26-team-pointbot/install/perception/lib/python3.12/site-packages:/home/rob/project/csci5551-s26-team-pointbot/install/point_bot_interfaces/lib/python3.12/site-packages:/home/rob/project/csci5551-s26-team-pointbot/install/btcpp_ros2_interfaces/lib/python3.12/site-packages:/home/rob/project/csci5551-s26-team-pointbot/install/pointbot_rviz/lib/python3.12/site-packages:/home/rob/project/csci5551-s26-team-pointbot/install/xarm_msgs/lib/python3.12/site-packages:/home/rob/project/csci5551-s26-team-pointbot/install/uf_ros_lib/lib/python3.12/site-packages:/opt/ros/jazzy/lib/python3.12/site-packages:/usr/local/zed/lib:/home/rob/.local/lib/python3.12/site-packages:/home/rob/.local/lib/python3.12/site-packages:/home/rob/.local/lib/python3.12/site-packages:/home/rob/.local/lib/python3.12/site-packages /usr/bin/cmake --install /home/rob/project/csci5551-s26-team-pointbot/build/zed_components
