[0.041s] Invoking command in '/home/rob/project/csci5551-s26-team-pointbot/build/point_bot_interfaces': CMAKE_PREFIX_PATH=${CMAKE_PREFIX_PATH}:/home/rob/project/csci5551-s26-team-pointbot/install/planning:/home/rob/project/csci5551-s26-team-pointbot/install/perception:/home/rob/project/csci5551-s26-team-pointbot/install/pointbot_rviz:/home/rob/project/csci5551-s26-team-pointbot/install/uf_ros_lib:/opt/ros/jazzy DEBUGINFOD_URLS=https://debuginfod.ubuntu.com /usr/bin/cmake --build /home/rob/project/csci5551-s26-team-pointbot/build/point_bot_interfaces -- -j16 -l16
[0.346s] [  4%] Built target point_bot_interfaces__rs
[0.346s] [  4%] Built target point_bot_interfaces__rosidl_generator_type_description
[0.346s] [  4%] Built target ament_cmake_python_copy_point_bot_interfaces
[0.350s] [  6%] Built target point_bot_interfaces__cpp
[0.350s] [ 24%] Built target point_bot_interfaces__rosidl_generator_c
[0.350s] [ 33%] Built target point_bot_interfaces__rosidl_typesupport_fastrtps_cpp
[0.351s] [ 42%] Built target point_bot_interfaces__rosidl_typesupport_fastrtps_c
[0.351s] [ 57%] Built target point_bot_interfaces__rosidl_typesupport_c
[0.351s] [ 60%] Built target point_bot_interfaces__rosidl_typesupport_introspection_c
[0.351s] [ 68%] Built target point_bot_interfaces__rosidl_typesupport_introspection_cpp
[0.351s] [ 77%] Built target point_bot_interfaces__rosidl_typesupport_cpp
[0.351s] [ 77%] Built target point_bot_interfaces
[0.351s] [ 80%] Built target point_bot_interfaces__py
[0.351s] [ 86%] Built target point_bot_interfaces__rosidl_generator_py
[0.377s] [ 91%] Built target point_bot_interfaces_s__rosidl_typesupport_c
[0.378s] [ 95%] Built target point_bot_interfaces_s__rosidl_typesupport_fastrtps_c
[0.386s] [100%] Built target point_bot_interfaces_s__rosidl_typesupport_introspection_c
[0.502s] running egg_info
[0.502s] writing point_bot_interfaces.egg-info/PKG-INFO
[0.502s] writing dependency_links to point_bot_interfaces.egg-info/dependency_links.txt
[0.503s] writing top-level names to point_bot_interfaces.egg-info/top_level.txt
[0.538s] reading manifest file 'point_bot_interfaces.egg-info/SOURCES.txt'
[0.539s] writing manifest file 'point_bot_interfaces.egg-info/SOURCES.txt'
[0.579s] [100%] Built target ament_cmake_python_build_point_bot_interfaces_egg
[0.601s] Invoked command in '/home/rob/project/csci5551-s26-team-pointbot/build/point_bot_interfaces' returned '0': CMAKE_PREFIX_PATH=${CMAKE_PREFIX_PATH}:/home/rob/project/csci5551-s26-team-pointbot/install/planning:/home/rob/project/csci5551-s26-team-pointbot/install/perception:/home/rob/project/csci5551-s26-team-pointbot/install/pointbot_rviz:/home/rob/project/csci5551-s26-team-pointbot/install/uf_ros_lib:/opt/ros/jazzy DEBUGINFOD_URLS=https://debuginfod.ubuntu.com /usr/bin/cmake --build /home/rob/project/csci5551-s26-team-pointbot/build/point_bot_interfaces -- -j16 -l16
[0.601s] Invoking command in '/home/rob/project/csci5551-s26-team-pointbot/build/point_bot_interfaces': CMAKE_PREFIX_PATH=${CMAKE_PREFIX_PATH}:/home/rob/project/csci5551-s26-team-pointbot/install/planning:/home/rob/project/csci5551-s26-team-pointbot/install/perception:/home/rob/project/csci5551-s26-team-pointbot/install/pointbot_rviz:/home/rob/project/csci5551-s26-team-pointbot/install/uf_ros_lib:/opt/ros/jazzy DEBUGINFOD_URLS=https://debuginfod.ubuntu.com /usr/bin/cmake --install /home/rob/project/csci5551-s26-team-pointbot/build/point_bot_interfaces
[0.618s] -- Install configuration: ""
[0.618s] -- Up-to-date: /home/rob/project/csci5551-s26-team-pointbot/install/point_bot_interfaces/share/ament_index/resource_index/rosidl_interfaces/point_bot_interfaces
[0.618s] -- Up-to-date: /home/rob/project/csci5551-s26-team-pointbot/install/point_bot_interfaces/share/point_bot_interfaces/action/Perception.json
[0.618s] -- Up-to-date: /home/rob/project/csci5551-s26-team-pointbot/install/point_bot_interfaces/share/point_bot_interfaces/action/MoveObject.json
[0.619s] -- Up-to-date: /home/rob/project/csci5551-s26-team-pointbot/install/point_bot_interfaces/include/point_bot_interfaces/point_bot_interfaces
[0.619s] -- Up-to-date: /home/rob/project/csci5551-s26-team-pointbot/install/point_bot_interfaces/include/point_bot_interfaces/point_bot_interfaces/action
[0.619s] -- Up-to-date: /home/rob/project/csci5551-s26-team-pointbot/install/point_bot_interfaces/include/point_bot_interfaces/point_bot_interfaces/action/perception.h
[0.619s] -- Up-to-date: /home/rob/project/csci5551-s26-team-pointbot/install/point_bot_interfaces/include/point_bot_interfaces/point_bot_interfaces/action/move_object.h
[0.619s] -- Up-to-date: /home/rob/project/csci5551-s26-team-pointbot/install/point_bot_interfaces/include/point_bot_interfaces/point_bot_interfaces/action/detail
[0.619s] -- Up-to-date: /home/rob/project/csci5551-s26-team-pointbot/install/point_bot_interfaces/include/point_bot_interfaces/point_bot_interfaces/action/detail/perception__functions.h
[0.619s] -- Up-to-date: /home/rob/project/csci5551-s26-team-pointbot/install/point_bot_interfaces/include/point_bot_interfaces/point_bot_interfaces/action/detail/move_object__type_support.c
[0.620s] -- Up-to-date: /home/rob/project/csci5551-s26-team-pointbot/install/point_bot_interfaces/include/point_bot_interfaces/point_bot_interfaces/action/detail/move_object__description.c
[0.620s] -- Up-to-date: /home/rob/project/csci5551-s26-team-pointbot/install/point_bot_interfaces/include/point_bot_interfaces/point_bot_interfaces/action/detail/perception__functions.c
[0.620s] -- Up-to-date: /home/rob/project/csci5551-s26-team-pointbot/install/point_bot_interfaces/include/point_bot_interfaces/point_bot_interfaces/action/detail/perception__description.c
[0.620s] -- Up-to-date: /home/rob/project/csci5551-s26-team-pointbot/install/point_bot_interfaces/include/point_bot_interfaces/point_bot_interfaces/action/detail/perception__type_support.h
[0.620s] -- Up-to-date: /home/rob/project/csci5551-s26-team-pointbot/install/point_bot_interfaces/include/point_bot_interfaces/point_bot_interfaces/action/detail/move_object__type_support.h
[0.620s] -- Up-to-date: /home/rob/project/csci5551-s26-team-pointbot/install/point_bot_interfaces/include/point_bot_interfaces/point_bot_interfaces/action/detail/perception__type_support.c
[0.620s] -- Up-to-date: /home/rob/project/csci5551-s26-team-pointbot/install/point_bot_interfaces/include/point_bot_interfaces/point_bot_interfaces/action/detail/move_object__functions.h
[0.620s] -- Up-to-date: /home/rob/project/csci5551-s26-team-pointbot/install/point_bot_interfaces/include/point_bot_interfaces/point_bot_interfaces/action/detail/move_object__functions.c
[0.620s] -- Up-to-date: /home/rob/project/csci5551-s26-team-pointbot/install/point_bot_interfaces/include/point_bot_interfaces/point_bot_interfaces/action/detail/perception__struct.h
[0.620s] -- Up-to-date: /home/rob/project/csci5551-s26-team-pointbot/install/point_bot_interfaces/include/point_bot_interfaces/point_bot_interfaces/action/detail/move_object__struct.h
[0.620s] -- Up-to-date: /home/rob/project/csci5551-s26-team-pointbot/install/point_bot_interfaces/include/point_bot_interfaces/point_bot_interfaces/msg
[0.620s] -- Up-to-date: /home/rob/project/csci5551-s26-team-pointbot/install/point_bot_interfaces/include/point_bot_interfaces/point_bot_interfaces/msg/rosidl_generator_c__visibility_control.h
[0.620s] -- Up-to-date: /home/rob/project/csci5551-s26-team-pointbot/install/point_bot_interfaces/share/point_bot_interfaces/environment/library_path.sh
[0.620s] -- Up-to-date: /home/rob/project/csci5551-s26-team-pointbot/install/point_bot_interfaces/share/point_bot_interfaces/environment/library_path.dsv
[0.620s] -- Up-to-date: /home/rob/project/csci5551-s26-team-pointbot/install/point_bot_interfaces/lib/libpoint_bot_interfaces__rosidl_generator_c.so
[0.624s] -- Up-to-date: /home/rob/project/csci5551-s26-team-pointbot/install/point_bot_interfaces/include/point_bot_interfaces/point_bot_interfaces
[0.624s] -- Up-to-date: /home/rob/project/csci5551-s26-team-pointbot/install/point_bot_interfaces/include/point_bot_interfaces/point_bot_interfaces/action
[0.624s] -- Up-to-date: /home/rob/project/csci5551-s26-team-pointbot/install/point_bot_interfaces/include/point_bot_interfaces/point_bot_interfaces/action/detail
[0.624s] -- Up-to-date: /home/rob/project/csci5551-s26-team-pointbot/install/point_bot_interfaces/include/point_bot_interfaces/point_bot_interfaces/action/detail/move_object__rosidl_typesupport_fastrtps_c.h
[0.624s] -- Up-to-date: /home/rob/project/csci5551-s26-team-pointbot/install/point_bot_interfaces/include/point_bot_interfaces/point_bot_interfaces/action/detail/perception__rosidl_typesupport_fastrtps_c.h
[0.624s] -- Up-to-date: /home/rob/project/csci5551-s26-team-pointbot/install/point_bot_interfaces/include/point_bot_interfaces/point_bot_interfaces/msg
[0.624s] -- Up-to-date: /home/rob/project/csci5551-s26-team-pointbot/install/point_bot_interfaces/include/point_bot_interfaces/point_bot_interfaces/msg/rosidl_typesupport_fastrtps_c__visibility_control.h
[0.624s] -- Up-to-date: /home/rob/project/csci5551-s26-team-pointbot/install/point_bot_interfaces/lib/libpoint_bot_interfaces__rosidl_typesupport_fastrtps_c.so
[0.624s] -- Up-to-date: /home/rob/project/csci5551-s26-team-pointbot/install/point_bot_interfaces/include/point_bot_interfaces/point_bot_interfaces
[0.624s] -- Up-to-date: /home/rob/project/csci5551-s26-team-pointbot/install/point_bot_interfaces/include/point_bot_interfaces/point_bot_interfaces/action
[0.624s] -- Up-to-date: /home/rob/project/csci5551-s26-team-pointbot/install/point_bot_interfaces/include/point_bot_interfaces/point_bot_interfaces/action/perception.hpp
[0.624s] -- Up-to-date: /home/rob/project/csci5551-s26-team-pointbot/install/point_bot_interfaces/include/point_bot_interfaces/point_bot_interfaces/action/move_object.hpp
[0.624s] -- Up-to-date: /home/rob/project/csci5551-s26-team-pointbot/install/point_bot_interfaces/include/point_bot_interfaces/point_bot_interfaces/action/detail
[0.625s] -- Up-to-date: /home/rob/project/csci5551-s26-team-pointbot/install/point_bot_interfaces/include/point_bot_interfaces/point_bot_interfaces/action/detail/move_object__builder.hpp
[0.625s] -- Up-to-date: /home/rob/project/csci5551-s26-team-pointbot/install/point_bot_interfaces/include/point_bot_interfaces/point_bot_interfaces/action/detail/perception__type_support.hpp
[0.625s] -- Up-to-date: /home/rob/project/csci5551-s26-team-pointbot/install/point_bot_interfaces/include/point_bot_interfaces/point_bot_interfaces/action/detail/move_object__type_support.hpp
[0.625s] -- Up-to-date: /home/rob/project/csci5551-s26-team-pointbot/install/point_bot_interfaces/include/point_bot_interfaces/point_bot_interfaces/action/detail/move_object__struct.hpp
[0.625s] -- Up-to-date: /home/rob/project/csci5551-s26-team-pointbot/install/point_bot_interfaces/include/point_bot_interfaces/point_bot_interfaces/action/detail/perception__traits.hpp
[0.625s] -- Up-to-date: /home/rob/project/csci5551-s26-team-pointbot/install/point_bot_interfaces/include/point_bot_interfaces/point_bot_interfaces/action/detail/perception__struct.hpp
[0.625s] -- Up-to-date: /home/rob/project/csci5551-s26-team-pointbot/install/point_bot_interfaces/include/point_bot_interfaces/point_bot_interfaces/action/detail/perception__builder.hpp
[0.625s] -- Up-to-date: /home/rob/project/csci5551-s26-team-pointbot/install/point_bot_interfaces/include/point_bot_interfaces/point_bot_interfaces/action/detail/move_object__traits.hpp
[0.625s] -- Up-to-date: /home/rob/project/csci5551-s26-team-pointbot/install/point_bot_interfaces/include/point_bot_interfaces/point_bot_interfaces/msg
[0.625s] -- Up-to-date: /home/rob/project/csci5551-s26-team-pointbot/install/point_bot_interfaces/include/point_bot_interfaces/point_bot_interfaces/msg/rosidl_generator_cpp__visibility_control.hpp
[0.625s] -- Up-to-date: /home/rob/project/csci5551-s26-team-pointbot/install/point_bot_interfaces/include/point_bot_interfaces/point_bot_interfaces
[0.625s] -- Up-to-date: /home/rob/project/csci5551-s26-team-pointbot/install/point_bot_interfaces/include/point_bot_interfaces/point_bot_interfaces/action
[0.625s] -- Up-to-date: /home/rob/project/csci5551-s26-team-pointbot/install/point_bot_interfaces/include/point_bot_interfaces/point_bot_interfaces/action/detail
[0.625s] -- Up-to-date: /home/rob/project/csci5551-s26-team-pointbot/install/point_bot_interfaces/include/point_bot_interfaces/point_bot_interfaces/action/detail/dds_fastrtps
[0.625s] -- Up-to-date: /home/rob/project/csci5551-s26-team-pointbot/install/point_bot_interfaces/include/point_bot_interfaces/point_bot_interfaces/action/detail/move_object__rosidl_typesupport_fastrtps_cpp.hpp
[0.625s] -- Up-to-date: /home/rob/project/csci5551-s26-team-pointbot/install/point_bot_interfaces/include/point_bot_interfaces/point_bot_interfaces/action/detail/perception__rosidl_typesupport_fastrtps_cpp.hpp
[0.625s] -- Up-to-date: /home/rob/project/csci5551-s26-team-pointbot/install/point_bot_interfaces/include/point_bot_interfaces/point_bot_interfaces/msg
[0.625s] -- Up-to-date: /home/rob/project/csci5551-s26-team-pointbot/install/point_bot_interfaces/include/point_bot_interfaces/point_bot_interfaces/msg/rosidl_typesupport_fastrtps_cpp__visibility_control.h
[0.626s] -- Up-to-date: /home/rob/project/csci5551-s26-team-pointbot/install/point_bot_interfaces/lib/libpoint_bot_interfaces__rosidl_typesupport_fastrtps_cpp.so
[0.626s] -- Up-to-date: /home/rob/project/csci5551-s26-team-pointbot/install/point_bot_interfaces/include/point_bot_interfaces/point_bot_interfaces
[0.626s] -- Up-to-date: /home/rob/project/csci5551-s26-team-pointbot/install/point_bot_interfaces/include/point_bot_interfaces/point_bot_interfaces/action
[0.626s] -- Up-to-date: /home/rob/project/csci5551-s26-team-pointbot/install/point_bot_interfaces/include/point_bot_interfaces/point_bot_interfaces/action/detail
[0.626s] -- Up-to-date: /home/rob/project/csci5551-s26-team-pointbot/install/point_bot_interfaces/include/point_bot_interfaces/point_bot_interfaces/action/detail/move_object__type_support.c
[0.626s] -- Up-to-date: /home/rob/project/csci5551-s26-team-pointbot/install/point_bot_interfaces/include/point_bot_interfaces/point_bot_interfaces/action/detail/move_object__rosidl_typesupport_introspection_c.h
[0.626s] -- Up-to-date: /home/rob/project/csci5551-s26-team-pointbot/install/point_bot_interfaces/include/point_bot_interfaces/point_bot_interfaces/action/detail/perception__type_support.c
[0.626s] -- Up-to-date: /home/rob/project/csci5551-s26-team-pointbot/install/point_bot_interfaces/include/point_bot_interfaces/point_bot_interfaces/action/detail/perception__rosidl_typesupport_introspection_c.h
[0.626s] -- Up-to-date: /home/rob/project/csci5551-s26-team-pointbot/install/point_bot_interfaces/include/point_bot_interfaces/point_bot_interfaces/msg
[0.626s] -- Up-to-date: /home/rob/project/csci5551-s26-team-pointbot/install/point_bot_interfaces/include/point_bot_interfaces/point_bot_interfaces/msg/rosidl_typesupport_introspection_c__visibility_control.h
[0.626s] -- Up-to-date: /home/rob/project/csci5551-s26-team-pointbot/install/point_bot_interfaces/lib/libpoint_bot_interfaces__rosidl_typesupport_introspection_c.so
[0.626s] -- Up-to-date: /home/rob/project/csci5551-s26-team-pointbot/install/point_bot_interfaces/lib/libpoint_bot_interfaces__rosidl_typesupport_c.so
[0.626s] -- Up-to-date: /home/rob/project/csci5551-s26-team-pointbot/install/point_bot_interfaces/include/point_bot_interfaces/point_bot_interfaces
[0.626s] -- Up-to-date: /home/rob/project/csci5551-s26-team-pointbot/install/point_bot_interfaces/include/point_bot_interfaces/point_bot_interfaces/action
[0.626s] -- Up-to-date: /home/rob/project/csci5551-s26-team-pointbot/install/point_bot_interfaces/include/point_bot_interfaces/point_bot_interfaces/action/detail
[0.626s] -- Up-to-date: /home/rob/project/csci5551-s26-team-pointbot/install/point_bot_interfaces/include/point_bot_interfaces/point_bot_interfaces/action/detail/move_object__type_support.cpp
[0.626s] -- Up-to-date: /home/rob/project/csci5551-s26-team-pointbot/install/point_bot_interfaces/include/point_bot_interfaces/point_bot_interfaces/action/detail/move_object__rosidl_typesupport_introspection_cpp.hpp
[0.626s] -- Up-to-date: /home/rob/project/csci5551-s26-team-pointbot/install/point_bot_interfaces/include/point_bot_interfaces/point_bot_interfaces/action/detail/perception__rosidl_typesupport_introspection_cpp.hpp
[0.627s] -- Up-to-date: /home/rob/project/csci5551-s26-team-pointbot/install/point_bot_interfaces/include/point_bot_interfaces/point_bot_interfaces/action/detail/perception__type_support.cpp
[0.627s] -- Up-to-date: /home/rob/project/csci5551-s26-team-pointbot/install/point_bot_interfaces/lib/libpoint_bot_interfaces__rosidl_typesupport_introspection_cpp.so
[0.627s] -- Up-to-date: /home/rob/project/csci5551-s26-team-pointbot/install/point_bot_interfaces/lib/libpoint_bot_interfaces__rosidl_typesupport_cpp.so
[0.629s] -- Up-to-date: /home/rob/project/csci5551-s26-team-pointbot/install/point_bot_interfaces/share/point_bot_interfaces/environment/pythonpath.sh
[0.629s] -- Up-to-date: /home/rob/project/csci5551-s26-team-pointbot/install/point_bot_interfaces/share/point_bot_interfaces/environment/pythonpath.dsv
[0.629s] -- Up-to-date: /home/rob/project/csci5551-s26-team-pointbot/install/point_bot_interfaces/lib/python3.12/site-packages/point_bot_interfaces-0.0.0-py3.12.egg-info
[0.630s] -- Installing: /home/rob/project/csci5551-s26-team-pointbot/install/point_bot_interfaces/lib/python3.12/site-packages/point_bot_interfaces-0.0.0-py3.12.egg-info/PKG-INFO
[0.630s] -- Installing: /home/rob/project/csci5551-s26-team-pointbot/install/point_bot_interfaces/lib/python3.12/site-packages/point_bot_interfaces-0.0.0-py3.12.egg-info/dependency_links.txt
[0.630s] -- Installing: /home/rob/project/csci5551-s26-team-pointbot/install/point_bot_interfaces/lib/python3.12/site-packages/point_bot_interfaces-0.0.0-py3.12.egg-info/SOURCES.txt
[0.630s] -- Installing: /home/rob/project/csci5551-s26-team-pointbot/install/point_bot_interfaces/lib/python3.12/site-packages/point_bot_interfaces-0.0.0-py3.12.egg-info/top_level.txt
[0.630s] -- Up-to-date: /home/rob/project/csci5551-s26-team-pointbot/install/point_bot_interfaces/lib/python3.12/site-packages/point_bot_interfaces
[0.630s] -- Up-to-date: /home/rob/project/csci5551-s26-team-pointbot/install/point_bot_interfaces/lib/python3.12/site-packages/point_bot_interfaces/point_bot_interfaces_s__rosidl_typesupport_fastrtps_c.so
[0.630s] -- Up-to-date: /home/rob/project/csci5551-s26-team-pointbot/install/point_bot_interfaces/lib/python3.12/site-packages/point_bot_interfaces/_point_bot_interfaces_s.ep.rosidl_typesupport_fastrtps_c.c
[0.630s] -- Up-to-date: /home/rob/project/csci5551-s26-team-pointbot/install/point_bot_interfaces/lib/python3.12/site-packages/point_bot_interfaces/point_bot_interfaces_s__rosidl_typesupport_introspection_c.so
[0.630s] -- Up-to-date: /home/rob/project/csci5551-s26-team-pointbot/install/point_bot_interfaces/lib/python3.12/site-packages/point_bot_interfaces/__init__.py
[0.630s] -- Up-to-date: /home/rob/project/csci5551-s26-team-pointbot/install/point_bot_interfaces/lib/python3.12/site-packages/point_bot_interfaces/_point_bot_interfaces_s.ep.rosidl_typesupport_c.c
[0.630s] -- Up-to-date: /home/rob/project/csci5551-s26-team-pointbot/install/point_bot_interfaces/lib/python3.12/site-packages/point_bot_interfaces/action
[0.630s] -- Up-to-date: /home/rob/project/csci5551-s26-team-pointbot/install/point_bot_interfaces/lib/python3.12/site-packages/point_bot_interfaces/action/_move_object_s.c
[0.630s] -- Up-to-date: /home/rob/project/csci5551-s26-team-pointbot/install/point_bot_interfaces/lib/python3.12/site-packages/point_bot_interfaces/action/__init__.py
[0.630s] -- Up-to-date: /home/rob/project/csci5551-s26-team-pointbot/install/point_bot_interfaces/lib/python3.12/site-packages/point_bot_interfaces/action/_perception.py
[0.630s] -- Up-to-date: /home/rob/project/csci5551-s26-team-pointbot/install/point_bot_interfaces/lib/python3.12/site-packages/point_bot_interfaces/action/_perception_s.c
[0.630s] -- Up-to-date: /home/rob/project/csci5551-s26-team-pointbot/install/point_bot_interfaces/lib/python3.12/site-packages/point_bot_interfaces/action/_move_object.py
[0.630s] -- Up-to-date: /home/rob/project/csci5551-s26-team-pointbot/install/point_bot_interfaces/lib/python3.12/site-packages/point_bot_interfaces/point_bot_interfaces_s__rosidl_typesupport_c.so
[0.630s] -- Up-to-date: /home/rob/project/csci5551-s26-team-pointbot/install/point_bot_interfaces/lib/python3.12/site-packages/point_bot_interfaces/_point_bot_interfaces_s.ep.rosidl_typesupport_introspection_c.c
[0.756s] Listing '/home/rob/project/csci5551-s26-team-pointbot/install/point_bot_interfaces/lib/python3.12/site-packages/point_bot_interfaces'...
[0.756s] Listing '/home/rob/project/csci5551-s26-team-pointbot/install/point_bot_interfaces/lib/python3.12/site-packages/point_bot_interfaces/action'...
[0.764s] -- Up-to-date: /home/rob/project/csci5551-s26-team-pointbot/install/point_bot_interfaces/lib/python3.12/site-packages/point_bot_interfaces/point_bot_interfaces_s__rosidl_typesupport_fastrtps_c.so
[0.764s] -- Up-to-date: /home/rob/project/csci5551-s26-team-pointbot/install/point_bot_interfaces/lib/python3.12/site-packages/point_bot_interfaces/point_bot_interfaces_s__rosidl_typesupport_introspection_c.so
[0.765s] -- Up-to-date: /home/rob/project/csci5551-s26-team-pointbot/install/point_bot_interfaces/lib/python3.12/site-packages/point_bot_interfaces/point_bot_interfaces_s__rosidl_typesupport_c.so
[0.765s] -- Up-to-date: /home/rob/project/csci5551-s26-team-pointbot/install/point_bot_interfaces/lib/libpoint_bot_interfaces__rosidl_generator_py.so
[0.765s] -- Up-to-date: /home/rob/project/csci5551-s26-team-pointbot/install/point_bot_interfaces/share/ament_index/resource_index/rust_packages/point_bot_interfaces
[0.765s] -- Up-to-date: /home/rob/project/csci5551-s26-team-pointbot/install/point_bot_interfaces/share/point_bot_interfaces/rust
[0.765s] -- Up-to-date: /home/rob/project/csci5551-s26-team-pointbot/install/point_bot_interfaces/share/point_bot_interfaces/rust/Cargo.toml
[0.766s] -- Up-to-date: /home/rob/project/csci5551-s26-team-pointbot/install/point_bot_interfaces/share/point_bot_interfaces/rust/src
[0.771s] -- Up-to-date: /home/rob/project/csci5551-s26-team-pointbot/install/point_bot_interfaces/share/point_bot_interfaces/rust/src/lib.rs
[0.771s] -- Up-to-date: /home/rob/project/csci5551-s26-team-pointbot/install/point_bot_interfaces/share/point_bot_interfaces/rust/src/action
[0.771s] -- Up-to-date: /home/rob/project/csci5551-s26-team-pointbot/install/point_bot_interfaces/share/point_bot_interfaces/rust/src/action/rmw.rs
[0.771s] -- Up-to-date: /home/rob/project/csci5551-s26-team-pointbot/install/point_bot_interfaces/share/point_bot_interfaces/rust/src/action.rs
[0.771s] -- Up-to-date: /home/rob/project/csci5551-s26-team-pointbot/install/point_bot_interfaces/share/point_bot_interfaces/rust/build.rs
[0.771s] -- Up-to-date: /home/rob/project/csci5551-s26-team-pointbot/install/point_bot_interfaces/share/point_bot_interfaces/action/Perception.idl
[0.771s] -- Up-to-date: /home/rob/project/csci5551-s26-team-pointbot/install/point_bot_interfaces/share/point_bot_interfaces/action/MoveObject.idl
[0.771s] -- Up-to-date: /home/rob/project/csci5551-s26-team-pointbot/install/point_bot_interfaces/share/point_bot_interfaces/action/Perception.action
[0.771s] -- Up-to-date: /home/rob/project/csci5551-s26-team-pointbot/install/point_bot_interfaces/share/point_bot_interfaces/action/MoveObject.action
[0.771s] -- Up-to-date: /home/rob/project/csci5551-s26-team-pointbot/install/point_bot_interfaces/share/ament_index/resource_index/package_run_dependencies/point_bot_interfaces
[0.772s] -- Up-to-date: /home/rob/project/csci5551-s26-team-pointbot/install/point_bot_interfaces/share/ament_index/resource_index/parent_prefix_path/point_bot_interfaces
[0.772s] -- Up-to-date: /home/rob/project/csci5551-s26-team-pointbot/install/point_bot_interfaces/share/point_bot_interfaces/environment/ament_prefix_path.sh
[0.772s] -- Up-to-date: /home/rob/project/csci5551-s26-team-pointbot/install/point_bot_interfaces/share/point_bot_interfaces/environment/ament_prefix_path.dsv
[0.772s] -- Up-to-date: /home/rob/project/csci5551-s26-team-pointbot/install/point_bot_interfaces/share/point_bot_interfaces/environment/path.sh
[0.772s] -- Up-to-date: /home/rob/project/csci5551-s26-team-pointbot/install/point_bot_interfaces/share/point_bot_interfaces/environment/path.dsv
[0.772s] -- Up-to-date: /home/rob/project/csci5551-s26-team-pointbot/install/point_bot_interfaces/share/point_bot_interfaces/local_setup.bash
[0.772s] -- Up-to-date: /home/rob/project/csci5551-s26-team-pointbot/install/point_bot_interfaces/share/point_bot_interfaces/local_setup.sh
[0.772s] -- Up-to-date: /home/rob/project/csci5551-s26-team-pointbot/install/point_bot_interfaces/share/point_bot_interfaces/local_setup.zsh
[0.772s] -- Up-to-date: /home/rob/project/csci5551-s26-team-pointbot/install/point_bot_interfaces/share/point_bot_interfaces/local_setup.dsv
[0.772s] -- Installing: /home/rob/project/csci5551-s26-team-pointbot/install/point_bot_interfaces/share/point_bot_interfaces/package.dsv
[0.773s] -- Up-to-date: /home/rob/project/csci5551-s26-team-pointbot/install/point_bot_interfaces/share/ament_index/resource_index/packages/point_bot_interfaces
[0.773s] -- Up-to-date: /home/rob/project/csci5551-s26-team-pointbot/install/point_bot_interfaces/share/point_bot_interfaces/cmake/export_point_bot_interfaces__rosidl_generator_cExport.cmake
[0.773s] -- Up-to-date: /home/rob/project/csci5551-s26-team-pointbot/install/point_bot_interfaces/share/point_bot_interfaces/cmake/export_point_bot_interfaces__rosidl_generator_cExport-noconfig.cmake
[0.773s] -- Up-to-date: /home/rob/project/csci5551-s26-team-pointbot/install/point_bot_interfaces/share/point_bot_interfaces/cmake/export_point_bot_interfaces__rosidl_typesupport_fastrtps_cExport.cmake
[0.773s] -- Up-to-date: /home/rob/project/csci5551-s26-team-pointbot/install/point_bot_interfaces/share/point_bot_interfaces/cmake/export_point_bot_interfaces__rosidl_typesupport_fastrtps_cExport-noconfig.cmake
[0.773s] -- Up-to-date: /home/rob/project/csci5551-s26-team-pointbot/install/point_bot_interfaces/share/point_bot_interfaces/cmake/export_point_bot_interfaces__rosidl_generator_cppExport.cmake
[0.773s] -- Up-to-date: /home/rob/project/csci5551-s26-team-pointbot/install/point_bot_interfaces/share/point_bot_interfaces/cmake/export_point_bot_interfaces__rosidl_typesupport_fastrtps_cppExport.cmake
[0.773s] -- Up-to-date: /home/rob/project/csci5551-s26-team-pointbot/install/point_bot_interfaces/share/point_bot_interfaces/cmake/export_point_bot_interfaces__rosidl_typesupport_fastrtps_cppExport-noconfig.cmake
[0.773s] -- Up-to-date: /home/rob/project/csci5551-s26-team-pointbot/install/point_bot_interfaces/share/point_bot_interfaces/cmake/point_bot_interfaces__rosidl_typesupport_introspection_cExport.cmake
[0.773s] -- Up-to-date: /home/rob/project/csci5551-s26-team-pointbot/install/point_bot_interfaces/share/point_bot_interfaces/cmake/point_bot_interfaces__rosidl_typesupport_introspection_cExport-noconfig.cmake
[0.773s] -- Up-to-date: /home/rob/project/csci5551-s26-team-pointbot/install/point_bot_interfaces/share/point_bot_interfaces/cmake/point_bot_interfaces__rosidl_typesupport_cExport.cmake
[0.773s] -- Up-to-date: /home/rob/project/csci5551-s26-team-pointbot/install/point_bot_interfaces/share/point_bot_interfaces/cmake/point_bot_interfaces__rosidl_typesupport_cExport-noconfig.cmake
[0.774s] -- Up-to-date: /home/rob/project/csci5551-s26-team-pointbot/install/point_bot_interfaces/share/point_bot_interfaces/cmake/point_bot_interfaces__rosidl_typesupport_introspection_cppExport.cmake
[0.774s] -- Up-to-date: /home/rob/project/csci5551-s26-team-pointbot/install/point_bot_interfaces/share/point_bot_interfaces/cmake/point_bot_interfaces__rosidl_typesupport_introspection_cppExport-noconfig.cmake
[0.774s] -- Up-to-date: /home/rob/project/csci5551-s26-team-pointbot/install/point_bot_interfaces/share/point_bot_interfaces/cmake/point_bot_interfaces__rosidl_typesupport_cppExport.cmake
[0.774s] -- Up-to-date: /home/rob/project/csci5551-s26-team-pointbot/install/point_bot_interfaces/share/point_bot_interfaces/cmake/point_bot_interfaces__rosidl_typesupport_cppExport-noconfig.cmake
[0.774s] -- Up-to-date: /home/rob/project/csci5551-s26-team-pointbot/install/point_bot_interfaces/share/point_bot_interfaces/cmake/export_point_bot_interfaces__rosidl_generator_pyExport.cmake
[0.774s] -- Up-to-date: /home/rob/project/csci5551-s26-team-pointbot/install/point_bot_interfaces/share/point_bot_interfaces/cmake/export_point_bot_interfaces__rosidl_generator_pyExport-noconfig.cmake
[0.774s] -- Up-to-date: /home/rob/project/csci5551-s26-team-pointbot/install/point_bot_interfaces/share/point_bot_interfaces/cmake/rosidl_cmake-extras.cmake
[0.777s] -- Up-to-date: /home/rob/project/csci5551-s26-team-pointbot/install/point_bot_interfaces/share/point_bot_interfaces/cmake/ament_cmake_export_dependencies-extras.cmake
[0.778s] -- Up-to-date: /home/rob/project/csci5551-s26-team-pointbot/install/point_bot_interfaces/share/point_bot_interfaces/cmake/ament_cmake_export_include_directories-extras.cmake
[0.782s] -- Up-to-date: /home/rob/project/csci5551-s26-team-pointbot/install/point_bot_interfaces/share/point_bot_interfaces/cmake/ament_cmake_export_libraries-extras.cmake
[0.783s] -- Up-to-date: /home/rob/project/csci5551-s26-team-pointbot/install/point_bot_interfaces/share/point_bot_interfaces/cmake/ament_cmake_export_targets-extras.cmake
[0.783s] -- Up-to-date: /home/rob/project/csci5551-s26-team-pointbot/install/point_bot_interfaces/share/point_bot_interfaces/cmake/rosidl_cmake_export_typesupport_targets-extras.cmake
[0.783s] -- Up-to-date: /home/rob/project/csci5551-s26-team-pointbot/install/point_bot_interfaces/share/point_bot_interfaces/cmake/rosidl_cmake_export_typesupport_libraries-extras.cmake
[0.783s] -- Up-to-date: /home/rob/project/csci5551-s26-team-pointbot/install/point_bot_interfaces/share/point_bot_interfaces/cmake/point_bot_interfacesConfig.cmake
[0.784s] -- Up-to-date: /home/rob/project/csci5551-s26-team-pointbot/install/point_bot_interfaces/share/point_bot_interfaces/cmake/point_bot_interfacesConfig-version.cmake
[0.784s] -- Up-to-date: /home/rob/project/csci5551-s26-team-pointbot/install/point_bot_interfaces/share/point_bot_interfaces/package.xml
[0.789s] Invoked command in '/home/rob/project/csci5551-s26-team-pointbot/build/point_bot_interfaces' returned '0': CMAKE_PREFIX_PATH=${CMAKE_PREFIX_PATH}:/home/rob/project/csci5551-s26-team-pointbot/install/planning:/home/rob/project/csci5551-s26-team-pointbot/install/perception:/home/rob/project/csci5551-s26-team-pointbot/install/pointbot_rviz:/home/rob/project/csci5551-s26-team-pointbot/install/uf_ros_lib:/opt/ros/jazzy DEBUGINFOD_URLS=https://debuginfod.ubuntu.com /usr/bin/cmake --install /home/rob/project/csci5551-s26-team-pointbot/build/point_bot_interfaces
