-- Found ament_lint_auto: 0.17.5 (/opt/ros/jazzy/share/ament_lint_auto/cmake)
-- Found ament_cmake: 2.5.6 (/opt/ros/jazzy/share/ament_cmake/cmake)
-- Found rclcpp: 28.1.18 (/opt/ros/jazzy/share/rclcpp/cmake)
-- Found rosidl_generator_c: 4.6.7 (/opt/ros/jazzy/share/rosidl_generator_c/cmake)
-- Found rosidl_generator_cpp: 4.6.7 (/opt/ros/jazzy/share/rosidl_generator_cpp/cmake)
-- Using all available rosidl_typesupport_c: rosidl_typesupport_fastrtps_c;rosidl_typesupport_introspection_c
-- Using all available rosidl_typesupport_cpp: rosidl_typesupport_fastrtps_cpp;rosidl_typesupport_introspection_cpp
-- Found rmw_implementation_cmake: 7.3.3 (/opt/ros/jazzy/share/rmw_implementation_cmake/cmake)
-- Found rmw_fastrtps_cpp: 8.4.3 (/opt/ros/jazzy/share/rmw_fastrtps_cpp/cmake)
-- Using RMW implementation 'rmw_fastrtps_cpp' as default
-- Found behaviortree_ros2: 0.3.0 (/home/rob/project/csci5551-s26-team-pointbot/install/behaviortree_ros2/share/behaviortree_ros2/cmake)
-- Found point_bot_interfaces: 0.0.0 (/home/rob/project/csci5551-s26-team-pointbot/install/point_bot_interfaces/share/point_bot_interfaces/cmake)
-- Added test 'cppcheck' to perform static code analysis on C / C++ code
-- Configured cppcheck include dirs: $<BUILD_INTERFACE:/home/rob/project/csci5551-s26-team-pointbot/src/control/include>
-- Configured cppcheck exclude dirs and/or files: 
-- Added test 'flake8' to check Python code syntax and style conventions
-- Configured 'flake8' exclude dirs and/or files: 
-- Added test 'lint_cmake' to check CMake code style
-- Added test 'pep257' to check Python code against some of the docstring style conventions in PEP 257
-- Added test 'uncrustify' to check C / C++ code style
-- Configured uncrustify additional arguments: 
-- Added test 'xmllint' to check XML markup files
-- Configuring done (1.5s)
-- Generating done (0.0s)
-- Build files have been written to: /home/rob/project/csci5551-s26-team-pointbot/build/control
[ 50%] [32mBuilding CXX object CMakeFiles/control_tree.dir/src/control_tree.cpp.o[0m
[100%] [32m[1mLinking CXX executable control_tree[0m
[100%] Built target control_tree
-- Install configuration: ""
-- Installing: /home/rob/project/csci5551-s26-team-pointbot/install/control/lib/control/control_tree
-- Set non-toolchain portion of runtime path of "/home/rob/project/csci5551-s26-team-pointbot/install/control/lib/control/control_tree" to ""
-- Installing: /home/rob/project/csci5551-s26-team-pointbot/install/control/share/control/point_bot_tree.btproj
-- Installing: /home/rob/project/csci5551-s26-team-pointbot/install/control/share/control/point_bot_tree.xml
-- Up-to-date: /home/rob/project/csci5551-s26-team-pointbot/install/control/share/control/launch
-- Installing: /home/rob/project/csci5551-s26-team-pointbot/install/control/share/control/launch/full_system_launch.py
-- Up-to-date: /home/rob/project/csci5551-s26-team-pointbot/install/control/share/ament_index/resource_index/package_run_dependencies/control
-- Installing: /home/rob/project/csci5551-s26-team-pointbot/install/control/share/ament_index/resource_index/parent_prefix_path/control
-- Up-to-date: /home/rob/project/csci5551-s26-team-pointbot/install/control/share/control/environment/ament_prefix_path.sh
-- Up-to-date: /home/rob/project/csci5551-s26-team-pointbot/install/control/share/control/environment/ament_prefix_path.dsv
-- Up-to-date: /home/rob/project/csci5551-s26-team-pointbot/install/control/share/control/environment/path.sh
-- Up-to-date: /home/rob/project/csci5551-s26-team-pointbot/install/control/share/control/environment/path.dsv
-- Up-to-date: /home/rob/project/csci5551-s26-team-pointbot/install/control/share/control/local_setup.bash
-- Up-to-date: /home/rob/project/csci5551-s26-team-pointbot/install/control/share/control/local_setup.sh
-- Up-to-date: /home/rob/project/csci5551-s26-team-pointbot/install/control/share/control/local_setup.zsh
-- Up-to-date: /home/rob/project/csci5551-s26-team-pointbot/install/control/share/control/local_setup.dsv
-- Installing: /home/rob/project/csci5551-s26-team-pointbot/install/control/share/control/package.dsv
-- Up-to-date: /home/rob/project/csci5551-s26-team-pointbot/install/control/share/ament_index/resource_index/packages/control
-- Up-to-date: /home/rob/project/csci5551-s26-team-pointbot/install/control/share/control/cmake/controlConfig.cmake
-- Up-to-date: /home/rob/project/csci5551-s26-team-pointbot/install/control/share/control/cmake/controlConfig-version.cmake
-- Installing: /home/rob/project/csci5551-s26-team-pointbot/install/control/share/control/package.xml
