[0.172s] Invoking command in '/home/rob/project/csci5551-s26-team-pointbot/build/zed_description': CMAKE_PREFIX_PATH=${CMAKE_PREFIX_PATH}:/opt/ros/jazzy CONDA_PROMPT_MODIFIER=(base) DEBUGINFOD_URLS=https://debuginfod.ubuntu.com /usr/bin/cmake /home/rob/project/csci5551-s26-team-pointbot/src/zed-ros2-description -DCMAKE_INSTALL_PREFIX=/home/rob/project/csci5551-s26-team-pointbot/install
[0.330s] -- The C compiler identification is GNU 13.3.0
[0.330s] -- The CXX compiler identification is GNU 13.3.0
[0.330s] -- Detecting C compiler ABI info
[0.384s] -- Detecting C compiler ABI info - done
[0.392s] -- Check for working C compiler: /usr/bin/cc - skipped
[0.392s] -- Detecting C compile features
[0.393s] -- Detecting C compile features - done
[0.401s] -- Detecting CXX compiler ABI info
[0.530s] -- Detecting CXX compiler ABI info - done
[0.545s] -- Check for working CXX compiler: /usr/bin/c++ - skipped
[0.548s] -- Detecting CXX compile features
[0.550s] -- Detecting CXX compile features - done
[0.556s] -- Found ament_cmake_auto: 2.5.5 (/opt/ros/jazzy/share/ament_cmake_auto/cmake)
[0.602s] -- Found Python3: /home/rob/miniforge3/bin/python3 (found version "3.13.12") found components: Interpreter 
[0.811s] -- Found ament_lint_auto: 0.17.4 (/opt/ros/jazzy/share/ament_lint_auto/cmake)
[0.825s] -- Added test 'copyright' to check source files copyright and LICENSE
[0.827s] -- Added test 'lint_cmake' to check CMake code style
[0.828s] -- Added test 'pep257' to check Python code against some of the docstring style conventions in PEP 257
[0.830s] -- Added test 'xmllint' to check XML markup files
[0.832s] -- Configuring done (0.6s)
[0.834s] -- Generating done (0.0s)
[0.835s] -- Build files have been written to: /home/rob/project/csci5551-s26-team-pointbot/build/zed_description
[0.843s] Invoked command in '/home/rob/project/csci5551-s26-team-pointbot/build/zed_description' returned '0': CMAKE_PREFIX_PATH=${CMAKE_PREFIX_PATH}:/opt/ros/jazzy CONDA_PROMPT_MODIFIER=(base) DEBUGINFOD_URLS=https://debuginfod.ubuntu.com /usr/bin/cmake /home/rob/project/csci5551-s26-team-pointbot/src/zed-ros2-description -DCMAKE_INSTALL_PREFIX=/home/rob/project/csci5551-s26-team-pointbot/install
[0.844s] Invoking command in '/home/rob/project/csci5551-s26-team-pointbot/build/zed_description': CMAKE_PREFIX_PATH=${CMAKE_PREFIX_PATH}:/opt/ros/jazzy CONDA_PROMPT_MODIFIER=(base) DEBUGINFOD_URLS=https://debuginfod.ubuntu.com /usr/bin/cmake --build /home/rob/project/csci5551-s26-team-pointbot/build/zed_description -- -j16 -l16
[0.902s] Invoked command in '/home/rob/project/csci5551-s26-team-pointbot/build/zed_description' returned '0': CMAKE_PREFIX_PATH=${CMAKE_PREFIX_PATH}:/opt/ros/jazzy CONDA_PROMPT_MODIFIER=(base) DEBUGINFOD_URLS=https://debuginfod.ubuntu.com /usr/bin/cmake --build /home/rob/project/csci5551-s26-team-pointbot/build/zed_description -- -j16 -l16
[0.904s] Invoking command in '/home/rob/project/csci5551-s26-team-pointbot/build/zed_description': CMAKE_PREFIX_PATH=${CMAKE_PREFIX_PATH}:/opt/ros/jazzy CONDA_PROMPT_MODIFIER=(base) DEBUGINFOD_URLS=https://debuginfod.ubuntu.com /usr/bin/cmake --install /home/rob/project/csci5551-s26-team-pointbot/build/zed_description
[0.922s] -- Install configuration: ""
[0.922s] -- Installing: /home/rob/project/csci5551-s26-team-pointbot/install/share/zed_description/urdf
[0.922s] -- Installing: /home/rob/project/csci5551-s26-team-pointbot/install/share/zed_description/urdf/zed_descr.urdf.xacro
[0.922s] -- Installing: /home/rob/project/csci5551-s26-team-pointbot/install/share/zed_description/urdf/include
[0.923s] -- Installing: /home/rob/project/csci5551-s26-team-pointbot/install/share/zed_description/urdf/include/materials.urdf.xacro
[0.923s] -- Installing: /home/rob/project/csci5551-s26-team-pointbot/install/share/zed_description/urdf/zed_macro.urdf.xacro
[0.923s] -- Installing: /home/rob/project/csci5551-s26-team-pointbot/install/share/zed_description/meshes
[0.923s] -- Installing: /home/rob/project/csci5551-s26-team-pointbot/install/share/zed_description/meshes/virtual.stl
[0.925s] -- Installing: /home/rob/project/csci5551-s26-team-pointbot/install/share/zed_description/meshes/zed2i.stl
[0.926s] -- Installing: /home/rob/project/csci5551-s26-team-pointbot/install/share/zed_description/meshes/zedxone4k.stl
[0.927s] -- Installing: /home/rob/project/csci5551-s26-team-pointbot/install/share/zed_description/meshes/zedxm.stl
[0.928s] -- Installing: /home/rob/project/csci5551-s26-team-pointbot/install/share/zed_description/meshes/zedxonegs.stl
[0.929s] -- Installing: /home/rob/project/csci5551-s26-team-pointbot/install/share/zed_description/meshes/zedm.stl
[0.929s] -- Installing: /home/rob/project/csci5551-s26-team-pointbot/install/share/zed_description/meshes/zed2.stl
[0.930s] -- Installing: /home/rob/project/csci5551-s26-team-pointbot/install/share/zed_description/meshes/zedxhdrmini.stl
[0.930s] -- Installing: /home/rob/project/csci5551-s26-team-pointbot/install/share/zed_description/meshes/zed.stl
[0.930s] -- Installing: /home/rob/project/csci5551-s26-team-pointbot/install/share/zed_description/meshes/zedxonehdr.stl
[0.931s] -- Installing: /home/rob/project/csci5551-s26-team-pointbot/install/share/zed_description/meshes/zedx.stl
[0.932s] -- Installing: /home/rob/project/csci5551-s26-team-pointbot/install/share/zed_description/meshes/zedxhdr.stl
[0.932s] -- Installing: /home/rob/project/csci5551-s26-team-pointbot/install/share/zed_description/meshes/zedxhdrmax.stl
[0.934s] -- Installing: /home/rob/project/csci5551-s26-team-pointbot/install/share/zed_description/rviz2
[0.934s] -- Installing: /home/rob/project/csci5551-s26-team-pointbot/install/share/zed_description/rviz2/zed_description.rviz
[0.934s] -- Installing: /home/rob/project/csci5551-s26-team-pointbot/install/share/zed_description/launch
[0.935s] -- Installing: /home/rob/project/csci5551-s26-team-pointbot/install/share/zed_description/launch/zed_viz.launch.py
[0.935s] -- Installing: /home/rob/project/csci5551-s26-team-pointbot/install/share/ament_index/resource_index/package_run_dependencies/zed_description
[0.935s] -- Installing: /home/rob/project/csci5551-s26-team-pointbot/install/share/ament_index/resource_index/parent_prefix_path/zed_description
[0.935s] -- Installing: /home/rob/project/csci5551-s26-team-pointbot/install/share/zed_description/environment/ament_prefix_path.sh
[0.935s] -- Installing: /home/rob/project/csci5551-s26-team-pointbot/install/share/zed_description/environment/ament_prefix_path.dsv
[0.935s] -- Installing: /home/rob/project/csci5551-s26-team-pointbot/install/share/zed_description/environment/path.sh
[0.935s] -- Installing: /home/rob/project/csci5551-s26-team-pointbot/install/share/zed_description/environment/path.dsv
[0.935s] -- Installing: /home/rob/project/csci5551-s26-team-pointbot/install/share/zed_description/local_setup.bash
[0.935s] -- Installing: /home/rob/project/csci5551-s26-team-pointbot/install/share/zed_description/local_setup.sh
[0.935s] -- Installing: /home/rob/project/csci5551-s26-team-pointbot/install/share/zed_description/local_setup.zsh
[0.936s] -- Installing: /home/rob/project/csci5551-s26-team-pointbot/install/share/zed_description/local_setup.dsv
[0.936s] -- Installing: /home/rob/project/csci5551-s26-team-pointbot/install/share/zed_description/package.dsv
[0.936s] -- Installing: /home/rob/project/csci5551-s26-team-pointbot/install/share/ament_index/resource_index/packages/zed_description
[0.936s] -- Installing: /home/rob/project/csci5551-s26-team-pointbot/install/share/zed_description/cmake/zed_descriptionConfig.cmake
[0.936s] -- Installing: /home/rob/project/csci5551-s26-team-pointbot/install/share/zed_description/cmake/zed_descriptionConfig-version.cmake
[0.936s] -- Installing: /home/rob/project/csci5551-s26-team-pointbot/install/share/zed_description/package.xml
[0.938s] Invoked command in '/home/rob/project/csci5551-s26-team-pointbot/build/zed_description' returned '0': CMAKE_PREFIX_PATH=${CMAKE_PREFIX_PATH}:/opt/ros/jazzy CONDA_PROMPT_MODIFIER=(base) DEBUGINFOD_URLS=https://debuginfod.ubuntu.com /usr/bin/cmake --install /home/rob/project/csci5551-s26-team-pointbot/build/zed_description
