-- Install configuration: ""
-- Up-to-date: /home/rob/project/csci5551-s26-team-pointbot/install/share/realsense_gazebo_plugin/environment/library_path.sh
-- Up-to-date: /home/rob/project/csci5551-s26-team-pointbot/install/share/realsense_gazebo_plugin/environment/library_path.dsv
-- Up-to-date: /home/rob/project/csci5551-s26-team-pointbot/install/share/ament_index/resource_index/package_run_dependencies/realsense_gazebo_plugin
-- Up-to-date: /home/rob/project/csci5551-s26-team-pointbot/install/share/ament_index/resource_index/parent_prefix_path/realsense_gazebo_plugin
-- Up-to-date: /home/rob/project/csci5551-s26-team-pointbot/install/share/realsense_gazebo_plugin/environment/ament_prefix_path.sh
-- Up-to-date: /home/rob/project/csci5551-s26-team-pointbot/install/share/realsense_gazebo_plugin/environment/ament_prefix_path.dsv
-- Up-to-date: /home/rob/project/csci5551-s26-team-pointbot/install/share/realsense_gazebo_plugin/environment/path.sh
-- Up-to-date: /home/rob/project/csci5551-s26-team-pointbot/install/share/realsense_gazebo_plugin/environment/path.dsv
-- Up-to-date: /home/rob/project/csci5551-s26-team-pointbot/install/share/realsense_gazebo_plugin/local_setup.bash
-- Up-to-date: /home/rob/project/csci5551-s26-team-pointbot/install/share/realsense_gazebo_plugin/local_setup.sh
-- Up-to-date: /home/rob/project/csci5551-s26-team-pointbot/install/share/realsense_gazebo_plugin/local_setup.zsh
-- Up-to-date: /home/rob/project/csci5551-s26-team-pointbot/install/share/realsense_gazebo_plugin/local_setup.dsv
-- Up-to-date: /home/rob/project/csci5551-s26-team-pointbot/install/share/realsense_gazebo_plugin/package.dsv
-- Up-to-date: /home/rob/project/csci5551-s26-team-pointbot/install/share/ament_index/resource_index/packages/realsense_gazebo_plugin
-- Up-to-date: /home/rob/project/csci5551-s26-team-pointbot/install/share/realsense_gazebo_plugin/cmake/ament_cmake_export_include_directories-extras.cmake
-- Up-to-date: /home/rob/project/csci5551-s26-team-pointbot/install/share/realsense_gazebo_plugin/cmake/ament_cmake_export_libraries-extras.cmake
-- Up-to-date: /home/rob/project/csci5551-s26-team-pointbot/install/share/realsense_gazebo_plugin/cmake/realsense_gazebo_pluginConfig.cmake
-- Up-to-date: /home/rob/project/csci5551-s26-team-pointbot/install/share/realsense_gazebo_plugin/cmake/realsense_gazebo_pluginConfig-version.cmake
-- Up-to-date: /home/rob/project/csci5551-s26-team-pointbot/install/share/realsense_gazebo_plugin/package.xml
