[0.338s] Invoking command in '/home/rob/project/csci5551-s26-team-pointbot/build/realsense_gazebo_plugin': CMAKE_PREFIX_PATH=${CMAKE_PREFIX_PATH}:/opt/ros/jazzy CONDA_PROMPT_MODIFIER=(base) DEBUGINFOD_URLS=https://debuginfod.ubuntu.com /usr/bin/cmake --build /home/rob/project/csci5551-s26-team-pointbot/build/realsense_gazebo_plugin -- -j16 -l16
[0.419s] Invoked command in '/home/rob/project/csci5551-s26-team-pointbot/build/realsense_gazebo_plugin' returned '0': CMAKE_PREFIX_PATH=${CMAKE_PREFIX_PATH}:/opt/ros/jazzy CONDA_PROMPT_MODIFIER=(base) DEBUGINFOD_URLS=https://debuginfod.ubuntu.com /usr/bin/cmake --build /home/rob/project/csci5551-s26-team-pointbot/build/realsense_gazebo_plugin -- -j16 -l16
[0.419s] Invoking command in '/home/rob/project/csci5551-s26-team-pointbot/build/realsense_gazebo_plugin': CMAKE_PREFIX_PATH=${CMAKE_PREFIX_PATH}:/opt/ros/jazzy CONDA_PROMPT_MODIFIER=(base) DEBUGINFOD_URLS=https://debuginfod.ubuntu.com /usr/bin/cmake --install /home/rob/project/csci5551-s26-team-pointbot/build/realsense_gazebo_plugin
[0.421s] -- Install configuration: ""
[0.422s] -- Up-to-date: /home/rob/project/csci5551-s26-team-pointbot/install/share/realsense_gazebo_plugin/environment/library_path.sh
[0.423s] -- Up-to-date: /home/rob/project/csci5551-s26-team-pointbot/install/share/realsense_gazebo_plugin/environment/library_path.dsv
[0.423s] -- Up-to-date: /home/rob/project/csci5551-s26-team-pointbot/install/share/ament_index/resource_index/package_run_dependencies/realsense_gazebo_plugin
[0.423s] -- Up-to-date: /home/rob/project/csci5551-s26-team-pointbot/install/share/ament_index/resource_index/parent_prefix_path/realsense_gazebo_plugin
[0.423s] -- Up-to-date: /home/rob/project/csci5551-s26-team-pointbot/install/share/realsense_gazebo_plugin/environment/ament_prefix_path.sh
[0.423s] -- Up-to-date: /home/rob/project/csci5551-s26-team-pointbot/install/share/realsense_gazebo_plugin/environment/ament_prefix_path.dsv
[0.423s] -- Up-to-date: /home/rob/project/csci5551-s26-team-pointbot/install/share/realsense_gazebo_plugin/environment/path.sh
[0.423s] -- Up-to-date: /home/rob/project/csci5551-s26-team-pointbot/install/share/realsense_gazebo_plugin/environment/path.dsv
[0.423s] -- Up-to-date: /home/rob/project/csci5551-s26-team-pointbot/install/share/realsense_gazebo_plugin/local_setup.bash
[0.423s] -- Up-to-date: /home/rob/project/csci5551-s26-team-pointbot/install/share/realsense_gazebo_plugin/local_setup.sh
[0.424s] -- Up-to-date: /home/rob/project/csci5551-s26-team-pointbot/install/share/realsense_gazebo_plugin/local_setup.zsh
[0.424s] -- Up-to-date: /home/rob/project/csci5551-s26-team-pointbot/install/share/realsense_gazebo_plugin/local_setup.dsv
[0.424s] -- Up-to-date: /home/rob/project/csci5551-s26-team-pointbot/install/share/realsense_gazebo_plugin/package.dsv
[0.424s] -- Up-to-date: /home/rob/project/csci5551-s26-team-pointbot/install/share/ament_index/resource_index/packages/realsense_gazebo_plugin
[0.424s] -- Up-to-date: /home/rob/project/csci5551-s26-team-pointbot/install/share/realsense_gazebo_plugin/cmake/ament_cmake_export_include_directories-extras.cmake
[0.424s] -- Up-to-date: /home/rob/project/csci5551-s26-team-pointbot/install/share/realsense_gazebo_plugin/cmake/ament_cmake_export_libraries-extras.cmake
[0.424s] -- Up-to-date: /home/rob/project/csci5551-s26-team-pointbot/install/share/realsense_gazebo_plugin/cmake/realsense_gazebo_pluginConfig.cmake
[0.424s] -- Up-to-date: /home/rob/project/csci5551-s26-team-pointbot/install/share/realsense_gazebo_plugin/cmake/realsense_gazebo_pluginConfig-version.cmake
[0.424s] -- Up-to-date: /home/rob/project/csci5551-s26-team-pointbot/install/share/realsense_gazebo_plugin/package.xml
[0.425s] Invoked command in '/home/rob/project/csci5551-s26-team-pointbot/build/realsense_gazebo_plugin' returned '0': CMAKE_PREFIX_PATH=${CMAKE_PREFIX_PATH}:/opt/ros/jazzy CONDA_PROMPT_MODIFIER=(base) DEBUGINFOD_URLS=https://debuginfod.ubuntu.com /usr/bin/cmake --install /home/rob/project/csci5551-s26-team-pointbot/build/realsense_gazebo_plugin
