[0.014s] Invoking command in '/home/rob/project/csci5551-s26-team-pointbot/build/btcpp_ros2_interfaces': CMAKE_PREFIX_PATH=${CMAKE_PREFIX_PATH}:/home/rob/project/csci5551-s26-team-pointbot/install/planning:/home/rob/project/csci5551-s26-team-pointbot/install/perception:/home/rob/project/csci5551-s26-team-pointbot/install/pointbot_rviz:/home/rob/project/csci5551-s26-team-pointbot/install/uf_ros_lib:/opt/ros/jazzy DEBUGINFOD_URLS=https://debuginfod.ubuntu.com /usr/bin/cmake --build /home/rob/project/csci5551-s26-team-pointbot/build/btcpp_ros2_interfaces -- -j16 -l16
[0.138s] [  3%] Built target btcpp_ros2_interfaces__rs
[0.139s] [  3%] Built target btcpp_ros2_interfaces__rosidl_generator_type_description
[0.162s] [  3%] Built target ament_cmake_python_copy_btcpp_ros2_interfaces
[0.179s] [  4%] Built target btcpp_ros2_interfaces__cpp
[0.192s] [ 26%] Built target btcpp_ros2_interfaces__rosidl_generator_c
[0.244s] [ 43%] Built target btcpp_ros2_interfaces__rosidl_typesupport_cpp
[0.245s] [ 44%] Built target btcpp_ros2_interfaces__rosidl_typesupport_introspection_c
[0.246s] [ 63%] Built target btcpp_ros2_interfaces__rosidl_typesupport_introspection_cpp
[0.246s] [ 63%] Built target btcpp_ros2_interfaces__rosidl_typesupport_c
[0.254s] [ 72%] Built target btcpp_ros2_interfaces__rosidl_typesupport_fastrtps_c
[0.272s] [ 81%] Built target btcpp_ros2_interfaces__rosidl_typesupport_fastrtps_cpp
[0.310s] [ 81%] Built target btcpp_ros2_interfaces
[0.355s] [ 83%] Built target btcpp_ros2_interfaces__py
[0.401s] [ 90%] Built target btcpp_ros2_interfaces__rosidl_generator_py
[0.442s] [ 93%] Built target btcpp_ros2_interfaces_s__rosidl_typesupport_introspection_c
[0.443s] [ 96%] Built target btcpp_ros2_interfaces_s__rosidl_typesupport_fastrtps_c
[0.446s] [100%] Built target btcpp_ros2_interfaces_s__rosidl_typesupport_c
[0.448s] running egg_info
[0.470s] writing btcpp_ros2_interfaces.egg-info/PKG-INFO
[0.470s] writing dependency_links to btcpp_ros2_interfaces.egg-info/dependency_links.txt
[0.470s] writing top-level names to btcpp_ros2_interfaces.egg-info/top_level.txt
[0.532s] reading manifest file 'btcpp_ros2_interfaces.egg-info/SOURCES.txt'
[0.533s] writing manifest file 'btcpp_ros2_interfaces.egg-info/SOURCES.txt'
[0.575s] [100%] Built target ament_cmake_python_build_btcpp_ros2_interfaces_egg
[0.603s] Invoked command in '/home/rob/project/csci5551-s26-team-pointbot/build/btcpp_ros2_interfaces' returned '0': CMAKE_PREFIX_PATH=${CMAKE_PREFIX_PATH}:/home/rob/project/csci5551-s26-team-pointbot/install/planning:/home/rob/project/csci5551-s26-team-pointbot/install/perception:/home/rob/project/csci5551-s26-team-pointbot/install/pointbot_rviz:/home/rob/project/csci5551-s26-team-pointbot/install/uf_ros_lib:/opt/ros/jazzy DEBUGINFOD_URLS=https://debuginfod.ubuntu.com /usr/bin/cmake --build /home/rob/project/csci5551-s26-team-pointbot/build/btcpp_ros2_interfaces -- -j16 -l16
[0.626s] Invoking command in '/home/rob/project/csci5551-s26-team-pointbot/build/btcpp_ros2_interfaces': CMAKE_PREFIX_PATH=${CMAKE_PREFIX_PATH}:/home/rob/project/csci5551-s26-team-pointbot/install/planning:/home/rob/project/csci5551-s26-team-pointbot/install/perception:/home/rob/project/csci5551-s26-team-pointbot/install/pointbot_rviz:/home/rob/project/csci5551-s26-team-pointbot/install/uf_ros_lib:/opt/ros/jazzy DEBUGINFOD_URLS=https://debuginfod.ubuntu.com /usr/bin/cmake --install /home/rob/project/csci5551-s26-team-pointbot/build/btcpp_ros2_interfaces
[0.646s] -- Install configuration: ""
[0.647s] -- Up-to-date: /home/rob/project/csci5551-s26-team-pointbot/install/btcpp_ros2_interfaces/share/ament_index/resource_index/rosidl_interfaces/btcpp_ros2_interfaces
[0.647s] -- Up-to-date: /home/rob/project/csci5551-s26-team-pointbot/install/btcpp_ros2_interfaces/share/btcpp_ros2_interfaces/msg/NodeStatus.json
[0.647s] -- Up-to-date: /home/rob/project/csci5551-s26-team-pointbot/install/btcpp_ros2_interfaces/share/btcpp_ros2_interfaces/srv/GetTrees.json
[0.648s] -- Up-to-date: /home/rob/project/csci5551-s26-team-pointbot/install/btcpp_ros2_interfaces/share/btcpp_ros2_interfaces/action/ExecuteTree.json
[0.648s] -- Up-to-date: /home/rob/project/csci5551-s26-team-pointbot/install/btcpp_ros2_interfaces/share/btcpp_ros2_interfaces/action/Sleep.json
[0.648s] -- Up-to-date: /home/rob/project/csci5551-s26-team-pointbot/install/btcpp_ros2_interfaces/include/btcpp_ros2_interfaces/btcpp_ros2_interfaces
[0.648s] -- Up-to-date: /home/rob/project/csci5551-s26-team-pointbot/install/btcpp_ros2_interfaces/include/btcpp_ros2_interfaces/btcpp_ros2_interfaces/action
[0.648s] -- Up-to-date: /home/rob/project/csci5551-s26-team-pointbot/install/btcpp_ros2_interfaces/include/btcpp_ros2_interfaces/btcpp_ros2_interfaces/action/execute_tree.h
[0.649s] -- Up-to-date: /home/rob/project/csci5551-s26-team-pointbot/install/btcpp_ros2_interfaces/include/btcpp_ros2_interfaces/btcpp_ros2_interfaces/action/sleep.h
[0.649s] -- Up-to-date: /home/rob/project/csci5551-s26-team-pointbot/install/btcpp_ros2_interfaces/include/btcpp_ros2_interfaces/btcpp_ros2_interfaces/action/detail
[0.649s] -- Up-to-date: /home/rob/project/csci5551-s26-team-pointbot/install/btcpp_ros2_interfaces/include/btcpp_ros2_interfaces/btcpp_ros2_interfaces/action/detail/execute_tree__description.c
[0.649s] -- Up-to-date: /home/rob/project/csci5551-s26-team-pointbot/install/btcpp_ros2_interfaces/include/btcpp_ros2_interfaces/btcpp_ros2_interfaces/action/detail/sleep__description.c
[0.649s] -- Up-to-date: /home/rob/project/csci5551-s26-team-pointbot/install/btcpp_ros2_interfaces/include/btcpp_ros2_interfaces/btcpp_ros2_interfaces/action/detail/sleep__type_support.c
[0.649s] -- Up-to-date: /home/rob/project/csci5551-s26-team-pointbot/install/btcpp_ros2_interfaces/include/btcpp_ros2_interfaces/btcpp_ros2_interfaces/action/detail/execute_tree__functions.h
[0.649s] -- Up-to-date: /home/rob/project/csci5551-s26-team-pointbot/install/btcpp_ros2_interfaces/include/btcpp_ros2_interfaces/btcpp_ros2_interfaces/action/detail/execute_tree__type_support.c
[0.650s] -- Up-to-date: /home/rob/project/csci5551-s26-team-pointbot/install/btcpp_ros2_interfaces/include/btcpp_ros2_interfaces/btcpp_ros2_interfaces/action/detail/execute_tree__functions.c
[0.650s] -- Up-to-date: /home/rob/project/csci5551-s26-team-pointbot/install/btcpp_ros2_interfaces/include/btcpp_ros2_interfaces/btcpp_ros2_interfaces/action/detail/sleep__type_support.h
[0.650s] -- Up-to-date: /home/rob/project/csci5551-s26-team-pointbot/install/btcpp_ros2_interfaces/include/btcpp_ros2_interfaces/btcpp_ros2_interfaces/action/detail/sleep__struct.h
[0.650s] -- Up-to-date: /home/rob/project/csci5551-s26-team-pointbot/install/btcpp_ros2_interfaces/include/btcpp_ros2_interfaces/btcpp_ros2_interfaces/action/detail/execute_tree__struct.h
[0.650s] -- Up-to-date: /home/rob/project/csci5551-s26-team-pointbot/install/btcpp_ros2_interfaces/include/btcpp_ros2_interfaces/btcpp_ros2_interfaces/action/detail/execute_tree__type_support.h
[0.650s] -- Up-to-date: /home/rob/project/csci5551-s26-team-pointbot/install/btcpp_ros2_interfaces/include/btcpp_ros2_interfaces/btcpp_ros2_interfaces/action/detail/sleep__functions.h
[0.650s] -- Up-to-date: /home/rob/project/csci5551-s26-team-pointbot/install/btcpp_ros2_interfaces/include/btcpp_ros2_interfaces/btcpp_ros2_interfaces/action/detail/sleep__functions.c
[0.650s] -- Up-to-date: /home/rob/project/csci5551-s26-team-pointbot/install/btcpp_ros2_interfaces/include/btcpp_ros2_interfaces/btcpp_ros2_interfaces/msg
[0.651s] -- Up-to-date: /home/rob/project/csci5551-s26-team-pointbot/install/btcpp_ros2_interfaces/include/btcpp_ros2_interfaces/btcpp_ros2_interfaces/msg/rosidl_generator_c__visibility_control.h
[0.651s] -- Up-to-date: /home/rob/project/csci5551-s26-team-pointbot/install/btcpp_ros2_interfaces/include/btcpp_ros2_interfaces/btcpp_ros2_interfaces/msg/detail
[0.651s] -- Up-to-date: /home/rob/project/csci5551-s26-team-pointbot/install/btcpp_ros2_interfaces/include/btcpp_ros2_interfaces/btcpp_ros2_interfaces/msg/detail/node_status__type_support.h
[0.651s] -- Up-to-date: /home/rob/project/csci5551-s26-team-pointbot/install/btcpp_ros2_interfaces/include/btcpp_ros2_interfaces/btcpp_ros2_interfaces/msg/detail/node_status__struct.h
[0.651s] -- Up-to-date: /home/rob/project/csci5551-s26-team-pointbot/install/btcpp_ros2_interfaces/include/btcpp_ros2_interfaces/btcpp_ros2_interfaces/msg/detail/node_status__functions.c
[0.651s] -- Up-to-date: /home/rob/project/csci5551-s26-team-pointbot/install/btcpp_ros2_interfaces/include/btcpp_ros2_interfaces/btcpp_ros2_interfaces/msg/detail/node_status__description.c
[0.652s] -- Up-to-date: /home/rob/project/csci5551-s26-team-pointbot/install/btcpp_ros2_interfaces/include/btcpp_ros2_interfaces/btcpp_ros2_interfaces/msg/detail/node_status__functions.h
[0.652s] -- Up-to-date: /home/rob/project/csci5551-s26-team-pointbot/install/btcpp_ros2_interfaces/include/btcpp_ros2_interfaces/btcpp_ros2_interfaces/msg/detail/node_status__type_support.c
[0.652s] -- Up-to-date: /home/rob/project/csci5551-s26-team-pointbot/install/btcpp_ros2_interfaces/include/btcpp_ros2_interfaces/btcpp_ros2_interfaces/msg/node_status.h
[0.652s] -- Up-to-date: /home/rob/project/csci5551-s26-team-pointbot/install/btcpp_ros2_interfaces/include/btcpp_ros2_interfaces/btcpp_ros2_interfaces/srv
[0.652s] -- Up-to-date: /home/rob/project/csci5551-s26-team-pointbot/install/btcpp_ros2_interfaces/include/btcpp_ros2_interfaces/btcpp_ros2_interfaces/srv/get_trees.h
[0.653s] -- Up-to-date: /home/rob/project/csci5551-s26-team-pointbot/install/btcpp_ros2_interfaces/include/btcpp_ros2_interfaces/btcpp_ros2_interfaces/srv/detail
[0.653s] -- Up-to-date: /home/rob/project/csci5551-s26-team-pointbot/install/btcpp_ros2_interfaces/include/btcpp_ros2_interfaces/btcpp_ros2_interfaces/srv/detail/get_trees__functions.h
[0.653s] -- Up-to-date: /home/rob/project/csci5551-s26-team-pointbot/install/btcpp_ros2_interfaces/include/btcpp_ros2_interfaces/btcpp_ros2_interfaces/srv/detail/get_trees__type_support.c
[0.653s] -- Up-to-date: /home/rob/project/csci5551-s26-team-pointbot/install/btcpp_ros2_interfaces/include/btcpp_ros2_interfaces/btcpp_ros2_interfaces/srv/detail/get_trees__type_support.h
[0.654s] -- Up-to-date: /home/rob/project/csci5551-s26-team-pointbot/install/btcpp_ros2_interfaces/include/btcpp_ros2_interfaces/btcpp_ros2_interfaces/srv/detail/get_trees__description.c
[0.654s] -- Up-to-date: /home/rob/project/csci5551-s26-team-pointbot/install/btcpp_ros2_interfaces/include/btcpp_ros2_interfaces/btcpp_ros2_interfaces/srv/detail/get_trees__struct.h
[0.654s] -- Up-to-date: /home/rob/project/csci5551-s26-team-pointbot/install/btcpp_ros2_interfaces/include/btcpp_ros2_interfaces/btcpp_ros2_interfaces/srv/detail/get_trees__functions.c
[0.654s] -- Up-to-date: /home/rob/project/csci5551-s26-team-pointbot/install/btcpp_ros2_interfaces/share/btcpp_ros2_interfaces/environment/library_path.sh
[0.655s] -- Up-to-date: /home/rob/project/csci5551-s26-team-pointbot/install/btcpp_ros2_interfaces/share/btcpp_ros2_interfaces/environment/library_path.dsv
[0.656s] -- Up-to-date: /home/rob/project/csci5551-s26-team-pointbot/install/btcpp_ros2_interfaces/lib/libbtcpp_ros2_interfaces__rosidl_generator_c.so
[0.656s] -- Up-to-date: /home/rob/project/csci5551-s26-team-pointbot/install/btcpp_ros2_interfaces/include/btcpp_ros2_interfaces/btcpp_ros2_interfaces
[0.657s] -- Up-to-date: /home/rob/project/csci5551-s26-team-pointbot/install/btcpp_ros2_interfaces/include/btcpp_ros2_interfaces/btcpp_ros2_interfaces/action
[0.657s] -- Up-to-date: /home/rob/project/csci5551-s26-team-pointbot/install/btcpp_ros2_interfaces/include/btcpp_ros2_interfaces/btcpp_ros2_interfaces/action/detail
[0.657s] -- Up-to-date: /home/rob/project/csci5551-s26-team-pointbot/install/btcpp_ros2_interfaces/include/btcpp_ros2_interfaces/btcpp_ros2_interfaces/action/detail/execute_tree__rosidl_typesupport_fastrtps_c.h
[0.657s] -- Up-to-date: /home/rob/project/csci5551-s26-team-pointbot/install/btcpp_ros2_interfaces/include/btcpp_ros2_interfaces/btcpp_ros2_interfaces/action/detail/sleep__rosidl_typesupport_fastrtps_c.h
[0.658s] -- Up-to-date: /home/rob/project/csci5551-s26-team-pointbot/install/btcpp_ros2_interfaces/include/btcpp_ros2_interfaces/btcpp_ros2_interfaces/msg
[0.658s] -- Up-to-date: /home/rob/project/csci5551-s26-team-pointbot/install/btcpp_ros2_interfaces/include/btcpp_ros2_interfaces/btcpp_ros2_interfaces/msg/rosidl_typesupport_fastrtps_c__visibility_control.h
[0.658s] -- Up-to-date: /home/rob/project/csci5551-s26-team-pointbot/install/btcpp_ros2_interfaces/include/btcpp_ros2_interfaces/btcpp_ros2_interfaces/msg/detail
[0.658s] -- Up-to-date: /home/rob/project/csci5551-s26-team-pointbot/install/btcpp_ros2_interfaces/include/btcpp_ros2_interfaces/btcpp_ros2_interfaces/msg/detail/node_status__rosidl_typesupport_fastrtps_c.h
[0.658s] -- Up-to-date: /home/rob/project/csci5551-s26-team-pointbot/install/btcpp_ros2_interfaces/include/btcpp_ros2_interfaces/btcpp_ros2_interfaces/srv
[0.659s] -- Up-to-date: /home/rob/project/csci5551-s26-team-pointbot/install/btcpp_ros2_interfaces/include/btcpp_ros2_interfaces/btcpp_ros2_interfaces/srv/detail
[0.659s] -- Up-to-date: /home/rob/project/csci5551-s26-team-pointbot/install/btcpp_ros2_interfaces/include/btcpp_ros2_interfaces/btcpp_ros2_interfaces/srv/detail/get_trees__rosidl_typesupport_fastrtps_c.h
[0.659s] -- Up-to-date: /home/rob/project/csci5551-s26-team-pointbot/install/btcpp_ros2_interfaces/lib/libbtcpp_ros2_interfaces__rosidl_typesupport_fastrtps_c.so
[0.659s] -- Up-to-date: /home/rob/project/csci5551-s26-team-pointbot/install/btcpp_ros2_interfaces/include/btcpp_ros2_interfaces/btcpp_ros2_interfaces
[0.659s] -- Up-to-date: /home/rob/project/csci5551-s26-team-pointbot/install/btcpp_ros2_interfaces/include/btcpp_ros2_interfaces/btcpp_ros2_interfaces/action
[0.660s] -- Up-to-date: /home/rob/project/csci5551-s26-team-pointbot/install/btcpp_ros2_interfaces/include/btcpp_ros2_interfaces/btcpp_ros2_interfaces/action/detail
[0.660s] -- Up-to-date: /home/rob/project/csci5551-s26-team-pointbot/install/btcpp_ros2_interfaces/include/btcpp_ros2_interfaces/btcpp_ros2_interfaces/action/detail/sleep__type_support.c
[0.660s] -- Up-to-date: /home/rob/project/csci5551-s26-team-pointbot/install/btcpp_ros2_interfaces/include/btcpp_ros2_interfaces/btcpp_ros2_interfaces/action/detail/execute_tree__type_support.c
[0.660s] -- Up-to-date: /home/rob/project/csci5551-s26-team-pointbot/install/btcpp_ros2_interfaces/include/btcpp_ros2_interfaces/btcpp_ros2_interfaces/action/detail/sleep__rosidl_typesupport_introspection_c.h
[0.660s] -- Up-to-date: /home/rob/project/csci5551-s26-team-pointbot/install/btcpp_ros2_interfaces/include/btcpp_ros2_interfaces/btcpp_ros2_interfaces/action/detail/execute_tree__rosidl_typesupport_introspection_c.h
[0.660s] -- Up-to-date: /home/rob/project/csci5551-s26-team-pointbot/install/btcpp_ros2_interfaces/include/btcpp_ros2_interfaces/btcpp_ros2_interfaces/msg
[0.661s] -- Up-to-date: /home/rob/project/csci5551-s26-team-pointbot/install/btcpp_ros2_interfaces/include/btcpp_ros2_interfaces/btcpp_ros2_interfaces/msg/rosidl_typesupport_introspection_c__visibility_control.h
[0.661s] -- Up-to-date: /home/rob/project/csci5551-s26-team-pointbot/install/btcpp_ros2_interfaces/include/btcpp_ros2_interfaces/btcpp_ros2_interfaces/msg/detail
[0.661s] -- Up-to-date: /home/rob/project/csci5551-s26-team-pointbot/install/btcpp_ros2_interfaces/include/btcpp_ros2_interfaces/btcpp_ros2_interfaces/msg/detail/node_status__type_support.c
[0.661s] -- Up-to-date: /home/rob/project/csci5551-s26-team-pointbot/install/btcpp_ros2_interfaces/include/btcpp_ros2_interfaces/btcpp_ros2_interfaces/msg/detail/node_status__rosidl_typesupport_introspection_c.h
[0.661s] -- Up-to-date: /home/rob/project/csci5551-s26-team-pointbot/install/btcpp_ros2_interfaces/include/btcpp_ros2_interfaces/btcpp_ros2_interfaces/srv
[0.661s] -- Up-to-date: /home/rob/project/csci5551-s26-team-pointbot/install/btcpp_ros2_interfaces/include/btcpp_ros2_interfaces/btcpp_ros2_interfaces/srv/detail
[0.661s] -- Up-to-date: /home/rob/project/csci5551-s26-team-pointbot/install/btcpp_ros2_interfaces/include/btcpp_ros2_interfaces/btcpp_ros2_interfaces/srv/detail/get_trees__type_support.c
[0.662s] -- Up-to-date: /home/rob/project/csci5551-s26-team-pointbot/install/btcpp_ros2_interfaces/include/btcpp_ros2_interfaces/btcpp_ros2_interfaces/srv/detail/get_trees__rosidl_typesupport_introspection_c.h
[0.662s] -- Up-to-date: /home/rob/project/csci5551-s26-team-pointbot/install/btcpp_ros2_interfaces/lib/libbtcpp_ros2_interfaces__rosidl_typesupport_introspection_c.so
[0.662s] -- Up-to-date: /home/rob/project/csci5551-s26-team-pointbot/install/btcpp_ros2_interfaces/lib/libbtcpp_ros2_interfaces__rosidl_typesupport_c.so
[0.663s] -- Up-to-date: /home/rob/project/csci5551-s26-team-pointbot/install/btcpp_ros2_interfaces/include/btcpp_ros2_interfaces/btcpp_ros2_interfaces
[0.663s] -- Up-to-date: /home/rob/project/csci5551-s26-team-pointbot/install/btcpp_ros2_interfaces/include/btcpp_ros2_interfaces/btcpp_ros2_interfaces/action
[0.664s] -- Up-to-date: /home/rob/project/csci5551-s26-team-pointbot/install/btcpp_ros2_interfaces/include/btcpp_ros2_interfaces/btcpp_ros2_interfaces/action/execute_tree.hpp
[0.664s] -- Up-to-date: /home/rob/project/csci5551-s26-team-pointbot/install/btcpp_ros2_interfaces/include/btcpp_ros2_interfaces/btcpp_ros2_interfaces/action/sleep.hpp
[0.664s] -- Up-to-date: /home/rob/project/csci5551-s26-team-pointbot/install/btcpp_ros2_interfaces/include/btcpp_ros2_interfaces/btcpp_ros2_interfaces/action/detail
[0.665s] -- Up-to-date: /home/rob/project/csci5551-s26-team-pointbot/install/btcpp_ros2_interfaces/include/btcpp_ros2_interfaces/btcpp_ros2_interfaces/action/detail/sleep__builder.hpp
[0.665s] -- Up-to-date: /home/rob/project/csci5551-s26-team-pointbot/install/btcpp_ros2_interfaces/include/btcpp_ros2_interfaces/btcpp_ros2_interfaces/action/detail/execute_tree__traits.hpp
[0.665s] -- Up-to-date: /home/rob/project/csci5551-s26-team-pointbot/install/btcpp_ros2_interfaces/include/btcpp_ros2_interfaces/btcpp_ros2_interfaces/action/detail/execute_tree__struct.hpp
[0.665s] -- Up-to-date: /home/rob/project/csci5551-s26-team-pointbot/install/btcpp_ros2_interfaces/include/btcpp_ros2_interfaces/btcpp_ros2_interfaces/action/detail/sleep__struct.hpp
[0.666s] -- Up-to-date: /home/rob/project/csci5551-s26-team-pointbot/install/btcpp_ros2_interfaces/include/btcpp_ros2_interfaces/btcpp_ros2_interfaces/action/detail/sleep__type_support.hpp
[0.666s] -- Up-to-date: /home/rob/project/csci5551-s26-team-pointbot/install/btcpp_ros2_interfaces/include/btcpp_ros2_interfaces/btcpp_ros2_interfaces/action/detail/execute_tree__type_support.hpp
[0.666s] -- Up-to-date: /home/rob/project/csci5551-s26-team-pointbot/install/btcpp_ros2_interfaces/include/btcpp_ros2_interfaces/btcpp_ros2_interfaces/action/detail/execute_tree__builder.hpp
[0.666s] -- Up-to-date: /home/rob/project/csci5551-s26-team-pointbot/install/btcpp_ros2_interfaces/include/btcpp_ros2_interfaces/btcpp_ros2_interfaces/action/detail/sleep__traits.hpp
[0.666s] -- Up-to-date: /home/rob/project/csci5551-s26-team-pointbot/install/btcpp_ros2_interfaces/include/btcpp_ros2_interfaces/btcpp_ros2_interfaces/msg
[0.666s] -- Up-to-date: /home/rob/project/csci5551-s26-team-pointbot/install/btcpp_ros2_interfaces/include/btcpp_ros2_interfaces/btcpp_ros2_interfaces/msg/node_status.hpp
[0.667s] -- Up-to-date: /home/rob/project/csci5551-s26-team-pointbot/install/btcpp_ros2_interfaces/include/btcpp_ros2_interfaces/btcpp_ros2_interfaces/msg/rosidl_generator_cpp__visibility_control.hpp
[0.667s] -- Up-to-date: /home/rob/project/csci5551-s26-team-pointbot/install/btcpp_ros2_interfaces/include/btcpp_ros2_interfaces/btcpp_ros2_interfaces/msg/detail
[0.667s] -- Up-to-date: /home/rob/project/csci5551-s26-team-pointbot/install/btcpp_ros2_interfaces/include/btcpp_ros2_interfaces/btcpp_ros2_interfaces/msg/detail/node_status__builder.hpp
[0.667s] -- Up-to-date: /home/rob/project/csci5551-s26-team-pointbot/install/btcpp_ros2_interfaces/include/btcpp_ros2_interfaces/btcpp_ros2_interfaces/msg/detail/node_status__struct.hpp
[0.667s] -- Up-to-date: /home/rob/project/csci5551-s26-team-pointbot/install/btcpp_ros2_interfaces/include/btcpp_ros2_interfaces/btcpp_ros2_interfaces/msg/detail/node_status__traits.hpp
[0.667s] -- Up-to-date: /home/rob/project/csci5551-s26-team-pointbot/install/btcpp_ros2_interfaces/include/btcpp_ros2_interfaces/btcpp_ros2_interfaces/msg/detail/node_status__type_support.hpp
[0.667s] -- Up-to-date: /home/rob/project/csci5551-s26-team-pointbot/install/btcpp_ros2_interfaces/include/btcpp_ros2_interfaces/btcpp_ros2_interfaces/srv
[0.667s] -- Up-to-date: /home/rob/project/csci5551-s26-team-pointbot/install/btcpp_ros2_interfaces/include/btcpp_ros2_interfaces/btcpp_ros2_interfaces/srv/get_trees.hpp
[0.667s] -- Up-to-date: /home/rob/project/csci5551-s26-team-pointbot/install/btcpp_ros2_interfaces/include/btcpp_ros2_interfaces/btcpp_ros2_interfaces/srv/detail
[0.668s] -- Up-to-date: /home/rob/project/csci5551-s26-team-pointbot/install/btcpp_ros2_interfaces/include/btcpp_ros2_interfaces/btcpp_ros2_interfaces/srv/detail/get_trees__struct.hpp
[0.668s] -- Up-to-date: /home/rob/project/csci5551-s26-team-pointbot/install/btcpp_ros2_interfaces/include/btcpp_ros2_interfaces/btcpp_ros2_interfaces/srv/detail/get_trees__type_support.hpp
[0.668s] -- Up-to-date: /home/rob/project/csci5551-s26-team-pointbot/install/btcpp_ros2_interfaces/include/btcpp_ros2_interfaces/btcpp_ros2_interfaces/srv/detail/get_trees__builder.hpp
[0.668s] -- Up-to-date: /home/rob/project/csci5551-s26-team-pointbot/install/btcpp_ros2_interfaces/include/btcpp_ros2_interfaces/btcpp_ros2_interfaces/srv/detail/get_trees__traits.hpp
[0.668s] -- Up-to-date: /home/rob/project/csci5551-s26-team-pointbot/install/btcpp_ros2_interfaces/include/btcpp_ros2_interfaces/btcpp_ros2_interfaces
[0.668s] -- Up-to-date: /home/rob/project/csci5551-s26-team-pointbot/install/btcpp_ros2_interfaces/include/btcpp_ros2_interfaces/btcpp_ros2_interfaces/action
[0.668s] -- Up-to-date: /home/rob/project/csci5551-s26-team-pointbot/install/btcpp_ros2_interfaces/include/btcpp_ros2_interfaces/btcpp_ros2_interfaces/action/detail
[0.668s] -- Up-to-date: /home/rob/project/csci5551-s26-team-pointbot/install/btcpp_ros2_interfaces/include/btcpp_ros2_interfaces/btcpp_ros2_interfaces/action/detail/dds_fastrtps
[0.668s] -- Up-to-date: /home/rob/project/csci5551-s26-team-pointbot/install/btcpp_ros2_interfaces/include/btcpp_ros2_interfaces/btcpp_ros2_interfaces/action/detail/execute_tree__rosidl_typesupport_fastrtps_cpp.hpp
[0.669s] -- Up-to-date: /home/rob/project/csci5551-s26-team-pointbot/install/btcpp_ros2_interfaces/include/btcpp_ros2_interfaces/btcpp_ros2_interfaces/action/detail/sleep__rosidl_typesupport_fastrtps_cpp.hpp
[0.669s] -- Up-to-date: /home/rob/project/csci5551-s26-team-pointbot/install/btcpp_ros2_interfaces/include/btcpp_ros2_interfaces/btcpp_ros2_interfaces/msg
[0.669s] -- Up-to-date: /home/rob/project/csci5551-s26-team-pointbot/install/btcpp_ros2_interfaces/include/btcpp_ros2_interfaces/btcpp_ros2_interfaces/msg/rosidl_typesupport_fastrtps_cpp__visibility_control.h
[0.669s] -- Up-to-date: /home/rob/project/csci5551-s26-team-pointbot/install/btcpp_ros2_interfaces/include/btcpp_ros2_interfaces/btcpp_ros2_interfaces/msg/detail
[0.669s] -- Up-to-date: /home/rob/project/csci5551-s26-team-pointbot/install/btcpp_ros2_interfaces/include/btcpp_ros2_interfaces/btcpp_ros2_interfaces/msg/detail/dds_fastrtps
[0.670s] -- Up-to-date: /home/rob/project/csci5551-s26-team-pointbot/install/btcpp_ros2_interfaces/include/btcpp_ros2_interfaces/btcpp_ros2_interfaces/msg/detail/node_status__rosidl_typesupport_fastrtps_cpp.hpp
[0.670s] -- Up-to-date: /home/rob/project/csci5551-s26-team-pointbot/install/btcpp_ros2_interfaces/include/btcpp_ros2_interfaces/btcpp_ros2_interfaces/srv
[0.671s] -- Up-to-date: /home/rob/project/csci5551-s26-team-pointbot/install/btcpp_ros2_interfaces/include/btcpp_ros2_interfaces/btcpp_ros2_interfaces/srv/detail
[0.671s] -- Up-to-date: /home/rob/project/csci5551-s26-team-pointbot/install/btcpp_ros2_interfaces/include/btcpp_ros2_interfaces/btcpp_ros2_interfaces/srv/detail/dds_fastrtps
[0.671s] -- Up-to-date: /home/rob/project/csci5551-s26-team-pointbot/install/btcpp_ros2_interfaces/include/btcpp_ros2_interfaces/btcpp_ros2_interfaces/srv/detail/get_trees__rosidl_typesupport_fastrtps_cpp.hpp
[0.672s] -- Up-to-date: /home/rob/project/csci5551-s26-team-pointbot/install/btcpp_ros2_interfaces/lib/libbtcpp_ros2_interfaces__rosidl_typesupport_fastrtps_cpp.so
[0.672s] -- Up-to-date: /home/rob/project/csci5551-s26-team-pointbot/install/btcpp_ros2_interfaces/include/btcpp_ros2_interfaces/btcpp_ros2_interfaces
[0.672s] -- Up-to-date: /home/rob/project/csci5551-s26-team-pointbot/install/btcpp_ros2_interfaces/include/btcpp_ros2_interfaces/btcpp_ros2_interfaces/action
[0.672s] -- Up-to-date: /home/rob/project/csci5551-s26-team-pointbot/install/btcpp_ros2_interfaces/include/btcpp_ros2_interfaces/btcpp_ros2_interfaces/action/detail
[0.672s] -- Up-to-date: /home/rob/project/csci5551-s26-team-pointbot/install/btcpp_ros2_interfaces/include/btcpp_ros2_interfaces/btcpp_ros2_interfaces/action/detail/execute_tree__rosidl_typesupport_introspection_cpp.hpp
[0.672s] -- Up-to-date: /home/rob/project/csci5551-s26-team-pointbot/install/btcpp_ros2_interfaces/include/btcpp_ros2_interfaces/btcpp_ros2_interfaces/action/detail/execute_tree__type_support.cpp
[0.672s] -- Up-to-date: /home/rob/project/csci5551-s26-team-pointbot/install/btcpp_ros2_interfaces/include/btcpp_ros2_interfaces/btcpp_ros2_interfaces/action/detail/sleep__type_support.cpp
[0.672s] -- Up-to-date: /home/rob/project/csci5551-s26-team-pointbot/install/btcpp_ros2_interfaces/include/btcpp_ros2_interfaces/btcpp_ros2_interfaces/action/detail/sleep__rosidl_typesupport_introspection_cpp.hpp
[0.673s] -- Up-to-date: /home/rob/project/csci5551-s26-team-pointbot/install/btcpp_ros2_interfaces/include/btcpp_ros2_interfaces/btcpp_ros2_interfaces/msg
[0.673s] -- Up-to-date: /home/rob/project/csci5551-s26-team-pointbot/install/btcpp_ros2_interfaces/include/btcpp_ros2_interfaces/btcpp_ros2_interfaces/msg/detail
[0.674s] -- Up-to-date: /home/rob/project/csci5551-s26-team-pointbot/install/btcpp_ros2_interfaces/include/btcpp_ros2_interfaces/btcpp_ros2_interfaces/msg/detail/node_status__type_support.cpp
[0.674s] -- Up-to-date: /home/rob/project/csci5551-s26-team-pointbot/install/btcpp_ros2_interfaces/include/btcpp_ros2_interfaces/btcpp_ros2_interfaces/msg/detail/node_status__rosidl_typesupport_introspection_cpp.hpp
[0.674s] -- Up-to-date: /home/rob/project/csci5551-s26-team-pointbot/install/btcpp_ros2_interfaces/include/btcpp_ros2_interfaces/btcpp_ros2_interfaces/srv
[0.674s] -- Up-to-date: /home/rob/project/csci5551-s26-team-pointbot/install/btcpp_ros2_interfaces/include/btcpp_ros2_interfaces/btcpp_ros2_interfaces/srv/detail
[0.674s] -- Up-to-date: /home/rob/project/csci5551-s26-team-pointbot/install/btcpp_ros2_interfaces/include/btcpp_ros2_interfaces/btcpp_ros2_interfaces/srv/detail/get_trees__type_support.cpp
[0.674s] -- Up-to-date: /home/rob/project/csci5551-s26-team-pointbot/install/btcpp_ros2_interfaces/include/btcpp_ros2_interfaces/btcpp_ros2_interfaces/srv/detail/get_trees__rosidl_typesupport_introspection_cpp.hpp
[0.674s] -- Up-to-date: /home/rob/project/csci5551-s26-team-pointbot/install/btcpp_ros2_interfaces/lib/libbtcpp_ros2_interfaces__rosidl_typesupport_introspection_cpp.so
[0.675s] -- Up-to-date: /home/rob/project/csci5551-s26-team-pointbot/install/btcpp_ros2_interfaces/lib/libbtcpp_ros2_interfaces__rosidl_typesupport_cpp.so
[0.676s] -- Up-to-date: /home/rob/project/csci5551-s26-team-pointbot/install/btcpp_ros2_interfaces/share/btcpp_ros2_interfaces/environment/pythonpath.sh
[0.676s] -- Up-to-date: /home/rob/project/csci5551-s26-team-pointbot/install/btcpp_ros2_interfaces/share/btcpp_ros2_interfaces/environment/pythonpath.dsv
[0.676s] -- Up-to-date: /home/rob/project/csci5551-s26-team-pointbot/install/btcpp_ros2_interfaces/lib/python3.12/site-packages/btcpp_ros2_interfaces-0.3.0-py3.12.egg-info
[0.676s] -- Installing: /home/rob/project/csci5551-s26-team-pointbot/install/btcpp_ros2_interfaces/lib/python3.12/site-packages/btcpp_ros2_interfaces-0.3.0-py3.12.egg-info/PKG-INFO
[0.676s] -- Installing: /home/rob/project/csci5551-s26-team-pointbot/install/btcpp_ros2_interfaces/lib/python3.12/site-packages/btcpp_ros2_interfaces-0.3.0-py3.12.egg-info/dependency_links.txt
[0.676s] -- Installing: /home/rob/project/csci5551-s26-team-pointbot/install/btcpp_ros2_interfaces/lib/python3.12/site-packages/btcpp_ros2_interfaces-0.3.0-py3.12.egg-info/SOURCES.txt
[0.677s] -- Installing: /home/rob/project/csci5551-s26-team-pointbot/install/btcpp_ros2_interfaces/lib/python3.12/site-packages/btcpp_ros2_interfaces-0.3.0-py3.12.egg-info/top_level.txt
[0.677s] -- Up-to-date: /home/rob/project/csci5551-s26-team-pointbot/install/btcpp_ros2_interfaces/lib/python3.12/site-packages/btcpp_ros2_interfaces
[0.677s] -- Up-to-date: /home/rob/project/csci5551-s26-team-pointbot/install/btcpp_ros2_interfaces/lib/python3.12/site-packages/btcpp_ros2_interfaces/btcpp_ros2_interfaces_s__rosidl_typesupport_fastrtps_c.so
[0.677s] -- Up-to-date: /home/rob/project/csci5551-s26-team-pointbot/install/btcpp_ros2_interfaces/lib/python3.12/site-packages/btcpp_ros2_interfaces/_btcpp_ros2_interfaces_s.ep.rosidl_typesupport_fastrtps_c.c
[0.677s] -- Up-to-date: /home/rob/project/csci5551-s26-team-pointbot/install/btcpp_ros2_interfaces/lib/python3.12/site-packages/btcpp_ros2_interfaces/btcpp_ros2_interfaces_s__rosidl_typesupport_introspection_c.so
[0.678s] -- Up-to-date: /home/rob/project/csci5551-s26-team-pointbot/install/btcpp_ros2_interfaces/lib/python3.12/site-packages/btcpp_ros2_interfaces/btcpp_ros2_interfaces_s__rosidl_typesupport_c.so
[0.678s] -- Up-to-date: /home/rob/project/csci5551-s26-team-pointbot/install/btcpp_ros2_interfaces/lib/python3.12/site-packages/btcpp_ros2_interfaces/__init__.py
[0.678s] -- Up-to-date: /home/rob/project/csci5551-s26-team-pointbot/install/btcpp_ros2_interfaces/lib/python3.12/site-packages/btcpp_ros2_interfaces/action
[0.678s] -- Up-to-date: /home/rob/project/csci5551-s26-team-pointbot/install/btcpp_ros2_interfaces/lib/python3.12/site-packages/btcpp_ros2_interfaces/action/_sleep_s.c
[0.678s] -- Up-to-date: /home/rob/project/csci5551-s26-team-pointbot/install/btcpp_ros2_interfaces/lib/python3.12/site-packages/btcpp_ros2_interfaces/action/__init__.py
[0.678s] -- Up-to-date: /home/rob/project/csci5551-s26-team-pointbot/install/btcpp_ros2_interfaces/lib/python3.12/site-packages/btcpp_ros2_interfaces/action/_sleep.py
[0.678s] -- Up-to-date: /home/rob/project/csci5551-s26-team-pointbot/install/btcpp_ros2_interfaces/lib/python3.12/site-packages/btcpp_ros2_interfaces/action/_execute_tree_s.c
[0.678s] -- Up-to-date: /home/rob/project/csci5551-s26-team-pointbot/install/btcpp_ros2_interfaces/lib/python3.12/site-packages/btcpp_ros2_interfaces/action/_execute_tree.py
[0.679s] -- Up-to-date: /home/rob/project/csci5551-s26-team-pointbot/install/btcpp_ros2_interfaces/lib/python3.12/site-packages/btcpp_ros2_interfaces/msg
[0.679s] -- Up-to-date: /home/rob/project/csci5551-s26-team-pointbot/install/btcpp_ros2_interfaces/lib/python3.12/site-packages/btcpp_ros2_interfaces/msg/_node_status.py
[0.679s] -- Up-to-date: /home/rob/project/csci5551-s26-team-pointbot/install/btcpp_ros2_interfaces/lib/python3.12/site-packages/btcpp_ros2_interfaces/msg/__init__.py
[0.679s] -- Up-to-date: /home/rob/project/csci5551-s26-team-pointbot/install/btcpp_ros2_interfaces/lib/python3.12/site-packages/btcpp_ros2_interfaces/msg/_node_status_s.c
[0.679s] -- Up-to-date: /home/rob/project/csci5551-s26-team-pointbot/install/btcpp_ros2_interfaces/lib/python3.12/site-packages/btcpp_ros2_interfaces/_btcpp_ros2_interfaces_s.ep.rosidl_typesupport_c.c
[0.679s] -- Up-to-date: /home/rob/project/csci5551-s26-team-pointbot/install/btcpp_ros2_interfaces/lib/python3.12/site-packages/btcpp_ros2_interfaces/_btcpp_ros2_interfaces_s.ep.rosidl_typesupport_introspection_c.c
[0.679s] -- Up-to-date: /home/rob/project/csci5551-s26-team-pointbot/install/btcpp_ros2_interfaces/lib/python3.12/site-packages/btcpp_ros2_interfaces/srv
[0.679s] -- Up-to-date: /home/rob/project/csci5551-s26-team-pointbot/install/btcpp_ros2_interfaces/lib/python3.12/site-packages/btcpp_ros2_interfaces/srv/__init__.py
[0.680s] -- Up-to-date: /home/rob/project/csci5551-s26-team-pointbot/install/btcpp_ros2_interfaces/lib/python3.12/site-packages/btcpp_ros2_interfaces/srv/_get_trees_s.c
[0.680s] -- Up-to-date: /home/rob/project/csci5551-s26-team-pointbot/install/btcpp_ros2_interfaces/lib/python3.12/site-packages/btcpp_ros2_interfaces/srv/_get_trees.py
[0.735s] Listing '/home/rob/project/csci5551-s26-team-pointbot/install/btcpp_ros2_interfaces/lib/python3.12/site-packages/btcpp_ros2_interfaces'...
[0.735s] Listing '/home/rob/project/csci5551-s26-team-pointbot/install/btcpp_ros2_interfaces/lib/python3.12/site-packages/btcpp_ros2_interfaces/action'...
[0.736s] Listing '/home/rob/project/csci5551-s26-team-pointbot/install/btcpp_ros2_interfaces/lib/python3.12/site-packages/btcpp_ros2_interfaces/msg'...
[0.736s] Listing '/home/rob/project/csci5551-s26-team-pointbot/install/btcpp_ros2_interfaces/lib/python3.12/site-packages/btcpp_ros2_interfaces/srv'...
[0.746s] -- Up-to-date: /home/rob/project/csci5551-s26-team-pointbot/install/btcpp_ros2_interfaces/lib/python3.12/site-packages/btcpp_ros2_interfaces/btcpp_ros2_interfaces_s__rosidl_typesupport_fastrtps_c.so
[0.747s] -- Up-to-date: /home/rob/project/csci5551-s26-team-pointbot/install/btcpp_ros2_interfaces/lib/python3.12/site-packages/btcpp_ros2_interfaces/btcpp_ros2_interfaces_s__rosidl_typesupport_introspection_c.so
[0.748s] -- Up-to-date: /home/rob/project/csci5551-s26-team-pointbot/install/btcpp_ros2_interfaces/lib/python3.12/site-packages/btcpp_ros2_interfaces/btcpp_ros2_interfaces_s__rosidl_typesupport_c.so
[0.750s] -- Up-to-date: /home/rob/project/csci5551-s26-team-pointbot/install/btcpp_ros2_interfaces/lib/libbtcpp_ros2_interfaces__rosidl_generator_py.so
[0.750s] -- Up-to-date: /home/rob/project/csci5551-s26-team-pointbot/install/btcpp_ros2_interfaces/share/ament_index/resource_index/rust_packages/btcpp_ros2_interfaces
[0.751s] -- Up-to-date: /home/rob/project/csci5551-s26-team-pointbot/install/btcpp_ros2_interfaces/share/btcpp_ros2_interfaces/rust
[0.751s] -- Up-to-date: /home/rob/project/csci5551-s26-team-pointbot/install/btcpp_ros2_interfaces/share/btcpp_ros2_interfaces/rust/Cargo.toml
[0.751s] -- Up-to-date: /home/rob/project/csci5551-s26-team-pointbot/install/btcpp_ros2_interfaces/share/btcpp_ros2_interfaces/rust/src
[0.752s] -- Up-to-date: /home/rob/project/csci5551-s26-team-pointbot/install/btcpp_ros2_interfaces/share/btcpp_ros2_interfaces/rust/src/lib.rs
[0.752s] -- Up-to-date: /home/rob/project/csci5551-s26-team-pointbot/install/btcpp_ros2_interfaces/share/btcpp_ros2_interfaces/rust/src/msg.rs
[0.752s] -- Up-to-date: /home/rob/project/csci5551-s26-team-pointbot/install/btcpp_ros2_interfaces/share/btcpp_ros2_interfaces/rust/src/srv.rs
[0.752s] -- Up-to-date: /home/rob/project/csci5551-s26-team-pointbot/install/btcpp_ros2_interfaces/share/btcpp_ros2_interfaces/rust/src/action
[0.752s] -- Up-to-date: /home/rob/project/csci5551-s26-team-pointbot/install/btcpp_ros2_interfaces/share/btcpp_ros2_interfaces/rust/src/action/rmw.rs
[0.752s] -- Up-to-date: /home/rob/project/csci5551-s26-team-pointbot/install/btcpp_ros2_interfaces/share/btcpp_ros2_interfaces/rust/src/action.rs
[0.753s] -- Up-to-date: /home/rob/project/csci5551-s26-team-pointbot/install/btcpp_ros2_interfaces/share/btcpp_ros2_interfaces/rust/src/msg
[0.753s] -- Up-to-date: /home/rob/project/csci5551-s26-team-pointbot/install/btcpp_ros2_interfaces/share/btcpp_ros2_interfaces/rust/src/msg/rmw.rs
[0.753s] -- Up-to-date: /home/rob/project/csci5551-s26-team-pointbot/install/btcpp_ros2_interfaces/share/btcpp_ros2_interfaces/rust/src/srv
[0.756s] -- Up-to-date: /home/rob/project/csci5551-s26-team-pointbot/install/btcpp_ros2_interfaces/share/btcpp_ros2_interfaces/rust/src/srv/rmw.rs
[0.756s] -- Up-to-date: /home/rob/project/csci5551-s26-team-pointbot/install/btcpp_ros2_interfaces/share/btcpp_ros2_interfaces/rust/build.rs
[0.756s] -- Up-to-date: /home/rob/project/csci5551-s26-team-pointbot/install/btcpp_ros2_interfaces/share/btcpp_ros2_interfaces/msg/NodeStatus.idl
[0.756s] -- Up-to-date: /home/rob/project/csci5551-s26-team-pointbot/install/btcpp_ros2_interfaces/share/btcpp_ros2_interfaces/srv/GetTrees.idl
[0.756s] -- Up-to-date: /home/rob/project/csci5551-s26-team-pointbot/install/btcpp_ros2_interfaces/share/btcpp_ros2_interfaces/action/ExecuteTree.idl
[0.756s] -- Up-to-date: /home/rob/project/csci5551-s26-team-pointbot/install/btcpp_ros2_interfaces/share/btcpp_ros2_interfaces/action/Sleep.idl
[0.756s] -- Up-to-date: /home/rob/project/csci5551-s26-team-pointbot/install/btcpp_ros2_interfaces/share/btcpp_ros2_interfaces/msg/NodeStatus.msg
[0.757s] -- Up-to-date: /home/rob/project/csci5551-s26-team-pointbot/install/btcpp_ros2_interfaces/share/btcpp_ros2_interfaces/srv/GetTrees.srv
[0.757s] -- Up-to-date: /home/rob/project/csci5551-s26-team-pointbot/install/btcpp_ros2_interfaces/share/btcpp_ros2_interfaces/action/ExecuteTree.action
[0.757s] -- Up-to-date: /home/rob/project/csci5551-s26-team-pointbot/install/btcpp_ros2_interfaces/share/btcpp_ros2_interfaces/action/Sleep.action
[0.757s] -- Up-to-date: /home/rob/project/csci5551-s26-team-pointbot/install/btcpp_ros2_interfaces/share/ament_index/resource_index/package_run_dependencies/btcpp_ros2_interfaces
[0.757s] -- Up-to-date: /home/rob/project/csci5551-s26-team-pointbot/install/btcpp_ros2_interfaces/share/ament_index/resource_index/parent_prefix_path/btcpp_ros2_interfaces
[0.757s] -- Up-to-date: /home/rob/project/csci5551-s26-team-pointbot/install/btcpp_ros2_interfaces/share/btcpp_ros2_interfaces/environment/ament_prefix_path.sh
[0.758s] -- Up-to-date: /home/rob/project/csci5551-s26-team-pointbot/install/btcpp_ros2_interfaces/share/btcpp_ros2_interfaces/environment/ament_prefix_path.dsv
[0.761s] -- Up-to-date: /home/rob/project/csci5551-s26-team-pointbot/install/btcpp_ros2_interfaces/share/btcpp_ros2_interfaces/environment/path.sh
[0.762s] -- Up-to-date: /home/rob/project/csci5551-s26-team-pointbot/install/btcpp_ros2_interfaces/share/btcpp_ros2_interfaces/environment/path.dsv
[0.762s] -- Up-to-date: /home/rob/project/csci5551-s26-team-pointbot/install/btcpp_ros2_interfaces/share/btcpp_ros2_interfaces/local_setup.bash
[0.762s] -- Up-to-date: /home/rob/project/csci5551-s26-team-pointbot/install/btcpp_ros2_interfaces/share/btcpp_ros2_interfaces/local_setup.sh
[0.763s] -- Up-to-date: /home/rob/project/csci5551-s26-team-pointbot/install/btcpp_ros2_interfaces/share/btcpp_ros2_interfaces/local_setup.zsh
[0.763s] -- Up-to-date: /home/rob/project/csci5551-s26-team-pointbot/install/btcpp_ros2_interfaces/share/btcpp_ros2_interfaces/local_setup.dsv
[0.763s] -- Installing: /home/rob/project/csci5551-s26-team-pointbot/install/btcpp_ros2_interfaces/share/btcpp_ros2_interfaces/package.dsv
[0.764s] -- Up-to-date: /home/rob/project/csci5551-s26-team-pointbot/install/btcpp_ros2_interfaces/share/ament_index/resource_index/packages/btcpp_ros2_interfaces
[0.764s] -- Up-to-date: /home/rob/project/csci5551-s26-team-pointbot/install/btcpp_ros2_interfaces/share/btcpp_ros2_interfaces/cmake/export_btcpp_ros2_interfaces__rosidl_generator_cExport.cmake
[0.765s] -- Up-to-date: /home/rob/project/csci5551-s26-team-pointbot/install/btcpp_ros2_interfaces/share/btcpp_ros2_interfaces/cmake/export_btcpp_ros2_interfaces__rosidl_generator_cExport-noconfig.cmake
[0.765s] -- Up-to-date: /home/rob/project/csci5551-s26-team-pointbot/install/btcpp_ros2_interfaces/share/btcpp_ros2_interfaces/cmake/export_btcpp_ros2_interfaces__rosidl_typesupport_fastrtps_cExport.cmake
[0.765s] -- Up-to-date: /home/rob/project/csci5551-s26-team-pointbot/install/btcpp_ros2_interfaces/share/btcpp_ros2_interfaces/cmake/export_btcpp_ros2_interfaces__rosidl_typesupport_fastrtps_cExport-noconfig.cmake
[0.766s] -- Up-to-date: /home/rob/project/csci5551-s26-team-pointbot/install/btcpp_ros2_interfaces/share/btcpp_ros2_interfaces/cmake/btcpp_ros2_interfaces__rosidl_typesupport_introspection_cExport.cmake
[0.766s] -- Up-to-date: /home/rob/project/csci5551-s26-team-pointbot/install/btcpp_ros2_interfaces/share/btcpp_ros2_interfaces/cmake/btcpp_ros2_interfaces__rosidl_typesupport_introspection_cExport-noconfig.cmake
[0.767s] -- Up-to-date: /home/rob/project/csci5551-s26-team-pointbot/install/btcpp_ros2_interfaces/share/btcpp_ros2_interfaces/cmake/btcpp_ros2_interfaces__rosidl_typesupport_cExport.cmake
[0.767s] -- Up-to-date: /home/rob/project/csci5551-s26-team-pointbot/install/btcpp_ros2_interfaces/share/btcpp_ros2_interfaces/cmake/btcpp_ros2_interfaces__rosidl_typesupport_cExport-noconfig.cmake
[0.768s] -- Up-to-date: /home/rob/project/csci5551-s26-team-pointbot/install/btcpp_ros2_interfaces/share/btcpp_ros2_interfaces/cmake/export_btcpp_ros2_interfaces__rosidl_generator_cppExport.cmake
[0.768s] -- Up-to-date: /home/rob/project/csci5551-s26-team-pointbot/install/btcpp_ros2_interfaces/share/btcpp_ros2_interfaces/cmake/export_btcpp_ros2_interfaces__rosidl_typesupport_fastrtps_cppExport.cmake
[0.770s] -- Up-to-date: /home/rob/project/csci5551-s26-team-pointbot/install/btcpp_ros2_interfaces/share/btcpp_ros2_interfaces/cmake/export_btcpp_ros2_interfaces__rosidl_typesupport_fastrtps_cppExport-noconfig.cmake
[0.770s] -- Up-to-date: /home/rob/project/csci5551-s26-team-pointbot/install/btcpp_ros2_interfaces/share/btcpp_ros2_interfaces/cmake/btcpp_ros2_interfaces__rosidl_typesupport_introspection_cppExport.cmake
[0.770s] -- Up-to-date: /home/rob/project/csci5551-s26-team-pointbot/install/btcpp_ros2_interfaces/share/btcpp_ros2_interfaces/cmake/btcpp_ros2_interfaces__rosidl_typesupport_introspection_cppExport-noconfig.cmake
[0.770s] -- Up-to-date: /home/rob/project/csci5551-s26-team-pointbot/install/btcpp_ros2_interfaces/share/btcpp_ros2_interfaces/cmake/btcpp_ros2_interfaces__rosidl_typesupport_cppExport.cmake
[0.771s] -- Up-to-date: /home/rob/project/csci5551-s26-team-pointbot/install/btcpp_ros2_interfaces/share/btcpp_ros2_interfaces/cmake/btcpp_ros2_interfaces__rosidl_typesupport_cppExport-noconfig.cmake
[0.771s] -- Up-to-date: /home/rob/project/csci5551-s26-team-pointbot/install/btcpp_ros2_interfaces/share/btcpp_ros2_interfaces/cmake/export_btcpp_ros2_interfaces__rosidl_generator_pyExport.cmake
[0.771s] -- Up-to-date: /home/rob/project/csci5551-s26-team-pointbot/install/btcpp_ros2_interfaces/share/btcpp_ros2_interfaces/cmake/export_btcpp_ros2_interfaces__rosidl_generator_pyExport-noconfig.cmake
[0.771s] -- Up-to-date: /home/rob/project/csci5551-s26-team-pointbot/install/btcpp_ros2_interfaces/share/btcpp_ros2_interfaces/cmake/rosidl_cmake-extras.cmake
[0.771s] -- Up-to-date: /home/rob/project/csci5551-s26-team-pointbot/install/btcpp_ros2_interfaces/share/btcpp_ros2_interfaces/cmake/ament_cmake_export_dependencies-extras.cmake
[0.771s] -- Up-to-date: /home/rob/project/csci5551-s26-team-pointbot/install/btcpp_ros2_interfaces/share/btcpp_ros2_interfaces/cmake/ament_cmake_export_include_directories-extras.cmake
[0.771s] -- Up-to-date: /home/rob/project/csci5551-s26-team-pointbot/install/btcpp_ros2_interfaces/share/btcpp_ros2_interfaces/cmake/ament_cmake_export_libraries-extras.cmake
[0.771s] -- Up-to-date: /home/rob/project/csci5551-s26-team-pointbot/install/btcpp_ros2_interfaces/share/btcpp_ros2_interfaces/cmake/ament_cmake_export_targets-extras.cmake
[0.772s] -- Up-to-date: /home/rob/project/csci5551-s26-team-pointbot/install/btcpp_ros2_interfaces/share/btcpp_ros2_interfaces/cmake/rosidl_cmake_export_typesupport_targets-extras.cmake
[0.772s] -- Up-to-date: /home/rob/project/csci5551-s26-team-pointbot/install/btcpp_ros2_interfaces/share/btcpp_ros2_interfaces/cmake/rosidl_cmake_export_typesupport_libraries-extras.cmake
[0.772s] -- Up-to-date: /home/rob/project/csci5551-s26-team-pointbot/install/btcpp_ros2_interfaces/share/btcpp_ros2_interfaces/cmake/btcpp_ros2_interfacesConfig.cmake
[0.772s] -- Up-to-date: /home/rob/project/csci5551-s26-team-pointbot/install/btcpp_ros2_interfaces/share/btcpp_ros2_interfaces/cmake/btcpp_ros2_interfacesConfig-version.cmake
[0.772s] -- Up-to-date: /home/rob/project/csci5551-s26-team-pointbot/install/btcpp_ros2_interfaces/share/btcpp_ros2_interfaces/package.xml
[1.148s] Invoked command in '/home/rob/project/csci5551-s26-team-pointbot/build/btcpp_ros2_interfaces' returned '0': CMAKE_PREFIX_PATH=${CMAKE_PREFIX_PATH}:/home/rob/project/csci5551-s26-team-pointbot/install/planning:/home/rob/project/csci5551-s26-team-pointbot/install/perception:/home/rob/project/csci5551-s26-team-pointbot/install/pointbot_rviz:/home/rob/project/csci5551-s26-team-pointbot/install/uf_ros_lib:/opt/ros/jazzy DEBUGINFOD_URLS=https://debuginfod.ubuntu.com /usr/bin/cmake --install /home/rob/project/csci5551-s26-team-pointbot/build/btcpp_ros2_interfaces
