[0.936s] Invoking command in '/home/rob/project/csci5551-s26-team-pointbot/src/pointbot_rviz': AMENT_PREFIX_PATH=/home/rob/project/csci5551-s26-team-pointbot/install/uf_ros_lib:/home/rob/project/csci5551-s26-team-pointbot/install/xarm_gazebo:/home/rob/project/csci5551-s26-team-pointbot/install/pointbot_rviz:/home/rob/project/csci5551-s26-team-pointbot/install/xarm_moveit_config:/home/rob/project/csci5551-s26-team-pointbot/install/xarm_controller:/home/rob/project/csci5551-s26-team-pointbot/install/xarm_api:/home/rob/project/csci5551-s26-team-pointbot/install/xarm_sdk:/home/rob/project/csci5551-s26-team-pointbot/install/xarm_msgs:/home/rob/project/csci5551-s26-team-pointbot/install/xarm_description:/opt/ros/jazzy CMAKE_PREFIX_PATH=/home/rob/project/csci5551-s26-team-pointbot/install/xarm_moveit_config:/home/rob/project/csci5551-s26-team-pointbot/install/xarm_gazebo:/home/rob/project/csci5551-s26-team-pointbot/install/xarm_controller:/home/rob/project/csci5551-s26-team-pointbot/install/xarm_api:/home/rob/project/csci5551-s26-team-pointbot/install/xarm_sdk:/home/rob/project/csci5551-s26-team-pointbot/install/xarm_msgs:/home/rob/project/csci5551-s26-team-pointbot/install/xarm_description:/opt/ros/jazzy/opt/gz_sim_vendor:/opt/ros/jazzy/opt/gz_sensors_vendor:/opt/ros/jazzy/opt/gz_physics_vendor:/opt/ros/jazzy/opt/sdformat_vendor:/opt/ros/jazzy/opt/gz_gui_vendor:/opt/ros/jazzy/opt/gz_transport_vendor:/opt/ros/jazzy/opt/gz_rendering_vendor:/opt/ros/jazzy/opt/gz_plugin_vendor:/opt/ros/jazzy/opt/gz_fuel_tools_vendor:/opt/ros/jazzy/opt/gz_msgs_vendor:/opt/ros/jazzy/opt/gz_common_vendor:/opt/ros/jazzy/opt/gz_math_vendor:/opt/ros/jazzy/opt/gz_utils_vendor:/opt/ros/jazzy/opt/gz_tools_vendor:/opt/ros/jazzy/opt/gz_ogre_next_vendor:/opt/ros/jazzy/opt/gz_dartsim_vendor:/opt/ros/jazzy/opt/gz_cmake_vendor DEBUGINFOD_URLS=https://debuginfod.ubuntu.com LD_LIBRARY_PATH=/home/rob/project/csci5551-s26-team-pointbot/install/xarm_gazebo/lib:/home/rob/project/csci5551-s26-team-pointbot/install/xarm_controller/lib:/home/rob/project/csci5551-s26-team-pointbot/install/xarm_api/lib:/home/rob/project/csci5551-s26-team-pointbot/install/xarm_sdk/lib:/home/rob/project/csci5551-s26-team-pointbot/install/xarm_msgs/lib:/opt/ros/jazzy/opt/gz_sim_vendor/lib:/opt/ros/jazzy/opt/gz_sensors_vendor/lib:/opt/ros/jazzy/opt/gz_physics_vendor/lib:/opt/ros/jazzy/opt/sdformat_vendor/lib:/opt/ros/jazzy/opt/rviz_ogre_vendor/lib:/opt/ros/jazzy/lib/x86_64-linux-gnu:/opt/ros/jazzy/opt/gz_gui_vendor/lib:/opt/ros/jazzy/opt/gz_transport_vendor/lib:/opt/ros/jazzy/opt/gz_rendering_vendor/lib:/opt/ros/jazzy/opt/gz_plugin_vendor/lib:/opt/ros/jazzy/opt/gz_fuel_tools_vendor/lib:/opt/ros/jazzy/opt/gz_msgs_vendor/lib:/opt/ros/jazzy/opt/gz_common_vendor/lib:/opt/ros/jazzy/opt/gz_math_vendor/lib:/opt/ros/jazzy/opt/gz_utils_vendor/lib:/opt/ros/jazzy/opt/gz_tools_vendor/lib:/opt/ros/jazzy/opt/gz_ogre_next_vendor/lib:/opt/ros/jazzy/opt/gz_dartsim_vendor/lib:/opt/ros/jazzy/opt/gz_cmake_vendor/lib:/opt/ros/jazzy/lib:/usr/local/cuda-12.8/lib64’ PYTHONPATH=/home/rob/project/csci5551-s26-team-pointbot/build/pointbot_rviz/prefix_override:/usr/lib/python3/dist-packages/colcon_core/task/python/colcon_distutils_commands:/home/rob/project/csci5551-s26-team-pointbot/install/pointbot_rviz/lib/python3.12/site-packages:/home/rob/project/csci5551-s26-team-pointbot/install/xarm_msgs/lib/python3.12/site-packages:/home/rob/project/csci5551-s26-team-pointbot/install/uf_ros_lib/lib/python3.12/site-packages:/opt/ros/jazzy/lib/python3.12/site-packages /usr/bin/python3 -W ignore:setup.py install is deprecated -W ignore:easy_install command is deprecated setup.py egg_info --egg-base ../../build/pointbot_rviz build --build-base /home/rob/project/csci5551-s26-team-pointbot/build/pointbot_rviz/build install --record /home/rob/project/csci5551-s26-team-pointbot/build/pointbot_rviz/install.log --single-version-externally-managed install_data
[1.234s] running egg_info
[1.235s] creating ../../build/pointbot_rviz/pointbot_rviz.egg-info
[1.252s] writing ../../build/pointbot_rviz/pointbot_rviz.egg-info/PKG-INFO
[1.252s] writing dependency_links to ../../build/pointbot_rviz/pointbot_rviz.egg-info/dependency_links.txt
[1.253s] writing entry points to ../../build/pointbot_rviz/pointbot_rviz.egg-info/entry_points.txt
[1.253s] writing requirements to ../../build/pointbot_rviz/pointbot_rviz.egg-info/requires.txt
[1.253s] writing top-level names to ../../build/pointbot_rviz/pointbot_rviz.egg-info/top_level.txt
[1.253s] writing manifest file '../../build/pointbot_rviz/pointbot_rviz.egg-info/SOURCES.txt'
[1.287s] reading manifest file '../../build/pointbot_rviz/pointbot_rviz.egg-info/SOURCES.txt'
[1.287s] writing manifest file '../../build/pointbot_rviz/pointbot_rviz.egg-info/SOURCES.txt'
[1.288s] running build
[1.288s] running build_py
[1.288s] creating /home/rob/project/csci5551-s26-team-pointbot/build/pointbot_rviz/build
[1.288s] creating /home/rob/project/csci5551-s26-team-pointbot/build/pointbot_rviz/build/lib
[1.288s] creating /home/rob/project/csci5551-s26-team-pointbot/build/pointbot_rviz/build/lib/pointbot_rviz
[1.288s] copying pointbot_rviz/zed_camera.py -> /home/rob/project/csci5551-s26-team-pointbot/build/pointbot_rviz/build/lib/pointbot_rviz
[1.288s] copying pointbot_rviz/__init__.py -> /home/rob/project/csci5551-s26-team-pointbot/build/pointbot_rviz/build/lib/pointbot_rviz
[1.288s] copying pointbot_rviz/visualization_helpers.py -> /home/rob/project/csci5551-s26-team-pointbot/build/pointbot_rviz/build/lib/pointbot_rviz
[1.288s] copying pointbot_rviz/test_visualizer.py -> /home/rob/project/csci5551-s26-team-pointbot/build/pointbot_rviz/build/lib/pointbot_rviz
[1.288s] copying pointbot_rviz/zed_transform.py -> /home/rob/project/csci5551-s26-team-pointbot/build/pointbot_rviz/build/lib/pointbot_rviz
[1.289s] running install
[1.295s] running install_lib
[1.312s] creating /home/rob/project/csci5551-s26-team-pointbot/install/pointbot_rviz/lib/python3.12/site-packages/pointbot_rviz
[1.312s] copying /home/rob/project/csci5551-s26-team-pointbot/build/pointbot_rviz/build/lib/pointbot_rviz/zed_camera.py -> /home/rob/project/csci5551-s26-team-pointbot/install/pointbot_rviz/lib/python3.12/site-packages/pointbot_rviz
[1.312s] copying /home/rob/project/csci5551-s26-team-pointbot/build/pointbot_rviz/build/lib/pointbot_rviz/__init__.py -> /home/rob/project/csci5551-s26-team-pointbot/install/pointbot_rviz/lib/python3.12/site-packages/pointbot_rviz
[1.312s] copying /home/rob/project/csci5551-s26-team-pointbot/build/pointbot_rviz/build/lib/pointbot_rviz/visualization_helpers.py -> /home/rob/project/csci5551-s26-team-pointbot/install/pointbot_rviz/lib/python3.12/site-packages/pointbot_rviz
[1.313s] copying /home/rob/project/csci5551-s26-team-pointbot/build/pointbot_rviz/build/lib/pointbot_rviz/test_visualizer.py -> /home/rob/project/csci5551-s26-team-pointbot/install/pointbot_rviz/lib/python3.12/site-packages/pointbot_rviz
[1.313s] copying /home/rob/project/csci5551-s26-team-pointbot/build/pointbot_rviz/build/lib/pointbot_rviz/zed_transform.py -> /home/rob/project/csci5551-s26-team-pointbot/install/pointbot_rviz/lib/python3.12/site-packages/pointbot_rviz
[1.313s] byte-compiling /home/rob/project/csci5551-s26-team-pointbot/install/pointbot_rviz/lib/python3.12/site-packages/pointbot_rviz/zed_camera.py to zed_camera.cpython-312.pyc
[1.314s] byte-compiling /home/rob/project/csci5551-s26-team-pointbot/install/pointbot_rviz/lib/python3.12/site-packages/pointbot_rviz/__init__.py to __init__.cpython-312.pyc
[1.314s] byte-compiling /home/rob/project/csci5551-s26-team-pointbot/install/pointbot_rviz/lib/python3.12/site-packages/pointbot_rviz/visualization_helpers.py to visualization_helpers.cpython-312.pyc
[1.316s] byte-compiling /home/rob/project/csci5551-s26-team-pointbot/install/pointbot_rviz/lib/python3.12/site-packages/pointbot_rviz/test_visualizer.py to test_visualizer.cpython-312.pyc
[1.316s] byte-compiling /home/rob/project/csci5551-s26-team-pointbot/install/pointbot_rviz/lib/python3.12/site-packages/pointbot_rviz/zed_transform.py to zed_transform.cpython-312.pyc
[1.317s] running install_data
[1.317s] creating /home/rob/project/csci5551-s26-team-pointbot/install/pointbot_rviz/share/ament_index
[1.318s] creating /home/rob/project/csci5551-s26-team-pointbot/install/pointbot_rviz/share/ament_index/resource_index
[1.318s] creating /home/rob/project/csci5551-s26-team-pointbot/install/pointbot_rviz/share/ament_index/resource_index/packages
[1.318s] copying resource/pointbot_rviz -> /home/rob/project/csci5551-s26-team-pointbot/install/pointbot_rviz/share/ament_index/resource_index/packages
[1.318s] copying package.xml -> /home/rob/project/csci5551-s26-team-pointbot/install/pointbot_rviz/share/pointbot_rviz
[1.318s] creating /home/rob/project/csci5551-s26-team-pointbot/install/pointbot_rviz/share/pointbot_rviz/launch
[1.318s] copying launch/pointbot_rviz_display.launch.py -> /home/rob/project/csci5551-s26-team-pointbot/install/pointbot_rviz/share/pointbot_rviz/launch
[1.318s] copying launch/pointbot_rviz_test.launch.py -> /home/rob/project/csci5551-s26-team-pointbot/install/pointbot_rviz/share/pointbot_rviz/launch
[1.318s] creating /home/rob/project/csci5551-s26-team-pointbot/install/pointbot_rviz/share/pointbot_rviz/rviz
[1.318s] copying rviz/pointbot.rviz -> /home/rob/project/csci5551-s26-team-pointbot/install/pointbot_rviz/share/pointbot_rviz/rviz
[1.318s] running install_egg_info
[1.337s] Copying ../../build/pointbot_rviz/pointbot_rviz.egg-info to /home/rob/project/csci5551-s26-team-pointbot/install/pointbot_rviz/lib/python3.12/site-packages/pointbot_rviz-0.0.0-py3.12.egg-info
[1.338s] running install_scripts
[1.463s] Installing test_visualizer script to /home/rob/project/csci5551-s26-team-pointbot/install/pointbot_rviz/lib/pointbot_rviz
[1.463s] writing list of installed files to '/home/rob/project/csci5551-s26-team-pointbot/build/pointbot_rviz/install.log'
[1.493s] Invoked command in '/home/rob/project/csci5551-s26-team-pointbot/src/pointbot_rviz' returned '0': AMENT_PREFIX_PATH=/home/rob/project/csci5551-s26-team-pointbot/install/uf_ros_lib:/home/rob/project/csci5551-s26-team-pointbot/install/xarm_gazebo:/home/rob/project/csci5551-s26-team-pointbot/install/pointbot_rviz:/home/rob/project/csci5551-s26-team-pointbot/install/xarm_moveit_config:/home/rob/project/csci5551-s26-team-pointbot/install/xarm_controller:/home/rob/project/csci5551-s26-team-pointbot/install/xarm_api:/home/rob/project/csci5551-s26-team-pointbot/install/xarm_sdk:/home/rob/project/csci5551-s26-team-pointbot/install/xarm_msgs:/home/rob/project/csci5551-s26-team-pointbot/install/xarm_description:/opt/ros/jazzy CMAKE_PREFIX_PATH=/home/rob/project/csci5551-s26-team-pointbot/install/xarm_moveit_config:/home/rob/project/csci5551-s26-team-pointbot/install/xarm_gazebo:/home/rob/project/csci5551-s26-team-pointbot/install/xarm_controller:/home/rob/project/csci5551-s26-team-pointbot/install/xarm_api:/home/rob/project/csci5551-s26-team-pointbot/install/xarm_sdk:/home/rob/project/csci5551-s26-team-pointbot/install/xarm_msgs:/home/rob/project/csci5551-s26-team-pointbot/install/xarm_description:/opt/ros/jazzy/opt/gz_sim_vendor:/opt/ros/jazzy/opt/gz_sensors_vendor:/opt/ros/jazzy/opt/gz_physics_vendor:/opt/ros/jazzy/opt/sdformat_vendor:/opt/ros/jazzy/opt/gz_gui_vendor:/opt/ros/jazzy/opt/gz_transport_vendor:/opt/ros/jazzy/opt/gz_rendering_vendor:/opt/ros/jazzy/opt/gz_plugin_vendor:/opt/ros/jazzy/opt/gz_fuel_tools_vendor:/opt/ros/jazzy/opt/gz_msgs_vendor:/opt/ros/jazzy/opt/gz_common_vendor:/opt/ros/jazzy/opt/gz_math_vendor:/opt/ros/jazzy/opt/gz_utils_vendor:/opt/ros/jazzy/opt/gz_tools_vendor:/opt/ros/jazzy/opt/gz_ogre_next_vendor:/opt/ros/jazzy/opt/gz_dartsim_vendor:/opt/ros/jazzy/opt/gz_cmake_vendor DEBUGINFOD_URLS=https://debuginfod.ubuntu.com LD_LIBRARY_PATH=/home/rob/project/csci5551-s26-team-pointbot/install/xarm_gazebo/lib:/home/rob/project/csci5551-s26-team-pointbot/install/xarm_controller/lib:/home/rob/project/csci5551-s26-team-pointbot/install/xarm_api/lib:/home/rob/project/csci5551-s26-team-pointbot/install/xarm_sdk/lib:/home/rob/project/csci5551-s26-team-pointbot/install/xarm_msgs/lib:/opt/ros/jazzy/opt/gz_sim_vendor/lib:/opt/ros/jazzy/opt/gz_sensors_vendor/lib:/opt/ros/jazzy/opt/gz_physics_vendor/lib:/opt/ros/jazzy/opt/sdformat_vendor/lib:/opt/ros/jazzy/opt/rviz_ogre_vendor/lib:/opt/ros/jazzy/lib/x86_64-linux-gnu:/opt/ros/jazzy/opt/gz_gui_vendor/lib:/opt/ros/jazzy/opt/gz_transport_vendor/lib:/opt/ros/jazzy/opt/gz_rendering_vendor/lib:/opt/ros/jazzy/opt/gz_plugin_vendor/lib:/opt/ros/jazzy/opt/gz_fuel_tools_vendor/lib:/opt/ros/jazzy/opt/gz_msgs_vendor/lib:/opt/ros/jazzy/opt/gz_common_vendor/lib:/opt/ros/jazzy/opt/gz_math_vendor/lib:/opt/ros/jazzy/opt/gz_utils_vendor/lib:/opt/ros/jazzy/opt/gz_tools_vendor/lib:/opt/ros/jazzy/opt/gz_ogre_next_vendor/lib:/opt/ros/jazzy/opt/gz_dartsim_vendor/lib:/opt/ros/jazzy/opt/gz_cmake_vendor/lib:/opt/ros/jazzy/lib:/usr/local/cuda-12.8/lib64’ PYTHONPATH=/home/rob/project/csci5551-s26-team-pointbot/build/pointbot_rviz/prefix_override:/usr/lib/python3/dist-packages/colcon_core/task/python/colcon_distutils_commands:/home/rob/project/csci5551-s26-team-pointbot/install/pointbot_rviz/lib/python3.12/site-packages:/home/rob/project/csci5551-s26-team-pointbot/install/xarm_msgs/lib/python3.12/site-packages:/home/rob/project/csci5551-s26-team-pointbot/install/uf_ros_lib/lib/python3.12/site-packages:/opt/ros/jazzy/lib/python3.12/site-packages /usr/bin/python3 -W ignore:setup.py install is deprecated -W ignore:easy_install command is deprecated setup.py egg_info --egg-base ../../build/pointbot_rviz build --build-base /home/rob/project/csci5551-s26-team-pointbot/build/pointbot_rviz/build install --record /home/rob/project/csci5551-s26-team-pointbot/build/pointbot_rviz/install.log --single-version-externally-managed install_data
