[0.870s] Invoking command in '/home/rob/project/csci5551-s26-team-pointbot/src/perception': AMENT_PREFIX_PATH=/home/rob/project/csci5551-s26-team-pointbot/install/point_bot_interfaces:${AMENT_PREFIX_PATH} CMAKE_PREFIX_PATH=/home/rob/project/csci5551-s26-team-pointbot/install/point_bot_interfaces:${CMAKE_PREFIX_PATH} DEBUGINFOD_URLS=https://debuginfod.ubuntu.com LD_LIBRARY_PATH=/home/rob/project/csci5551-s26-team-pointbot/install/point_bot_interfaces/lib:/home/rob/project/csci5551-s26-team-pointbot/install/xarm_gazebo/lib:/home/rob/project/csci5551-s26-team-pointbot/install/xarm_controller/lib:/home/rob/project/csci5551-s26-team-pointbot/install/xarm_api/lib:/home/rob/project/csci5551-s26-team-pointbot/install/xarm_sdk/lib:/home/rob/project/csci5551-s26-team-pointbot/install/xarm_msgs/lib:/opt/ros/jazzy/opt/gz_sim_vendor/lib:/opt/ros/jazzy/opt/gz_sensors_vendor/lib:/opt/ros/jazzy/opt/gz_physics_vendor/lib:/opt/ros/jazzy/opt/sdformat_vendor/lib:/opt/ros/jazzy/opt/rviz_ogre_vendor/lib:/opt/ros/jazzy/lib/x86_64-linux-gnu:/opt/ros/jazzy/opt/gz_gui_vendor/lib:/opt/ros/jazzy/opt/gz_transport_vendor/lib:/opt/ros/jazzy/opt/gz_rendering_vendor/lib:/opt/ros/jazzy/opt/gz_plugin_vendor/lib:/opt/ros/jazzy/opt/gz_fuel_tools_vendor/lib:/opt/ros/jazzy/opt/gz_msgs_vendor/lib:/opt/ros/jazzy/opt/gz_common_vendor/lib:/opt/ros/jazzy/opt/gz_math_vendor/lib:/opt/ros/jazzy/opt/gz_utils_vendor/lib:/opt/ros/jazzy/opt/gz_tools_vendor/lib:/opt/ros/jazzy/opt/gz_ogre_next_vendor/lib:/opt/ros/jazzy/opt/gz_dartsim_vendor/lib:/opt/ros/jazzy/opt/gz_cmake_vendor/lib:/opt/ros/jazzy/lib:/usr/local/cuda-12.8/lib64’ PYTHONPATH=/home/rob/project/csci5551-s26-team-pointbot/build/perception/prefix_override:/usr/lib/python3/dist-packages/colcon_core/task/python/colcon_distutils_commands:/home/rob/project/csci5551-s26-team-pointbot/install/perception/lib/python3.12/site-packages:/home/rob/project/csci5551-s26-team-pointbot/install/point_bot_interfaces/lib/python3.12/site-packages:/home/rob/project/csci5551-s26-team-pointbot/install/pointbot_rviz/lib/python3.12/site-packages:/home/rob/project/csci5551-s26-team-pointbot/install/xarm_msgs/lib/python3.12/site-packages:/home/rob/project/csci5551-s26-team-pointbot/install/uf_ros_lib/lib/python3.12/site-packages:/opt/ros/jazzy/lib/python3.12/site-packages:/usr/local/zed/lib:/home/rob/.local/lib/python3.12/site-packages:/home/rob/.local/lib/python3.12/site-packages /usr/bin/python3 -W ignore:setup.py install is deprecated -W ignore:easy_install command is deprecated setup.py egg_info --egg-base ../../build/perception build --build-base /home/rob/project/csci5551-s26-team-pointbot/build/perception/build install --record /home/rob/project/csci5551-s26-team-pointbot/build/perception/install.log --single-version-externally-managed install_data
[1.189s] running egg_info
[1.189s] creating ../../build/perception/perception.egg-info
[1.206s] writing ../../build/perception/perception.egg-info/PKG-INFO
[1.207s] writing dependency_links to ../../build/perception/perception.egg-info/dependency_links.txt
[1.207s] writing entry points to ../../build/perception/perception.egg-info/entry_points.txt
[1.207s] writing requirements to ../../build/perception/perception.egg-info/requires.txt
[1.207s] writing top-level names to ../../build/perception/perception.egg-info/top_level.txt
[1.207s] writing manifest file '../../build/perception/perception.egg-info/SOURCES.txt'
[1.242s] reading manifest file '../../build/perception/perception.egg-info/SOURCES.txt'
[1.243s] writing manifest file '../../build/perception/perception.egg-info/SOURCES.txt'
[1.243s] running build
[1.243s] running build_py
[1.243s] creating /home/rob/project/csci5551-s26-team-pointbot/build/perception/build
[1.243s] creating /home/rob/project/csci5551-s26-team-pointbot/build/perception/build/lib
[1.244s] creating /home/rob/project/csci5551-s26-team-pointbot/build/perception/build/lib/perception
[1.244s] copying perception/__init__.py -> /home/rob/project/csci5551-s26-team-pointbot/build/perception/build/lib/perception
[1.244s] copying perception/detect_object_pose.py -> /home/rob/project/csci5551-s26-team-pointbot/build/perception/build/lib/perception
[1.244s] copying perception/zed_camera.py -> /home/rob/project/csci5551-s26-team-pointbot/build/perception/build/lib/perception
[1.244s] copying perception/perception_action_server.py -> /home/rob/project/csci5551-s26-team-pointbot/build/perception/build/lib/perception
[1.244s] running install
[1.250s] running install_lib
[1.268s] creating /home/rob/project/csci5551-s26-team-pointbot/install/perception/lib/python3.12/site-packages/perception
[1.268s] copying /home/rob/project/csci5551-s26-team-pointbot/build/perception/build/lib/perception/detect_object_pose.py -> /home/rob/project/csci5551-s26-team-pointbot/install/perception/lib/python3.12/site-packages/perception
[1.268s] copying /home/rob/project/csci5551-s26-team-pointbot/build/perception/build/lib/perception/zed_camera.py -> /home/rob/project/csci5551-s26-team-pointbot/install/perception/lib/python3.12/site-packages/perception
[1.268s] copying /home/rob/project/csci5551-s26-team-pointbot/build/perception/build/lib/perception/__init__.py -> /home/rob/project/csci5551-s26-team-pointbot/install/perception/lib/python3.12/site-packages/perception
[1.269s] copying /home/rob/project/csci5551-s26-team-pointbot/build/perception/build/lib/perception/perception_action_server.py -> /home/rob/project/csci5551-s26-team-pointbot/install/perception/lib/python3.12/site-packages/perception
[1.269s] byte-compiling /home/rob/project/csci5551-s26-team-pointbot/install/perception/lib/python3.12/site-packages/perception/detect_object_pose.py to detect_object_pose.cpython-312.pyc
[1.271s] byte-compiling /home/rob/project/csci5551-s26-team-pointbot/install/perception/lib/python3.12/site-packages/perception/zed_camera.py to zed_camera.cpython-312.pyc
[1.272s] byte-compiling /home/rob/project/csci5551-s26-team-pointbot/install/perception/lib/python3.12/site-packages/perception/__init__.py to __init__.cpython-312.pyc
[1.272s] byte-compiling /home/rob/project/csci5551-s26-team-pointbot/install/perception/lib/python3.12/site-packages/perception/perception_action_server.py to perception_action_server.cpython-312.pyc
[1.273s] running install_data
[1.273s] creating /home/rob/project/csci5551-s26-team-pointbot/install/perception/share/ament_index
[1.273s] creating /home/rob/project/csci5551-s26-team-pointbot/install/perception/share/ament_index/resource_index
[1.273s] creating /home/rob/project/csci5551-s26-team-pointbot/install/perception/share/ament_index/resource_index/packages
[1.274s] copying resource/perception -> /home/rob/project/csci5551-s26-team-pointbot/install/perception/share/ament_index/resource_index/packages
[1.274s] copying package.xml -> /home/rob/project/csci5551-s26-team-pointbot/install/perception/share/perception
[1.274s] running install_egg_info
[1.292s] Copying ../../build/perception/perception.egg-info to /home/rob/project/csci5551-s26-team-pointbot/install/perception/lib/python3.12/site-packages/perception-0.0.0-py3.12.egg-info
[1.293s] running install_scripts
[1.421s] Installing perception_action_server script to /home/rob/project/csci5551-s26-team-pointbot/install/perception/lib/perception
[1.422s] writing list of installed files to '/home/rob/project/csci5551-s26-team-pointbot/build/perception/install.log'
[1.453s] Invoked command in '/home/rob/project/csci5551-s26-team-pointbot/src/perception' returned '0': AMENT_PREFIX_PATH=/home/rob/project/csci5551-s26-team-pointbot/install/point_bot_interfaces:${AMENT_PREFIX_PATH} CMAKE_PREFIX_PATH=/home/rob/project/csci5551-s26-team-pointbot/install/point_bot_interfaces:${CMAKE_PREFIX_PATH} DEBUGINFOD_URLS=https://debuginfod.ubuntu.com LD_LIBRARY_PATH=/home/rob/project/csci5551-s26-team-pointbot/install/point_bot_interfaces/lib:/home/rob/project/csci5551-s26-team-pointbot/install/xarm_gazebo/lib:/home/rob/project/csci5551-s26-team-pointbot/install/xarm_controller/lib:/home/rob/project/csci5551-s26-team-pointbot/install/xarm_api/lib:/home/rob/project/csci5551-s26-team-pointbot/install/xarm_sdk/lib:/home/rob/project/csci5551-s26-team-pointbot/install/xarm_msgs/lib:/opt/ros/jazzy/opt/gz_sim_vendor/lib:/opt/ros/jazzy/opt/gz_sensors_vendor/lib:/opt/ros/jazzy/opt/gz_physics_vendor/lib:/opt/ros/jazzy/opt/sdformat_vendor/lib:/opt/ros/jazzy/opt/rviz_ogre_vendor/lib:/opt/ros/jazzy/lib/x86_64-linux-gnu:/opt/ros/jazzy/opt/gz_gui_vendor/lib:/opt/ros/jazzy/opt/gz_transport_vendor/lib:/opt/ros/jazzy/opt/gz_rendering_vendor/lib:/opt/ros/jazzy/opt/gz_plugin_vendor/lib:/opt/ros/jazzy/opt/gz_fuel_tools_vendor/lib:/opt/ros/jazzy/opt/gz_msgs_vendor/lib:/opt/ros/jazzy/opt/gz_common_vendor/lib:/opt/ros/jazzy/opt/gz_math_vendor/lib:/opt/ros/jazzy/opt/gz_utils_vendor/lib:/opt/ros/jazzy/opt/gz_tools_vendor/lib:/opt/ros/jazzy/opt/gz_ogre_next_vendor/lib:/opt/ros/jazzy/opt/gz_dartsim_vendor/lib:/opt/ros/jazzy/opt/gz_cmake_vendor/lib:/opt/ros/jazzy/lib:/usr/local/cuda-12.8/lib64’ PYTHONPATH=/home/rob/project/csci5551-s26-team-pointbot/build/perception/prefix_override:/usr/lib/python3/dist-packages/colcon_core/task/python/colcon_distutils_commands:/home/rob/project/csci5551-s26-team-pointbot/install/perception/lib/python3.12/site-packages:/home/rob/project/csci5551-s26-team-pointbot/install/point_bot_interfaces/lib/python3.12/site-packages:/home/rob/project/csci5551-s26-team-pointbot/install/pointbot_rviz/lib/python3.12/site-packages:/home/rob/project/csci5551-s26-team-pointbot/install/xarm_msgs/lib/python3.12/site-packages:/home/rob/project/csci5551-s26-team-pointbot/install/uf_ros_lib/lib/python3.12/site-packages:/opt/ros/jazzy/lib/python3.12/site-packages:/usr/local/zed/lib:/home/rob/.local/lib/python3.12/site-packages:/home/rob/.local/lib/python3.12/site-packages /usr/bin/python3 -W ignore:setup.py install is deprecated -W ignore:easy_install command is deprecated setup.py egg_info --egg-base ../../build/perception build --build-base /home/rob/project/csci5551-s26-team-pointbot/build/perception/build install --record /home/rob/project/csci5551-s26-team-pointbot/build/perception/install.log --single-version-externally-managed install_data
