[0.018s] Invoking command in '/home/rob/project/csci5551-s26-team-pointbot/build/xarm_sdk': CMAKE_PREFIX_PATH=${CMAKE_PREFIX_PATH}:/home/rob/project/csci5551-s26-team-pointbot/install/pointbot_rviz:/home/rob/project/csci5551-s26-team-pointbot/install/uf_ros_lib:/opt/ros/jazzy DEBUGINFOD_URLS=https://debuginfod.ubuntu.com /usr/bin/cmake /home/rob/project/csci5551-s26-team-pointbot/src/xarm_ros2/xarm_sdk -DCMAKE_INSTALL_PREFIX=/home/rob/project/csci5551-s26-team-pointbot/install/xarm_sdk
[0.108s] -- The C compiler identification is GNU 13.3.0
[0.213s] -- The CXX compiler identification is GNU 13.3.0
[0.250s] -- Detecting C compiler ABI info
[0.409s] -- Detecting C compiler ABI info - done
[0.439s] -- Check for working C compiler: /usr/bin/cc - skipped
[0.439s] -- Detecting C compile features
[0.441s] -- Detecting C compile features - done
[0.460s] -- Detecting CXX compiler ABI info
[0.626s] -- Detecting CXX compiler ABI info - done
[0.658s] -- Check for working CXX compiler: /usr/bin/c++ - skipped
[0.659s] -- Detecting CXX compile features
[0.660s] -- Detecting CXX compile features - done
[0.668s] -- Found ament_cmake: 2.5.6 (/opt/ros/jazzy/share/ament_cmake/cmake)
[0.939s] -- Found Python3: /usr/bin/python3 (found version "3.12.3") found components: Interpreter 
[1.140s] -- Found ament_lint_auto: 0.17.5 (/opt/ros/jazzy/share/ament_lint_auto/cmake)
[1.318s] -- Added test 'copyright' to check source files copyright and LICENSE
[1.329s] -- Added test 'cppcheck' to perform static code analysis on C / C++ code
[1.330s] -- Configured cppcheck include dirs: /home/rob/project/csci5551-s26-team-pointbot/src/xarm_ros2/xarm_sdk/cxx/include
[1.330s] -- Configured cppcheck exclude dirs and/or files: 
[1.339s] -- Added test 'cpplint' to check C / C++ code against the Google style
[1.339s] -- Configured cpplint exclude dirs and/or files: 
[1.343s] -- Added test 'lint_cmake' to check CMake code style
[1.353s] -- Added test 'uncrustify' to check C / C++ code style
[1.353s] -- Configured uncrustify additional arguments: 
[1.355s] -- Added test 'xmllint' to check XML markup files
[1.358s] -- Configuring done (1.3s)
[1.365s] -- Generating done (0.0s)
[1.367s] -- Build files have been written to: /home/rob/project/csci5551-s26-team-pointbot/build/xarm_sdk
[1.376s] Invoked command in '/home/rob/project/csci5551-s26-team-pointbot/build/xarm_sdk' returned '0': CMAKE_PREFIX_PATH=${CMAKE_PREFIX_PATH}:/home/rob/project/csci5551-s26-team-pointbot/install/pointbot_rviz:/home/rob/project/csci5551-s26-team-pointbot/install/uf_ros_lib:/opt/ros/jazzy DEBUGINFOD_URLS=https://debuginfod.ubuntu.com /usr/bin/cmake /home/rob/project/csci5551-s26-team-pointbot/src/xarm_ros2/xarm_sdk -DCMAKE_INSTALL_PREFIX=/home/rob/project/csci5551-s26-team-pointbot/install/xarm_sdk
[1.377s] Invoking command in '/home/rob/project/csci5551-s26-team-pointbot/build/xarm_sdk': CMAKE_PREFIX_PATH=${CMAKE_PREFIX_PATH}:/home/rob/project/csci5551-s26-team-pointbot/install/pointbot_rviz:/home/rob/project/csci5551-s26-team-pointbot/install/uf_ros_lib:/opt/ros/jazzy DEBUGINFOD_URLS=https://debuginfod.ubuntu.com /usr/bin/cmake --build /home/rob/project/csci5551-s26-team-pointbot/build/xarm_sdk -- -j16 -l16
[1.468s] [  3%] [32mBuilding CXX object CMakeFiles/xarm_cxx_sdk.dir/cxx/src/serial/impl/list_ports/list_ports_osx.cc.o[0m
[1.470s] [  6%] [32mBuilding CXX object CMakeFiles/xarm_cxx_sdk.dir/cxx/src/serial/impl/unix.cc.o[0m
[1.470s] [  9%] [32mBuilding CXX object CMakeFiles/xarm_cxx_sdk.dir/cxx/src/serial/impl/list_ports/list_ports_win.cc.o[0m
[1.470s] [ 12%] [32mBuilding CXX object CMakeFiles/xarm_cxx_sdk.dir/cxx/src/serial/serial.cc.o[0m
[1.471s] [ 15%] [32mBuilding CXX object CMakeFiles/xarm_cxx_sdk.dir/cxx/src/serial/impl/win.cc.o[0m
[1.471s] [ 18%] [32mBuilding CXX object CMakeFiles/xarm_cxx_sdk.dir/cxx/src/xarm/core/common/crc16.cc.o[0m
[1.473s] [ 25%] [32mBuilding CXX object CMakeFiles/xarm_cxx_sdk.dir/cxx/src/serial/impl/list_ports/list_ports_linux.cc.o[0m
[1.473s] [ 25%] [32mBuilding CXX object CMakeFiles/xarm_cxx_sdk.dir/cxx/src/xarm/core/common/queue_memcpy.cc.o[0m
[1.479s] [ 28%] [32mBuilding CXX object CMakeFiles/xarm_cxx_sdk.dir/cxx/src/xarm/core/connect.cc.o[0m
[1.482s] [ 31%] [32mBuilding CXX object CMakeFiles/xarm_cxx_sdk.dir/cxx/src/xarm/core/instruction/uxbus_cmd_tcp.cc.o[0m
[1.489s] [ 34%] [32mBuilding CXX object CMakeFiles/xarm_cxx_sdk.dir/cxx/src/xarm/core/instruction/uxbus_cmd_ser.cc.o[0m
[1.493s] [ 37%] [32mBuilding CXX object CMakeFiles/xarm_cxx_sdk.dir/cxx/src/xarm/core/debug/debug_print.cc.o[0m
[1.493s] [ 40%] [32mBuilding CXX object CMakeFiles/xarm_cxx_sdk.dir/cxx/src/xarm/core/instruction/uxbus_cmd.cc.o[0m
[1.495s] [ 43%] [32mBuilding CXX object CMakeFiles/xarm_cxx_sdk.dir/cxx/src/xarm/core/port/ser.cc.o[0m
[1.500s] [ 46%] [32mBuilding CXX object CMakeFiles/xarm_cxx_sdk.dir/cxx/src/xarm/core/report_data.cc.o[0m
[1.508s] [ 53%] [32mBuilding CXX object CMakeFiles/xarm_cxx_sdk.dir/cxx/src/xarm/wrapper/xarm_bio.cc.o[0m
[1.508s] [ 53%] [32mBuilding CXX object CMakeFiles/xarm_cxx_sdk.dir/cxx/src/xarm/wrapper/xarm_api.cc.o[0m
[1.509s] [ 56%] [32mBuilding CXX object CMakeFiles/xarm_cxx_sdk.dir/cxx/src/xarm/core/os/network.cc.o[0m
[1.509s] [ 59%] [32mBuilding CXX object CMakeFiles/xarm_cxx_sdk.dir/cxx/src/xarm/core/port/socket.cc.o[0m
[1.550s] [ 62%] [32mBuilding CXX object CMakeFiles/xarm_cxx_sdk.dir/cxx/src/xarm/wrapper/xarm_events.cc.o[0m
[1.615s] [ 65%] [32mBuilding CXX object CMakeFiles/xarm_cxx_sdk.dir/cxx/src/xarm/wrapper/xarm_ft_sensor.cc.o[0m
[1.888s] [ 68%] [32mBuilding CXX object CMakeFiles/xarm_cxx_sdk.dir/cxx/src/xarm/wrapper/xarm_gpio.cc.o[0m
[1.959s] [ 71%] [32mBuilding CXX object CMakeFiles/xarm_cxx_sdk.dir/cxx/src/xarm/wrapper/xarm_gripper.cc.o[0m
[1.991s] [ 75%] [32mBuilding CXX object CMakeFiles/xarm_cxx_sdk.dir/cxx/src/xarm/wrapper/xarm_linear_motor.cc.o[0m
[2.140s] [ 81%] [32mBuilding CXX object CMakeFiles/xarm_cxx_sdk.dir/cxx/src/xarm/wrapper/xarm_modbus_tcp.cc.o[0m
[2.140s] [ 81%] [32mBuilding CXX object CMakeFiles/xarm_cxx_sdk.dir/cxx/src/xarm/wrapper/xarm_motion.cc.o[0m
[2.244s] [ 84%] [32mBuilding CXX object CMakeFiles/xarm_cxx_sdk.dir/cxx/src/xarm/wrapper/xarm_params.cc.o[0m
[2.293s] [ 87%] [32mBuilding CXX object CMakeFiles/xarm_cxx_sdk.dir/cxx/src/xarm/wrapper/xarm_record.cc.o[0m
[2.305s] [ 90%] [32mBuilding CXX object CMakeFiles/xarm_cxx_sdk.dir/cxx/src/xarm/wrapper/xarm_report.cc.o[0m
[2.333s] [ 93%] [32mBuilding CXX object CMakeFiles/xarm_cxx_sdk.dir/cxx/src/xarm/wrapper/xarm_robotiq.cc.o[0m
[2.339s] [ 96%] [32mBuilding CXX object CMakeFiles/xarm_cxx_sdk.dir/cxx/src/xarm/wrapper/xarm_servo.cc.o[0m
[5.452s] [100%] [32m[1mLinking CXX shared library libxarm_cxx_sdk.so[0m
[5.702s] [100%] Built target xarm_cxx_sdk
[5.727s] Invoked command in '/home/rob/project/csci5551-s26-team-pointbot/build/xarm_sdk' returned '0': CMAKE_PREFIX_PATH=${CMAKE_PREFIX_PATH}:/home/rob/project/csci5551-s26-team-pointbot/install/pointbot_rviz:/home/rob/project/csci5551-s26-team-pointbot/install/uf_ros_lib:/opt/ros/jazzy DEBUGINFOD_URLS=https://debuginfod.ubuntu.com /usr/bin/cmake --build /home/rob/project/csci5551-s26-team-pointbot/build/xarm_sdk -- -j16 -l16
[5.729s] Invoking command in '/home/rob/project/csci5551-s26-team-pointbot/build/xarm_sdk': CMAKE_PREFIX_PATH=${CMAKE_PREFIX_PATH}:/home/rob/project/csci5551-s26-team-pointbot/install/pointbot_rviz:/home/rob/project/csci5551-s26-team-pointbot/install/uf_ros_lib:/opt/ros/jazzy DEBUGINFOD_URLS=https://debuginfod.ubuntu.com /usr/bin/cmake --install /home/rob/project/csci5551-s26-team-pointbot/build/xarm_sdk
[5.748s] -- Install configuration: ""
[5.748s] -- Installing: /home/rob/project/csci5551-s26-team-pointbot/install/xarm_sdk/share/xarm_sdk/environment/library_path.sh
[5.748s] -- Installing: /home/rob/project/csci5551-s26-team-pointbot/install/xarm_sdk/share/xarm_sdk/environment/library_path.dsv
[5.748s] -- Installing: /home/rob/project/csci5551-s26-team-pointbot/install/xarm_sdk/cxx/include
[5.749s] -- Installing: /home/rob/project/csci5551-s26-team-pointbot/install/xarm_sdk/cxx/include/xarm
[5.749s] -- Installing: /home/rob/project/csci5551-s26-team-pointbot/install/xarm_sdk/cxx/include/xarm/wrapper
[5.749s] -- Installing: /home/rob/project/csci5551-s26-team-pointbot/install/xarm_sdk/cxx/include/xarm/wrapper/xarm_api.h
[5.749s] -- Installing: /home/rob/project/csci5551-s26-team-pointbot/install/xarm_sdk/cxx/include/xarm/wrapper/common
[5.750s] -- Installing: /home/rob/project/csci5551-s26-team-pointbot/install/xarm_sdk/cxx/include/xarm/wrapper/common/utils.h
[5.750s] -- Installing: /home/rob/project/csci5551-s26-team-pointbot/install/xarm_sdk/cxx/include/xarm/wrapper/common/timer.h
[5.750s] -- Installing: /home/rob/project/csci5551-s26-team-pointbot/install/xarm_sdk/cxx/include/xarm/core
[5.750s] -- Installing: /home/rob/project/csci5551-s26-team-pointbot/install/xarm_sdk/cxx/include/xarm/core/connect.h
[5.751s] -- Installing: /home/rob/project/csci5551-s26-team-pointbot/install/xarm_sdk/cxx/include/xarm/core/report_data.h
[5.751s] -- Installing: /home/rob/project/csci5551-s26-team-pointbot/install/xarm_sdk/cxx/include/xarm/core/xarm_config.h
[5.751s] -- Installing: /home/rob/project/csci5551-s26-team-pointbot/install/xarm_sdk/cxx/include/xarm/core/instruction
[5.751s] -- Installing: /home/rob/project/csci5551-s26-team-pointbot/install/xarm_sdk/cxx/include/xarm/core/instruction/servo3_config.h
[5.751s] -- Installing: /home/rob/project/csci5551-s26-team-pointbot/install/xarm_sdk/cxx/include/xarm/core/instruction/uxbus_cmd_tcp.h
[5.751s] -- Installing: /home/rob/project/csci5551-s26-team-pointbot/install/xarm_sdk/cxx/include/xarm/core/instruction/uxbus_cmd.h
[5.751s] -- Installing: /home/rob/project/csci5551-s26-team-pointbot/install/xarm_sdk/cxx/include/xarm/core/instruction/uxbus_cmd_ser.h
[5.752s] -- Installing: /home/rob/project/csci5551-s26-team-pointbot/install/xarm_sdk/cxx/include/xarm/core/instruction/uxbus_cmd_config.h
[5.752s] -- Installing: /home/rob/project/csci5551-s26-team-pointbot/install/xarm_sdk/cxx/include/xarm/core/common
[5.752s] -- Installing: /home/rob/project/csci5551-s26-team-pointbot/install/xarm_sdk/cxx/include/xarm/core/common/data_type.h
[5.752s] -- Installing: /home/rob/project/csci5551-s26-team-pointbot/install/xarm_sdk/cxx/include/xarm/core/common/queue_memcpy.h
[5.752s] -- Installing: /home/rob/project/csci5551-s26-team-pointbot/install/xarm_sdk/cxx/include/xarm/core/common/crc16.h
[5.753s] -- Installing: /home/rob/project/csci5551-s26-team-pointbot/install/xarm_sdk/cxx/include/xarm/core/debug
[5.753s] -- Installing: /home/rob/project/csci5551-s26-team-pointbot/install/xarm_sdk/cxx/include/xarm/core/debug/debug_print.h
[5.753s] -- Installing: /home/rob/project/csci5551-s26-team-pointbot/install/xarm_sdk/cxx/include/xarm/core/os
[5.753s] -- Installing: /home/rob/project/csci5551-s26-team-pointbot/install/xarm_sdk/cxx/include/xarm/core/os/network.h
[5.753s] -- Installing: /home/rob/project/csci5551-s26-team-pointbot/install/xarm_sdk/cxx/include/xarm/core/os/bak
[5.753s] -- Installing: /home/rob/project/csci5551-s26-team-pointbot/install/xarm_sdk/cxx/include/xarm/core/os/bak/thread.h
[5.753s] -- Installing: /home/rob/project/csci5551-s26-team-pointbot/install/xarm_sdk/cxx/include/xarm/core/port
[5.754s] -- Installing: /home/rob/project/csci5551-s26-team-pointbot/install/xarm_sdk/cxx/include/xarm/core/port/ser.h
[5.754s] -- Installing: /home/rob/project/csci5551-s26-team-pointbot/install/xarm_sdk/cxx/include/xarm/core/port/socket.h
[5.754s] -- Installing: /home/rob/project/csci5551-s26-team-pointbot/install/xarm_sdk/cxx/include/serial
[5.754s] -- Installing: /home/rob/project/csci5551-s26-team-pointbot/install/xarm_sdk/cxx/include/serial/serial.h
[5.754s] -- Installing: /home/rob/project/csci5551-s26-team-pointbot/install/xarm_sdk/cxx/include/serial/v8stdint.h
[5.754s] -- Installing: /home/rob/project/csci5551-s26-team-pointbot/install/xarm_sdk/cxx/include/serial/impl
[5.754s] -- Installing: /home/rob/project/csci5551-s26-team-pointbot/install/xarm_sdk/cxx/include/serial/impl/win.h
[5.754s] -- Installing: /home/rob/project/csci5551-s26-team-pointbot/install/xarm_sdk/cxx/include/serial/impl/unix.h
[5.755s] -- Installing: /home/rob/project/csci5551-s26-team-pointbot/install/xarm_sdk/lib/libxarm_cxx_sdk.so
[5.760s] -- Installing: /home/rob/project/csci5551-s26-team-pointbot/install/xarm_sdk/share/ament_index/resource_index/package_run_dependencies/xarm_sdk
[5.760s] -- Installing: /home/rob/project/csci5551-s26-team-pointbot/install/xarm_sdk/share/ament_index/resource_index/parent_prefix_path/xarm_sdk
[5.760s] -- Installing: /home/rob/project/csci5551-s26-team-pointbot/install/xarm_sdk/share/xarm_sdk/environment/ament_prefix_path.sh
[5.761s] -- Installing: /home/rob/project/csci5551-s26-team-pointbot/install/xarm_sdk/share/xarm_sdk/environment/ament_prefix_path.dsv
[5.761s] -- Installing: /home/rob/project/csci5551-s26-team-pointbot/install/xarm_sdk/share/xarm_sdk/environment/path.sh
[5.761s] -- Installing: /home/rob/project/csci5551-s26-team-pointbot/install/xarm_sdk/share/xarm_sdk/environment/path.dsv
[5.761s] -- Installing: /home/rob/project/csci5551-s26-team-pointbot/install/xarm_sdk/share/xarm_sdk/local_setup.bash
[5.761s] -- Installing: /home/rob/project/csci5551-s26-team-pointbot/install/xarm_sdk/share/xarm_sdk/local_setup.sh
[5.761s] -- Installing: /home/rob/project/csci5551-s26-team-pointbot/install/xarm_sdk/share/xarm_sdk/local_setup.zsh
[5.761s] -- Installing: /home/rob/project/csci5551-s26-team-pointbot/install/xarm_sdk/share/xarm_sdk/local_setup.dsv
[5.762s] -- Installing: /home/rob/project/csci5551-s26-team-pointbot/install/xarm_sdk/share/xarm_sdk/package.dsv
[5.762s] -- Installing: /home/rob/project/csci5551-s26-team-pointbot/install/xarm_sdk/share/ament_index/resource_index/packages/xarm_sdk
[5.762s] -- Installing: /home/rob/project/csci5551-s26-team-pointbot/install/xarm_sdk/share/xarm_sdk/cmake/ament_cmake_export_libraries-extras.cmake
[5.762s] -- Installing: /home/rob/project/csci5551-s26-team-pointbot/install/xarm_sdk/share/xarm_sdk/cmake/ament_cmake_export_include_directories-extras.cmake
[5.763s] -- Installing: /home/rob/project/csci5551-s26-team-pointbot/install/xarm_sdk/share/xarm_sdk/cmake/xarm_sdkConfig.cmake
[5.763s] -- Installing: /home/rob/project/csci5551-s26-team-pointbot/install/xarm_sdk/share/xarm_sdk/cmake/xarm_sdkConfig-version.cmake
[5.763s] -- Installing: /home/rob/project/csci5551-s26-team-pointbot/install/xarm_sdk/share/xarm_sdk/package.xml
[5.767s] Invoked command in '/home/rob/project/csci5551-s26-team-pointbot/build/xarm_sdk' returned '0': CMAKE_PREFIX_PATH=${CMAKE_PREFIX_PATH}:/home/rob/project/csci5551-s26-team-pointbot/install/pointbot_rviz:/home/rob/project/csci5551-s26-team-pointbot/install/uf_ros_lib:/opt/ros/jazzy DEBUGINFOD_URLS=https://debuginfod.ubuntu.com /usr/bin/cmake --install /home/rob/project/csci5551-s26-team-pointbot/build/xarm_sdk
