[0.418s] Invoking command in '/home/rob/project/csci5551-s26-team-pointbot/build/btcpp_ros2_interfaces': CMAKE_PREFIX_PATH=${CMAKE_PREFIX_PATH}:/home/rob/project/csci5551-s26-team-pointbot/install/planning:/home/rob/project/csci5551-s26-team-pointbot/install/perception:/home/rob/project/csci5551-s26-team-pointbot/install/pointbot_rviz:/home/rob/project/csci5551-s26-team-pointbot/install/uf_ros_lib:/opt/ros/jazzy DEBUGINFOD_URLS=https://debuginfod.ubuntu.com /usr/bin/cmake --build /home/rob/project/csci5551-s26-team-pointbot/build/btcpp_ros2_interfaces -- -j16 -l16
[0.505s] [  1%] Built target btcpp_ros2_interfaces__rosidl_generator_type_description
[0.505s] [  3%] Built target btcpp_ros2_interfaces__rs
[0.515s] [  3%] Built target ament_cmake_python_copy_btcpp_ros2_interfaces
[0.532s] [  4%] Built target btcpp_ros2_interfaces__cpp
[0.533s] [ 26%] Built target btcpp_ros2_interfaces__rosidl_generator_c
[0.573s] [ 35%] Built target btcpp_ros2_interfaces__rosidl_typesupport_fastrtps_cpp
[0.574s] [ 44%] Built target btcpp_ros2_interfaces__rosidl_typesupport_c
[0.574s] [ 53%] Built target btcpp_ros2_interfaces__rosidl_typesupport_introspection_c
[0.581s] [ 63%] Built target btcpp_ros2_interfaces__rosidl_typesupport_introspection_cpp
[0.582s] [ 72%] Built target btcpp_ros2_interfaces__rosidl_typesupport_cpp
[0.588s] [ 81%] Built target btcpp_ros2_interfaces__rosidl_typesupport_fastrtps_c
[0.632s] [ 81%] Built target btcpp_ros2_interfaces
[0.677s] [ 83%] Built target btcpp_ros2_interfaces__py
[0.822s] [ 90%] Built target btcpp_ros2_interfaces__rosidl_generator_py
[0.866s] [ 93%] Built target btcpp_ros2_interfaces_s__rosidl_typesupport_introspection_c
[0.866s] [100%] Built target btcpp_ros2_interfaces_s__rosidl_typesupport_fastrtps_c
[0.866s] [100%] Built target btcpp_ros2_interfaces_s__rosidl_typesupport_c
[0.867s] running egg_info
[0.867s] writing btcpp_ros2_interfaces.egg-info/PKG-INFO
[0.867s] writing dependency_links to btcpp_ros2_interfaces.egg-info/dependency_links.txt
[0.867s] writing top-level names to btcpp_ros2_interfaces.egg-info/top_level.txt
[0.873s] reading manifest file 'btcpp_ros2_interfaces.egg-info/SOURCES.txt'
[0.874s] writing manifest file 'btcpp_ros2_interfaces.egg-info/SOURCES.txt'
[0.882s] [100%] Built target ament_cmake_python_build_btcpp_ros2_interfaces_egg
[1.442s] Invoked command in '/home/rob/project/csci5551-s26-team-pointbot/build/btcpp_ros2_interfaces' returned '0': CMAKE_PREFIX_PATH=${CMAKE_PREFIX_PATH}:/home/rob/project/csci5551-s26-team-pointbot/install/planning:/home/rob/project/csci5551-s26-team-pointbot/install/perception:/home/rob/project/csci5551-s26-team-pointbot/install/pointbot_rviz:/home/rob/project/csci5551-s26-team-pointbot/install/uf_ros_lib:/opt/ros/jazzy DEBUGINFOD_URLS=https://debuginfod.ubuntu.com /usr/bin/cmake --build /home/rob/project/csci5551-s26-team-pointbot/build/btcpp_ros2_interfaces -- -j16 -l16
[1.444s] Invoking command in '/home/rob/project/csci5551-s26-team-pointbot/build/btcpp_ros2_interfaces': CMAKE_PREFIX_PATH=${CMAKE_PREFIX_PATH}:/home/rob/project/csci5551-s26-team-pointbot/install/planning:/home/rob/project/csci5551-s26-team-pointbot/install/perception:/home/rob/project/csci5551-s26-team-pointbot/install/pointbot_rviz:/home/rob/project/csci5551-s26-team-pointbot/install/uf_ros_lib:/opt/ros/jazzy DEBUGINFOD_URLS=https://debuginfod.ubuntu.com /usr/bin/cmake --install /home/rob/project/csci5551-s26-team-pointbot/build/btcpp_ros2_interfaces
[1.461s] -- Install configuration: ""
[1.462s] -- Up-to-date: /home/rob/project/csci5551-s26-team-pointbot/install/btcpp_ros2_interfaces/share/ament_index/resource_index/rosidl_interfaces/btcpp_ros2_interfaces
[1.462s] -- Up-to-date: /home/rob/project/csci5551-s26-team-pointbot/install/btcpp_ros2_interfaces/share/btcpp_ros2_interfaces/msg/NodeStatus.json
[1.463s] -- Up-to-date: /home/rob/project/csci5551-s26-team-pointbot/install/btcpp_ros2_interfaces/share/btcpp_ros2_interfaces/srv/GetTrees.json
[1.463s] -- Up-to-date: /home/rob/project/csci5551-s26-team-pointbot/install/btcpp_ros2_interfaces/share/btcpp_ros2_interfaces/action/ExecuteTree.json
[1.463s] -- Up-to-date: /home/rob/project/csci5551-s26-team-pointbot/install/btcpp_ros2_interfaces/share/btcpp_ros2_interfaces/action/Sleep.json
[1.463s] -- Up-to-date: /home/rob/project/csci5551-s26-team-pointbot/install/btcpp_ros2_interfaces/include/btcpp_ros2_interfaces/btcpp_ros2_interfaces
[1.464s] -- Up-to-date: /home/rob/project/csci5551-s26-team-pointbot/install/btcpp_ros2_interfaces/include/btcpp_ros2_interfaces/btcpp_ros2_interfaces/action
[1.464s] -- Up-to-date: /home/rob/project/csci5551-s26-team-pointbot/install/btcpp_ros2_interfaces/include/btcpp_ros2_interfaces/btcpp_ros2_interfaces/action/execute_tree.h
[1.464s] -- Up-to-date: /home/rob/project/csci5551-s26-team-pointbot/install/btcpp_ros2_interfaces/include/btcpp_ros2_interfaces/btcpp_ros2_interfaces/action/sleep.h
[1.464s] -- Up-to-date: /home/rob/project/csci5551-s26-team-pointbot/install/btcpp_ros2_interfaces/include/btcpp_ros2_interfaces/btcpp_ros2_interfaces/action/detail
[1.464s] -- Up-to-date: /home/rob/project/csci5551-s26-team-pointbot/install/btcpp_ros2_interfaces/include/btcpp_ros2_interfaces/btcpp_ros2_interfaces/action/detail/execute_tree__description.c
[1.465s] -- Up-to-date: /home/rob/project/csci5551-s26-team-pointbot/install/btcpp_ros2_interfaces/include/btcpp_ros2_interfaces/btcpp_ros2_interfaces/action/detail/sleep__description.c
[1.465s] -- Up-to-date: /home/rob/project/csci5551-s26-team-pointbot/install/btcpp_ros2_interfaces/include/btcpp_ros2_interfaces/btcpp_ros2_interfaces/action/detail/sleep__type_support.c
[1.465s] -- Up-to-date: /home/rob/project/csci5551-s26-team-pointbot/install/btcpp_ros2_interfaces/include/btcpp_ros2_interfaces/btcpp_ros2_interfaces/action/detail/execute_tree__functions.h
[1.465s] -- Up-to-date: /home/rob/project/csci5551-s26-team-pointbot/install/btcpp_ros2_interfaces/include/btcpp_ros2_interfaces/btcpp_ros2_interfaces/action/detail/execute_tree__type_support.c
[1.465s] -- Up-to-date: /home/rob/project/csci5551-s26-team-pointbot/install/btcpp_ros2_interfaces/include/btcpp_ros2_interfaces/btcpp_ros2_interfaces/action/detail/execute_tree__functions.c
[1.465s] -- Up-to-date: /home/rob/project/csci5551-s26-team-pointbot/install/btcpp_ros2_interfaces/include/btcpp_ros2_interfaces/btcpp_ros2_interfaces/action/detail/sleep__type_support.h
[1.466s] -- Up-to-date: /home/rob/project/csci5551-s26-team-pointbot/install/btcpp_ros2_interfaces/include/btcpp_ros2_interfaces/btcpp_ros2_interfaces/action/detail/sleep__struct.h
[1.466s] -- Up-to-date: /home/rob/project/csci5551-s26-team-pointbot/install/btcpp_ros2_interfaces/include/btcpp_ros2_interfaces/btcpp_ros2_interfaces/action/detail/execute_tree__struct.h
[1.466s] -- Up-to-date: /home/rob/project/csci5551-s26-team-pointbot/install/btcpp_ros2_interfaces/include/btcpp_ros2_interfaces/btcpp_ros2_interfaces/action/detail/execute_tree__type_support.h
[1.466s] -- Up-to-date: /home/rob/project/csci5551-s26-team-pointbot/install/btcpp_ros2_interfaces/include/btcpp_ros2_interfaces/btcpp_ros2_interfaces/action/detail/sleep__functions.h
[1.466s] -- Up-to-date: /home/rob/project/csci5551-s26-team-pointbot/install/btcpp_ros2_interfaces/include/btcpp_ros2_interfaces/btcpp_ros2_interfaces/action/detail/sleep__functions.c
[1.466s] -- Up-to-date: /home/rob/project/csci5551-s26-team-pointbot/install/btcpp_ros2_interfaces/include/btcpp_ros2_interfaces/btcpp_ros2_interfaces/msg
[1.467s] -- Up-to-date: /home/rob/project/csci5551-s26-team-pointbot/install/btcpp_ros2_interfaces/include/btcpp_ros2_interfaces/btcpp_ros2_interfaces/msg/rosidl_generator_c__visibility_control.h
[1.467s] -- Up-to-date: /home/rob/project/csci5551-s26-team-pointbot/install/btcpp_ros2_interfaces/include/btcpp_ros2_interfaces/btcpp_ros2_interfaces/msg/detail
[1.467s] -- Up-to-date: /home/rob/project/csci5551-s26-team-pointbot/install/btcpp_ros2_interfaces/include/btcpp_ros2_interfaces/btcpp_ros2_interfaces/msg/detail/node_status__type_support.h
[1.467s] -- Up-to-date: /home/rob/project/csci5551-s26-team-pointbot/install/btcpp_ros2_interfaces/include/btcpp_ros2_interfaces/btcpp_ros2_interfaces/msg/detail/node_status__struct.h
[1.467s] -- Up-to-date: /home/rob/project/csci5551-s26-team-pointbot/install/btcpp_ros2_interfaces/include/btcpp_ros2_interfaces/btcpp_ros2_interfaces/msg/detail/node_status__functions.c
[1.467s] -- Up-to-date: /home/rob/project/csci5551-s26-team-pointbot/install/btcpp_ros2_interfaces/include/btcpp_ros2_interfaces/btcpp_ros2_interfaces/msg/detail/node_status__description.c
[1.468s] -- Up-to-date: /home/rob/project/csci5551-s26-team-pointbot/install/btcpp_ros2_interfaces/include/btcpp_ros2_interfaces/btcpp_ros2_interfaces/msg/detail/node_status__functions.h
[1.468s] -- Up-to-date: /home/rob/project/csci5551-s26-team-pointbot/install/btcpp_ros2_interfaces/include/btcpp_ros2_interfaces/btcpp_ros2_interfaces/msg/detail/node_status__type_support.c
[1.468s] -- Up-to-date: /home/rob/project/csci5551-s26-team-pointbot/install/btcpp_ros2_interfaces/include/btcpp_ros2_interfaces/btcpp_ros2_interfaces/msg/node_status.h
[1.468s] -- Up-to-date: /home/rob/project/csci5551-s26-team-pointbot/install/btcpp_ros2_interfaces/include/btcpp_ros2_interfaces/btcpp_ros2_interfaces/srv
[1.468s] -- Up-to-date: /home/rob/project/csci5551-s26-team-pointbot/install/btcpp_ros2_interfaces/include/btcpp_ros2_interfaces/btcpp_ros2_interfaces/srv/get_trees.h
[1.468s] -- Up-to-date: /home/rob/project/csci5551-s26-team-pointbot/install/btcpp_ros2_interfaces/include/btcpp_ros2_interfaces/btcpp_ros2_interfaces/srv/detail
[1.468s] -- Up-to-date: /home/rob/project/csci5551-s26-team-pointbot/install/btcpp_ros2_interfaces/include/btcpp_ros2_interfaces/btcpp_ros2_interfaces/srv/detail/get_trees__functions.h
[1.469s] -- Up-to-date: /home/rob/project/csci5551-s26-team-pointbot/install/btcpp_ros2_interfaces/include/btcpp_ros2_interfaces/btcpp_ros2_interfaces/srv/detail/get_trees__type_support.c
[1.469s] -- Up-to-date: /home/rob/project/csci5551-s26-team-pointbot/install/btcpp_ros2_interfaces/include/btcpp_ros2_interfaces/btcpp_ros2_interfaces/srv/detail/get_trees__type_support.h
[1.469s] -- Up-to-date: /home/rob/project/csci5551-s26-team-pointbot/install/btcpp_ros2_interfaces/include/btcpp_ros2_interfaces/btcpp_ros2_interfaces/srv/detail/get_trees__description.c
[1.469s] -- Up-to-date: /home/rob/project/csci5551-s26-team-pointbot/install/btcpp_ros2_interfaces/include/btcpp_ros2_interfaces/btcpp_ros2_interfaces/srv/detail/get_trees__struct.h
[1.469s] -- Up-to-date: /home/rob/project/csci5551-s26-team-pointbot/install/btcpp_ros2_interfaces/include/btcpp_ros2_interfaces/btcpp_ros2_interfaces/srv/detail/get_trees__functions.c
[1.469s] -- Up-to-date: /home/rob/project/csci5551-s26-team-pointbot/install/btcpp_ros2_interfaces/share/btcpp_ros2_interfaces/environment/library_path.sh
[1.469s] -- Up-to-date: /home/rob/project/csci5551-s26-team-pointbot/install/btcpp_ros2_interfaces/share/btcpp_ros2_interfaces/environment/library_path.dsv
[1.470s] -- Up-to-date: /home/rob/project/csci5551-s26-team-pointbot/install/btcpp_ros2_interfaces/lib/libbtcpp_ros2_interfaces__rosidl_generator_c.so
[1.470s] -- Up-to-date: /home/rob/project/csci5551-s26-team-pointbot/install/btcpp_ros2_interfaces/include/btcpp_ros2_interfaces/btcpp_ros2_interfaces
[1.470s] -- Up-to-date: /home/rob/project/csci5551-s26-team-pointbot/install/btcpp_ros2_interfaces/include/btcpp_ros2_interfaces/btcpp_ros2_interfaces/action
[1.470s] -- Up-to-date: /home/rob/project/csci5551-s26-team-pointbot/install/btcpp_ros2_interfaces/include/btcpp_ros2_interfaces/btcpp_ros2_interfaces/action/detail
[1.470s] -- Up-to-date: /home/rob/project/csci5551-s26-team-pointbot/install/btcpp_ros2_interfaces/include/btcpp_ros2_interfaces/btcpp_ros2_interfaces/action/detail/execute_tree__rosidl_typesupport_fastrtps_c.h
[1.470s] -- Up-to-date: /home/rob/project/csci5551-s26-team-pointbot/install/btcpp_ros2_interfaces/include/btcpp_ros2_interfaces/btcpp_ros2_interfaces/action/detail/sleep__rosidl_typesupport_fastrtps_c.h
[1.470s] -- Up-to-date: /home/rob/project/csci5551-s26-team-pointbot/install/btcpp_ros2_interfaces/include/btcpp_ros2_interfaces/btcpp_ros2_interfaces/msg
[1.470s] -- Up-to-date: /home/rob/project/csci5551-s26-team-pointbot/install/btcpp_ros2_interfaces/include/btcpp_ros2_interfaces/btcpp_ros2_interfaces/msg/rosidl_typesupport_fastrtps_c__visibility_control.h
[1.470s] -- Up-to-date: /home/rob/project/csci5551-s26-team-pointbot/install/btcpp_ros2_interfaces/include/btcpp_ros2_interfaces/btcpp_ros2_interfaces/msg/detail
[1.470s] -- Up-to-date: /home/rob/project/csci5551-s26-team-pointbot/install/btcpp_ros2_interfaces/include/btcpp_ros2_interfaces/btcpp_ros2_interfaces/msg/detail/node_status__rosidl_typesupport_fastrtps_c.h
[1.471s] -- Up-to-date: /home/rob/project/csci5551-s26-team-pointbot/install/btcpp_ros2_interfaces/include/btcpp_ros2_interfaces/btcpp_ros2_interfaces/srv
[1.471s] -- Up-to-date: /home/rob/project/csci5551-s26-team-pointbot/install/btcpp_ros2_interfaces/include/btcpp_ros2_interfaces/btcpp_ros2_interfaces/srv/detail
[1.471s] -- Up-to-date: /home/rob/project/csci5551-s26-team-pointbot/install/btcpp_ros2_interfaces/include/btcpp_ros2_interfaces/btcpp_ros2_interfaces/srv/detail/get_trees__rosidl_typesupport_fastrtps_c.h
[1.471s] -- Up-to-date: /home/rob/project/csci5551-s26-team-pointbot/install/btcpp_ros2_interfaces/lib/libbtcpp_ros2_interfaces__rosidl_typesupport_fastrtps_c.so
[1.471s] -- Up-to-date: /home/rob/project/csci5551-s26-team-pointbot/install/btcpp_ros2_interfaces/include/btcpp_ros2_interfaces/btcpp_ros2_interfaces
[1.471s] -- Up-to-date: /home/rob/project/csci5551-s26-team-pointbot/install/btcpp_ros2_interfaces/include/btcpp_ros2_interfaces/btcpp_ros2_interfaces/action
[1.471s] -- Up-to-date: /home/rob/project/csci5551-s26-team-pointbot/install/btcpp_ros2_interfaces/include/btcpp_ros2_interfaces/btcpp_ros2_interfaces/action/detail
[1.471s] -- Up-to-date: /home/rob/project/csci5551-s26-team-pointbot/install/btcpp_ros2_interfaces/include/btcpp_ros2_interfaces/btcpp_ros2_interfaces/action/detail/sleep__type_support.c
[1.471s] -- Up-to-date: /home/rob/project/csci5551-s26-team-pointbot/install/btcpp_ros2_interfaces/include/btcpp_ros2_interfaces/btcpp_ros2_interfaces/action/detail/execute_tree__type_support.c
[1.471s] -- Up-to-date: /home/rob/project/csci5551-s26-team-pointbot/install/btcpp_ros2_interfaces/include/btcpp_ros2_interfaces/btcpp_ros2_interfaces/action/detail/sleep__rosidl_typesupport_introspection_c.h
[1.471s] -- Up-to-date: /home/rob/project/csci5551-s26-team-pointbot/install/btcpp_ros2_interfaces/include/btcpp_ros2_interfaces/btcpp_ros2_interfaces/action/detail/execute_tree__rosidl_typesupport_introspection_c.h
[1.472s] -- Up-to-date: /home/rob/project/csci5551-s26-team-pointbot/install/btcpp_ros2_interfaces/include/btcpp_ros2_interfaces/btcpp_ros2_interfaces/msg
[1.472s] -- Up-to-date: /home/rob/project/csci5551-s26-team-pointbot/install/btcpp_ros2_interfaces/include/btcpp_ros2_interfaces/btcpp_ros2_interfaces/msg/rosidl_typesupport_introspection_c__visibility_control.h
[1.472s] -- Up-to-date: /home/rob/project/csci5551-s26-team-pointbot/install/btcpp_ros2_interfaces/include/btcpp_ros2_interfaces/btcpp_ros2_interfaces/msg/detail
[1.472s] -- Up-to-date: /home/rob/project/csci5551-s26-team-pointbot/install/btcpp_ros2_interfaces/include/btcpp_ros2_interfaces/btcpp_ros2_interfaces/msg/detail/node_status__type_support.c
[1.472s] -- Up-to-date: /home/rob/project/csci5551-s26-team-pointbot/install/btcpp_ros2_interfaces/include/btcpp_ros2_interfaces/btcpp_ros2_interfaces/msg/detail/node_status__rosidl_typesupport_introspection_c.h
[1.472s] -- Up-to-date: /home/rob/project/csci5551-s26-team-pointbot/install/btcpp_ros2_interfaces/include/btcpp_ros2_interfaces/btcpp_ros2_interfaces/srv
[1.472s] -- Up-to-date: /home/rob/project/csci5551-s26-team-pointbot/install/btcpp_ros2_interfaces/include/btcpp_ros2_interfaces/btcpp_ros2_interfaces/srv/detail
[1.472s] -- Up-to-date: /home/rob/project/csci5551-s26-team-pointbot/install/btcpp_ros2_interfaces/include/btcpp_ros2_interfaces/btcpp_ros2_interfaces/srv/detail/get_trees__type_support.c
[1.472s] -- Up-to-date: /home/rob/project/csci5551-s26-team-pointbot/install/btcpp_ros2_interfaces/include/btcpp_ros2_interfaces/btcpp_ros2_interfaces/srv/detail/get_trees__rosidl_typesupport_introspection_c.h
[1.472s] -- Up-to-date: /home/rob/project/csci5551-s26-team-pointbot/install/btcpp_ros2_interfaces/lib/libbtcpp_ros2_interfaces__rosidl_typesupport_introspection_c.so
[1.473s] -- Up-to-date: /home/rob/project/csci5551-s26-team-pointbot/install/btcpp_ros2_interfaces/lib/libbtcpp_ros2_interfaces__rosidl_typesupport_c.so
[1.473s] -- Up-to-date: /home/rob/project/csci5551-s26-team-pointbot/install/btcpp_ros2_interfaces/include/btcpp_ros2_interfaces/btcpp_ros2_interfaces
[1.473s] -- Up-to-date: /home/rob/project/csci5551-s26-team-pointbot/install/btcpp_ros2_interfaces/include/btcpp_ros2_interfaces/btcpp_ros2_interfaces/action
[1.473s] -- Up-to-date: /home/rob/project/csci5551-s26-team-pointbot/install/btcpp_ros2_interfaces/include/btcpp_ros2_interfaces/btcpp_ros2_interfaces/action/execute_tree.hpp
[1.473s] -- Up-to-date: /home/rob/project/csci5551-s26-team-pointbot/install/btcpp_ros2_interfaces/include/btcpp_ros2_interfaces/btcpp_ros2_interfaces/action/sleep.hpp
[1.473s] -- Up-to-date: /home/rob/project/csci5551-s26-team-pointbot/install/btcpp_ros2_interfaces/include/btcpp_ros2_interfaces/btcpp_ros2_interfaces/action/detail
[1.473s] -- Up-to-date: /home/rob/project/csci5551-s26-team-pointbot/install/btcpp_ros2_interfaces/include/btcpp_ros2_interfaces/btcpp_ros2_interfaces/action/detail/sleep__builder.hpp
[1.473s] -- Up-to-date: /home/rob/project/csci5551-s26-team-pointbot/install/btcpp_ros2_interfaces/include/btcpp_ros2_interfaces/btcpp_ros2_interfaces/action/detail/execute_tree__traits.hpp
[1.473s] -- Up-to-date: /home/rob/project/csci5551-s26-team-pointbot/install/btcpp_ros2_interfaces/include/btcpp_ros2_interfaces/btcpp_ros2_interfaces/action/detail/execute_tree__struct.hpp
[1.473s] -- Up-to-date: /home/rob/project/csci5551-s26-team-pointbot/install/btcpp_ros2_interfaces/include/btcpp_ros2_interfaces/btcpp_ros2_interfaces/action/detail/sleep__struct.hpp
[1.473s] -- Up-to-date: /home/rob/project/csci5551-s26-team-pointbot/install/btcpp_ros2_interfaces/include/btcpp_ros2_interfaces/btcpp_ros2_interfaces/action/detail/sleep__type_support.hpp
[1.474s] -- Up-to-date: /home/rob/project/csci5551-s26-team-pointbot/install/btcpp_ros2_interfaces/include/btcpp_ros2_interfaces/btcpp_ros2_interfaces/action/detail/execute_tree__type_support.hpp
[1.474s] -- Up-to-date: /home/rob/project/csci5551-s26-team-pointbot/install/btcpp_ros2_interfaces/include/btcpp_ros2_interfaces/btcpp_ros2_interfaces/action/detail/execute_tree__builder.hpp
[1.474s] -- Up-to-date: /home/rob/project/csci5551-s26-team-pointbot/install/btcpp_ros2_interfaces/include/btcpp_ros2_interfaces/btcpp_ros2_interfaces/action/detail/sleep__traits.hpp
[1.474s] -- Up-to-date: /home/rob/project/csci5551-s26-team-pointbot/install/btcpp_ros2_interfaces/include/btcpp_ros2_interfaces/btcpp_ros2_interfaces/msg
[1.474s] -- Up-to-date: /home/rob/project/csci5551-s26-team-pointbot/install/btcpp_ros2_interfaces/include/btcpp_ros2_interfaces/btcpp_ros2_interfaces/msg/node_status.hpp
[1.474s] -- Up-to-date: /home/rob/project/csci5551-s26-team-pointbot/install/btcpp_ros2_interfaces/include/btcpp_ros2_interfaces/btcpp_ros2_interfaces/msg/rosidl_generator_cpp__visibility_control.hpp
[1.474s] -- Up-to-date: /home/rob/project/csci5551-s26-team-pointbot/install/btcpp_ros2_interfaces/include/btcpp_ros2_interfaces/btcpp_ros2_interfaces/msg/detail
[1.474s] -- Up-to-date: /home/rob/project/csci5551-s26-team-pointbot/install/btcpp_ros2_interfaces/include/btcpp_ros2_interfaces/btcpp_ros2_interfaces/msg/detail/node_status__builder.hpp
[1.474s] -- Up-to-date: /home/rob/project/csci5551-s26-team-pointbot/install/btcpp_ros2_interfaces/include/btcpp_ros2_interfaces/btcpp_ros2_interfaces/msg/detail/node_status__struct.hpp
[1.474s] -- Up-to-date: /home/rob/project/csci5551-s26-team-pointbot/install/btcpp_ros2_interfaces/include/btcpp_ros2_interfaces/btcpp_ros2_interfaces/msg/detail/node_status__traits.hpp
[1.474s] -- Up-to-date: /home/rob/project/csci5551-s26-team-pointbot/install/btcpp_ros2_interfaces/include/btcpp_ros2_interfaces/btcpp_ros2_interfaces/msg/detail/node_status__type_support.hpp
[1.474s] -- Up-to-date: /home/rob/project/csci5551-s26-team-pointbot/install/btcpp_ros2_interfaces/include/btcpp_ros2_interfaces/btcpp_ros2_interfaces/srv
[1.475s] -- Up-to-date: /home/rob/project/csci5551-s26-team-pointbot/install/btcpp_ros2_interfaces/include/btcpp_ros2_interfaces/btcpp_ros2_interfaces/srv/get_trees.hpp
[1.475s] -- Up-to-date: /home/rob/project/csci5551-s26-team-pointbot/install/btcpp_ros2_interfaces/include/btcpp_ros2_interfaces/btcpp_ros2_interfaces/srv/detail
[1.475s] -- Up-to-date: /home/rob/project/csci5551-s26-team-pointbot/install/btcpp_ros2_interfaces/include/btcpp_ros2_interfaces/btcpp_ros2_interfaces/srv/detail/get_trees__struct.hpp
[1.475s] -- Up-to-date: /home/rob/project/csci5551-s26-team-pointbot/install/btcpp_ros2_interfaces/include/btcpp_ros2_interfaces/btcpp_ros2_interfaces/srv/detail/get_trees__type_support.hpp
[1.475s] -- Up-to-date: /home/rob/project/csci5551-s26-team-pointbot/install/btcpp_ros2_interfaces/include/btcpp_ros2_interfaces/btcpp_ros2_interfaces/srv/detail/get_trees__builder.hpp
[1.475s] -- Up-to-date: /home/rob/project/csci5551-s26-team-pointbot/install/btcpp_ros2_interfaces/include/btcpp_ros2_interfaces/btcpp_ros2_interfaces/srv/detail/get_trees__traits.hpp
[1.475s] -- Up-to-date: /home/rob/project/csci5551-s26-team-pointbot/install/btcpp_ros2_interfaces/include/btcpp_ros2_interfaces/btcpp_ros2_interfaces
[1.475s] -- Up-to-date: /home/rob/project/csci5551-s26-team-pointbot/install/btcpp_ros2_interfaces/include/btcpp_ros2_interfaces/btcpp_ros2_interfaces/action
[1.475s] -- Up-to-date: /home/rob/project/csci5551-s26-team-pointbot/install/btcpp_ros2_interfaces/include/btcpp_ros2_interfaces/btcpp_ros2_interfaces/action/detail
[1.476s] -- Up-to-date: /home/rob/project/csci5551-s26-team-pointbot/install/btcpp_ros2_interfaces/include/btcpp_ros2_interfaces/btcpp_ros2_interfaces/action/detail/dds_fastrtps
[1.476s] -- Up-to-date: /home/rob/project/csci5551-s26-team-pointbot/install/btcpp_ros2_interfaces/include/btcpp_ros2_interfaces/btcpp_ros2_interfaces/action/detail/execute_tree__rosidl_typesupport_fastrtps_cpp.hpp
[1.476s] -- Up-to-date: /home/rob/project/csci5551-s26-team-pointbot/install/btcpp_ros2_interfaces/include/btcpp_ros2_interfaces/btcpp_ros2_interfaces/action/detail/sleep__rosidl_typesupport_fastrtps_cpp.hpp
[1.476s] -- Up-to-date: /home/rob/project/csci5551-s26-team-pointbot/install/btcpp_ros2_interfaces/include/btcpp_ros2_interfaces/btcpp_ros2_interfaces/msg
[1.476s] -- Up-to-date: /home/rob/project/csci5551-s26-team-pointbot/install/btcpp_ros2_interfaces/include/btcpp_ros2_interfaces/btcpp_ros2_interfaces/msg/rosidl_typesupport_fastrtps_cpp__visibility_control.h
[1.476s] -- Up-to-date: /home/rob/project/csci5551-s26-team-pointbot/install/btcpp_ros2_interfaces/include/btcpp_ros2_interfaces/btcpp_ros2_interfaces/msg/detail
[1.476s] -- Up-to-date: /home/rob/project/csci5551-s26-team-pointbot/install/btcpp_ros2_interfaces/include/btcpp_ros2_interfaces/btcpp_ros2_interfaces/msg/detail/dds_fastrtps
[1.476s] -- Up-to-date: /home/rob/project/csci5551-s26-team-pointbot/install/btcpp_ros2_interfaces/include/btcpp_ros2_interfaces/btcpp_ros2_interfaces/msg/detail/node_status__rosidl_typesupport_fastrtps_cpp.hpp
[1.476s] -- Up-to-date: /home/rob/project/csci5551-s26-team-pointbot/install/btcpp_ros2_interfaces/include/btcpp_ros2_interfaces/btcpp_ros2_interfaces/srv
[1.476s] -- Up-to-date: /home/rob/project/csci5551-s26-team-pointbot/install/btcpp_ros2_interfaces/include/btcpp_ros2_interfaces/btcpp_ros2_interfaces/srv/detail
[1.476s] -- Up-to-date: /home/rob/project/csci5551-s26-team-pointbot/install/btcpp_ros2_interfaces/include/btcpp_ros2_interfaces/btcpp_ros2_interfaces/srv/detail/dds_fastrtps
[1.477s] -- Up-to-date: /home/rob/project/csci5551-s26-team-pointbot/install/btcpp_ros2_interfaces/include/btcpp_ros2_interfaces/btcpp_ros2_interfaces/srv/detail/get_trees__rosidl_typesupport_fastrtps_cpp.hpp
[1.477s] -- Up-to-date: /home/rob/project/csci5551-s26-team-pointbot/install/btcpp_ros2_interfaces/lib/libbtcpp_ros2_interfaces__rosidl_typesupport_fastrtps_cpp.so
[1.477s] -- Up-to-date: /home/rob/project/csci5551-s26-team-pointbot/install/btcpp_ros2_interfaces/include/btcpp_ros2_interfaces/btcpp_ros2_interfaces
[1.477s] -- Up-to-date: /home/rob/project/csci5551-s26-team-pointbot/install/btcpp_ros2_interfaces/include/btcpp_ros2_interfaces/btcpp_ros2_interfaces/action
[1.477s] -- Up-to-date: /home/rob/project/csci5551-s26-team-pointbot/install/btcpp_ros2_interfaces/include/btcpp_ros2_interfaces/btcpp_ros2_interfaces/action/detail
[1.477s] -- Up-to-date: /home/rob/project/csci5551-s26-team-pointbot/install/btcpp_ros2_interfaces/include/btcpp_ros2_interfaces/btcpp_ros2_interfaces/action/detail/execute_tree__rosidl_typesupport_introspection_cpp.hpp
[1.477s] -- Up-to-date: /home/rob/project/csci5551-s26-team-pointbot/install/btcpp_ros2_interfaces/include/btcpp_ros2_interfaces/btcpp_ros2_interfaces/action/detail/execute_tree__type_support.cpp
[1.477s] -- Up-to-date: /home/rob/project/csci5551-s26-team-pointbot/install/btcpp_ros2_interfaces/include/btcpp_ros2_interfaces/btcpp_ros2_interfaces/action/detail/sleep__type_support.cpp
[1.477s] -- Up-to-date: /home/rob/project/csci5551-s26-team-pointbot/install/btcpp_ros2_interfaces/include/btcpp_ros2_interfaces/btcpp_ros2_interfaces/action/detail/sleep__rosidl_typesupport_introspection_cpp.hpp
[1.477s] -- Up-to-date: /home/rob/project/csci5551-s26-team-pointbot/install/btcpp_ros2_interfaces/include/btcpp_ros2_interfaces/btcpp_ros2_interfaces/msg
[1.477s] -- Up-to-date: /home/rob/project/csci5551-s26-team-pointbot/install/btcpp_ros2_interfaces/include/btcpp_ros2_interfaces/btcpp_ros2_interfaces/msg/detail
[1.477s] -- Up-to-date: /home/rob/project/csci5551-s26-team-pointbot/install/btcpp_ros2_interfaces/include/btcpp_ros2_interfaces/btcpp_ros2_interfaces/msg/detail/node_status__type_support.cpp
[1.478s] -- Up-to-date: /home/rob/project/csci5551-s26-team-pointbot/install/btcpp_ros2_interfaces/include/btcpp_ros2_interfaces/btcpp_ros2_interfaces/msg/detail/node_status__rosidl_typesupport_introspection_cpp.hpp
[1.478s] -- Up-to-date: /home/rob/project/csci5551-s26-team-pointbot/install/btcpp_ros2_interfaces/include/btcpp_ros2_interfaces/btcpp_ros2_interfaces/srv
[1.478s] -- Up-to-date: /home/rob/project/csci5551-s26-team-pointbot/install/btcpp_ros2_interfaces/include/btcpp_ros2_interfaces/btcpp_ros2_interfaces/srv/detail
[1.478s] -- Up-to-date: /home/rob/project/csci5551-s26-team-pointbot/install/btcpp_ros2_interfaces/include/btcpp_ros2_interfaces/btcpp_ros2_interfaces/srv/detail/get_trees__type_support.cpp
[1.478s] -- Up-to-date: /home/rob/project/csci5551-s26-team-pointbot/install/btcpp_ros2_interfaces/include/btcpp_ros2_interfaces/btcpp_ros2_interfaces/srv/detail/get_trees__rosidl_typesupport_introspection_cpp.hpp
[1.478s] -- Up-to-date: /home/rob/project/csci5551-s26-team-pointbot/install/btcpp_ros2_interfaces/lib/libbtcpp_ros2_interfaces__rosidl_typesupport_introspection_cpp.so
[1.478s] -- Up-to-date: /home/rob/project/csci5551-s26-team-pointbot/install/btcpp_ros2_interfaces/lib/libbtcpp_ros2_interfaces__rosidl_typesupport_cpp.so
[1.478s] -- Up-to-date: /home/rob/project/csci5551-s26-team-pointbot/install/btcpp_ros2_interfaces/share/btcpp_ros2_interfaces/environment/pythonpath.sh
[1.478s] -- Up-to-date: /home/rob/project/csci5551-s26-team-pointbot/install/btcpp_ros2_interfaces/share/btcpp_ros2_interfaces/environment/pythonpath.dsv
[1.478s] -- Up-to-date: /home/rob/project/csci5551-s26-team-pointbot/install/btcpp_ros2_interfaces/lib/python3.12/site-packages/btcpp_ros2_interfaces-0.3.0-py3.12.egg-info
[1.478s] -- Installing: /home/rob/project/csci5551-s26-team-pointbot/install/btcpp_ros2_interfaces/lib/python3.12/site-packages/btcpp_ros2_interfaces-0.3.0-py3.12.egg-info/PKG-INFO
[1.479s] -- Installing: /home/rob/project/csci5551-s26-team-pointbot/install/btcpp_ros2_interfaces/lib/python3.12/site-packages/btcpp_ros2_interfaces-0.3.0-py3.12.egg-info/dependency_links.txt
[1.479s] -- Installing: /home/rob/project/csci5551-s26-team-pointbot/install/btcpp_ros2_interfaces/lib/python3.12/site-packages/btcpp_ros2_interfaces-0.3.0-py3.12.egg-info/SOURCES.txt
[1.479s] -- Installing: /home/rob/project/csci5551-s26-team-pointbot/install/btcpp_ros2_interfaces/lib/python3.12/site-packages/btcpp_ros2_interfaces-0.3.0-py3.12.egg-info/top_level.txt
[1.479s] -- Up-to-date: /home/rob/project/csci5551-s26-team-pointbot/install/btcpp_ros2_interfaces/lib/python3.12/site-packages/btcpp_ros2_interfaces
[1.479s] -- Up-to-date: /home/rob/project/csci5551-s26-team-pointbot/install/btcpp_ros2_interfaces/lib/python3.12/site-packages/btcpp_ros2_interfaces/btcpp_ros2_interfaces_s__rosidl_typesupport_fastrtps_c.so
[1.479s] -- Up-to-date: /home/rob/project/csci5551-s26-team-pointbot/install/btcpp_ros2_interfaces/lib/python3.12/site-packages/btcpp_ros2_interfaces/_btcpp_ros2_interfaces_s.ep.rosidl_typesupport_fastrtps_c.c
[1.479s] -- Up-to-date: /home/rob/project/csci5551-s26-team-pointbot/install/btcpp_ros2_interfaces/lib/python3.12/site-packages/btcpp_ros2_interfaces/btcpp_ros2_interfaces_s__rosidl_typesupport_introspection_c.so
[1.479s] -- Up-to-date: /home/rob/project/csci5551-s26-team-pointbot/install/btcpp_ros2_interfaces/lib/python3.12/site-packages/btcpp_ros2_interfaces/btcpp_ros2_interfaces_s__rosidl_typesupport_c.so
[1.479s] -- Up-to-date: /home/rob/project/csci5551-s26-team-pointbot/install/btcpp_ros2_interfaces/lib/python3.12/site-packages/btcpp_ros2_interfaces/__init__.py
[1.479s] -- Up-to-date: /home/rob/project/csci5551-s26-team-pointbot/install/btcpp_ros2_interfaces/lib/python3.12/site-packages/btcpp_ros2_interfaces/action
[1.479s] -- Up-to-date: /home/rob/project/csci5551-s26-team-pointbot/install/btcpp_ros2_interfaces/lib/python3.12/site-packages/btcpp_ros2_interfaces/action/_sleep_s.c
[1.479s] -- Up-to-date: /home/rob/project/csci5551-s26-team-pointbot/install/btcpp_ros2_interfaces/lib/python3.12/site-packages/btcpp_ros2_interfaces/action/__init__.py
[1.480s] -- Up-to-date: /home/rob/project/csci5551-s26-team-pointbot/install/btcpp_ros2_interfaces/lib/python3.12/site-packages/btcpp_ros2_interfaces/action/_sleep.py
[1.480s] -- Up-to-date: /home/rob/project/csci5551-s26-team-pointbot/install/btcpp_ros2_interfaces/lib/python3.12/site-packages/btcpp_ros2_interfaces/action/_execute_tree_s.c
[1.480s] -- Up-to-date: /home/rob/project/csci5551-s26-team-pointbot/install/btcpp_ros2_interfaces/lib/python3.12/site-packages/btcpp_ros2_interfaces/action/_execute_tree.py
[1.480s] -- Up-to-date: /home/rob/project/csci5551-s26-team-pointbot/install/btcpp_ros2_interfaces/lib/python3.12/site-packages/btcpp_ros2_interfaces/msg
[1.480s] -- Up-to-date: /home/rob/project/csci5551-s26-team-pointbot/install/btcpp_ros2_interfaces/lib/python3.12/site-packages/btcpp_ros2_interfaces/msg/_node_status.py
[1.480s] -- Up-to-date: /home/rob/project/csci5551-s26-team-pointbot/install/btcpp_ros2_interfaces/lib/python3.12/site-packages/btcpp_ros2_interfaces/msg/__init__.py
[1.480s] -- Up-to-date: /home/rob/project/csci5551-s26-team-pointbot/install/btcpp_ros2_interfaces/lib/python3.12/site-packages/btcpp_ros2_interfaces/msg/_node_status_s.c
[1.480s] -- Up-to-date: /home/rob/project/csci5551-s26-team-pointbot/install/btcpp_ros2_interfaces/lib/python3.12/site-packages/btcpp_ros2_interfaces/_btcpp_ros2_interfaces_s.ep.rosidl_typesupport_c.c
[1.480s] -- Up-to-date: /home/rob/project/csci5551-s26-team-pointbot/install/btcpp_ros2_interfaces/lib/python3.12/site-packages/btcpp_ros2_interfaces/_btcpp_ros2_interfaces_s.ep.rosidl_typesupport_introspection_c.c
[1.480s] -- Up-to-date: /home/rob/project/csci5551-s26-team-pointbot/install/btcpp_ros2_interfaces/lib/python3.12/site-packages/btcpp_ros2_interfaces/srv
[1.480s] -- Up-to-date: /home/rob/project/csci5551-s26-team-pointbot/install/btcpp_ros2_interfaces/lib/python3.12/site-packages/btcpp_ros2_interfaces/srv/__init__.py
[1.481s] -- Up-to-date: /home/rob/project/csci5551-s26-team-pointbot/install/btcpp_ros2_interfaces/lib/python3.12/site-packages/btcpp_ros2_interfaces/srv/_get_trees_s.c
[1.481s] -- Up-to-date: /home/rob/project/csci5551-s26-team-pointbot/install/btcpp_ros2_interfaces/lib/python3.12/site-packages/btcpp_ros2_interfaces/srv/_get_trees.py
[1.533s] Listing '/home/rob/project/csci5551-s26-team-pointbot/install/btcpp_ros2_interfaces/lib/python3.12/site-packages/btcpp_ros2_interfaces'...
[1.533s] Listing '/home/rob/project/csci5551-s26-team-pointbot/install/btcpp_ros2_interfaces/lib/python3.12/site-packages/btcpp_ros2_interfaces/action'...
[1.534s] Listing '/home/rob/project/csci5551-s26-team-pointbot/install/btcpp_ros2_interfaces/lib/python3.12/site-packages/btcpp_ros2_interfaces/msg'...
[1.534s] Listing '/home/rob/project/csci5551-s26-team-pointbot/install/btcpp_ros2_interfaces/lib/python3.12/site-packages/btcpp_ros2_interfaces/srv'...
[1.544s] -- Up-to-date: /home/rob/project/csci5551-s26-team-pointbot/install/btcpp_ros2_interfaces/lib/python3.12/site-packages/btcpp_ros2_interfaces/btcpp_ros2_interfaces_s__rosidl_typesupport_fastrtps_c.so
[1.545s] -- Up-to-date: /home/rob/project/csci5551-s26-team-pointbot/install/btcpp_ros2_interfaces/lib/python3.12/site-packages/btcpp_ros2_interfaces/btcpp_ros2_interfaces_s__rosidl_typesupport_introspection_c.so
[1.545s] -- Up-to-date: /home/rob/project/csci5551-s26-team-pointbot/install/btcpp_ros2_interfaces/lib/python3.12/site-packages/btcpp_ros2_interfaces/btcpp_ros2_interfaces_s__rosidl_typesupport_c.so
[1.545s] -- Up-to-date: /home/rob/project/csci5551-s26-team-pointbot/install/btcpp_ros2_interfaces/lib/libbtcpp_ros2_interfaces__rosidl_generator_py.so
[1.546s] -- Up-to-date: /home/rob/project/csci5551-s26-team-pointbot/install/btcpp_ros2_interfaces/share/ament_index/resource_index/rust_packages/btcpp_ros2_interfaces
[1.546s] -- Up-to-date: /home/rob/project/csci5551-s26-team-pointbot/install/btcpp_ros2_interfaces/share/btcpp_ros2_interfaces/rust
[1.546s] -- Up-to-date: /home/rob/project/csci5551-s26-team-pointbot/install/btcpp_ros2_interfaces/share/btcpp_ros2_interfaces/rust/Cargo.toml
[1.546s] -- Up-to-date: /home/rob/project/csci5551-s26-team-pointbot/install/btcpp_ros2_interfaces/share/btcpp_ros2_interfaces/rust/src
[1.547s] -- Up-to-date: /home/rob/project/csci5551-s26-team-pointbot/install/btcpp_ros2_interfaces/share/btcpp_ros2_interfaces/rust/src/lib.rs
[1.547s] -- Up-to-date: /home/rob/project/csci5551-s26-team-pointbot/install/btcpp_ros2_interfaces/share/btcpp_ros2_interfaces/rust/src/msg.rs
[1.547s] -- Up-to-date: /home/rob/project/csci5551-s26-team-pointbot/install/btcpp_ros2_interfaces/share/btcpp_ros2_interfaces/rust/src/srv.rs
[1.548s] -- Up-to-date: /home/rob/project/csci5551-s26-team-pointbot/install/btcpp_ros2_interfaces/share/btcpp_ros2_interfaces/rust/src/action
[1.548s] -- Up-to-date: /home/rob/project/csci5551-s26-team-pointbot/install/btcpp_ros2_interfaces/share/btcpp_ros2_interfaces/rust/src/action/rmw.rs
[1.548s] -- Up-to-date: /home/rob/project/csci5551-s26-team-pointbot/install/btcpp_ros2_interfaces/share/btcpp_ros2_interfaces/rust/src/action.rs
[1.548s] -- Up-to-date: /home/rob/project/csci5551-s26-team-pointbot/install/btcpp_ros2_interfaces/share/btcpp_ros2_interfaces/rust/src/msg
[1.549s] -- Up-to-date: /home/rob/project/csci5551-s26-team-pointbot/install/btcpp_ros2_interfaces/share/btcpp_ros2_interfaces/rust/src/msg/rmw.rs
[1.549s] -- Up-to-date: /home/rob/project/csci5551-s26-team-pointbot/install/btcpp_ros2_interfaces/share/btcpp_ros2_interfaces/rust/src/srv
[1.549s] -- Up-to-date: /home/rob/project/csci5551-s26-team-pointbot/install/btcpp_ros2_interfaces/share/btcpp_ros2_interfaces/rust/src/srv/rmw.rs
[1.549s] -- Up-to-date: /home/rob/project/csci5551-s26-team-pointbot/install/btcpp_ros2_interfaces/share/btcpp_ros2_interfaces/rust/build.rs
[1.549s] -- Up-to-date: /home/rob/project/csci5551-s26-team-pointbot/install/btcpp_ros2_interfaces/share/btcpp_ros2_interfaces/msg/NodeStatus.idl
[1.550s] -- Up-to-date: /home/rob/project/csci5551-s26-team-pointbot/install/btcpp_ros2_interfaces/share/btcpp_ros2_interfaces/srv/GetTrees.idl
[1.550s] -- Up-to-date: /home/rob/project/csci5551-s26-team-pointbot/install/btcpp_ros2_interfaces/share/btcpp_ros2_interfaces/action/ExecuteTree.idl
[1.550s] -- Up-to-date: /home/rob/project/csci5551-s26-team-pointbot/install/btcpp_ros2_interfaces/share/btcpp_ros2_interfaces/action/Sleep.idl
[1.550s] -- Up-to-date: /home/rob/project/csci5551-s26-team-pointbot/install/btcpp_ros2_interfaces/share/btcpp_ros2_interfaces/msg/NodeStatus.msg
[1.551s] -- Up-to-date: /home/rob/project/csci5551-s26-team-pointbot/install/btcpp_ros2_interfaces/share/btcpp_ros2_interfaces/srv/GetTrees.srv
[1.553s] -- Up-to-date: /home/rob/project/csci5551-s26-team-pointbot/install/btcpp_ros2_interfaces/share/btcpp_ros2_interfaces/action/ExecuteTree.action
[1.553s] -- Up-to-date: /home/rob/project/csci5551-s26-team-pointbot/install/btcpp_ros2_interfaces/share/btcpp_ros2_interfaces/action/Sleep.action
[1.553s] -- Up-to-date: /home/rob/project/csci5551-s26-team-pointbot/install/btcpp_ros2_interfaces/share/ament_index/resource_index/package_run_dependencies/btcpp_ros2_interfaces
[1.554s] -- Up-to-date: /home/rob/project/csci5551-s26-team-pointbot/install/btcpp_ros2_interfaces/share/ament_index/resource_index/parent_prefix_path/btcpp_ros2_interfaces
[1.554s] -- Up-to-date: /home/rob/project/csci5551-s26-team-pointbot/install/btcpp_ros2_interfaces/share/btcpp_ros2_interfaces/environment/ament_prefix_path.sh
[1.554s] -- Up-to-date: /home/rob/project/csci5551-s26-team-pointbot/install/btcpp_ros2_interfaces/share/btcpp_ros2_interfaces/environment/ament_prefix_path.dsv
[1.554s] -- Up-to-date: /home/rob/project/csci5551-s26-team-pointbot/install/btcpp_ros2_interfaces/share/btcpp_ros2_interfaces/environment/path.sh
[1.554s] -- Up-to-date: /home/rob/project/csci5551-s26-team-pointbot/install/btcpp_ros2_interfaces/share/btcpp_ros2_interfaces/environment/path.dsv
[1.555s] -- Up-to-date: /home/rob/project/csci5551-s26-team-pointbot/install/btcpp_ros2_interfaces/share/btcpp_ros2_interfaces/local_setup.bash
[1.555s] -- Up-to-date: /home/rob/project/csci5551-s26-team-pointbot/install/btcpp_ros2_interfaces/share/btcpp_ros2_interfaces/local_setup.sh
[1.555s] -- Up-to-date: /home/rob/project/csci5551-s26-team-pointbot/install/btcpp_ros2_interfaces/share/btcpp_ros2_interfaces/local_setup.zsh
[1.555s] -- Up-to-date: /home/rob/project/csci5551-s26-team-pointbot/install/btcpp_ros2_interfaces/share/btcpp_ros2_interfaces/local_setup.dsv
[1.555s] -- Installing: /home/rob/project/csci5551-s26-team-pointbot/install/btcpp_ros2_interfaces/share/btcpp_ros2_interfaces/package.dsv
[1.555s] -- Up-to-date: /home/rob/project/csci5551-s26-team-pointbot/install/btcpp_ros2_interfaces/share/ament_index/resource_index/packages/btcpp_ros2_interfaces
[1.555s] -- Up-to-date: /home/rob/project/csci5551-s26-team-pointbot/install/btcpp_ros2_interfaces/share/btcpp_ros2_interfaces/cmake/export_btcpp_ros2_interfaces__rosidl_generator_cExport.cmake
[1.556s] -- Up-to-date: /home/rob/project/csci5551-s26-team-pointbot/install/btcpp_ros2_interfaces/share/btcpp_ros2_interfaces/cmake/export_btcpp_ros2_interfaces__rosidl_generator_cExport-noconfig.cmake
[1.556s] -- Up-to-date: /home/rob/project/csci5551-s26-team-pointbot/install/btcpp_ros2_interfaces/share/btcpp_ros2_interfaces/cmake/export_btcpp_ros2_interfaces__rosidl_typesupport_fastrtps_cExport.cmake
[1.556s] -- Up-to-date: /home/rob/project/csci5551-s26-team-pointbot/install/btcpp_ros2_interfaces/share/btcpp_ros2_interfaces/cmake/export_btcpp_ros2_interfaces__rosidl_typesupport_fastrtps_cExport-noconfig.cmake
[1.556s] -- Up-to-date: /home/rob/project/csci5551-s26-team-pointbot/install/btcpp_ros2_interfaces/share/btcpp_ros2_interfaces/cmake/btcpp_ros2_interfaces__rosidl_typesupport_introspection_cExport.cmake
[1.556s] -- Up-to-date: /home/rob/project/csci5551-s26-team-pointbot/install/btcpp_ros2_interfaces/share/btcpp_ros2_interfaces/cmake/btcpp_ros2_interfaces__rosidl_typesupport_introspection_cExport-noconfig.cmake
[1.556s] -- Up-to-date: /home/rob/project/csci5551-s26-team-pointbot/install/btcpp_ros2_interfaces/share/btcpp_ros2_interfaces/cmake/btcpp_ros2_interfaces__rosidl_typesupport_cExport.cmake
[1.556s] -- Up-to-date: /home/rob/project/csci5551-s26-team-pointbot/install/btcpp_ros2_interfaces/share/btcpp_ros2_interfaces/cmake/btcpp_ros2_interfaces__rosidl_typesupport_cExport-noconfig.cmake
[1.557s] -- Up-to-date: /home/rob/project/csci5551-s26-team-pointbot/install/btcpp_ros2_interfaces/share/btcpp_ros2_interfaces/cmake/export_btcpp_ros2_interfaces__rosidl_generator_cppExport.cmake
[1.557s] -- Up-to-date: /home/rob/project/csci5551-s26-team-pointbot/install/btcpp_ros2_interfaces/share/btcpp_ros2_interfaces/cmake/export_btcpp_ros2_interfaces__rosidl_typesupport_fastrtps_cppExport.cmake
[1.557s] -- Up-to-date: /home/rob/project/csci5551-s26-team-pointbot/install/btcpp_ros2_interfaces/share/btcpp_ros2_interfaces/cmake/export_btcpp_ros2_interfaces__rosidl_typesupport_fastrtps_cppExport-noconfig.cmake
[1.557s] -- Up-to-date: /home/rob/project/csci5551-s26-team-pointbot/install/btcpp_ros2_interfaces/share/btcpp_ros2_interfaces/cmake/btcpp_ros2_interfaces__rosidl_typesupport_introspection_cppExport.cmake
[1.557s] -- Up-to-date: /home/rob/project/csci5551-s26-team-pointbot/install/btcpp_ros2_interfaces/share/btcpp_ros2_interfaces/cmake/btcpp_ros2_interfaces__rosidl_typesupport_introspection_cppExport-noconfig.cmake
[1.557s] -- Up-to-date: /home/rob/project/csci5551-s26-team-pointbot/install/btcpp_ros2_interfaces/share/btcpp_ros2_interfaces/cmake/btcpp_ros2_interfaces__rosidl_typesupport_cppExport.cmake
[1.557s] -- Up-to-date: /home/rob/project/csci5551-s26-team-pointbot/install/btcpp_ros2_interfaces/share/btcpp_ros2_interfaces/cmake/btcpp_ros2_interfaces__rosidl_typesupport_cppExport-noconfig.cmake
[1.557s] -- Up-to-date: /home/rob/project/csci5551-s26-team-pointbot/install/btcpp_ros2_interfaces/share/btcpp_ros2_interfaces/cmake/export_btcpp_ros2_interfaces__rosidl_generator_pyExport.cmake
[1.558s] -- Up-to-date: /home/rob/project/csci5551-s26-team-pointbot/install/btcpp_ros2_interfaces/share/btcpp_ros2_interfaces/cmake/export_btcpp_ros2_interfaces__rosidl_generator_pyExport-noconfig.cmake
[1.558s] -- Up-to-date: /home/rob/project/csci5551-s26-team-pointbot/install/btcpp_ros2_interfaces/share/btcpp_ros2_interfaces/cmake/rosidl_cmake-extras.cmake
[1.558s] -- Up-to-date: /home/rob/project/csci5551-s26-team-pointbot/install/btcpp_ros2_interfaces/share/btcpp_ros2_interfaces/cmake/ament_cmake_export_dependencies-extras.cmake
[1.558s] -- Up-to-date: /home/rob/project/csci5551-s26-team-pointbot/install/btcpp_ros2_interfaces/share/btcpp_ros2_interfaces/cmake/ament_cmake_export_include_directories-extras.cmake
[1.558s] -- Up-to-date: /home/rob/project/csci5551-s26-team-pointbot/install/btcpp_ros2_interfaces/share/btcpp_ros2_interfaces/cmake/ament_cmake_export_libraries-extras.cmake
[1.558s] -- Up-to-date: /home/rob/project/csci5551-s26-team-pointbot/install/btcpp_ros2_interfaces/share/btcpp_ros2_interfaces/cmake/ament_cmake_export_targets-extras.cmake
[1.558s] -- Up-to-date: /home/rob/project/csci5551-s26-team-pointbot/install/btcpp_ros2_interfaces/share/btcpp_ros2_interfaces/cmake/rosidl_cmake_export_typesupport_targets-extras.cmake
[1.558s] -- Up-to-date: /home/rob/project/csci5551-s26-team-pointbot/install/btcpp_ros2_interfaces/share/btcpp_ros2_interfaces/cmake/rosidl_cmake_export_typesupport_libraries-extras.cmake
[1.558s] -- Up-to-date: /home/rob/project/csci5551-s26-team-pointbot/install/btcpp_ros2_interfaces/share/btcpp_ros2_interfaces/cmake/btcpp_ros2_interfacesConfig.cmake
[1.558s] -- Up-to-date: /home/rob/project/csci5551-s26-team-pointbot/install/btcpp_ros2_interfaces/share/btcpp_ros2_interfaces/cmake/btcpp_ros2_interfacesConfig-version.cmake
[1.559s] -- Up-to-date: /home/rob/project/csci5551-s26-team-pointbot/install/btcpp_ros2_interfaces/share/btcpp_ros2_interfaces/package.xml
[1.559s] Invoked command in '/home/rob/project/csci5551-s26-team-pointbot/build/btcpp_ros2_interfaces' returned '0': CMAKE_PREFIX_PATH=${CMAKE_PREFIX_PATH}:/home/rob/project/csci5551-s26-team-pointbot/install/planning:/home/rob/project/csci5551-s26-team-pointbot/install/perception:/home/rob/project/csci5551-s26-team-pointbot/install/pointbot_rviz:/home/rob/project/csci5551-s26-team-pointbot/install/uf_ros_lib:/opt/ros/jazzy DEBUGINFOD_URLS=https://debuginfod.ubuntu.com /usr/bin/cmake --install /home/rob/project/csci5551-s26-team-pointbot/build/btcpp_ros2_interfaces
