[0.044s] Invoking command in '/home/rob/project/csci5551-s26-team-pointbot/build/xarm_moveit_config': AMENT_PREFIX_PATH=/home/rob/project/csci5551-s26-team-pointbot/install/uf_ros_lib:/home/rob/project/csci5551-s26-team-pointbot/install/xarm_gazebo:/home/rob/project/csci5551-s26-team-pointbot/install/pointbot_rviz:/home/rob/project/csci5551-s26-team-pointbot/install/xarm_moveit_config:/home/rob/project/csci5551-s26-team-pointbot/install/xarm_controller:/home/rob/project/csci5551-s26-team-pointbot/install/xarm_api:/home/rob/project/csci5551-s26-team-pointbot/install/xarm_sdk:/home/rob/project/csci5551-s26-team-pointbot/install/xarm_msgs:/home/rob/project/csci5551-s26-team-pointbot/install/xarm_description:/opt/ros/jazzy CMAKE_PREFIX_PATH=/home/rob/project/csci5551-s26-team-pointbot/install/xarm_gazebo:/home/rob/project/csci5551-s26-team-pointbot/install/xarm_controller:/home/rob/project/csci5551-s26-team-pointbot/install/xarm_api:/home/rob/project/csci5551-s26-team-pointbot/install/xarm_sdk:/home/rob/project/csci5551-s26-team-pointbot/install/xarm_msgs:/home/rob/project/csci5551-s26-team-pointbot/install/xarm_description:/home/rob/project/csci5551-s26-team-pointbot/install/xarm_moveit_config:/opt/ros/jazzy/opt/gz_sim_vendor:/opt/ros/jazzy/opt/gz_sensors_vendor:/opt/ros/jazzy/opt/gz_physics_vendor:/opt/ros/jazzy/opt/sdformat_vendor:/opt/ros/jazzy/opt/gz_gui_vendor:/opt/ros/jazzy/opt/gz_transport_vendor:/opt/ros/jazzy/opt/gz_rendering_vendor:/opt/ros/jazzy/opt/gz_plugin_vendor:/opt/ros/jazzy/opt/gz_fuel_tools_vendor:/opt/ros/jazzy/opt/gz_msgs_vendor:/opt/ros/jazzy/opt/gz_common_vendor:/opt/ros/jazzy/opt/gz_math_vendor:/opt/ros/jazzy/opt/gz_utils_vendor:/opt/ros/jazzy/opt/gz_tools_vendor:/opt/ros/jazzy/opt/gz_ogre_next_vendor:/opt/ros/jazzy/opt/gz_dartsim_vendor:/opt/ros/jazzy/opt/gz_cmake_vendor:/home/rob/project/csci5551-s26-team-pointbot/install/pointbot_rviz:/home/rob/project/csci5551-s26-team-pointbot/install/uf_ros_lib:/opt/ros/jazzy DEBUGINFOD_URLS=https://debuginfod.ubuntu.com LD_LIBRARY_PATH=/home/rob/project/csci5551-s26-team-pointbot/install/xarm_gazebo/lib:/home/rob/project/csci5551-s26-team-pointbot/install/xarm_controller/lib:/home/rob/project/csci5551-s26-team-pointbot/install/xarm_api/lib:/home/rob/project/csci5551-s26-team-pointbot/install/xarm_sdk/lib:/home/rob/project/csci5551-s26-team-pointbot/install/xarm_msgs/lib:/opt/ros/jazzy/opt/gz_sim_vendor/lib:/opt/ros/jazzy/opt/gz_sensors_vendor/lib:/opt/ros/jazzy/opt/gz_physics_vendor/lib:/opt/ros/jazzy/opt/sdformat_vendor/lib:/opt/ros/jazzy/opt/rviz_ogre_vendor/lib:/opt/ros/jazzy/lib/x86_64-linux-gnu:/opt/ros/jazzy/opt/gz_gui_vendor/lib:/opt/ros/jazzy/opt/gz_transport_vendor/lib:/opt/ros/jazzy/opt/gz_rendering_vendor/lib:/opt/ros/jazzy/opt/gz_plugin_vendor/lib:/opt/ros/jazzy/opt/gz_fuel_tools_vendor/lib:/opt/ros/jazzy/opt/gz_msgs_vendor/lib:/opt/ros/jazzy/opt/gz_common_vendor/lib:/opt/ros/jazzy/opt/gz_math_vendor/lib:/opt/ros/jazzy/opt/gz_utils_vendor/lib:/opt/ros/jazzy/opt/gz_tools_vendor/lib:/opt/ros/jazzy/opt/gz_ogre_next_vendor/lib:/opt/ros/jazzy/opt/gz_dartsim_vendor/lib:/opt/ros/jazzy/opt/gz_cmake_vendor/lib:/opt/ros/jazzy/lib:/usr/local/cuda-12.8/lib64’ PYTHONPATH=/home/rob/project/csci5551-s26-team-pointbot/install/xarm_msgs/lib/python3.12/site-packages:/home/rob/project/csci5551-s26-team-pointbot/install/uf_ros_lib/lib/python3.12/site-packages:/opt/ros/jazzy/lib/python3.12/site-packages /usr/bin/cmake /home/rob/project/csci5551-s26-team-pointbot/src/xarm_ros2/xarm_moveit_config -DCMAKE_INSTALL_PREFIX=/home/rob/project/csci5551-s26-team-pointbot/install/xarm_moveit_config
[0.154s] -- The C compiler identification is GNU 13.3.0
[0.261s] -- The CXX compiler identification is GNU 13.3.0
[0.295s] -- Detecting C compiler ABI info
[0.503s] -- Detecting C compiler ABI info - done
[0.526s] -- Check for working C compiler: /usr/bin/cc - skipped
[0.526s] -- Detecting C compile features
[0.527s] -- Detecting C compile features - done
[0.547s] -- Detecting CXX compiler ABI info
[0.755s] -- Detecting CXX compiler ABI info - done
[0.786s] -- Check for working CXX compiler: /usr/bin/c++ - skipped
[0.787s] -- Detecting CXX compile features
[0.789s] -- Detecting CXX compile features - done
[0.803s] -- Found ament_cmake: 2.5.6 (/opt/ros/jazzy/share/ament_cmake/cmake)
[1.111s] -- Found Python3: /usr/bin/python3 (found version "3.12.3") found components: Interpreter 
[1.334s] -- Found ament_lint_auto: 0.17.5 (/opt/ros/jazzy/share/ament_lint_auto/cmake)
[1.543s] -- Added test 'copyright' to check source files copyright and LICENSE
[1.556s] -- Added test 'flake8' to check Python code syntax and style conventions
[1.556s] -- Configured 'flake8' exclude dirs and/or files: 
[1.558s] -- Added test 'lint_cmake' to check CMake code style
[1.560s] -- Added test 'pep257' to check Python code against some of the docstring style conventions in PEP 257
[1.567s] -- Added test 'xmllint' to check XML markup files
[1.570s] -- Configuring done (1.5s)
[1.575s] -- Generating done (0.0s)
[1.578s] -- Build files have been written to: /home/rob/project/csci5551-s26-team-pointbot/build/xarm_moveit_config
[1.587s] Invoked command in '/home/rob/project/csci5551-s26-team-pointbot/build/xarm_moveit_config' returned '0': AMENT_PREFIX_PATH=/home/rob/project/csci5551-s26-team-pointbot/install/uf_ros_lib:/home/rob/project/csci5551-s26-team-pointbot/install/xarm_gazebo:/home/rob/project/csci5551-s26-team-pointbot/install/pointbot_rviz:/home/rob/project/csci5551-s26-team-pointbot/install/xarm_moveit_config:/home/rob/project/csci5551-s26-team-pointbot/install/xarm_controller:/home/rob/project/csci5551-s26-team-pointbot/install/xarm_api:/home/rob/project/csci5551-s26-team-pointbot/install/xarm_sdk:/home/rob/project/csci5551-s26-team-pointbot/install/xarm_msgs:/home/rob/project/csci5551-s26-team-pointbot/install/xarm_description:/opt/ros/jazzy CMAKE_PREFIX_PATH=/home/rob/project/csci5551-s26-team-pointbot/install/xarm_gazebo:/home/rob/project/csci5551-s26-team-pointbot/install/xarm_controller:/home/rob/project/csci5551-s26-team-pointbot/install/xarm_api:/home/rob/project/csci5551-s26-team-pointbot/install/xarm_sdk:/home/rob/project/csci5551-s26-team-pointbot/install/xarm_msgs:/home/rob/project/csci5551-s26-team-pointbot/install/xarm_description:/home/rob/project/csci5551-s26-team-pointbot/install/xarm_moveit_config:/opt/ros/jazzy/opt/gz_sim_vendor:/opt/ros/jazzy/opt/gz_sensors_vendor:/opt/ros/jazzy/opt/gz_physics_vendor:/opt/ros/jazzy/opt/sdformat_vendor:/opt/ros/jazzy/opt/gz_gui_vendor:/opt/ros/jazzy/opt/gz_transport_vendor:/opt/ros/jazzy/opt/gz_rendering_vendor:/opt/ros/jazzy/opt/gz_plugin_vendor:/opt/ros/jazzy/opt/gz_fuel_tools_vendor:/opt/ros/jazzy/opt/gz_msgs_vendor:/opt/ros/jazzy/opt/gz_common_vendor:/opt/ros/jazzy/opt/gz_math_vendor:/opt/ros/jazzy/opt/gz_utils_vendor:/opt/ros/jazzy/opt/gz_tools_vendor:/opt/ros/jazzy/opt/gz_ogre_next_vendor:/opt/ros/jazzy/opt/gz_dartsim_vendor:/opt/ros/jazzy/opt/gz_cmake_vendor:/home/rob/project/csci5551-s26-team-pointbot/install/pointbot_rviz:/home/rob/project/csci5551-s26-team-pointbot/install/uf_ros_lib:/opt/ros/jazzy DEBUGINFOD_URLS=https://debuginfod.ubuntu.com LD_LIBRARY_PATH=/home/rob/project/csci5551-s26-team-pointbot/install/xarm_gazebo/lib:/home/rob/project/csci5551-s26-team-pointbot/install/xarm_controller/lib:/home/rob/project/csci5551-s26-team-pointbot/install/xarm_api/lib:/home/rob/project/csci5551-s26-team-pointbot/install/xarm_sdk/lib:/home/rob/project/csci5551-s26-team-pointbot/install/xarm_msgs/lib:/opt/ros/jazzy/opt/gz_sim_vendor/lib:/opt/ros/jazzy/opt/gz_sensors_vendor/lib:/opt/ros/jazzy/opt/gz_physics_vendor/lib:/opt/ros/jazzy/opt/sdformat_vendor/lib:/opt/ros/jazzy/opt/rviz_ogre_vendor/lib:/opt/ros/jazzy/lib/x86_64-linux-gnu:/opt/ros/jazzy/opt/gz_gui_vendor/lib:/opt/ros/jazzy/opt/gz_transport_vendor/lib:/opt/ros/jazzy/opt/gz_rendering_vendor/lib:/opt/ros/jazzy/opt/gz_plugin_vendor/lib:/opt/ros/jazzy/opt/gz_fuel_tools_vendor/lib:/opt/ros/jazzy/opt/gz_msgs_vendor/lib:/opt/ros/jazzy/opt/gz_common_vendor/lib:/opt/ros/jazzy/opt/gz_math_vendor/lib:/opt/ros/jazzy/opt/gz_utils_vendor/lib:/opt/ros/jazzy/opt/gz_tools_vendor/lib:/opt/ros/jazzy/opt/gz_ogre_next_vendor/lib:/opt/ros/jazzy/opt/gz_dartsim_vendor/lib:/opt/ros/jazzy/opt/gz_cmake_vendor/lib:/opt/ros/jazzy/lib:/usr/local/cuda-12.8/lib64’ PYTHONPATH=/home/rob/project/csci5551-s26-team-pointbot/install/xarm_msgs/lib/python3.12/site-packages:/home/rob/project/csci5551-s26-team-pointbot/install/uf_ros_lib/lib/python3.12/site-packages:/opt/ros/jazzy/lib/python3.12/site-packages /usr/bin/cmake /home/rob/project/csci5551-s26-team-pointbot/src/xarm_ros2/xarm_moveit_config -DCMAKE_INSTALL_PREFIX=/home/rob/project/csci5551-s26-team-pointbot/install/xarm_moveit_config
[1.589s] Invoking command in '/home/rob/project/csci5551-s26-team-pointbot/build/xarm_moveit_config': AMENT_PREFIX_PATH=/home/rob/project/csci5551-s26-team-pointbot/install/uf_ros_lib:/home/rob/project/csci5551-s26-team-pointbot/install/xarm_gazebo:/home/rob/project/csci5551-s26-team-pointbot/install/pointbot_rviz:/home/rob/project/csci5551-s26-team-pointbot/install/xarm_moveit_config:/home/rob/project/csci5551-s26-team-pointbot/install/xarm_controller:/home/rob/project/csci5551-s26-team-pointbot/install/xarm_api:/home/rob/project/csci5551-s26-team-pointbot/install/xarm_sdk:/home/rob/project/csci5551-s26-team-pointbot/install/xarm_msgs:/home/rob/project/csci5551-s26-team-pointbot/install/xarm_description:/opt/ros/jazzy CMAKE_PREFIX_PATH=/home/rob/project/csci5551-s26-team-pointbot/install/xarm_gazebo:/home/rob/project/csci5551-s26-team-pointbot/install/xarm_controller:/home/rob/project/csci5551-s26-team-pointbot/install/xarm_api:/home/rob/project/csci5551-s26-team-pointbot/install/xarm_sdk:/home/rob/project/csci5551-s26-team-pointbot/install/xarm_msgs:/home/rob/project/csci5551-s26-team-pointbot/install/xarm_description:/home/rob/project/csci5551-s26-team-pointbot/install/xarm_moveit_config:/opt/ros/jazzy/opt/gz_sim_vendor:/opt/ros/jazzy/opt/gz_sensors_vendor:/opt/ros/jazzy/opt/gz_physics_vendor:/opt/ros/jazzy/opt/sdformat_vendor:/opt/ros/jazzy/opt/gz_gui_vendor:/opt/ros/jazzy/opt/gz_transport_vendor:/opt/ros/jazzy/opt/gz_rendering_vendor:/opt/ros/jazzy/opt/gz_plugin_vendor:/opt/ros/jazzy/opt/gz_fuel_tools_vendor:/opt/ros/jazzy/opt/gz_msgs_vendor:/opt/ros/jazzy/opt/gz_common_vendor:/opt/ros/jazzy/opt/gz_math_vendor:/opt/ros/jazzy/opt/gz_utils_vendor:/opt/ros/jazzy/opt/gz_tools_vendor:/opt/ros/jazzy/opt/gz_ogre_next_vendor:/opt/ros/jazzy/opt/gz_dartsim_vendor:/opt/ros/jazzy/opt/gz_cmake_vendor:/home/rob/project/csci5551-s26-team-pointbot/install/pointbot_rviz:/home/rob/project/csci5551-s26-team-pointbot/install/uf_ros_lib:/opt/ros/jazzy DEBUGINFOD_URLS=https://debuginfod.ubuntu.com LD_LIBRARY_PATH=/home/rob/project/csci5551-s26-team-pointbot/install/xarm_gazebo/lib:/home/rob/project/csci5551-s26-team-pointbot/install/xarm_controller/lib:/home/rob/project/csci5551-s26-team-pointbot/install/xarm_api/lib:/home/rob/project/csci5551-s26-team-pointbot/install/xarm_sdk/lib:/home/rob/project/csci5551-s26-team-pointbot/install/xarm_msgs/lib:/opt/ros/jazzy/opt/gz_sim_vendor/lib:/opt/ros/jazzy/opt/gz_sensors_vendor/lib:/opt/ros/jazzy/opt/gz_physics_vendor/lib:/opt/ros/jazzy/opt/sdformat_vendor/lib:/opt/ros/jazzy/opt/rviz_ogre_vendor/lib:/opt/ros/jazzy/lib/x86_64-linux-gnu:/opt/ros/jazzy/opt/gz_gui_vendor/lib:/opt/ros/jazzy/opt/gz_transport_vendor/lib:/opt/ros/jazzy/opt/gz_rendering_vendor/lib:/opt/ros/jazzy/opt/gz_plugin_vendor/lib:/opt/ros/jazzy/opt/gz_fuel_tools_vendor/lib:/opt/ros/jazzy/opt/gz_msgs_vendor/lib:/opt/ros/jazzy/opt/gz_common_vendor/lib:/opt/ros/jazzy/opt/gz_math_vendor/lib:/opt/ros/jazzy/opt/gz_utils_vendor/lib:/opt/ros/jazzy/opt/gz_tools_vendor/lib:/opt/ros/jazzy/opt/gz_ogre_next_vendor/lib:/opt/ros/jazzy/opt/gz_dartsim_vendor/lib:/opt/ros/jazzy/opt/gz_cmake_vendor/lib:/opt/ros/jazzy/lib:/usr/local/cuda-12.8/lib64’ PYTHONPATH=/home/rob/project/csci5551-s26-team-pointbot/install/xarm_msgs/lib/python3.12/site-packages:/home/rob/project/csci5551-s26-team-pointbot/install/uf_ros_lib/lib/python3.12/site-packages:/opt/ros/jazzy/lib/python3.12/site-packages /usr/bin/cmake --build /home/rob/project/csci5551-s26-team-pointbot/build/xarm_moveit_config -- -j16 -l16
[1.668s] Invoked command in '/home/rob/project/csci5551-s26-team-pointbot/build/xarm_moveit_config' returned '0': AMENT_PREFIX_PATH=/home/rob/project/csci5551-s26-team-pointbot/install/uf_ros_lib:/home/rob/project/csci5551-s26-team-pointbot/install/xarm_gazebo:/home/rob/project/csci5551-s26-team-pointbot/install/pointbot_rviz:/home/rob/project/csci5551-s26-team-pointbot/install/xarm_moveit_config:/home/rob/project/csci5551-s26-team-pointbot/install/xarm_controller:/home/rob/project/csci5551-s26-team-pointbot/install/xarm_api:/home/rob/project/csci5551-s26-team-pointbot/install/xarm_sdk:/home/rob/project/csci5551-s26-team-pointbot/install/xarm_msgs:/home/rob/project/csci5551-s26-team-pointbot/install/xarm_description:/opt/ros/jazzy CMAKE_PREFIX_PATH=/home/rob/project/csci5551-s26-team-pointbot/install/xarm_gazebo:/home/rob/project/csci5551-s26-team-pointbot/install/xarm_controller:/home/rob/project/csci5551-s26-team-pointbot/install/xarm_api:/home/rob/project/csci5551-s26-team-pointbot/install/xarm_sdk:/home/rob/project/csci5551-s26-team-pointbot/install/xarm_msgs:/home/rob/project/csci5551-s26-team-pointbot/install/xarm_description:/home/rob/project/csci5551-s26-team-pointbot/install/xarm_moveit_config:/opt/ros/jazzy/opt/gz_sim_vendor:/opt/ros/jazzy/opt/gz_sensors_vendor:/opt/ros/jazzy/opt/gz_physics_vendor:/opt/ros/jazzy/opt/sdformat_vendor:/opt/ros/jazzy/opt/gz_gui_vendor:/opt/ros/jazzy/opt/gz_transport_vendor:/opt/ros/jazzy/opt/gz_rendering_vendor:/opt/ros/jazzy/opt/gz_plugin_vendor:/opt/ros/jazzy/opt/gz_fuel_tools_vendor:/opt/ros/jazzy/opt/gz_msgs_vendor:/opt/ros/jazzy/opt/gz_common_vendor:/opt/ros/jazzy/opt/gz_math_vendor:/opt/ros/jazzy/opt/gz_utils_vendor:/opt/ros/jazzy/opt/gz_tools_vendor:/opt/ros/jazzy/opt/gz_ogre_next_vendor:/opt/ros/jazzy/opt/gz_dartsim_vendor:/opt/ros/jazzy/opt/gz_cmake_vendor:/home/rob/project/csci5551-s26-team-pointbot/install/pointbot_rviz:/home/rob/project/csci5551-s26-team-pointbot/install/uf_ros_lib:/opt/ros/jazzy DEBUGINFOD_URLS=https://debuginfod.ubuntu.com LD_LIBRARY_PATH=/home/rob/project/csci5551-s26-team-pointbot/install/xarm_gazebo/lib:/home/rob/project/csci5551-s26-team-pointbot/install/xarm_controller/lib:/home/rob/project/csci5551-s26-team-pointbot/install/xarm_api/lib:/home/rob/project/csci5551-s26-team-pointbot/install/xarm_sdk/lib:/home/rob/project/csci5551-s26-team-pointbot/install/xarm_msgs/lib:/opt/ros/jazzy/opt/gz_sim_vendor/lib:/opt/ros/jazzy/opt/gz_sensors_vendor/lib:/opt/ros/jazzy/opt/gz_physics_vendor/lib:/opt/ros/jazzy/opt/sdformat_vendor/lib:/opt/ros/jazzy/opt/rviz_ogre_vendor/lib:/opt/ros/jazzy/lib/x86_64-linux-gnu:/opt/ros/jazzy/opt/gz_gui_vendor/lib:/opt/ros/jazzy/opt/gz_transport_vendor/lib:/opt/ros/jazzy/opt/gz_rendering_vendor/lib:/opt/ros/jazzy/opt/gz_plugin_vendor/lib:/opt/ros/jazzy/opt/gz_fuel_tools_vendor/lib:/opt/ros/jazzy/opt/gz_msgs_vendor/lib:/opt/ros/jazzy/opt/gz_common_vendor/lib:/opt/ros/jazzy/opt/gz_math_vendor/lib:/opt/ros/jazzy/opt/gz_utils_vendor/lib:/opt/ros/jazzy/opt/gz_tools_vendor/lib:/opt/ros/jazzy/opt/gz_ogre_next_vendor/lib:/opt/ros/jazzy/opt/gz_dartsim_vendor/lib:/opt/ros/jazzy/opt/gz_cmake_vendor/lib:/opt/ros/jazzy/lib:/usr/local/cuda-12.8/lib64’ PYTHONPATH=/home/rob/project/csci5551-s26-team-pointbot/install/xarm_msgs/lib/python3.12/site-packages:/home/rob/project/csci5551-s26-team-pointbot/install/uf_ros_lib/lib/python3.12/site-packages:/opt/ros/jazzy/lib/python3.12/site-packages /usr/bin/cmake --build /home/rob/project/csci5551-s26-team-pointbot/build/xarm_moveit_config -- -j16 -l16
[1.672s] Invoking command in '/home/rob/project/csci5551-s26-team-pointbot/build/xarm_moveit_config': AMENT_PREFIX_PATH=/home/rob/project/csci5551-s26-team-pointbot/install/uf_ros_lib:/home/rob/project/csci5551-s26-team-pointbot/install/xarm_gazebo:/home/rob/project/csci5551-s26-team-pointbot/install/pointbot_rviz:/home/rob/project/csci5551-s26-team-pointbot/install/xarm_moveit_config:/home/rob/project/csci5551-s26-team-pointbot/install/xarm_controller:/home/rob/project/csci5551-s26-team-pointbot/install/xarm_api:/home/rob/project/csci5551-s26-team-pointbot/install/xarm_sdk:/home/rob/project/csci5551-s26-team-pointbot/install/xarm_msgs:/home/rob/project/csci5551-s26-team-pointbot/install/xarm_description:/opt/ros/jazzy CMAKE_PREFIX_PATH=/home/rob/project/csci5551-s26-team-pointbot/install/xarm_gazebo:/home/rob/project/csci5551-s26-team-pointbot/install/xarm_controller:/home/rob/project/csci5551-s26-team-pointbot/install/xarm_api:/home/rob/project/csci5551-s26-team-pointbot/install/xarm_sdk:/home/rob/project/csci5551-s26-team-pointbot/install/xarm_msgs:/home/rob/project/csci5551-s26-team-pointbot/install/xarm_description:/home/rob/project/csci5551-s26-team-pointbot/install/xarm_moveit_config:/opt/ros/jazzy/opt/gz_sim_vendor:/opt/ros/jazzy/opt/gz_sensors_vendor:/opt/ros/jazzy/opt/gz_physics_vendor:/opt/ros/jazzy/opt/sdformat_vendor:/opt/ros/jazzy/opt/gz_gui_vendor:/opt/ros/jazzy/opt/gz_transport_vendor:/opt/ros/jazzy/opt/gz_rendering_vendor:/opt/ros/jazzy/opt/gz_plugin_vendor:/opt/ros/jazzy/opt/gz_fuel_tools_vendor:/opt/ros/jazzy/opt/gz_msgs_vendor:/opt/ros/jazzy/opt/gz_common_vendor:/opt/ros/jazzy/opt/gz_math_vendor:/opt/ros/jazzy/opt/gz_utils_vendor:/opt/ros/jazzy/opt/gz_tools_vendor:/opt/ros/jazzy/opt/gz_ogre_next_vendor:/opt/ros/jazzy/opt/gz_dartsim_vendor:/opt/ros/jazzy/opt/gz_cmake_vendor:/home/rob/project/csci5551-s26-team-pointbot/install/pointbot_rviz:/home/rob/project/csci5551-s26-team-pointbot/install/uf_ros_lib:/opt/ros/jazzy DEBUGINFOD_URLS=https://debuginfod.ubuntu.com LD_LIBRARY_PATH=/home/rob/project/csci5551-s26-team-pointbot/install/xarm_gazebo/lib:/home/rob/project/csci5551-s26-team-pointbot/install/xarm_controller/lib:/home/rob/project/csci5551-s26-team-pointbot/install/xarm_api/lib:/home/rob/project/csci5551-s26-team-pointbot/install/xarm_sdk/lib:/home/rob/project/csci5551-s26-team-pointbot/install/xarm_msgs/lib:/opt/ros/jazzy/opt/gz_sim_vendor/lib:/opt/ros/jazzy/opt/gz_sensors_vendor/lib:/opt/ros/jazzy/opt/gz_physics_vendor/lib:/opt/ros/jazzy/opt/sdformat_vendor/lib:/opt/ros/jazzy/opt/rviz_ogre_vendor/lib:/opt/ros/jazzy/lib/x86_64-linux-gnu:/opt/ros/jazzy/opt/gz_gui_vendor/lib:/opt/ros/jazzy/opt/gz_transport_vendor/lib:/opt/ros/jazzy/opt/gz_rendering_vendor/lib:/opt/ros/jazzy/opt/gz_plugin_vendor/lib:/opt/ros/jazzy/opt/gz_fuel_tools_vendor/lib:/opt/ros/jazzy/opt/gz_msgs_vendor/lib:/opt/ros/jazzy/opt/gz_common_vendor/lib:/opt/ros/jazzy/opt/gz_math_vendor/lib:/opt/ros/jazzy/opt/gz_utils_vendor/lib:/opt/ros/jazzy/opt/gz_tools_vendor/lib:/opt/ros/jazzy/opt/gz_ogre_next_vendor/lib:/opt/ros/jazzy/opt/gz_dartsim_vendor/lib:/opt/ros/jazzy/opt/gz_cmake_vendor/lib:/opt/ros/jazzy/lib:/usr/local/cuda-12.8/lib64’ PYTHONPATH=/home/rob/project/csci5551-s26-team-pointbot/install/xarm_msgs/lib/python3.12/site-packages:/home/rob/project/csci5551-s26-team-pointbot/install/uf_ros_lib/lib/python3.12/site-packages:/opt/ros/jazzy/lib/python3.12/site-packages /usr/bin/cmake --install /home/rob/project/csci5551-s26-team-pointbot/build/xarm_moveit_config
[1.689s] -- Install configuration: ""
[1.689s] -- Installing: /home/rob/project/csci5551-s26-team-pointbot/install/xarm_moveit_config/share/xarm_moveit_config//config
[1.690s] -- Installing: /home/rob/project/csci5551-s26-team-pointbot/install/xarm_moveit_config/share/xarm_moveit_config//config/xarm7
[1.691s] -- Installing: /home/rob/project/csci5551-s26-team-pointbot/install/xarm_moveit_config/share/xarm_moveit_config//config/xarm7/kinematics.yaml
[1.691s] -- Installing: /home/rob/project/csci5551-s26-team-pointbot/install/xarm_moveit_config/share/xarm_moveit_config//config/xarm7/joint_limits.yaml
[1.691s] -- Installing: /home/rob/project/csci5551-s26-team-pointbot/install/xarm_moveit_config/share/xarm_moveit_config//config/xarm7/controllers.yaml
[1.692s] -- Installing: /home/rob/project/csci5551-s26-team-pointbot/install/xarm_moveit_config/share/xarm_moveit_config//config/xarm7/ompl_planning.yaml
[1.692s] -- Installing: /home/rob/project/csci5551-s26-team-pointbot/install/xarm_moveit_config/share/xarm_moveit_config//config/xarm7/fake_controllers.yaml
[1.692s] -- Installing: /home/rob/project/csci5551-s26-team-pointbot/install/xarm_moveit_config/share/xarm_moveit_config//config/xarm6
[1.692s] -- Installing: /home/rob/project/csci5551-s26-team-pointbot/install/xarm_moveit_config/share/xarm_moveit_config//config/xarm6/kinematics.yaml
[1.693s] -- Installing: /home/rob/project/csci5551-s26-team-pointbot/install/xarm_moveit_config/share/xarm_moveit_config//config/xarm6/joint_limits.yaml
[1.693s] -- Installing: /home/rob/project/csci5551-s26-team-pointbot/install/xarm_moveit_config/share/xarm_moveit_config//config/xarm6/controllers.yaml
[1.693s] -- Installing: /home/rob/project/csci5551-s26-team-pointbot/install/xarm_moveit_config/share/xarm_moveit_config//config/xarm6/ompl_planning.yaml
[1.693s] -- Installing: /home/rob/project/csci5551-s26-team-pointbot/install/xarm_moveit_config/share/xarm_moveit_config//config/xarm6/fake_controllers.yaml
[1.694s] -- Installing: /home/rob/project/csci5551-s26-team-pointbot/install/xarm_moveit_config/share/xarm_moveit_config//config/lite6
[1.694s] -- Installing: /home/rob/project/csci5551-s26-team-pointbot/install/xarm_moveit_config/share/xarm_moveit_config//config/lite6/kinematics.yaml
[1.694s] -- Installing: /home/rob/project/csci5551-s26-team-pointbot/install/xarm_moveit_config/share/xarm_moveit_config//config/lite6/joint_limits.yaml
[1.695s] -- Installing: /home/rob/project/csci5551-s26-team-pointbot/install/xarm_moveit_config/share/xarm_moveit_config//config/lite6/controllers.yaml
[1.695s] -- Installing: /home/rob/project/csci5551-s26-team-pointbot/install/xarm_moveit_config/share/xarm_moveit_config//config/lite6/ompl_planning.yaml
[1.695s] -- Installing: /home/rob/project/csci5551-s26-team-pointbot/install/xarm_moveit_config/share/xarm_moveit_config//config/lite6/fake_controllers.yaml
[1.696s] -- Installing: /home/rob/project/csci5551-s26-team-pointbot/install/xarm_moveit_config/share/xarm_moveit_config//config/xarm7_mirror
[1.696s] -- Installing: /home/rob/project/csci5551-s26-team-pointbot/install/xarm_moveit_config/share/xarm_moveit_config//config/xarm7_mirror/kinematics.yaml
[1.696s] -- Installing: /home/rob/project/csci5551-s26-team-pointbot/install/xarm_moveit_config/share/xarm_moveit_config//config/xarm7_mirror/joint_limits.yaml
[1.696s] -- Installing: /home/rob/project/csci5551-s26-team-pointbot/install/xarm_moveit_config/share/xarm_moveit_config//config/xarm7_mirror/controllers.yaml
[1.697s] -- Installing: /home/rob/project/csci5551-s26-team-pointbot/install/xarm_moveit_config/share/xarm_moveit_config//config/xarm7_mirror/ompl_planning.yaml
[1.697s] -- Installing: /home/rob/project/csci5551-s26-team-pointbot/install/xarm_moveit_config/share/xarm_moveit_config//config/xarm7_mirror/fake_controllers.yaml
[1.697s] -- Installing: /home/rob/project/csci5551-s26-team-pointbot/install/xarm_moveit_config/share/xarm_moveit_config//config/moveit_configs
[1.697s] -- Installing: /home/rob/project/csci5551-s26-team-pointbot/install/xarm_moveit_config/share/xarm_moveit_config//config/moveit_configs/stomp_planning.yaml
[1.698s] -- Installing: /home/rob/project/csci5551-s26-team-pointbot/install/xarm_moveit_config/share/xarm_moveit_config//config/moveit_configs/ompl_planning.yaml
[1.698s] -- Installing: /home/rob/project/csci5551-s26-team-pointbot/install/xarm_moveit_config/share/xarm_moveit_config//config/moveit_configs/pilz_cartesian_limits.yaml
[1.698s] -- Installing: /home/rob/project/csci5551-s26-team-pointbot/install/xarm_moveit_config/share/xarm_moveit_config//config/moveit_configs/ompl_defaults.yaml
[1.699s] -- Installing: /home/rob/project/csci5551-s26-team-pointbot/install/xarm_moveit_config/share/xarm_moveit_config//config/moveit_configs/pilz_industrial_motion_planner_planning.yaml
[1.699s] -- Installing: /home/rob/project/csci5551-s26-team-pointbot/install/xarm_moveit_config/share/xarm_moveit_config//config/moveit_configs/chomp_planning.yaml
[1.699s] -- Installing: /home/rob/project/csci5551-s26-team-pointbot/install/xarm_moveit_config/share/xarm_moveit_config//config/uf850_gripper
[1.699s] -- Installing: /home/rob/project/csci5551-s26-team-pointbot/install/xarm_moveit_config/share/xarm_moveit_config//config/uf850_gripper/joint_limits.yaml
[1.700s] -- Installing: /home/rob/project/csci5551-s26-team-pointbot/install/xarm_moveit_config/share/xarm_moveit_config//config/uf850_gripper/controllers.yaml
[1.700s] -- Installing: /home/rob/project/csci5551-s26-team-pointbot/install/xarm_moveit_config/share/xarm_moveit_config//config/uf850_gripper/ompl_planning.yaml
[1.700s] -- Installing: /home/rob/project/csci5551-s26-team-pointbot/install/xarm_moveit_config/share/xarm_moveit_config//config/uf850_gripper/fake_controllers.yaml
[1.700s] -- Installing: /home/rob/project/csci5551-s26-team-pointbot/install/xarm_moveit_config/share/xarm_moveit_config//config/uf850
[1.701s] -- Installing: /home/rob/project/csci5551-s26-team-pointbot/install/xarm_moveit_config/share/xarm_moveit_config//config/uf850/kinematics.yaml
[1.701s] -- Installing: /home/rob/project/csci5551-s26-team-pointbot/install/xarm_moveit_config/share/xarm_moveit_config//config/uf850/joint_limits.yaml
[1.701s] -- Installing: /home/rob/project/csci5551-s26-team-pointbot/install/xarm_moveit_config/share/xarm_moveit_config//config/uf850/controllers.yaml
[1.701s] -- Installing: /home/rob/project/csci5551-s26-team-pointbot/install/xarm_moveit_config/share/xarm_moveit_config//config/uf850/ompl_planning.yaml
[1.702s] -- Installing: /home/rob/project/csci5551-s26-team-pointbot/install/xarm_moveit_config/share/xarm_moveit_config//config/uf850/fake_controllers.yaml
[1.702s] -- Installing: /home/rob/project/csci5551-s26-team-pointbot/install/xarm_moveit_config/share/xarm_moveit_config//config/xarm_gripper
[1.702s] -- Installing: /home/rob/project/csci5551-s26-team-pointbot/install/xarm_moveit_config/share/xarm_moveit_config//config/xarm_gripper/joint_limits.yaml
[1.702s] -- Installing: /home/rob/project/csci5551-s26-team-pointbot/install/xarm_moveit_config/share/xarm_moveit_config//config/xarm_gripper/controllers.yaml
[1.703s] -- Installing: /home/rob/project/csci5551-s26-team-pointbot/install/xarm_moveit_config/share/xarm_moveit_config//config/xarm_gripper/ompl_planning.yaml
[1.703s] -- Installing: /home/rob/project/csci5551-s26-team-pointbot/install/xarm_moveit_config/share/xarm_moveit_config//config/xarm_gripper/fake_controllers.yaml
[1.703s] -- Installing: /home/rob/project/csci5551-s26-team-pointbot/install/xarm_moveit_config/share/xarm_moveit_config//config/xarm5
[1.703s] -- Installing: /home/rob/project/csci5551-s26-team-pointbot/install/xarm_moveit_config/share/xarm_moveit_config//config/xarm5/kinematics.yaml
[1.704s] -- Installing: /home/rob/project/csci5551-s26-team-pointbot/install/xarm_moveit_config/share/xarm_moveit_config//config/xarm5/joint_limits.yaml
[1.704s] -- Installing: /home/rob/project/csci5551-s26-team-pointbot/install/xarm_moveit_config/share/xarm_moveit_config//config/xarm5/controllers.yaml
[1.704s] -- Installing: /home/rob/project/csci5551-s26-team-pointbot/install/xarm_moveit_config/share/xarm_moveit_config//config/xarm5/ompl_planning.yaml
[1.704s] -- Installing: /home/rob/project/csci5551-s26-team-pointbot/install/xarm_moveit_config/share/xarm_moveit_config//config/xarm5/fake_controllers.yaml
[1.705s] -- Installing: /home/rob/project/csci5551-s26-team-pointbot/install/xarm_moveit_config/share/xarm_moveit_config//config/xarm7_mirror_gripper
[1.705s] -- Installing: /home/rob/project/csci5551-s26-team-pointbot/install/xarm_moveit_config/share/xarm_moveit_config//config/xarm7_mirror_gripper/joint_limits.yaml
[1.705s] -- Installing: /home/rob/project/csci5551-s26-team-pointbot/install/xarm_moveit_config/share/xarm_moveit_config//config/xarm7_mirror_gripper/controllers.yaml
[1.705s] -- Installing: /home/rob/project/csci5551-s26-team-pointbot/install/xarm_moveit_config/share/xarm_moveit_config//config/xarm7_mirror_gripper/ompl_planning.yaml
[1.705s] -- Installing: /home/rob/project/csci5551-s26-team-pointbot/install/xarm_moveit_config/share/xarm_moveit_config//config/xarm7_mirror_gripper/fake_controllers.yaml
[1.706s] -- Installing: /home/rob/project/csci5551-s26-team-pointbot/install/xarm_moveit_config/share/xarm_moveit_config//config/bio_gripper
[1.706s] -- Installing: /home/rob/project/csci5551-s26-team-pointbot/install/xarm_moveit_config/share/xarm_moveit_config//config/bio_gripper/joint_limits.yaml
[1.706s] -- Installing: /home/rob/project/csci5551-s26-team-pointbot/install/xarm_moveit_config/share/xarm_moveit_config//config/bio_gripper/controllers.yaml
[1.706s] -- Installing: /home/rob/project/csci5551-s26-team-pointbot/install/xarm_moveit_config/share/xarm_moveit_config//config/bio_gripper/ompl_planning.yaml
[1.707s] -- Installing: /home/rob/project/csci5551-s26-team-pointbot/install/xarm_moveit_config/share/xarm_moveit_config//config/bio_gripper/fake_controllers.yaml
[1.707s] -- Installing: /home/rob/project/csci5551-s26-team-pointbot/install/xarm_moveit_config/share/xarm_moveit_config//rviz
[1.707s] -- Installing: /home/rob/project/csci5551-s26-team-pointbot/install/xarm_moveit_config/share/xarm_moveit_config//rviz/dual_moveit.rviz
[1.707s] -- Installing: /home/rob/project/csci5551-s26-team-pointbot/install/xarm_moveit_config/share/xarm_moveit_config//rviz/moveit.rviz
[1.708s] -- Installing: /home/rob/project/csci5551-s26-team-pointbot/install/xarm_moveit_config/share/xarm_moveit_config//rviz/dual_planner.rviz
[1.708s] -- Installing: /home/rob/project/csci5551-s26-team-pointbot/install/xarm_moveit_config/share/xarm_moveit_config//rviz/planner.rviz
[1.708s] -- Installing: /home/rob/project/csci5551-s26-team-pointbot/install/xarm_moveit_config/share/xarm_moveit_config//srdf
[1.708s] -- Installing: /home/rob/project/csci5551-s26-team-pointbot/install/xarm_moveit_config/share/xarm_moveit_config//srdf/_xarm7_macro.srdf.xacro
[1.708s] -- Installing: /home/rob/project/csci5551-s26-team-pointbot/install/xarm_moveit_config/share/xarm_moveit_config//srdf/_xarm5_macro.srdf.xacro
[1.709s] -- Installing: /home/rob/project/csci5551-s26-team-pointbot/install/xarm_moveit_config/share/xarm_moveit_config//srdf/_xarm7_mirror_macro.srdf.xacro
[1.709s] -- Installing: /home/rob/project/csci5551-s26-team-pointbot/install/xarm_moveit_config/share/xarm_moveit_config//srdf/xarm_macro.srdf.xacro
[1.709s] -- Installing: /home/rob/project/csci5551-s26-team-pointbot/install/xarm_moveit_config/share/xarm_moveit_config//srdf/xarm.srdf.xacro
[1.709s] -- Installing: /home/rob/project/csci5551-s26-team-pointbot/install/xarm_moveit_config/share/xarm_moveit_config//srdf/_uf850_macro.srdf.xacro
[1.709s] -- Installing: /home/rob/project/csci5551-s26-team-pointbot/install/xarm_moveit_config/share/xarm_moveit_config//srdf/dual_xarm.srdf.xacro
[1.710s] -- Installing: /home/rob/project/csci5551-s26-team-pointbot/install/xarm_moveit_config/share/xarm_moveit_config//srdf/_xarm6_macro.srdf.xacro
[1.710s] -- Installing: /home/rob/project/csci5551-s26-team-pointbot/install/xarm_moveit_config/share/xarm_moveit_config//srdf/_lite6_macro.srdf.xacro
[1.710s] -- Installing: /home/rob/project/csci5551-s26-team-pointbot/install/xarm_moveit_config/share/xarm_moveit_config//launch
[1.710s] -- Installing: /home/rob/project/csci5551-s26-team-pointbot/install/xarm_moveit_config/share/xarm_moveit_config//launch/_dual_robot_moveit_gz.launch.py
[1.710s] -- Installing: /home/rob/project/csci5551-s26-team-pointbot/install/xarm_moveit_config/share/xarm_moveit_config//launch/_robot_moveit_common.launch.py
[1.711s] -- Installing: /home/rob/project/csci5551-s26-team-pointbot/install/xarm_moveit_config/share/xarm_moveit_config//launch/_dual_robot_moveit_fake.launch.py
[1.711s] -- Installing: /home/rob/project/csci5551-s26-team-pointbot/install/xarm_moveit_config/share/xarm_moveit_config//launch/lite6_moveit_realmove.launch.py
[1.711s] -- Installing: /home/rob/project/csci5551-s26-team-pointbot/install/xarm_moveit_config/share/xarm_moveit_config//launch/uf850_moveit_fake.launch.py
[1.711s] -- Installing: /home/rob/project/csci5551-s26-team-pointbot/install/xarm_moveit_config/share/xarm_moveit_config//launch/_robot_moveit_fake.launch.py
[1.712s] -- Installing: /home/rob/project/csci5551-s26-team-pointbot/install/xarm_moveit_config/share/xarm_moveit_config//launch/lite6_moveit_fake.launch.py
[1.712s] -- Installing: /home/rob/project/csci5551-s26-team-pointbot/install/xarm_moveit_config/share/xarm_moveit_config//launch/_robot_moveit_common2.launch.py
[1.713s] -- Installing: /home/rob/project/csci5551-s26-team-pointbot/install/xarm_moveit_config/share/xarm_moveit_config//launch/_dual_robot_moveit_gazebo.launch.py
[1.713s] -- Installing: /home/rob/project/csci5551-s26-team-pointbot/install/xarm_moveit_config/share/xarm_moveit_config//launch/_dual_robot_moveit_common2.launch.py
[1.713s] -- Installing: /home/rob/project/csci5551-s26-team-pointbot/install/xarm_moveit_config/share/xarm_moveit_config//launch/dual_xarm5_moveit_fake.launch.py
[1.713s] -- Installing: /home/rob/project/csci5551-s26-team-pointbot/install/xarm_moveit_config/share/xarm_moveit_config//launch/xarm5_moveit_gazebo.launch.py
[1.714s] -- Installing: /home/rob/project/csci5551-s26-team-pointbot/install/xarm_moveit_config/share/xarm_moveit_config//launch/uf850_moveit_gazebo.launch.py
[1.714s] -- Installing: /home/rob/project/csci5551-s26-team-pointbot/install/xarm_moveit_config/share/xarm_moveit_config//launch/xarm6_moveit_realmove.launch.py
[1.715s] -- Installing: /home/rob/project/csci5551-s26-team-pointbot/install/xarm_moveit_config/share/xarm_moveit_config//launch/_robot_moveit_gazebo.launch.py
[1.715s] -- Installing: /home/rob/project/csci5551-s26-team-pointbot/install/xarm_moveit_config/share/xarm_moveit_config//launch/dual_xarm7_moveit_realmove.launch.py
[1.715s] -- Installing: /home/rob/project/csci5551-s26-team-pointbot/install/xarm_moveit_config/share/xarm_moveit_config//launch/xarm5_moveit_realmove.launch.py
[1.715s] -- Installing: /home/rob/project/csci5551-s26-team-pointbot/install/xarm_moveit_config/share/xarm_moveit_config//launch/dual_lite6_moveit_realmove.launch.py
[1.715s] -- Installing: /home/rob/project/csci5551-s26-team-pointbot/install/xarm_moveit_config/share/xarm_moveit_config//launch/xarm7_moveit_fake.launch.py
[1.716s] -- Installing: /home/rob/project/csci5551-s26-team-pointbot/install/xarm_moveit_config/share/xarm_moveit_config//launch/_robot_moveit_realmove.launch.py
[1.716s] -- Installing: /home/rob/project/csci5551-s26-team-pointbot/install/xarm_moveit_config/share/xarm_moveit_config//launch/lite6_moveit_gazebo.launch.py
[1.717s] -- Installing: /home/rob/project/csci5551-s26-team-pointbot/install/xarm_moveit_config/share/xarm_moveit_config//launch/dual_uf850_moveit_realmove.launch.py
[1.718s] -- Installing: /home/rob/project/csci5551-s26-team-pointbot/install/xarm_moveit_config/share/xarm_moveit_config//launch/dual_xarm6_moveit_fake.launch.py
[1.719s] -- Installing: /home/rob/project/csci5551-s26-team-pointbot/install/xarm_moveit_config/share/xarm_moveit_config//launch/lib
[1.719s] -- Installing: /home/rob/project/csci5551-s26-team-pointbot/install/xarm_moveit_config/share/xarm_moveit_config//launch/lib/robot_moveit_config_lib.py
[1.720s] -- Installing: /home/rob/project/csci5551-s26-team-pointbot/install/xarm_moveit_config/share/xarm_moveit_config//launch/dual_xarm6_moveit_realmove.launch.py
[1.720s] -- Installing: /home/rob/project/csci5551-s26-team-pointbot/install/xarm_moveit_config/share/xarm_moveit_config//launch/xarm7_moveit_gazebo.launch.py
[1.720s] -- Installing: /home/rob/project/csci5551-s26-team-pointbot/install/xarm_moveit_config/share/xarm_moveit_config//launch/xarm6_moveit_gazebo.launch.py
[1.720s] -- Installing: /home/rob/project/csci5551-s26-team-pointbot/install/xarm_moveit_config/share/xarm_moveit_config//launch/demo
[1.720s] -- Installing: /home/rob/project/csci5551-s26-team-pointbot/install/xarm_moveit_config/share/xarm_moveit_config//launch/demo/demo_realmove.launch.py
[1.721s] -- Installing: /home/rob/project/csci5551-s26-team-pointbot/install/xarm_moveit_config/share/xarm_moveit_config//launch/demo/demo_fake.launch.py
[1.721s] -- Installing: /home/rob/project/csci5551-s26-team-pointbot/install/xarm_moveit_config/share/xarm_moveit_config//launch/demo/demo_dual_realmove.launch.py
[1.721s] -- Installing: /home/rob/project/csci5551-s26-team-pointbot/install/xarm_moveit_config/share/xarm_moveit_config//launch/demo/demo_dual_fake.launch.py
[1.721s] -- Installing: /home/rob/project/csci5551-s26-team-pointbot/install/xarm_moveit_config/share/xarm_moveit_config//launch/uf850_moveit_realmove.launch.py
[1.722s] -- Installing: /home/rob/project/csci5551-s26-team-pointbot/install/xarm_moveit_config/share/xarm_moveit_config//launch/xarm7_mirror_moveit_fake.launch.py
[1.722s] -- Installing: /home/rob/project/csci5551-s26-team-pointbot/install/xarm_moveit_config/share/xarm_moveit_config//launch/_dual_robot_moveit_realmove.launch.py
[1.722s] -- Installing: /home/rob/project/csci5551-s26-team-pointbot/install/xarm_moveit_config/share/xarm_moveit_config//launch/xarm7_mirror_moveit_realmove.launch.py
[1.722s] -- Installing: /home/rob/project/csci5551-s26-team-pointbot/install/xarm_moveit_config/share/xarm_moveit_config//launch/dual_lite6_moveit_fake.launch.py
[1.722s] -- Installing: /home/rob/project/csci5551-s26-team-pointbot/install/xarm_moveit_config/share/xarm_moveit_config//launch/dual_uf850_moveit_fake.launch.py
[1.723s] -- Installing: /home/rob/project/csci5551-s26-team-pointbot/install/xarm_moveit_config/share/xarm_moveit_config//launch/xarm5_moveit_fake.launch.py
[1.723s] -- Installing: /home/rob/project/csci5551-s26-team-pointbot/install/xarm_moveit_config/share/xarm_moveit_config//launch/xarm6_moveit_fake.launch.py
[1.723s] -- Installing: /home/rob/project/csci5551-s26-team-pointbot/install/xarm_moveit_config/share/xarm_moveit_config//launch/xarm7_moveit_realmove.launch.py
[1.723s] -- Installing: /home/rob/project/csci5551-s26-team-pointbot/install/xarm_moveit_config/share/xarm_moveit_config//launch/_dual_robot_moveit_common.launch.py
[1.723s] -- Installing: /home/rob/project/csci5551-s26-team-pointbot/install/xarm_moveit_config/share/xarm_moveit_config//launch/dual_xarm5_moveit_realmove.launch.py
[1.724s] -- Installing: /home/rob/project/csci5551-s26-team-pointbot/install/xarm_moveit_config/share/xarm_moveit_config//launch/xarm7_mirror_moveit_gazebo.launch.py
[1.724s] -- Installing: /home/rob/project/csci5551-s26-team-pointbot/install/xarm_moveit_config/share/xarm_moveit_config//launch/dual_xarm7_moveit_fake.launch.py
[1.724s] -- Installing: /home/rob/project/csci5551-s26-team-pointbot/install/xarm_moveit_config/share/ament_index/resource_index/package_run_dependencies/xarm_moveit_config
[1.724s] -- Installing: /home/rob/project/csci5551-s26-team-pointbot/install/xarm_moveit_config/share/ament_index/resource_index/parent_prefix_path/xarm_moveit_config
[1.724s] -- Installing: /home/rob/project/csci5551-s26-team-pointbot/install/xarm_moveit_config/share/xarm_moveit_config/environment/ament_prefix_path.sh
[1.724s] -- Installing: /home/rob/project/csci5551-s26-team-pointbot/install/xarm_moveit_config/share/xarm_moveit_config/environment/ament_prefix_path.dsv
[1.725s] -- Installing: /home/rob/project/csci5551-s26-team-pointbot/install/xarm_moveit_config/share/xarm_moveit_config/environment/path.sh
[1.725s] -- Installing: /home/rob/project/csci5551-s26-team-pointbot/install/xarm_moveit_config/share/xarm_moveit_config/environment/path.dsv
[1.725s] -- Installing: /home/rob/project/csci5551-s26-team-pointbot/install/xarm_moveit_config/share/xarm_moveit_config/local_setup.bash
[1.725s] -- Installing: /home/rob/project/csci5551-s26-team-pointbot/install/xarm_moveit_config/share/xarm_moveit_config/local_setup.sh
[1.725s] -- Installing: /home/rob/project/csci5551-s26-team-pointbot/install/xarm_moveit_config/share/xarm_moveit_config/local_setup.zsh
[1.726s] -- Installing: /home/rob/project/csci5551-s26-team-pointbot/install/xarm_moveit_config/share/xarm_moveit_config/local_setup.dsv
[1.726s] -- Installing: /home/rob/project/csci5551-s26-team-pointbot/install/xarm_moveit_config/share/xarm_moveit_config/package.dsv
[1.726s] -- Installing: /home/rob/project/csci5551-s26-team-pointbot/install/xarm_moveit_config/share/ament_index/resource_index/packages/xarm_moveit_config
[1.726s] -- Installing: /home/rob/project/csci5551-s26-team-pointbot/install/xarm_moveit_config/share/xarm_moveit_config/cmake/xarm_moveit_configConfig.cmake
[1.726s] -- Installing: /home/rob/project/csci5551-s26-team-pointbot/install/xarm_moveit_config/share/xarm_moveit_config/cmake/xarm_moveit_configConfig-version.cmake
[1.727s] -- Installing: /home/rob/project/csci5551-s26-team-pointbot/install/xarm_moveit_config/share/xarm_moveit_config/package.xml
[1.728s] Invoked command in '/home/rob/project/csci5551-s26-team-pointbot/build/xarm_moveit_config' returned '0': AMENT_PREFIX_PATH=/home/rob/project/csci5551-s26-team-pointbot/install/uf_ros_lib:/home/rob/project/csci5551-s26-team-pointbot/install/xarm_gazebo:/home/rob/project/csci5551-s26-team-pointbot/install/pointbot_rviz:/home/rob/project/csci5551-s26-team-pointbot/install/xarm_moveit_config:/home/rob/project/csci5551-s26-team-pointbot/install/xarm_controller:/home/rob/project/csci5551-s26-team-pointbot/install/xarm_api:/home/rob/project/csci5551-s26-team-pointbot/install/xarm_sdk:/home/rob/project/csci5551-s26-team-pointbot/install/xarm_msgs:/home/rob/project/csci5551-s26-team-pointbot/install/xarm_description:/opt/ros/jazzy CMAKE_PREFIX_PATH=/home/rob/project/csci5551-s26-team-pointbot/install/xarm_gazebo:/home/rob/project/csci5551-s26-team-pointbot/install/xarm_controller:/home/rob/project/csci5551-s26-team-pointbot/install/xarm_api:/home/rob/project/csci5551-s26-team-pointbot/install/xarm_sdk:/home/rob/project/csci5551-s26-team-pointbot/install/xarm_msgs:/home/rob/project/csci5551-s26-team-pointbot/install/xarm_description:/home/rob/project/csci5551-s26-team-pointbot/install/xarm_moveit_config:/opt/ros/jazzy/opt/gz_sim_vendor:/opt/ros/jazzy/opt/gz_sensors_vendor:/opt/ros/jazzy/opt/gz_physics_vendor:/opt/ros/jazzy/opt/sdformat_vendor:/opt/ros/jazzy/opt/gz_gui_vendor:/opt/ros/jazzy/opt/gz_transport_vendor:/opt/ros/jazzy/opt/gz_rendering_vendor:/opt/ros/jazzy/opt/gz_plugin_vendor:/opt/ros/jazzy/opt/gz_fuel_tools_vendor:/opt/ros/jazzy/opt/gz_msgs_vendor:/opt/ros/jazzy/opt/gz_common_vendor:/opt/ros/jazzy/opt/gz_math_vendor:/opt/ros/jazzy/opt/gz_utils_vendor:/opt/ros/jazzy/opt/gz_tools_vendor:/opt/ros/jazzy/opt/gz_ogre_next_vendor:/opt/ros/jazzy/opt/gz_dartsim_vendor:/opt/ros/jazzy/opt/gz_cmake_vendor:/home/rob/project/csci5551-s26-team-pointbot/install/pointbot_rviz:/home/rob/project/csci5551-s26-team-pointbot/install/uf_ros_lib:/opt/ros/jazzy DEBUGINFOD_URLS=https://debuginfod.ubuntu.com LD_LIBRARY_PATH=/home/rob/project/csci5551-s26-team-pointbot/install/xarm_gazebo/lib:/home/rob/project/csci5551-s26-team-pointbot/install/xarm_controller/lib:/home/rob/project/csci5551-s26-team-pointbot/install/xarm_api/lib:/home/rob/project/csci5551-s26-team-pointbot/install/xarm_sdk/lib:/home/rob/project/csci5551-s26-team-pointbot/install/xarm_msgs/lib:/opt/ros/jazzy/opt/gz_sim_vendor/lib:/opt/ros/jazzy/opt/gz_sensors_vendor/lib:/opt/ros/jazzy/opt/gz_physics_vendor/lib:/opt/ros/jazzy/opt/sdformat_vendor/lib:/opt/ros/jazzy/opt/rviz_ogre_vendor/lib:/opt/ros/jazzy/lib/x86_64-linux-gnu:/opt/ros/jazzy/opt/gz_gui_vendor/lib:/opt/ros/jazzy/opt/gz_transport_vendor/lib:/opt/ros/jazzy/opt/gz_rendering_vendor/lib:/opt/ros/jazzy/opt/gz_plugin_vendor/lib:/opt/ros/jazzy/opt/gz_fuel_tools_vendor/lib:/opt/ros/jazzy/opt/gz_msgs_vendor/lib:/opt/ros/jazzy/opt/gz_common_vendor/lib:/opt/ros/jazzy/opt/gz_math_vendor/lib:/opt/ros/jazzy/opt/gz_utils_vendor/lib:/opt/ros/jazzy/opt/gz_tools_vendor/lib:/opt/ros/jazzy/opt/gz_ogre_next_vendor/lib:/opt/ros/jazzy/opt/gz_dartsim_vendor/lib:/opt/ros/jazzy/opt/gz_cmake_vendor/lib:/opt/ros/jazzy/lib:/usr/local/cuda-12.8/lib64’ PYTHONPATH=/home/rob/project/csci5551-s26-team-pointbot/install/xarm_msgs/lib/python3.12/site-packages:/home/rob/project/csci5551-s26-team-pointbot/install/uf_ros_lib/lib/python3.12/site-packages:/opt/ros/jazzy/lib/python3.12/site-packages /usr/bin/cmake --install /home/rob/project/csci5551-s26-team-pointbot/build/xarm_moveit_config
