[0.442s] Invoking command in '/home/rob/project/csci5551-s26-team-pointbot/build/zed_msgs': CMAKE_PREFIX_PATH=${CMAKE_PREFIX_PATH}:/home/rob/project/csci5551-s26-team-pointbot/install/pointbot_rviz:/home/rob/project/csci5551-s26-team-pointbot/install/uf_ros_lib:/home/rob/project/csci5551-s26-team-pointbot/install/planning:/home/rob/project/csci5551-s26-team-pointbot/install/perception:/opt/ros/jazzy DEBUGINFOD_URLS=https://debuginfod.ubuntu.com /usr/bin/cmake --build /home/rob/project/csci5551-s26-team-pointbot/build/zed_msgs -- -j16 -l16
[0.695s] [  0%] Built target zed_msgs__rs
[0.696s] [  0%] Built target zed_msgs__rosidl_generator_type_description
[0.709s] [  0%] Built target ament_cmake_python_copy_zed_msgs
[0.773s] [  0%] Built target zed_msgs__cpp
[0.788s] [ 28%] Built target zed_msgs__rosidl_generator_c
[0.908s] [ 37%] Built target zed_msgs__rosidl_typesupport_fastrtps_c
[0.939s] [ 47%] Built target zed_msgs__rosidl_typesupport_introspection_cpp
[0.954s] [ 67%] Built target zed_msgs__rosidl_typesupport_cpp
[0.955s] [ 64%] Built target zed_msgs__rosidl_typesupport_introspection_c
[0.977s] [ 77%] Built target zed_msgs__rosidl_typesupport_fastrtps_cpp
[0.985s] [ 87%] Built target zed_msgs__rosidl_typesupport_c
[1.066s] [ 87%] Built target zed_msgs
[1.127s] [ 87%] Built target zed_msgs__py
[1.230s] running egg_info
[1.237s] [ 97%] Built target zed_msgs__rosidl_generator_py
[1.269s] writing zed_msgs.egg-info/PKG-INFO
[1.270s] writing dependency_links to zed_msgs.egg-info/dependency_links.txt
[1.272s] writing top-level names to zed_msgs.egg-info/top_level.txt
[1.338s] [ 98%] Built target zed_msgs_s__rosidl_typesupport_fastrtps_c
[1.339s] [ 99%] Built target zed_msgs_s__rosidl_typesupport_introspection_c
[1.362s] [100%] Built target zed_msgs_s__rosidl_typesupport_c
[1.427s] reading manifest file 'zed_msgs.egg-info/SOURCES.txt'
[1.434s] writing manifest file 'zed_msgs.egg-info/SOURCES.txt'
[1.571s] [100%] Built target ament_cmake_python_build_zed_msgs_egg
[2.570s] Invoked command in '/home/rob/project/csci5551-s26-team-pointbot/build/zed_msgs' returned '0': CMAKE_PREFIX_PATH=${CMAKE_PREFIX_PATH}:/home/rob/project/csci5551-s26-team-pointbot/install/pointbot_rviz:/home/rob/project/csci5551-s26-team-pointbot/install/uf_ros_lib:/home/rob/project/csci5551-s26-team-pointbot/install/planning:/home/rob/project/csci5551-s26-team-pointbot/install/perception:/opt/ros/jazzy DEBUGINFOD_URLS=https://debuginfod.ubuntu.com /usr/bin/cmake --build /home/rob/project/csci5551-s26-team-pointbot/build/zed_msgs -- -j16 -l16
[2.574s] Invoking command in '/home/rob/project/csci5551-s26-team-pointbot/build/zed_msgs': CMAKE_PREFIX_PATH=${CMAKE_PREFIX_PATH}:/home/rob/project/csci5551-s26-team-pointbot/install/pointbot_rviz:/home/rob/project/csci5551-s26-team-pointbot/install/uf_ros_lib:/home/rob/project/csci5551-s26-team-pointbot/install/planning:/home/rob/project/csci5551-s26-team-pointbot/install/perception:/opt/ros/jazzy DEBUGINFOD_URLS=https://debuginfod.ubuntu.com /usr/bin/cmake --install /home/rob/project/csci5551-s26-team-pointbot/build/zed_msgs
[2.598s] -- Install configuration: ""
[2.598s] -- Up-to-date: /home/rob/project/csci5551-s26-team-pointbot/install/zed_msgs/share/ament_index/resource_index/rosidl_interfaces/zed_msgs
[2.599s] -- Up-to-date: /home/rob/project/csci5551-s26-team-pointbot/install/zed_msgs/share/zed_msgs/msg/Object.json
[2.599s] -- Up-to-date: /home/rob/project/csci5551-s26-team-pointbot/install/zed_msgs/share/zed_msgs/msg/ObjectsStamped.json
[2.599s] -- Up-to-date: /home/rob/project/csci5551-s26-team-pointbot/install/zed_msgs/share/zed_msgs/msg/Keypoint2Di.json
[2.599s] -- Up-to-date: /home/rob/project/csci5551-s26-team-pointbot/install/zed_msgs/share/zed_msgs/msg/Keypoint2Df.json
[2.600s] -- Up-to-date: /home/rob/project/csci5551-s26-team-pointbot/install/zed_msgs/share/zed_msgs/msg/Keypoint3D.json
[2.600s] -- Up-to-date: /home/rob/project/csci5551-s26-team-pointbot/install/zed_msgs/share/zed_msgs/msg/BoundingBox2Di.json
[2.600s] -- Up-to-date: /home/rob/project/csci5551-s26-team-pointbot/install/zed_msgs/share/zed_msgs/msg/BoundingBox2Df.json
[2.601s] -- Up-to-date: /home/rob/project/csci5551-s26-team-pointbot/install/zed_msgs/share/zed_msgs/msg/BoundingBox3D.json
[2.601s] -- Up-to-date: /home/rob/project/csci5551-s26-team-pointbot/install/zed_msgs/share/zed_msgs/msg/Skeleton2D.json
[2.601s] -- Up-to-date: /home/rob/project/csci5551-s26-team-pointbot/install/zed_msgs/share/zed_msgs/msg/Skeleton3D.json
[2.601s] -- Up-to-date: /home/rob/project/csci5551-s26-team-pointbot/install/zed_msgs/share/zed_msgs/msg/DepthInfoStamped.json
[2.601s] -- Up-to-date: /home/rob/project/csci5551-s26-team-pointbot/install/zed_msgs/share/zed_msgs/msg/PlaneStamped.json
[2.602s] -- Up-to-date: /home/rob/project/csci5551-s26-team-pointbot/install/zed_msgs/share/zed_msgs/msg/PosTrackStatus.json
[2.602s] -- Up-to-date: /home/rob/project/csci5551-s26-team-pointbot/install/zed_msgs/share/zed_msgs/msg/GnssFusionStatus.json
[2.602s] -- Up-to-date: /home/rob/project/csci5551-s26-team-pointbot/install/zed_msgs/share/zed_msgs/msg/Heartbeat.json
[2.602s] -- Up-to-date: /home/rob/project/csci5551-s26-team-pointbot/install/zed_msgs/share/zed_msgs/msg/MagHeadingStatus.json
[2.602s] -- Up-to-date: /home/rob/project/csci5551-s26-team-pointbot/install/zed_msgs/share/zed_msgs/msg/SvoStatus.json
[2.602s] -- Up-to-date: /home/rob/project/csci5551-s26-team-pointbot/install/zed_msgs/share/zed_msgs/msg/HealthStatusStamped.json
[2.602s] -- Up-to-date: /home/rob/project/csci5551-s26-team-pointbot/install/zed_msgs/share/zed_msgs/srv/SetPose.json
[2.602s] -- Up-to-date: /home/rob/project/csci5551-s26-team-pointbot/install/zed_msgs/share/zed_msgs/srv/StartSvoRec.json
[2.603s] -- Up-to-date: /home/rob/project/csci5551-s26-team-pointbot/install/zed_msgs/share/zed_msgs/srv/SetROI.json
[2.608s] -- Up-to-date: /home/rob/project/csci5551-s26-team-pointbot/install/zed_msgs/share/zed_msgs/srv/SetSvoFrame.json
[2.613s] -- Up-to-date: /home/rob/project/csci5551-s26-team-pointbot/install/zed_msgs/share/zed_msgs/srv/SaveAreaMemory.json
[2.613s] -- Up-to-date: /home/rob/project/csci5551-s26-team-pointbot/install/zed_msgs/include/zed_msgs/zed_msgs
[2.614s] -- Up-to-date: /home/rob/project/csci5551-s26-team-pointbot/install/zed_msgs/include/zed_msgs/zed_msgs/msg
[2.614s] -- Up-to-date: /home/rob/project/csci5551-s26-team-pointbot/install/zed_msgs/include/zed_msgs/zed_msgs/msg/skeleton3_d.h
[2.614s] -- Up-to-date: /home/rob/project/csci5551-s26-team-pointbot/install/zed_msgs/include/zed_msgs/zed_msgs/msg/keypoint3_d.h
[2.614s] -- Up-to-date: /home/rob/project/csci5551-s26-team-pointbot/install/zed_msgs/include/zed_msgs/zed_msgs/msg/svo_status.h
[2.614s] -- Up-to-date: /home/rob/project/csci5551-s26-team-pointbot/install/zed_msgs/include/zed_msgs/zed_msgs/msg/keypoint2_df.h
[2.614s] -- Up-to-date: /home/rob/project/csci5551-s26-team-pointbot/install/zed_msgs/include/zed_msgs/zed_msgs/msg/gnss_fusion_status.h
[2.614s] -- Up-to-date: /home/rob/project/csci5551-s26-team-pointbot/install/zed_msgs/include/zed_msgs/zed_msgs/msg/bounding_box2_df.h
[2.614s] -- Up-to-date: /home/rob/project/csci5551-s26-team-pointbot/install/zed_msgs/include/zed_msgs/zed_msgs/msg/skeleton2_d.h
[2.615s] -- Up-to-date: /home/rob/project/csci5551-s26-team-pointbot/install/zed_msgs/include/zed_msgs/zed_msgs/msg/keypoint2_di.h
[2.615s] -- Up-to-date: /home/rob/project/csci5551-s26-team-pointbot/install/zed_msgs/include/zed_msgs/zed_msgs/msg/pos_track_status.h
[2.615s] -- Up-to-date: /home/rob/project/csci5551-s26-team-pointbot/install/zed_msgs/include/zed_msgs/zed_msgs/msg/bounding_box2_di.h
[2.615s] -- Up-to-date: /home/rob/project/csci5551-s26-team-pointbot/install/zed_msgs/include/zed_msgs/zed_msgs/msg/heartbeat.h
[2.615s] -- Up-to-date: /home/rob/project/csci5551-s26-team-pointbot/install/zed_msgs/include/zed_msgs/zed_msgs/msg/rosidl_generator_c__visibility_control.h
[2.615s] -- Up-to-date: /home/rob/project/csci5551-s26-team-pointbot/install/zed_msgs/include/zed_msgs/zed_msgs/msg/health_status_stamped.h
[2.615s] -- Up-to-date: /home/rob/project/csci5551-s26-team-pointbot/install/zed_msgs/include/zed_msgs/zed_msgs/msg/objects_stamped.h
[2.616s] -- Up-to-date: /home/rob/project/csci5551-s26-team-pointbot/install/zed_msgs/include/zed_msgs/zed_msgs/msg/bounding_box3_d.h
[2.616s] -- Up-to-date: /home/rob/project/csci5551-s26-team-pointbot/install/zed_msgs/include/zed_msgs/zed_msgs/msg/plane_stamped.h
[2.621s] -- Up-to-date: /home/rob/project/csci5551-s26-team-pointbot/install/zed_msgs/include/zed_msgs/zed_msgs/msg/detail
[2.621s] -- Up-to-date: /home/rob/project/csci5551-s26-team-pointbot/install/zed_msgs/include/zed_msgs/zed_msgs/msg/detail/depth_info_stamped__functions.h
[2.622s] -- Up-to-date: /home/rob/project/csci5551-s26-team-pointbot/install/zed_msgs/include/zed_msgs/zed_msgs/msg/detail/plane_stamped__type_support.h
[2.622s] -- Up-to-date: /home/rob/project/csci5551-s26-team-pointbot/install/zed_msgs/include/zed_msgs/zed_msgs/msg/detail/keypoint2_di__functions.c
[2.622s] -- Up-to-date: /home/rob/project/csci5551-s26-team-pointbot/install/zed_msgs/include/zed_msgs/zed_msgs/msg/detail/objects_stamped__description.c
[2.623s] -- Up-to-date: /home/rob/project/csci5551-s26-team-pointbot/install/zed_msgs/include/zed_msgs/zed_msgs/msg/detail/gnss_fusion_status__description.c
[2.625s] -- Up-to-date: /home/rob/project/csci5551-s26-team-pointbot/install/zed_msgs/include/zed_msgs/zed_msgs/msg/detail/depth_info_stamped__type_support.h
[2.626s] -- Up-to-date: /home/rob/project/csci5551-s26-team-pointbot/install/zed_msgs/include/zed_msgs/zed_msgs/msg/detail/keypoint2_df__type_support.h
[2.626s] -- Up-to-date: /home/rob/project/csci5551-s26-team-pointbot/install/zed_msgs/include/zed_msgs/zed_msgs/msg/detail/health_status_stamped__functions.c
[2.626s] -- Up-to-date: /home/rob/project/csci5551-s26-team-pointbot/install/zed_msgs/include/zed_msgs/zed_msgs/msg/detail/object__type_support.h
[2.627s] -- Up-to-date: /home/rob/project/csci5551-s26-team-pointbot/install/zed_msgs/include/zed_msgs/zed_msgs/msg/detail/plane_stamped__functions.h
[2.627s] -- Up-to-date: /home/rob/project/csci5551-s26-team-pointbot/install/zed_msgs/include/zed_msgs/zed_msgs/msg/detail/plane_stamped__functions.c
[2.627s] -- Up-to-date: /home/rob/project/csci5551-s26-team-pointbot/install/zed_msgs/include/zed_msgs/zed_msgs/msg/detail/object__functions.c
[2.629s] -- Up-to-date: /home/rob/project/csci5551-s26-team-pointbot/install/zed_msgs/include/zed_msgs/zed_msgs/msg/detail/object__functions.h
[2.629s] -- Up-to-date: /home/rob/project/csci5551-s26-team-pointbot/install/zed_msgs/include/zed_msgs/zed_msgs/msg/detail/objects_stamped__functions.h
[2.629s] -- Up-to-date: /home/rob/project/csci5551-s26-team-pointbot/install/zed_msgs/include/zed_msgs/zed_msgs/msg/detail/skeleton3_d__struct.h
[2.629s] -- Up-to-date: /home/rob/project/csci5551-s26-team-pointbot/install/zed_msgs/include/zed_msgs/zed_msgs/msg/detail/bounding_box2_di__functions.c
[2.629s] -- Up-to-date: /home/rob/project/csci5551-s26-team-pointbot/install/zed_msgs/include/zed_msgs/zed_msgs/msg/detail/heartbeat__type_support.h
[2.629s] -- Installing: /home/rob/project/csci5551-s26-team-pointbot/install/zed_msgs/include/zed_msgs/zed_msgs/msg/detail/mag_heading_status__type_support.c
[2.630s] -- Up-to-date: /home/rob/project/csci5551-s26-team-pointbot/install/zed_msgs/include/zed_msgs/zed_msgs/msg/detail/pos_track_status__struct.h
[2.630s] -- Up-to-date: /home/rob/project/csci5551-s26-team-pointbot/install/zed_msgs/include/zed_msgs/zed_msgs/msg/detail/plane_stamped__struct.h
[2.630s] -- Up-to-date: /home/rob/project/csci5551-s26-team-pointbot/install/zed_msgs/include/zed_msgs/zed_msgs/msg/detail/bounding_box3_d__type_support.h
[2.631s] -- Installing: /home/rob/project/csci5551-s26-team-pointbot/install/zed_msgs/include/zed_msgs/zed_msgs/msg/detail/plane_stamped__type_support.c
[2.632s] -- Up-to-date: /home/rob/project/csci5551-s26-team-pointbot/install/zed_msgs/include/zed_msgs/zed_msgs/msg/detail/svo_status__description.c
[2.633s] -- Up-to-date: /home/rob/project/csci5551-s26-team-pointbot/install/zed_msgs/include/zed_msgs/zed_msgs/msg/detail/mag_heading_status__description.c
[2.633s] -- Up-to-date: /home/rob/project/csci5551-s26-team-pointbot/install/zed_msgs/include/zed_msgs/zed_msgs/msg/detail/bounding_box2_df__description.c
[2.633s] -- Up-to-date: /home/rob/project/csci5551-s26-team-pointbot/install/zed_msgs/include/zed_msgs/zed_msgs/msg/detail/mag_heading_status__functions.h
[2.633s] -- Up-to-date: /home/rob/project/csci5551-s26-team-pointbot/install/zed_msgs/include/zed_msgs/zed_msgs/msg/detail/skeleton3_d__type_support.h
[2.633s] -- Installing: /home/rob/project/csci5551-s26-team-pointbot/install/zed_msgs/include/zed_msgs/zed_msgs/msg/detail/gnss_fusion_status__type_support.c
[2.633s] -- Up-to-date: /home/rob/project/csci5551-s26-team-pointbot/install/zed_msgs/include/zed_msgs/zed_msgs/msg/detail/depth_info_stamped__description.c
[2.634s] -- Up-to-date: /home/rob/project/csci5551-s26-team-pointbot/install/zed_msgs/include/zed_msgs/zed_msgs/msg/detail/skeleton2_d__functions.h
[2.634s] -- Up-to-date: /home/rob/project/csci5551-s26-team-pointbot/install/zed_msgs/include/zed_msgs/zed_msgs/msg/detail/bounding_box3_d__functions.c
[2.634s] -- Up-to-date: /home/rob/project/csci5551-s26-team-pointbot/install/zed_msgs/include/zed_msgs/zed_msgs/msg/detail/bounding_box2_di__type_support.h
[2.634s] -- Up-to-date: /home/rob/project/csci5551-s26-team-pointbot/install/zed_msgs/include/zed_msgs/zed_msgs/msg/detail/health_status_stamped__description.c
[2.634s] -- Installing: /home/rob/project/csci5551-s26-team-pointbot/install/zed_msgs/include/zed_msgs/zed_msgs/msg/detail/keypoint2_df__type_support.c
[2.634s] -- Up-to-date: /home/rob/project/csci5551-s26-team-pointbot/install/zed_msgs/include/zed_msgs/zed_msgs/msg/detail/heartbeat__description.c
[2.634s] -- Installing: /home/rob/project/csci5551-s26-team-pointbot/install/zed_msgs/include/zed_msgs/zed_msgs/msg/detail/heartbeat__type_support.c
[2.635s] -- Up-to-date: /home/rob/project/csci5551-s26-team-pointbot/install/zed_msgs/include/zed_msgs/zed_msgs/msg/detail/bounding_box2_di__functions.h
[2.635s] -- Installing: /home/rob/project/csci5551-s26-team-pointbot/install/zed_msgs/include/zed_msgs/zed_msgs/msg/detail/bounding_box3_d__type_support.c
[2.635s] -- Up-to-date: /home/rob/project/csci5551-s26-team-pointbot/install/zed_msgs/include/zed_msgs/zed_msgs/msg/detail/keypoint2_di__description.c
[2.635s] -- Up-to-date: /home/rob/project/csci5551-s26-team-pointbot/install/zed_msgs/include/zed_msgs/zed_msgs/msg/detail/bounding_box2_df__functions.c
[2.635s] -- Up-to-date: /home/rob/project/csci5551-s26-team-pointbot/install/zed_msgs/include/zed_msgs/zed_msgs/msg/detail/keypoint3_d__struct.h
[2.635s] -- Up-to-date: /home/rob/project/csci5551-s26-team-pointbot/install/zed_msgs/include/zed_msgs/zed_msgs/msg/detail/bounding_box2_df__functions.h
[2.635s] -- Up-to-date: /home/rob/project/csci5551-s26-team-pointbot/install/zed_msgs/include/zed_msgs/zed_msgs/msg/detail/heartbeat__struct.h
[2.635s] -- Installing: /home/rob/project/csci5551-s26-team-pointbot/install/zed_msgs/include/zed_msgs/zed_msgs/msg/detail/keypoint3_d__type_support.c
[2.636s] -- Up-to-date: /home/rob/project/csci5551-s26-team-pointbot/install/zed_msgs/include/zed_msgs/zed_msgs/msg/detail/keypoint3_d__description.c
[2.636s] -- Up-to-date: /home/rob/project/csci5551-s26-team-pointbot/install/zed_msgs/include/zed_msgs/zed_msgs/msg/detail/gnss_fusion_status__type_support.h
[2.636s] -- Up-to-date: /home/rob/project/csci5551-s26-team-pointbot/install/zed_msgs/include/zed_msgs/zed_msgs/msg/detail/skeleton3_d__functions.c
[2.636s] -- Up-to-date: /home/rob/project/csci5551-s26-team-pointbot/install/zed_msgs/include/zed_msgs/zed_msgs/msg/detail/heartbeat__functions.c
[2.641s] -- Up-to-date: /home/rob/project/csci5551-s26-team-pointbot/install/zed_msgs/include/zed_msgs/zed_msgs/msg/detail/bounding_box3_d__description.c
[2.642s] -- Installing: /home/rob/project/csci5551-s26-team-pointbot/install/zed_msgs/include/zed_msgs/zed_msgs/msg/detail/bounding_box2_df__type_support.c
[2.642s] -- Up-to-date: /home/rob/project/csci5551-s26-team-pointbot/install/zed_msgs/include/zed_msgs/zed_msgs/msg/detail/skeleton2_d__type_support.h
[2.642s] -- Up-to-date: /home/rob/project/csci5551-s26-team-pointbot/install/zed_msgs/include/zed_msgs/zed_msgs/msg/detail/skeleton2_d__struct.h
[2.642s] -- Up-to-date: /home/rob/project/csci5551-s26-team-pointbot/install/zed_msgs/include/zed_msgs/zed_msgs/msg/detail/objects_stamped__functions.c
[2.642s] -- Up-to-date: /home/rob/project/csci5551-s26-team-pointbot/install/zed_msgs/include/zed_msgs/zed_msgs/msg/detail/keypoint2_df__struct.h
[2.642s] -- Up-to-date: /home/rob/project/csci5551-s26-team-pointbot/install/zed_msgs/include/zed_msgs/zed_msgs/msg/detail/depth_info_stamped__struct.h
[2.643s] -- Installing: /home/rob/project/csci5551-s26-team-pointbot/install/zed_msgs/include/zed_msgs/zed_msgs/msg/detail/skeleton2_d__type_support.c
[2.643s] -- Up-to-date: /home/rob/project/csci5551-s26-team-pointbot/install/zed_msgs/include/zed_msgs/zed_msgs/msg/detail/mag_heading_status__functions.c
[2.643s] -- Installing: /home/rob/project/csci5551-s26-team-pointbot/install/zed_msgs/include/zed_msgs/zed_msgs/msg/detail/bounding_box2_di__type_support.c
[2.643s] -- Up-to-date: /home/rob/project/csci5551-s26-team-pointbot/install/zed_msgs/include/zed_msgs/zed_msgs/msg/detail/keypoint2_di__type_support.h
[2.643s] -- Up-to-date: /home/rob/project/csci5551-s26-team-pointbot/install/zed_msgs/include/zed_msgs/zed_msgs/msg/detail/skeleton2_d__description.c
[2.643s] -- Up-to-date: /home/rob/project/csci5551-s26-team-pointbot/install/zed_msgs/include/zed_msgs/zed_msgs/msg/detail/keypoint2_df__description.c
[2.644s] -- Up-to-date: /home/rob/project/csci5551-s26-team-pointbot/install/zed_msgs/include/zed_msgs/zed_msgs/msg/detail/keypoint2_df__functions.h
[2.644s] -- Up-to-date: /home/rob/project/csci5551-s26-team-pointbot/install/zed_msgs/include/zed_msgs/zed_msgs/msg/detail/svo_status__struct.h
[2.644s] -- Up-to-date: /home/rob/project/csci5551-s26-team-pointbot/install/zed_msgs/include/zed_msgs/zed_msgs/msg/detail/gnss_fusion_status__functions.c
[2.644s] -- Up-to-date: /home/rob/project/csci5551-s26-team-pointbot/install/zed_msgs/include/zed_msgs/zed_msgs/msg/detail/svo_status__functions.h
[2.648s] -- Up-to-date: /home/rob/project/csci5551-s26-team-pointbot/install/zed_msgs/include/zed_msgs/zed_msgs/msg/detail/bounding_box2_di__struct.h
[2.648s] -- Up-to-date: /home/rob/project/csci5551-s26-team-pointbot/install/zed_msgs/include/zed_msgs/zed_msgs/msg/detail/skeleton3_d__functions.h
[2.648s] -- Up-to-date: /home/rob/project/csci5551-s26-team-pointbot/install/zed_msgs/include/zed_msgs/zed_msgs/msg/detail/keypoint3_d__type_support.h
[2.649s] -- Installing: /home/rob/project/csci5551-s26-team-pointbot/install/zed_msgs/include/zed_msgs/zed_msgs/msg/detail/objects_stamped__type_support.c
[2.649s] -- Up-to-date: /home/rob/project/csci5551-s26-team-pointbot/install/zed_msgs/include/zed_msgs/zed_msgs/msg/detail/keypoint2_di__functions.h
[2.650s] -- Up-to-date: /home/rob/project/csci5551-s26-team-pointbot/install/zed_msgs/include/zed_msgs/zed_msgs/msg/detail/mag_heading_status__struct.h
[2.654s] -- Up-to-date: /home/rob/project/csci5551-s26-team-pointbot/install/zed_msgs/include/zed_msgs/zed_msgs/msg/detail/svo_status__functions.c
[2.654s] -- Up-to-date: /home/rob/project/csci5551-s26-team-pointbot/install/zed_msgs/include/zed_msgs/zed_msgs/msg/detail/pos_track_status__functions.h
[2.654s] -- Up-to-date: /home/rob/project/csci5551-s26-team-pointbot/install/zed_msgs/include/zed_msgs/zed_msgs/msg/detail/skeleton3_d__description.c
[2.655s] -- Up-to-date: /home/rob/project/csci5551-s26-team-pointbot/install/zed_msgs/include/zed_msgs/zed_msgs/msg/detail/plane_stamped__description.c
[2.655s] -- Up-to-date: /home/rob/project/csci5551-s26-team-pointbot/install/zed_msgs/include/zed_msgs/zed_msgs/msg/detail/health_status_stamped__struct.h
[2.655s] -- Up-to-date: /home/rob/project/csci5551-s26-team-pointbot/install/zed_msgs/include/zed_msgs/zed_msgs/msg/detail/gnss_fusion_status__functions.h
[2.655s] -- Up-to-date: /home/rob/project/csci5551-s26-team-pointbot/install/zed_msgs/include/zed_msgs/zed_msgs/msg/detail/keypoint3_d__functions.c
[2.655s] -- Up-to-date: /home/rob/project/csci5551-s26-team-pointbot/install/zed_msgs/include/zed_msgs/zed_msgs/msg/detail/keypoint2_df__functions.c
[2.656s] -- Up-to-date: /home/rob/project/csci5551-s26-team-pointbot/install/zed_msgs/include/zed_msgs/zed_msgs/msg/detail/health_status_stamped__functions.h
[2.656s] -- Installing: /home/rob/project/csci5551-s26-team-pointbot/install/zed_msgs/include/zed_msgs/zed_msgs/msg/detail/health_status_stamped__type_support.c
[2.656s] -- Up-to-date: /home/rob/project/csci5551-s26-team-pointbot/install/zed_msgs/include/zed_msgs/zed_msgs/msg/detail/skeleton2_d__functions.c
[2.656s] -- Up-to-date: /home/rob/project/csci5551-s26-team-pointbot/install/zed_msgs/include/zed_msgs/zed_msgs/msg/detail/objects_stamped__type_support.h
[2.657s] -- Up-to-date: /home/rob/project/csci5551-s26-team-pointbot/install/zed_msgs/include/zed_msgs/zed_msgs/msg/detail/heartbeat__functions.h
[2.657s] -- Up-to-date: /home/rob/project/csci5551-s26-team-pointbot/install/zed_msgs/include/zed_msgs/zed_msgs/msg/detail/bounding_box3_d__struct.h
[2.657s] -- Up-to-date: /home/rob/project/csci5551-s26-team-pointbot/install/zed_msgs/include/zed_msgs/zed_msgs/msg/detail/svo_status__type_support.h
[2.661s] -- Installing: /home/rob/project/csci5551-s26-team-pointbot/install/zed_msgs/include/zed_msgs/zed_msgs/msg/detail/keypoint2_di__type_support.c
[2.662s] -- Up-to-date: /home/rob/project/csci5551-s26-team-pointbot/install/zed_msgs/include/zed_msgs/zed_msgs/msg/detail/object__struct.h
[2.662s] -- Up-to-date: /home/rob/project/csci5551-s26-team-pointbot/install/zed_msgs/include/zed_msgs/zed_msgs/msg/detail/pos_track_status__functions.c
[2.662s] -- Installing: /home/rob/project/csci5551-s26-team-pointbot/install/zed_msgs/include/zed_msgs/zed_msgs/msg/detail/skeleton3_d__type_support.c
[2.662s] -- Up-to-date: /home/rob/project/csci5551-s26-team-pointbot/install/zed_msgs/include/zed_msgs/zed_msgs/msg/detail/bounding_box2_di__description.c
[2.662s] -- Up-to-date: /home/rob/project/csci5551-s26-team-pointbot/install/zed_msgs/include/zed_msgs/zed_msgs/msg/detail/object__description.c
[2.662s] -- Up-to-date: /home/rob/project/csci5551-s26-team-pointbot/install/zed_msgs/include/zed_msgs/zed_msgs/msg/detail/mag_heading_status__type_support.h
[2.662s] -- Installing: /home/rob/project/csci5551-s26-team-pointbot/install/zed_msgs/include/zed_msgs/zed_msgs/msg/detail/object__type_support.c
[2.663s] -- Installing: /home/rob/project/csci5551-s26-team-pointbot/install/zed_msgs/include/zed_msgs/zed_msgs/msg/detail/depth_info_stamped__type_support.c
[2.663s] -- Up-to-date: /home/rob/project/csci5551-s26-team-pointbot/install/zed_msgs/include/zed_msgs/zed_msgs/msg/detail/bounding_box2_df__type_support.h
[2.663s] -- Up-to-date: /home/rob/project/csci5551-s26-team-pointbot/install/zed_msgs/include/zed_msgs/zed_msgs/msg/detail/pos_track_status__type_support.h
[2.663s] -- Up-to-date: /home/rob/project/csci5551-s26-team-pointbot/install/zed_msgs/include/zed_msgs/zed_msgs/msg/detail/pos_track_status__description.c
[2.663s] -- Up-to-date: /home/rob/project/csci5551-s26-team-pointbot/install/zed_msgs/include/zed_msgs/zed_msgs/msg/detail/keypoint3_d__functions.h
[2.663s] -- Up-to-date: /home/rob/project/csci5551-s26-team-pointbot/install/zed_msgs/include/zed_msgs/zed_msgs/msg/detail/bounding_box2_df__struct.h
[2.663s] -- Up-to-date: /home/rob/project/csci5551-s26-team-pointbot/install/zed_msgs/include/zed_msgs/zed_msgs/msg/detail/objects_stamped__struct.h
[2.663s] -- Up-to-date: /home/rob/project/csci5551-s26-team-pointbot/install/zed_msgs/include/zed_msgs/zed_msgs/msg/detail/keypoint2_di__struct.h
[2.663s] -- Installing: /home/rob/project/csci5551-s26-team-pointbot/install/zed_msgs/include/zed_msgs/zed_msgs/msg/detail/pos_track_status__type_support.c
[2.664s] -- Up-to-date: /home/rob/project/csci5551-s26-team-pointbot/install/zed_msgs/include/zed_msgs/zed_msgs/msg/detail/bounding_box3_d__functions.h
[2.664s] -- Up-to-date: /home/rob/project/csci5551-s26-team-pointbot/install/zed_msgs/include/zed_msgs/zed_msgs/msg/detail/health_status_stamped__type_support.h
[2.664s] -- Installing: /home/rob/project/csci5551-s26-team-pointbot/install/zed_msgs/include/zed_msgs/zed_msgs/msg/detail/svo_status__type_support.c
[2.664s] -- Up-to-date: /home/rob/project/csci5551-s26-team-pointbot/install/zed_msgs/include/zed_msgs/zed_msgs/msg/detail/depth_info_stamped__functions.c
[2.664s] -- Up-to-date: /home/rob/project/csci5551-s26-team-pointbot/install/zed_msgs/include/zed_msgs/zed_msgs/msg/detail/gnss_fusion_status__struct.h
[2.664s] -- Up-to-date: /home/rob/project/csci5551-s26-team-pointbot/install/zed_msgs/include/zed_msgs/zed_msgs/msg/object.h
[2.664s] -- Up-to-date: /home/rob/project/csci5551-s26-team-pointbot/install/zed_msgs/include/zed_msgs/zed_msgs/msg/mag_heading_status.h
[2.664s] -- Up-to-date: /home/rob/project/csci5551-s26-team-pointbot/install/zed_msgs/include/zed_msgs/zed_msgs/msg/depth_info_stamped.h
[2.664s] -- Up-to-date: /home/rob/project/csci5551-s26-team-pointbot/install/zed_msgs/include/zed_msgs/zed_msgs/srv
[2.665s] -- Up-to-date: /home/rob/project/csci5551-s26-team-pointbot/install/zed_msgs/include/zed_msgs/zed_msgs/srv/set_svo_frame.h
[2.665s] -- Up-to-date: /home/rob/project/csci5551-s26-team-pointbot/install/zed_msgs/include/zed_msgs/zed_msgs/srv/save_area_memory.h
[2.665s] -- Up-to-date: /home/rob/project/csci5551-s26-team-pointbot/install/zed_msgs/include/zed_msgs/zed_msgs/srv/start_svo_rec.h
[2.665s] -- Up-to-date: /home/rob/project/csci5551-s26-team-pointbot/install/zed_msgs/include/zed_msgs/zed_msgs/srv/set_pose.h
[2.669s] -- Up-to-date: /home/rob/project/csci5551-s26-team-pointbot/install/zed_msgs/include/zed_msgs/zed_msgs/srv/set_roi.h
[2.670s] -- Up-to-date: /home/rob/project/csci5551-s26-team-pointbot/install/zed_msgs/include/zed_msgs/zed_msgs/srv/detail
[2.670s] -- Installing: /home/rob/project/csci5551-s26-team-pointbot/install/zed_msgs/include/zed_msgs/zed_msgs/srv/detail/start_svo_rec__type_support.c
[2.670s] -- Up-to-date: /home/rob/project/csci5551-s26-team-pointbot/install/zed_msgs/include/zed_msgs/zed_msgs/srv/detail/set_roi__struct.h
[2.670s] -- Up-to-date: /home/rob/project/csci5551-s26-team-pointbot/install/zed_msgs/include/zed_msgs/zed_msgs/srv/detail/save_area_memory__struct.h
[2.670s] -- Up-to-date: /home/rob/project/csci5551-s26-team-pointbot/install/zed_msgs/include/zed_msgs/zed_msgs/srv/detail/set_pose__functions.h
[2.674s] -- Up-to-date: /home/rob/project/csci5551-s26-team-pointbot/install/zed_msgs/include/zed_msgs/zed_msgs/srv/detail/set_pose__description.c
[2.675s] -- Installing: /home/rob/project/csci5551-s26-team-pointbot/install/zed_msgs/include/zed_msgs/zed_msgs/srv/detail/save_area_memory__type_support.c
[2.675s] -- Up-to-date: /home/rob/project/csci5551-s26-team-pointbot/install/zed_msgs/include/zed_msgs/zed_msgs/srv/detail/save_area_memory__type_support.h
[2.675s] -- Up-to-date: /home/rob/project/csci5551-s26-team-pointbot/install/zed_msgs/include/zed_msgs/zed_msgs/srv/detail/save_area_memory__functions.c
[2.675s] -- Up-to-date: /home/rob/project/csci5551-s26-team-pointbot/install/zed_msgs/include/zed_msgs/zed_msgs/srv/detail/set_roi__description.c
[2.675s] -- Up-to-date: /home/rob/project/csci5551-s26-team-pointbot/install/zed_msgs/include/zed_msgs/zed_msgs/srv/detail/set_svo_frame__functions.h
[2.675s] -- Up-to-date: /home/rob/project/csci5551-s26-team-pointbot/install/zed_msgs/include/zed_msgs/zed_msgs/srv/detail/start_svo_rec__functions.c
[2.675s] -- Up-to-date: /home/rob/project/csci5551-s26-team-pointbot/install/zed_msgs/include/zed_msgs/zed_msgs/srv/detail/set_pose__type_support.h
[2.675s] -- Up-to-date: /home/rob/project/csci5551-s26-team-pointbot/install/zed_msgs/include/zed_msgs/zed_msgs/srv/detail/save_area_memory__description.c
[2.676s] -- Up-to-date: /home/rob/project/csci5551-s26-team-pointbot/install/zed_msgs/include/zed_msgs/zed_msgs/srv/detail/start_svo_rec__description.c
[2.676s] -- Up-to-date: /home/rob/project/csci5551-s26-team-pointbot/install/zed_msgs/include/zed_msgs/zed_msgs/srv/detail/set_pose__struct.h
[2.676s] -- Up-to-date: /home/rob/project/csci5551-s26-team-pointbot/install/zed_msgs/include/zed_msgs/zed_msgs/srv/detail/set_roi__type_support.h
[2.676s] -- Up-to-date: /home/rob/project/csci5551-s26-team-pointbot/install/zed_msgs/include/zed_msgs/zed_msgs/srv/detail/set_roi__functions.h
[2.676s] -- Installing: /home/rob/project/csci5551-s26-team-pointbot/install/zed_msgs/include/zed_msgs/zed_msgs/srv/detail/set_svo_frame__type_support.c
[2.676s] -- Installing: /home/rob/project/csci5551-s26-team-pointbot/install/zed_msgs/include/zed_msgs/zed_msgs/srv/detail/set_roi__type_support.c
[2.676s] -- Up-to-date: /home/rob/project/csci5551-s26-team-pointbot/install/zed_msgs/include/zed_msgs/zed_msgs/srv/detail/set_svo_frame__struct.h
[2.676s] -- Up-to-date: /home/rob/project/csci5551-s26-team-pointbot/install/zed_msgs/include/zed_msgs/zed_msgs/srv/detail/set_svo_frame__type_support.h
[2.676s] -- Up-to-date: /home/rob/project/csci5551-s26-team-pointbot/install/zed_msgs/include/zed_msgs/zed_msgs/srv/detail/set_svo_frame__functions.c
[2.677s] -- Up-to-date: /home/rob/project/csci5551-s26-team-pointbot/install/zed_msgs/include/zed_msgs/zed_msgs/srv/detail/save_area_memory__functions.h
[2.677s] -- Up-to-date: /home/rob/project/csci5551-s26-team-pointbot/install/zed_msgs/include/zed_msgs/zed_msgs/srv/detail/start_svo_rec__struct.h
[2.677s] -- Up-to-date: /home/rob/project/csci5551-s26-team-pointbot/install/zed_msgs/include/zed_msgs/zed_msgs/srv/detail/set_roi__functions.c
[2.677s] -- Installing: /home/rob/project/csci5551-s26-team-pointbot/install/zed_msgs/include/zed_msgs/zed_msgs/srv/detail/set_pose__type_support.c
[2.677s] -- Up-to-date: /home/rob/project/csci5551-s26-team-pointbot/install/zed_msgs/include/zed_msgs/zed_msgs/srv/detail/set_svo_frame__description.c
[2.677s] -- Up-to-date: /home/rob/project/csci5551-s26-team-pointbot/install/zed_msgs/include/zed_msgs/zed_msgs/srv/detail/set_pose__functions.c
[2.677s] -- Up-to-date: /home/rob/project/csci5551-s26-team-pointbot/install/zed_msgs/include/zed_msgs/zed_msgs/srv/detail/start_svo_rec__type_support.h
[2.677s] -- Up-to-date: /home/rob/project/csci5551-s26-team-pointbot/install/zed_msgs/include/zed_msgs/zed_msgs/srv/detail/start_svo_rec__functions.h
[2.677s] -- Up-to-date: /home/rob/project/csci5551-s26-team-pointbot/install/zed_msgs/share/zed_msgs/environment/library_path.sh
[2.677s] -- Up-to-date: /home/rob/project/csci5551-s26-team-pointbot/install/zed_msgs/share/zed_msgs/environment/library_path.dsv
[2.678s] -- Up-to-date: /home/rob/project/csci5551-s26-team-pointbot/install/zed_msgs/lib/libzed_msgs__rosidl_generator_c.so
[2.678s] -- Up-to-date: /home/rob/project/csci5551-s26-team-pointbot/install/zed_msgs/include/zed_msgs/zed_msgs
[2.678s] -- Up-to-date: /home/rob/project/csci5551-s26-team-pointbot/install/zed_msgs/include/zed_msgs/zed_msgs/msg
[2.678s] -- Up-to-date: /home/rob/project/csci5551-s26-team-pointbot/install/zed_msgs/include/zed_msgs/zed_msgs/msg/rosidl_typesupport_fastrtps_c__visibility_control.h
[2.678s] -- Up-to-date: /home/rob/project/csci5551-s26-team-pointbot/install/zed_msgs/include/zed_msgs/zed_msgs/msg/detail
[2.678s] -- Up-to-date: /home/rob/project/csci5551-s26-team-pointbot/install/zed_msgs/include/zed_msgs/zed_msgs/msg/detail/keypoint2_di__rosidl_typesupport_fastrtps_c.h
[2.678s] -- Up-to-date: /home/rob/project/csci5551-s26-team-pointbot/install/zed_msgs/include/zed_msgs/zed_msgs/msg/detail/heartbeat__rosidl_typesupport_fastrtps_c.h
[2.678s] -- Up-to-date: /home/rob/project/csci5551-s26-team-pointbot/install/zed_msgs/include/zed_msgs/zed_msgs/msg/detail/plane_stamped__rosidl_typesupport_fastrtps_c.h
[2.680s] -- Up-to-date: /home/rob/project/csci5551-s26-team-pointbot/install/zed_msgs/include/zed_msgs/zed_msgs/msg/detail/skeleton3_d__rosidl_typesupport_fastrtps_c.h
[2.680s] -- Up-to-date: /home/rob/project/csci5551-s26-team-pointbot/install/zed_msgs/include/zed_msgs/zed_msgs/msg/detail/bounding_box2_df__rosidl_typesupport_fastrtps_c.h
[2.680s] -- Up-to-date: /home/rob/project/csci5551-s26-team-pointbot/install/zed_msgs/include/zed_msgs/zed_msgs/msg/detail/depth_info_stamped__rosidl_typesupport_fastrtps_c.h
[2.680s] -- Up-to-date: /home/rob/project/csci5551-s26-team-pointbot/install/zed_msgs/include/zed_msgs/zed_msgs/msg/detail/objects_stamped__rosidl_typesupport_fastrtps_c.h
[2.682s] -- Up-to-date: /home/rob/project/csci5551-s26-team-pointbot/install/zed_msgs/include/zed_msgs/zed_msgs/msg/detail/object__rosidl_typesupport_fastrtps_c.h
[2.682s] -- Up-to-date: /home/rob/project/csci5551-s26-team-pointbot/install/zed_msgs/include/zed_msgs/zed_msgs/msg/detail/bounding_box2_di__rosidl_typesupport_fastrtps_c.h
[2.682s] -- Up-to-date: /home/rob/project/csci5551-s26-team-pointbot/install/zed_msgs/include/zed_msgs/zed_msgs/msg/detail/mag_heading_status__rosidl_typesupport_fastrtps_c.h
[2.683s] -- Up-to-date: /home/rob/project/csci5551-s26-team-pointbot/install/zed_msgs/include/zed_msgs/zed_msgs/msg/detail/keypoint2_df__rosidl_typesupport_fastrtps_c.h
[2.683s] -- Up-to-date: /home/rob/project/csci5551-s26-team-pointbot/install/zed_msgs/include/zed_msgs/zed_msgs/msg/detail/gnss_fusion_status__rosidl_typesupport_fastrtps_c.h
[2.683s] -- Up-to-date: /home/rob/project/csci5551-s26-team-pointbot/install/zed_msgs/include/zed_msgs/zed_msgs/msg/detail/keypoint3_d__rosidl_typesupport_fastrtps_c.h
[2.683s] -- Up-to-date: /home/rob/project/csci5551-s26-team-pointbot/install/zed_msgs/include/zed_msgs/zed_msgs/msg/detail/health_status_stamped__rosidl_typesupport_fastrtps_c.h
[2.683s] -- Up-to-date: /home/rob/project/csci5551-s26-team-pointbot/install/zed_msgs/include/zed_msgs/zed_msgs/msg/detail/skeleton2_d__rosidl_typesupport_fastrtps_c.h
[2.683s] -- Up-to-date: /home/rob/project/csci5551-s26-team-pointbot/install/zed_msgs/include/zed_msgs/zed_msgs/msg/detail/pos_track_status__rosidl_typesupport_fastrtps_c.h
[2.683s] -- Up-to-date: /home/rob/project/csci5551-s26-team-pointbot/install/zed_msgs/include/zed_msgs/zed_msgs/msg/detail/svo_status__rosidl_typesupport_fastrtps_c.h
[2.683s] -- Up-to-date: /home/rob/project/csci5551-s26-team-pointbot/install/zed_msgs/include/zed_msgs/zed_msgs/msg/detail/bounding_box3_d__rosidl_typesupport_fastrtps_c.h
[2.683s] -- Up-to-date: /home/rob/project/csci5551-s26-team-pointbot/install/zed_msgs/include/zed_msgs/zed_msgs/srv
[2.683s] -- Up-to-date: /home/rob/project/csci5551-s26-team-pointbot/install/zed_msgs/include/zed_msgs/zed_msgs/srv/detail
[2.684s] -- Up-to-date: /home/rob/project/csci5551-s26-team-pointbot/install/zed_msgs/include/zed_msgs/zed_msgs/srv/detail/set_pose__rosidl_typesupport_fastrtps_c.h
[2.684s] -- Up-to-date: /home/rob/project/csci5551-s26-team-pointbot/install/zed_msgs/include/zed_msgs/zed_msgs/srv/detail/start_svo_rec__rosidl_typesupport_fastrtps_c.h
[2.684s] -- Up-to-date: /home/rob/project/csci5551-s26-team-pointbot/install/zed_msgs/include/zed_msgs/zed_msgs/srv/detail/set_roi__rosidl_typesupport_fastrtps_c.h
[2.684s] -- Up-to-date: /home/rob/project/csci5551-s26-team-pointbot/install/zed_msgs/include/zed_msgs/zed_msgs/srv/detail/save_area_memory__rosidl_typesupport_fastrtps_c.h
[2.684s] -- Up-to-date: /home/rob/project/csci5551-s26-team-pointbot/install/zed_msgs/include/zed_msgs/zed_msgs/srv/detail/set_svo_frame__rosidl_typesupport_fastrtps_c.h
[2.684s] -- Up-to-date: /home/rob/project/csci5551-s26-team-pointbot/install/zed_msgs/lib/libzed_msgs__rosidl_typesupport_fastrtps_c.so
[2.684s] -- Up-to-date: /home/rob/project/csci5551-s26-team-pointbot/install/zed_msgs/include/zed_msgs/zed_msgs
[2.684s] -- Up-to-date: /home/rob/project/csci5551-s26-team-pointbot/install/zed_msgs/include/zed_msgs/zed_msgs/msg
[2.684s] -- Up-to-date: /home/rob/project/csci5551-s26-team-pointbot/install/zed_msgs/include/zed_msgs/zed_msgs/msg/bounding_box2_df.hpp
[2.684s] -- Up-to-date: /home/rob/project/csci5551-s26-team-pointbot/install/zed_msgs/include/zed_msgs/zed_msgs/msg/health_status_stamped.hpp
[2.685s] -- Up-to-date: /home/rob/project/csci5551-s26-team-pointbot/install/zed_msgs/include/zed_msgs/zed_msgs/msg/bounding_box3_d.hpp
[2.685s] -- Up-to-date: /home/rob/project/csci5551-s26-team-pointbot/install/zed_msgs/include/zed_msgs/zed_msgs/msg/gnss_fusion_status.hpp
[2.685s] -- Up-to-date: /home/rob/project/csci5551-s26-team-pointbot/install/zed_msgs/include/zed_msgs/zed_msgs/msg/skeleton3_d.hpp
[2.685s] -- Up-to-date: /home/rob/project/csci5551-s26-team-pointbot/install/zed_msgs/include/zed_msgs/zed_msgs/msg/keypoint2_df.hpp
[2.685s] -- Up-to-date: /home/rob/project/csci5551-s26-team-pointbot/install/zed_msgs/include/zed_msgs/zed_msgs/msg/heartbeat.hpp
[2.688s] -- Up-to-date: /home/rob/project/csci5551-s26-team-pointbot/install/zed_msgs/include/zed_msgs/zed_msgs/msg/plane_stamped.hpp
[2.688s] -- Up-to-date: /home/rob/project/csci5551-s26-team-pointbot/install/zed_msgs/include/zed_msgs/zed_msgs/msg/objects_stamped.hpp
[2.688s] -- Up-to-date: /home/rob/project/csci5551-s26-team-pointbot/install/zed_msgs/include/zed_msgs/zed_msgs/msg/depth_info_stamped.hpp
[2.689s] -- Up-to-date: /home/rob/project/csci5551-s26-team-pointbot/install/zed_msgs/include/zed_msgs/zed_msgs/msg/pos_track_status.hpp
[2.689s] -- Up-to-date: /home/rob/project/csci5551-s26-team-pointbot/install/zed_msgs/include/zed_msgs/zed_msgs/msg/bounding_box2_di.hpp
[2.689s] -- Up-to-date: /home/rob/project/csci5551-s26-team-pointbot/install/zed_msgs/include/zed_msgs/zed_msgs/msg/svo_status.hpp
[2.689s] -- Up-to-date: /home/rob/project/csci5551-s26-team-pointbot/install/zed_msgs/include/zed_msgs/zed_msgs/msg/rosidl_generator_cpp__visibility_control.hpp
[2.689s] -- Up-to-date: /home/rob/project/csci5551-s26-team-pointbot/install/zed_msgs/include/zed_msgs/zed_msgs/msg/keypoint3_d.hpp
[2.689s] -- Up-to-date: /home/rob/project/csci5551-s26-team-pointbot/install/zed_msgs/include/zed_msgs/zed_msgs/msg/object.hpp
[2.689s] -- Up-to-date: /home/rob/project/csci5551-s26-team-pointbot/install/zed_msgs/include/zed_msgs/zed_msgs/msg/detail
[2.690s] -- Up-to-date: /home/rob/project/csci5551-s26-team-pointbot/install/zed_msgs/include/zed_msgs/zed_msgs/msg/detail/gnss_fusion_status__traits.hpp
[2.690s] -- Up-to-date: /home/rob/project/csci5551-s26-team-pointbot/install/zed_msgs/include/zed_msgs/zed_msgs/msg/detail/svo_status__builder.hpp
[2.690s] -- Up-to-date: /home/rob/project/csci5551-s26-team-pointbot/install/zed_msgs/include/zed_msgs/zed_msgs/msg/detail/keypoint2_df__builder.hpp
[2.690s] -- Up-to-date: /home/rob/project/csci5551-s26-team-pointbot/install/zed_msgs/include/zed_msgs/zed_msgs/msg/detail/svo_status__struct.hpp
[2.690s] -- Up-to-date: /home/rob/project/csci5551-s26-team-pointbot/install/zed_msgs/include/zed_msgs/zed_msgs/msg/detail/pos_track_status__type_support.hpp
[2.690s] -- Up-to-date: /home/rob/project/csci5551-s26-team-pointbot/install/zed_msgs/include/zed_msgs/zed_msgs/msg/detail/skeleton2_d__builder.hpp
[2.690s] -- Up-to-date: /home/rob/project/csci5551-s26-team-pointbot/install/zed_msgs/include/zed_msgs/zed_msgs/msg/detail/bounding_box2_di__type_support.hpp
[2.690s] -- Up-to-date: /home/rob/project/csci5551-s26-team-pointbot/install/zed_msgs/include/zed_msgs/zed_msgs/msg/detail/keypoint3_d__type_support.hpp
[2.690s] -- Up-to-date: /home/rob/project/csci5551-s26-team-pointbot/install/zed_msgs/include/zed_msgs/zed_msgs/msg/detail/object__type_support.hpp
[2.690s] -- Up-to-date: /home/rob/project/csci5551-s26-team-pointbot/install/zed_msgs/include/zed_msgs/zed_msgs/msg/detail/gnss_fusion_status__struct.hpp
[2.691s] -- Up-to-date: /home/rob/project/csci5551-s26-team-pointbot/install/zed_msgs/include/zed_msgs/zed_msgs/msg/detail/bounding_box2_df__struct.hpp
[2.691s] -- Up-to-date: /home/rob/project/csci5551-s26-team-pointbot/install/zed_msgs/include/zed_msgs/zed_msgs/msg/detail/keypoint3_d__traits.hpp
[2.691s] -- Up-to-date: /home/rob/project/csci5551-s26-team-pointbot/install/zed_msgs/include/zed_msgs/zed_msgs/msg/detail/skeleton3_d__struct.hpp
[2.691s] -- Up-to-date: /home/rob/project/csci5551-s26-team-pointbot/install/zed_msgs/include/zed_msgs/zed_msgs/msg/detail/plane_stamped__struct.hpp
[2.691s] -- Up-to-date: /home/rob/project/csci5551-s26-team-pointbot/install/zed_msgs/include/zed_msgs/zed_msgs/msg/detail/mag_heading_status__struct.hpp
[2.694s] -- Up-to-date: /home/rob/project/csci5551-s26-team-pointbot/install/zed_msgs/include/zed_msgs/zed_msgs/msg/detail/plane_stamped__traits.hpp
[2.694s] -- Up-to-date: /home/rob/project/csci5551-s26-team-pointbot/install/zed_msgs/include/zed_msgs/zed_msgs/msg/detail/pos_track_status__struct.hpp
[2.694s] -- Up-to-date: /home/rob/project/csci5551-s26-team-pointbot/install/zed_msgs/include/zed_msgs/zed_msgs/msg/detail/keypoint3_d__builder.hpp
[2.695s] -- Up-to-date: /home/rob/project/csci5551-s26-team-pointbot/install/zed_msgs/include/zed_msgs/zed_msgs/msg/detail/bounding_box3_d__builder.hpp
[2.695s] -- Up-to-date: /home/rob/project/csci5551-s26-team-pointbot/install/zed_msgs/include/zed_msgs/zed_msgs/msg/detail/plane_stamped__type_support.hpp
[2.695s] -- Up-to-date: /home/rob/project/csci5551-s26-team-pointbot/install/zed_msgs/include/zed_msgs/zed_msgs/msg/detail/depth_info_stamped__type_support.hpp
[2.695s] -- Up-to-date: /home/rob/project/csci5551-s26-team-pointbot/install/zed_msgs/include/zed_msgs/zed_msgs/msg/detail/depth_info_stamped__traits.hpp
[2.695s] -- Up-to-date: /home/rob/project/csci5551-s26-team-pointbot/install/zed_msgs/include/zed_msgs/zed_msgs/msg/detail/mag_heading_status__builder.hpp
[2.695s] -- Up-to-date: /home/rob/project/csci5551-s26-team-pointbot/install/zed_msgs/include/zed_msgs/zed_msgs/msg/detail/bounding_box3_d__traits.hpp
[2.695s] -- Up-to-date: /home/rob/project/csci5551-s26-team-pointbot/install/zed_msgs/include/zed_msgs/zed_msgs/msg/detail/keypoint2_di__builder.hpp
[2.695s] -- Up-to-date: /home/rob/project/csci5551-s26-team-pointbot/install/zed_msgs/include/zed_msgs/zed_msgs/msg/detail/object__builder.hpp
[2.695s] -- Up-to-date: /home/rob/project/csci5551-s26-team-pointbot/install/zed_msgs/include/zed_msgs/zed_msgs/msg/detail/bounding_box2_df__traits.hpp
[2.696s] -- Up-to-date: /home/rob/project/csci5551-s26-team-pointbot/install/zed_msgs/include/zed_msgs/zed_msgs/msg/detail/mag_heading_status__type_support.hpp
[2.696s] -- Up-to-date: /home/rob/project/csci5551-s26-team-pointbot/install/zed_msgs/include/zed_msgs/zed_msgs/msg/detail/bounding_box3_d__struct.hpp
[2.696s] -- Up-to-date: /home/rob/project/csci5551-s26-team-pointbot/install/zed_msgs/include/zed_msgs/zed_msgs/msg/detail/objects_stamped__traits.hpp
[2.696s] -- Up-to-date: /home/rob/project/csci5551-s26-team-pointbot/install/zed_msgs/include/zed_msgs/zed_msgs/msg/detail/bounding_box2_df__builder.hpp
[2.696s] -- Up-to-date: /home/rob/project/csci5551-s26-team-pointbot/install/zed_msgs/include/zed_msgs/zed_msgs/msg/detail/keypoint2_df__type_support.hpp
[2.696s] -- Up-to-date: /home/rob/project/csci5551-s26-team-pointbot/install/zed_msgs/include/zed_msgs/zed_msgs/msg/detail/heartbeat__traits.hpp
[2.696s] -- Up-to-date: /home/rob/project/csci5551-s26-team-pointbot/install/zed_msgs/include/zed_msgs/zed_msgs/msg/detail/bounding_box2_df__type_support.hpp
[2.696s] -- Up-to-date: /home/rob/project/csci5551-s26-team-pointbot/install/zed_msgs/include/zed_msgs/zed_msgs/msg/detail/skeleton2_d__traits.hpp
[2.696s] -- Up-to-date: /home/rob/project/csci5551-s26-team-pointbot/install/zed_msgs/include/zed_msgs/zed_msgs/msg/detail/object__struct.hpp
[2.696s] -- Up-to-date: /home/rob/project/csci5551-s26-team-pointbot/install/zed_msgs/include/zed_msgs/zed_msgs/msg/detail/keypoint3_d__struct.hpp
[2.697s] -- Up-to-date: /home/rob/project/csci5551-s26-team-pointbot/install/zed_msgs/include/zed_msgs/zed_msgs/msg/detail/object__traits.hpp
[2.697s] -- Up-to-date: /home/rob/project/csci5551-s26-team-pointbot/install/zed_msgs/include/zed_msgs/zed_msgs/msg/detail/skeleton3_d__type_support.hpp
[2.697s] -- Up-to-date: /home/rob/project/csci5551-s26-team-pointbot/install/zed_msgs/include/zed_msgs/zed_msgs/msg/detail/bounding_box2_di__builder.hpp
[2.697s] -- Up-to-date: /home/rob/project/csci5551-s26-team-pointbot/install/zed_msgs/include/zed_msgs/zed_msgs/msg/detail/heartbeat__builder.hpp
[2.700s] -- Up-to-date: /home/rob/project/csci5551-s26-team-pointbot/install/zed_msgs/include/zed_msgs/zed_msgs/msg/detail/bounding_box2_di__traits.hpp
[2.700s] -- Up-to-date: /home/rob/project/csci5551-s26-team-pointbot/install/zed_msgs/include/zed_msgs/zed_msgs/msg/detail/skeleton2_d__struct.hpp
[2.700s] -- Up-to-date: /home/rob/project/csci5551-s26-team-pointbot/install/zed_msgs/include/zed_msgs/zed_msgs/msg/detail/pos_track_status__builder.hpp
[2.701s] -- Up-to-date: /home/rob/project/csci5551-s26-team-pointbot/install/zed_msgs/include/zed_msgs/zed_msgs/msg/detail/svo_status__traits.hpp
[2.701s] -- Up-to-date: /home/rob/project/csci5551-s26-team-pointbot/install/zed_msgs/include/zed_msgs/zed_msgs/msg/detail/gnss_fusion_status__builder.hpp
[2.701s] -- Up-to-date: /home/rob/project/csci5551-s26-team-pointbot/install/zed_msgs/include/zed_msgs/zed_msgs/msg/detail/bounding_box2_di__struct.hpp
[2.701s] -- Up-to-date: /home/rob/project/csci5551-s26-team-pointbot/install/zed_msgs/include/zed_msgs/zed_msgs/msg/detail/health_status_stamped__struct.hpp
[2.701s] -- Up-to-date: /home/rob/project/csci5551-s26-team-pointbot/install/zed_msgs/include/zed_msgs/zed_msgs/msg/detail/keypoint2_df__traits.hpp
[2.701s] -- Up-to-date: /home/rob/project/csci5551-s26-team-pointbot/install/zed_msgs/include/zed_msgs/zed_msgs/msg/detail/depth_info_stamped__builder.hpp
[2.701s] -- Up-to-date: /home/rob/project/csci5551-s26-team-pointbot/install/zed_msgs/include/zed_msgs/zed_msgs/msg/detail/skeleton3_d__builder.hpp
[2.701s] -- Up-to-date: /home/rob/project/csci5551-s26-team-pointbot/install/zed_msgs/include/zed_msgs/zed_msgs/msg/detail/svo_status__type_support.hpp
[2.701s] -- Up-to-date: /home/rob/project/csci5551-s26-team-pointbot/install/zed_msgs/include/zed_msgs/zed_msgs/msg/detail/keypoint2_di__type_support.hpp
[2.701s] -- Up-to-date: /home/rob/project/csci5551-s26-team-pointbot/install/zed_msgs/include/zed_msgs/zed_msgs/msg/detail/pos_track_status__traits.hpp
[2.702s] -- Up-to-date: /home/rob/project/csci5551-s26-team-pointbot/install/zed_msgs/include/zed_msgs/zed_msgs/msg/detail/health_status_stamped__type_support.hpp
[2.702s] -- Up-to-date: /home/rob/project/csci5551-s26-team-pointbot/install/zed_msgs/include/zed_msgs/zed_msgs/msg/detail/health_status_stamped__builder.hpp
[2.702s] -- Up-to-date: /home/rob/project/csci5551-s26-team-pointbot/install/zed_msgs/include/zed_msgs/zed_msgs/msg/detail/keypoint2_di__struct.hpp
[2.702s] -- Up-to-date: /home/rob/project/csci5551-s26-team-pointbot/install/zed_msgs/include/zed_msgs/zed_msgs/msg/detail/bounding_box3_d__type_support.hpp
[2.702s] -- Up-to-date: /home/rob/project/csci5551-s26-team-pointbot/install/zed_msgs/include/zed_msgs/zed_msgs/msg/detail/heartbeat__struct.hpp
[2.702s] -- Up-to-date: /home/rob/project/csci5551-s26-team-pointbot/install/zed_msgs/include/zed_msgs/zed_msgs/msg/detail/heartbeat__type_support.hpp
[2.702s] -- Up-to-date: /home/rob/project/csci5551-s26-team-pointbot/install/zed_msgs/include/zed_msgs/zed_msgs/msg/detail/objects_stamped__type_support.hpp
[2.702s] -- Up-to-date: /home/rob/project/csci5551-s26-team-pointbot/install/zed_msgs/include/zed_msgs/zed_msgs/msg/detail/plane_stamped__builder.hpp
[2.702s] -- Up-to-date: /home/rob/project/csci5551-s26-team-pointbot/install/zed_msgs/include/zed_msgs/zed_msgs/msg/detail/keypoint2_df__struct.hpp
[2.703s] -- Up-to-date: /home/rob/project/csci5551-s26-team-pointbot/install/zed_msgs/include/zed_msgs/zed_msgs/msg/detail/gnss_fusion_status__type_support.hpp
[2.703s] -- Up-to-date: /home/rob/project/csci5551-s26-team-pointbot/install/zed_msgs/include/zed_msgs/zed_msgs/msg/detail/skeleton3_d__traits.hpp
[2.703s] -- Up-to-date: /home/rob/project/csci5551-s26-team-pointbot/install/zed_msgs/include/zed_msgs/zed_msgs/msg/detail/skeleton2_d__type_support.hpp
[2.703s] -- Up-to-date: /home/rob/project/csci5551-s26-team-pointbot/install/zed_msgs/include/zed_msgs/zed_msgs/msg/detail/health_status_stamped__traits.hpp
[2.703s] -- Up-to-date: /home/rob/project/csci5551-s26-team-pointbot/install/zed_msgs/include/zed_msgs/zed_msgs/msg/detail/keypoint2_di__traits.hpp
[2.706s] -- Up-to-date: /home/rob/project/csci5551-s26-team-pointbot/install/zed_msgs/include/zed_msgs/zed_msgs/msg/detail/mag_heading_status__traits.hpp
[2.706s] -- Up-to-date: /home/rob/project/csci5551-s26-team-pointbot/install/zed_msgs/include/zed_msgs/zed_msgs/msg/detail/objects_stamped__builder.hpp
[2.706s] -- Up-to-date: /home/rob/project/csci5551-s26-team-pointbot/install/zed_msgs/include/zed_msgs/zed_msgs/msg/detail/objects_stamped__struct.hpp
[2.707s] -- Up-to-date: /home/rob/project/csci5551-s26-team-pointbot/install/zed_msgs/include/zed_msgs/zed_msgs/msg/detail/depth_info_stamped__struct.hpp
[2.707s] -- Up-to-date: /home/rob/project/csci5551-s26-team-pointbot/install/zed_msgs/include/zed_msgs/zed_msgs/msg/skeleton2_d.hpp
[2.707s] -- Up-to-date: /home/rob/project/csci5551-s26-team-pointbot/install/zed_msgs/include/zed_msgs/zed_msgs/msg/mag_heading_status.hpp
[2.707s] -- Up-to-date: /home/rob/project/csci5551-s26-team-pointbot/install/zed_msgs/include/zed_msgs/zed_msgs/msg/keypoint2_di.hpp
[2.707s] -- Up-to-date: /home/rob/project/csci5551-s26-team-pointbot/install/zed_msgs/include/zed_msgs/zed_msgs/srv
[2.707s] -- Up-to-date: /home/rob/project/csci5551-s26-team-pointbot/install/zed_msgs/include/zed_msgs/zed_msgs/srv/set_pose.hpp
[2.707s] -- Up-to-date: /home/rob/project/csci5551-s26-team-pointbot/install/zed_msgs/include/zed_msgs/zed_msgs/srv/detail
[2.721s] -- Up-to-date: /home/rob/project/csci5551-s26-team-pointbot/install/zed_msgs/include/zed_msgs/zed_msgs/srv/detail/save_area_memory__type_support.hpp
[2.721s] -- Up-to-date: /home/rob/project/csci5551-s26-team-pointbot/install/zed_msgs/include/zed_msgs/zed_msgs/srv/detail/start_svo_rec__traits.hpp
[2.724s] -- Up-to-date: /home/rob/project/csci5551-s26-team-pointbot/install/zed_msgs/include/zed_msgs/zed_msgs/srv/detail/set_svo_frame__builder.hpp
[2.724s] -- Up-to-date: /home/rob/project/csci5551-s26-team-pointbot/install/zed_msgs/include/zed_msgs/zed_msgs/srv/detail/set_pose__struct.hpp
[2.724s] -- Up-to-date: /home/rob/project/csci5551-s26-team-pointbot/install/zed_msgs/include/zed_msgs/zed_msgs/srv/detail/save_area_memory__traits.hpp
[2.725s] -- Up-to-date: /home/rob/project/csci5551-s26-team-pointbot/install/zed_msgs/include/zed_msgs/zed_msgs/srv/detail/save_area_memory__builder.hpp
[2.725s] -- Up-to-date: /home/rob/project/csci5551-s26-team-pointbot/install/zed_msgs/include/zed_msgs/zed_msgs/srv/detail/set_roi__struct.hpp
[2.725s] -- Up-to-date: /home/rob/project/csci5551-s26-team-pointbot/install/zed_msgs/include/zed_msgs/zed_msgs/srv/detail/save_area_memory__struct.hpp
[2.725s] -- Up-to-date: /home/rob/project/csci5551-s26-team-pointbot/install/zed_msgs/include/zed_msgs/zed_msgs/srv/detail/set_roi__builder.hpp
[2.725s] -- Up-to-date: /home/rob/project/csci5551-s26-team-pointbot/install/zed_msgs/include/zed_msgs/zed_msgs/srv/detail/set_svo_frame__struct.hpp
[2.725s] -- Up-to-date: /home/rob/project/csci5551-s26-team-pointbot/install/zed_msgs/include/zed_msgs/zed_msgs/srv/detail/set_pose__builder.hpp
[2.725s] -- Up-to-date: /home/rob/project/csci5551-s26-team-pointbot/install/zed_msgs/include/zed_msgs/zed_msgs/srv/detail/set_pose__type_support.hpp
[2.725s] -- Up-to-date: /home/rob/project/csci5551-s26-team-pointbot/install/zed_msgs/include/zed_msgs/zed_msgs/srv/detail/start_svo_rec__struct.hpp
[2.725s] -- Up-to-date: /home/rob/project/csci5551-s26-team-pointbot/install/zed_msgs/include/zed_msgs/zed_msgs/srv/detail/set_pose__traits.hpp
[2.726s] -- Up-to-date: /home/rob/project/csci5551-s26-team-pointbot/install/zed_msgs/include/zed_msgs/zed_msgs/srv/detail/start_svo_rec__type_support.hpp
[2.726s] -- Up-to-date: /home/rob/project/csci5551-s26-team-pointbot/install/zed_msgs/include/zed_msgs/zed_msgs/srv/detail/set_roi__traits.hpp
[2.726s] -- Up-to-date: /home/rob/project/csci5551-s26-team-pointbot/install/zed_msgs/include/zed_msgs/zed_msgs/srv/detail/set_roi__type_support.hpp
[2.726s] -- Up-to-date: /home/rob/project/csci5551-s26-team-pointbot/install/zed_msgs/include/zed_msgs/zed_msgs/srv/detail/set_svo_frame__traits.hpp
[2.726s] -- Up-to-date: /home/rob/project/csci5551-s26-team-pointbot/install/zed_msgs/include/zed_msgs/zed_msgs/srv/detail/set_svo_frame__type_support.hpp
[2.726s] -- Up-to-date: /home/rob/project/csci5551-s26-team-pointbot/install/zed_msgs/include/zed_msgs/zed_msgs/srv/detail/start_svo_rec__builder.hpp
[2.726s] -- Up-to-date: /home/rob/project/csci5551-s26-team-pointbot/install/zed_msgs/include/zed_msgs/zed_msgs/srv/set_roi.hpp
[2.726s] -- Up-to-date: /home/rob/project/csci5551-s26-team-pointbot/install/zed_msgs/include/zed_msgs/zed_msgs/srv/set_svo_frame.hpp
[2.726s] -- Up-to-date: /home/rob/project/csci5551-s26-team-pointbot/install/zed_msgs/include/zed_msgs/zed_msgs/srv/save_area_memory.hpp
[2.726s] -- Up-to-date: /home/rob/project/csci5551-s26-team-pointbot/install/zed_msgs/include/zed_msgs/zed_msgs/srv/start_svo_rec.hpp
[2.727s] -- Up-to-date: /home/rob/project/csci5551-s26-team-pointbot/install/zed_msgs/include/zed_msgs/zed_msgs
[2.727s] -- Up-to-date: /home/rob/project/csci5551-s26-team-pointbot/install/zed_msgs/include/zed_msgs/zed_msgs/msg
[2.727s] -- Up-to-date: /home/rob/project/csci5551-s26-team-pointbot/install/zed_msgs/include/zed_msgs/zed_msgs/msg/rosidl_typesupport_fastrtps_cpp__visibility_control.h
[2.727s] -- Up-to-date: /home/rob/project/csci5551-s26-team-pointbot/install/zed_msgs/include/zed_msgs/zed_msgs/msg/detail
[2.730s] -- Up-to-date: /home/rob/project/csci5551-s26-team-pointbot/install/zed_msgs/include/zed_msgs/zed_msgs/msg/detail/gnss_fusion_status__rosidl_typesupport_fastrtps_cpp.hpp
[2.730s] -- Up-to-date: /home/rob/project/csci5551-s26-team-pointbot/install/zed_msgs/include/zed_msgs/zed_msgs/msg/detail/keypoint3_d__rosidl_typesupport_fastrtps_cpp.hpp
[2.730s] -- Up-to-date: /home/rob/project/csci5551-s26-team-pointbot/install/zed_msgs/include/zed_msgs/zed_msgs/msg/detail/dds_fastrtps
[2.730s] -- Up-to-date: /home/rob/project/csci5551-s26-team-pointbot/install/zed_msgs/include/zed_msgs/zed_msgs/msg/detail/heartbeat__rosidl_typesupport_fastrtps_cpp.hpp
[2.731s] -- Up-to-date: /home/rob/project/csci5551-s26-team-pointbot/install/zed_msgs/include/zed_msgs/zed_msgs/msg/detail/skeleton3_d__rosidl_typesupport_fastrtps_cpp.hpp
[2.731s] -- Up-to-date: /home/rob/project/csci5551-s26-team-pointbot/install/zed_msgs/include/zed_msgs/zed_msgs/msg/detail/pos_track_status__rosidl_typesupport_fastrtps_cpp.hpp
[2.731s] -- Up-to-date: /home/rob/project/csci5551-s26-team-pointbot/install/zed_msgs/include/zed_msgs/zed_msgs/msg/detail/bounding_box2_df__rosidl_typesupport_fastrtps_cpp.hpp
[2.731s] -- Up-to-date: /home/rob/project/csci5551-s26-team-pointbot/install/zed_msgs/include/zed_msgs/zed_msgs/msg/detail/plane_stamped__rosidl_typesupport_fastrtps_cpp.hpp
[2.731s] -- Up-to-date: /home/rob/project/csci5551-s26-team-pointbot/install/zed_msgs/include/zed_msgs/zed_msgs/msg/detail/mag_heading_status__rosidl_typesupport_fastrtps_cpp.hpp
[2.731s] -- Up-to-date: /home/rob/project/csci5551-s26-team-pointbot/install/zed_msgs/include/zed_msgs/zed_msgs/msg/detail/bounding_box2_di__rosidl_typesupport_fastrtps_cpp.hpp
[2.731s] -- Up-to-date: /home/rob/project/csci5551-s26-team-pointbot/install/zed_msgs/include/zed_msgs/zed_msgs/msg/detail/bounding_box3_d__rosidl_typesupport_fastrtps_cpp.hpp
[2.731s] -- Up-to-date: /home/rob/project/csci5551-s26-team-pointbot/install/zed_msgs/include/zed_msgs/zed_msgs/msg/detail/keypoint2_df__rosidl_typesupport_fastrtps_cpp.hpp
[2.731s] -- Up-to-date: /home/rob/project/csci5551-s26-team-pointbot/install/zed_msgs/include/zed_msgs/zed_msgs/msg/detail/depth_info_stamped__rosidl_typesupport_fastrtps_cpp.hpp
[2.732s] -- Up-to-date: /home/rob/project/csci5551-s26-team-pointbot/install/zed_msgs/include/zed_msgs/zed_msgs/msg/detail/objects_stamped__rosidl_typesupport_fastrtps_cpp.hpp
[2.732s] -- Up-to-date: /home/rob/project/csci5551-s26-team-pointbot/install/zed_msgs/include/zed_msgs/zed_msgs/msg/detail/skeleton2_d__rosidl_typesupport_fastrtps_cpp.hpp
[2.732s] -- Up-to-date: /home/rob/project/csci5551-s26-team-pointbot/install/zed_msgs/include/zed_msgs/zed_msgs/msg/detail/svo_status__rosidl_typesupport_fastrtps_cpp.hpp
[2.732s] -- Up-to-date: /home/rob/project/csci5551-s26-team-pointbot/install/zed_msgs/include/zed_msgs/zed_msgs/msg/detail/object__rosidl_typesupport_fastrtps_cpp.hpp
[2.732s] -- Up-to-date: /home/rob/project/csci5551-s26-team-pointbot/install/zed_msgs/include/zed_msgs/zed_msgs/msg/detail/health_status_stamped__rosidl_typesupport_fastrtps_cpp.hpp
[2.732s] -- Up-to-date: /home/rob/project/csci5551-s26-team-pointbot/install/zed_msgs/include/zed_msgs/zed_msgs/msg/detail/keypoint2_di__rosidl_typesupport_fastrtps_cpp.hpp
[2.732s] -- Up-to-date: /home/rob/project/csci5551-s26-team-pointbot/install/zed_msgs/include/zed_msgs/zed_msgs/srv
[2.732s] -- Up-to-date: /home/rob/project/csci5551-s26-team-pointbot/install/zed_msgs/include/zed_msgs/zed_msgs/srv/detail
[2.732s] -- Up-to-date: /home/rob/project/csci5551-s26-team-pointbot/install/zed_msgs/include/zed_msgs/zed_msgs/srv/detail/save_area_memory__rosidl_typesupport_fastrtps_cpp.hpp
[2.733s] -- Up-to-date: /home/rob/project/csci5551-s26-team-pointbot/install/zed_msgs/include/zed_msgs/zed_msgs/srv/detail/dds_fastrtps
[2.733s] -- Up-to-date: /home/rob/project/csci5551-s26-team-pointbot/install/zed_msgs/include/zed_msgs/zed_msgs/srv/detail/set_pose__rosidl_typesupport_fastrtps_cpp.hpp
[2.733s] -- Up-to-date: /home/rob/project/csci5551-s26-team-pointbot/install/zed_msgs/include/zed_msgs/zed_msgs/srv/detail/start_svo_rec__rosidl_typesupport_fastrtps_cpp.hpp
[2.733s] -- Up-to-date: /home/rob/project/csci5551-s26-team-pointbot/install/zed_msgs/include/zed_msgs/zed_msgs/srv/detail/set_roi__rosidl_typesupport_fastrtps_cpp.hpp
[2.733s] -- Up-to-date: /home/rob/project/csci5551-s26-team-pointbot/install/zed_msgs/include/zed_msgs/zed_msgs/srv/detail/set_svo_frame__rosidl_typesupport_fastrtps_cpp.hpp
[2.736s] -- Up-to-date: /home/rob/project/csci5551-s26-team-pointbot/install/zed_msgs/lib/libzed_msgs__rosidl_typesupport_fastrtps_cpp.so
[2.736s] -- Up-to-date: /home/rob/project/csci5551-s26-team-pointbot/install/zed_msgs/include/zed_msgs/zed_msgs
[2.736s] -- Up-to-date: /home/rob/project/csci5551-s26-team-pointbot/install/zed_msgs/include/zed_msgs/zed_msgs/msg
[2.736s] -- Up-to-date: /home/rob/project/csci5551-s26-team-pointbot/install/zed_msgs/include/zed_msgs/zed_msgs/msg/rosidl_typesupport_introspection_c__visibility_control.h
[2.737s] -- Up-to-date: /home/rob/project/csci5551-s26-team-pointbot/install/zed_msgs/include/zed_msgs/zed_msgs/msg/detail
[2.737s] -- Up-to-date: /home/rob/project/csci5551-s26-team-pointbot/install/zed_msgs/include/zed_msgs/zed_msgs/msg/detail/gnss_fusion_status__rosidl_typesupport_introspection_c.h
[2.737s] -- Up-to-date: /home/rob/project/csci5551-s26-team-pointbot/install/zed_msgs/include/zed_msgs/zed_msgs/msg/detail/keypoint2_df__rosidl_typesupport_introspection_c.h
[2.737s] -- Up-to-date: /home/rob/project/csci5551-s26-team-pointbot/install/zed_msgs/include/zed_msgs/zed_msgs/msg/detail/skeleton3_d__rosidl_typesupport_introspection_c.h
[2.737s] -- Up-to-date: /home/rob/project/csci5551-s26-team-pointbot/install/zed_msgs/include/zed_msgs/zed_msgs/msg/detail/objects_stamped__rosidl_typesupport_introspection_c.h
[2.737s] -- Up-to-date: /home/rob/project/csci5551-s26-team-pointbot/install/zed_msgs/include/zed_msgs/zed_msgs/msg/detail/depth_info_stamped__rosidl_typesupport_introspection_c.h
[2.737s] -- Installing: /home/rob/project/csci5551-s26-team-pointbot/install/zed_msgs/include/zed_msgs/zed_msgs/msg/detail/mag_heading_status__type_support.c
[2.737s] -- Up-to-date: /home/rob/project/csci5551-s26-team-pointbot/install/zed_msgs/include/zed_msgs/zed_msgs/msg/detail/object__rosidl_typesupport_introspection_c.h
[2.737s] -- Up-to-date: /home/rob/project/csci5551-s26-team-pointbot/install/zed_msgs/include/zed_msgs/zed_msgs/msg/detail/skeleton2_d__rosidl_typesupport_introspection_c.h
[2.738s] -- Installing: /home/rob/project/csci5551-s26-team-pointbot/install/zed_msgs/include/zed_msgs/zed_msgs/msg/detail/plane_stamped__type_support.c
[2.738s] -- Installing: /home/rob/project/csci5551-s26-team-pointbot/install/zed_msgs/include/zed_msgs/zed_msgs/msg/detail/gnss_fusion_status__type_support.c
[2.738s] -- Up-to-date: /home/rob/project/csci5551-s26-team-pointbot/install/zed_msgs/include/zed_msgs/zed_msgs/msg/detail/health_status_stamped__rosidl_typesupport_introspection_c.h
[2.738s] -- Installing: /home/rob/project/csci5551-s26-team-pointbot/install/zed_msgs/include/zed_msgs/zed_msgs/msg/detail/keypoint2_df__type_support.c
[2.738s] -- Installing: /home/rob/project/csci5551-s26-team-pointbot/install/zed_msgs/include/zed_msgs/zed_msgs/msg/detail/heartbeat__type_support.c
[2.738s] -- Up-to-date: /home/rob/project/csci5551-s26-team-pointbot/install/zed_msgs/include/zed_msgs/zed_msgs/msg/detail/pos_track_status__rosidl_typesupport_introspection_c.h
[2.738s] -- Installing: /home/rob/project/csci5551-s26-team-pointbot/install/zed_msgs/include/zed_msgs/zed_msgs/msg/detail/bounding_box3_d__type_support.c
[2.738s] -- Up-to-date: /home/rob/project/csci5551-s26-team-pointbot/install/zed_msgs/include/zed_msgs/zed_msgs/msg/detail/keypoint3_d__rosidl_typesupport_introspection_c.h
[2.738s] -- Installing: /home/rob/project/csci5551-s26-team-pointbot/install/zed_msgs/include/zed_msgs/zed_msgs/msg/detail/keypoint3_d__type_support.c
[2.739s] -- Installing: /home/rob/project/csci5551-s26-team-pointbot/install/zed_msgs/include/zed_msgs/zed_msgs/msg/detail/bounding_box2_df__type_support.c
[2.739s] -- Up-to-date: /home/rob/project/csci5551-s26-team-pointbot/install/zed_msgs/include/zed_msgs/zed_msgs/msg/detail/plane_stamped__rosidl_typesupport_introspection_c.h
[2.739s] -- Up-to-date: /home/rob/project/csci5551-s26-team-pointbot/install/zed_msgs/include/zed_msgs/zed_msgs/msg/detail/bounding_box2_di__rosidl_typesupport_introspection_c.h
[2.739s] -- Installing: /home/rob/project/csci5551-s26-team-pointbot/install/zed_msgs/include/zed_msgs/zed_msgs/msg/detail/skeleton2_d__type_support.c
[2.739s] -- Installing: /home/rob/project/csci5551-s26-team-pointbot/install/zed_msgs/include/zed_msgs/zed_msgs/msg/detail/bounding_box2_di__type_support.c
[2.742s] -- Up-to-date: /home/rob/project/csci5551-s26-team-pointbot/install/zed_msgs/include/zed_msgs/zed_msgs/msg/detail/bounding_box2_df__rosidl_typesupport_introspection_c.h
[2.742s] -- Up-to-date: /home/rob/project/csci5551-s26-team-pointbot/install/zed_msgs/include/zed_msgs/zed_msgs/msg/detail/mag_heading_status__rosidl_typesupport_introspection_c.h
[2.742s] -- Up-to-date: /home/rob/project/csci5551-s26-team-pointbot/install/zed_msgs/include/zed_msgs/zed_msgs/msg/detail/bounding_box3_d__rosidl_typesupport_introspection_c.h
[2.743s] -- Installing: /home/rob/project/csci5551-s26-team-pointbot/install/zed_msgs/include/zed_msgs/zed_msgs/msg/detail/objects_stamped__type_support.c
[2.743s] -- Up-to-date: /home/rob/project/csci5551-s26-team-pointbot/install/zed_msgs/include/zed_msgs/zed_msgs/msg/detail/keypoint2_di__rosidl_typesupport_introspection_c.h
[2.743s] -- Up-to-date: /home/rob/project/csci5551-s26-team-pointbot/install/zed_msgs/include/zed_msgs/zed_msgs/msg/detail/svo_status__rosidl_typesupport_introspection_c.h
[2.743s] -- Installing: /home/rob/project/csci5551-s26-team-pointbot/install/zed_msgs/include/zed_msgs/zed_msgs/msg/detail/health_status_stamped__type_support.c
[2.743s] -- Installing: /home/rob/project/csci5551-s26-team-pointbot/install/zed_msgs/include/zed_msgs/zed_msgs/msg/detail/keypoint2_di__type_support.c
[2.743s] -- Installing: /home/rob/project/csci5551-s26-team-pointbot/install/zed_msgs/include/zed_msgs/zed_msgs/msg/detail/skeleton3_d__type_support.c
[2.743s] -- Installing: /home/rob/project/csci5551-s26-team-pointbot/install/zed_msgs/include/zed_msgs/zed_msgs/msg/detail/object__type_support.c
[2.743s] -- Installing: /home/rob/project/csci5551-s26-team-pointbot/install/zed_msgs/include/zed_msgs/zed_msgs/msg/detail/depth_info_stamped__type_support.c
[2.743s] -- Installing: /home/rob/project/csci5551-s26-team-pointbot/install/zed_msgs/include/zed_msgs/zed_msgs/msg/detail/pos_track_status__type_support.c
[2.743s] -- Up-to-date: /home/rob/project/csci5551-s26-team-pointbot/install/zed_msgs/include/zed_msgs/zed_msgs/msg/detail/heartbeat__rosidl_typesupport_introspection_c.h
[2.744s] -- Installing: /home/rob/project/csci5551-s26-team-pointbot/install/zed_msgs/include/zed_msgs/zed_msgs/msg/detail/svo_status__type_support.c
[2.744s] -- Up-to-date: /home/rob/project/csci5551-s26-team-pointbot/install/zed_msgs/include/zed_msgs/zed_msgs/srv
[2.761s] -- Up-to-date: /home/rob/project/csci5551-s26-team-pointbot/install/zed_msgs/include/zed_msgs/zed_msgs/srv/detail
[2.761s] -- Installing: /home/rob/project/csci5551-s26-team-pointbot/install/zed_msgs/include/zed_msgs/zed_msgs/srv/detail/start_svo_rec__type_support.c
[2.761s] -- Up-to-date: /home/rob/project/csci5551-s26-team-pointbot/install/zed_msgs/include/zed_msgs/zed_msgs/srv/detail/start_svo_rec__rosidl_typesupport_introspection_c.h
[2.761s] -- Up-to-date: /home/rob/project/csci5551-s26-team-pointbot/install/zed_msgs/include/zed_msgs/zed_msgs/srv/detail/set_roi__rosidl_typesupport_introspection_c.h
[2.761s] -- Installing: /home/rob/project/csci5551-s26-team-pointbot/install/zed_msgs/include/zed_msgs/zed_msgs/srv/detail/save_area_memory__type_support.c
[2.762s] -- Up-to-date: /home/rob/project/csci5551-s26-team-pointbot/install/zed_msgs/include/zed_msgs/zed_msgs/srv/detail/set_svo_frame__rosidl_typesupport_introspection_c.h
[2.762s] -- Installing: /home/rob/project/csci5551-s26-team-pointbot/install/zed_msgs/include/zed_msgs/zed_msgs/srv/detail/set_svo_frame__type_support.c
[2.762s] -- Installing: /home/rob/project/csci5551-s26-team-pointbot/install/zed_msgs/include/zed_msgs/zed_msgs/srv/detail/set_roi__type_support.c
[2.762s] -- Up-to-date: /home/rob/project/csci5551-s26-team-pointbot/install/zed_msgs/include/zed_msgs/zed_msgs/srv/detail/set_pose__rosidl_typesupport_introspection_c.h
[2.762s] -- Up-to-date: /home/rob/project/csci5551-s26-team-pointbot/install/zed_msgs/include/zed_msgs/zed_msgs/srv/detail/save_area_memory__rosidl_typesupport_introspection_c.h
[2.762s] -- Installing: /home/rob/project/csci5551-s26-team-pointbot/install/zed_msgs/include/zed_msgs/zed_msgs/srv/detail/set_pose__type_support.c
[2.762s] -- Up-to-date: /home/rob/project/csci5551-s26-team-pointbot/install/zed_msgs/lib/libzed_msgs__rosidl_typesupport_introspection_c.so
[2.762s] -- Up-to-date: /home/rob/project/csci5551-s26-team-pointbot/install/zed_msgs/lib/libzed_msgs__rosidl_typesupport_c.so
[2.762s] -- Up-to-date: /home/rob/project/csci5551-s26-team-pointbot/install/zed_msgs/include/zed_msgs/zed_msgs
[2.762s] -- Up-to-date: /home/rob/project/csci5551-s26-team-pointbot/install/zed_msgs/include/zed_msgs/zed_msgs/msg
[2.763s] -- Up-to-date: /home/rob/project/csci5551-s26-team-pointbot/install/zed_msgs/include/zed_msgs/zed_msgs/msg/detail
[2.763s] -- Up-to-date: /home/rob/project/csci5551-s26-team-pointbot/install/zed_msgs/include/zed_msgs/zed_msgs/msg/detail/bounding_box3_d__rosidl_typesupport_introspection_cpp.hpp
[2.763s] -- Up-to-date: /home/rob/project/csci5551-s26-team-pointbot/install/zed_msgs/include/zed_msgs/zed_msgs/msg/detail/keypoint2_df__type_support.cpp
[2.763s] -- Up-to-date: /home/rob/project/csci5551-s26-team-pointbot/install/zed_msgs/include/zed_msgs/zed_msgs/msg/detail/keypoint3_d__rosidl_typesupport_introspection_cpp.hpp
[2.763s] -- Up-to-date: /home/rob/project/csci5551-s26-team-pointbot/install/zed_msgs/include/zed_msgs/zed_msgs/msg/detail/depth_info_stamped__rosidl_typesupport_introspection_cpp.hpp
[2.766s] -- Up-to-date: /home/rob/project/csci5551-s26-team-pointbot/install/zed_msgs/include/zed_msgs/zed_msgs/msg/detail/objects_stamped__type_support.cpp
[2.766s] -- Up-to-date: /home/rob/project/csci5551-s26-team-pointbot/install/zed_msgs/include/zed_msgs/zed_msgs/msg/detail/object__type_support.cpp
[2.766s] -- Up-to-date: /home/rob/project/csci5551-s26-team-pointbot/install/zed_msgs/include/zed_msgs/zed_msgs/msg/detail/health_status_stamped__type_support.cpp
[2.767s] -- Up-to-date: /home/rob/project/csci5551-s26-team-pointbot/install/zed_msgs/include/zed_msgs/zed_msgs/msg/detail/object__rosidl_typesupport_introspection_cpp.hpp
[2.767s] -- Up-to-date: /home/rob/project/csci5551-s26-team-pointbot/install/zed_msgs/include/zed_msgs/zed_msgs/msg/detail/gnss_fusion_status__rosidl_typesupport_introspection_cpp.hpp
[2.767s] -- Up-to-date: /home/rob/project/csci5551-s26-team-pointbot/install/zed_msgs/include/zed_msgs/zed_msgs/msg/detail/bounding_box2_df__rosidl_typesupport_introspection_cpp.hpp
[2.767s] -- Up-to-date: /home/rob/project/csci5551-s26-team-pointbot/install/zed_msgs/include/zed_msgs/zed_msgs/msg/detail/skeleton3_d__rosidl_typesupport_introspection_cpp.hpp
[2.767s] -- Up-to-date: /home/rob/project/csci5551-s26-team-pointbot/install/zed_msgs/include/zed_msgs/zed_msgs/msg/detail/bounding_box2_di__type_support.cpp
[2.772s] -- Up-to-date: /home/rob/project/csci5551-s26-team-pointbot/install/zed_msgs/include/zed_msgs/zed_msgs/msg/detail/health_status_stamped__rosidl_typesupport_introspection_cpp.hpp
[2.772s] -- Up-to-date: /home/rob/project/csci5551-s26-team-pointbot/install/zed_msgs/include/zed_msgs/zed_msgs/msg/detail/pos_track_status__type_support.cpp
[2.772s] -- Up-to-date: /home/rob/project/csci5551-s26-team-pointbot/install/zed_msgs/include/zed_msgs/zed_msgs/msg/detail/plane_stamped__rosidl_typesupport_introspection_cpp.hpp
[2.772s] -- Up-to-date: /home/rob/project/csci5551-s26-team-pointbot/install/zed_msgs/include/zed_msgs/zed_msgs/msg/detail/heartbeat__rosidl_typesupport_introspection_cpp.hpp
[2.773s] -- Up-to-date: /home/rob/project/csci5551-s26-team-pointbot/install/zed_msgs/include/zed_msgs/zed_msgs/msg/detail/keypoint2_di__type_support.cpp
[2.773s] -- Up-to-date: /home/rob/project/csci5551-s26-team-pointbot/install/zed_msgs/include/zed_msgs/zed_msgs/msg/detail/mag_heading_status__rosidl_typesupport_introspection_cpp.hpp
[2.773s] -- Up-to-date: /home/rob/project/csci5551-s26-team-pointbot/install/zed_msgs/include/zed_msgs/zed_msgs/msg/detail/bounding_box2_di__rosidl_typesupport_introspection_cpp.hpp
[2.773s] -- Up-to-date: /home/rob/project/csci5551-s26-team-pointbot/install/zed_msgs/include/zed_msgs/zed_msgs/msg/detail/skeleton2_d__type_support.cpp
[2.773s] -- Up-to-date: /home/rob/project/csci5551-s26-team-pointbot/install/zed_msgs/include/zed_msgs/zed_msgs/msg/detail/depth_info_stamped__type_support.cpp
[2.773s] -- Up-to-date: /home/rob/project/csci5551-s26-team-pointbot/install/zed_msgs/include/zed_msgs/zed_msgs/msg/detail/heartbeat__type_support.cpp
[2.773s] -- Up-to-date: /home/rob/project/csci5551-s26-team-pointbot/install/zed_msgs/include/zed_msgs/zed_msgs/msg/detail/bounding_box3_d__type_support.cpp
[2.773s] -- Up-to-date: /home/rob/project/csci5551-s26-team-pointbot/install/zed_msgs/include/zed_msgs/zed_msgs/msg/detail/bounding_box2_df__type_support.cpp
[2.773s] -- Up-to-date: /home/rob/project/csci5551-s26-team-pointbot/install/zed_msgs/include/zed_msgs/zed_msgs/msg/detail/keypoint2_df__rosidl_typesupport_introspection_cpp.hpp
[2.773s] -- Up-to-date: /home/rob/project/csci5551-s26-team-pointbot/install/zed_msgs/include/zed_msgs/zed_msgs/msg/detail/keypoint2_di__rosidl_typesupport_introspection_cpp.hpp
[2.774s] -- Up-to-date: /home/rob/project/csci5551-s26-team-pointbot/install/zed_msgs/include/zed_msgs/zed_msgs/msg/detail/svo_status__rosidl_typesupport_introspection_cpp.hpp
[2.774s] -- Up-to-date: /home/rob/project/csci5551-s26-team-pointbot/install/zed_msgs/include/zed_msgs/zed_msgs/msg/detail/mag_heading_status__type_support.cpp
[2.774s] -- Up-to-date: /home/rob/project/csci5551-s26-team-pointbot/install/zed_msgs/include/zed_msgs/zed_msgs/msg/detail/keypoint3_d__type_support.cpp
[2.774s] -- Up-to-date: /home/rob/project/csci5551-s26-team-pointbot/install/zed_msgs/include/zed_msgs/zed_msgs/msg/detail/skeleton3_d__type_support.cpp
[2.774s] -- Up-to-date: /home/rob/project/csci5551-s26-team-pointbot/install/zed_msgs/include/zed_msgs/zed_msgs/msg/detail/pos_track_status__rosidl_typesupport_introspection_cpp.hpp
[2.777s] -- Up-to-date: /home/rob/project/csci5551-s26-team-pointbot/install/zed_msgs/include/zed_msgs/zed_msgs/msg/detail/skeleton2_d__rosidl_typesupport_introspection_cpp.hpp
[2.778s] -- Up-to-date: /home/rob/project/csci5551-s26-team-pointbot/install/zed_msgs/include/zed_msgs/zed_msgs/msg/detail/gnss_fusion_status__type_support.cpp
[2.778s] -- Up-to-date: /home/rob/project/csci5551-s26-team-pointbot/install/zed_msgs/include/zed_msgs/zed_msgs/msg/detail/objects_stamped__rosidl_typesupport_introspection_cpp.hpp
[2.778s] -- Up-to-date: /home/rob/project/csci5551-s26-team-pointbot/install/zed_msgs/include/zed_msgs/zed_msgs/msg/detail/plane_stamped__type_support.cpp
[2.778s] -- Up-to-date: /home/rob/project/csci5551-s26-team-pointbot/install/zed_msgs/include/zed_msgs/zed_msgs/msg/detail/svo_status__type_support.cpp
[2.778s] -- Up-to-date: /home/rob/project/csci5551-s26-team-pointbot/install/zed_msgs/include/zed_msgs/zed_msgs/srv
[2.778s] -- Up-to-date: /home/rob/project/csci5551-s26-team-pointbot/install/zed_msgs/include/zed_msgs/zed_msgs/srv/detail
[2.778s] -- Up-to-date: /home/rob/project/csci5551-s26-team-pointbot/install/zed_msgs/include/zed_msgs/zed_msgs/srv/detail/set_pose__rosidl_typesupport_introspection_cpp.hpp
[2.778s] -- Up-to-date: /home/rob/project/csci5551-s26-team-pointbot/install/zed_msgs/include/zed_msgs/zed_msgs/srv/detail/set_svo_frame__type_support.cpp
[2.778s] -- Up-to-date: /home/rob/project/csci5551-s26-team-pointbot/install/zed_msgs/include/zed_msgs/zed_msgs/srv/detail/start_svo_rec__rosidl_typesupport_introspection_cpp.hpp
[2.779s] -- Up-to-date: /home/rob/project/csci5551-s26-team-pointbot/install/zed_msgs/include/zed_msgs/zed_msgs/srv/detail/set_pose__type_support.cpp
[2.779s] -- Up-to-date: /home/rob/project/csci5551-s26-team-pointbot/install/zed_msgs/include/zed_msgs/zed_msgs/srv/detail/set_roi__rosidl_typesupport_introspection_cpp.hpp
[2.779s] -- Up-to-date: /home/rob/project/csci5551-s26-team-pointbot/install/zed_msgs/include/zed_msgs/zed_msgs/srv/detail/save_area_memory__type_support.cpp
[2.779s] -- Up-to-date: /home/rob/project/csci5551-s26-team-pointbot/install/zed_msgs/include/zed_msgs/zed_msgs/srv/detail/set_svo_frame__rosidl_typesupport_introspection_cpp.hpp
[2.779s] -- Up-to-date: /home/rob/project/csci5551-s26-team-pointbot/install/zed_msgs/include/zed_msgs/zed_msgs/srv/detail/start_svo_rec__type_support.cpp
[2.781s] -- Up-to-date: /home/rob/project/csci5551-s26-team-pointbot/install/zed_msgs/include/zed_msgs/zed_msgs/srv/detail/save_area_memory__rosidl_typesupport_introspection_cpp.hpp
[2.781s] -- Up-to-date: /home/rob/project/csci5551-s26-team-pointbot/install/zed_msgs/include/zed_msgs/zed_msgs/srv/detail/set_roi__type_support.cpp
[2.781s] -- Up-to-date: /home/rob/project/csci5551-s26-team-pointbot/install/zed_msgs/lib/libzed_msgs__rosidl_typesupport_introspection_cpp.so
[2.782s] -- Up-to-date: /home/rob/project/csci5551-s26-team-pointbot/install/zed_msgs/lib/libzed_msgs__rosidl_typesupport_cpp.so
[2.782s] -- Up-to-date: /home/rob/project/csci5551-s26-team-pointbot/install/zed_msgs/share/zed_msgs/environment/pythonpath.sh
[2.782s] -- Up-to-date: /home/rob/project/csci5551-s26-team-pointbot/install/zed_msgs/share/zed_msgs/environment/pythonpath.dsv
[2.783s] -- Up-to-date: /home/rob/project/csci5551-s26-team-pointbot/install/zed_msgs/lib/python3.12/site-packages/zed_msgs-5.2.1-py3.12.egg-info
[2.783s] -- Installing: /home/rob/project/csci5551-s26-team-pointbot/install/zed_msgs/lib/python3.12/site-packages/zed_msgs-5.2.1-py3.12.egg-info/PKG-INFO
[2.783s] -- Installing: /home/rob/project/csci5551-s26-team-pointbot/install/zed_msgs/lib/python3.12/site-packages/zed_msgs-5.2.1-py3.12.egg-info/dependency_links.txt
[2.783s] -- Installing: /home/rob/project/csci5551-s26-team-pointbot/install/zed_msgs/lib/python3.12/site-packages/zed_msgs-5.2.1-py3.12.egg-info/SOURCES.txt
[2.783s] -- Installing: /home/rob/project/csci5551-s26-team-pointbot/install/zed_msgs/lib/python3.12/site-packages/zed_msgs-5.2.1-py3.12.egg-info/top_level.txt
[2.783s] -- Up-to-date: /home/rob/project/csci5551-s26-team-pointbot/install/zed_msgs/lib/python3.12/site-packages/zed_msgs
[2.784s] -- Up-to-date: /home/rob/project/csci5551-s26-team-pointbot/install/zed_msgs/lib/python3.12/site-packages/zed_msgs/zed_msgs_s__rosidl_typesupport_introspection_c.so
[2.784s] -- Up-to-date: /home/rob/project/csci5551-s26-team-pointbot/install/zed_msgs/lib/python3.12/site-packages/zed_msgs/_zed_msgs_s.ep.rosidl_typesupport_c.c
[2.784s] -- Up-to-date: /home/rob/project/csci5551-s26-team-pointbot/install/zed_msgs/lib/python3.12/site-packages/zed_msgs/_zed_msgs_s.ep.rosidl_typesupport_fastrtps_c.c
[2.784s] -- Up-to-date: /home/rob/project/csci5551-s26-team-pointbot/install/zed_msgs/lib/python3.12/site-packages/zed_msgs/__init__.py
[2.784s] -- Up-to-date: /home/rob/project/csci5551-s26-team-pointbot/install/zed_msgs/lib/python3.12/site-packages/zed_msgs/_zed_msgs_s.ep.rosidl_typesupport_introspection_c.c
[2.785s] -- Up-to-date: /home/rob/project/csci5551-s26-team-pointbot/install/zed_msgs/lib/python3.12/site-packages/zed_msgs/zed_msgs_s__rosidl_typesupport_fastrtps_c.so
[2.785s] -- Up-to-date: /home/rob/project/csci5551-s26-team-pointbot/install/zed_msgs/lib/python3.12/site-packages/zed_msgs/msg
[2.785s] -- Up-to-date: /home/rob/project/csci5551-s26-team-pointbot/install/zed_msgs/lib/python3.12/site-packages/zed_msgs/msg/_keypoint2_di.py
[2.785s] -- Up-to-date: /home/rob/project/csci5551-s26-team-pointbot/install/zed_msgs/lib/python3.12/site-packages/zed_msgs/msg/_svo_status_s.c
[2.785s] -- Up-to-date: /home/rob/project/csci5551-s26-team-pointbot/install/zed_msgs/lib/python3.12/site-packages/zed_msgs/msg/_svo_status.py
[2.786s] -- Up-to-date: /home/rob/project/csci5551-s26-team-pointbot/install/zed_msgs/lib/python3.12/site-packages/zed_msgs/msg/_keypoint2_df_s.c
[2.786s] -- Up-to-date: /home/rob/project/csci5551-s26-team-pointbot/install/zed_msgs/lib/python3.12/site-packages/zed_msgs/msg/_bounding_box3_d.py
[2.786s] -- Up-to-date: /home/rob/project/csci5551-s26-team-pointbot/install/zed_msgs/lib/python3.12/site-packages/zed_msgs/msg/_bounding_box2_di_s.c
[2.786s] -- Up-to-date: /home/rob/project/csci5551-s26-team-pointbot/install/zed_msgs/lib/python3.12/site-packages/zed_msgs/msg/_bounding_box2_df_s.c
[2.786s] -- Up-to-date: /home/rob/project/csci5551-s26-team-pointbot/install/zed_msgs/lib/python3.12/site-packages/zed_msgs/msg/_bounding_box2_df.py
[2.786s] -- Up-to-date: /home/rob/project/csci5551-s26-team-pointbot/install/zed_msgs/lib/python3.12/site-packages/zed_msgs/msg/_mag_heading_status.py
[2.787s] -- Up-to-date: /home/rob/project/csci5551-s26-team-pointbot/install/zed_msgs/lib/python3.12/site-packages/zed_msgs/msg/_skeleton3_d_s.c
[2.787s] -- Up-to-date: /home/rob/project/csci5551-s26-team-pointbot/install/zed_msgs/lib/python3.12/site-packages/zed_msgs/msg/_health_status_stamped_s.c
[2.787s] -- Up-to-date: /home/rob/project/csci5551-s26-team-pointbot/install/zed_msgs/lib/python3.12/site-packages/zed_msgs/msg/_heartbeat_s.c
[2.787s] -- Up-to-date: /home/rob/project/csci5551-s26-team-pointbot/install/zed_msgs/lib/python3.12/site-packages/zed_msgs/msg/_object.py
[2.787s] -- Up-to-date: /home/rob/project/csci5551-s26-team-pointbot/install/zed_msgs/lib/python3.12/site-packages/zed_msgs/msg/_gnss_fusion_status_s.c
[2.787s] -- Up-to-date: /home/rob/project/csci5551-s26-team-pointbot/install/zed_msgs/lib/python3.12/site-packages/zed_msgs/msg/_skeleton2_d.py
[2.788s] -- Up-to-date: /home/rob/project/csci5551-s26-team-pointbot/install/zed_msgs/lib/python3.12/site-packages/zed_msgs/msg/_pos_track_status_s.c
[2.788s] -- Up-to-date: /home/rob/project/csci5551-s26-team-pointbot/install/zed_msgs/lib/python3.12/site-packages/zed_msgs/msg/_mag_heading_status_s.c
[2.788s] -- Up-to-date: /home/rob/project/csci5551-s26-team-pointbot/install/zed_msgs/lib/python3.12/site-packages/zed_msgs/msg/_objects_stamped.py
[2.788s] -- Up-to-date: /home/rob/project/csci5551-s26-team-pointbot/install/zed_msgs/lib/python3.12/site-packages/zed_msgs/msg/__init__.py
[2.789s] -- Up-to-date: /home/rob/project/csci5551-s26-team-pointbot/install/zed_msgs/lib/python3.12/site-packages/zed_msgs/msg/_object_s.c
[2.789s] -- Up-to-date: /home/rob/project/csci5551-s26-team-pointbot/install/zed_msgs/lib/python3.12/site-packages/zed_msgs/msg/_keypoint2_df.py
[2.789s] -- Up-to-date: /home/rob/project/csci5551-s26-team-pointbot/install/zed_msgs/lib/python3.12/site-packages/zed_msgs/msg/_objects_stamped_s.c
[2.789s] -- Up-to-date: /home/rob/project/csci5551-s26-team-pointbot/install/zed_msgs/lib/python3.12/site-packages/zed_msgs/msg/_keypoint3_d_s.c
[2.789s] -- Up-to-date: /home/rob/project/csci5551-s26-team-pointbot/install/zed_msgs/lib/python3.12/site-packages/zed_msgs/msg/_keypoint2_di_s.c
[2.790s] -- Up-to-date: /home/rob/project/csci5551-s26-team-pointbot/install/zed_msgs/lib/python3.12/site-packages/zed_msgs/msg/_skeleton3_d.py
[2.790s] -- Up-to-date: /home/rob/project/csci5551-s26-team-pointbot/install/zed_msgs/lib/python3.12/site-packages/zed_msgs/msg/_bounding_box2_di.py
[2.791s] -- Up-to-date: /home/rob/project/csci5551-s26-team-pointbot/install/zed_msgs/lib/python3.12/site-packages/zed_msgs/msg/_pos_track_status.py
[2.791s] -- Up-to-date: /home/rob/project/csci5551-s26-team-pointbot/install/zed_msgs/lib/python3.12/site-packages/zed_msgs/msg/_heartbeat.py
[2.792s] -- Up-to-date: /home/rob/project/csci5551-s26-team-pointbot/install/zed_msgs/lib/python3.12/site-packages/zed_msgs/msg/_health_status_stamped.py
[2.792s] -- Up-to-date: /home/rob/project/csci5551-s26-team-pointbot/install/zed_msgs/lib/python3.12/site-packages/zed_msgs/msg/_keypoint3_d.py
[2.792s] -- Up-to-date: /home/rob/project/csci5551-s26-team-pointbot/install/zed_msgs/lib/python3.12/site-packages/zed_msgs/msg/_gnss_fusion_status.py
[2.792s] -- Up-to-date: /home/rob/project/csci5551-s26-team-pointbot/install/zed_msgs/lib/python3.12/site-packages/zed_msgs/msg/_depth_info_stamped_s.c
[2.795s] -- Up-to-date: /home/rob/project/csci5551-s26-team-pointbot/install/zed_msgs/lib/python3.12/site-packages/zed_msgs/msg/_bounding_box3_d_s.c
[2.796s] -- Up-to-date: /home/rob/project/csci5551-s26-team-pointbot/install/zed_msgs/lib/python3.12/site-packages/zed_msgs/msg/_skeleton2_d_s.c
[2.796s] -- Up-to-date: /home/rob/project/csci5551-s26-team-pointbot/install/zed_msgs/lib/python3.12/site-packages/zed_msgs/msg/_plane_stamped_s.c
[2.797s] -- Up-to-date: /home/rob/project/csci5551-s26-team-pointbot/install/zed_msgs/lib/python3.12/site-packages/zed_msgs/msg/_plane_stamped.py
[2.797s] -- Up-to-date: /home/rob/project/csci5551-s26-team-pointbot/install/zed_msgs/lib/python3.12/site-packages/zed_msgs/msg/_depth_info_stamped.py
[2.797s] -- Up-to-date: /home/rob/project/csci5551-s26-team-pointbot/install/zed_msgs/lib/python3.12/site-packages/zed_msgs/zed_msgs_s__rosidl_typesupport_c.so
[2.798s] -- Up-to-date: /home/rob/project/csci5551-s26-team-pointbot/install/zed_msgs/lib/python3.12/site-packages/zed_msgs/srv
[2.798s] -- Up-to-date: /home/rob/project/csci5551-s26-team-pointbot/install/zed_msgs/lib/python3.12/site-packages/zed_msgs/srv/_set_roi.py
[2.798s] -- Up-to-date: /home/rob/project/csci5551-s26-team-pointbot/install/zed_msgs/lib/python3.12/site-packages/zed_msgs/srv/_save_area_memory.py
[2.798s] -- Up-to-date: /home/rob/project/csci5551-s26-team-pointbot/install/zed_msgs/lib/python3.12/site-packages/zed_msgs/srv/_set_roi_s.c
[2.798s] -- Up-to-date: /home/rob/project/csci5551-s26-team-pointbot/install/zed_msgs/lib/python3.12/site-packages/zed_msgs/srv/_start_svo_rec_s.c
[2.798s] -- Up-to-date: /home/rob/project/csci5551-s26-team-pointbot/install/zed_msgs/lib/python3.12/site-packages/zed_msgs/srv/_set_svo_frame.py
[2.799s] -- Up-to-date: /home/rob/project/csci5551-s26-team-pointbot/install/zed_msgs/lib/python3.12/site-packages/zed_msgs/srv/_set_pose.py
[2.799s] -- Up-to-date: /home/rob/project/csci5551-s26-team-pointbot/install/zed_msgs/lib/python3.12/site-packages/zed_msgs/srv/__init__.py
[2.799s] -- Up-to-date: /home/rob/project/csci5551-s26-team-pointbot/install/zed_msgs/lib/python3.12/site-packages/zed_msgs/srv/_set_pose_s.c
[2.799s] -- Up-to-date: /home/rob/project/csci5551-s26-team-pointbot/install/zed_msgs/lib/python3.12/site-packages/zed_msgs/srv/_set_svo_frame_s.c
[2.799s] -- Up-to-date: /home/rob/project/csci5551-s26-team-pointbot/install/zed_msgs/lib/python3.12/site-packages/zed_msgs/srv/_save_area_memory_s.c
[2.799s] -- Up-to-date: /home/rob/project/csci5551-s26-team-pointbot/install/zed_msgs/lib/python3.12/site-packages/zed_msgs/srv/_start_svo_rec.py
[2.817s] Listing '/home/rob/project/csci5551-s26-team-pointbot/install/zed_msgs/lib/python3.12/site-packages/zed_msgs'...
[2.817s] Listing '/home/rob/project/csci5551-s26-team-pointbot/install/zed_msgs/lib/python3.12/site-packages/zed_msgs/msg'...
[2.817s] Listing '/home/rob/project/csci5551-s26-team-pointbot/install/zed_msgs/lib/python3.12/site-packages/zed_msgs/srv'...
[2.827s] -- Up-to-date: /home/rob/project/csci5551-s26-team-pointbot/install/zed_msgs/lib/python3.12/site-packages/zed_msgs/zed_msgs_s__rosidl_typesupport_fastrtps_c.so
[2.828s] -- Up-to-date: /home/rob/project/csci5551-s26-team-pointbot/install/zed_msgs/lib/python3.12/site-packages/zed_msgs/zed_msgs_s__rosidl_typesupport_introspection_c.so
[2.828s] -- Up-to-date: /home/rob/project/csci5551-s26-team-pointbot/install/zed_msgs/lib/python3.12/site-packages/zed_msgs/zed_msgs_s__rosidl_typesupport_c.so
[2.828s] -- Up-to-date: /home/rob/project/csci5551-s26-team-pointbot/install/zed_msgs/lib/libzed_msgs__rosidl_generator_py.so
[2.830s] -- Up-to-date: /home/rob/project/csci5551-s26-team-pointbot/install/zed_msgs/share/ament_index/resource_index/rust_packages/zed_msgs
[2.830s] -- Up-to-date: /home/rob/project/csci5551-s26-team-pointbot/install/zed_msgs/share/zed_msgs/rust
[2.830s] -- Up-to-date: /home/rob/project/csci5551-s26-team-pointbot/install/zed_msgs/share/zed_msgs/rust/Cargo.toml
[2.831s] -- Up-to-date: /home/rob/project/csci5551-s26-team-pointbot/install/zed_msgs/share/zed_msgs/rust/src
[2.831s] -- Up-to-date: /home/rob/project/csci5551-s26-team-pointbot/install/zed_msgs/share/zed_msgs/rust/src/lib.rs
[2.831s] -- Up-to-date: /home/rob/project/csci5551-s26-team-pointbot/install/zed_msgs/share/zed_msgs/rust/src/msg.rs
[2.831s] -- Up-to-date: /home/rob/project/csci5551-s26-team-pointbot/install/zed_msgs/share/zed_msgs/rust/src/srv.rs
[2.831s] -- Up-to-date: /home/rob/project/csci5551-s26-team-pointbot/install/zed_msgs/share/zed_msgs/rust/src/msg
[2.831s] -- Up-to-date: /home/rob/project/csci5551-s26-team-pointbot/install/zed_msgs/share/zed_msgs/rust/src/msg/rmw.rs
[2.832s] -- Up-to-date: /home/rob/project/csci5551-s26-team-pointbot/install/zed_msgs/share/zed_msgs/rust/src/srv
[2.832s] -- Up-to-date: /home/rob/project/csci5551-s26-team-pointbot/install/zed_msgs/share/zed_msgs/rust/src/srv/rmw.rs
[2.832s] -- Up-to-date: /home/rob/project/csci5551-s26-team-pointbot/install/zed_msgs/share/zed_msgs/rust/build.rs
[2.832s] -- Up-to-date: /home/rob/project/csci5551-s26-team-pointbot/install/zed_msgs/share/zed_msgs/msg/Object.idl
[2.832s] -- Up-to-date: /home/rob/project/csci5551-s26-team-pointbot/install/zed_msgs/share/zed_msgs/msg/ObjectsStamped.idl
[2.832s] -- Up-to-date: /home/rob/project/csci5551-s26-team-pointbot/install/zed_msgs/share/zed_msgs/msg/Keypoint2Di.idl
[2.833s] -- Up-to-date: /home/rob/project/csci5551-s26-team-pointbot/install/zed_msgs/share/zed_msgs/msg/Keypoint2Df.idl
[2.833s] -- Up-to-date: /home/rob/project/csci5551-s26-team-pointbot/install/zed_msgs/share/zed_msgs/msg/Keypoint3D.idl
[2.833s] -- Up-to-date: /home/rob/project/csci5551-s26-team-pointbot/install/zed_msgs/share/zed_msgs/msg/BoundingBox2Di.idl
[2.837s] -- Up-to-date: /home/rob/project/csci5551-s26-team-pointbot/install/zed_msgs/share/zed_msgs/msg/BoundingBox2Df.idl
[2.837s] -- Up-to-date: /home/rob/project/csci5551-s26-team-pointbot/install/zed_msgs/share/zed_msgs/msg/BoundingBox3D.idl
[2.840s] -- Up-to-date: /home/rob/project/csci5551-s26-team-pointbot/install/zed_msgs/share/zed_msgs/msg/Skeleton2D.idl
[2.840s] -- Up-to-date: /home/rob/project/csci5551-s26-team-pointbot/install/zed_msgs/share/zed_msgs/msg/Skeleton3D.idl
[2.841s] -- Up-to-date: /home/rob/project/csci5551-s26-team-pointbot/install/zed_msgs/share/zed_msgs/msg/DepthInfoStamped.idl
[2.841s] -- Up-to-date: /home/rob/project/csci5551-s26-team-pointbot/install/zed_msgs/share/zed_msgs/msg/PlaneStamped.idl
[2.841s] -- Up-to-date: /home/rob/project/csci5551-s26-team-pointbot/install/zed_msgs/share/zed_msgs/msg/PosTrackStatus.idl
[2.841s] -- Up-to-date: /home/rob/project/csci5551-s26-team-pointbot/install/zed_msgs/share/zed_msgs/msg/GnssFusionStatus.idl
[2.841s] -- Up-to-date: /home/rob/project/csci5551-s26-team-pointbot/install/zed_msgs/share/zed_msgs/msg/Heartbeat.idl
[2.842s] -- Up-to-date: /home/rob/project/csci5551-s26-team-pointbot/install/zed_msgs/share/zed_msgs/msg/MagHeadingStatus.idl
[2.842s] -- Up-to-date: /home/rob/project/csci5551-s26-team-pointbot/install/zed_msgs/share/zed_msgs/msg/SvoStatus.idl
[2.842s] -- Up-to-date: /home/rob/project/csci5551-s26-team-pointbot/install/zed_msgs/share/zed_msgs/msg/HealthStatusStamped.idl
[2.842s] -- Up-to-date: /home/rob/project/csci5551-s26-team-pointbot/install/zed_msgs/share/zed_msgs/srv/SetPose.idl
[2.842s] -- Up-to-date: /home/rob/project/csci5551-s26-team-pointbot/install/zed_msgs/share/zed_msgs/srv/StartSvoRec.idl
[2.843s] -- Up-to-date: /home/rob/project/csci5551-s26-team-pointbot/install/zed_msgs/share/zed_msgs/srv/SetROI.idl
[2.843s] -- Up-to-date: /home/rob/project/csci5551-s26-team-pointbot/install/zed_msgs/share/zed_msgs/srv/SetSvoFrame.idl
[2.843s] -- Up-to-date: /home/rob/project/csci5551-s26-team-pointbot/install/zed_msgs/share/zed_msgs/srv/SaveAreaMemory.idl
[2.843s] -- Up-to-date: /home/rob/project/csci5551-s26-team-pointbot/install/zed_msgs/share/zed_msgs/msg/Object.msg
[2.843s] -- Up-to-date: /home/rob/project/csci5551-s26-team-pointbot/install/zed_msgs/share/zed_msgs/msg/ObjectsStamped.msg
[2.844s] -- Up-to-date: /home/rob/project/csci5551-s26-team-pointbot/install/zed_msgs/share/zed_msgs/msg/Keypoint2Di.msg
[2.844s] -- Up-to-date: /home/rob/project/csci5551-s26-team-pointbot/install/zed_msgs/share/zed_msgs/msg/Keypoint2Df.msg
[2.844s] -- Up-to-date: /home/rob/project/csci5551-s26-team-pointbot/install/zed_msgs/share/zed_msgs/msg/Keypoint3D.msg
[2.844s] -- Up-to-date: /home/rob/project/csci5551-s26-team-pointbot/install/zed_msgs/share/zed_msgs/msg/BoundingBox2Di.msg
[2.846s] -- Up-to-date: /home/rob/project/csci5551-s26-team-pointbot/install/zed_msgs/share/zed_msgs/msg/BoundingBox2Df.msg
[2.847s] -- Up-to-date: /home/rob/project/csci5551-s26-team-pointbot/install/zed_msgs/share/zed_msgs/msg/BoundingBox3D.msg
[2.848s] -- Up-to-date: /home/rob/project/csci5551-s26-team-pointbot/install/zed_msgs/share/zed_msgs/msg/Skeleton2D.msg
[2.848s] -- Up-to-date: /home/rob/project/csci5551-s26-team-pointbot/install/zed_msgs/share/zed_msgs/msg/Skeleton3D.msg
[2.849s] -- Up-to-date: /home/rob/project/csci5551-s26-team-pointbot/install/zed_msgs/share/zed_msgs/msg/DepthInfoStamped.msg
[2.856s] -- Up-to-date: /home/rob/project/csci5551-s26-team-pointbot/install/zed_msgs/share/zed_msgs/msg/PlaneStamped.msg
[2.858s] -- Up-to-date: /home/rob/project/csci5551-s26-team-pointbot/install/zed_msgs/share/zed_msgs/msg/PosTrackStatus.msg
[2.859s] -- Up-to-date: /home/rob/project/csci5551-s26-team-pointbot/install/zed_msgs/share/zed_msgs/msg/GnssFusionStatus.msg
[2.859s] -- Up-to-date: /home/rob/project/csci5551-s26-team-pointbot/install/zed_msgs/share/zed_msgs/msg/Heartbeat.msg
[2.859s] -- Up-to-date: /home/rob/project/csci5551-s26-team-pointbot/install/zed_msgs/share/zed_msgs/msg/MagHeadingStatus.msg
[2.859s] -- Up-to-date: /home/rob/project/csci5551-s26-team-pointbot/install/zed_msgs/share/zed_msgs/msg/SvoStatus.msg
[2.859s] -- Up-to-date: /home/rob/project/csci5551-s26-team-pointbot/install/zed_msgs/share/zed_msgs/msg/HealthStatusStamped.msg
[2.868s] -- Up-to-date: /home/rob/project/csci5551-s26-team-pointbot/install/zed_msgs/share/zed_msgs/srv/SetPose.srv
[2.869s] -- Up-to-date: /home/rob/project/csci5551-s26-team-pointbot/install/zed_msgs/share/zed_msgs/srv/StartSvoRec.srv
[2.869s] -- Up-to-date: /home/rob/project/csci5551-s26-team-pointbot/install/zed_msgs/share/zed_msgs/srv/SetROI.srv
[2.869s] -- Up-to-date: /home/rob/project/csci5551-s26-team-pointbot/install/zed_msgs/share/zed_msgs/srv/SetSvoFrame.srv
[2.869s] -- Up-to-date: /home/rob/project/csci5551-s26-team-pointbot/install/zed_msgs/share/zed_msgs/srv/SaveAreaMemory.srv
[2.869s] -- Up-to-date: /home/rob/project/csci5551-s26-team-pointbot/install/zed_msgs/share/ament_index/resource_index/package_run_dependencies/zed_msgs
[2.870s] -- Up-to-date: /home/rob/project/csci5551-s26-team-pointbot/install/zed_msgs/share/ament_index/resource_index/parent_prefix_path/zed_msgs
[2.870s] -- Up-to-date: /home/rob/project/csci5551-s26-team-pointbot/install/zed_msgs/share/zed_msgs/environment/ament_prefix_path.sh
[2.870s] -- Up-to-date: /home/rob/project/csci5551-s26-team-pointbot/install/zed_msgs/share/zed_msgs/environment/ament_prefix_path.dsv
[2.870s] -- Up-to-date: /home/rob/project/csci5551-s26-team-pointbot/install/zed_msgs/share/zed_msgs/environment/path.sh
[2.870s] -- Up-to-date: /home/rob/project/csci5551-s26-team-pointbot/install/zed_msgs/share/zed_msgs/environment/path.dsv
[2.871s] -- Up-to-date: /home/rob/project/csci5551-s26-team-pointbot/install/zed_msgs/share/zed_msgs/local_setup.bash
[2.871s] -- Up-to-date: /home/rob/project/csci5551-s26-team-pointbot/install/zed_msgs/share/zed_msgs/local_setup.sh
[2.871s] -- Up-to-date: /home/rob/project/csci5551-s26-team-pointbot/install/zed_msgs/share/zed_msgs/local_setup.zsh
[2.871s] -- Up-to-date: /home/rob/project/csci5551-s26-team-pointbot/install/zed_msgs/share/zed_msgs/local_setup.dsv
[2.871s] -- Installing: /home/rob/project/csci5551-s26-team-pointbot/install/zed_msgs/share/zed_msgs/package.dsv
[2.878s] -- Up-to-date: /home/rob/project/csci5551-s26-team-pointbot/install/zed_msgs/share/ament_index/resource_index/packages/zed_msgs
[2.878s] -- Up-to-date: /home/rob/project/csci5551-s26-team-pointbot/install/zed_msgs/share/zed_msgs/cmake/export_zed_msgs__rosidl_generator_cExport.cmake
[2.879s] -- Up-to-date: /home/rob/project/csci5551-s26-team-pointbot/install/zed_msgs/share/zed_msgs/cmake/export_zed_msgs__rosidl_generator_cExport-noconfig.cmake
[2.879s] -- Up-to-date: /home/rob/project/csci5551-s26-team-pointbot/install/zed_msgs/share/zed_msgs/cmake/export_zed_msgs__rosidl_typesupport_fastrtps_cExport.cmake
[2.879s] -- Up-to-date: /home/rob/project/csci5551-s26-team-pointbot/install/zed_msgs/share/zed_msgs/cmake/export_zed_msgs__rosidl_typesupport_fastrtps_cExport-noconfig.cmake
[2.879s] -- Up-to-date: /home/rob/project/csci5551-s26-team-pointbot/install/zed_msgs/share/zed_msgs/cmake/export_zed_msgs__rosidl_generator_cppExport.cmake
[2.879s] -- Up-to-date: /home/rob/project/csci5551-s26-team-pointbot/install/zed_msgs/share/zed_msgs/cmake/export_zed_msgs__rosidl_typesupport_fastrtps_cppExport.cmake
[2.879s] -- Up-to-date: /home/rob/project/csci5551-s26-team-pointbot/install/zed_msgs/share/zed_msgs/cmake/export_zed_msgs__rosidl_typesupport_fastrtps_cppExport-noconfig.cmake
[2.880s] -- Up-to-date: /home/rob/project/csci5551-s26-team-pointbot/install/zed_msgs/share/zed_msgs/cmake/zed_msgs__rosidl_typesupport_introspection_cExport.cmake
[2.880s] -- Up-to-date: /home/rob/project/csci5551-s26-team-pointbot/install/zed_msgs/share/zed_msgs/cmake/zed_msgs__rosidl_typesupport_introspection_cExport-noconfig.cmake
[2.880s] -- Up-to-date: /home/rob/project/csci5551-s26-team-pointbot/install/zed_msgs/share/zed_msgs/cmake/zed_msgs__rosidl_typesupport_cExport.cmake
[2.884s] -- Up-to-date: /home/rob/project/csci5551-s26-team-pointbot/install/zed_msgs/share/zed_msgs/cmake/zed_msgs__rosidl_typesupport_cExport-noconfig.cmake
[2.885s] -- Up-to-date: /home/rob/project/csci5551-s26-team-pointbot/install/zed_msgs/share/zed_msgs/cmake/zed_msgs__rosidl_typesupport_introspection_cppExport.cmake
[2.885s] -- Up-to-date: /home/rob/project/csci5551-s26-team-pointbot/install/zed_msgs/share/zed_msgs/cmake/zed_msgs__rosidl_typesupport_introspection_cppExport-noconfig.cmake
[2.889s] -- Up-to-date: /home/rob/project/csci5551-s26-team-pointbot/install/zed_msgs/share/zed_msgs/cmake/zed_msgs__rosidl_typesupport_cppExport.cmake
[2.890s] -- Up-to-date: /home/rob/project/csci5551-s26-team-pointbot/install/zed_msgs/share/zed_msgs/cmake/zed_msgs__rosidl_typesupport_cppExport-noconfig.cmake
[2.890s] -- Up-to-date: /home/rob/project/csci5551-s26-team-pointbot/install/zed_msgs/share/zed_msgs/cmake/export_zed_msgs__rosidl_generator_pyExport.cmake
[2.890s] -- Up-to-date: /home/rob/project/csci5551-s26-team-pointbot/install/zed_msgs/share/zed_msgs/cmake/export_zed_msgs__rosidl_generator_pyExport-noconfig.cmake
[2.890s] -- Up-to-date: /home/rob/project/csci5551-s26-team-pointbot/install/zed_msgs/share/zed_msgs/cmake/rosidl_cmake-extras.cmake
[2.891s] -- Up-to-date: /home/rob/project/csci5551-s26-team-pointbot/install/zed_msgs/share/zed_msgs/cmake/ament_cmake_export_dependencies-extras.cmake
[2.891s] -- Up-to-date: /home/rob/project/csci5551-s26-team-pointbot/install/zed_msgs/share/zed_msgs/cmake/ament_cmake_export_include_directories-extras.cmake
[2.891s] -- Up-to-date: /home/rob/project/csci5551-s26-team-pointbot/install/zed_msgs/share/zed_msgs/cmake/ament_cmake_export_libraries-extras.cmake
[2.891s] -- Up-to-date: /home/rob/project/csci5551-s26-team-pointbot/install/zed_msgs/share/zed_msgs/cmake/ament_cmake_export_targets-extras.cmake
[2.891s] -- Up-to-date: /home/rob/project/csci5551-s26-team-pointbot/install/zed_msgs/share/zed_msgs/cmake/rosidl_cmake_export_typesupport_targets-extras.cmake
[2.892s] -- Up-to-date: /home/rob/project/csci5551-s26-team-pointbot/install/zed_msgs/share/zed_msgs/cmake/rosidl_cmake_export_typesupport_libraries-extras.cmake
[2.892s] -- Up-to-date: /home/rob/project/csci5551-s26-team-pointbot/install/zed_msgs/share/zed_msgs/cmake/zed_msgsConfig.cmake
[2.892s] -- Up-to-date: /home/rob/project/csci5551-s26-team-pointbot/install/zed_msgs/share/zed_msgs/cmake/zed_msgsConfig-version.cmake
[2.892s] -- Up-to-date: /home/rob/project/csci5551-s26-team-pointbot/install/zed_msgs/share/zed_msgs/package.xml
[2.943s] Invoked command in '/home/rob/project/csci5551-s26-team-pointbot/build/zed_msgs' returned '0': CMAKE_PREFIX_PATH=${CMAKE_PREFIX_PATH}:/home/rob/project/csci5551-s26-team-pointbot/install/pointbot_rviz:/home/rob/project/csci5551-s26-team-pointbot/install/uf_ros_lib:/home/rob/project/csci5551-s26-team-pointbot/install/planning:/home/rob/project/csci5551-s26-team-pointbot/install/perception:/opt/ros/jazzy DEBUGINFOD_URLS=https://debuginfod.ubuntu.com /usr/bin/cmake --install /home/rob/project/csci5551-s26-team-pointbot/build/zed_msgs
