[0.057s] Invoking command in '/home/rob/project/csci5551-s26-team-pointbot/build/zed_wrapper': CMAKE_PREFIX_PATH=${CMAKE_PREFIX_PATH}:/opt/ros/jazzy CONDA_PROMPT_MODIFIER=(base) DEBUGINFOD_URLS=https://debuginfod.ubuntu.com LD_LIBRARY_PATH=/home/rob/project/csci5551-s26-team-pointbot/install/lib:/opt/ros/jazzy/opt/sdformat_vendor/lib:/opt/ros/jazzy/opt/rviz_ogre_vendor/lib:/opt/ros/jazzy/lib/x86_64-linux-gnu:/opt/ros/jazzy/opt/gz_math_vendor/lib:/opt/ros/jazzy/opt/gz_utils_vendor/lib:/opt/ros/jazzy/opt/gz_tools_vendor/lib:/opt/ros/jazzy/opt/gz_cmake_vendor/lib:/opt/ros/jazzy/lib:/usr/local/cuda-12.8/lib64’ PYTHONPATH=/home/rob/project/csci5551-s26-team-pointbot/install/lib/python3.12/site-packages:/home/rob/project/csci5551-s26-team-pointbot/install/lib/python3.13/site-packages:/opt/ros/jazzy/lib/python3.12/site-packages:/home/rob/robotics5551:/home/rob/robotics5551 /usr/bin/cmake --build /home/rob/project/csci5551-s26-team-pointbot/build/zed_wrapper -- -j16 -l16
[0.110s] Invoked command in '/home/rob/project/csci5551-s26-team-pointbot/build/zed_wrapper' returned '0': CMAKE_PREFIX_PATH=${CMAKE_PREFIX_PATH}:/opt/ros/jazzy CONDA_PROMPT_MODIFIER=(base) DEBUGINFOD_URLS=https://debuginfod.ubuntu.com LD_LIBRARY_PATH=/home/rob/project/csci5551-s26-team-pointbot/install/lib:/opt/ros/jazzy/opt/sdformat_vendor/lib:/opt/ros/jazzy/opt/rviz_ogre_vendor/lib:/opt/ros/jazzy/lib/x86_64-linux-gnu:/opt/ros/jazzy/opt/gz_math_vendor/lib:/opt/ros/jazzy/opt/gz_utils_vendor/lib:/opt/ros/jazzy/opt/gz_tools_vendor/lib:/opt/ros/jazzy/opt/gz_cmake_vendor/lib:/opt/ros/jazzy/lib:/usr/local/cuda-12.8/lib64’ PYTHONPATH=/home/rob/project/csci5551-s26-team-pointbot/install/lib/python3.12/site-packages:/home/rob/project/csci5551-s26-team-pointbot/install/lib/python3.13/site-packages:/opt/ros/jazzy/lib/python3.12/site-packages:/home/rob/robotics5551:/home/rob/robotics5551 /usr/bin/cmake --build /home/rob/project/csci5551-s26-team-pointbot/build/zed_wrapper -- -j16 -l16
[0.112s] Invoking command in '/home/rob/project/csci5551-s26-team-pointbot/build/zed_wrapper': CMAKE_PREFIX_PATH=${CMAKE_PREFIX_PATH}:/opt/ros/jazzy CONDA_PROMPT_MODIFIER=(base) DEBUGINFOD_URLS=https://debuginfod.ubuntu.com LD_LIBRARY_PATH=/home/rob/project/csci5551-s26-team-pointbot/install/lib:/opt/ros/jazzy/opt/sdformat_vendor/lib:/opt/ros/jazzy/opt/rviz_ogre_vendor/lib:/opt/ros/jazzy/lib/x86_64-linux-gnu:/opt/ros/jazzy/opt/gz_math_vendor/lib:/opt/ros/jazzy/opt/gz_utils_vendor/lib:/opt/ros/jazzy/opt/gz_tools_vendor/lib:/opt/ros/jazzy/opt/gz_cmake_vendor/lib:/opt/ros/jazzy/lib:/usr/local/cuda-12.8/lib64’ PYTHONPATH=/home/rob/project/csci5551-s26-team-pointbot/install/lib/python3.12/site-packages:/home/rob/project/csci5551-s26-team-pointbot/install/lib/python3.13/site-packages:/opt/ros/jazzy/lib/python3.12/site-packages:/home/rob/robotics5551:/home/rob/robotics5551 /usr/bin/cmake --install /home/rob/project/csci5551-s26-team-pointbot/build/zed_wrapper
[0.128s] -- Install configuration: ""
[0.128s] -- Up-to-date: /home/rob/project/csci5551-s26-team-pointbot/install/share/zed_wrapper/config
[0.129s] -- Up-to-date: /home/rob/project/csci5551-s26-team-pointbot/install/share/zed_wrapper/config/zedm.yaml
[0.129s] -- Up-to-date: /home/rob/project/csci5551-s26-team-pointbot/install/share/zed_wrapper/config/virtual.yaml
[0.129s] -- Up-to-date: /home/rob/project/csci5551-s26-team-pointbot/install/share/zed_wrapper/config/custom_object_detection.yaml
[0.129s] -- Up-to-date: /home/rob/project/csci5551-s26-team-pointbot/install/share/zed_wrapper/config/common_mono.yaml
[0.129s] -- Up-to-date: /home/rob/project/csci5551-s26-team-pointbot/install/share/zed_wrapper/config/zed2.yaml
[0.129s] -- Up-to-date: /home/rob/project/csci5551-s26-team-pointbot/install/share/zed_wrapper/config/zed2i.yaml
[0.130s] -- Up-to-date: /home/rob/project/csci5551-s26-team-pointbot/install/share/zed_wrapper/config/zedxone4k.yaml
[0.130s] -- Up-to-date: /home/rob/project/csci5551-s26-team-pointbot/install/share/zed_wrapper/config/zedxm.yaml
[0.130s] -- Up-to-date: /home/rob/project/csci5551-s26-team-pointbot/install/share/zed_wrapper/config/zedxonehdr.yaml
[0.130s] -- Up-to-date: /home/rob/project/csci5551-s26-team-pointbot/install/share/zed_wrapper/config/zedxhdrmax.yaml
[0.130s] -- Up-to-date: /home/rob/project/csci5551-s26-team-pointbot/install/share/zed_wrapper/config/zedxonegs.yaml
[0.130s] -- Up-to-date: /home/rob/project/csci5551-s26-team-pointbot/install/share/zed_wrapper/config/zed.yaml
[0.130s] -- Up-to-date: /home/rob/project/csci5551-s26-team-pointbot/install/share/zed_wrapper/config/zedx.yaml
[0.130s] -- Up-to-date: /home/rob/project/csci5551-s26-team-pointbot/install/share/zed_wrapper/config/zedxhdrmini.yaml
[0.130s] -- Up-to-date: /home/rob/project/csci5551-s26-team-pointbot/install/share/zed_wrapper/config/zedxhdr.yaml
[0.130s] -- Up-to-date: /home/rob/project/csci5551-s26-team-pointbot/install/share/zed_wrapper/config/common_stereo.yaml
[0.131s] -- Up-to-date: /home/rob/project/csci5551-s26-team-pointbot/install/share/zed_wrapper/config/object_detection.yaml
[0.131s] -- Up-to-date: /home/rob/project/csci5551-s26-team-pointbot/install/share/zed_wrapper/urdf
[0.131s] -- Up-to-date: /home/rob/project/csci5551-s26-team-pointbot/install/share/zed_wrapper/urdf/zed_descr.urdf.xacro
[0.131s] -- Up-to-date: /home/rob/project/csci5551-s26-team-pointbot/install/share/zed_wrapper/urdf/zed_macro.urdf.xacro
[0.131s] -- Up-to-date: /home/rob/project/csci5551-s26-team-pointbot/install/share/zed_wrapper/launch
[0.131s] -- Up-to-date: /home/rob/project/csci5551-s26-team-pointbot/install/share/zed_wrapper/launch/zed_camera.launch.py
[0.131s] -- Up-to-date: /home/rob/project/csci5551-s26-team-pointbot/install/share/ament_index/resource_index/package_run_dependencies/zed_wrapper
[0.131s] -- Up-to-date: /home/rob/project/csci5551-s26-team-pointbot/install/share/ament_index/resource_index/parent_prefix_path/zed_wrapper
[0.131s] -- Up-to-date: /home/rob/project/csci5551-s26-team-pointbot/install/share/zed_wrapper/environment/ament_prefix_path.sh
[0.131s] -- Up-to-date: /home/rob/project/csci5551-s26-team-pointbot/install/share/zed_wrapper/environment/ament_prefix_path.dsv
[0.131s] -- Up-to-date: /home/rob/project/csci5551-s26-team-pointbot/install/share/zed_wrapper/environment/path.sh
[0.131s] -- Up-to-date: /home/rob/project/csci5551-s26-team-pointbot/install/share/zed_wrapper/environment/path.dsv
[0.132s] -- Up-to-date: /home/rob/project/csci5551-s26-team-pointbot/install/share/zed_wrapper/local_setup.bash
[0.132s] -- Up-to-date: /home/rob/project/csci5551-s26-team-pointbot/install/share/zed_wrapper/local_setup.sh
[0.132s] -- Up-to-date: /home/rob/project/csci5551-s26-team-pointbot/install/share/zed_wrapper/local_setup.zsh
[0.132s] -- Up-to-date: /home/rob/project/csci5551-s26-team-pointbot/install/share/zed_wrapper/local_setup.dsv
[0.132s] -- Up-to-date: /home/rob/project/csci5551-s26-team-pointbot/install/share/zed_wrapper/package.dsv
[0.132s] -- Up-to-date: /home/rob/project/csci5551-s26-team-pointbot/install/share/ament_index/resource_index/packages/zed_wrapper
[0.132s] -- Up-to-date: /home/rob/project/csci5551-s26-team-pointbot/install/share/zed_wrapper/cmake/zed_wrapperConfig.cmake
[0.132s] -- Up-to-date: /home/rob/project/csci5551-s26-team-pointbot/install/share/zed_wrapper/cmake/zed_wrapperConfig-version.cmake
[0.133s] -- Up-to-date: /home/rob/project/csci5551-s26-team-pointbot/install/share/zed_wrapper/package.xml
[0.152s] Invoked command in '/home/rob/project/csci5551-s26-team-pointbot/build/zed_wrapper' returned '0': CMAKE_PREFIX_PATH=${CMAKE_PREFIX_PATH}:/opt/ros/jazzy CONDA_PROMPT_MODIFIER=(base) DEBUGINFOD_URLS=https://debuginfod.ubuntu.com LD_LIBRARY_PATH=/home/rob/project/csci5551-s26-team-pointbot/install/lib:/opt/ros/jazzy/opt/sdformat_vendor/lib:/opt/ros/jazzy/opt/rviz_ogre_vendor/lib:/opt/ros/jazzy/lib/x86_64-linux-gnu:/opt/ros/jazzy/opt/gz_math_vendor/lib:/opt/ros/jazzy/opt/gz_utils_vendor/lib:/opt/ros/jazzy/opt/gz_tools_vendor/lib:/opt/ros/jazzy/opt/gz_cmake_vendor/lib:/opt/ros/jazzy/lib:/usr/local/cuda-12.8/lib64’ PYTHONPATH=/home/rob/project/csci5551-s26-team-pointbot/install/lib/python3.12/site-packages:/home/rob/project/csci5551-s26-team-pointbot/install/lib/python3.13/site-packages:/opt/ros/jazzy/lib/python3.12/site-packages:/home/rob/robotics5551:/home/rob/robotics5551 /usr/bin/cmake --install /home/rob/project/csci5551-s26-team-pointbot/build/zed_wrapper
