[0.034s] Invoking command in '/home/rob/project/csci5551-s26-team-pointbot/build/xarm_gazebo': CMAKE_PREFIX_PATH=${CMAKE_PREFIX_PATH}:/opt/ros/jazzy CONDA_PROMPT_MODIFIER=(base) DEBUGINFOD_URLS=https://debuginfod.ubuntu.com LD_LIBRARY_PATH=/home/rob/project/csci5551-s26-team-pointbot/install/lib:/opt/ros/jazzy/opt/sdformat_vendor/lib:/opt/ros/jazzy/opt/rviz_ogre_vendor/lib:/opt/ros/jazzy/lib/x86_64-linux-gnu:/opt/ros/jazzy/opt/gz_math_vendor/lib:/opt/ros/jazzy/opt/gz_utils_vendor/lib:/opt/ros/jazzy/opt/gz_tools_vendor/lib:/opt/ros/jazzy/opt/gz_cmake_vendor/lib:/opt/ros/jazzy/lib:/usr/local/cuda-12.8/lib64’ PYTHONPATH=/home/rob/project/csci5551-s26-team-pointbot/install/lib/python3.12/site-packages:/home/rob/project/csci5551-s26-team-pointbot/install/lib/python3.13/site-packages:/opt/ros/jazzy/lib/python3.12/site-packages:/home/rob/robotics5551:/home/rob/robotics5551 /usr/bin/cmake /home/rob/project/csci5551-s26-team-pointbot/src/xarm_ros2/xarm_gazebo -DCMAKE_INSTALL_PREFIX=/home/rob/project/csci5551-s26-team-pointbot/install
[0.132s] -- The C compiler identification is GNU 13.3.0
[0.232s] -- The CXX compiler identification is GNU 13.3.0
[0.262s] -- Detecting C compiler ABI info
[0.438s] -- Detecting C compiler ABI info - done
[0.448s] -- Check for working C compiler: /usr/bin/cc - skipped
[0.449s] -- Detecting C compile features
[0.449s] -- Detecting C compile features - done
[0.462s] -- Detecting CXX compiler ABI info
[0.628s] -- Detecting CXX compiler ABI info - done
[0.650s] -- Check for working CXX compiler: /usr/bin/c++ - skipped
[0.650s] -- Detecting CXX compile features
[0.651s] -- Detecting CXX compile features - done
[0.654s] -- Found ament_cmake: 2.5.5 (/opt/ros/jazzy/share/ament_cmake/cmake)
[0.832s] -- Found Python3: /home/rob/miniforge3/bin/python3 (found version "3.13.12") found components: Interpreter 
[0.964s] -- Looking for gz-sim8 -- found version 8.11.0
[0.968s] -- Searching for dependencies of gz-sim8
[0.968s] -- Looking for sdformat14 -- found version 14.8.0
[0.968s] -- Searching for dependencies of sdformat14
[0.976s] -- Checking for module 'tinyxml2'
[1.000s] --   Found tinyxml2, version 10.0.0
[1.067s] -- Looking for gz-math7 -- found version 7.5.2
[1.068s] -- Searching for dependencies of gz-math7
[1.068s] -- Looking for gz-utils2 -- found version 2.2.1
[1.068s] -- Searching for dependencies of gz-utils2
[1.070s] -- Looking for gz-utils2 -- found version 2.2.1
[1.070s] -- Searching for dependencies of gz-utils2
[1.071s] -- Searching for <gz-utils2> component [cli]
[1.071s] -- Looking for gz-utils2-cli -- found version 2.2.1
[1.071s] -- Searching for dependencies of gz-utils2-cli
[1.075s] -- Looking for gz-plugin2 -- found version 2.0.4
[1.075s] -- Searching for dependencies of gz-plugin2
[1.075s] -- Looking for gz-utils2 -- found version 2.2.1
[1.075s] -- Searching for <gz-plugin2> component [loader]
[1.077s] -- Looking for gz-plugin2-loader -- found version 2.0.4
[1.077s] -- Searching for dependencies of gz-plugin2-loader
[1.078s] -- Searching for <gz-plugin2> component [register]
[1.080s] -- Looking for gz-plugin2-register -- found version 2.0.4
[1.080s] -- Searching for dependencies of gz-plugin2-register
[1.081s] -- Looking for gz-transport13 -- found version 13.5.0
[1.082s] -- Searching for dependencies of gz-transport13
[1.261s] -- Found Protobuf: /usr/lib/x86_64-linux-gnu/libprotobuf.so (found version "3.21.12") 
[1.278s] -- Config-file not installed for ZeroMQ -- checking for pkg-config
[1.287s] -- Checking for module 'libzmq >= 4'
[1.315s] --   Found libzmq, version 4.3.5
[1.388s] -- Found ZeroMQ: TRUE (Required is at least version "4") 
[1.401s] -- Checking for module 'uuid'
[1.427s] --   Found uuid, version 2.39.3
[1.492s] -- Found UUID: TRUE  
[1.492s] -- Looking for gz-utils2 -- found version 2.2.1
[1.499s] -- Looking for gz-msgs10 -- found version 10.3.2
[1.499s] -- Searching for dependencies of gz-msgs10
[1.525s] -- Looking for gz-utils2 -- found version 2.2.1
[1.526s] -- Looking for gz-math7 -- found version 7.5.2
[1.542s] -- Searching for <gz-transport13> component [log]
[1.547s] -- Looking for gz-transport13-log -- found version 13.5.0
[1.548s] -- Searching for dependencies of gz-transport13-log
[1.548s] -- Searching for <gz-transport13> component [parameters]
[1.551s] -- Looking for gz-transport13-parameters -- found version 13.5.0
[1.552s] -- Searching for dependencies of gz-transport13-parameters
[1.553s] -- Looking for gz-msgs10 -- found version 10.3.2
[1.555s] -- Looking for gz-common5 -- found version 5.8.0
[1.555s] -- Searching for dependencies of gz-common5
[1.555s] -- Looking for gz-utils2 -- found version 2.2.1
[1.556s] -- Looking for dlfcn.h - found
[1.557s] -- Looking for libdl - found
[1.558s] -- Found DL: TRUE  
[1.568s] -- Searching for <gz-common5> component [av]
[1.574s] -- Looking for gz-common5-av -- found version 5.8.0
[1.574s] -- Searching for dependencies of gz-common5-av
[1.585s] -- Checking for module 'libswscale'
[1.610s] --   Found libswscale, version 7.5.100
[1.674s] -- Found SWSCALE: TRUE  
[1.686s] -- Checking for module 'libavdevice >= 56.4.100'
[1.713s] --   Found libavdevice, version 60.3.100
[1.793s] -- Found AVDEVICE: TRUE (Required is at least version "56.4.100") 
[1.802s] -- Checking for module 'libavformat'
[1.815s] --   Found libavformat, version 60.16.100
[1.852s] -- Found AVFORMAT: TRUE  
[1.861s] -- Checking for module 'libavcodec'
[1.888s] --   Found libavcodec, version 60.31.102
[1.939s] -- Found AVCODEC: TRUE  
[1.949s] -- Checking for module 'libavutil'
[1.974s] --   Found libavutil, version 58.29.100
[2.040s] -- Found AVUTIL: TRUE  
[2.041s] -- Searching for <gz-common5> component [events]
[2.046s] -- Looking for gz-common5-events -- found version 5.8.0
[2.046s] -- Searching for dependencies of gz-common5-events
[2.047s] -- Looking for gz-math7 -- found version 7.5.2
[2.048s] -- Searching for <gz-common5> component [graphics]
[2.052s] -- Looking for gz-common5-graphics -- found version 5.8.0
[2.052s] -- Searching for dependencies of gz-common5-graphics
[2.053s] -- Looking for gz-math7 -- found version 7.5.2
[2.059s] -- Found GzAssimp: TRUE (found version "5.3.0") 
[2.060s] -- Searching for <gz-common5> component [io]
[2.064s] -- Looking for gz-common5-io -- found version 5.8.0
[2.064s] -- Searching for dependencies of gz-common5-io
[2.065s] -- Searching for <gz-common5> component [profiler]
[2.069s] -- Looking for gz-common5-profiler -- found version 5.8.0
[2.070s] -- Searching for dependencies of gz-common5-profiler
[2.076s] -- Looking for gz-fuel_tools9 -- found version 9.1.1
[2.076s] -- Searching for dependencies of gz-fuel_tools9
[2.213s] -- Found CURL: /usr/lib/x86_64-linux-gnu/libcurl.so (found version "8.5.0")  
[2.224s] -- Checking for module 'jsoncpp'
[2.249s] --   Found jsoncpp, version 1.9.5
[2.320s] -- Found JSONCPP: TRUE  
[2.348s] -- Checking for module 'yaml-0.1'
[2.377s] --   Found yaml-0.1, version 0.2.5
[2.442s] -- Found YAML: TRUE  
[2.454s] -- Checking for module 'libzip'
[2.482s] --   Found libzip, version 1.7.3
[2.541s] -- Found ZIP: TRUE  
[2.541s] -- Looking for gz-utils2 -- found version 2.2.1
[2.542s] -- Looking for gz-common5 -- found version 5.8.0
[2.542s] -- Searching for dependencies of gz-common5
[2.543s] -- Looking for gz-utils2 -- found version 2.2.1
[2.543s] -- Looking for dlfcn.h - found
[2.544s] -- Looking for libdl - found
[2.554s] -- Searching for <gz-common5> component [testing]
[2.558s] -- Looking for gz-common5-testing -- found version 5.8.0
[2.558s] -- Searching for dependencies of gz-common5-testing
[2.559s] -- Looking for gz-math7 -- found version 7.5.2
[2.560s] -- Looking for gz-msgs10 -- found version 10.3.2
[2.563s] -- Looking for gz-gui8 -- found version 8.4.0
[2.563s] -- Searching for dependencies of gz-gui8
[2.590s] -- Looking for gz-utils2 -- found version 2.2.1
[2.591s] -- Looking for gz-math7 -- found version 7.5.2
[2.592s] -- Looking for gz-common5 -- found version 5.8.0
[2.593s] -- Looking for gz-plugin2 -- found version 2.0.4
[2.593s] -- Looking for gz-transport13 -- found version 13.5.0
[2.600s] -- Looking for gz-rendering8 -- found version 8.2.3
[2.600s] -- Searching for dependencies of gz-rendering8
[2.601s] -- Looking for gz-math7 -- found version 7.5.2
[2.601s] -- Searching for dependencies of gz-math7
[2.602s] -- Looking for gz-utils2 -- found version 2.2.1
[2.602s] -- Searching for <gz-math7> component [eigen3]
[2.604s] -- Looking for gz-math7-eigen3 -- found version 7.5.2
[2.604s] -- Searching for dependencies of gz-math7-eigen3
[2.616s] -- Looking for gz-common5 -- found version 5.8.0
[2.616s] -- Searching for dependencies of gz-common5
[2.616s] -- Looking for gz-utils2 -- found version 2.2.1
[2.617s] -- Looking for dlfcn.h - found
[2.617s] -- Looking for libdl - found
[2.625s] -- Searching for <gz-common5> component [graphics]
[2.625s] -- Searching for <gz-common5> component [events]
[2.625s] -- Searching for <gz-common5> component [geospatial]
[2.627s] -- Looking for gz-common5-geospatial -- found version 5.8.0
[2.627s] -- Searching for dependencies of gz-common5-geospatial
[2.628s] -- Looking for gz-math7 -- found version 7.5.2
[2.628s] -- Looking for gz-common5 -- found version 5.8.0
[2.629s] -- Looking for gz-plugin2 -- found version 2.0.4
[2.629s] -- Searching for dependencies of gz-plugin2
[2.629s] -- Looking for gz-utils2 -- found version 2.2.1
[2.629s] -- Searching for <gz-plugin2> component [all]
[2.631s] -- Looking for all libraries of gz-plugin2 -- found version 2.0.4
[2.631s] -- Looking for gz-plugin2 -- found version 2.0.4
[2.632s] -- Looking for gz-utils2 -- found version 2.2.1
[2.641s] -- Found OpenGL: /usr/lib/x86_64-linux-gnu/libOpenGL.so  found components: OpenGL 
[2.642s] -- Looking for gz-msgs10 -- found version 10.3.2
[2.659s] -- Looking for gz-physics7 -- found version 7.6.0
[2.659s] -- Searching for dependencies of gz-physics7
[2.659s] -- Looking for gz-common5 -- found version 5.8.0
[2.659s] -- Looking for gz-math7 -- found version 7.5.2
[2.660s] -- Looking for gz-plugin2 -- found version 2.0.4
[2.660s] -- Looking for gz-utils2 -- found version 2.2.1
[2.661s] -- Searching for <gz-physics7> component [heightmap]
[2.662s] -- Looking for gz-physics7-heightmap -- found version 7.6.0
[2.663s] -- Searching for dependencies of gz-physics7-heightmap
[2.663s] -- Looking for gz-common5 -- found version 5.8.0
[2.663s] -- Searching for <gz-physics7> component [mesh]
[2.665s] -- Looking for gz-physics7-mesh -- found version 7.6.0
[2.665s] -- Searching for dependencies of gz-physics7-mesh
[2.665s] -- Looking for gz-common5 -- found version 5.8.0
[2.666s] -- Searching for <gz-physics7> component [sdf]
[2.667s] -- Looking for gz-physics7-sdf -- found version 7.6.0
[2.668s] -- Searching for dependencies of gz-physics7-sdf
[2.668s] -- Looking for sdformat14 -- found version 14.8.0
[2.670s] -- Looking for gz-sensors8 -- found version 8.2.2
[2.670s] -- Searching for dependencies of gz-sensors8
[2.698s] -- Looking for gz-math7 -- found version 7.5.2
[2.699s] -- Looking for gz-common5 -- found version 5.8.0
[2.699s] -- Looking for gz-transport13 -- found version 13.5.0
[2.700s] -- Looking for gz-rendering8 -- found version 8.2.3
[2.700s] -- Looking for gz-msgs10 -- found version 10.3.2
[2.701s] -- Looking for sdformat14 -- found version 14.8.0
[2.702s] -- Searching for <gz-sensors8> component [air_pressure]
[2.705s] -- Looking for gz-sensors8-air_pressure -- found version 8.2.2
[2.706s] -- Searching for dependencies of gz-sensors8-air_pressure
[2.706s] -- Searching for <gz-sensors8> component [air_speed]
[2.708s] -- Looking for gz-sensors8-air_speed -- found version 8.2.2
[2.708s] -- Searching for dependencies of gz-sensors8-air_speed
[2.709s] -- Searching for <gz-sensors8> component [altimeter]
[2.710s] -- Looking for gz-sensors8-altimeter -- found version 8.2.2
[2.710s] -- Searching for dependencies of gz-sensors8-altimeter
[2.710s] -- Searching for <gz-sensors8> component [imu]
[2.711s] -- Looking for gz-sensors8-imu -- found version 8.2.2
[2.712s] -- Searching for dependencies of gz-sensors8-imu
[2.712s] -- Searching for <gz-sensors8> component [force_torque]
[2.713s] -- Looking for gz-sensors8-force_torque -- found version 8.2.2
[2.713s] -- Searching for dependencies of gz-sensors8-force_torque
[2.713s] -- Searching for <gz-sensors8> component [logical_camera]
[2.714s] -- Looking for gz-sensors8-logical_camera -- found version 8.2.2
[2.715s] -- Searching for dependencies of gz-sensors8-logical_camera
[2.715s] -- Searching for <gz-sensors8> component [magnetometer]
[2.716s] -- Looking for gz-sensors8-magnetometer -- found version 8.2.2
[2.716s] -- Searching for dependencies of gz-sensors8-magnetometer
[2.716s] -- Searching for <gz-sensors8> component [navsat]
[2.718s] -- Looking for gz-sensors8-navsat -- found version 8.2.2
[2.718s] -- Searching for dependencies of gz-sensors8-navsat
[2.718s] -- Searching for <gz-sensors8> component [dvl]
[2.719s] -- Looking for gz-sensors8-dvl -- found version 8.2.2
[2.719s] -- Searching for dependencies of gz-sensors8-dvl
[2.719s] -- Looking for gz-sensors8 -- found version 8.2.2
[2.719s] -- Searching for dependencies of gz-sensors8
[2.734s] -- Looking for gz-math7 -- found version 7.5.2
[2.734s] -- Looking for gz-common5 -- found version 5.8.0
[2.734s] -- Looking for gz-transport13 -- found version 13.5.0
[2.734s] -- Looking for gz-rendering8 -- found version 8.2.3
[2.734s] -- Looking for gz-msgs10 -- found version 10.3.2
[2.735s] -- Looking for sdformat14 -- found version 14.8.0
[2.735s] -- Searching for <gz-sensors8> component [rendering]
[2.736s] -- Looking for gz-sensors8-rendering -- found version 8.2.2
[2.736s] -- Searching for dependencies of gz-sensors8-rendering
[2.737s] -- Searching for <gz-sensors8> component [rendering]
[2.737s] -- Searching for <gz-sensors8> component [lidar]
[2.738s] -- Looking for gz-sensors8-lidar -- found version 8.2.2
[2.738s] -- Searching for dependencies of gz-sensors8-lidar
[2.738s] -- Looking for gz-sensors8 -- found version 8.2.2
[2.739s] -- Searching for <gz-sensors8> component [gpu_lidar]
[2.740s] -- Looking for gz-sensors8-gpu_lidar -- found version 8.2.2
[2.740s] -- Searching for dependencies of gz-sensors8-gpu_lidar
[2.740s] -- Looking for gz-sensors8 -- found version 8.2.2
[2.740s] -- Searching for <gz-sensors8> component [camera]
[2.742s] -- Looking for gz-sensors8-camera -- found version 8.2.2
[2.742s] -- Searching for dependencies of gz-sensors8-camera
[2.742s] -- Looking for gz-sensors8 -- found version 8.2.2
[2.742s] -- Searching for <gz-sensors8> component [boundingbox_camera]
[2.744s] -- Looking for gz-sensors8-boundingbox_camera -- found version 8.2.2
[2.744s] -- Searching for dependencies of gz-sensors8-boundingbox_camera
[2.744s] -- Searching for <gz-sensors8> component [segmentation_camera]
[2.745s] -- Looking for gz-sensors8-segmentation_camera -- found version 8.2.2
[2.746s] -- Searching for dependencies of gz-sensors8-segmentation_camera
[2.746s] -- Searching for <gz-sensors8> component [depth_camera]
[2.747s] -- Looking for gz-sensors8-depth_camera -- found version 8.2.2
[2.747s] -- Searching for dependencies of gz-sensors8-depth_camera
[2.747s] -- Looking for gz-sensors8 -- found version 8.2.2
[2.747s] -- Searching for <gz-sensors8> component [rgbd_camera]
[2.749s] -- Looking for gz-sensors8-rgbd_camera -- found version 8.2.2
[2.749s] -- Searching for dependencies of gz-sensors8-rgbd_camera
[2.749s] -- Looking for gz-sensors8 -- found version 8.2.2
[2.749s] -- Searching for <gz-sensors8> component [thermal_camera]
[2.750s] -- Looking for gz-sensors8-thermal_camera -- found version 8.2.2
[2.751s] -- Searching for dependencies of gz-sensors8-thermal_camera
[2.751s] -- Looking for gz-sensors8 -- found version 8.2.2
[2.751s] -- Searching for <gz-sensors8> component [wide_angle_camera]
[2.752s] -- Looking for gz-sensors8-wide_angle_camera -- found version 8.2.2
[2.752s] -- Searching for dependencies of gz-sensors8-wide_angle_camera
[2.753s] -- Looking for gz-rendering8 -- found version 8.2.3
[2.753s] -- Looking for gz-math7 -- found version 7.5.2
[2.753s] -- Looking for gz-utils2 -- found version 2.2.1
[2.767s] -- Looking for sdformat14 -- found version 14.8.0
[2.768s] -- Found ament_lint_auto: 0.17.4 (/opt/ros/jazzy/share/ament_lint_auto/cmake)
[2.889s] -- Added test 'copyright' to check source files copyright and LICENSE
[2.889s] -- Added test 'cppcheck' to perform static code analysis on C / C++ code
[2.890s] -- Configured cppcheck include dirs: /home/rob/project/csci5551-s26-team-pointbot/src/xarm_ros2/xarm_gazebo/include
[2.890s] -- Configured cppcheck exclude dirs and/or files: 
[2.890s] -- Added test 'cpplint' to check C / C++ code against the Google style
[2.890s] -- Configured cpplint exclude dirs and/or files: 
[2.891s] -- Added test 'flake8' to check Python code syntax and style conventions
[2.891s] -- Configured 'flake8' exclude dirs and/or files: 
[2.891s] -- Added test 'lint_cmake' to check CMake code style
[2.891s] -- Added test 'pep257' to check Python code against some of the docstring style conventions in PEP 257
[2.892s] -- Added test 'uncrustify' to check C / C++ code style
[2.892s] -- Configured uncrustify additional arguments: 
[2.892s] -- Added test 'xmllint' to check XML markup files
[2.892s] -- Configuring done (2.8s)
[2.898s] -- Generating done (0.0s)
[2.900s] -- Build files have been written to: /home/rob/project/csci5551-s26-team-pointbot/build/xarm_gazebo
[2.911s] Invoked command in '/home/rob/project/csci5551-s26-team-pointbot/build/xarm_gazebo' returned '0': CMAKE_PREFIX_PATH=${CMAKE_PREFIX_PATH}:/opt/ros/jazzy CONDA_PROMPT_MODIFIER=(base) DEBUGINFOD_URLS=https://debuginfod.ubuntu.com LD_LIBRARY_PATH=/home/rob/project/csci5551-s26-team-pointbot/install/lib:/opt/ros/jazzy/opt/sdformat_vendor/lib:/opt/ros/jazzy/opt/rviz_ogre_vendor/lib:/opt/ros/jazzy/lib/x86_64-linux-gnu:/opt/ros/jazzy/opt/gz_math_vendor/lib:/opt/ros/jazzy/opt/gz_utils_vendor/lib:/opt/ros/jazzy/opt/gz_tools_vendor/lib:/opt/ros/jazzy/opt/gz_cmake_vendor/lib:/opt/ros/jazzy/lib:/usr/local/cuda-12.8/lib64’ PYTHONPATH=/home/rob/project/csci5551-s26-team-pointbot/install/lib/python3.12/site-packages:/home/rob/project/csci5551-s26-team-pointbot/install/lib/python3.13/site-packages:/opt/ros/jazzy/lib/python3.12/site-packages:/home/rob/robotics5551:/home/rob/robotics5551 /usr/bin/cmake /home/rob/project/csci5551-s26-team-pointbot/src/xarm_ros2/xarm_gazebo -DCMAKE_INSTALL_PREFIX=/home/rob/project/csci5551-s26-team-pointbot/install
[2.913s] Invoking command in '/home/rob/project/csci5551-s26-team-pointbot/build/xarm_gazebo': CMAKE_PREFIX_PATH=${CMAKE_PREFIX_PATH}:/opt/ros/jazzy CONDA_PROMPT_MODIFIER=(base) DEBUGINFOD_URLS=https://debuginfod.ubuntu.com LD_LIBRARY_PATH=/home/rob/project/csci5551-s26-team-pointbot/install/lib:/opt/ros/jazzy/opt/sdformat_vendor/lib:/opt/ros/jazzy/opt/rviz_ogre_vendor/lib:/opt/ros/jazzy/lib/x86_64-linux-gnu:/opt/ros/jazzy/opt/gz_math_vendor/lib:/opt/ros/jazzy/opt/gz_utils_vendor/lib:/opt/ros/jazzy/opt/gz_tools_vendor/lib:/opt/ros/jazzy/opt/gz_cmake_vendor/lib:/opt/ros/jazzy/lib:/usr/local/cuda-12.8/lib64’ PYTHONPATH=/home/rob/project/csci5551-s26-team-pointbot/install/lib/python3.12/site-packages:/home/rob/project/csci5551-s26-team-pointbot/install/lib/python3.13/site-packages:/opt/ros/jazzy/lib/python3.12/site-packages:/home/rob/robotics5551:/home/rob/robotics5551 /usr/bin/cmake --build /home/rob/project/csci5551-s26-team-pointbot/build/xarm_gazebo -- -j16 -l16
[3.017s] [ 50%] [32mBuilding CXX object CMakeFiles/gazebo_mimic_joint_plugin.dir/src/mimic_joint_plugin.cpp.o[0m
[5.491s] [100%] [32m[1mLinking CXX shared library libgazebo_mimic_joint_plugin.so[0m
[5.694s] [100%] Built target gazebo_mimic_joint_plugin
[5.712s] Invoked command in '/home/rob/project/csci5551-s26-team-pointbot/build/xarm_gazebo' returned '0': CMAKE_PREFIX_PATH=${CMAKE_PREFIX_PATH}:/opt/ros/jazzy CONDA_PROMPT_MODIFIER=(base) DEBUGINFOD_URLS=https://debuginfod.ubuntu.com LD_LIBRARY_PATH=/home/rob/project/csci5551-s26-team-pointbot/install/lib:/opt/ros/jazzy/opt/sdformat_vendor/lib:/opt/ros/jazzy/opt/rviz_ogre_vendor/lib:/opt/ros/jazzy/lib/x86_64-linux-gnu:/opt/ros/jazzy/opt/gz_math_vendor/lib:/opt/ros/jazzy/opt/gz_utils_vendor/lib:/opt/ros/jazzy/opt/gz_tools_vendor/lib:/opt/ros/jazzy/opt/gz_cmake_vendor/lib:/opt/ros/jazzy/lib:/usr/local/cuda-12.8/lib64’ PYTHONPATH=/home/rob/project/csci5551-s26-team-pointbot/install/lib/python3.12/site-packages:/home/rob/project/csci5551-s26-team-pointbot/install/lib/python3.13/site-packages:/opt/ros/jazzy/lib/python3.12/site-packages:/home/rob/robotics5551:/home/rob/robotics5551 /usr/bin/cmake --build /home/rob/project/csci5551-s26-team-pointbot/build/xarm_gazebo -- -j16 -l16
[5.714s] Invoking command in '/home/rob/project/csci5551-s26-team-pointbot/build/xarm_gazebo': CMAKE_PREFIX_PATH=${CMAKE_PREFIX_PATH}:/opt/ros/jazzy CONDA_PROMPT_MODIFIER=(base) DEBUGINFOD_URLS=https://debuginfod.ubuntu.com LD_LIBRARY_PATH=/home/rob/project/csci5551-s26-team-pointbot/install/lib:/opt/ros/jazzy/opt/sdformat_vendor/lib:/opt/ros/jazzy/opt/rviz_ogre_vendor/lib:/opt/ros/jazzy/lib/x86_64-linux-gnu:/opt/ros/jazzy/opt/gz_math_vendor/lib:/opt/ros/jazzy/opt/gz_utils_vendor/lib:/opt/ros/jazzy/opt/gz_tools_vendor/lib:/opt/ros/jazzy/opt/gz_cmake_vendor/lib:/opt/ros/jazzy/lib:/usr/local/cuda-12.8/lib64’ PYTHONPATH=/home/rob/project/csci5551-s26-team-pointbot/install/lib/python3.12/site-packages:/home/rob/project/csci5551-s26-team-pointbot/install/lib/python3.13/site-packages:/opt/ros/jazzy/lib/python3.12/site-packages:/home/rob/robotics5551:/home/rob/robotics5551 /usr/bin/cmake --install /home/rob/project/csci5551-s26-team-pointbot/build/xarm_gazebo
[5.732s] -- Install configuration: ""
[5.732s] -- Installing: /home/rob/project/csci5551-s26-team-pointbot/install/lib/libgazebo_mimic_joint_plugin.so
[5.734s] -- Set non-toolchain portion of runtime path of "/home/rob/project/csci5551-s26-team-pointbot/install/lib/libgazebo_mimic_joint_plugin.so" to ""
[5.735s] -- Installing: /home/rob/project/csci5551-s26-team-pointbot/install/share/xarm_gazebo//worlds
[5.735s] -- Installing: /home/rob/project/csci5551-s26-team-pointbot/install/share/xarm_gazebo//worlds/table_gz.world
[5.735s] -- Installing: /home/rob/project/csci5551-s26-team-pointbot/install/share/xarm_gazebo//worlds/table.world
[5.735s] -- Installing: /home/rob/project/csci5551-s26-team-pointbot/install/share/xarm_gazebo//launch
[5.735s] -- Installing: /home/rob/project/csci5551-s26-team-pointbot/install/share/xarm_gazebo//launch/xarm7_mirror_beside_table_gazebo.launch.py
[5.736s] -- Installing: /home/rob/project/csci5551-s26-team-pointbot/install/share/xarm_gazebo//launch/_robot_beside_table_gazebo.launch.py
[5.736s] -- Installing: /home/rob/project/csci5551-s26-team-pointbot/install/share/xarm_gazebo//launch/xarm6_beside_table_gazebo.launch.py
[5.736s] -- Installing: /home/rob/project/csci5551-s26-team-pointbot/install/share/xarm_gazebo//launch/lite6_beside_table_gazebo.launch.py
[5.736s] -- Installing: /home/rob/project/csci5551-s26-team-pointbot/install/share/xarm_gazebo//launch/_dual_robot_beside_table_gazebo.launch.py
[5.736s] -- Installing: /home/rob/project/csci5551-s26-team-pointbot/install/share/xarm_gazebo//launch/xarm5_beside_table_gazebo.launch.py
[5.736s] -- Installing: /home/rob/project/csci5551-s26-team-pointbot/install/share/xarm_gazebo//launch/xarm7_beside_table_gazebo.launch.py
[5.737s] -- Installing: /home/rob/project/csci5551-s26-team-pointbot/install/share/xarm_gazebo//launch/uf850_beside_table_gazebo.launch.py
[5.737s] -- Installing: /home/rob/project/csci5551-s26-team-pointbot/install/share/ament_index/resource_index/package_run_dependencies/xarm_gazebo
[5.737s] -- Installing: /home/rob/project/csci5551-s26-team-pointbot/install/share/ament_index/resource_index/parent_prefix_path/xarm_gazebo
[5.737s] -- Installing: /home/rob/project/csci5551-s26-team-pointbot/install/share/xarm_gazebo/environment/ament_prefix_path.sh
[5.738s] -- Installing: /home/rob/project/csci5551-s26-team-pointbot/install/share/xarm_gazebo/environment/ament_prefix_path.dsv
[5.738s] -- Installing: /home/rob/project/csci5551-s26-team-pointbot/install/share/xarm_gazebo/environment/path.sh
[5.738s] -- Installing: /home/rob/project/csci5551-s26-team-pointbot/install/share/xarm_gazebo/environment/path.dsv
[5.738s] -- Installing: /home/rob/project/csci5551-s26-team-pointbot/install/share/xarm_gazebo/local_setup.bash
[5.738s] -- Installing: /home/rob/project/csci5551-s26-team-pointbot/install/share/xarm_gazebo/local_setup.sh
[5.738s] -- Installing: /home/rob/project/csci5551-s26-team-pointbot/install/share/xarm_gazebo/local_setup.zsh
[5.738s] -- Installing: /home/rob/project/csci5551-s26-team-pointbot/install/share/xarm_gazebo/local_setup.dsv
[5.739s] -- Installing: /home/rob/project/csci5551-s26-team-pointbot/install/share/xarm_gazebo/package.dsv
[5.739s] -- Installing: /home/rob/project/csci5551-s26-team-pointbot/install/share/ament_index/resource_index/packages/xarm_gazebo
[5.739s] -- Installing: /home/rob/project/csci5551-s26-team-pointbot/install/share/xarm_gazebo/cmake/xarm_gazeboConfig.cmake
[5.739s] -- Installing: /home/rob/project/csci5551-s26-team-pointbot/install/share/xarm_gazebo/cmake/xarm_gazeboConfig-version.cmake
[5.739s] -- Installing: /home/rob/project/csci5551-s26-team-pointbot/install/share/xarm_gazebo/package.xml
[5.743s] Invoked command in '/home/rob/project/csci5551-s26-team-pointbot/build/xarm_gazebo' returned '0': CMAKE_PREFIX_PATH=${CMAKE_PREFIX_PATH}:/opt/ros/jazzy CONDA_PROMPT_MODIFIER=(base) DEBUGINFOD_URLS=https://debuginfod.ubuntu.com LD_LIBRARY_PATH=/home/rob/project/csci5551-s26-team-pointbot/install/lib:/opt/ros/jazzy/opt/sdformat_vendor/lib:/opt/ros/jazzy/opt/rviz_ogre_vendor/lib:/opt/ros/jazzy/lib/x86_64-linux-gnu:/opt/ros/jazzy/opt/gz_math_vendor/lib:/opt/ros/jazzy/opt/gz_utils_vendor/lib:/opt/ros/jazzy/opt/gz_tools_vendor/lib:/opt/ros/jazzy/opt/gz_cmake_vendor/lib:/opt/ros/jazzy/lib:/usr/local/cuda-12.8/lib64’ PYTHONPATH=/home/rob/project/csci5551-s26-team-pointbot/install/lib/python3.12/site-packages:/home/rob/project/csci5551-s26-team-pointbot/install/lib/python3.13/site-packages:/opt/ros/jazzy/lib/python3.12/site-packages:/home/rob/robotics5551:/home/rob/robotics5551 /usr/bin/cmake --install /home/rob/project/csci5551-s26-team-pointbot/build/xarm_gazebo
