[0.381s] Invoking command in '/home/rob/project/csci5551-s26-team-pointbot/build/btcpp_ros2_interfaces': CMAKE_PREFIX_PATH=${CMAKE_PREFIX_PATH}:/home/rob/project/csci5551-s26-team-pointbot/install/planning:/home/rob/project/csci5551-s26-team-pointbot/install/perception:/home/rob/project/csci5551-s26-team-pointbot/install/pointbot_rviz:/home/rob/project/csci5551-s26-team-pointbot/install/uf_ros_lib:/opt/ros/jazzy DEBUGINFOD_URLS=https://debuginfod.ubuntu.com /usr/bin/cmake --build /home/rob/project/csci5551-s26-team-pointbot/build/btcpp_ros2_interfaces -- -j16 -l16
[0.535s] [  1%] Built target btcpp_ros2_interfaces__rosidl_generator_type_description
[0.535s] [  3%] Built target btcpp_ros2_interfaces__rs
[0.536s] [  4%] Built target btcpp_ros2_interfaces__cpp
[0.538s] [ 26%] Built target btcpp_ros2_interfaces__rosidl_generator_c
[0.543s] [ 26%] Built target ament_cmake_python_copy_btcpp_ros2_interfaces
[0.571s] [ 35%] Built target btcpp_ros2_interfaces__rosidl_typesupport_c
[0.584s] [ 44%] Built target btcpp_ros2_interfaces__rosidl_typesupport_introspection_c
[0.587s] [ 53%] Built target btcpp_ros2_interfaces__rosidl_typesupport_fastrtps_c
[0.597s] [ 63%] Built target btcpp_ros2_interfaces__rosidl_typesupport_fastrtps_cpp
[0.610s] [ 72%] Built target btcpp_ros2_interfaces__rosidl_typesupport_introspection_cpp
[0.624s] [ 81%] Built target btcpp_ros2_interfaces__rosidl_typesupport_cpp
[0.674s] [ 81%] Built target btcpp_ros2_interfaces
[0.734s] [ 83%] Built target btcpp_ros2_interfaces__py
[0.777s] [ 90%] Built target btcpp_ros2_interfaces__rosidl_generator_py
[0.954s] [ 93%] Built target btcpp_ros2_interfaces_s__rosidl_typesupport_fastrtps_c
[0.954s] [ 98%] Built target btcpp_ros2_interfaces_s__rosidl_typesupport_introspection_c
[0.954s] [100%] Built target btcpp_ros2_interfaces_s__rosidl_typesupport_c
[0.972s] running egg_info
[0.972s] writing btcpp_ros2_interfaces.egg-info/PKG-INFO
[0.972s] writing dependency_links to btcpp_ros2_interfaces.egg-info/dependency_links.txt
[0.972s] writing top-level names to btcpp_ros2_interfaces.egg-info/top_level.txt
[0.980s] reading manifest file 'btcpp_ros2_interfaces.egg-info/SOURCES.txt'
[0.981s] writing manifest file 'btcpp_ros2_interfaces.egg-info/SOURCES.txt'
[0.981s] [100%] Built target ament_cmake_python_build_btcpp_ros2_interfaces_egg
[1.638s] Invoked command in '/home/rob/project/csci5551-s26-team-pointbot/build/btcpp_ros2_interfaces' returned '0': CMAKE_PREFIX_PATH=${CMAKE_PREFIX_PATH}:/home/rob/project/csci5551-s26-team-pointbot/install/planning:/home/rob/project/csci5551-s26-team-pointbot/install/perception:/home/rob/project/csci5551-s26-team-pointbot/install/pointbot_rviz:/home/rob/project/csci5551-s26-team-pointbot/install/uf_ros_lib:/opt/ros/jazzy DEBUGINFOD_URLS=https://debuginfod.ubuntu.com /usr/bin/cmake --build /home/rob/project/csci5551-s26-team-pointbot/build/btcpp_ros2_interfaces -- -j16 -l16
[1.640s] Invoking command in '/home/rob/project/csci5551-s26-team-pointbot/build/btcpp_ros2_interfaces': CMAKE_PREFIX_PATH=${CMAKE_PREFIX_PATH}:/home/rob/project/csci5551-s26-team-pointbot/install/planning:/home/rob/project/csci5551-s26-team-pointbot/install/perception:/home/rob/project/csci5551-s26-team-pointbot/install/pointbot_rviz:/home/rob/project/csci5551-s26-team-pointbot/install/uf_ros_lib:/opt/ros/jazzy DEBUGINFOD_URLS=https://debuginfod.ubuntu.com /usr/bin/cmake --install /home/rob/project/csci5551-s26-team-pointbot/build/btcpp_ros2_interfaces
[1.658s] -- Install configuration: ""
[1.658s] -- Up-to-date: /home/rob/project/csci5551-s26-team-pointbot/install/btcpp_ros2_interfaces/share/ament_index/resource_index/rosidl_interfaces/btcpp_ros2_interfaces
[1.659s] -- Up-to-date: /home/rob/project/csci5551-s26-team-pointbot/install/btcpp_ros2_interfaces/share/btcpp_ros2_interfaces/msg/NodeStatus.json
[1.659s] -- Up-to-date: /home/rob/project/csci5551-s26-team-pointbot/install/btcpp_ros2_interfaces/share/btcpp_ros2_interfaces/srv/GetTrees.json
[1.660s] -- Up-to-date: /home/rob/project/csci5551-s26-team-pointbot/install/btcpp_ros2_interfaces/share/btcpp_ros2_interfaces/action/ExecuteTree.json
[1.660s] -- Up-to-date: /home/rob/project/csci5551-s26-team-pointbot/install/btcpp_ros2_interfaces/share/btcpp_ros2_interfaces/action/Sleep.json
[1.661s] -- Up-to-date: /home/rob/project/csci5551-s26-team-pointbot/install/btcpp_ros2_interfaces/include/btcpp_ros2_interfaces/btcpp_ros2_interfaces
[1.661s] -- Up-to-date: /home/rob/project/csci5551-s26-team-pointbot/install/btcpp_ros2_interfaces/include/btcpp_ros2_interfaces/btcpp_ros2_interfaces/action
[1.661s] -- Up-to-date: /home/rob/project/csci5551-s26-team-pointbot/install/btcpp_ros2_interfaces/include/btcpp_ros2_interfaces/btcpp_ros2_interfaces/action/execute_tree.h
[1.661s] -- Up-to-date: /home/rob/project/csci5551-s26-team-pointbot/install/btcpp_ros2_interfaces/include/btcpp_ros2_interfaces/btcpp_ros2_interfaces/action/sleep.h
[1.661s] -- Up-to-date: /home/rob/project/csci5551-s26-team-pointbot/install/btcpp_ros2_interfaces/include/btcpp_ros2_interfaces/btcpp_ros2_interfaces/action/detail
[1.661s] -- Up-to-date: /home/rob/project/csci5551-s26-team-pointbot/install/btcpp_ros2_interfaces/include/btcpp_ros2_interfaces/btcpp_ros2_interfaces/action/detail/execute_tree__description.c
[1.663s] -- Up-to-date: /home/rob/project/csci5551-s26-team-pointbot/install/btcpp_ros2_interfaces/include/btcpp_ros2_interfaces/btcpp_ros2_interfaces/action/detail/sleep__description.c
[1.664s] -- Up-to-date: /home/rob/project/csci5551-s26-team-pointbot/install/btcpp_ros2_interfaces/include/btcpp_ros2_interfaces/btcpp_ros2_interfaces/action/detail/sleep__type_support.c
[1.664s] -- Up-to-date: /home/rob/project/csci5551-s26-team-pointbot/install/btcpp_ros2_interfaces/include/btcpp_ros2_interfaces/btcpp_ros2_interfaces/action/detail/execute_tree__functions.h
[1.665s] -- Up-to-date: /home/rob/project/csci5551-s26-team-pointbot/install/btcpp_ros2_interfaces/include/btcpp_ros2_interfaces/btcpp_ros2_interfaces/action/detail/execute_tree__type_support.c
[1.665s] -- Up-to-date: /home/rob/project/csci5551-s26-team-pointbot/install/btcpp_ros2_interfaces/include/btcpp_ros2_interfaces/btcpp_ros2_interfaces/action/detail/execute_tree__functions.c
[1.665s] -- Up-to-date: /home/rob/project/csci5551-s26-team-pointbot/install/btcpp_ros2_interfaces/include/btcpp_ros2_interfaces/btcpp_ros2_interfaces/action/detail/sleep__type_support.h
[1.665s] -- Up-to-date: /home/rob/project/csci5551-s26-team-pointbot/install/btcpp_ros2_interfaces/include/btcpp_ros2_interfaces/btcpp_ros2_interfaces/action/detail/sleep__struct.h
[1.666s] -- Up-to-date: /home/rob/project/csci5551-s26-team-pointbot/install/btcpp_ros2_interfaces/include/btcpp_ros2_interfaces/btcpp_ros2_interfaces/action/detail/execute_tree__struct.h
[1.666s] -- Up-to-date: /home/rob/project/csci5551-s26-team-pointbot/install/btcpp_ros2_interfaces/include/btcpp_ros2_interfaces/btcpp_ros2_interfaces/action/detail/execute_tree__type_support.h
[1.666s] -- Up-to-date: /home/rob/project/csci5551-s26-team-pointbot/install/btcpp_ros2_interfaces/include/btcpp_ros2_interfaces/btcpp_ros2_interfaces/action/detail/sleep__functions.h
[1.666s] -- Up-to-date: /home/rob/project/csci5551-s26-team-pointbot/install/btcpp_ros2_interfaces/include/btcpp_ros2_interfaces/btcpp_ros2_interfaces/action/detail/sleep__functions.c
[1.666s] -- Up-to-date: /home/rob/project/csci5551-s26-team-pointbot/install/btcpp_ros2_interfaces/include/btcpp_ros2_interfaces/btcpp_ros2_interfaces/msg
[1.666s] -- Up-to-date: /home/rob/project/csci5551-s26-team-pointbot/install/btcpp_ros2_interfaces/include/btcpp_ros2_interfaces/btcpp_ros2_interfaces/msg/rosidl_generator_c__visibility_control.h
[1.666s] -- Up-to-date: /home/rob/project/csci5551-s26-team-pointbot/install/btcpp_ros2_interfaces/include/btcpp_ros2_interfaces/btcpp_ros2_interfaces/msg/detail
[1.666s] -- Up-to-date: /home/rob/project/csci5551-s26-team-pointbot/install/btcpp_ros2_interfaces/include/btcpp_ros2_interfaces/btcpp_ros2_interfaces/msg/detail/node_status__type_support.h
[1.666s] -- Up-to-date: /home/rob/project/csci5551-s26-team-pointbot/install/btcpp_ros2_interfaces/include/btcpp_ros2_interfaces/btcpp_ros2_interfaces/msg/detail/node_status__struct.h
[1.666s] -- Up-to-date: /home/rob/project/csci5551-s26-team-pointbot/install/btcpp_ros2_interfaces/include/btcpp_ros2_interfaces/btcpp_ros2_interfaces/msg/detail/node_status__functions.c
[1.666s] -- Up-to-date: /home/rob/project/csci5551-s26-team-pointbot/install/btcpp_ros2_interfaces/include/btcpp_ros2_interfaces/btcpp_ros2_interfaces/msg/detail/node_status__description.c
[1.666s] -- Up-to-date: /home/rob/project/csci5551-s26-team-pointbot/install/btcpp_ros2_interfaces/include/btcpp_ros2_interfaces/btcpp_ros2_interfaces/msg/detail/node_status__functions.h
[1.666s] -- Up-to-date: /home/rob/project/csci5551-s26-team-pointbot/install/btcpp_ros2_interfaces/include/btcpp_ros2_interfaces/btcpp_ros2_interfaces/msg/detail/node_status__type_support.c
[1.666s] -- Up-to-date: /home/rob/project/csci5551-s26-team-pointbot/install/btcpp_ros2_interfaces/include/btcpp_ros2_interfaces/btcpp_ros2_interfaces/msg/node_status.h
[1.667s] -- Up-to-date: /home/rob/project/csci5551-s26-team-pointbot/install/btcpp_ros2_interfaces/include/btcpp_ros2_interfaces/btcpp_ros2_interfaces/srv
[1.667s] -- Up-to-date: /home/rob/project/csci5551-s26-team-pointbot/install/btcpp_ros2_interfaces/include/btcpp_ros2_interfaces/btcpp_ros2_interfaces/srv/get_trees.h
[1.667s] -- Up-to-date: /home/rob/project/csci5551-s26-team-pointbot/install/btcpp_ros2_interfaces/include/btcpp_ros2_interfaces/btcpp_ros2_interfaces/srv/detail
[1.667s] -- Up-to-date: /home/rob/project/csci5551-s26-team-pointbot/install/btcpp_ros2_interfaces/include/btcpp_ros2_interfaces/btcpp_ros2_interfaces/srv/detail/get_trees__functions.h
[1.667s] -- Up-to-date: /home/rob/project/csci5551-s26-team-pointbot/install/btcpp_ros2_interfaces/include/btcpp_ros2_interfaces/btcpp_ros2_interfaces/srv/detail/get_trees__type_support.c
[1.667s] -- Up-to-date: /home/rob/project/csci5551-s26-team-pointbot/install/btcpp_ros2_interfaces/include/btcpp_ros2_interfaces/btcpp_ros2_interfaces/srv/detail/get_trees__type_support.h
[1.667s] -- Up-to-date: /home/rob/project/csci5551-s26-team-pointbot/install/btcpp_ros2_interfaces/include/btcpp_ros2_interfaces/btcpp_ros2_interfaces/srv/detail/get_trees__description.c
[1.667s] -- Up-to-date: /home/rob/project/csci5551-s26-team-pointbot/install/btcpp_ros2_interfaces/include/btcpp_ros2_interfaces/btcpp_ros2_interfaces/srv/detail/get_trees__struct.h
[1.667s] -- Up-to-date: /home/rob/project/csci5551-s26-team-pointbot/install/btcpp_ros2_interfaces/include/btcpp_ros2_interfaces/btcpp_ros2_interfaces/srv/detail/get_trees__functions.c
[1.667s] -- Up-to-date: /home/rob/project/csci5551-s26-team-pointbot/install/btcpp_ros2_interfaces/share/btcpp_ros2_interfaces/environment/library_path.sh
[1.667s] -- Up-to-date: /home/rob/project/csci5551-s26-team-pointbot/install/btcpp_ros2_interfaces/share/btcpp_ros2_interfaces/environment/library_path.dsv
[1.668s] -- Up-to-date: /home/rob/project/csci5551-s26-team-pointbot/install/btcpp_ros2_interfaces/lib/libbtcpp_ros2_interfaces__rosidl_generator_c.so
[1.668s] -- Up-to-date: /home/rob/project/csci5551-s26-team-pointbot/install/btcpp_ros2_interfaces/include/btcpp_ros2_interfaces/btcpp_ros2_interfaces
[1.668s] -- Up-to-date: /home/rob/project/csci5551-s26-team-pointbot/install/btcpp_ros2_interfaces/include/btcpp_ros2_interfaces/btcpp_ros2_interfaces/action
[1.668s] -- Up-to-date: /home/rob/project/csci5551-s26-team-pointbot/install/btcpp_ros2_interfaces/include/btcpp_ros2_interfaces/btcpp_ros2_interfaces/action/detail
[1.668s] -- Up-to-date: /home/rob/project/csci5551-s26-team-pointbot/install/btcpp_ros2_interfaces/include/btcpp_ros2_interfaces/btcpp_ros2_interfaces/action/detail/execute_tree__rosidl_typesupport_fastrtps_c.h
[1.668s] -- Up-to-date: /home/rob/project/csci5551-s26-team-pointbot/install/btcpp_ros2_interfaces/include/btcpp_ros2_interfaces/btcpp_ros2_interfaces/action/detail/sleep__rosidl_typesupport_fastrtps_c.h
[1.669s] -- Up-to-date: /home/rob/project/csci5551-s26-team-pointbot/install/btcpp_ros2_interfaces/include/btcpp_ros2_interfaces/btcpp_ros2_interfaces/msg
[1.669s] -- Up-to-date: /home/rob/project/csci5551-s26-team-pointbot/install/btcpp_ros2_interfaces/include/btcpp_ros2_interfaces/btcpp_ros2_interfaces/msg/rosidl_typesupport_fastrtps_c__visibility_control.h
[1.669s] -- Up-to-date: /home/rob/project/csci5551-s26-team-pointbot/install/btcpp_ros2_interfaces/include/btcpp_ros2_interfaces/btcpp_ros2_interfaces/msg/detail
[1.669s] -- Up-to-date: /home/rob/project/csci5551-s26-team-pointbot/install/btcpp_ros2_interfaces/include/btcpp_ros2_interfaces/btcpp_ros2_interfaces/msg/detail/node_status__rosidl_typesupport_fastrtps_c.h
[1.669s] -- Up-to-date: /home/rob/project/csci5551-s26-team-pointbot/install/btcpp_ros2_interfaces/include/btcpp_ros2_interfaces/btcpp_ros2_interfaces/srv
[1.669s] -- Up-to-date: /home/rob/project/csci5551-s26-team-pointbot/install/btcpp_ros2_interfaces/include/btcpp_ros2_interfaces/btcpp_ros2_interfaces/srv/detail
[1.669s] -- Up-to-date: /home/rob/project/csci5551-s26-team-pointbot/install/btcpp_ros2_interfaces/include/btcpp_ros2_interfaces/btcpp_ros2_interfaces/srv/detail/get_trees__rosidl_typesupport_fastrtps_c.h
[1.669s] -- Up-to-date: /home/rob/project/csci5551-s26-team-pointbot/install/btcpp_ros2_interfaces/lib/libbtcpp_ros2_interfaces__rosidl_typesupport_fastrtps_c.so
[1.669s] -- Up-to-date: /home/rob/project/csci5551-s26-team-pointbot/install/btcpp_ros2_interfaces/include/btcpp_ros2_interfaces/btcpp_ros2_interfaces
[1.669s] -- Up-to-date: /home/rob/project/csci5551-s26-team-pointbot/install/btcpp_ros2_interfaces/include/btcpp_ros2_interfaces/btcpp_ros2_interfaces/action
[1.669s] -- Up-to-date: /home/rob/project/csci5551-s26-team-pointbot/install/btcpp_ros2_interfaces/include/btcpp_ros2_interfaces/btcpp_ros2_interfaces/action/detail
[1.669s] -- Up-to-date: /home/rob/project/csci5551-s26-team-pointbot/install/btcpp_ros2_interfaces/include/btcpp_ros2_interfaces/btcpp_ros2_interfaces/action/detail/sleep__type_support.c
[1.669s] -- Up-to-date: /home/rob/project/csci5551-s26-team-pointbot/install/btcpp_ros2_interfaces/include/btcpp_ros2_interfaces/btcpp_ros2_interfaces/action/detail/execute_tree__type_support.c
[1.669s] -- Up-to-date: /home/rob/project/csci5551-s26-team-pointbot/install/btcpp_ros2_interfaces/include/btcpp_ros2_interfaces/btcpp_ros2_interfaces/action/detail/sleep__rosidl_typesupport_introspection_c.h
[1.669s] -- Up-to-date: /home/rob/project/csci5551-s26-team-pointbot/install/btcpp_ros2_interfaces/include/btcpp_ros2_interfaces/btcpp_ros2_interfaces/action/detail/execute_tree__rosidl_typesupport_introspection_c.h
[1.669s] -- Up-to-date: /home/rob/project/csci5551-s26-team-pointbot/install/btcpp_ros2_interfaces/include/btcpp_ros2_interfaces/btcpp_ros2_interfaces/msg
[1.670s] -- Up-to-date: /home/rob/project/csci5551-s26-team-pointbot/install/btcpp_ros2_interfaces/include/btcpp_ros2_interfaces/btcpp_ros2_interfaces/msg/rosidl_typesupport_introspection_c__visibility_control.h
[1.670s] -- Up-to-date: /home/rob/project/csci5551-s26-team-pointbot/install/btcpp_ros2_interfaces/include/btcpp_ros2_interfaces/btcpp_ros2_interfaces/msg/detail
[1.670s] -- Up-to-date: /home/rob/project/csci5551-s26-team-pointbot/install/btcpp_ros2_interfaces/include/btcpp_ros2_interfaces/btcpp_ros2_interfaces/msg/detail/node_status__type_support.c
[1.670s] -- Up-to-date: /home/rob/project/csci5551-s26-team-pointbot/install/btcpp_ros2_interfaces/include/btcpp_ros2_interfaces/btcpp_ros2_interfaces/msg/detail/node_status__rosidl_typesupport_introspection_c.h
[1.670s] -- Up-to-date: /home/rob/project/csci5551-s26-team-pointbot/install/btcpp_ros2_interfaces/include/btcpp_ros2_interfaces/btcpp_ros2_interfaces/srv
[1.670s] -- Up-to-date: /home/rob/project/csci5551-s26-team-pointbot/install/btcpp_ros2_interfaces/include/btcpp_ros2_interfaces/btcpp_ros2_interfaces/srv/detail
[1.670s] -- Up-to-date: /home/rob/project/csci5551-s26-team-pointbot/install/btcpp_ros2_interfaces/include/btcpp_ros2_interfaces/btcpp_ros2_interfaces/srv/detail/get_trees__type_support.c
[1.670s] -- Up-to-date: /home/rob/project/csci5551-s26-team-pointbot/install/btcpp_ros2_interfaces/include/btcpp_ros2_interfaces/btcpp_ros2_interfaces/srv/detail/get_trees__rosidl_typesupport_introspection_c.h
[1.671s] -- Up-to-date: /home/rob/project/csci5551-s26-team-pointbot/install/btcpp_ros2_interfaces/lib/libbtcpp_ros2_interfaces__rosidl_typesupport_introspection_c.so
[1.671s] -- Up-to-date: /home/rob/project/csci5551-s26-team-pointbot/install/btcpp_ros2_interfaces/lib/libbtcpp_ros2_interfaces__rosidl_typesupport_c.so
[1.671s] -- Up-to-date: /home/rob/project/csci5551-s26-team-pointbot/install/btcpp_ros2_interfaces/include/btcpp_ros2_interfaces/btcpp_ros2_interfaces
[1.671s] -- Up-to-date: /home/rob/project/csci5551-s26-team-pointbot/install/btcpp_ros2_interfaces/include/btcpp_ros2_interfaces/btcpp_ros2_interfaces/action
[1.671s] -- Up-to-date: /home/rob/project/csci5551-s26-team-pointbot/install/btcpp_ros2_interfaces/include/btcpp_ros2_interfaces/btcpp_ros2_interfaces/action/execute_tree.hpp
[1.671s] -- Up-to-date: /home/rob/project/csci5551-s26-team-pointbot/install/btcpp_ros2_interfaces/include/btcpp_ros2_interfaces/btcpp_ros2_interfaces/action/sleep.hpp
[1.671s] -- Up-to-date: /home/rob/project/csci5551-s26-team-pointbot/install/btcpp_ros2_interfaces/include/btcpp_ros2_interfaces/btcpp_ros2_interfaces/action/detail
[1.671s] -- Up-to-date: /home/rob/project/csci5551-s26-team-pointbot/install/btcpp_ros2_interfaces/include/btcpp_ros2_interfaces/btcpp_ros2_interfaces/action/detail/sleep__builder.hpp
[1.671s] -- Up-to-date: /home/rob/project/csci5551-s26-team-pointbot/install/btcpp_ros2_interfaces/include/btcpp_ros2_interfaces/btcpp_ros2_interfaces/action/detail/execute_tree__traits.hpp
[1.671s] -- Up-to-date: /home/rob/project/csci5551-s26-team-pointbot/install/btcpp_ros2_interfaces/include/btcpp_ros2_interfaces/btcpp_ros2_interfaces/action/detail/execute_tree__struct.hpp
[1.672s] -- Up-to-date: /home/rob/project/csci5551-s26-team-pointbot/install/btcpp_ros2_interfaces/include/btcpp_ros2_interfaces/btcpp_ros2_interfaces/action/detail/sleep__struct.hpp
[1.672s] -- Up-to-date: /home/rob/project/csci5551-s26-team-pointbot/install/btcpp_ros2_interfaces/include/btcpp_ros2_interfaces/btcpp_ros2_interfaces/action/detail/sleep__type_support.hpp
[1.672s] -- Up-to-date: /home/rob/project/csci5551-s26-team-pointbot/install/btcpp_ros2_interfaces/include/btcpp_ros2_interfaces/btcpp_ros2_interfaces/action/detail/execute_tree__type_support.hpp
[1.672s] -- Up-to-date: /home/rob/project/csci5551-s26-team-pointbot/install/btcpp_ros2_interfaces/include/btcpp_ros2_interfaces/btcpp_ros2_interfaces/action/detail/execute_tree__builder.hpp
[1.672s] -- Up-to-date: /home/rob/project/csci5551-s26-team-pointbot/install/btcpp_ros2_interfaces/include/btcpp_ros2_interfaces/btcpp_ros2_interfaces/action/detail/sleep__traits.hpp
[1.672s] -- Up-to-date: /home/rob/project/csci5551-s26-team-pointbot/install/btcpp_ros2_interfaces/include/btcpp_ros2_interfaces/btcpp_ros2_interfaces/msg
[1.672s] -- Up-to-date: /home/rob/project/csci5551-s26-team-pointbot/install/btcpp_ros2_interfaces/include/btcpp_ros2_interfaces/btcpp_ros2_interfaces/msg/node_status.hpp
[1.672s] -- Up-to-date: /home/rob/project/csci5551-s26-team-pointbot/install/btcpp_ros2_interfaces/include/btcpp_ros2_interfaces/btcpp_ros2_interfaces/msg/rosidl_generator_cpp__visibility_control.hpp
[1.672s] -- Up-to-date: /home/rob/project/csci5551-s26-team-pointbot/install/btcpp_ros2_interfaces/include/btcpp_ros2_interfaces/btcpp_ros2_interfaces/msg/detail
[1.672s] -- Up-to-date: /home/rob/project/csci5551-s26-team-pointbot/install/btcpp_ros2_interfaces/include/btcpp_ros2_interfaces/btcpp_ros2_interfaces/msg/detail/node_status__builder.hpp
[1.673s] -- Up-to-date: /home/rob/project/csci5551-s26-team-pointbot/install/btcpp_ros2_interfaces/include/btcpp_ros2_interfaces/btcpp_ros2_interfaces/msg/detail/node_status__struct.hpp
[1.673s] -- Up-to-date: /home/rob/project/csci5551-s26-team-pointbot/install/btcpp_ros2_interfaces/include/btcpp_ros2_interfaces/btcpp_ros2_interfaces/msg/detail/node_status__traits.hpp
[1.673s] -- Up-to-date: /home/rob/project/csci5551-s26-team-pointbot/install/btcpp_ros2_interfaces/include/btcpp_ros2_interfaces/btcpp_ros2_interfaces/msg/detail/node_status__type_support.hpp
[1.673s] -- Up-to-date: /home/rob/project/csci5551-s26-team-pointbot/install/btcpp_ros2_interfaces/include/btcpp_ros2_interfaces/btcpp_ros2_interfaces/srv
[1.673s] -- Up-to-date: /home/rob/project/csci5551-s26-team-pointbot/install/btcpp_ros2_interfaces/include/btcpp_ros2_interfaces/btcpp_ros2_interfaces/srv/get_trees.hpp
[1.673s] -- Up-to-date: /home/rob/project/csci5551-s26-team-pointbot/install/btcpp_ros2_interfaces/include/btcpp_ros2_interfaces/btcpp_ros2_interfaces/srv/detail
[1.673s] -- Up-to-date: /home/rob/project/csci5551-s26-team-pointbot/install/btcpp_ros2_interfaces/include/btcpp_ros2_interfaces/btcpp_ros2_interfaces/srv/detail/get_trees__struct.hpp
[1.673s] -- Up-to-date: /home/rob/project/csci5551-s26-team-pointbot/install/btcpp_ros2_interfaces/include/btcpp_ros2_interfaces/btcpp_ros2_interfaces/srv/detail/get_trees__type_support.hpp
[1.673s] -- Up-to-date: /home/rob/project/csci5551-s26-team-pointbot/install/btcpp_ros2_interfaces/include/btcpp_ros2_interfaces/btcpp_ros2_interfaces/srv/detail/get_trees__builder.hpp
[1.673s] -- Up-to-date: /home/rob/project/csci5551-s26-team-pointbot/install/btcpp_ros2_interfaces/include/btcpp_ros2_interfaces/btcpp_ros2_interfaces/srv/detail/get_trees__traits.hpp
[1.673s] -- Up-to-date: /home/rob/project/csci5551-s26-team-pointbot/install/btcpp_ros2_interfaces/include/btcpp_ros2_interfaces/btcpp_ros2_interfaces
[1.673s] -- Up-to-date: /home/rob/project/csci5551-s26-team-pointbot/install/btcpp_ros2_interfaces/include/btcpp_ros2_interfaces/btcpp_ros2_interfaces/action
[1.673s] -- Up-to-date: /home/rob/project/csci5551-s26-team-pointbot/install/btcpp_ros2_interfaces/include/btcpp_ros2_interfaces/btcpp_ros2_interfaces/action/detail
[1.673s] -- Up-to-date: /home/rob/project/csci5551-s26-team-pointbot/install/btcpp_ros2_interfaces/include/btcpp_ros2_interfaces/btcpp_ros2_interfaces/action/detail/dds_fastrtps
[1.673s] -- Up-to-date: /home/rob/project/csci5551-s26-team-pointbot/install/btcpp_ros2_interfaces/include/btcpp_ros2_interfaces/btcpp_ros2_interfaces/action/detail/execute_tree__rosidl_typesupport_fastrtps_cpp.hpp
[1.674s] -- Up-to-date: /home/rob/project/csci5551-s26-team-pointbot/install/btcpp_ros2_interfaces/include/btcpp_ros2_interfaces/btcpp_ros2_interfaces/action/detail/sleep__rosidl_typesupport_fastrtps_cpp.hpp
[1.674s] -- Up-to-date: /home/rob/project/csci5551-s26-team-pointbot/install/btcpp_ros2_interfaces/include/btcpp_ros2_interfaces/btcpp_ros2_interfaces/msg
[1.674s] -- Up-to-date: /home/rob/project/csci5551-s26-team-pointbot/install/btcpp_ros2_interfaces/include/btcpp_ros2_interfaces/btcpp_ros2_interfaces/msg/rosidl_typesupport_fastrtps_cpp__visibility_control.h
[1.674s] -- Up-to-date: /home/rob/project/csci5551-s26-team-pointbot/install/btcpp_ros2_interfaces/include/btcpp_ros2_interfaces/btcpp_ros2_interfaces/msg/detail
[1.674s] -- Up-to-date: /home/rob/project/csci5551-s26-team-pointbot/install/btcpp_ros2_interfaces/include/btcpp_ros2_interfaces/btcpp_ros2_interfaces/msg/detail/dds_fastrtps
[1.674s] -- Up-to-date: /home/rob/project/csci5551-s26-team-pointbot/install/btcpp_ros2_interfaces/include/btcpp_ros2_interfaces/btcpp_ros2_interfaces/msg/detail/node_status__rosidl_typesupport_fastrtps_cpp.hpp
[1.674s] -- Up-to-date: /home/rob/project/csci5551-s26-team-pointbot/install/btcpp_ros2_interfaces/include/btcpp_ros2_interfaces/btcpp_ros2_interfaces/srv
[1.674s] -- Up-to-date: /home/rob/project/csci5551-s26-team-pointbot/install/btcpp_ros2_interfaces/include/btcpp_ros2_interfaces/btcpp_ros2_interfaces/srv/detail
[1.674s] -- Up-to-date: /home/rob/project/csci5551-s26-team-pointbot/install/btcpp_ros2_interfaces/include/btcpp_ros2_interfaces/btcpp_ros2_interfaces/srv/detail/dds_fastrtps
[1.674s] -- Up-to-date: /home/rob/project/csci5551-s26-team-pointbot/install/btcpp_ros2_interfaces/include/btcpp_ros2_interfaces/btcpp_ros2_interfaces/srv/detail/get_trees__rosidl_typesupport_fastrtps_cpp.hpp
[1.674s] -- Up-to-date: /home/rob/project/csci5551-s26-team-pointbot/install/btcpp_ros2_interfaces/lib/libbtcpp_ros2_interfaces__rosidl_typesupport_fastrtps_cpp.so
[1.675s] -- Up-to-date: /home/rob/project/csci5551-s26-team-pointbot/install/btcpp_ros2_interfaces/include/btcpp_ros2_interfaces/btcpp_ros2_interfaces
[1.675s] -- Up-to-date: /home/rob/project/csci5551-s26-team-pointbot/install/btcpp_ros2_interfaces/include/btcpp_ros2_interfaces/btcpp_ros2_interfaces/action
[1.675s] -- Up-to-date: /home/rob/project/csci5551-s26-team-pointbot/install/btcpp_ros2_interfaces/include/btcpp_ros2_interfaces/btcpp_ros2_interfaces/action/detail
[1.675s] -- Up-to-date: /home/rob/project/csci5551-s26-team-pointbot/install/btcpp_ros2_interfaces/include/btcpp_ros2_interfaces/btcpp_ros2_interfaces/action/detail/execute_tree__rosidl_typesupport_introspection_cpp.hpp
[1.675s] -- Up-to-date: /home/rob/project/csci5551-s26-team-pointbot/install/btcpp_ros2_interfaces/include/btcpp_ros2_interfaces/btcpp_ros2_interfaces/action/detail/execute_tree__type_support.cpp
[1.675s] -- Up-to-date: /home/rob/project/csci5551-s26-team-pointbot/install/btcpp_ros2_interfaces/include/btcpp_ros2_interfaces/btcpp_ros2_interfaces/action/detail/sleep__type_support.cpp
[1.675s] -- Up-to-date: /home/rob/project/csci5551-s26-team-pointbot/install/btcpp_ros2_interfaces/include/btcpp_ros2_interfaces/btcpp_ros2_interfaces/action/detail/sleep__rosidl_typesupport_introspection_cpp.hpp
[1.676s] -- Up-to-date: /home/rob/project/csci5551-s26-team-pointbot/install/btcpp_ros2_interfaces/include/btcpp_ros2_interfaces/btcpp_ros2_interfaces/msg
[1.676s] -- Up-to-date: /home/rob/project/csci5551-s26-team-pointbot/install/btcpp_ros2_interfaces/include/btcpp_ros2_interfaces/btcpp_ros2_interfaces/msg/detail
[1.677s] -- Up-to-date: /home/rob/project/csci5551-s26-team-pointbot/install/btcpp_ros2_interfaces/include/btcpp_ros2_interfaces/btcpp_ros2_interfaces/msg/detail/node_status__type_support.cpp
[1.678s] -- Up-to-date: /home/rob/project/csci5551-s26-team-pointbot/install/btcpp_ros2_interfaces/include/btcpp_ros2_interfaces/btcpp_ros2_interfaces/msg/detail/node_status__rosidl_typesupport_introspection_cpp.hpp
[1.679s] -- Up-to-date: /home/rob/project/csci5551-s26-team-pointbot/install/btcpp_ros2_interfaces/include/btcpp_ros2_interfaces/btcpp_ros2_interfaces/srv
[1.679s] -- Up-to-date: /home/rob/project/csci5551-s26-team-pointbot/install/btcpp_ros2_interfaces/include/btcpp_ros2_interfaces/btcpp_ros2_interfaces/srv/detail
[1.680s] -- Up-to-date: /home/rob/project/csci5551-s26-team-pointbot/install/btcpp_ros2_interfaces/include/btcpp_ros2_interfaces/btcpp_ros2_interfaces/srv/detail/get_trees__type_support.cpp
[1.680s] -- Up-to-date: /home/rob/project/csci5551-s26-team-pointbot/install/btcpp_ros2_interfaces/include/btcpp_ros2_interfaces/btcpp_ros2_interfaces/srv/detail/get_trees__rosidl_typesupport_introspection_cpp.hpp
[1.680s] -- Up-to-date: /home/rob/project/csci5551-s26-team-pointbot/install/btcpp_ros2_interfaces/lib/libbtcpp_ros2_interfaces__rosidl_typesupport_introspection_cpp.so
[1.680s] -- Up-to-date: /home/rob/project/csci5551-s26-team-pointbot/install/btcpp_ros2_interfaces/lib/libbtcpp_ros2_interfaces__rosidl_typesupport_cpp.so
[1.681s] -- Up-to-date: /home/rob/project/csci5551-s26-team-pointbot/install/btcpp_ros2_interfaces/share/btcpp_ros2_interfaces/environment/pythonpath.sh
[1.682s] -- Up-to-date: /home/rob/project/csci5551-s26-team-pointbot/install/btcpp_ros2_interfaces/share/btcpp_ros2_interfaces/environment/pythonpath.dsv
[1.683s] -- Up-to-date: /home/rob/project/csci5551-s26-team-pointbot/install/btcpp_ros2_interfaces/lib/python3.12/site-packages/btcpp_ros2_interfaces-0.3.0-py3.12.egg-info
[1.684s] -- Installing: /home/rob/project/csci5551-s26-team-pointbot/install/btcpp_ros2_interfaces/lib/python3.12/site-packages/btcpp_ros2_interfaces-0.3.0-py3.12.egg-info/PKG-INFO
[1.684s] -- Installing: /home/rob/project/csci5551-s26-team-pointbot/install/btcpp_ros2_interfaces/lib/python3.12/site-packages/btcpp_ros2_interfaces-0.3.0-py3.12.egg-info/dependency_links.txt
[1.685s] -- Installing: /home/rob/project/csci5551-s26-team-pointbot/install/btcpp_ros2_interfaces/lib/python3.12/site-packages/btcpp_ros2_interfaces-0.3.0-py3.12.egg-info/SOURCES.txt
[1.685s] -- Installing: /home/rob/project/csci5551-s26-team-pointbot/install/btcpp_ros2_interfaces/lib/python3.12/site-packages/btcpp_ros2_interfaces-0.3.0-py3.12.egg-info/top_level.txt
[1.685s] -- Up-to-date: /home/rob/project/csci5551-s26-team-pointbot/install/btcpp_ros2_interfaces/lib/python3.12/site-packages/btcpp_ros2_interfaces
[1.685s] -- Up-to-date: /home/rob/project/csci5551-s26-team-pointbot/install/btcpp_ros2_interfaces/lib/python3.12/site-packages/btcpp_ros2_interfaces/btcpp_ros2_interfaces_s__rosidl_typesupport_fastrtps_c.so
[1.687s] -- Up-to-date: /home/rob/project/csci5551-s26-team-pointbot/install/btcpp_ros2_interfaces/lib/python3.12/site-packages/btcpp_ros2_interfaces/_btcpp_ros2_interfaces_s.ep.rosidl_typesupport_fastrtps_c.c
[1.687s] -- Up-to-date: /home/rob/project/csci5551-s26-team-pointbot/install/btcpp_ros2_interfaces/lib/python3.12/site-packages/btcpp_ros2_interfaces/btcpp_ros2_interfaces_s__rosidl_typesupport_introspection_c.so
[1.687s] -- Up-to-date: /home/rob/project/csci5551-s26-team-pointbot/install/btcpp_ros2_interfaces/lib/python3.12/site-packages/btcpp_ros2_interfaces/btcpp_ros2_interfaces_s__rosidl_typesupport_c.so
[1.687s] -- Up-to-date: /home/rob/project/csci5551-s26-team-pointbot/install/btcpp_ros2_interfaces/lib/python3.12/site-packages/btcpp_ros2_interfaces/__init__.py
[1.688s] -- Up-to-date: /home/rob/project/csci5551-s26-team-pointbot/install/btcpp_ros2_interfaces/lib/python3.12/site-packages/btcpp_ros2_interfaces/action
[1.688s] -- Up-to-date: /home/rob/project/csci5551-s26-team-pointbot/install/btcpp_ros2_interfaces/lib/python3.12/site-packages/btcpp_ros2_interfaces/action/_sleep_s.c
[1.688s] -- Up-to-date: /home/rob/project/csci5551-s26-team-pointbot/install/btcpp_ros2_interfaces/lib/python3.12/site-packages/btcpp_ros2_interfaces/action/__init__.py
[1.688s] -- Up-to-date: /home/rob/project/csci5551-s26-team-pointbot/install/btcpp_ros2_interfaces/lib/python3.12/site-packages/btcpp_ros2_interfaces/action/_sleep.py
[1.688s] -- Up-to-date: /home/rob/project/csci5551-s26-team-pointbot/install/btcpp_ros2_interfaces/lib/python3.12/site-packages/btcpp_ros2_interfaces/action/_execute_tree_s.c
[1.689s] -- Up-to-date: /home/rob/project/csci5551-s26-team-pointbot/install/btcpp_ros2_interfaces/lib/python3.12/site-packages/btcpp_ros2_interfaces/action/_execute_tree.py
[1.689s] -- Up-to-date: /home/rob/project/csci5551-s26-team-pointbot/install/btcpp_ros2_interfaces/lib/python3.12/site-packages/btcpp_ros2_interfaces/msg
[1.689s] -- Up-to-date: /home/rob/project/csci5551-s26-team-pointbot/install/btcpp_ros2_interfaces/lib/python3.12/site-packages/btcpp_ros2_interfaces/msg/_node_status.py
[1.689s] -- Up-to-date: /home/rob/project/csci5551-s26-team-pointbot/install/btcpp_ros2_interfaces/lib/python3.12/site-packages/btcpp_ros2_interfaces/msg/__init__.py
[1.689s] -- Up-to-date: /home/rob/project/csci5551-s26-team-pointbot/install/btcpp_ros2_interfaces/lib/python3.12/site-packages/btcpp_ros2_interfaces/msg/_node_status_s.c
[1.689s] -- Up-to-date: /home/rob/project/csci5551-s26-team-pointbot/install/btcpp_ros2_interfaces/lib/python3.12/site-packages/btcpp_ros2_interfaces/_btcpp_ros2_interfaces_s.ep.rosidl_typesupport_c.c
[1.689s] -- Up-to-date: /home/rob/project/csci5551-s26-team-pointbot/install/btcpp_ros2_interfaces/lib/python3.12/site-packages/btcpp_ros2_interfaces/_btcpp_ros2_interfaces_s.ep.rosidl_typesupport_introspection_c.c
[1.689s] -- Up-to-date: /home/rob/project/csci5551-s26-team-pointbot/install/btcpp_ros2_interfaces/lib/python3.12/site-packages/btcpp_ros2_interfaces/srv
[1.690s] -- Up-to-date: /home/rob/project/csci5551-s26-team-pointbot/install/btcpp_ros2_interfaces/lib/python3.12/site-packages/btcpp_ros2_interfaces/srv/__init__.py
[1.690s] -- Up-to-date: /home/rob/project/csci5551-s26-team-pointbot/install/btcpp_ros2_interfaces/lib/python3.12/site-packages/btcpp_ros2_interfaces/srv/_get_trees_s.c
[1.690s] -- Up-to-date: /home/rob/project/csci5551-s26-team-pointbot/install/btcpp_ros2_interfaces/lib/python3.12/site-packages/btcpp_ros2_interfaces/srv/_get_trees.py
[1.738s] Listing '/home/rob/project/csci5551-s26-team-pointbot/install/btcpp_ros2_interfaces/lib/python3.12/site-packages/btcpp_ros2_interfaces'...
[1.738s] Listing '/home/rob/project/csci5551-s26-team-pointbot/install/btcpp_ros2_interfaces/lib/python3.12/site-packages/btcpp_ros2_interfaces/action'...
[1.738s] Listing '/home/rob/project/csci5551-s26-team-pointbot/install/btcpp_ros2_interfaces/lib/python3.12/site-packages/btcpp_ros2_interfaces/msg'...
[1.738s] Listing '/home/rob/project/csci5551-s26-team-pointbot/install/btcpp_ros2_interfaces/lib/python3.12/site-packages/btcpp_ros2_interfaces/srv'...
[1.751s] -- Up-to-date: /home/rob/project/csci5551-s26-team-pointbot/install/btcpp_ros2_interfaces/lib/python3.12/site-packages/btcpp_ros2_interfaces/btcpp_ros2_interfaces_s__rosidl_typesupport_fastrtps_c.so
[1.751s] -- Up-to-date: /home/rob/project/csci5551-s26-team-pointbot/install/btcpp_ros2_interfaces/lib/python3.12/site-packages/btcpp_ros2_interfaces/btcpp_ros2_interfaces_s__rosidl_typesupport_introspection_c.so
[1.751s] -- Up-to-date: /home/rob/project/csci5551-s26-team-pointbot/install/btcpp_ros2_interfaces/lib/python3.12/site-packages/btcpp_ros2_interfaces/btcpp_ros2_interfaces_s__rosidl_typesupport_c.so
[1.751s] -- Up-to-date: /home/rob/project/csci5551-s26-team-pointbot/install/btcpp_ros2_interfaces/lib/libbtcpp_ros2_interfaces__rosidl_generator_py.so
[1.752s] -- Up-to-date: /home/rob/project/csci5551-s26-team-pointbot/install/btcpp_ros2_interfaces/share/ament_index/resource_index/rust_packages/btcpp_ros2_interfaces
[1.752s] -- Up-to-date: /home/rob/project/csci5551-s26-team-pointbot/install/btcpp_ros2_interfaces/share/btcpp_ros2_interfaces/rust
[1.752s] -- Up-to-date: /home/rob/project/csci5551-s26-team-pointbot/install/btcpp_ros2_interfaces/share/btcpp_ros2_interfaces/rust/Cargo.toml
[1.752s] -- Up-to-date: /home/rob/project/csci5551-s26-team-pointbot/install/btcpp_ros2_interfaces/share/btcpp_ros2_interfaces/rust/src
[1.752s] -- Up-to-date: /home/rob/project/csci5551-s26-team-pointbot/install/btcpp_ros2_interfaces/share/btcpp_ros2_interfaces/rust/src/lib.rs
[1.752s] -- Up-to-date: /home/rob/project/csci5551-s26-team-pointbot/install/btcpp_ros2_interfaces/share/btcpp_ros2_interfaces/rust/src/msg.rs
[1.752s] -- Up-to-date: /home/rob/project/csci5551-s26-team-pointbot/install/btcpp_ros2_interfaces/share/btcpp_ros2_interfaces/rust/src/srv.rs
[1.752s] -- Up-to-date: /home/rob/project/csci5551-s26-team-pointbot/install/btcpp_ros2_interfaces/share/btcpp_ros2_interfaces/rust/src/action
[1.753s] -- Up-to-date: /home/rob/project/csci5551-s26-team-pointbot/install/btcpp_ros2_interfaces/share/btcpp_ros2_interfaces/rust/src/action/rmw.rs
[1.753s] -- Up-to-date: /home/rob/project/csci5551-s26-team-pointbot/install/btcpp_ros2_interfaces/share/btcpp_ros2_interfaces/rust/src/action.rs
[1.753s] -- Up-to-date: /home/rob/project/csci5551-s26-team-pointbot/install/btcpp_ros2_interfaces/share/btcpp_ros2_interfaces/rust/src/msg
[1.753s] -- Up-to-date: /home/rob/project/csci5551-s26-team-pointbot/install/btcpp_ros2_interfaces/share/btcpp_ros2_interfaces/rust/src/msg/rmw.rs
[1.753s] -- Up-to-date: /home/rob/project/csci5551-s26-team-pointbot/install/btcpp_ros2_interfaces/share/btcpp_ros2_interfaces/rust/src/srv
[1.753s] -- Up-to-date: /home/rob/project/csci5551-s26-team-pointbot/install/btcpp_ros2_interfaces/share/btcpp_ros2_interfaces/rust/src/srv/rmw.rs
[1.754s] -- Up-to-date: /home/rob/project/csci5551-s26-team-pointbot/install/btcpp_ros2_interfaces/share/btcpp_ros2_interfaces/rust/build.rs
[1.754s] -- Up-to-date: /home/rob/project/csci5551-s26-team-pointbot/install/btcpp_ros2_interfaces/share/btcpp_ros2_interfaces/msg/NodeStatus.idl
[1.755s] -- Up-to-date: /home/rob/project/csci5551-s26-team-pointbot/install/btcpp_ros2_interfaces/share/btcpp_ros2_interfaces/srv/GetTrees.idl
[1.756s] -- Up-to-date: /home/rob/project/csci5551-s26-team-pointbot/install/btcpp_ros2_interfaces/share/btcpp_ros2_interfaces/action/ExecuteTree.idl
[1.759s] -- Up-to-date: /home/rob/project/csci5551-s26-team-pointbot/install/btcpp_ros2_interfaces/share/btcpp_ros2_interfaces/action/Sleep.idl
[1.759s] -- Up-to-date: /home/rob/project/csci5551-s26-team-pointbot/install/btcpp_ros2_interfaces/share/btcpp_ros2_interfaces/msg/NodeStatus.msg
[1.760s] -- Up-to-date: /home/rob/project/csci5551-s26-team-pointbot/install/btcpp_ros2_interfaces/share/btcpp_ros2_interfaces/srv/GetTrees.srv
[1.760s] -- Up-to-date: /home/rob/project/csci5551-s26-team-pointbot/install/btcpp_ros2_interfaces/share/btcpp_ros2_interfaces/action/ExecuteTree.action
[1.760s] -- Up-to-date: /home/rob/project/csci5551-s26-team-pointbot/install/btcpp_ros2_interfaces/share/btcpp_ros2_interfaces/action/Sleep.action
[1.760s] -- Up-to-date: /home/rob/project/csci5551-s26-team-pointbot/install/btcpp_ros2_interfaces/share/ament_index/resource_index/package_run_dependencies/btcpp_ros2_interfaces
[1.760s] -- Up-to-date: /home/rob/project/csci5551-s26-team-pointbot/install/btcpp_ros2_interfaces/share/ament_index/resource_index/parent_prefix_path/btcpp_ros2_interfaces
[1.760s] -- Up-to-date: /home/rob/project/csci5551-s26-team-pointbot/install/btcpp_ros2_interfaces/share/btcpp_ros2_interfaces/environment/ament_prefix_path.sh
[1.760s] -- Up-to-date: /home/rob/project/csci5551-s26-team-pointbot/install/btcpp_ros2_interfaces/share/btcpp_ros2_interfaces/environment/ament_prefix_path.dsv
[1.760s] -- Up-to-date: /home/rob/project/csci5551-s26-team-pointbot/install/btcpp_ros2_interfaces/share/btcpp_ros2_interfaces/environment/path.sh
[1.760s] -- Up-to-date: /home/rob/project/csci5551-s26-team-pointbot/install/btcpp_ros2_interfaces/share/btcpp_ros2_interfaces/environment/path.dsv
[1.760s] -- Up-to-date: /home/rob/project/csci5551-s26-team-pointbot/install/btcpp_ros2_interfaces/share/btcpp_ros2_interfaces/local_setup.bash
[1.760s] -- Up-to-date: /home/rob/project/csci5551-s26-team-pointbot/install/btcpp_ros2_interfaces/share/btcpp_ros2_interfaces/local_setup.sh
[1.760s] -- Up-to-date: /home/rob/project/csci5551-s26-team-pointbot/install/btcpp_ros2_interfaces/share/btcpp_ros2_interfaces/local_setup.zsh
[1.760s] -- Up-to-date: /home/rob/project/csci5551-s26-team-pointbot/install/btcpp_ros2_interfaces/share/btcpp_ros2_interfaces/local_setup.dsv
[1.760s] -- Installing: /home/rob/project/csci5551-s26-team-pointbot/install/btcpp_ros2_interfaces/share/btcpp_ros2_interfaces/package.dsv
[1.760s] -- Up-to-date: /home/rob/project/csci5551-s26-team-pointbot/install/btcpp_ros2_interfaces/share/ament_index/resource_index/packages/btcpp_ros2_interfaces
[1.760s] -- Up-to-date: /home/rob/project/csci5551-s26-team-pointbot/install/btcpp_ros2_interfaces/share/btcpp_ros2_interfaces/cmake/export_btcpp_ros2_interfaces__rosidl_generator_cExport.cmake
[1.760s] -- Up-to-date: /home/rob/project/csci5551-s26-team-pointbot/install/btcpp_ros2_interfaces/share/btcpp_ros2_interfaces/cmake/export_btcpp_ros2_interfaces__rosidl_generator_cExport-noconfig.cmake
[1.761s] -- Up-to-date: /home/rob/project/csci5551-s26-team-pointbot/install/btcpp_ros2_interfaces/share/btcpp_ros2_interfaces/cmake/export_btcpp_ros2_interfaces__rosidl_typesupport_fastrtps_cExport.cmake
[1.761s] -- Up-to-date: /home/rob/project/csci5551-s26-team-pointbot/install/btcpp_ros2_interfaces/share/btcpp_ros2_interfaces/cmake/export_btcpp_ros2_interfaces__rosidl_typesupport_fastrtps_cExport-noconfig.cmake
[1.761s] -- Up-to-date: /home/rob/project/csci5551-s26-team-pointbot/install/btcpp_ros2_interfaces/share/btcpp_ros2_interfaces/cmake/btcpp_ros2_interfaces__rosidl_typesupport_introspection_cExport.cmake
[1.761s] -- Up-to-date: /home/rob/project/csci5551-s26-team-pointbot/install/btcpp_ros2_interfaces/share/btcpp_ros2_interfaces/cmake/btcpp_ros2_interfaces__rosidl_typesupport_introspection_cExport-noconfig.cmake
[1.761s] -- Up-to-date: /home/rob/project/csci5551-s26-team-pointbot/install/btcpp_ros2_interfaces/share/btcpp_ros2_interfaces/cmake/btcpp_ros2_interfaces__rosidl_typesupport_cExport.cmake
[1.761s] -- Up-to-date: /home/rob/project/csci5551-s26-team-pointbot/install/btcpp_ros2_interfaces/share/btcpp_ros2_interfaces/cmake/btcpp_ros2_interfaces__rosidl_typesupport_cExport-noconfig.cmake
[1.761s] -- Up-to-date: /home/rob/project/csci5551-s26-team-pointbot/install/btcpp_ros2_interfaces/share/btcpp_ros2_interfaces/cmake/export_btcpp_ros2_interfaces__rosidl_generator_cppExport.cmake
[1.761s] -- Up-to-date: /home/rob/project/csci5551-s26-team-pointbot/install/btcpp_ros2_interfaces/share/btcpp_ros2_interfaces/cmake/export_btcpp_ros2_interfaces__rosidl_typesupport_fastrtps_cppExport.cmake
[1.761s] -- Up-to-date: /home/rob/project/csci5551-s26-team-pointbot/install/btcpp_ros2_interfaces/share/btcpp_ros2_interfaces/cmake/export_btcpp_ros2_interfaces__rosidl_typesupport_fastrtps_cppExport-noconfig.cmake
[1.761s] -- Up-to-date: /home/rob/project/csci5551-s26-team-pointbot/install/btcpp_ros2_interfaces/share/btcpp_ros2_interfaces/cmake/btcpp_ros2_interfaces__rosidl_typesupport_introspection_cppExport.cmake
[1.761s] -- Up-to-date: /home/rob/project/csci5551-s26-team-pointbot/install/btcpp_ros2_interfaces/share/btcpp_ros2_interfaces/cmake/btcpp_ros2_interfaces__rosidl_typesupport_introspection_cppExport-noconfig.cmake
[1.761s] -- Up-to-date: /home/rob/project/csci5551-s26-team-pointbot/install/btcpp_ros2_interfaces/share/btcpp_ros2_interfaces/cmake/btcpp_ros2_interfaces__rosidl_typesupport_cppExport.cmake
[1.761s] -- Up-to-date: /home/rob/project/csci5551-s26-team-pointbot/install/btcpp_ros2_interfaces/share/btcpp_ros2_interfaces/cmake/btcpp_ros2_interfaces__rosidl_typesupport_cppExport-noconfig.cmake
[1.761s] -- Up-to-date: /home/rob/project/csci5551-s26-team-pointbot/install/btcpp_ros2_interfaces/share/btcpp_ros2_interfaces/cmake/export_btcpp_ros2_interfaces__rosidl_generator_pyExport.cmake
[1.761s] -- Up-to-date: /home/rob/project/csci5551-s26-team-pointbot/install/btcpp_ros2_interfaces/share/btcpp_ros2_interfaces/cmake/export_btcpp_ros2_interfaces__rosidl_generator_pyExport-noconfig.cmake
[1.761s] -- Up-to-date: /home/rob/project/csci5551-s26-team-pointbot/install/btcpp_ros2_interfaces/share/btcpp_ros2_interfaces/cmake/rosidl_cmake-extras.cmake
[1.761s] -- Up-to-date: /home/rob/project/csci5551-s26-team-pointbot/install/btcpp_ros2_interfaces/share/btcpp_ros2_interfaces/cmake/ament_cmake_export_dependencies-extras.cmake
[1.761s] -- Up-to-date: /home/rob/project/csci5551-s26-team-pointbot/install/btcpp_ros2_interfaces/share/btcpp_ros2_interfaces/cmake/ament_cmake_export_include_directories-extras.cmake
[1.761s] -- Up-to-date: /home/rob/project/csci5551-s26-team-pointbot/install/btcpp_ros2_interfaces/share/btcpp_ros2_interfaces/cmake/ament_cmake_export_libraries-extras.cmake
[1.762s] -- Up-to-date: /home/rob/project/csci5551-s26-team-pointbot/install/btcpp_ros2_interfaces/share/btcpp_ros2_interfaces/cmake/ament_cmake_export_targets-extras.cmake
[1.762s] -- Up-to-date: /home/rob/project/csci5551-s26-team-pointbot/install/btcpp_ros2_interfaces/share/btcpp_ros2_interfaces/cmake/rosidl_cmake_export_typesupport_targets-extras.cmake
[1.762s] -- Up-to-date: /home/rob/project/csci5551-s26-team-pointbot/install/btcpp_ros2_interfaces/share/btcpp_ros2_interfaces/cmake/rosidl_cmake_export_typesupport_libraries-extras.cmake
[1.762s] -- Up-to-date: /home/rob/project/csci5551-s26-team-pointbot/install/btcpp_ros2_interfaces/share/btcpp_ros2_interfaces/cmake/btcpp_ros2_interfacesConfig.cmake
[1.762s] -- Up-to-date: /home/rob/project/csci5551-s26-team-pointbot/install/btcpp_ros2_interfaces/share/btcpp_ros2_interfaces/cmake/btcpp_ros2_interfacesConfig-version.cmake
[1.762s] -- Up-to-date: /home/rob/project/csci5551-s26-team-pointbot/install/btcpp_ros2_interfaces/share/btcpp_ros2_interfaces/package.xml
[1.762s] Invoked command in '/home/rob/project/csci5551-s26-team-pointbot/build/btcpp_ros2_interfaces' returned '0': CMAKE_PREFIX_PATH=${CMAKE_PREFIX_PATH}:/home/rob/project/csci5551-s26-team-pointbot/install/planning:/home/rob/project/csci5551-s26-team-pointbot/install/perception:/home/rob/project/csci5551-s26-team-pointbot/install/pointbot_rviz:/home/rob/project/csci5551-s26-team-pointbot/install/uf_ros_lib:/opt/ros/jazzy DEBUGINFOD_URLS=https://debuginfod.ubuntu.com /usr/bin/cmake --install /home/rob/project/csci5551-s26-team-pointbot/build/btcpp_ros2_interfaces
