[0.016s] Invoking command in '/home/rob/project/csci5551-s26-team-pointbot/build/zed_wrapper': CMAKE_PREFIX_PATH=${CMAKE_PREFIX_PATH}:/opt/ros/jazzy CONDA_PROMPT_MODIFIER=(base) DEBUGINFOD_URLS=https://debuginfod.ubuntu.com LD_LIBRARY_PATH=/home/rob/project/csci5551-s26-team-pointbot/install/lib:/opt/ros/jazzy/opt/sdformat_vendor/lib:/opt/ros/jazzy/opt/rviz_ogre_vendor/lib:/opt/ros/jazzy/lib/x86_64-linux-gnu:/opt/ros/jazzy/opt/gz_math_vendor/lib:/opt/ros/jazzy/opt/gz_utils_vendor/lib:/opt/ros/jazzy/opt/gz_tools_vendor/lib:/opt/ros/jazzy/opt/gz_cmake_vendor/lib:/opt/ros/jazzy/lib:/usr/local/cuda-12.8/lib64’ PYTHONPATH=/home/rob/project/csci5551-s26-team-pointbot/install/lib/python3.12/site-packages:/home/rob/project/csci5551-s26-team-pointbot/install/lib/python3.13/site-packages:/opt/ros/jazzy/lib/python3.12/site-packages:/home/rob/robotics5551:/home/rob/robotics5551 /usr/bin/cmake /home/rob/project/csci5551-s26-team-pointbot/src/zed-ros2-wrapper/zed_wrapper -DCMAKE_INSTALL_PREFIX=/home/rob/project/csci5551-s26-team-pointbot/install
[0.102s] -- The C compiler identification is GNU 13.3.0
[0.175s] -- The CXX compiler identification is GNU 13.3.0
[0.205s] -- Detecting C compiler ABI info
[0.371s] -- Detecting C compiler ABI info - done
[0.384s] -- Check for working C compiler: /usr/bin/cc - skipped
[0.384s] -- Detecting C compile features
[0.385s] -- Detecting C compile features - done
[0.401s] -- Detecting CXX compiler ABI info
[0.567s] -- Detecting CXX compiler ABI info - done
[0.586s] -- Check for working CXX compiler: /usr/bin/c++ - skipped
[0.586s] -- Detecting CXX compile features
[0.588s] -- Detecting CXX compile features - done
[0.592s] -- Found ament_cmake_auto: 2.5.5 (/opt/ros/jazzy/share/ament_cmake_auto/cmake)
[0.744s] -- Found Python3: /home/rob/miniforge3/bin/python3 (found version "3.13.12") found components: Interpreter 
[0.958s] -- Configuring done (0.9s)
[0.961s] -- Generating done (0.0s)
[0.963s] -- Build files have been written to: /home/rob/project/csci5551-s26-team-pointbot/build/zed_wrapper
[0.971s] Invoked command in '/home/rob/project/csci5551-s26-team-pointbot/build/zed_wrapper' returned '0': CMAKE_PREFIX_PATH=${CMAKE_PREFIX_PATH}:/opt/ros/jazzy CONDA_PROMPT_MODIFIER=(base) DEBUGINFOD_URLS=https://debuginfod.ubuntu.com LD_LIBRARY_PATH=/home/rob/project/csci5551-s26-team-pointbot/install/lib:/opt/ros/jazzy/opt/sdformat_vendor/lib:/opt/ros/jazzy/opt/rviz_ogre_vendor/lib:/opt/ros/jazzy/lib/x86_64-linux-gnu:/opt/ros/jazzy/opt/gz_math_vendor/lib:/opt/ros/jazzy/opt/gz_utils_vendor/lib:/opt/ros/jazzy/opt/gz_tools_vendor/lib:/opt/ros/jazzy/opt/gz_cmake_vendor/lib:/opt/ros/jazzy/lib:/usr/local/cuda-12.8/lib64’ PYTHONPATH=/home/rob/project/csci5551-s26-team-pointbot/install/lib/python3.12/site-packages:/home/rob/project/csci5551-s26-team-pointbot/install/lib/python3.13/site-packages:/opt/ros/jazzy/lib/python3.12/site-packages:/home/rob/robotics5551:/home/rob/robotics5551 /usr/bin/cmake /home/rob/project/csci5551-s26-team-pointbot/src/zed-ros2-wrapper/zed_wrapper -DCMAKE_INSTALL_PREFIX=/home/rob/project/csci5551-s26-team-pointbot/install
[0.973s] Invoking command in '/home/rob/project/csci5551-s26-team-pointbot/build/zed_wrapper': CMAKE_PREFIX_PATH=${CMAKE_PREFIX_PATH}:/opt/ros/jazzy CONDA_PROMPT_MODIFIER=(base) DEBUGINFOD_URLS=https://debuginfod.ubuntu.com LD_LIBRARY_PATH=/home/rob/project/csci5551-s26-team-pointbot/install/lib:/opt/ros/jazzy/opt/sdformat_vendor/lib:/opt/ros/jazzy/opt/rviz_ogre_vendor/lib:/opt/ros/jazzy/lib/x86_64-linux-gnu:/opt/ros/jazzy/opt/gz_math_vendor/lib:/opt/ros/jazzy/opt/gz_utils_vendor/lib:/opt/ros/jazzy/opt/gz_tools_vendor/lib:/opt/ros/jazzy/opt/gz_cmake_vendor/lib:/opt/ros/jazzy/lib:/usr/local/cuda-12.8/lib64’ PYTHONPATH=/home/rob/project/csci5551-s26-team-pointbot/install/lib/python3.12/site-packages:/home/rob/project/csci5551-s26-team-pointbot/install/lib/python3.13/site-packages:/opt/ros/jazzy/lib/python3.12/site-packages:/home/rob/robotics5551:/home/rob/robotics5551 /usr/bin/cmake --build /home/rob/project/csci5551-s26-team-pointbot/build/zed_wrapper -- -j16 -l16
[1.034s] Invoked command in '/home/rob/project/csci5551-s26-team-pointbot/build/zed_wrapper' returned '0': CMAKE_PREFIX_PATH=${CMAKE_PREFIX_PATH}:/opt/ros/jazzy CONDA_PROMPT_MODIFIER=(base) DEBUGINFOD_URLS=https://debuginfod.ubuntu.com LD_LIBRARY_PATH=/home/rob/project/csci5551-s26-team-pointbot/install/lib:/opt/ros/jazzy/opt/sdformat_vendor/lib:/opt/ros/jazzy/opt/rviz_ogre_vendor/lib:/opt/ros/jazzy/lib/x86_64-linux-gnu:/opt/ros/jazzy/opt/gz_math_vendor/lib:/opt/ros/jazzy/opt/gz_utils_vendor/lib:/opt/ros/jazzy/opt/gz_tools_vendor/lib:/opt/ros/jazzy/opt/gz_cmake_vendor/lib:/opt/ros/jazzy/lib:/usr/local/cuda-12.8/lib64’ PYTHONPATH=/home/rob/project/csci5551-s26-team-pointbot/install/lib/python3.12/site-packages:/home/rob/project/csci5551-s26-team-pointbot/install/lib/python3.13/site-packages:/opt/ros/jazzy/lib/python3.12/site-packages:/home/rob/robotics5551:/home/rob/robotics5551 /usr/bin/cmake --build /home/rob/project/csci5551-s26-team-pointbot/build/zed_wrapper -- -j16 -l16
[1.036s] Invoking command in '/home/rob/project/csci5551-s26-team-pointbot/build/zed_wrapper': CMAKE_PREFIX_PATH=${CMAKE_PREFIX_PATH}:/opt/ros/jazzy CONDA_PROMPT_MODIFIER=(base) DEBUGINFOD_URLS=https://debuginfod.ubuntu.com LD_LIBRARY_PATH=/home/rob/project/csci5551-s26-team-pointbot/install/lib:/opt/ros/jazzy/opt/sdformat_vendor/lib:/opt/ros/jazzy/opt/rviz_ogre_vendor/lib:/opt/ros/jazzy/lib/x86_64-linux-gnu:/opt/ros/jazzy/opt/gz_math_vendor/lib:/opt/ros/jazzy/opt/gz_utils_vendor/lib:/opt/ros/jazzy/opt/gz_tools_vendor/lib:/opt/ros/jazzy/opt/gz_cmake_vendor/lib:/opt/ros/jazzy/lib:/usr/local/cuda-12.8/lib64’ PYTHONPATH=/home/rob/project/csci5551-s26-team-pointbot/install/lib/python3.12/site-packages:/home/rob/project/csci5551-s26-team-pointbot/install/lib/python3.13/site-packages:/opt/ros/jazzy/lib/python3.12/site-packages:/home/rob/robotics5551:/home/rob/robotics5551 /usr/bin/cmake --install /home/rob/project/csci5551-s26-team-pointbot/build/zed_wrapper
[1.053s] -- Install configuration: ""
[1.053s] -- Installing: /home/rob/project/csci5551-s26-team-pointbot/install/share/zed_wrapper/config
[1.053s] -- Installing: /home/rob/project/csci5551-s26-team-pointbot/install/share/zed_wrapper/config/zedm.yaml
[1.053s] -- Installing: /home/rob/project/csci5551-s26-team-pointbot/install/share/zed_wrapper/config/virtual.yaml
[1.053s] -- Installing: /home/rob/project/csci5551-s26-team-pointbot/install/share/zed_wrapper/config/custom_object_detection.yaml
[1.053s] -- Installing: /home/rob/project/csci5551-s26-team-pointbot/install/share/zed_wrapper/config/common_mono.yaml
[1.053s] -- Installing: /home/rob/project/csci5551-s26-team-pointbot/install/share/zed_wrapper/config/zed2.yaml
[1.054s] -- Installing: /home/rob/project/csci5551-s26-team-pointbot/install/share/zed_wrapper/config/zed2i.yaml
[1.054s] -- Installing: /home/rob/project/csci5551-s26-team-pointbot/install/share/zed_wrapper/config/zedxone4k.yaml
[1.054s] -- Installing: /home/rob/project/csci5551-s26-team-pointbot/install/share/zed_wrapper/config/zedxm.yaml
[1.054s] -- Installing: /home/rob/project/csci5551-s26-team-pointbot/install/share/zed_wrapper/config/zedxonehdr.yaml
[1.054s] -- Installing: /home/rob/project/csci5551-s26-team-pointbot/install/share/zed_wrapper/config/zedxhdrmax.yaml
[1.055s] -- Installing: /home/rob/project/csci5551-s26-team-pointbot/install/share/zed_wrapper/config/zedxonegs.yaml
[1.055s] -- Installing: /home/rob/project/csci5551-s26-team-pointbot/install/share/zed_wrapper/config/zed.yaml
[1.055s] -- Installing: /home/rob/project/csci5551-s26-team-pointbot/install/share/zed_wrapper/config/zedx.yaml
[1.055s] -- Installing: /home/rob/project/csci5551-s26-team-pointbot/install/share/zed_wrapper/config/zedxhdrmini.yaml
[1.055s] -- Installing: /home/rob/project/csci5551-s26-team-pointbot/install/share/zed_wrapper/config/zedxhdr.yaml
[1.055s] -- Installing: /home/rob/project/csci5551-s26-team-pointbot/install/share/zed_wrapper/config/common_stereo.yaml
[1.055s] -- Installing: /home/rob/project/csci5551-s26-team-pointbot/install/share/zed_wrapper/config/object_detection.yaml
[1.056s] -- Installing: /home/rob/project/csci5551-s26-team-pointbot/install/share/zed_wrapper/urdf
[1.056s] -- Installing: /home/rob/project/csci5551-s26-team-pointbot/install/share/zed_wrapper/urdf/zed_descr.urdf.xacro
[1.056s] -- Installing: /home/rob/project/csci5551-s26-team-pointbot/install/share/zed_wrapper/urdf/zed_macro.urdf.xacro
[1.056s] -- Installing: /home/rob/project/csci5551-s26-team-pointbot/install/share/zed_wrapper/launch
[1.056s] -- Installing: /home/rob/project/csci5551-s26-team-pointbot/install/share/zed_wrapper/launch/zed_camera.launch.py
[1.056s] -- Installing: /home/rob/project/csci5551-s26-team-pointbot/install/share/ament_index/resource_index/package_run_dependencies/zed_wrapper
[1.056s] -- Installing: /home/rob/project/csci5551-s26-team-pointbot/install/share/ament_index/resource_index/parent_prefix_path/zed_wrapper
[1.057s] -- Installing: /home/rob/project/csci5551-s26-team-pointbot/install/share/zed_wrapper/environment/ament_prefix_path.sh
[1.057s] -- Installing: /home/rob/project/csci5551-s26-team-pointbot/install/share/zed_wrapper/environment/ament_prefix_path.dsv
[1.057s] -- Installing: /home/rob/project/csci5551-s26-team-pointbot/install/share/zed_wrapper/environment/path.sh
[1.057s] -- Installing: /home/rob/project/csci5551-s26-team-pointbot/install/share/zed_wrapper/environment/path.dsv
[1.057s] -- Installing: /home/rob/project/csci5551-s26-team-pointbot/install/share/zed_wrapper/local_setup.bash
[1.057s] -- Installing: /home/rob/project/csci5551-s26-team-pointbot/install/share/zed_wrapper/local_setup.sh
[1.058s] -- Installing: /home/rob/project/csci5551-s26-team-pointbot/install/share/zed_wrapper/local_setup.zsh
[1.058s] -- Installing: /home/rob/project/csci5551-s26-team-pointbot/install/share/zed_wrapper/local_setup.dsv
[1.058s] -- Installing: /home/rob/project/csci5551-s26-team-pointbot/install/share/zed_wrapper/package.dsv
[1.058s] -- Installing: /home/rob/project/csci5551-s26-team-pointbot/install/share/ament_index/resource_index/packages/zed_wrapper
[1.058s] -- Installing: /home/rob/project/csci5551-s26-team-pointbot/install/share/zed_wrapper/cmake/zed_wrapperConfig.cmake
[1.059s] -- Installing: /home/rob/project/csci5551-s26-team-pointbot/install/share/zed_wrapper/cmake/zed_wrapperConfig-version.cmake
[1.059s] -- Installing: /home/rob/project/csci5551-s26-team-pointbot/install/share/zed_wrapper/package.xml
[1.063s] Invoked command in '/home/rob/project/csci5551-s26-team-pointbot/build/zed_wrapper' returned '0': CMAKE_PREFIX_PATH=${CMAKE_PREFIX_PATH}:/opt/ros/jazzy CONDA_PROMPT_MODIFIER=(base) DEBUGINFOD_URLS=https://debuginfod.ubuntu.com LD_LIBRARY_PATH=/home/rob/project/csci5551-s26-team-pointbot/install/lib:/opt/ros/jazzy/opt/sdformat_vendor/lib:/opt/ros/jazzy/opt/rviz_ogre_vendor/lib:/opt/ros/jazzy/lib/x86_64-linux-gnu:/opt/ros/jazzy/opt/gz_math_vendor/lib:/opt/ros/jazzy/opt/gz_utils_vendor/lib:/opt/ros/jazzy/opt/gz_tools_vendor/lib:/opt/ros/jazzy/opt/gz_cmake_vendor/lib:/opt/ros/jazzy/lib:/usr/local/cuda-12.8/lib64’ PYTHONPATH=/home/rob/project/csci5551-s26-team-pointbot/install/lib/python3.12/site-packages:/home/rob/project/csci5551-s26-team-pointbot/install/lib/python3.13/site-packages:/opt/ros/jazzy/lib/python3.12/site-packages:/home/rob/robotics5551:/home/rob/robotics5551 /usr/bin/cmake --install /home/rob/project/csci5551-s26-team-pointbot/build/zed_wrapper
