[0.032s] Invoking command in '/home/rob/project/csci5551-s26-team-pointbot/build/xarm_moveit_servo': CMAKE_PREFIX_PATH=${CMAKE_PREFIX_PATH}:/opt/ros/jazzy CONDA_PROMPT_MODIFIER=(base) DEBUGINFOD_URLS=https://debuginfod.ubuntu.com LD_LIBRARY_PATH=/home/rob/project/csci5551-s26-team-pointbot/install/lib:/opt/ros/jazzy/opt/sdformat_vendor/lib:/opt/ros/jazzy/opt/rviz_ogre_vendor/lib:/opt/ros/jazzy/lib/x86_64-linux-gnu:/opt/ros/jazzy/opt/gz_math_vendor/lib:/opt/ros/jazzy/opt/gz_utils_vendor/lib:/opt/ros/jazzy/opt/gz_tools_vendor/lib:/opt/ros/jazzy/opt/gz_cmake_vendor/lib:/opt/ros/jazzy/lib:/usr/local/cuda-12.8/lib64’ PYTHONPATH=/home/rob/project/csci5551-s26-team-pointbot/install/lib/python3.12/site-packages:/home/rob/project/csci5551-s26-team-pointbot/install/lib/python3.13/site-packages:/opt/ros/jazzy/lib/python3.12/site-packages:/home/rob/robotics5551:/home/rob/robotics5551 /usr/bin/cmake --build /home/rob/project/csci5551-s26-team-pointbot/build/xarm_moveit_servo -- -j16 -l16
[0.122s] [ 33%] Built target xarm_joystick_input_node
[0.123s] [ 66%] Built target xarm_keyboard_input
[0.126s] [100%] Built target xarm_joystick_input
[0.135s] Invoked command in '/home/rob/project/csci5551-s26-team-pointbot/build/xarm_moveit_servo' returned '0': CMAKE_PREFIX_PATH=${CMAKE_PREFIX_PATH}:/opt/ros/jazzy CONDA_PROMPT_MODIFIER=(base) DEBUGINFOD_URLS=https://debuginfod.ubuntu.com LD_LIBRARY_PATH=/home/rob/project/csci5551-s26-team-pointbot/install/lib:/opt/ros/jazzy/opt/sdformat_vendor/lib:/opt/ros/jazzy/opt/rviz_ogre_vendor/lib:/opt/ros/jazzy/lib/x86_64-linux-gnu:/opt/ros/jazzy/opt/gz_math_vendor/lib:/opt/ros/jazzy/opt/gz_utils_vendor/lib:/opt/ros/jazzy/opt/gz_tools_vendor/lib:/opt/ros/jazzy/opt/gz_cmake_vendor/lib:/opt/ros/jazzy/lib:/usr/local/cuda-12.8/lib64’ PYTHONPATH=/home/rob/project/csci5551-s26-team-pointbot/install/lib/python3.12/site-packages:/home/rob/project/csci5551-s26-team-pointbot/install/lib/python3.13/site-packages:/opt/ros/jazzy/lib/python3.12/site-packages:/home/rob/robotics5551:/home/rob/robotics5551 /usr/bin/cmake --build /home/rob/project/csci5551-s26-team-pointbot/build/xarm_moveit_servo -- -j16 -l16
[0.137s] Invoking command in '/home/rob/project/csci5551-s26-team-pointbot/build/xarm_moveit_servo': CMAKE_PREFIX_PATH=${CMAKE_PREFIX_PATH}:/opt/ros/jazzy CONDA_PROMPT_MODIFIER=(base) DEBUGINFOD_URLS=https://debuginfod.ubuntu.com LD_LIBRARY_PATH=/home/rob/project/csci5551-s26-team-pointbot/install/lib:/opt/ros/jazzy/opt/sdformat_vendor/lib:/opt/ros/jazzy/opt/rviz_ogre_vendor/lib:/opt/ros/jazzy/lib/x86_64-linux-gnu:/opt/ros/jazzy/opt/gz_math_vendor/lib:/opt/ros/jazzy/opt/gz_utils_vendor/lib:/opt/ros/jazzy/opt/gz_tools_vendor/lib:/opt/ros/jazzy/opt/gz_cmake_vendor/lib:/opt/ros/jazzy/lib:/usr/local/cuda-12.8/lib64’ PYTHONPATH=/home/rob/project/csci5551-s26-team-pointbot/install/lib/python3.12/site-packages:/home/rob/project/csci5551-s26-team-pointbot/install/lib/python3.13/site-packages:/opt/ros/jazzy/lib/python3.12/site-packages:/home/rob/robotics5551:/home/rob/robotics5551 /usr/bin/cmake --install /home/rob/project/csci5551-s26-team-pointbot/build/xarm_moveit_servo
[0.144s] -- Install configuration: ""
[0.144s] -- Up-to-date: /home/rob/project/csci5551-s26-team-pointbot/install/lib/xarm_moveit_servo/xarm_joystick_input_node
[0.144s] -- Up-to-date: /home/rob/project/csci5551-s26-team-pointbot/install/lib/libxarm_joystick_input.so
[0.144s] -- Up-to-date: /home/rob/project/csci5551-s26-team-pointbot/install/lib/xarm_moveit_servo/xarm_joystick_input_node
[0.144s] -- Up-to-date: /home/rob/project/csci5551-s26-team-pointbot/install/lib/xarm_moveit_servo/xarm_keyboard_input
[0.144s] -- Up-to-date: /home/rob/project/csci5551-s26-team-pointbot/install/share/xarm_moveit_servo//config
[0.144s] -- Up-to-date: /home/rob/project/csci5551-s26-team-pointbot/install/share/xarm_moveit_servo//config/xarm_moveit_servo_config.yaml
[0.145s] -- Up-to-date: /home/rob/project/csci5551-s26-team-pointbot/install/share/xarm_moveit_servo//launch
[0.145s] -- Up-to-date: /home/rob/project/csci5551-s26-team-pointbot/install/share/xarm_moveit_servo//launch/lite6_moveit_servo_fake.launch.py
[0.145s] -- Up-to-date: /home/rob/project/csci5551-s26-team-pointbot/install/share/xarm_moveit_servo//launch/xarm_moveit_servo_fake.launch.py
[0.145s] -- Up-to-date: /home/rob/project/csci5551-s26-team-pointbot/install/share/xarm_moveit_servo//launch/uf850_moveit_servo_fake.launch.py
[0.145s] -- Up-to-date: /home/rob/project/csci5551-s26-team-pointbot/install/share/xarm_moveit_servo//launch/lite6_moveit_servo_realmove.launch.py
[0.145s] -- Up-to-date: /home/rob/project/csci5551-s26-team-pointbot/install/share/xarm_moveit_servo//launch/xarm_moveit_servo_realmove.launch.py
[0.145s] -- Up-to-date: /home/rob/project/csci5551-s26-team-pointbot/install/share/xarm_moveit_servo//launch/uf850_moveit_servo_realmove.launch.py
[0.145s] -- Up-to-date: /home/rob/project/csci5551-s26-team-pointbot/install/share/xarm_moveit_servo//launch/_robot_moveit_servo.launch.py
[0.145s] -- Up-to-date: /home/rob/project/csci5551-s26-team-pointbot/install/share/xarm_moveit_servo//launch/_robot_moveit_servo_realmove.launch.py
[0.145s] -- Up-to-date: /home/rob/project/csci5551-s26-team-pointbot/install/share/xarm_moveit_servo//launch/_robot_moveit_servo_fake.launch.py
[0.145s] -- Up-to-date: /home/rob/project/csci5551-s26-team-pointbot/install/share/xarm_moveit_servo//rviz
[0.145s] -- Up-to-date: /home/rob/project/csci5551-s26-team-pointbot/install/share/xarm_moveit_servo//rviz/servo.rviz
[0.145s] -- Up-to-date: /home/rob/project/csci5551-s26-team-pointbot/install/share/ament_index/resource_index/package_run_dependencies/xarm_moveit_servo
[0.145s] -- Up-to-date: /home/rob/project/csci5551-s26-team-pointbot/install/share/ament_index/resource_index/parent_prefix_path/xarm_moveit_servo
[0.145s] -- Up-to-date: /home/rob/project/csci5551-s26-team-pointbot/install/share/xarm_moveit_servo/environment/ament_prefix_path.sh
[0.145s] -- Up-to-date: /home/rob/project/csci5551-s26-team-pointbot/install/share/xarm_moveit_servo/environment/ament_prefix_path.dsv
[0.145s] -- Up-to-date: /home/rob/project/csci5551-s26-team-pointbot/install/share/xarm_moveit_servo/environment/path.sh
[0.146s] -- Up-to-date: /home/rob/project/csci5551-s26-team-pointbot/install/share/xarm_moveit_servo/environment/path.dsv
[0.146s] -- Up-to-date: /home/rob/project/csci5551-s26-team-pointbot/install/share/xarm_moveit_servo/local_setup.bash
[0.146s] -- Up-to-date: /home/rob/project/csci5551-s26-team-pointbot/install/share/xarm_moveit_servo/local_setup.sh
[0.146s] -- Up-to-date: /home/rob/project/csci5551-s26-team-pointbot/install/share/xarm_moveit_servo/local_setup.zsh
[0.146s] -- Up-to-date: /home/rob/project/csci5551-s26-team-pointbot/install/share/xarm_moveit_servo/local_setup.dsv
[0.146s] -- Installing: /home/rob/project/csci5551-s26-team-pointbot/install/share/xarm_moveit_servo/package.dsv
[0.146s] -- Up-to-date: /home/rob/project/csci5551-s26-team-pointbot/install/share/ament_index/resource_index/packages/xarm_moveit_servo
[0.146s] -- Up-to-date: /home/rob/project/csci5551-s26-team-pointbot/install/share/ament_index/resource_index/rclcpp_components/xarm_moveit_servo
[0.146s] -- Up-to-date: /home/rob/project/csci5551-s26-team-pointbot/install/share/xarm_moveit_servo/cmake/xarm_moveit_servoConfig.cmake
[0.146s] -- Up-to-date: /home/rob/project/csci5551-s26-team-pointbot/install/share/xarm_moveit_servo/cmake/xarm_moveit_servoConfig-version.cmake
[0.146s] -- Up-to-date: /home/rob/project/csci5551-s26-team-pointbot/install/share/xarm_moveit_servo/package.xml
[0.147s] Invoked command in '/home/rob/project/csci5551-s26-team-pointbot/build/xarm_moveit_servo' returned '0': CMAKE_PREFIX_PATH=${CMAKE_PREFIX_PATH}:/opt/ros/jazzy CONDA_PROMPT_MODIFIER=(base) DEBUGINFOD_URLS=https://debuginfod.ubuntu.com LD_LIBRARY_PATH=/home/rob/project/csci5551-s26-team-pointbot/install/lib:/opt/ros/jazzy/opt/sdformat_vendor/lib:/opt/ros/jazzy/opt/rviz_ogre_vendor/lib:/opt/ros/jazzy/lib/x86_64-linux-gnu:/opt/ros/jazzy/opt/gz_math_vendor/lib:/opt/ros/jazzy/opt/gz_utils_vendor/lib:/opt/ros/jazzy/opt/gz_tools_vendor/lib:/opt/ros/jazzy/opt/gz_cmake_vendor/lib:/opt/ros/jazzy/lib:/usr/local/cuda-12.8/lib64’ PYTHONPATH=/home/rob/project/csci5551-s26-team-pointbot/install/lib/python3.12/site-packages:/home/rob/project/csci5551-s26-team-pointbot/install/lib/python3.13/site-packages:/opt/ros/jazzy/lib/python3.12/site-packages:/home/rob/robotics5551:/home/rob/robotics5551 /usr/bin/cmake --install /home/rob/project/csci5551-s26-team-pointbot/build/xarm_moveit_servo
